[2025-05-15T15:10:28.815+0000] {local_task_job_runner.py:123} INFO - ::group::Pre task execution logs
[2025-05-15T15:10:28.823+0000] {taskinstance.py:2614} INFO - Dependencies all met for dep_context=non-requeueable deps ti=<TaskInstance: celery.c manual__2025-05-15T15:10:12.065985+00:00 [queued]>
[2025-05-15T15:10:28.826+0000] {taskinstance.py:2614} INFO - Dependencies all met for dep_context=requeueable deps ti=<TaskInstance: celery.c manual__2025-05-15T15:10:12.065985+00:00 [queued]>
[2025-05-15T15:10:28.826+0000] {taskinstance.py:2867} INFO - Starting attempt 1 of 1
[2025-05-15T15:10:28.830+0000] {taskinstance.py:2890} INFO - Executing <Task(_PythonDecoratedOperator): c> on 2025-05-15 15:10:12.065985+00:00
[2025-05-15T15:10:28.832+0000] {warnings.py:112} WARNING - /home/***/.local/lib/python3.12/site-packages/***/task/task_runner/standard_task_runner.py:70: DeprecationWarning: This process (pid=65) is multi-threaded, use of fork() may lead to deadlocks in the child.
  pid = os.fork()

[2025-05-15T15:10:28.833+0000] {standard_task_runner.py:72} INFO - Started process 67 to run task
[2025-05-15T15:10:28.833+0000] {standard_task_runner.py:104} INFO - Running: ['***', 'tasks', 'run', 'celery', 'c', 'manual__2025-05-15T15:10:12.065985+00:00', '--job-id', '12', '--raw', '--subdir', 'DAGS_FOLDER/celery.py', '--cfg-path', '/tmp/tmpolevnj3t']
[2025-05-15T15:10:28.834+0000] {standard_task_runner.py:105} INFO - Job 12: Subtask c
[2025-05-15T15:10:28.851+0000] {task_command.py:467} INFO - Running <TaskInstance: celery.c manual__2025-05-15T15:10:12.065985+00:00 [running]> on host 44561e9292e1
[2025-05-15T15:10:28.882+0000] {taskinstance.py:3134} INFO - Exporting env vars: AIRFLOW_CTX_DAG_OWNER='***' AIRFLOW_CTX_DAG_ID='celery' AIRFLOW_CTX_TASK_ID='c' AIRFLOW_CTX_EXECUTION_DATE='2025-05-15T15:10:12.065985+00:00' AIRFLOW_CTX_TRY_NUMBER='1' AIRFLOW_CTX_DAG_RUN_ID='manual__2025-05-15T15:10:12.065985+00:00'
[2025-05-15T15:10:28.883+0000] {taskinstance.py:732} INFO - ::endgroup::
[2025-05-15T15:10:28.884+0000] {logging_mixin.py:190} INFO - C
[2025-05-15T15:10:43.886+0000] {python.py:240} INFO - Done. Returned value was: None
[2025-05-15T15:10:43.904+0000] {taskinstance.py:341} INFO - ::group::Post task execution logs
[2025-05-15T15:10:43.905+0000] {taskinstance.py:353} INFO - Marking task as SUCCESS. dag_id=celery, task_id=c, run_id=manual__2025-05-15T15:10:12.065985+00:00, execution_date=20250515T151012, start_date=20250515T151028, end_date=20250515T151043
[2025-05-15T15:10:43.927+0000] {local_task_job_runner.py:266} INFO - Task exited with return code 0
[2025-05-15T15:10:43.935+0000] {taskinstance.py:3901} INFO - 0 downstream tasks scheduled from follow-on schedule check
[2025-05-15T15:10:43.936+0000] {local_task_job_runner.py:245} INFO - ::endgroup::
