[2025-03-15T07:11:58.033+0000] {processor.py:186} INFO - Started process (PID=62) to work on /home/airflow/.local/lib/python3.12/site-packages/airflow/example_dags/example_bash_decorator.py
[2025-03-15T07:11:58.038+0000] {processor.py:914} INFO - Processing file /home/airflow/.local/lib/python3.12/site-packages/airflow/example_dags/example_bash_decorator.py for tasks to queue
[2025-03-15T07:11:58.042+0000] {logging_mixin.py:190} INFO - [2025-03-15T07:11:58.041+0000] {dagbag.py:588} INFO - Filling up the DagBag from /home/airflow/.local/lib/python3.12/site-packages/airflow/example_dags/example_bash_decorator.py
[2025-03-15T07:11:58.054+0000] {processor.py:925} INFO - DAG(s) 'example_bash_decorator' retrieved from /home/airflow/.local/lib/python3.12/site-packages/airflow/example_dags/example_bash_decorator.py
[2025-03-15T07:11:58.200+0000] {logging_mixin.py:190} INFO - [2025-03-15T07:11:58.200+0000] {dag.py:3239} INFO - Sync 1 DAGs
[2025-03-15T07:11:58.211+0000] {logging_mixin.py:190} INFO - [2025-03-15T07:11:58.211+0000] {dag.py:4180} INFO - Setting next_dagrun for example_bash_decorator to None, run_after=None
[2025-03-15T07:11:58.237+0000] {processor.py:208} INFO - Processing /home/airflow/.local/lib/python3.12/site-packages/airflow/example_dags/example_bash_decorator.py took 0.216 seconds
[2025-03-15T07:12:28.299+0000] {processor.py:186} INFO - Started process (PID=124) to work on /home/airflow/.local/lib/python3.12/site-packages/airflow/example_dags/example_bash_decorator.py
[2025-03-15T07:12:28.299+0000] {processor.py:914} INFO - Processing file /home/airflow/.local/lib/python3.12/site-packages/airflow/example_dags/example_bash_decorator.py for tasks to queue
[2025-03-15T07:12:28.300+0000] {logging_mixin.py:190} INFO - [2025-03-15T07:12:28.300+0000] {dagbag.py:588} INFO - Filling up the DagBag from /home/airflow/.local/lib/python3.12/site-packages/airflow/example_dags/example_bash_decorator.py
[2025-03-15T07:12:28.308+0000] {processor.py:925} INFO - DAG(s) 'example_bash_decorator' retrieved from /home/airflow/.local/lib/python3.12/site-packages/airflow/example_dags/example_bash_decorator.py
[2025-03-15T07:12:28.319+0000] {logging_mixin.py:190} INFO - [2025-03-15T07:12:28.319+0000] {dag.py:3239} INFO - Sync 1 DAGs
[2025-03-15T07:12:28.326+0000] {logging_mixin.py:190} INFO - [2025-03-15T07:12:28.325+0000] {dag.py:4180} INFO - Setting next_dagrun for example_bash_decorator to None, run_after=None
[2025-03-15T07:12:28.333+0000] {processor.py:208} INFO - Processing /home/airflow/.local/lib/python3.12/site-packages/airflow/example_dags/example_bash_decorator.py took 0.037 seconds
[2025-03-15T07:12:58.817+0000] {processor.py:186} INFO - Started process (PID=186) to work on /home/airflow/.local/lib/python3.12/site-packages/airflow/example_dags/example_bash_decorator.py
[2025-03-15T07:12:58.818+0000] {processor.py:914} INFO - Processing file /home/airflow/.local/lib/python3.12/site-packages/airflow/example_dags/example_bash_decorator.py for tasks to queue
[2025-03-15T07:12:58.820+0000] {logging_mixin.py:190} INFO - [2025-03-15T07:12:58.819+0000] {dagbag.py:588} INFO - Filling up the DagBag from /home/airflow/.local/lib/python3.12/site-packages/airflow/example_dags/example_bash_decorator.py
[2025-03-15T07:12:58.827+0000] {processor.py:925} INFO - DAG(s) 'example_bash_decorator' retrieved from /home/airflow/.local/lib/python3.12/site-packages/airflow/example_dags/example_bash_decorator.py
[2025-03-15T07:12:58.839+0000] {logging_mixin.py:190} INFO - [2025-03-15T07:12:58.839+0000] {dag.py:3239} INFO - Sync 1 DAGs
[2025-03-15T07:12:58.847+0000] {logging_mixin.py:190} INFO - [2025-03-15T07:12:58.846+0000] {dag.py:4180} INFO - Setting next_dagrun for example_bash_decorator to None, run_after=None
[2025-03-15T07:12:58.855+0000] {processor.py:208} INFO - Processing /home/airflow/.local/lib/python3.12/site-packages/airflow/example_dags/example_bash_decorator.py took 0.041 seconds
[2025-03-15T07:13:29.853+0000] {processor.py:186} INFO - Started process (PID=249) to work on /home/airflow/.local/lib/python3.12/site-packages/airflow/example_dags/example_bash_decorator.py
[2025-03-15T07:13:29.853+0000] {processor.py:914} INFO - Processing file /home/airflow/.local/lib/python3.12/site-packages/airflow/example_dags/example_bash_decorator.py for tasks to queue
[2025-03-15T07:13:29.855+0000] {logging_mixin.py:190} INFO - [2025-03-15T07:13:29.855+0000] {dagbag.py:588} INFO - Filling up the DagBag from /home/airflow/.local/lib/python3.12/site-packages/airflow/example_dags/example_bash_decorator.py
[2025-03-15T07:13:29.863+0000] {processor.py:925} INFO - DAG(s) 'example_bash_decorator' retrieved from /home/airflow/.local/lib/python3.12/site-packages/airflow/example_dags/example_bash_decorator.py
[2025-03-15T07:13:29.875+0000] {logging_mixin.py:190} INFO - [2025-03-15T07:13:29.875+0000] {dag.py:3239} INFO - Sync 1 DAGs
[2025-03-15T07:13:29.882+0000] {logging_mixin.py:190} INFO - [2025-03-15T07:13:29.881+0000] {dag.py:4180} INFO - Setting next_dagrun for example_bash_decorator to None, run_after=None
[2025-03-15T07:13:29.890+0000] {processor.py:208} INFO - Processing /home/airflow/.local/lib/python3.12/site-packages/airflow/example_dags/example_bash_decorator.py took 0.040 seconds
[2025-03-15T07:14:00.359+0000] {processor.py:186} INFO - Started process (PID=312) to work on /home/airflow/.local/lib/python3.12/site-packages/airflow/example_dags/example_bash_decorator.py
[2025-03-15T07:14:00.359+0000] {processor.py:914} INFO - Processing file /home/airflow/.local/lib/python3.12/site-packages/airflow/example_dags/example_bash_decorator.py for tasks to queue
[2025-03-15T07:14:00.361+0000] {logging_mixin.py:190} INFO - [2025-03-15T07:14:00.360+0000] {dagbag.py:588} INFO - Filling up the DagBag from /home/airflow/.local/lib/python3.12/site-packages/airflow/example_dags/example_bash_decorator.py
[2025-03-15T07:14:00.369+0000] {processor.py:925} INFO - DAG(s) 'example_bash_decorator' retrieved from /home/airflow/.local/lib/python3.12/site-packages/airflow/example_dags/example_bash_decorator.py
[2025-03-15T07:14:00.382+0000] {logging_mixin.py:190} INFO - [2025-03-15T07:14:00.381+0000] {dag.py:3239} INFO - Sync 1 DAGs
[2025-03-15T07:14:00.388+0000] {logging_mixin.py:190} INFO - [2025-03-15T07:14:00.388+0000] {dag.py:4180} INFO - Setting next_dagrun for example_bash_decorator to None, run_after=None
[2025-03-15T07:14:00.397+0000] {processor.py:208} INFO - Processing /home/airflow/.local/lib/python3.12/site-packages/airflow/example_dags/example_bash_decorator.py took 0.041 seconds
[2025-03-15T07:14:31.285+0000] {processor.py:186} INFO - Started process (PID=381) to work on /home/airflow/.local/lib/python3.12/site-packages/airflow/example_dags/example_bash_decorator.py
[2025-03-15T07:14:31.286+0000] {processor.py:914} INFO - Processing file /home/airflow/.local/lib/python3.12/site-packages/airflow/example_dags/example_bash_decorator.py for tasks to queue
[2025-03-15T07:14:31.288+0000] {logging_mixin.py:190} INFO - [2025-03-15T07:14:31.287+0000] {dagbag.py:588} INFO - Filling up the DagBag from /home/airflow/.local/lib/python3.12/site-packages/airflow/example_dags/example_bash_decorator.py
[2025-03-15T07:14:31.295+0000] {processor.py:925} INFO - DAG(s) 'example_bash_decorator' retrieved from /home/airflow/.local/lib/python3.12/site-packages/airflow/example_dags/example_bash_decorator.py
[2025-03-15T07:14:31.313+0000] {logging_mixin.py:190} INFO - [2025-03-15T07:14:31.312+0000] {dag.py:3239} INFO - Sync 1 DAGs
[2025-03-15T07:14:31.326+0000] {logging_mixin.py:190} INFO - [2025-03-15T07:14:31.326+0000] {dag.py:4180} INFO - Setting next_dagrun for example_bash_decorator to None, run_after=None
[2025-03-15T07:14:31.337+0000] {processor.py:208} INFO - Processing /home/airflow/.local/lib/python3.12/site-packages/airflow/example_dags/example_bash_decorator.py took 0.057 seconds
[2025-03-15T07:15:02.095+0000] {processor.py:186} INFO - Started process (PID=444) to work on /home/airflow/.local/lib/python3.12/site-packages/airflow/example_dags/example_bash_decorator.py
[2025-03-15T07:15:02.096+0000] {processor.py:914} INFO - Processing file /home/airflow/.local/lib/python3.12/site-packages/airflow/example_dags/example_bash_decorator.py for tasks to queue
[2025-03-15T07:15:02.097+0000] {logging_mixin.py:190} INFO - [2025-03-15T07:15:02.097+0000] {dagbag.py:588} INFO - Filling up the DagBag from /home/airflow/.local/lib/python3.12/site-packages/airflow/example_dags/example_bash_decorator.py
[2025-03-15T07:15:02.104+0000] {processor.py:925} INFO - DAG(s) 'example_bash_decorator' retrieved from /home/airflow/.local/lib/python3.12/site-packages/airflow/example_dags/example_bash_decorator.py
[2025-03-15T07:15:02.121+0000] {logging_mixin.py:190} INFO - [2025-03-15T07:15:02.121+0000] {dag.py:3239} INFO - Sync 1 DAGs
[2025-03-15T07:15:02.127+0000] {logging_mixin.py:190} INFO - [2025-03-15T07:15:02.127+0000] {dag.py:4180} INFO - Setting next_dagrun for example_bash_decorator to None, run_after=None
[2025-03-15T07:15:02.139+0000] {processor.py:208} INFO - Processing /home/airflow/.local/lib/python3.12/site-packages/airflow/example_dags/example_bash_decorator.py took 0.048 seconds
[2025-03-15T07:15:32.984+0000] {processor.py:186} INFO - Started process (PID=507) to work on /home/airflow/.local/lib/python3.12/site-packages/airflow/example_dags/example_bash_decorator.py
[2025-03-15T07:15:32.985+0000] {processor.py:914} INFO - Processing file /home/airflow/.local/lib/python3.12/site-packages/airflow/example_dags/example_bash_decorator.py for tasks to queue
[2025-03-15T07:15:32.986+0000] {logging_mixin.py:190} INFO - [2025-03-15T07:15:32.986+0000] {dagbag.py:588} INFO - Filling up the DagBag from /home/airflow/.local/lib/python3.12/site-packages/airflow/example_dags/example_bash_decorator.py
[2025-03-15T07:15:32.994+0000] {processor.py:925} INFO - DAG(s) 'example_bash_decorator' retrieved from /home/airflow/.local/lib/python3.12/site-packages/airflow/example_dags/example_bash_decorator.py
[2025-03-15T07:15:33.010+0000] {logging_mixin.py:190} INFO - [2025-03-15T07:15:33.010+0000] {dag.py:3239} INFO - Sync 1 DAGs
[2025-03-15T07:15:33.018+0000] {logging_mixin.py:190} INFO - [2025-03-15T07:15:33.017+0000] {dag.py:4180} INFO - Setting next_dagrun for example_bash_decorator to None, run_after=None
[2025-03-15T07:15:33.028+0000] {processor.py:208} INFO - Processing /home/airflow/.local/lib/python3.12/site-packages/airflow/example_dags/example_bash_decorator.py took 0.048 seconds
[2025-03-15T07:16:03.939+0000] {processor.py:186} INFO - Started process (PID=570) to work on /home/airflow/.local/lib/python3.12/site-packages/airflow/example_dags/example_bash_decorator.py
[2025-03-15T07:16:03.940+0000] {processor.py:914} INFO - Processing file /home/airflow/.local/lib/python3.12/site-packages/airflow/example_dags/example_bash_decorator.py for tasks to queue
[2025-03-15T07:16:03.942+0000] {logging_mixin.py:190} INFO - [2025-03-15T07:16:03.941+0000] {dagbag.py:588} INFO - Filling up the DagBag from /home/airflow/.local/lib/python3.12/site-packages/airflow/example_dags/example_bash_decorator.py
[2025-03-15T07:16:03.952+0000] {processor.py:925} INFO - DAG(s) 'example_bash_decorator' retrieved from /home/airflow/.local/lib/python3.12/site-packages/airflow/example_dags/example_bash_decorator.py
[2025-03-15T07:16:03.964+0000] {logging_mixin.py:190} INFO - [2025-03-15T07:16:03.964+0000] {dag.py:3239} INFO - Sync 1 DAGs
[2025-03-15T07:16:03.973+0000] {logging_mixin.py:190} INFO - [2025-03-15T07:16:03.973+0000] {dag.py:4180} INFO - Setting next_dagrun for example_bash_decorator to None, run_after=None
[2025-03-15T07:16:03.989+0000] {processor.py:208} INFO - Processing /home/airflow/.local/lib/python3.12/site-packages/airflow/example_dags/example_bash_decorator.py took 0.053 seconds
[2025-03-15T07:16:34.849+0000] {processor.py:186} INFO - Started process (PID=632) to work on /home/airflow/.local/lib/python3.12/site-packages/airflow/example_dags/example_bash_decorator.py
[2025-03-15T07:16:34.850+0000] {processor.py:914} INFO - Processing file /home/airflow/.local/lib/python3.12/site-packages/airflow/example_dags/example_bash_decorator.py for tasks to queue
[2025-03-15T07:16:34.852+0000] {logging_mixin.py:190} INFO - [2025-03-15T07:16:34.852+0000] {dagbag.py:588} INFO - Filling up the DagBag from /home/airflow/.local/lib/python3.12/site-packages/airflow/example_dags/example_bash_decorator.py
[2025-03-15T07:16:34.860+0000] {processor.py:925} INFO - DAG(s) 'example_bash_decorator' retrieved from /home/airflow/.local/lib/python3.12/site-packages/airflow/example_dags/example_bash_decorator.py
[2025-03-15T07:16:34.872+0000] {logging_mixin.py:190} INFO - [2025-03-15T07:16:34.872+0000] {dag.py:3239} INFO - Sync 1 DAGs
[2025-03-15T07:16:34.879+0000] {logging_mixin.py:190} INFO - [2025-03-15T07:16:34.879+0000] {dag.py:4180} INFO - Setting next_dagrun for example_bash_decorator to None, run_after=None
[2025-03-15T07:16:34.888+0000] {processor.py:208} INFO - Processing /home/airflow/.local/lib/python3.12/site-packages/airflow/example_dags/example_bash_decorator.py took 0.043 seconds
[2025-03-15T07:17:05.864+0000] {processor.py:186} INFO - Started process (PID=695) to work on /home/airflow/.local/lib/python3.12/site-packages/airflow/example_dags/example_bash_decorator.py
[2025-03-15T07:17:05.865+0000] {processor.py:914} INFO - Processing file /home/airflow/.local/lib/python3.12/site-packages/airflow/example_dags/example_bash_decorator.py for tasks to queue
[2025-03-15T07:17:05.866+0000] {logging_mixin.py:190} INFO - [2025-03-15T07:17:05.866+0000] {dagbag.py:588} INFO - Filling up the DagBag from /home/airflow/.local/lib/python3.12/site-packages/airflow/example_dags/example_bash_decorator.py
[2025-03-15T07:17:05.873+0000] {processor.py:925} INFO - DAG(s) 'example_bash_decorator' retrieved from /home/airflow/.local/lib/python3.12/site-packages/airflow/example_dags/example_bash_decorator.py
[2025-03-15T07:17:05.886+0000] {logging_mixin.py:190} INFO - [2025-03-15T07:17:05.886+0000] {dag.py:3239} INFO - Sync 1 DAGs
[2025-03-15T07:17:05.895+0000] {logging_mixin.py:190} INFO - [2025-03-15T07:17:05.895+0000] {dag.py:4180} INFO - Setting next_dagrun for example_bash_decorator to None, run_after=None
[2025-03-15T07:17:05.910+0000] {processor.py:208} INFO - Processing /home/airflow/.local/lib/python3.12/site-packages/airflow/example_dags/example_bash_decorator.py took 0.050 seconds
[2025-03-15T07:17:35.991+0000] {processor.py:186} INFO - Started process (PID=758) to work on /home/airflow/.local/lib/python3.12/site-packages/airflow/example_dags/example_bash_decorator.py
[2025-03-15T07:17:35.991+0000] {processor.py:914} INFO - Processing file /home/airflow/.local/lib/python3.12/site-packages/airflow/example_dags/example_bash_decorator.py for tasks to queue
[2025-03-15T07:17:35.992+0000] {logging_mixin.py:190} INFO - [2025-03-15T07:17:35.992+0000] {dagbag.py:588} INFO - Filling up the DagBag from /home/airflow/.local/lib/python3.12/site-packages/airflow/example_dags/example_bash_decorator.py
[2025-03-15T07:17:36.002+0000] {processor.py:925} INFO - DAG(s) 'example_bash_decorator' retrieved from /home/airflow/.local/lib/python3.12/site-packages/airflow/example_dags/example_bash_decorator.py
[2025-03-15T07:17:36.016+0000] {logging_mixin.py:190} INFO - [2025-03-15T07:17:36.016+0000] {dag.py:3239} INFO - Sync 1 DAGs
[2025-03-15T07:17:36.026+0000] {logging_mixin.py:190} INFO - [2025-03-15T07:17:36.026+0000] {dag.py:4180} INFO - Setting next_dagrun for example_bash_decorator to None, run_after=None
[2025-03-15T07:17:36.037+0000] {processor.py:208} INFO - Processing /home/airflow/.local/lib/python3.12/site-packages/airflow/example_dags/example_bash_decorator.py took 0.049 seconds
[2025-03-15T07:18:06.406+0000] {processor.py:186} INFO - Started process (PID=821) to work on /home/airflow/.local/lib/python3.12/site-packages/airflow/example_dags/example_bash_decorator.py
[2025-03-15T07:18:06.407+0000] {processor.py:914} INFO - Processing file /home/airflow/.local/lib/python3.12/site-packages/airflow/example_dags/example_bash_decorator.py for tasks to queue
[2025-03-15T07:18:06.408+0000] {logging_mixin.py:190} INFO - [2025-03-15T07:18:06.408+0000] {dagbag.py:588} INFO - Filling up the DagBag from /home/airflow/.local/lib/python3.12/site-packages/airflow/example_dags/example_bash_decorator.py
[2025-03-15T07:18:06.416+0000] {processor.py:925} INFO - DAG(s) 'example_bash_decorator' retrieved from /home/airflow/.local/lib/python3.12/site-packages/airflow/example_dags/example_bash_decorator.py
[2025-03-15T07:18:06.436+0000] {logging_mixin.py:190} INFO - [2025-03-15T07:18:06.436+0000] {dag.py:3239} INFO - Sync 1 DAGs
[2025-03-15T07:18:06.446+0000] {logging_mixin.py:190} INFO - [2025-03-15T07:18:06.446+0000] {dag.py:4180} INFO - Setting next_dagrun for example_bash_decorator to None, run_after=None
[2025-03-15T07:18:06.460+0000] {processor.py:208} INFO - Processing /home/airflow/.local/lib/python3.12/site-packages/airflow/example_dags/example_bash_decorator.py took 0.058 seconds
[2025-03-15T07:18:36.485+0000] {processor.py:186} INFO - Started process (PID=884) to work on /home/airflow/.local/lib/python3.12/site-packages/airflow/example_dags/example_bash_decorator.py
[2025-03-15T07:18:36.486+0000] {processor.py:914} INFO - Processing file /home/airflow/.local/lib/python3.12/site-packages/airflow/example_dags/example_bash_decorator.py for tasks to queue
[2025-03-15T07:18:36.488+0000] {logging_mixin.py:190} INFO - [2025-03-15T07:18:36.488+0000] {dagbag.py:588} INFO - Filling up the DagBag from /home/airflow/.local/lib/python3.12/site-packages/airflow/example_dags/example_bash_decorator.py
[2025-03-15T07:18:36.495+0000] {processor.py:925} INFO - DAG(s) 'example_bash_decorator' retrieved from /home/airflow/.local/lib/python3.12/site-packages/airflow/example_dags/example_bash_decorator.py
[2025-03-15T07:18:36.510+0000] {logging_mixin.py:190} INFO - [2025-03-15T07:18:36.510+0000] {dag.py:3239} INFO - Sync 1 DAGs
[2025-03-15T07:18:36.518+0000] {logging_mixin.py:190} INFO - [2025-03-15T07:18:36.518+0000] {dag.py:4180} INFO - Setting next_dagrun for example_bash_decorator to None, run_after=None
[2025-03-15T07:18:36.529+0000] {processor.py:208} INFO - Processing /home/airflow/.local/lib/python3.12/site-packages/airflow/example_dags/example_bash_decorator.py took 0.048 seconds
[2025-03-15T07:19:06.806+0000] {processor.py:186} INFO - Started process (PID=955) to work on /home/airflow/.local/lib/python3.12/site-packages/airflow/example_dags/example_bash_decorator.py
[2025-03-15T07:19:06.807+0000] {processor.py:914} INFO - Processing file /home/airflow/.local/lib/python3.12/site-packages/airflow/example_dags/example_bash_decorator.py for tasks to queue
[2025-03-15T07:19:06.809+0000] {logging_mixin.py:190} INFO - [2025-03-15T07:19:06.809+0000] {dagbag.py:588} INFO - Filling up the DagBag from /home/airflow/.local/lib/python3.12/site-packages/airflow/example_dags/example_bash_decorator.py
[2025-03-15T07:19:06.819+0000] {processor.py:925} INFO - DAG(s) 'example_bash_decorator' retrieved from /home/airflow/.local/lib/python3.12/site-packages/airflow/example_dags/example_bash_decorator.py
[2025-03-15T07:19:06.831+0000] {logging_mixin.py:190} INFO - [2025-03-15T07:19:06.831+0000] {dag.py:3239} INFO - Sync 1 DAGs
[2025-03-15T07:19:06.838+0000] {logging_mixin.py:190} INFO - [2025-03-15T07:19:06.838+0000] {dag.py:4180} INFO - Setting next_dagrun for example_bash_decorator to None, run_after=None
[2025-03-15T07:19:06.855+0000] {processor.py:208} INFO - Processing /home/airflow/.local/lib/python3.12/site-packages/airflow/example_dags/example_bash_decorator.py took 0.051 seconds
[2025-03-15T07:19:37.766+0000] {processor.py:186} INFO - Started process (PID=1018) to work on /home/airflow/.local/lib/python3.12/site-packages/airflow/example_dags/example_bash_decorator.py
[2025-03-15T07:19:37.767+0000] {processor.py:914} INFO - Processing file /home/airflow/.local/lib/python3.12/site-packages/airflow/example_dags/example_bash_decorator.py for tasks to queue
[2025-03-15T07:19:37.769+0000] {logging_mixin.py:190} INFO - [2025-03-15T07:19:37.769+0000] {dagbag.py:588} INFO - Filling up the DagBag from /home/airflow/.local/lib/python3.12/site-packages/airflow/example_dags/example_bash_decorator.py
[2025-03-15T07:19:37.777+0000] {processor.py:925} INFO - DAG(s) 'example_bash_decorator' retrieved from /home/airflow/.local/lib/python3.12/site-packages/airflow/example_dags/example_bash_decorator.py
[2025-03-15T07:19:37.791+0000] {logging_mixin.py:190} INFO - [2025-03-15T07:19:37.791+0000] {dag.py:3239} INFO - Sync 1 DAGs
[2025-03-15T07:19:37.799+0000] {logging_mixin.py:190} INFO - [2025-03-15T07:19:37.799+0000] {dag.py:4180} INFO - Setting next_dagrun for example_bash_decorator to None, run_after=None
[2025-03-15T07:19:37.813+0000] {processor.py:208} INFO - Processing /home/airflow/.local/lib/python3.12/site-packages/airflow/example_dags/example_bash_decorator.py took 0.050 seconds
[2025-03-15T07:20:08.023+0000] {processor.py:186} INFO - Started process (PID=1081) to work on /home/airflow/.local/lib/python3.12/site-packages/airflow/example_dags/example_bash_decorator.py
[2025-03-15T07:20:08.024+0000] {processor.py:914} INFO - Processing file /home/airflow/.local/lib/python3.12/site-packages/airflow/example_dags/example_bash_decorator.py for tasks to queue
[2025-03-15T07:20:08.025+0000] {logging_mixin.py:190} INFO - [2025-03-15T07:20:08.025+0000] {dagbag.py:588} INFO - Filling up the DagBag from /home/airflow/.local/lib/python3.12/site-packages/airflow/example_dags/example_bash_decorator.py
[2025-03-15T07:20:08.032+0000] {processor.py:925} INFO - DAG(s) 'example_bash_decorator' retrieved from /home/airflow/.local/lib/python3.12/site-packages/airflow/example_dags/example_bash_decorator.py
[2025-03-15T07:20:08.047+0000] {logging_mixin.py:190} INFO - [2025-03-15T07:20:08.047+0000] {dag.py:3239} INFO - Sync 1 DAGs
[2025-03-15T07:20:08.056+0000] {logging_mixin.py:190} INFO - [2025-03-15T07:20:08.056+0000] {dag.py:4180} INFO - Setting next_dagrun for example_bash_decorator to None, run_after=None
[2025-03-15T07:20:08.074+0000] {processor.py:208} INFO - Processing /home/airflow/.local/lib/python3.12/site-packages/airflow/example_dags/example_bash_decorator.py took 0.055 seconds
[2025-03-15T07:20:38.116+0000] {processor.py:186} INFO - Started process (PID=1143) to work on /home/airflow/.local/lib/python3.12/site-packages/airflow/example_dags/example_bash_decorator.py
[2025-03-15T07:20:38.117+0000] {processor.py:914} INFO - Processing file /home/airflow/.local/lib/python3.12/site-packages/airflow/example_dags/example_bash_decorator.py for tasks to queue
[2025-03-15T07:20:38.118+0000] {logging_mixin.py:190} INFO - [2025-03-15T07:20:38.118+0000] {dagbag.py:588} INFO - Filling up the DagBag from /home/airflow/.local/lib/python3.12/site-packages/airflow/example_dags/example_bash_decorator.py
[2025-03-15T07:20:38.126+0000] {processor.py:925} INFO - DAG(s) 'example_bash_decorator' retrieved from /home/airflow/.local/lib/python3.12/site-packages/airflow/example_dags/example_bash_decorator.py
[2025-03-15T07:20:38.139+0000] {logging_mixin.py:190} INFO - [2025-03-15T07:20:38.139+0000] {dag.py:3239} INFO - Sync 1 DAGs
[2025-03-15T07:20:38.148+0000] {logging_mixin.py:190} INFO - [2025-03-15T07:20:38.148+0000] {dag.py:4180} INFO - Setting next_dagrun for example_bash_decorator to None, run_after=None
[2025-03-15T07:20:38.162+0000] {processor.py:208} INFO - Processing /home/airflow/.local/lib/python3.12/site-packages/airflow/example_dags/example_bash_decorator.py took 0.049 seconds
[2025-03-15T07:21:08.683+0000] {processor.py:186} INFO - Started process (PID=1206) to work on /home/airflow/.local/lib/python3.12/site-packages/airflow/example_dags/example_bash_decorator.py
[2025-03-15T07:21:08.683+0000] {processor.py:914} INFO - Processing file /home/airflow/.local/lib/python3.12/site-packages/airflow/example_dags/example_bash_decorator.py for tasks to queue
[2025-03-15T07:21:08.686+0000] {logging_mixin.py:190} INFO - [2025-03-15T07:21:08.686+0000] {dagbag.py:588} INFO - Filling up the DagBag from /home/airflow/.local/lib/python3.12/site-packages/airflow/example_dags/example_bash_decorator.py
[2025-03-15T07:21:08.694+0000] {processor.py:925} INFO - DAG(s) 'example_bash_decorator' retrieved from /home/airflow/.local/lib/python3.12/site-packages/airflow/example_dags/example_bash_decorator.py
[2025-03-15T07:21:08.713+0000] {logging_mixin.py:190} INFO - [2025-03-15T07:21:08.713+0000] {dag.py:3239} INFO - Sync 1 DAGs
[2025-03-15T07:21:08.721+0000] {logging_mixin.py:190} INFO - [2025-03-15T07:21:08.721+0000] {dag.py:4180} INFO - Setting next_dagrun for example_bash_decorator to None, run_after=None
[2025-03-15T07:21:08.737+0000] {processor.py:208} INFO - Processing /home/airflow/.local/lib/python3.12/site-packages/airflow/example_dags/example_bash_decorator.py took 0.057 seconds
[2025-03-15T07:21:38.884+0000] {processor.py:186} INFO - Started process (PID=1269) to work on /home/airflow/.local/lib/python3.12/site-packages/airflow/example_dags/example_bash_decorator.py
[2025-03-15T07:21:38.885+0000] {processor.py:914} INFO - Processing file /home/airflow/.local/lib/python3.12/site-packages/airflow/example_dags/example_bash_decorator.py for tasks to queue
[2025-03-15T07:21:38.886+0000] {logging_mixin.py:190} INFO - [2025-03-15T07:21:38.886+0000] {dagbag.py:588} INFO - Filling up the DagBag from /home/airflow/.local/lib/python3.12/site-packages/airflow/example_dags/example_bash_decorator.py
[2025-03-15T07:21:38.893+0000] {processor.py:925} INFO - DAG(s) 'example_bash_decorator' retrieved from /home/airflow/.local/lib/python3.12/site-packages/airflow/example_dags/example_bash_decorator.py
[2025-03-15T07:21:38.906+0000] {logging_mixin.py:190} INFO - [2025-03-15T07:21:38.906+0000] {dag.py:3239} INFO - Sync 1 DAGs
[2025-03-15T07:21:38.913+0000] {logging_mixin.py:190} INFO - [2025-03-15T07:21:38.912+0000] {dag.py:4180} INFO - Setting next_dagrun for example_bash_decorator to None, run_after=None
[2025-03-15T07:21:38.922+0000] {processor.py:208} INFO - Processing /home/airflow/.local/lib/python3.12/site-packages/airflow/example_dags/example_bash_decorator.py took 0.041 seconds
[2025-03-15T07:22:09.164+0000] {processor.py:186} INFO - Started process (PID=1332) to work on /home/airflow/.local/lib/python3.12/site-packages/airflow/example_dags/example_bash_decorator.py
[2025-03-15T07:22:09.165+0000] {processor.py:914} INFO - Processing file /home/airflow/.local/lib/python3.12/site-packages/airflow/example_dags/example_bash_decorator.py for tasks to queue
[2025-03-15T07:22:09.168+0000] {logging_mixin.py:190} INFO - [2025-03-15T07:22:09.167+0000] {dagbag.py:588} INFO - Filling up the DagBag from /home/airflow/.local/lib/python3.12/site-packages/airflow/example_dags/example_bash_decorator.py
[2025-03-15T07:22:09.178+0000] {processor.py:925} INFO - DAG(s) 'example_bash_decorator' retrieved from /home/airflow/.local/lib/python3.12/site-packages/airflow/example_dags/example_bash_decorator.py
[2025-03-15T07:22:09.191+0000] {logging_mixin.py:190} INFO - [2025-03-15T07:22:09.191+0000] {dag.py:3239} INFO - Sync 1 DAGs
[2025-03-15T07:22:09.199+0000] {logging_mixin.py:190} INFO - [2025-03-15T07:22:09.199+0000] {dag.py:4180} INFO - Setting next_dagrun for example_bash_decorator to None, run_after=None
[2025-03-15T07:22:09.215+0000] {processor.py:208} INFO - Processing /home/airflow/.local/lib/python3.12/site-packages/airflow/example_dags/example_bash_decorator.py took 0.055 seconds
[2025-03-15T07:22:39.901+0000] {processor.py:186} INFO - Started process (PID=1395) to work on /home/airflow/.local/lib/python3.12/site-packages/airflow/example_dags/example_bash_decorator.py
[2025-03-15T07:22:39.902+0000] {processor.py:914} INFO - Processing file /home/airflow/.local/lib/python3.12/site-packages/airflow/example_dags/example_bash_decorator.py for tasks to queue
[2025-03-15T07:22:39.912+0000] {logging_mixin.py:190} INFO - [2025-03-15T07:22:39.912+0000] {dagbag.py:588} INFO - Filling up the DagBag from /home/airflow/.local/lib/python3.12/site-packages/airflow/example_dags/example_bash_decorator.py
[2025-03-15T07:22:39.923+0000] {processor.py:925} INFO - DAG(s) 'example_bash_decorator' retrieved from /home/airflow/.local/lib/python3.12/site-packages/airflow/example_dags/example_bash_decorator.py
[2025-03-15T07:22:39.960+0000] {logging_mixin.py:190} INFO - [2025-03-15T07:22:39.960+0000] {dag.py:3239} INFO - Sync 1 DAGs
[2025-03-15T07:22:39.968+0000] {logging_mixin.py:190} INFO - [2025-03-15T07:22:39.968+0000] {dag.py:4180} INFO - Setting next_dagrun for example_bash_decorator to None, run_after=None
[2025-03-15T07:22:39.984+0000] {processor.py:208} INFO - Processing /home/airflow/.local/lib/python3.12/site-packages/airflow/example_dags/example_bash_decorator.py took 0.087 seconds
[2025-03-15T07:23:10.271+0000] {processor.py:186} INFO - Started process (PID=1458) to work on /home/airflow/.local/lib/python3.12/site-packages/airflow/example_dags/example_bash_decorator.py
[2025-03-15T07:23:10.271+0000] {processor.py:914} INFO - Processing file /home/airflow/.local/lib/python3.12/site-packages/airflow/example_dags/example_bash_decorator.py for tasks to queue
[2025-03-15T07:23:10.272+0000] {logging_mixin.py:190} INFO - [2025-03-15T07:23:10.272+0000] {dagbag.py:588} INFO - Filling up the DagBag from /home/airflow/.local/lib/python3.12/site-packages/airflow/example_dags/example_bash_decorator.py
[2025-03-15T07:23:10.280+0000] {processor.py:925} INFO - DAG(s) 'example_bash_decorator' retrieved from /home/airflow/.local/lib/python3.12/site-packages/airflow/example_dags/example_bash_decorator.py
[2025-03-15T07:23:10.291+0000] {logging_mixin.py:190} INFO - [2025-03-15T07:23:10.291+0000] {dag.py:3239} INFO - Sync 1 DAGs
[2025-03-15T07:23:10.298+0000] {logging_mixin.py:190} INFO - [2025-03-15T07:23:10.297+0000] {dag.py:4180} INFO - Setting next_dagrun for example_bash_decorator to None, run_after=None
[2025-03-15T07:23:10.305+0000] {processor.py:208} INFO - Processing /home/airflow/.local/lib/python3.12/site-packages/airflow/example_dags/example_bash_decorator.py took 0.038 seconds
[2025-03-15T07:23:40.581+0000] {processor.py:186} INFO - Started process (PID=1521) to work on /home/airflow/.local/lib/python3.12/site-packages/airflow/example_dags/example_bash_decorator.py
[2025-03-15T07:23:40.581+0000] {processor.py:914} INFO - Processing file /home/airflow/.local/lib/python3.12/site-packages/airflow/example_dags/example_bash_decorator.py for tasks to queue
[2025-03-15T07:23:40.582+0000] {logging_mixin.py:190} INFO - [2025-03-15T07:23:40.582+0000] {dagbag.py:588} INFO - Filling up the DagBag from /home/airflow/.local/lib/python3.12/site-packages/airflow/example_dags/example_bash_decorator.py
[2025-03-15T07:23:40.592+0000] {processor.py:925} INFO - DAG(s) 'example_bash_decorator' retrieved from /home/airflow/.local/lib/python3.12/site-packages/airflow/example_dags/example_bash_decorator.py
[2025-03-15T07:23:40.610+0000] {logging_mixin.py:190} INFO - [2025-03-15T07:23:40.610+0000] {dag.py:3239} INFO - Sync 1 DAGs
[2025-03-15T07:23:40.622+0000] {logging_mixin.py:190} INFO - [2025-03-15T07:23:40.622+0000] {dag.py:4180} INFO - Setting next_dagrun for example_bash_decorator to None, run_after=None
[2025-03-15T07:23:40.640+0000] {processor.py:208} INFO - Processing /home/airflow/.local/lib/python3.12/site-packages/airflow/example_dags/example_bash_decorator.py took 0.063 seconds
[2025-03-15T07:24:10.997+0000] {processor.py:186} INFO - Started process (PID=1584) to work on /home/airflow/.local/lib/python3.12/site-packages/airflow/example_dags/example_bash_decorator.py
[2025-03-15T07:24:10.998+0000] {processor.py:914} INFO - Processing file /home/airflow/.local/lib/python3.12/site-packages/airflow/example_dags/example_bash_decorator.py for tasks to queue
[2025-03-15T07:24:10.999+0000] {logging_mixin.py:190} INFO - [2025-03-15T07:24:10.999+0000] {dagbag.py:588} INFO - Filling up the DagBag from /home/airflow/.local/lib/python3.12/site-packages/airflow/example_dags/example_bash_decorator.py
[2025-03-15T07:24:11.007+0000] {processor.py:925} INFO - DAG(s) 'example_bash_decorator' retrieved from /home/airflow/.local/lib/python3.12/site-packages/airflow/example_dags/example_bash_decorator.py
[2025-03-15T07:24:11.024+0000] {logging_mixin.py:190} INFO - [2025-03-15T07:24:11.023+0000] {dag.py:3239} INFO - Sync 1 DAGs
[2025-03-15T07:24:11.031+0000] {logging_mixin.py:190} INFO - [2025-03-15T07:24:11.031+0000] {dag.py:4180} INFO - Setting next_dagrun for example_bash_decorator to None, run_after=None
[2025-03-15T07:24:11.039+0000] {processor.py:208} INFO - Processing /home/airflow/.local/lib/python3.12/site-packages/airflow/example_dags/example_bash_decorator.py took 0.045 seconds
[2025-03-15T07:24:41.290+0000] {processor.py:186} INFO - Started process (PID=1647) to work on /home/airflow/.local/lib/python3.12/site-packages/airflow/example_dags/example_bash_decorator.py
[2025-03-15T07:24:41.291+0000] {processor.py:914} INFO - Processing file /home/airflow/.local/lib/python3.12/site-packages/airflow/example_dags/example_bash_decorator.py for tasks to queue
[2025-03-15T07:24:41.292+0000] {logging_mixin.py:190} INFO - [2025-03-15T07:24:41.292+0000] {dagbag.py:588} INFO - Filling up the DagBag from /home/airflow/.local/lib/python3.12/site-packages/airflow/example_dags/example_bash_decorator.py
[2025-03-15T07:24:41.300+0000] {processor.py:925} INFO - DAG(s) 'example_bash_decorator' retrieved from /home/airflow/.local/lib/python3.12/site-packages/airflow/example_dags/example_bash_decorator.py
[2025-03-15T07:24:41.312+0000] {logging_mixin.py:190} INFO - [2025-03-15T07:24:41.312+0000] {dag.py:3239} INFO - Sync 1 DAGs
[2025-03-15T07:24:41.321+0000] {logging_mixin.py:190} INFO - [2025-03-15T07:24:41.320+0000] {dag.py:4180} INFO - Setting next_dagrun for example_bash_decorator to None, run_after=None
[2025-03-15T07:24:41.337+0000] {processor.py:208} INFO - Processing /home/airflow/.local/lib/python3.12/site-packages/airflow/example_dags/example_bash_decorator.py took 0.051 seconds
[2025-03-15T07:25:11.770+0000] {processor.py:186} INFO - Started process (PID=1709) to work on /home/airflow/.local/lib/python3.12/site-packages/airflow/example_dags/example_bash_decorator.py
[2025-03-15T07:25:11.774+0000] {processor.py:914} INFO - Processing file /home/airflow/.local/lib/python3.12/site-packages/airflow/example_dags/example_bash_decorator.py for tasks to queue
[2025-03-15T07:25:11.776+0000] {logging_mixin.py:190} INFO - [2025-03-15T07:25:11.776+0000] {dagbag.py:588} INFO - Filling up the DagBag from /home/airflow/.local/lib/python3.12/site-packages/airflow/example_dags/example_bash_decorator.py
[2025-03-15T07:25:11.784+0000] {processor.py:925} INFO - DAG(s) 'example_bash_decorator' retrieved from /home/airflow/.local/lib/python3.12/site-packages/airflow/example_dags/example_bash_decorator.py
[2025-03-15T07:25:11.800+0000] {logging_mixin.py:190} INFO - [2025-03-15T07:25:11.800+0000] {dag.py:3239} INFO - Sync 1 DAGs
[2025-03-15T07:25:11.806+0000] {logging_mixin.py:190} INFO - [2025-03-15T07:25:11.806+0000] {dag.py:4180} INFO - Setting next_dagrun for example_bash_decorator to None, run_after=None
[2025-03-15T07:25:11.820+0000] {processor.py:208} INFO - Processing /home/airflow/.local/lib/python3.12/site-packages/airflow/example_dags/example_bash_decorator.py took 0.058 seconds
[2025-03-15T07:25:42.160+0000] {processor.py:186} INFO - Started process (PID=1772) to work on /home/airflow/.local/lib/python3.12/site-packages/airflow/example_dags/example_bash_decorator.py
[2025-03-15T07:25:42.161+0000] {processor.py:914} INFO - Processing file /home/airflow/.local/lib/python3.12/site-packages/airflow/example_dags/example_bash_decorator.py for tasks to queue
[2025-03-15T07:25:42.162+0000] {logging_mixin.py:190} INFO - [2025-03-15T07:25:42.162+0000] {dagbag.py:588} INFO - Filling up the DagBag from /home/airflow/.local/lib/python3.12/site-packages/airflow/example_dags/example_bash_decorator.py
[2025-03-15T07:25:42.170+0000] {processor.py:925} INFO - DAG(s) 'example_bash_decorator' retrieved from /home/airflow/.local/lib/python3.12/site-packages/airflow/example_dags/example_bash_decorator.py
[2025-03-15T07:25:42.192+0000] {logging_mixin.py:190} INFO - [2025-03-15T07:25:42.192+0000] {dag.py:3239} INFO - Sync 1 DAGs
[2025-03-15T07:25:42.201+0000] {logging_mixin.py:190} INFO - [2025-03-15T07:25:42.201+0000] {dag.py:4180} INFO - Setting next_dagrun for example_bash_decorator to None, run_after=None
[2025-03-15T07:25:42.219+0000] {processor.py:208} INFO - Processing /home/airflow/.local/lib/python3.12/site-packages/airflow/example_dags/example_bash_decorator.py took 0.064 seconds
[2025-03-15T07:26:12.292+0000] {processor.py:186} INFO - Started process (PID=1834) to work on /home/airflow/.local/lib/python3.12/site-packages/airflow/example_dags/example_bash_decorator.py
[2025-03-15T07:26:12.293+0000] {processor.py:914} INFO - Processing file /home/airflow/.local/lib/python3.12/site-packages/airflow/example_dags/example_bash_decorator.py for tasks to queue
[2025-03-15T07:26:12.294+0000] {logging_mixin.py:190} INFO - [2025-03-15T07:26:12.293+0000] {dagbag.py:588} INFO - Filling up the DagBag from /home/airflow/.local/lib/python3.12/site-packages/airflow/example_dags/example_bash_decorator.py
[2025-03-15T07:26:12.301+0000] {processor.py:925} INFO - DAG(s) 'example_bash_decorator' retrieved from /home/airflow/.local/lib/python3.12/site-packages/airflow/example_dags/example_bash_decorator.py
[2025-03-15T07:26:12.314+0000] {logging_mixin.py:190} INFO - [2025-03-15T07:26:12.314+0000] {dag.py:3239} INFO - Sync 1 DAGs
[2025-03-15T07:26:12.320+0000] {logging_mixin.py:190} INFO - [2025-03-15T07:26:12.320+0000] {dag.py:4180} INFO - Setting next_dagrun for example_bash_decorator to None, run_after=None
[2025-03-15T07:26:12.329+0000] {processor.py:208} INFO - Processing /home/airflow/.local/lib/python3.12/site-packages/airflow/example_dags/example_bash_decorator.py took 0.040 seconds
[2025-03-15T07:26:42.752+0000] {processor.py:186} INFO - Started process (PID=1897) to work on /home/airflow/.local/lib/python3.12/site-packages/airflow/example_dags/example_bash_decorator.py
[2025-03-15T07:26:42.752+0000] {processor.py:914} INFO - Processing file /home/airflow/.local/lib/python3.12/site-packages/airflow/example_dags/example_bash_decorator.py for tasks to queue
[2025-03-15T07:26:42.756+0000] {logging_mixin.py:190} INFO - [2025-03-15T07:26:42.755+0000] {dagbag.py:588} INFO - Filling up the DagBag from /home/airflow/.local/lib/python3.12/site-packages/airflow/example_dags/example_bash_decorator.py
[2025-03-15T07:26:42.785+0000] {processor.py:925} INFO - DAG(s) 'example_bash_decorator' retrieved from /home/airflow/.local/lib/python3.12/site-packages/airflow/example_dags/example_bash_decorator.py
[2025-03-15T07:26:42.980+0000] {logging_mixin.py:190} INFO - [2025-03-15T07:26:42.979+0000] {dag.py:3239} INFO - Sync 1 DAGs
[2025-03-15T07:26:42.994+0000] {logging_mixin.py:190} INFO - [2025-03-15T07:26:42.993+0000] {dag.py:4180} INFO - Setting next_dagrun for example_bash_decorator to None, run_after=None
[2025-03-15T07:26:43.006+0000] {processor.py:208} INFO - Processing /home/airflow/.local/lib/python3.12/site-packages/airflow/example_dags/example_bash_decorator.py took 0.264 seconds
[2025-03-15T07:27:14.228+0000] {processor.py:186} INFO - Started process (PID=1961) to work on /home/airflow/.local/lib/python3.12/site-packages/airflow/example_dags/example_bash_decorator.py
[2025-03-15T07:27:14.232+0000] {processor.py:914} INFO - Processing file /home/airflow/.local/lib/python3.12/site-packages/airflow/example_dags/example_bash_decorator.py for tasks to queue
[2025-03-15T07:27:14.234+0000] {logging_mixin.py:190} INFO - [2025-03-15T07:27:14.233+0000] {dagbag.py:588} INFO - Filling up the DagBag from /home/airflow/.local/lib/python3.12/site-packages/airflow/example_dags/example_bash_decorator.py
[2025-03-15T07:27:14.248+0000] {processor.py:925} INFO - DAG(s) 'example_bash_decorator' retrieved from /home/airflow/.local/lib/python3.12/site-packages/airflow/example_dags/example_bash_decorator.py
[2025-03-15T07:27:14.266+0000] {logging_mixin.py:190} INFO - [2025-03-15T07:27:14.266+0000] {dag.py:3239} INFO - Sync 1 DAGs
[2025-03-15T07:27:14.274+0000] {logging_mixin.py:190} INFO - [2025-03-15T07:27:14.274+0000] {dag.py:4180} INFO - Setting next_dagrun for example_bash_decorator to None, run_after=None
[2025-03-15T07:27:14.289+0000] {processor.py:208} INFO - Processing /home/airflow/.local/lib/python3.12/site-packages/airflow/example_dags/example_bash_decorator.py took 0.066 seconds
[2025-03-15T07:27:44.819+0000] {processor.py:186} INFO - Started process (PID=2025) to work on /home/airflow/.local/lib/python3.12/site-packages/airflow/example_dags/example_bash_decorator.py
[2025-03-15T07:27:44.820+0000] {processor.py:914} INFO - Processing file /home/airflow/.local/lib/python3.12/site-packages/airflow/example_dags/example_bash_decorator.py for tasks to queue
[2025-03-15T07:27:44.822+0000] {logging_mixin.py:190} INFO - [2025-03-15T07:27:44.821+0000] {dagbag.py:588} INFO - Filling up the DagBag from /home/airflow/.local/lib/python3.12/site-packages/airflow/example_dags/example_bash_decorator.py
[2025-03-15T07:27:44.832+0000] {processor.py:925} INFO - DAG(s) 'example_bash_decorator' retrieved from /home/airflow/.local/lib/python3.12/site-packages/airflow/example_dags/example_bash_decorator.py
[2025-03-15T07:27:44.848+0000] {logging_mixin.py:190} INFO - [2025-03-15T07:27:44.848+0000] {dag.py:3239} INFO - Sync 1 DAGs
[2025-03-15T07:27:44.857+0000] {logging_mixin.py:190} INFO - [2025-03-15T07:27:44.856+0000] {dag.py:4180} INFO - Setting next_dagrun for example_bash_decorator to None, run_after=None
[2025-03-15T07:27:44.868+0000] {processor.py:208} INFO - Processing /home/airflow/.local/lib/python3.12/site-packages/airflow/example_dags/example_bash_decorator.py took 0.055 seconds
[2025-03-15T07:28:14.997+0000] {processor.py:186} INFO - Started process (PID=2089) to work on /home/airflow/.local/lib/python3.12/site-packages/airflow/example_dags/example_bash_decorator.py
[2025-03-15T07:28:14.997+0000] {processor.py:914} INFO - Processing file /home/airflow/.local/lib/python3.12/site-packages/airflow/example_dags/example_bash_decorator.py for tasks to queue
[2025-03-15T07:28:14.999+0000] {logging_mixin.py:190} INFO - [2025-03-15T07:28:14.999+0000] {dagbag.py:588} INFO - Filling up the DagBag from /home/airflow/.local/lib/python3.12/site-packages/airflow/example_dags/example_bash_decorator.py
[2025-03-15T07:28:15.007+0000] {processor.py:925} INFO - DAG(s) 'example_bash_decorator' retrieved from /home/airflow/.local/lib/python3.12/site-packages/airflow/example_dags/example_bash_decorator.py
[2025-03-15T07:28:15.024+0000] {logging_mixin.py:190} INFO - [2025-03-15T07:28:15.023+0000] {dag.py:3239} INFO - Sync 1 DAGs
[2025-03-15T07:28:15.034+0000] {logging_mixin.py:190} INFO - [2025-03-15T07:28:15.034+0000] {dag.py:4180} INFO - Setting next_dagrun for example_bash_decorator to None, run_after=None
[2025-03-15T07:28:15.050+0000] {processor.py:208} INFO - Processing /home/airflow/.local/lib/python3.12/site-packages/airflow/example_dags/example_bash_decorator.py took 0.057 seconds
[2025-03-15T07:28:45.511+0000] {processor.py:186} INFO - Started process (PID=2153) to work on /home/airflow/.local/lib/python3.12/site-packages/airflow/example_dags/example_bash_decorator.py
[2025-03-15T07:28:45.511+0000] {processor.py:914} INFO - Processing file /home/airflow/.local/lib/python3.12/site-packages/airflow/example_dags/example_bash_decorator.py for tasks to queue
[2025-03-15T07:28:45.512+0000] {logging_mixin.py:190} INFO - [2025-03-15T07:28:45.512+0000] {dagbag.py:588} INFO - Filling up the DagBag from /home/airflow/.local/lib/python3.12/site-packages/airflow/example_dags/example_bash_decorator.py
[2025-03-15T07:28:45.520+0000] {processor.py:925} INFO - DAG(s) 'example_bash_decorator' retrieved from /home/airflow/.local/lib/python3.12/site-packages/airflow/example_dags/example_bash_decorator.py
[2025-03-15T07:28:45.533+0000] {logging_mixin.py:190} INFO - [2025-03-15T07:28:45.532+0000] {dag.py:3239} INFO - Sync 1 DAGs
[2025-03-15T07:28:45.540+0000] {logging_mixin.py:190} INFO - [2025-03-15T07:28:45.539+0000] {dag.py:4180} INFO - Setting next_dagrun for example_bash_decorator to None, run_after=None
[2025-03-15T07:28:45.547+0000] {processor.py:208} INFO - Processing /home/airflow/.local/lib/python3.12/site-packages/airflow/example_dags/example_bash_decorator.py took 0.040 seconds
[2025-03-15T07:29:15.619+0000] {processor.py:186} INFO - Started process (PID=2217) to work on /home/airflow/.local/lib/python3.12/site-packages/airflow/example_dags/example_bash_decorator.py
[2025-03-15T07:29:15.619+0000] {processor.py:914} INFO - Processing file /home/airflow/.local/lib/python3.12/site-packages/airflow/example_dags/example_bash_decorator.py for tasks to queue
[2025-03-15T07:29:15.620+0000] {logging_mixin.py:190} INFO - [2025-03-15T07:29:15.620+0000] {dagbag.py:588} INFO - Filling up the DagBag from /home/airflow/.local/lib/python3.12/site-packages/airflow/example_dags/example_bash_decorator.py
[2025-03-15T07:29:15.629+0000] {processor.py:925} INFO - DAG(s) 'example_bash_decorator' retrieved from /home/airflow/.local/lib/python3.12/site-packages/airflow/example_dags/example_bash_decorator.py
[2025-03-15T07:29:15.641+0000] {logging_mixin.py:190} INFO - [2025-03-15T07:29:15.641+0000] {dag.py:3239} INFO - Sync 1 DAGs
[2025-03-15T07:29:15.648+0000] {logging_mixin.py:190} INFO - [2025-03-15T07:29:15.648+0000] {dag.py:4180} INFO - Setting next_dagrun for example_bash_decorator to None, run_after=None
[2025-03-15T07:29:15.657+0000] {processor.py:208} INFO - Processing /home/airflow/.local/lib/python3.12/site-packages/airflow/example_dags/example_bash_decorator.py took 0.042 seconds
[2025-03-15T07:29:46.024+0000] {processor.py:186} INFO - Started process (PID=2281) to work on /home/airflow/.local/lib/python3.12/site-packages/airflow/example_dags/example_bash_decorator.py
[2025-03-15T07:29:46.026+0000] {processor.py:914} INFO - Processing file /home/airflow/.local/lib/python3.12/site-packages/airflow/example_dags/example_bash_decorator.py for tasks to queue
[2025-03-15T07:29:46.027+0000] {logging_mixin.py:190} INFO - [2025-03-15T07:29:46.027+0000] {dagbag.py:588} INFO - Filling up the DagBag from /home/airflow/.local/lib/python3.12/site-packages/airflow/example_dags/example_bash_decorator.py
[2025-03-15T07:29:46.035+0000] {processor.py:925} INFO - DAG(s) 'example_bash_decorator' retrieved from /home/airflow/.local/lib/python3.12/site-packages/airflow/example_dags/example_bash_decorator.py
[2025-03-15T07:29:46.048+0000] {logging_mixin.py:190} INFO - [2025-03-15T07:29:46.048+0000] {dag.py:3239} INFO - Sync 1 DAGs
[2025-03-15T07:29:46.057+0000] {logging_mixin.py:190} INFO - [2025-03-15T07:29:46.057+0000] {dag.py:4180} INFO - Setting next_dagrun for example_bash_decorator to None, run_after=None
[2025-03-15T07:29:46.070+0000] {processor.py:208} INFO - Processing /home/airflow/.local/lib/python3.12/site-packages/airflow/example_dags/example_bash_decorator.py took 0.050 seconds
[2025-03-15T07:30:16.469+0000] {processor.py:186} INFO - Started process (PID=2345) to work on /home/airflow/.local/lib/python3.12/site-packages/airflow/example_dags/example_bash_decorator.py
[2025-03-15T07:30:16.470+0000] {processor.py:914} INFO - Processing file /home/airflow/.local/lib/python3.12/site-packages/airflow/example_dags/example_bash_decorator.py for tasks to queue
[2025-03-15T07:30:16.473+0000] {logging_mixin.py:190} INFO - [2025-03-15T07:30:16.472+0000] {dagbag.py:588} INFO - Filling up the DagBag from /home/airflow/.local/lib/python3.12/site-packages/airflow/example_dags/example_bash_decorator.py
[2025-03-15T07:30:16.482+0000] {processor.py:925} INFO - DAG(s) 'example_bash_decorator' retrieved from /home/airflow/.local/lib/python3.12/site-packages/airflow/example_dags/example_bash_decorator.py
[2025-03-15T07:30:16.500+0000] {logging_mixin.py:190} INFO - [2025-03-15T07:30:16.500+0000] {dag.py:3239} INFO - Sync 1 DAGs
[2025-03-15T07:30:16.511+0000] {logging_mixin.py:190} INFO - [2025-03-15T07:30:16.511+0000] {dag.py:4180} INFO - Setting next_dagrun for example_bash_decorator to None, run_after=None
[2025-03-15T07:30:16.528+0000] {processor.py:208} INFO - Processing /home/airflow/.local/lib/python3.12/site-packages/airflow/example_dags/example_bash_decorator.py took 0.062 seconds
[2025-03-15T07:30:46.712+0000] {processor.py:186} INFO - Started process (PID=2409) to work on /home/airflow/.local/lib/python3.12/site-packages/airflow/example_dags/example_bash_decorator.py
[2025-03-15T07:30:46.716+0000] {processor.py:914} INFO - Processing file /home/airflow/.local/lib/python3.12/site-packages/airflow/example_dags/example_bash_decorator.py for tasks to queue
[2025-03-15T07:30:46.717+0000] {logging_mixin.py:190} INFO - [2025-03-15T07:30:46.717+0000] {dagbag.py:588} INFO - Filling up the DagBag from /home/airflow/.local/lib/python3.12/site-packages/airflow/example_dags/example_bash_decorator.py
[2025-03-15T07:30:46.724+0000] {processor.py:925} INFO - DAG(s) 'example_bash_decorator' retrieved from /home/airflow/.local/lib/python3.12/site-packages/airflow/example_dags/example_bash_decorator.py
[2025-03-15T07:30:46.740+0000] {logging_mixin.py:190} INFO - [2025-03-15T07:30:46.740+0000] {dag.py:3239} INFO - Sync 1 DAGs
[2025-03-15T07:30:46.746+0000] {logging_mixin.py:190} INFO - [2025-03-15T07:30:46.746+0000] {dag.py:4180} INFO - Setting next_dagrun for example_bash_decorator to None, run_after=None
[2025-03-15T07:30:46.762+0000] {processor.py:208} INFO - Processing /home/airflow/.local/lib/python3.12/site-packages/airflow/example_dags/example_bash_decorator.py took 0.053 seconds
[2025-03-15T07:31:16.778+0000] {processor.py:186} INFO - Started process (PID=2473) to work on /home/airflow/.local/lib/python3.12/site-packages/airflow/example_dags/example_bash_decorator.py
[2025-03-15T07:31:16.779+0000] {processor.py:914} INFO - Processing file /home/airflow/.local/lib/python3.12/site-packages/airflow/example_dags/example_bash_decorator.py for tasks to queue
[2025-03-15T07:31:16.780+0000] {logging_mixin.py:190} INFO - [2025-03-15T07:31:16.780+0000] {dagbag.py:588} INFO - Filling up the DagBag from /home/airflow/.local/lib/python3.12/site-packages/airflow/example_dags/example_bash_decorator.py
[2025-03-15T07:31:16.790+0000] {processor.py:925} INFO - DAG(s) 'example_bash_decorator' retrieved from /home/airflow/.local/lib/python3.12/site-packages/airflow/example_dags/example_bash_decorator.py
[2025-03-15T07:31:16.809+0000] {logging_mixin.py:190} INFO - [2025-03-15T07:31:16.808+0000] {dag.py:3239} INFO - Sync 1 DAGs
[2025-03-15T07:31:16.815+0000] {logging_mixin.py:190} INFO - [2025-03-15T07:31:16.815+0000] {dag.py:4180} INFO - Setting next_dagrun for example_bash_decorator to None, run_after=None
[2025-03-15T07:31:16.824+0000] {processor.py:208} INFO - Processing /home/airflow/.local/lib/python3.12/site-packages/airflow/example_dags/example_bash_decorator.py took 0.050 seconds
[2025-03-15T07:31:47.270+0000] {processor.py:186} INFO - Started process (PID=2537) to work on /home/airflow/.local/lib/python3.12/site-packages/airflow/example_dags/example_bash_decorator.py
[2025-03-15T07:31:47.270+0000] {processor.py:914} INFO - Processing file /home/airflow/.local/lib/python3.12/site-packages/airflow/example_dags/example_bash_decorator.py for tasks to queue
[2025-03-15T07:31:47.271+0000] {logging_mixin.py:190} INFO - [2025-03-15T07:31:47.271+0000] {dagbag.py:588} INFO - Filling up the DagBag from /home/airflow/.local/lib/python3.12/site-packages/airflow/example_dags/example_bash_decorator.py
[2025-03-15T07:31:47.278+0000] {processor.py:925} INFO - DAG(s) 'example_bash_decorator' retrieved from /home/airflow/.local/lib/python3.12/site-packages/airflow/example_dags/example_bash_decorator.py
[2025-03-15T07:31:47.291+0000] {logging_mixin.py:190} INFO - [2025-03-15T07:31:47.291+0000] {dag.py:3239} INFO - Sync 1 DAGs
[2025-03-15T07:31:47.297+0000] {logging_mixin.py:190} INFO - [2025-03-15T07:31:47.297+0000] {dag.py:4180} INFO - Setting next_dagrun for example_bash_decorator to None, run_after=None
[2025-03-15T07:31:47.308+0000] {processor.py:208} INFO - Processing /home/airflow/.local/lib/python3.12/site-packages/airflow/example_dags/example_bash_decorator.py took 0.041 seconds
[2025-03-15T07:32:17.605+0000] {processor.py:186} INFO - Started process (PID=2601) to work on /home/airflow/.local/lib/python3.12/site-packages/airflow/example_dags/example_bash_decorator.py
[2025-03-15T07:32:17.606+0000] {processor.py:914} INFO - Processing file /home/airflow/.local/lib/python3.12/site-packages/airflow/example_dags/example_bash_decorator.py for tasks to queue
[2025-03-15T07:32:17.608+0000] {logging_mixin.py:190} INFO - [2025-03-15T07:32:17.608+0000] {dagbag.py:588} INFO - Filling up the DagBag from /home/airflow/.local/lib/python3.12/site-packages/airflow/example_dags/example_bash_decorator.py
[2025-03-15T07:32:17.616+0000] {processor.py:925} INFO - DAG(s) 'example_bash_decorator' retrieved from /home/airflow/.local/lib/python3.12/site-packages/airflow/example_dags/example_bash_decorator.py
[2025-03-15T07:32:17.628+0000] {logging_mixin.py:190} INFO - [2025-03-15T07:32:17.628+0000] {dag.py:3239} INFO - Sync 1 DAGs
[2025-03-15T07:32:17.634+0000] {logging_mixin.py:190} INFO - [2025-03-15T07:32:17.634+0000] {dag.py:4180} INFO - Setting next_dagrun for example_bash_decorator to None, run_after=None
[2025-03-15T07:32:17.643+0000] {processor.py:208} INFO - Processing /home/airflow/.local/lib/python3.12/site-packages/airflow/example_dags/example_bash_decorator.py took 0.042 seconds
