[2025-03-15T07:11:56.988+0000] {processor.py:186} INFO - Started process (PID=47) to work on /home/airflow/.local/lib/python3.12/site-packages/airflow/example_dags/example_bash_operator.py
[2025-03-15T07:11:56.990+0000] {processor.py:914} INFO - Processing file /home/airflow/.local/lib/python3.12/site-packages/airflow/example_dags/example_bash_operator.py for tasks to queue
[2025-03-15T07:11:56.994+0000] {logging_mixin.py:190} INFO - [2025-03-15T07:11:56.994+0000] {dagbag.py:588} INFO - Filling up the DagBag from /home/airflow/.local/lib/python3.12/site-packages/airflow/example_dags/example_bash_operator.py
[2025-03-15T07:11:57.009+0000] {processor.py:925} INFO - DAG(s) 'example_bash_operator' retrieved from /home/airflow/.local/lib/python3.12/site-packages/airflow/example_dags/example_bash_operator.py
[2025-03-15T07:11:57.051+0000] {logging_mixin.py:190} INFO - [2025-03-15T07:11:57.051+0000] {dag.py:3239} INFO - Sync 1 DAGs
[2025-03-15T07:11:57.079+0000] {logging_mixin.py:190} INFO - [2025-03-15T07:11:57.079+0000] {dag.py:4180} INFO - Setting next_dagrun for example_bash_operator to 2025-03-14 00:00:00+00:00, run_after=2025-03-15 00:00:00+00:00
[2025-03-15T07:11:57.095+0000] {processor.py:208} INFO - Processing /home/airflow/.local/lib/python3.12/site-packages/airflow/example_dags/example_bash_operator.py took 0.114 seconds
[2025-03-15T07:12:27.749+0000] {processor.py:186} INFO - Started process (PID=110) to work on /home/airflow/.local/lib/python3.12/site-packages/airflow/example_dags/example_bash_operator.py
[2025-03-15T07:12:27.752+0000] {processor.py:914} INFO - Processing file /home/airflow/.local/lib/python3.12/site-packages/airflow/example_dags/example_bash_operator.py for tasks to queue
[2025-03-15T07:12:27.755+0000] {logging_mixin.py:190} INFO - [2025-03-15T07:12:27.755+0000] {dagbag.py:588} INFO - Filling up the DagBag from /home/airflow/.local/lib/python3.12/site-packages/airflow/example_dags/example_bash_operator.py
[2025-03-15T07:12:27.773+0000] {processor.py:925} INFO - DAG(s) 'example_bash_operator' retrieved from /home/airflow/.local/lib/python3.12/site-packages/airflow/example_dags/example_bash_operator.py
[2025-03-15T07:12:27.796+0000] {logging_mixin.py:190} INFO - [2025-03-15T07:12:27.796+0000] {dag.py:3239} INFO - Sync 1 DAGs
[2025-03-15T07:12:27.814+0000] {logging_mixin.py:190} INFO - [2025-03-15T07:12:27.814+0000] {dag.py:4180} INFO - Setting next_dagrun for example_bash_operator to 2025-03-14 00:00:00+00:00, run_after=2025-03-15 00:00:00+00:00
[2025-03-15T07:12:27.834+0000] {processor.py:208} INFO - Processing /home/airflow/.local/lib/python3.12/site-packages/airflow/example_dags/example_bash_operator.py took 0.094 seconds
[2025-03-15T07:12:58.244+0000] {processor.py:186} INFO - Started process (PID=172) to work on /home/airflow/.local/lib/python3.12/site-packages/airflow/example_dags/example_bash_operator.py
[2025-03-15T07:12:58.246+0000] {processor.py:914} INFO - Processing file /home/airflow/.local/lib/python3.12/site-packages/airflow/example_dags/example_bash_operator.py for tasks to queue
[2025-03-15T07:12:58.252+0000] {logging_mixin.py:190} INFO - [2025-03-15T07:12:58.251+0000] {dagbag.py:588} INFO - Filling up the DagBag from /home/airflow/.local/lib/python3.12/site-packages/airflow/example_dags/example_bash_operator.py
[2025-03-15T07:12:58.273+0000] {processor.py:925} INFO - DAG(s) 'example_bash_operator' retrieved from /home/airflow/.local/lib/python3.12/site-packages/airflow/example_dags/example_bash_operator.py
[2025-03-15T07:12:58.303+0000] {logging_mixin.py:190} INFO - [2025-03-15T07:12:58.303+0000] {dag.py:3239} INFO - Sync 1 DAGs
[2025-03-15T07:12:58.325+0000] {logging_mixin.py:190} INFO - [2025-03-15T07:12:58.324+0000] {dag.py:4180} INFO - Setting next_dagrun for example_bash_operator to 2025-03-14 00:00:00+00:00, run_after=2025-03-15 00:00:00+00:00
[2025-03-15T07:12:58.340+0000] {processor.py:208} INFO - Processing /home/airflow/.local/lib/python3.12/site-packages/airflow/example_dags/example_bash_operator.py took 0.128 seconds
[2025-03-15T07:13:29.125+0000] {processor.py:186} INFO - Started process (PID=235) to work on /home/airflow/.local/lib/python3.12/site-packages/airflow/example_dags/example_bash_operator.py
[2025-03-15T07:13:29.127+0000] {processor.py:914} INFO - Processing file /home/airflow/.local/lib/python3.12/site-packages/airflow/example_dags/example_bash_operator.py for tasks to queue
[2025-03-15T07:13:29.130+0000] {logging_mixin.py:190} INFO - [2025-03-15T07:13:29.129+0000] {dagbag.py:588} INFO - Filling up the DagBag from /home/airflow/.local/lib/python3.12/site-packages/airflow/example_dags/example_bash_operator.py
[2025-03-15T07:13:29.161+0000] {processor.py:925} INFO - DAG(s) 'example_bash_operator' retrieved from /home/airflow/.local/lib/python3.12/site-packages/airflow/example_dags/example_bash_operator.py
[2025-03-15T07:13:29.182+0000] {logging_mixin.py:190} INFO - [2025-03-15T07:13:29.182+0000] {dag.py:3239} INFO - Sync 1 DAGs
[2025-03-15T07:13:29.202+0000] {logging_mixin.py:190} INFO - [2025-03-15T07:13:29.202+0000] {dag.py:4180} INFO - Setting next_dagrun for example_bash_operator to 2025-03-14 00:00:00+00:00, run_after=2025-03-15 00:00:00+00:00
[2025-03-15T07:13:29.215+0000] {processor.py:208} INFO - Processing /home/airflow/.local/lib/python3.12/site-packages/airflow/example_dags/example_bash_operator.py took 0.096 seconds
[2025-03-15T07:13:59.723+0000] {processor.py:186} INFO - Started process (PID=298) to work on /home/airflow/.local/lib/python3.12/site-packages/airflow/example_dags/example_bash_operator.py
[2025-03-15T07:13:59.725+0000] {processor.py:914} INFO - Processing file /home/airflow/.local/lib/python3.12/site-packages/airflow/example_dags/example_bash_operator.py for tasks to queue
[2025-03-15T07:13:59.734+0000] {logging_mixin.py:190} INFO - [2025-03-15T07:13:59.732+0000] {dagbag.py:588} INFO - Filling up the DagBag from /home/airflow/.local/lib/python3.12/site-packages/airflow/example_dags/example_bash_operator.py
[2025-03-15T07:13:59.762+0000] {processor.py:925} INFO - DAG(s) 'example_bash_operator' retrieved from /home/airflow/.local/lib/python3.12/site-packages/airflow/example_dags/example_bash_operator.py
[2025-03-15T07:13:59.798+0000] {logging_mixin.py:190} INFO - [2025-03-15T07:13:59.797+0000] {dag.py:3239} INFO - Sync 1 DAGs
[2025-03-15T07:13:59.822+0000] {logging_mixin.py:190} INFO - [2025-03-15T07:13:59.822+0000] {dag.py:4180} INFO - Setting next_dagrun for example_bash_operator to 2025-03-14 00:00:00+00:00, run_after=2025-03-15 00:00:00+00:00
[2025-03-15T07:13:59.839+0000] {processor.py:208} INFO - Processing /home/airflow/.local/lib/python3.12/site-packages/airflow/example_dags/example_bash_operator.py took 0.127 seconds
[2025-03-15T07:14:29.994+0000] {processor.py:186} INFO - Started process (PID=361) to work on /home/airflow/.local/lib/python3.12/site-packages/airflow/example_dags/example_bash_operator.py
[2025-03-15T07:14:29.996+0000] {processor.py:914} INFO - Processing file /home/airflow/.local/lib/python3.12/site-packages/airflow/example_dags/example_bash_operator.py for tasks to queue
[2025-03-15T07:14:30.000+0000] {logging_mixin.py:190} INFO - [2025-03-15T07:14:29.999+0000] {dagbag.py:588} INFO - Filling up the DagBag from /home/airflow/.local/lib/python3.12/site-packages/airflow/example_dags/example_bash_operator.py
[2025-03-15T07:14:30.016+0000] {processor.py:925} INFO - DAG(s) 'example_bash_operator' retrieved from /home/airflow/.local/lib/python3.12/site-packages/airflow/example_dags/example_bash_operator.py
[2025-03-15T07:14:30.044+0000] {logging_mixin.py:190} INFO - [2025-03-15T07:14:30.044+0000] {dag.py:3239} INFO - Sync 1 DAGs
[2025-03-15T07:14:30.364+0000] {logging_mixin.py:190} INFO - [2025-03-15T07:14:30.364+0000] {dag.py:4180} INFO - Setting next_dagrun for example_bash_operator to 2025-03-14 00:00:00+00:00, run_after=2025-03-15 00:00:00+00:00
[2025-03-15T07:14:30.426+0000] {processor.py:208} INFO - Processing /home/airflow/.local/lib/python3.12/site-packages/airflow/example_dags/example_bash_operator.py took 0.446 seconds
[2025-03-15T07:15:00.532+0000] {processor.py:186} INFO - Started process (PID=424) to work on /home/airflow/.local/lib/python3.12/site-packages/airflow/example_dags/example_bash_operator.py
[2025-03-15T07:15:00.534+0000] {processor.py:914} INFO - Processing file /home/airflow/.local/lib/python3.12/site-packages/airflow/example_dags/example_bash_operator.py for tasks to queue
[2025-03-15T07:15:00.539+0000] {logging_mixin.py:190} INFO - [2025-03-15T07:15:00.538+0000] {dagbag.py:588} INFO - Filling up the DagBag from /home/airflow/.local/lib/python3.12/site-packages/airflow/example_dags/example_bash_operator.py
[2025-03-15T07:15:00.557+0000] {processor.py:925} INFO - DAG(s) 'example_bash_operator' retrieved from /home/airflow/.local/lib/python3.12/site-packages/airflow/example_dags/example_bash_operator.py
[2025-03-15T07:15:00.581+0000] {logging_mixin.py:190} INFO - [2025-03-15T07:15:00.580+0000] {dag.py:3239} INFO - Sync 1 DAGs
[2025-03-15T07:15:00.600+0000] {logging_mixin.py:190} INFO - [2025-03-15T07:15:00.600+0000] {dag.py:4180} INFO - Setting next_dagrun for example_bash_operator to 2025-03-14 00:00:00+00:00, run_after=2025-03-15 00:00:00+00:00
[2025-03-15T07:15:00.617+0000] {processor.py:208} INFO - Processing /home/airflow/.local/lib/python3.12/site-packages/airflow/example_dags/example_bash_operator.py took 0.116 seconds
[2025-03-15T07:15:31.501+0000] {processor.py:186} INFO - Started process (PID=493) to work on /home/airflow/.local/lib/python3.12/site-packages/airflow/example_dags/example_bash_operator.py
[2025-03-15T07:15:31.502+0000] {processor.py:914} INFO - Processing file /home/airflow/.local/lib/python3.12/site-packages/airflow/example_dags/example_bash_operator.py for tasks to queue
[2025-03-15T07:15:31.505+0000] {logging_mixin.py:190} INFO - [2025-03-15T07:15:31.505+0000] {dagbag.py:588} INFO - Filling up the DagBag from /home/airflow/.local/lib/python3.12/site-packages/airflow/example_dags/example_bash_operator.py
[2025-03-15T07:15:31.521+0000] {processor.py:925} INFO - DAG(s) 'example_bash_operator' retrieved from /home/airflow/.local/lib/python3.12/site-packages/airflow/example_dags/example_bash_operator.py
[2025-03-15T07:15:31.551+0000] {logging_mixin.py:190} INFO - [2025-03-15T07:15:31.551+0000] {dag.py:3239} INFO - Sync 1 DAGs
[2025-03-15T07:15:31.567+0000] {logging_mixin.py:190} INFO - [2025-03-15T07:15:31.567+0000] {dag.py:4180} INFO - Setting next_dagrun for example_bash_operator to 2025-03-14 00:00:00+00:00, run_after=2025-03-15 00:00:00+00:00
[2025-03-15T07:15:31.583+0000] {processor.py:208} INFO - Processing /home/airflow/.local/lib/python3.12/site-packages/airflow/example_dags/example_bash_operator.py took 0.091 seconds
[2025-03-15T07:16:02.418+0000] {processor.py:186} INFO - Started process (PID=556) to work on /home/airflow/.local/lib/python3.12/site-packages/airflow/example_dags/example_bash_operator.py
[2025-03-15T07:16:02.419+0000] {processor.py:914} INFO - Processing file /home/airflow/.local/lib/python3.12/site-packages/airflow/example_dags/example_bash_operator.py for tasks to queue
[2025-03-15T07:16:02.423+0000] {logging_mixin.py:190} INFO - [2025-03-15T07:16:02.422+0000] {dagbag.py:588} INFO - Filling up the DagBag from /home/airflow/.local/lib/python3.12/site-packages/airflow/example_dags/example_bash_operator.py
[2025-03-15T07:16:02.438+0000] {processor.py:925} INFO - DAG(s) 'example_bash_operator' retrieved from /home/airflow/.local/lib/python3.12/site-packages/airflow/example_dags/example_bash_operator.py
[2025-03-15T07:16:02.461+0000] {logging_mixin.py:190} INFO - [2025-03-15T07:16:02.461+0000] {dag.py:3239} INFO - Sync 1 DAGs
[2025-03-15T07:16:02.481+0000] {logging_mixin.py:190} INFO - [2025-03-15T07:16:02.481+0000] {dag.py:4180} INFO - Setting next_dagrun for example_bash_operator to 2025-03-14 00:00:00+00:00, run_after=2025-03-15 00:00:00+00:00
[2025-03-15T07:16:02.495+0000] {processor.py:208} INFO - Processing /home/airflow/.local/lib/python3.12/site-packages/airflow/example_dags/example_bash_operator.py took 0.088 seconds
[2025-03-15T07:16:33.384+0000] {processor.py:186} INFO - Started process (PID=618) to work on /home/airflow/.local/lib/python3.12/site-packages/airflow/example_dags/example_bash_operator.py
[2025-03-15T07:16:33.385+0000] {processor.py:914} INFO - Processing file /home/airflow/.local/lib/python3.12/site-packages/airflow/example_dags/example_bash_operator.py for tasks to queue
[2025-03-15T07:16:33.389+0000] {logging_mixin.py:190} INFO - [2025-03-15T07:16:33.389+0000] {dagbag.py:588} INFO - Filling up the DagBag from /home/airflow/.local/lib/python3.12/site-packages/airflow/example_dags/example_bash_operator.py
[2025-03-15T07:16:33.403+0000] {processor.py:925} INFO - DAG(s) 'example_bash_operator' retrieved from /home/airflow/.local/lib/python3.12/site-packages/airflow/example_dags/example_bash_operator.py
[2025-03-15T07:16:33.422+0000] {logging_mixin.py:190} INFO - [2025-03-15T07:16:33.422+0000] {dag.py:3239} INFO - Sync 1 DAGs
[2025-03-15T07:16:33.438+0000] {logging_mixin.py:190} INFO - [2025-03-15T07:16:33.438+0000] {dag.py:4180} INFO - Setting next_dagrun for example_bash_operator to 2025-03-14 00:00:00+00:00, run_after=2025-03-15 00:00:00+00:00
[2025-03-15T07:16:33.452+0000] {processor.py:208} INFO - Processing /home/airflow/.local/lib/python3.12/site-packages/airflow/example_dags/example_bash_operator.py took 0.076 seconds
[2025-03-15T07:17:04.289+0000] {processor.py:186} INFO - Started process (PID=681) to work on /home/airflow/.local/lib/python3.12/site-packages/airflow/example_dags/example_bash_operator.py
[2025-03-15T07:17:04.290+0000] {processor.py:914} INFO - Processing file /home/airflow/.local/lib/python3.12/site-packages/airflow/example_dags/example_bash_operator.py for tasks to queue
[2025-03-15T07:17:04.295+0000] {logging_mixin.py:190} INFO - [2025-03-15T07:17:04.295+0000] {dagbag.py:588} INFO - Filling up the DagBag from /home/airflow/.local/lib/python3.12/site-packages/airflow/example_dags/example_bash_operator.py
[2025-03-15T07:17:04.312+0000] {processor.py:925} INFO - DAG(s) 'example_bash_operator' retrieved from /home/airflow/.local/lib/python3.12/site-packages/airflow/example_dags/example_bash_operator.py
[2025-03-15T07:17:04.336+0000] {logging_mixin.py:190} INFO - [2025-03-15T07:17:04.336+0000] {dag.py:3239} INFO - Sync 1 DAGs
[2025-03-15T07:17:04.356+0000] {logging_mixin.py:190} INFO - [2025-03-15T07:17:04.356+0000] {dag.py:4180} INFO - Setting next_dagrun for example_bash_operator to 2025-03-14 00:00:00+00:00, run_after=2025-03-15 00:00:00+00:00
[2025-03-15T07:17:04.370+0000] {processor.py:208} INFO - Processing /home/airflow/.local/lib/python3.12/site-packages/airflow/example_dags/example_bash_operator.py took 0.087 seconds
[2025-03-15T07:17:34.430+0000] {processor.py:186} INFO - Started process (PID=744) to work on /home/airflow/.local/lib/python3.12/site-packages/airflow/example_dags/example_bash_operator.py
[2025-03-15T07:17:34.431+0000] {processor.py:914} INFO - Processing file /home/airflow/.local/lib/python3.12/site-packages/airflow/example_dags/example_bash_operator.py for tasks to queue
[2025-03-15T07:17:34.436+0000] {logging_mixin.py:190} INFO - [2025-03-15T07:17:34.436+0000] {dagbag.py:588} INFO - Filling up the DagBag from /home/airflow/.local/lib/python3.12/site-packages/airflow/example_dags/example_bash_operator.py
[2025-03-15T07:17:34.455+0000] {processor.py:925} INFO - DAG(s) 'example_bash_operator' retrieved from /home/airflow/.local/lib/python3.12/site-packages/airflow/example_dags/example_bash_operator.py
[2025-03-15T07:17:34.474+0000] {logging_mixin.py:190} INFO - [2025-03-15T07:17:34.474+0000] {dag.py:3239} INFO - Sync 1 DAGs
[2025-03-15T07:17:34.498+0000] {logging_mixin.py:190} INFO - [2025-03-15T07:17:34.498+0000] {dag.py:4180} INFO - Setting next_dagrun for example_bash_operator to 2025-03-14 00:00:00+00:00, run_after=2025-03-15 00:00:00+00:00
[2025-03-15T07:17:34.512+0000] {processor.py:208} INFO - Processing /home/airflow/.local/lib/python3.12/site-packages/airflow/example_dags/example_bash_operator.py took 0.089 seconds
[2025-03-15T07:18:04.809+0000] {processor.py:186} INFO - Started process (PID=807) to work on /home/airflow/.local/lib/python3.12/site-packages/airflow/example_dags/example_bash_operator.py
[2025-03-15T07:18:04.818+0000] {processor.py:914} INFO - Processing file /home/airflow/.local/lib/python3.12/site-packages/airflow/example_dags/example_bash_operator.py for tasks to queue
[2025-03-15T07:18:04.823+0000] {logging_mixin.py:190} INFO - [2025-03-15T07:18:04.823+0000] {dagbag.py:588} INFO - Filling up the DagBag from /home/airflow/.local/lib/python3.12/site-packages/airflow/example_dags/example_bash_operator.py
[2025-03-15T07:18:04.844+0000] {processor.py:925} INFO - DAG(s) 'example_bash_operator' retrieved from /home/airflow/.local/lib/python3.12/site-packages/airflow/example_dags/example_bash_operator.py
[2025-03-15T07:18:04.866+0000] {logging_mixin.py:190} INFO - [2025-03-15T07:18:04.866+0000] {dag.py:3239} INFO - Sync 1 DAGs
[2025-03-15T07:18:04.891+0000] {logging_mixin.py:190} INFO - [2025-03-15T07:18:04.891+0000] {dag.py:4180} INFO - Setting next_dagrun for example_bash_operator to 2025-03-14 00:00:00+00:00, run_after=2025-03-15 00:00:00+00:00
[2025-03-15T07:18:04.903+0000] {processor.py:208} INFO - Processing /home/airflow/.local/lib/python3.12/site-packages/airflow/example_dags/example_bash_operator.py took 0.108 seconds
[2025-03-15T07:18:34.938+0000] {processor.py:186} INFO - Started process (PID=870) to work on /home/airflow/.local/lib/python3.12/site-packages/airflow/example_dags/example_bash_operator.py
[2025-03-15T07:18:34.939+0000] {processor.py:914} INFO - Processing file /home/airflow/.local/lib/python3.12/site-packages/airflow/example_dags/example_bash_operator.py for tasks to queue
[2025-03-15T07:18:34.942+0000] {logging_mixin.py:190} INFO - [2025-03-15T07:18:34.941+0000] {dagbag.py:588} INFO - Filling up the DagBag from /home/airflow/.local/lib/python3.12/site-packages/airflow/example_dags/example_bash_operator.py
[2025-03-15T07:18:34.955+0000] {processor.py:925} INFO - DAG(s) 'example_bash_operator' retrieved from /home/airflow/.local/lib/python3.12/site-packages/airflow/example_dags/example_bash_operator.py
[2025-03-15T07:18:34.980+0000] {logging_mixin.py:190} INFO - [2025-03-15T07:18:34.980+0000] {dag.py:3239} INFO - Sync 1 DAGs
[2025-03-15T07:18:34.998+0000] {logging_mixin.py:190} INFO - [2025-03-15T07:18:34.998+0000] {dag.py:4180} INFO - Setting next_dagrun for example_bash_operator to 2025-03-14 00:00:00+00:00, run_after=2025-03-15 00:00:00+00:00
[2025-03-15T07:18:35.012+0000] {processor.py:208} INFO - Processing /home/airflow/.local/lib/python3.12/site-packages/airflow/example_dags/example_bash_operator.py took 0.079 seconds
[2025-03-15T07:19:05.298+0000] {processor.py:186} INFO - Started process (PID=941) to work on /home/airflow/.local/lib/python3.12/site-packages/airflow/example_dags/example_bash_operator.py
[2025-03-15T07:19:05.299+0000] {processor.py:914} INFO - Processing file /home/airflow/.local/lib/python3.12/site-packages/airflow/example_dags/example_bash_operator.py for tasks to queue
[2025-03-15T07:19:05.303+0000] {logging_mixin.py:190} INFO - [2025-03-15T07:19:05.303+0000] {dagbag.py:588} INFO - Filling up the DagBag from /home/airflow/.local/lib/python3.12/site-packages/airflow/example_dags/example_bash_operator.py
[2025-03-15T07:19:05.321+0000] {processor.py:925} INFO - DAG(s) 'example_bash_operator' retrieved from /home/airflow/.local/lib/python3.12/site-packages/airflow/example_dags/example_bash_operator.py
[2025-03-15T07:19:05.340+0000] {logging_mixin.py:190} INFO - [2025-03-15T07:19:05.340+0000] {dag.py:3239} INFO - Sync 1 DAGs
[2025-03-15T07:19:05.355+0000] {logging_mixin.py:190} INFO - [2025-03-15T07:19:05.355+0000] {dag.py:4180} INFO - Setting next_dagrun for example_bash_operator to 2025-03-14 00:00:00+00:00, run_after=2025-03-15 00:00:00+00:00
[2025-03-15T07:19:05.370+0000] {processor.py:208} INFO - Processing /home/airflow/.local/lib/python3.12/site-packages/airflow/example_dags/example_bash_operator.py took 0.082 seconds
[2025-03-15T07:19:36.210+0000] {processor.py:186} INFO - Started process (PID=1004) to work on /home/airflow/.local/lib/python3.12/site-packages/airflow/example_dags/example_bash_operator.py
[2025-03-15T07:19:36.211+0000] {processor.py:914} INFO - Processing file /home/airflow/.local/lib/python3.12/site-packages/airflow/example_dags/example_bash_operator.py for tasks to queue
[2025-03-15T07:19:36.213+0000] {logging_mixin.py:190} INFO - [2025-03-15T07:19:36.213+0000] {dagbag.py:588} INFO - Filling up the DagBag from /home/airflow/.local/lib/python3.12/site-packages/airflow/example_dags/example_bash_operator.py
[2025-03-15T07:19:36.228+0000] {processor.py:925} INFO - DAG(s) 'example_bash_operator' retrieved from /home/airflow/.local/lib/python3.12/site-packages/airflow/example_dags/example_bash_operator.py
[2025-03-15T07:19:36.246+0000] {logging_mixin.py:190} INFO - [2025-03-15T07:19:36.245+0000] {dag.py:3239} INFO - Sync 1 DAGs
[2025-03-15T07:19:36.259+0000] {logging_mixin.py:190} INFO - [2025-03-15T07:19:36.258+0000] {dag.py:4180} INFO - Setting next_dagrun for example_bash_operator to 2025-03-14 00:00:00+00:00, run_after=2025-03-15 00:00:00+00:00
[2025-03-15T07:19:36.270+0000] {processor.py:208} INFO - Processing /home/airflow/.local/lib/python3.12/site-packages/airflow/example_dags/example_bash_operator.py took 0.064 seconds
[2025-03-15T07:20:06.407+0000] {processor.py:186} INFO - Started process (PID=1067) to work on /home/airflow/.local/lib/python3.12/site-packages/airflow/example_dags/example_bash_operator.py
[2025-03-15T07:20:06.408+0000] {processor.py:914} INFO - Processing file /home/airflow/.local/lib/python3.12/site-packages/airflow/example_dags/example_bash_operator.py for tasks to queue
[2025-03-15T07:20:06.412+0000] {logging_mixin.py:190} INFO - [2025-03-15T07:20:06.412+0000] {dagbag.py:588} INFO - Filling up the DagBag from /home/airflow/.local/lib/python3.12/site-packages/airflow/example_dags/example_bash_operator.py
[2025-03-15T07:20:06.430+0000] {processor.py:925} INFO - DAG(s) 'example_bash_operator' retrieved from /home/airflow/.local/lib/python3.12/site-packages/airflow/example_dags/example_bash_operator.py
[2025-03-15T07:20:06.457+0000] {logging_mixin.py:190} INFO - [2025-03-15T07:20:06.457+0000] {dag.py:3239} INFO - Sync 1 DAGs
[2025-03-15T07:20:06.477+0000] {logging_mixin.py:190} INFO - [2025-03-15T07:20:06.477+0000] {dag.py:4180} INFO - Setting next_dagrun for example_bash_operator to 2025-03-14 00:00:00+00:00, run_after=2025-03-15 00:00:00+00:00
[2025-03-15T07:20:06.494+0000] {processor.py:208} INFO - Processing /home/airflow/.local/lib/python3.12/site-packages/airflow/example_dags/example_bash_operator.py took 0.099 seconds
[2025-03-15T07:20:36.639+0000] {processor.py:186} INFO - Started process (PID=1129) to work on /home/airflow/.local/lib/python3.12/site-packages/airflow/example_dags/example_bash_operator.py
[2025-03-15T07:20:36.640+0000] {processor.py:914} INFO - Processing file /home/airflow/.local/lib/python3.12/site-packages/airflow/example_dags/example_bash_operator.py for tasks to queue
[2025-03-15T07:20:36.643+0000] {logging_mixin.py:190} INFO - [2025-03-15T07:20:36.643+0000] {dagbag.py:588} INFO - Filling up the DagBag from /home/airflow/.local/lib/python3.12/site-packages/airflow/example_dags/example_bash_operator.py
[2025-03-15T07:20:36.656+0000] {processor.py:925} INFO - DAG(s) 'example_bash_operator' retrieved from /home/airflow/.local/lib/python3.12/site-packages/airflow/example_dags/example_bash_operator.py
[2025-03-15T07:20:36.676+0000] {logging_mixin.py:190} INFO - [2025-03-15T07:20:36.675+0000] {dag.py:3239} INFO - Sync 1 DAGs
[2025-03-15T07:20:36.693+0000] {logging_mixin.py:190} INFO - [2025-03-15T07:20:36.693+0000] {dag.py:4180} INFO - Setting next_dagrun for example_bash_operator to 2025-03-14 00:00:00+00:00, run_after=2025-03-15 00:00:00+00:00
[2025-03-15T07:20:36.706+0000] {processor.py:208} INFO - Processing /home/airflow/.local/lib/python3.12/site-packages/airflow/example_dags/example_bash_operator.py took 0.074 seconds
[2025-03-15T07:21:07.144+0000] {processor.py:186} INFO - Started process (PID=1192) to work on /home/airflow/.local/lib/python3.12/site-packages/airflow/example_dags/example_bash_operator.py
[2025-03-15T07:21:07.145+0000] {processor.py:914} INFO - Processing file /home/airflow/.local/lib/python3.12/site-packages/airflow/example_dags/example_bash_operator.py for tasks to queue
[2025-03-15T07:21:07.148+0000] {logging_mixin.py:190} INFO - [2025-03-15T07:21:07.148+0000] {dagbag.py:588} INFO - Filling up the DagBag from /home/airflow/.local/lib/python3.12/site-packages/airflow/example_dags/example_bash_operator.py
[2025-03-15T07:21:07.159+0000] {processor.py:925} INFO - DAG(s) 'example_bash_operator' retrieved from /home/airflow/.local/lib/python3.12/site-packages/airflow/example_dags/example_bash_operator.py
[2025-03-15T07:21:07.179+0000] {logging_mixin.py:190} INFO - [2025-03-15T07:21:07.178+0000] {dag.py:3239} INFO - Sync 1 DAGs
[2025-03-15T07:21:07.191+0000] {logging_mixin.py:190} INFO - [2025-03-15T07:21:07.191+0000] {dag.py:4180} INFO - Setting next_dagrun for example_bash_operator to 2025-03-14 00:00:00+00:00, run_after=2025-03-15 00:00:00+00:00
[2025-03-15T07:21:07.206+0000] {processor.py:208} INFO - Processing /home/airflow/.local/lib/python3.12/site-packages/airflow/example_dags/example_bash_operator.py took 0.067 seconds
[2025-03-15T07:21:37.382+0000] {processor.py:186} INFO - Started process (PID=1255) to work on /home/airflow/.local/lib/python3.12/site-packages/airflow/example_dags/example_bash_operator.py
[2025-03-15T07:21:37.383+0000] {processor.py:914} INFO - Processing file /home/airflow/.local/lib/python3.12/site-packages/airflow/example_dags/example_bash_operator.py for tasks to queue
[2025-03-15T07:21:37.387+0000] {logging_mixin.py:190} INFO - [2025-03-15T07:21:37.386+0000] {dagbag.py:588} INFO - Filling up the DagBag from /home/airflow/.local/lib/python3.12/site-packages/airflow/example_dags/example_bash_operator.py
[2025-03-15T07:21:37.405+0000] {processor.py:925} INFO - DAG(s) 'example_bash_operator' retrieved from /home/airflow/.local/lib/python3.12/site-packages/airflow/example_dags/example_bash_operator.py
[2025-03-15T07:21:37.423+0000] {logging_mixin.py:190} INFO - [2025-03-15T07:21:37.423+0000] {dag.py:3239} INFO - Sync 1 DAGs
[2025-03-15T07:21:37.444+0000] {logging_mixin.py:190} INFO - [2025-03-15T07:21:37.443+0000] {dag.py:4180} INFO - Setting next_dagrun for example_bash_operator to 2025-03-14 00:00:00+00:00, run_after=2025-03-15 00:00:00+00:00
[2025-03-15T07:21:37.459+0000] {processor.py:208} INFO - Processing /home/airflow/.local/lib/python3.12/site-packages/airflow/example_dags/example_bash_operator.py took 0.085 seconds
[2025-03-15T07:22:07.566+0000] {processor.py:186} INFO - Started process (PID=1318) to work on /home/airflow/.local/lib/python3.12/site-packages/airflow/example_dags/example_bash_operator.py
[2025-03-15T07:22:07.567+0000] {processor.py:914} INFO - Processing file /home/airflow/.local/lib/python3.12/site-packages/airflow/example_dags/example_bash_operator.py for tasks to queue
[2025-03-15T07:22:07.570+0000] {logging_mixin.py:190} INFO - [2025-03-15T07:22:07.569+0000] {dagbag.py:588} INFO - Filling up the DagBag from /home/airflow/.local/lib/python3.12/site-packages/airflow/example_dags/example_bash_operator.py
[2025-03-15T07:22:07.589+0000] {processor.py:925} INFO - DAG(s) 'example_bash_operator' retrieved from /home/airflow/.local/lib/python3.12/site-packages/airflow/example_dags/example_bash_operator.py
[2025-03-15T07:22:07.609+0000] {logging_mixin.py:190} INFO - [2025-03-15T07:22:07.609+0000] {dag.py:3239} INFO - Sync 1 DAGs
[2025-03-15T07:22:07.625+0000] {logging_mixin.py:190} INFO - [2025-03-15T07:22:07.625+0000] {dag.py:4180} INFO - Setting next_dagrun for example_bash_operator to 2025-03-14 00:00:00+00:00, run_after=2025-03-15 00:00:00+00:00
[2025-03-15T07:22:07.640+0000] {processor.py:208} INFO - Processing /home/airflow/.local/lib/python3.12/site-packages/airflow/example_dags/example_bash_operator.py took 0.079 seconds
[2025-03-15T07:22:37.923+0000] {processor.py:186} INFO - Started process (PID=1381) to work on /home/airflow/.local/lib/python3.12/site-packages/airflow/example_dags/example_bash_operator.py
[2025-03-15T07:22:37.924+0000] {processor.py:914} INFO - Processing file /home/airflow/.local/lib/python3.12/site-packages/airflow/example_dags/example_bash_operator.py for tasks to queue
[2025-03-15T07:22:37.926+0000] {logging_mixin.py:190} INFO - [2025-03-15T07:22:37.926+0000] {dagbag.py:588} INFO - Filling up the DagBag from /home/airflow/.local/lib/python3.12/site-packages/airflow/example_dags/example_bash_operator.py
[2025-03-15T07:22:37.957+0000] {processor.py:925} INFO - DAG(s) 'example_bash_operator' retrieved from /home/airflow/.local/lib/python3.12/site-packages/airflow/example_dags/example_bash_operator.py
[2025-03-15T07:22:38.019+0000] {logging_mixin.py:190} INFO - [2025-03-15T07:22:38.018+0000] {dag.py:3239} INFO - Sync 1 DAGs
[2025-03-15T07:22:38.039+0000] {logging_mixin.py:190} INFO - [2025-03-15T07:22:38.039+0000] {dag.py:4180} INFO - Setting next_dagrun for example_bash_operator to 2025-03-14 00:00:00+00:00, run_after=2025-03-15 00:00:00+00:00
[2025-03-15T07:22:38.054+0000] {processor.py:208} INFO - Processing /home/airflow/.local/lib/python3.12/site-packages/airflow/example_dags/example_bash_operator.py took 0.137 seconds
[2025-03-15T07:23:08.788+0000] {processor.py:186} INFO - Started process (PID=1444) to work on /home/airflow/.local/lib/python3.12/site-packages/airflow/example_dags/example_bash_operator.py
[2025-03-15T07:23:08.789+0000] {processor.py:914} INFO - Processing file /home/airflow/.local/lib/python3.12/site-packages/airflow/example_dags/example_bash_operator.py for tasks to queue
[2025-03-15T07:23:08.790+0000] {logging_mixin.py:190} INFO - [2025-03-15T07:23:08.790+0000] {dagbag.py:588} INFO - Filling up the DagBag from /home/airflow/.local/lib/python3.12/site-packages/airflow/example_dags/example_bash_operator.py
[2025-03-15T07:23:08.797+0000] {processor.py:925} INFO - DAG(s) 'example_bash_operator' retrieved from /home/airflow/.local/lib/python3.12/site-packages/airflow/example_dags/example_bash_operator.py
[2025-03-15T07:23:08.821+0000] {logging_mixin.py:190} INFO - [2025-03-15T07:23:08.821+0000] {dag.py:3239} INFO - Sync 1 DAGs
[2025-03-15T07:23:08.837+0000] {logging_mixin.py:190} INFO - [2025-03-15T07:23:08.837+0000] {dag.py:4180} INFO - Setting next_dagrun for example_bash_operator to 2025-03-14 00:00:00+00:00, run_after=2025-03-15 00:00:00+00:00
[2025-03-15T07:23:08.851+0000] {processor.py:208} INFO - Processing /home/airflow/.local/lib/python3.12/site-packages/airflow/example_dags/example_bash_operator.py took 0.067 seconds
[2025-03-15T07:23:39.007+0000] {processor.py:186} INFO - Started process (PID=1507) to work on /home/airflow/.local/lib/python3.12/site-packages/airflow/example_dags/example_bash_operator.py
[2025-03-15T07:23:39.008+0000] {processor.py:914} INFO - Processing file /home/airflow/.local/lib/python3.12/site-packages/airflow/example_dags/example_bash_operator.py for tasks to queue
[2025-03-15T07:23:39.010+0000] {logging_mixin.py:190} INFO - [2025-03-15T07:23:39.009+0000] {dagbag.py:588} INFO - Filling up the DagBag from /home/airflow/.local/lib/python3.12/site-packages/airflow/example_dags/example_bash_operator.py
[2025-03-15T07:23:39.023+0000] {processor.py:925} INFO - DAG(s) 'example_bash_operator' retrieved from /home/airflow/.local/lib/python3.12/site-packages/airflow/example_dags/example_bash_operator.py
[2025-03-15T07:23:39.046+0000] {logging_mixin.py:190} INFO - [2025-03-15T07:23:39.046+0000] {dag.py:3239} INFO - Sync 1 DAGs
[2025-03-15T07:23:39.064+0000] {logging_mixin.py:190} INFO - [2025-03-15T07:23:39.064+0000] {dag.py:4180} INFO - Setting next_dagrun for example_bash_operator to 2025-03-14 00:00:00+00:00, run_after=2025-03-15 00:00:00+00:00
[2025-03-15T07:23:39.077+0000] {processor.py:208} INFO - Processing /home/airflow/.local/lib/python3.12/site-packages/airflow/example_dags/example_bash_operator.py took 0.074 seconds
[2025-03-15T07:24:09.519+0000] {processor.py:186} INFO - Started process (PID=1570) to work on /home/airflow/.local/lib/python3.12/site-packages/airflow/example_dags/example_bash_operator.py
[2025-03-15T07:24:09.519+0000] {processor.py:914} INFO - Processing file /home/airflow/.local/lib/python3.12/site-packages/airflow/example_dags/example_bash_operator.py for tasks to queue
[2025-03-15T07:24:09.520+0000] {logging_mixin.py:190} INFO - [2025-03-15T07:24:09.520+0000] {dagbag.py:588} INFO - Filling up the DagBag from /home/airflow/.local/lib/python3.12/site-packages/airflow/example_dags/example_bash_operator.py
[2025-03-15T07:24:09.530+0000] {processor.py:925} INFO - DAG(s) 'example_bash_operator' retrieved from /home/airflow/.local/lib/python3.12/site-packages/airflow/example_dags/example_bash_operator.py
[2025-03-15T07:24:09.548+0000] {logging_mixin.py:190} INFO - [2025-03-15T07:24:09.548+0000] {dag.py:3239} INFO - Sync 1 DAGs
[2025-03-15T07:24:09.561+0000] {logging_mixin.py:190} INFO - [2025-03-15T07:24:09.561+0000] {dag.py:4180} INFO - Setting next_dagrun for example_bash_operator to 2025-03-14 00:00:00+00:00, run_after=2025-03-15 00:00:00+00:00
[2025-03-15T07:24:09.578+0000] {processor.py:208} INFO - Processing /home/airflow/.local/lib/python3.12/site-packages/airflow/example_dags/example_bash_operator.py took 0.063 seconds
[2025-03-15T07:24:39.720+0000] {processor.py:186} INFO - Started process (PID=1633) to work on /home/airflow/.local/lib/python3.12/site-packages/airflow/example_dags/example_bash_operator.py
[2025-03-15T07:24:39.721+0000] {processor.py:914} INFO - Processing file /home/airflow/.local/lib/python3.12/site-packages/airflow/example_dags/example_bash_operator.py for tasks to queue
[2025-03-15T07:24:39.723+0000] {logging_mixin.py:190} INFO - [2025-03-15T07:24:39.722+0000] {dagbag.py:588} INFO - Filling up the DagBag from /home/airflow/.local/lib/python3.12/site-packages/airflow/example_dags/example_bash_operator.py
[2025-03-15T07:24:39.732+0000] {processor.py:925} INFO - DAG(s) 'example_bash_operator' retrieved from /home/airflow/.local/lib/python3.12/site-packages/airflow/example_dags/example_bash_operator.py
[2025-03-15T07:24:39.752+0000] {logging_mixin.py:190} INFO - [2025-03-15T07:24:39.752+0000] {dag.py:3239} INFO - Sync 1 DAGs
[2025-03-15T07:24:39.768+0000] {logging_mixin.py:190} INFO - [2025-03-15T07:24:39.768+0000] {dag.py:4180} INFO - Setting next_dagrun for example_bash_operator to 2025-03-14 00:00:00+00:00, run_after=2025-03-15 00:00:00+00:00
[2025-03-15T07:24:39.781+0000] {processor.py:208} INFO - Processing /home/airflow/.local/lib/python3.12/site-packages/airflow/example_dags/example_bash_operator.py took 0.065 seconds
[2025-03-15T07:25:10.152+0000] {processor.py:186} INFO - Started process (PID=1695) to work on /home/airflow/.local/lib/python3.12/site-packages/airflow/example_dags/example_bash_operator.py
[2025-03-15T07:25:10.155+0000] {processor.py:914} INFO - Processing file /home/airflow/.local/lib/python3.12/site-packages/airflow/example_dags/example_bash_operator.py for tasks to queue
[2025-03-15T07:25:10.160+0000] {logging_mixin.py:190} INFO - [2025-03-15T07:25:10.159+0000] {dagbag.py:588} INFO - Filling up the DagBag from /home/airflow/.local/lib/python3.12/site-packages/airflow/example_dags/example_bash_operator.py
[2025-03-15T07:25:10.186+0000] {processor.py:925} INFO - DAG(s) 'example_bash_operator' retrieved from /home/airflow/.local/lib/python3.12/site-packages/airflow/example_dags/example_bash_operator.py
[2025-03-15T07:25:10.211+0000] {logging_mixin.py:190} INFO - [2025-03-15T07:25:10.211+0000] {dag.py:3239} INFO - Sync 1 DAGs
[2025-03-15T07:25:10.233+0000] {logging_mixin.py:190} INFO - [2025-03-15T07:25:10.233+0000] {dag.py:4180} INFO - Setting next_dagrun for example_bash_operator to 2025-03-14 00:00:00+00:00, run_after=2025-03-15 00:00:00+00:00
[2025-03-15T07:25:10.249+0000] {processor.py:208} INFO - Processing /home/airflow/.local/lib/python3.12/site-packages/airflow/example_dags/example_bash_operator.py took 0.110 seconds
[2025-03-15T07:25:40.486+0000] {processor.py:186} INFO - Started process (PID=1758) to work on /home/airflow/.local/lib/python3.12/site-packages/airflow/example_dags/example_bash_operator.py
[2025-03-15T07:25:40.488+0000] {processor.py:914} INFO - Processing file /home/airflow/.local/lib/python3.12/site-packages/airflow/example_dags/example_bash_operator.py for tasks to queue
[2025-03-15T07:25:40.493+0000] {logging_mixin.py:190} INFO - [2025-03-15T07:25:40.492+0000] {dagbag.py:588} INFO - Filling up the DagBag from /home/airflow/.local/lib/python3.12/site-packages/airflow/example_dags/example_bash_operator.py
[2025-03-15T07:25:40.525+0000] {processor.py:925} INFO - DAG(s) 'example_bash_operator' retrieved from /home/airflow/.local/lib/python3.12/site-packages/airflow/example_dags/example_bash_operator.py
[2025-03-15T07:25:40.551+0000] {logging_mixin.py:190} INFO - [2025-03-15T07:25:40.551+0000] {dag.py:3239} INFO - Sync 1 DAGs
[2025-03-15T07:25:40.574+0000] {logging_mixin.py:190} INFO - [2025-03-15T07:25:40.574+0000] {dag.py:4180} INFO - Setting next_dagrun for example_bash_operator to 2025-03-14 00:00:00+00:00, run_after=2025-03-15 00:00:00+00:00
[2025-03-15T07:25:40.599+0000] {processor.py:208} INFO - Processing /home/airflow/.local/lib/python3.12/site-packages/airflow/example_dags/example_bash_operator.py took 0.130 seconds
[2025-03-15T07:26:10.665+0000] {processor.py:186} INFO - Started process (PID=1820) to work on /home/airflow/.local/lib/python3.12/site-packages/airflow/example_dags/example_bash_operator.py
[2025-03-15T07:26:10.668+0000] {processor.py:914} INFO - Processing file /home/airflow/.local/lib/python3.12/site-packages/airflow/example_dags/example_bash_operator.py for tasks to queue
[2025-03-15T07:26:10.670+0000] {logging_mixin.py:190} INFO - [2025-03-15T07:26:10.670+0000] {dagbag.py:588} INFO - Filling up the DagBag from /home/airflow/.local/lib/python3.12/site-packages/airflow/example_dags/example_bash_operator.py
[2025-03-15T07:26:10.713+0000] {processor.py:925} INFO - DAG(s) 'example_bash_operator' retrieved from /home/airflow/.local/lib/python3.12/site-packages/airflow/example_dags/example_bash_operator.py
[2025-03-15T07:26:10.742+0000] {logging_mixin.py:190} INFO - [2025-03-15T07:26:10.742+0000] {dag.py:3239} INFO - Sync 1 DAGs
[2025-03-15T07:26:10.761+0000] {logging_mixin.py:190} INFO - [2025-03-15T07:26:10.761+0000] {dag.py:4180} INFO - Setting next_dagrun for example_bash_operator to 2025-03-14 00:00:00+00:00, run_after=2025-03-15 00:00:00+00:00
[2025-03-15T07:26:10.779+0000] {processor.py:208} INFO - Processing /home/airflow/.local/lib/python3.12/site-packages/airflow/example_dags/example_bash_operator.py took 0.123 seconds
[2025-03-15T07:26:41.019+0000] {processor.py:186} INFO - Started process (PID=1883) to work on /home/airflow/.local/lib/python3.12/site-packages/airflow/example_dags/example_bash_operator.py
[2025-03-15T07:26:41.024+0000] {processor.py:914} INFO - Processing file /home/airflow/.local/lib/python3.12/site-packages/airflow/example_dags/example_bash_operator.py for tasks to queue
[2025-03-15T07:26:41.046+0000] {logging_mixin.py:190} INFO - [2025-03-15T07:26:41.045+0000] {dagbag.py:588} INFO - Filling up the DagBag from /home/airflow/.local/lib/python3.12/site-packages/airflow/example_dags/example_bash_operator.py
[2025-03-15T07:26:41.141+0000] {processor.py:925} INFO - DAG(s) 'example_bash_operator' retrieved from /home/airflow/.local/lib/python3.12/site-packages/airflow/example_dags/example_bash_operator.py
[2025-03-15T07:26:41.179+0000] {logging_mixin.py:190} INFO - [2025-03-15T07:26:41.179+0000] {dag.py:3239} INFO - Sync 1 DAGs
[2025-03-15T07:26:41.203+0000] {logging_mixin.py:190} INFO - [2025-03-15T07:26:41.202+0000] {dag.py:4180} INFO - Setting next_dagrun for example_bash_operator to 2025-03-14 00:00:00+00:00, run_after=2025-03-15 00:00:00+00:00
[2025-03-15T07:26:41.218+0000] {processor.py:208} INFO - Processing /home/airflow/.local/lib/python3.12/site-packages/airflow/example_dags/example_bash_operator.py took 0.208 seconds
[2025-03-15T07:27:11.613+0000] {processor.py:186} INFO - Started process (PID=1947) to work on /home/airflow/.local/lib/python3.12/site-packages/airflow/example_dags/example_bash_operator.py
[2025-03-15T07:27:11.614+0000] {processor.py:914} INFO - Processing file /home/airflow/.local/lib/python3.12/site-packages/airflow/example_dags/example_bash_operator.py for tasks to queue
[2025-03-15T07:27:11.616+0000] {logging_mixin.py:190} INFO - [2025-03-15T07:27:11.616+0000] {dagbag.py:588} INFO - Filling up the DagBag from /home/airflow/.local/lib/python3.12/site-packages/airflow/example_dags/example_bash_operator.py
[2025-03-15T07:27:11.628+0000] {processor.py:925} INFO - DAG(s) 'example_bash_operator' retrieved from /home/airflow/.local/lib/python3.12/site-packages/airflow/example_dags/example_bash_operator.py
[2025-03-15T07:27:11.649+0000] {logging_mixin.py:190} INFO - [2025-03-15T07:27:11.649+0000] {dag.py:3239} INFO - Sync 1 DAGs
[2025-03-15T07:27:11.666+0000] {logging_mixin.py:190} INFO - [2025-03-15T07:27:11.666+0000] {dag.py:4180} INFO - Setting next_dagrun for example_bash_operator to 2025-03-14 00:00:00+00:00, run_after=2025-03-15 00:00:00+00:00
[2025-03-15T07:27:11.682+0000] {processor.py:208} INFO - Processing /home/airflow/.local/lib/python3.12/site-packages/airflow/example_dags/example_bash_operator.py took 0.075 seconds
[2025-03-15T07:27:41.862+0000] {processor.py:186} INFO - Started process (PID=2011) to work on /home/airflow/.local/lib/python3.12/site-packages/airflow/example_dags/example_bash_operator.py
[2025-03-15T07:27:41.864+0000] {processor.py:914} INFO - Processing file /home/airflow/.local/lib/python3.12/site-packages/airflow/example_dags/example_bash_operator.py for tasks to queue
[2025-03-15T07:27:41.867+0000] {logging_mixin.py:190} INFO - [2025-03-15T07:27:41.867+0000] {dagbag.py:588} INFO - Filling up the DagBag from /home/airflow/.local/lib/python3.12/site-packages/airflow/example_dags/example_bash_operator.py
[2025-03-15T07:27:41.888+0000] {processor.py:925} INFO - DAG(s) 'example_bash_operator' retrieved from /home/airflow/.local/lib/python3.12/site-packages/airflow/example_dags/example_bash_operator.py
[2025-03-15T07:27:41.916+0000] {logging_mixin.py:190} INFO - [2025-03-15T07:27:41.916+0000] {dag.py:3239} INFO - Sync 1 DAGs
[2025-03-15T07:27:41.937+0000] {logging_mixin.py:190} INFO - [2025-03-15T07:27:41.937+0000] {dag.py:4180} INFO - Setting next_dagrun for example_bash_operator to 2025-03-14 00:00:00+00:00, run_after=2025-03-15 00:00:00+00:00
[2025-03-15T07:27:41.952+0000] {processor.py:208} INFO - Processing /home/airflow/.local/lib/python3.12/site-packages/airflow/example_dags/example_bash_operator.py took 0.099 seconds
[2025-03-15T07:28:12.413+0000] {processor.py:186} INFO - Started process (PID=2075) to work on /home/airflow/.local/lib/python3.12/site-packages/airflow/example_dags/example_bash_operator.py
[2025-03-15T07:28:12.415+0000] {processor.py:914} INFO - Processing file /home/airflow/.local/lib/python3.12/site-packages/airflow/example_dags/example_bash_operator.py for tasks to queue
[2025-03-15T07:28:12.417+0000] {logging_mixin.py:190} INFO - [2025-03-15T07:28:12.417+0000] {dagbag.py:588} INFO - Filling up the DagBag from /home/airflow/.local/lib/python3.12/site-packages/airflow/example_dags/example_bash_operator.py
[2025-03-15T07:28:12.432+0000] {processor.py:925} INFO - DAG(s) 'example_bash_operator' retrieved from /home/airflow/.local/lib/python3.12/site-packages/airflow/example_dags/example_bash_operator.py
[2025-03-15T07:28:12.457+0000] {logging_mixin.py:190} INFO - [2025-03-15T07:28:12.457+0000] {dag.py:3239} INFO - Sync 1 DAGs
[2025-03-15T07:28:12.477+0000] {logging_mixin.py:190} INFO - [2025-03-15T07:28:12.477+0000] {dag.py:4180} INFO - Setting next_dagrun for example_bash_operator to 2025-03-14 00:00:00+00:00, run_after=2025-03-15 00:00:00+00:00
[2025-03-15T07:28:12.491+0000] {processor.py:208} INFO - Processing /home/airflow/.local/lib/python3.12/site-packages/airflow/example_dags/example_bash_operator.py took 0.085 seconds
[2025-03-15T07:28:42.635+0000] {processor.py:186} INFO - Started process (PID=2139) to work on /home/airflow/.local/lib/python3.12/site-packages/airflow/example_dags/example_bash_operator.py
[2025-03-15T07:28:42.636+0000] {processor.py:914} INFO - Processing file /home/airflow/.local/lib/python3.12/site-packages/airflow/example_dags/example_bash_operator.py for tasks to queue
[2025-03-15T07:28:42.639+0000] {logging_mixin.py:190} INFO - [2025-03-15T07:28:42.639+0000] {dagbag.py:588} INFO - Filling up the DagBag from /home/airflow/.local/lib/python3.12/site-packages/airflow/example_dags/example_bash_operator.py
[2025-03-15T07:28:42.652+0000] {processor.py:925} INFO - DAG(s) 'example_bash_operator' retrieved from /home/airflow/.local/lib/python3.12/site-packages/airflow/example_dags/example_bash_operator.py
[2025-03-15T07:28:42.679+0000] {logging_mixin.py:190} INFO - [2025-03-15T07:28:42.679+0000] {dag.py:3239} INFO - Sync 1 DAGs
[2025-03-15T07:28:42.703+0000] {logging_mixin.py:190} INFO - [2025-03-15T07:28:42.703+0000] {dag.py:4180} INFO - Setting next_dagrun for example_bash_operator to 2025-03-14 00:00:00+00:00, run_after=2025-03-15 00:00:00+00:00
[2025-03-15T07:28:42.721+0000] {processor.py:208} INFO - Processing /home/airflow/.local/lib/python3.12/site-packages/airflow/example_dags/example_bash_operator.py took 0.093 seconds
[2025-03-15T07:29:13.027+0000] {processor.py:186} INFO - Started process (PID=2203) to work on /home/airflow/.local/lib/python3.12/site-packages/airflow/example_dags/example_bash_operator.py
[2025-03-15T07:29:13.029+0000] {processor.py:914} INFO - Processing file /home/airflow/.local/lib/python3.12/site-packages/airflow/example_dags/example_bash_operator.py for tasks to queue
[2025-03-15T07:29:13.033+0000] {logging_mixin.py:190} INFO - [2025-03-15T07:29:13.033+0000] {dagbag.py:588} INFO - Filling up the DagBag from /home/airflow/.local/lib/python3.12/site-packages/airflow/example_dags/example_bash_operator.py
[2025-03-15T07:29:13.049+0000] {processor.py:925} INFO - DAG(s) 'example_bash_operator' retrieved from /home/airflow/.local/lib/python3.12/site-packages/airflow/example_dags/example_bash_operator.py
[2025-03-15T07:29:13.073+0000] {logging_mixin.py:190} INFO - [2025-03-15T07:29:13.073+0000] {dag.py:3239} INFO - Sync 1 DAGs
[2025-03-15T07:29:13.092+0000] {logging_mixin.py:190} INFO - [2025-03-15T07:29:13.091+0000] {dag.py:4180} INFO - Setting next_dagrun for example_bash_operator to 2025-03-14 00:00:00+00:00, run_after=2025-03-15 00:00:00+00:00
[2025-03-15T07:29:13.108+0000] {processor.py:208} INFO - Processing /home/airflow/.local/lib/python3.12/site-packages/airflow/example_dags/example_bash_operator.py took 0.090 seconds
[2025-03-15T07:29:43.362+0000] {processor.py:186} INFO - Started process (PID=2267) to work on /home/airflow/.local/lib/python3.12/site-packages/airflow/example_dags/example_bash_operator.py
[2025-03-15T07:29:43.363+0000] {processor.py:914} INFO - Processing file /home/airflow/.local/lib/python3.12/site-packages/airflow/example_dags/example_bash_operator.py for tasks to queue
[2025-03-15T07:29:43.368+0000] {logging_mixin.py:190} INFO - [2025-03-15T07:29:43.367+0000] {dagbag.py:588} INFO - Filling up the DagBag from /home/airflow/.local/lib/python3.12/site-packages/airflow/example_dags/example_bash_operator.py
[2025-03-15T07:29:43.388+0000] {processor.py:925} INFO - DAG(s) 'example_bash_operator' retrieved from /home/airflow/.local/lib/python3.12/site-packages/airflow/example_dags/example_bash_operator.py
[2025-03-15T07:29:43.498+0000] {logging_mixin.py:190} INFO - [2025-03-15T07:29:43.497+0000] {dag.py:3239} INFO - Sync 1 DAGs
[2025-03-15T07:29:43.525+0000] {logging_mixin.py:190} INFO - [2025-03-15T07:29:43.525+0000] {dag.py:4180} INFO - Setting next_dagrun for example_bash_operator to 2025-03-14 00:00:00+00:00, run_after=2025-03-15 00:00:00+00:00
[2025-03-15T07:29:43.542+0000] {processor.py:208} INFO - Processing /home/airflow/.local/lib/python3.12/site-packages/airflow/example_dags/example_bash_operator.py took 0.191 seconds
[2025-03-15T07:30:13.899+0000] {processor.py:186} INFO - Started process (PID=2331) to work on /home/airflow/.local/lib/python3.12/site-packages/airflow/example_dags/example_bash_operator.py
[2025-03-15T07:30:13.900+0000] {processor.py:914} INFO - Processing file /home/airflow/.local/lib/python3.12/site-packages/airflow/example_dags/example_bash_operator.py for tasks to queue
[2025-03-15T07:30:13.904+0000] {logging_mixin.py:190} INFO - [2025-03-15T07:30:13.904+0000] {dagbag.py:588} INFO - Filling up the DagBag from /home/airflow/.local/lib/python3.12/site-packages/airflow/example_dags/example_bash_operator.py
[2025-03-15T07:30:13.920+0000] {processor.py:925} INFO - DAG(s) 'example_bash_operator' retrieved from /home/airflow/.local/lib/python3.12/site-packages/airflow/example_dags/example_bash_operator.py
[2025-03-15T07:30:13.944+0000] {logging_mixin.py:190} INFO - [2025-03-15T07:30:13.944+0000] {dag.py:3239} INFO - Sync 1 DAGs
[2025-03-15T07:30:13.966+0000] {logging_mixin.py:190} INFO - [2025-03-15T07:30:13.966+0000] {dag.py:4180} INFO - Setting next_dagrun for example_bash_operator to 2025-03-14 00:00:00+00:00, run_after=2025-03-15 00:00:00+00:00
[2025-03-15T07:30:13.986+0000] {processor.py:208} INFO - Processing /home/airflow/.local/lib/python3.12/site-packages/airflow/example_dags/example_bash_operator.py took 0.094 seconds
[2025-03-15T07:30:44.089+0000] {processor.py:186} INFO - Started process (PID=2395) to work on /home/airflow/.local/lib/python3.12/site-packages/airflow/example_dags/example_bash_operator.py
[2025-03-15T07:30:44.091+0000] {processor.py:914} INFO - Processing file /home/airflow/.local/lib/python3.12/site-packages/airflow/example_dags/example_bash_operator.py for tasks to queue
[2025-03-15T07:30:44.094+0000] {logging_mixin.py:190} INFO - [2025-03-15T07:30:44.094+0000] {dagbag.py:588} INFO - Filling up the DagBag from /home/airflow/.local/lib/python3.12/site-packages/airflow/example_dags/example_bash_operator.py
[2025-03-15T07:30:44.114+0000] {processor.py:925} INFO - DAG(s) 'example_bash_operator' retrieved from /home/airflow/.local/lib/python3.12/site-packages/airflow/example_dags/example_bash_operator.py
[2025-03-15T07:30:44.133+0000] {logging_mixin.py:190} INFO - [2025-03-15T07:30:44.133+0000] {dag.py:3239} INFO - Sync 1 DAGs
[2025-03-15T07:30:44.151+0000] {logging_mixin.py:190} INFO - [2025-03-15T07:30:44.150+0000] {dag.py:4180} INFO - Setting next_dagrun for example_bash_operator to 2025-03-14 00:00:00+00:00, run_after=2025-03-15 00:00:00+00:00
[2025-03-15T07:30:44.168+0000] {processor.py:208} INFO - Processing /home/airflow/.local/lib/python3.12/site-packages/airflow/example_dags/example_bash_operator.py took 0.088 seconds
[2025-03-15T07:31:14.248+0000] {processor.py:186} INFO - Started process (PID=2459) to work on /home/airflow/.local/lib/python3.12/site-packages/airflow/example_dags/example_bash_operator.py
[2025-03-15T07:31:14.250+0000] {processor.py:914} INFO - Processing file /home/airflow/.local/lib/python3.12/site-packages/airflow/example_dags/example_bash_operator.py for tasks to queue
[2025-03-15T07:31:14.254+0000] {logging_mixin.py:190} INFO - [2025-03-15T07:31:14.254+0000] {dagbag.py:588} INFO - Filling up the DagBag from /home/airflow/.local/lib/python3.12/site-packages/airflow/example_dags/example_bash_operator.py
[2025-03-15T07:31:14.269+0000] {processor.py:925} INFO - DAG(s) 'example_bash_operator' retrieved from /home/airflow/.local/lib/python3.12/site-packages/airflow/example_dags/example_bash_operator.py
[2025-03-15T07:31:14.287+0000] {logging_mixin.py:190} INFO - [2025-03-15T07:31:14.287+0000] {dag.py:3239} INFO - Sync 1 DAGs
[2025-03-15T07:31:14.300+0000] {logging_mixin.py:190} INFO - [2025-03-15T07:31:14.300+0000] {dag.py:4180} INFO - Setting next_dagrun for example_bash_operator to 2025-03-14 00:00:00+00:00, run_after=2025-03-15 00:00:00+00:00
[2025-03-15T07:31:14.315+0000] {processor.py:208} INFO - Processing /home/airflow/.local/lib/python3.12/site-packages/airflow/example_dags/example_bash_operator.py took 0.076 seconds
[2025-03-15T07:31:44.665+0000] {processor.py:186} INFO - Started process (PID=2523) to work on /home/airflow/.local/lib/python3.12/site-packages/airflow/example_dags/example_bash_operator.py
[2025-03-15T07:31:44.667+0000] {processor.py:914} INFO - Processing file /home/airflow/.local/lib/python3.12/site-packages/airflow/example_dags/example_bash_operator.py for tasks to queue
[2025-03-15T07:31:44.672+0000] {logging_mixin.py:190} INFO - [2025-03-15T07:31:44.671+0000] {dagbag.py:588} INFO - Filling up the DagBag from /home/airflow/.local/lib/python3.12/site-packages/airflow/example_dags/example_bash_operator.py
[2025-03-15T07:31:44.695+0000] {processor.py:925} INFO - DAG(s) 'example_bash_operator' retrieved from /home/airflow/.local/lib/python3.12/site-packages/airflow/example_dags/example_bash_operator.py
[2025-03-15T07:31:44.719+0000] {logging_mixin.py:190} INFO - [2025-03-15T07:31:44.719+0000] {dag.py:3239} INFO - Sync 1 DAGs
[2025-03-15T07:31:44.739+0000] {logging_mixin.py:190} INFO - [2025-03-15T07:31:44.739+0000] {dag.py:4180} INFO - Setting next_dagrun for example_bash_operator to 2025-03-14 00:00:00+00:00, run_after=2025-03-15 00:00:00+00:00
[2025-03-15T07:31:44.755+0000] {processor.py:208} INFO - Processing /home/airflow/.local/lib/python3.12/site-packages/airflow/example_dags/example_bash_operator.py took 0.098 seconds
[2025-03-15T07:32:14.963+0000] {processor.py:186} INFO - Started process (PID=2587) to work on /home/airflow/.local/lib/python3.12/site-packages/airflow/example_dags/example_bash_operator.py
[2025-03-15T07:32:14.964+0000] {processor.py:914} INFO - Processing file /home/airflow/.local/lib/python3.12/site-packages/airflow/example_dags/example_bash_operator.py for tasks to queue
[2025-03-15T07:32:14.965+0000] {logging_mixin.py:190} INFO - [2025-03-15T07:32:14.965+0000] {dagbag.py:588} INFO - Filling up the DagBag from /home/airflow/.local/lib/python3.12/site-packages/airflow/example_dags/example_bash_operator.py
[2025-03-15T07:32:14.973+0000] {processor.py:925} INFO - DAG(s) 'example_bash_operator' retrieved from /home/airflow/.local/lib/python3.12/site-packages/airflow/example_dags/example_bash_operator.py
[2025-03-15T07:32:14.990+0000] {logging_mixin.py:190} INFO - [2025-03-15T07:32:14.989+0000] {dag.py:3239} INFO - Sync 1 DAGs
[2025-03-15T07:32:15.004+0000] {logging_mixin.py:190} INFO - [2025-03-15T07:32:15.004+0000] {dag.py:4180} INFO - Setting next_dagrun for example_bash_operator to 2025-03-14 00:00:00+00:00, run_after=2025-03-15 00:00:00+00:00
[2025-03-15T07:32:15.017+0000] {processor.py:208} INFO - Processing /home/airflow/.local/lib/python3.12/site-packages/airflow/example_dags/example_bash_operator.py took 0.057 seconds
