[2025-03-15T07:11:59.759+0000] {processor.py:186} INFO - Started process (PID=79) to work on /home/airflow/.local/lib/python3.12/site-packages/airflow/example_dags/example_branch_operator_decorator.py
[2025-03-15T07:11:59.760+0000] {processor.py:914} INFO - Processing file /home/airflow/.local/lib/python3.12/site-packages/airflow/example_dags/example_branch_operator_decorator.py for tasks to queue
[2025-03-15T07:11:59.763+0000] {logging_mixin.py:190} INFO - [2025-03-15T07:11:59.763+0000] {dagbag.py:588} INFO - Filling up the DagBag from /home/airflow/.local/lib/python3.12/site-packages/airflow/example_dags/example_branch_operator_decorator.py
[2025-03-15T07:11:59.780+0000] {processor.py:925} INFO - DAG(s) 'example_branch_python_operator_decorator' retrieved from /home/airflow/.local/lib/python3.12/site-packages/airflow/example_dags/example_branch_operator_decorator.py
[2025-03-15T07:11:59.871+0000] {logging_mixin.py:190} INFO - [2025-03-15T07:11:59.871+0000] {dag.py:3239} INFO - Sync 1 DAGs
[2025-03-15T07:11:59.885+0000] {logging_mixin.py:190} INFO - [2025-03-15T07:11:59.885+0000] {dag.py:4180} INFO - Setting next_dagrun for example_branch_python_operator_decorator to 2025-03-14 00:00:00+00:00, run_after=2025-03-15 00:00:00+00:00
[2025-03-15T07:11:59.903+0000] {processor.py:208} INFO - Processing /home/airflow/.local/lib/python3.12/site-packages/airflow/example_dags/example_branch_operator_decorator.py took 0.149 seconds
[2025-03-15T07:12:30.329+0000] {processor.py:186} INFO - Started process (PID=143) to work on /home/airflow/.local/lib/python3.12/site-packages/airflow/example_dags/example_branch_operator_decorator.py
[2025-03-15T07:12:30.334+0000] {processor.py:914} INFO - Processing file /home/airflow/.local/lib/python3.12/site-packages/airflow/example_dags/example_branch_operator_decorator.py for tasks to queue
[2025-03-15T07:12:30.336+0000] {logging_mixin.py:190} INFO - [2025-03-15T07:12:30.336+0000] {dagbag.py:588} INFO - Filling up the DagBag from /home/airflow/.local/lib/python3.12/site-packages/airflow/example_dags/example_branch_operator_decorator.py
[2025-03-15T07:12:30.349+0000] {processor.py:925} INFO - DAG(s) 'example_branch_python_operator_decorator' retrieved from /home/airflow/.local/lib/python3.12/site-packages/airflow/example_dags/example_branch_operator_decorator.py
[2025-03-15T07:12:30.364+0000] {logging_mixin.py:190} INFO - [2025-03-15T07:12:30.364+0000] {dag.py:3239} INFO - Sync 1 DAGs
[2025-03-15T07:12:30.377+0000] {logging_mixin.py:190} INFO - [2025-03-15T07:12:30.377+0000] {dag.py:4180} INFO - Setting next_dagrun for example_branch_python_operator_decorator to 2025-03-14 00:00:00+00:00, run_after=2025-03-15 00:00:00+00:00
[2025-03-15T07:12:30.394+0000] {processor.py:208} INFO - Processing /home/airflow/.local/lib/python3.12/site-packages/airflow/example_dags/example_branch_operator_decorator.py took 0.069 seconds
[2025-03-15T07:13:00.750+0000] {processor.py:186} INFO - Started process (PID=211) to work on /home/airflow/.local/lib/python3.12/site-packages/airflow/example_dags/example_branch_operator_decorator.py
[2025-03-15T07:13:00.751+0000] {processor.py:914} INFO - Processing file /home/airflow/.local/lib/python3.12/site-packages/airflow/example_dags/example_branch_operator_decorator.py for tasks to queue
[2025-03-15T07:13:00.752+0000] {logging_mixin.py:190} INFO - [2025-03-15T07:13:00.752+0000] {dagbag.py:588} INFO - Filling up the DagBag from /home/airflow/.local/lib/python3.12/site-packages/airflow/example_dags/example_branch_operator_decorator.py
[2025-03-15T07:13:00.765+0000] {processor.py:925} INFO - DAG(s) 'example_branch_python_operator_decorator' retrieved from /home/airflow/.local/lib/python3.12/site-packages/airflow/example_dags/example_branch_operator_decorator.py
[2025-03-15T07:13:00.779+0000] {logging_mixin.py:190} INFO - [2025-03-15T07:13:00.779+0000] {dag.py:3239} INFO - Sync 1 DAGs
[2025-03-15T07:13:00.795+0000] {logging_mixin.py:190} INFO - [2025-03-15T07:13:00.795+0000] {dag.py:4180} INFO - Setting next_dagrun for example_branch_python_operator_decorator to 2025-03-14 00:00:00+00:00, run_after=2025-03-15 00:00:00+00:00
[2025-03-15T07:13:00.809+0000] {processor.py:208} INFO - Processing /home/airflow/.local/lib/python3.12/site-packages/airflow/example_dags/example_branch_operator_decorator.py took 0.062 seconds
[2025-03-15T07:13:31.882+0000] {processor.py:186} INFO - Started process (PID=273) to work on /home/airflow/.local/lib/python3.12/site-packages/airflow/example_dags/example_branch_operator_decorator.py
[2025-03-15T07:13:31.883+0000] {processor.py:914} INFO - Processing file /home/airflow/.local/lib/python3.12/site-packages/airflow/example_dags/example_branch_operator_decorator.py for tasks to queue
[2025-03-15T07:13:31.884+0000] {logging_mixin.py:190} INFO - [2025-03-15T07:13:31.884+0000] {dagbag.py:588} INFO - Filling up the DagBag from /home/airflow/.local/lib/python3.12/site-packages/airflow/example_dags/example_branch_operator_decorator.py
[2025-03-15T07:13:31.894+0000] {processor.py:925} INFO - DAG(s) 'example_branch_python_operator_decorator' retrieved from /home/airflow/.local/lib/python3.12/site-packages/airflow/example_dags/example_branch_operator_decorator.py
[2025-03-15T07:13:31.909+0000] {logging_mixin.py:190} INFO - [2025-03-15T07:13:31.909+0000] {dag.py:3239} INFO - Sync 1 DAGs
[2025-03-15T07:13:31.922+0000] {logging_mixin.py:190} INFO - [2025-03-15T07:13:31.922+0000] {dag.py:4180} INFO - Setting next_dagrun for example_branch_python_operator_decorator to 2025-03-14 00:00:00+00:00, run_after=2025-03-15 00:00:00+00:00
[2025-03-15T07:13:31.934+0000] {processor.py:208} INFO - Processing /home/airflow/.local/lib/python3.12/site-packages/airflow/example_dags/example_branch_operator_decorator.py took 0.055 seconds
[2025-03-15T07:14:02.416+0000] {processor.py:186} INFO - Started process (PID=336) to work on /home/airflow/.local/lib/python3.12/site-packages/airflow/example_dags/example_branch_operator_decorator.py
[2025-03-15T07:14:02.417+0000] {processor.py:914} INFO - Processing file /home/airflow/.local/lib/python3.12/site-packages/airflow/example_dags/example_branch_operator_decorator.py for tasks to queue
[2025-03-15T07:14:02.418+0000] {logging_mixin.py:190} INFO - [2025-03-15T07:14:02.418+0000] {dagbag.py:588} INFO - Filling up the DagBag from /home/airflow/.local/lib/python3.12/site-packages/airflow/example_dags/example_branch_operator_decorator.py
[2025-03-15T07:14:02.428+0000] {processor.py:925} INFO - DAG(s) 'example_branch_python_operator_decorator' retrieved from /home/airflow/.local/lib/python3.12/site-packages/airflow/example_dags/example_branch_operator_decorator.py
[2025-03-15T07:14:02.449+0000] {logging_mixin.py:190} INFO - [2025-03-15T07:14:02.448+0000] {dag.py:3239} INFO - Sync 1 DAGs
[2025-03-15T07:14:02.461+0000] {logging_mixin.py:190} INFO - [2025-03-15T07:14:02.460+0000] {dag.py:4180} INFO - Setting next_dagrun for example_branch_python_operator_decorator to 2025-03-14 00:00:00+00:00, run_after=2025-03-15 00:00:00+00:00
[2025-03-15T07:14:02.475+0000] {processor.py:208} INFO - Processing /home/airflow/.local/lib/python3.12/site-packages/airflow/example_dags/example_branch_operator_decorator.py took 0.062 seconds
[2025-03-15T07:14:33.860+0000] {processor.py:186} INFO - Started process (PID=399) to work on /home/airflow/.local/lib/python3.12/site-packages/airflow/example_dags/example_branch_operator_decorator.py
[2025-03-15T07:14:33.861+0000] {processor.py:914} INFO - Processing file /home/airflow/.local/lib/python3.12/site-packages/airflow/example_dags/example_branch_operator_decorator.py for tasks to queue
[2025-03-15T07:14:33.862+0000] {logging_mixin.py:190} INFO - [2025-03-15T07:14:33.862+0000] {dagbag.py:588} INFO - Filling up the DagBag from /home/airflow/.local/lib/python3.12/site-packages/airflow/example_dags/example_branch_operator_decorator.py
[2025-03-15T07:14:33.874+0000] {processor.py:925} INFO - DAG(s) 'example_branch_python_operator_decorator' retrieved from /home/airflow/.local/lib/python3.12/site-packages/airflow/example_dags/example_branch_operator_decorator.py
[2025-03-15T07:14:33.890+0000] {logging_mixin.py:190} INFO - [2025-03-15T07:14:33.890+0000] {dag.py:3239} INFO - Sync 1 DAGs
[2025-03-15T07:14:33.905+0000] {logging_mixin.py:190} INFO - [2025-03-15T07:14:33.905+0000] {dag.py:4180} INFO - Setting next_dagrun for example_branch_python_operator_decorator to 2025-03-14 00:00:00+00:00, run_after=2025-03-15 00:00:00+00:00
[2025-03-15T07:14:33.917+0000] {processor.py:208} INFO - Processing /home/airflow/.local/lib/python3.12/site-packages/airflow/example_dags/example_branch_operator_decorator.py took 0.061 seconds
[2025-03-15T07:15:05.093+0000] {processor.py:186} INFO - Started process (PID=462) to work on /home/airflow/.local/lib/python3.12/site-packages/airflow/example_dags/example_branch_operator_decorator.py
[2025-03-15T07:15:05.096+0000] {processor.py:914} INFO - Processing file /home/airflow/.local/lib/python3.12/site-packages/airflow/example_dags/example_branch_operator_decorator.py for tasks to queue
[2025-03-15T07:15:05.097+0000] {logging_mixin.py:190} INFO - [2025-03-15T07:15:05.097+0000] {dagbag.py:588} INFO - Filling up the DagBag from /home/airflow/.local/lib/python3.12/site-packages/airflow/example_dags/example_branch_operator_decorator.py
[2025-03-15T07:15:05.106+0000] {processor.py:925} INFO - DAG(s) 'example_branch_python_operator_decorator' retrieved from /home/airflow/.local/lib/python3.12/site-packages/airflow/example_dags/example_branch_operator_decorator.py
[2025-03-15T07:15:05.120+0000] {logging_mixin.py:190} INFO - [2025-03-15T07:15:05.120+0000] {dag.py:3239} INFO - Sync 1 DAGs
[2025-03-15T07:15:05.135+0000] {logging_mixin.py:190} INFO - [2025-03-15T07:15:05.135+0000] {dag.py:4180} INFO - Setting next_dagrun for example_branch_python_operator_decorator to 2025-03-14 00:00:00+00:00, run_after=2025-03-15 00:00:00+00:00
[2025-03-15T07:15:05.147+0000] {processor.py:208} INFO - Processing /home/airflow/.local/lib/python3.12/site-packages/airflow/example_dags/example_branch_operator_decorator.py took 0.057 seconds
[2025-03-15T07:15:35.948+0000] {processor.py:186} INFO - Started process (PID=525) to work on /home/airflow/.local/lib/python3.12/site-packages/airflow/example_dags/example_branch_operator_decorator.py
[2025-03-15T07:15:35.949+0000] {processor.py:914} INFO - Processing file /home/airflow/.local/lib/python3.12/site-packages/airflow/example_dags/example_branch_operator_decorator.py for tasks to queue
[2025-03-15T07:15:35.950+0000] {logging_mixin.py:190} INFO - [2025-03-15T07:15:35.950+0000] {dagbag.py:588} INFO - Filling up the DagBag from /home/airflow/.local/lib/python3.12/site-packages/airflow/example_dags/example_branch_operator_decorator.py
[2025-03-15T07:15:35.961+0000] {processor.py:925} INFO - DAG(s) 'example_branch_python_operator_decorator' retrieved from /home/airflow/.local/lib/python3.12/site-packages/airflow/example_dags/example_branch_operator_decorator.py
[2025-03-15T07:15:35.976+0000] {logging_mixin.py:190} INFO - [2025-03-15T07:15:35.976+0000] {dag.py:3239} INFO - Sync 1 DAGs
[2025-03-15T07:15:35.989+0000] {logging_mixin.py:190} INFO - [2025-03-15T07:15:35.989+0000] {dag.py:4180} INFO - Setting next_dagrun for example_branch_python_operator_decorator to 2025-03-14 00:00:00+00:00, run_after=2025-03-15 00:00:00+00:00
[2025-03-15T07:15:36.005+0000] {processor.py:208} INFO - Processing /home/airflow/.local/lib/python3.12/site-packages/airflow/example_dags/example_branch_operator_decorator.py took 0.060 seconds
[2025-03-15T07:16:06.964+0000] {processor.py:186} INFO - Started process (PID=588) to work on /home/airflow/.local/lib/python3.12/site-packages/airflow/example_dags/example_branch_operator_decorator.py
[2025-03-15T07:16:06.966+0000] {processor.py:914} INFO - Processing file /home/airflow/.local/lib/python3.12/site-packages/airflow/example_dags/example_branch_operator_decorator.py for tasks to queue
[2025-03-15T07:16:06.967+0000] {logging_mixin.py:190} INFO - [2025-03-15T07:16:06.967+0000] {dagbag.py:588} INFO - Filling up the DagBag from /home/airflow/.local/lib/python3.12/site-packages/airflow/example_dags/example_branch_operator_decorator.py
[2025-03-15T07:16:06.978+0000] {processor.py:925} INFO - DAG(s) 'example_branch_python_operator_decorator' retrieved from /home/airflow/.local/lib/python3.12/site-packages/airflow/example_dags/example_branch_operator_decorator.py
[2025-03-15T07:16:06.996+0000] {logging_mixin.py:190} INFO - [2025-03-15T07:16:06.995+0000] {dag.py:3239} INFO - Sync 1 DAGs
[2025-03-15T07:16:07.013+0000] {logging_mixin.py:190} INFO - [2025-03-15T07:16:07.012+0000] {dag.py:4180} INFO - Setting next_dagrun for example_branch_python_operator_decorator to 2025-03-14 00:00:00+00:00, run_after=2025-03-15 00:00:00+00:00
[2025-03-15T07:16:07.023+0000] {processor.py:208} INFO - Processing /home/airflow/.local/lib/python3.12/site-packages/airflow/example_dags/example_branch_operator_decorator.py took 0.063 seconds
[2025-03-15T07:16:37.707+0000] {processor.py:186} INFO - Started process (PID=650) to work on /home/airflow/.local/lib/python3.12/site-packages/airflow/example_dags/example_branch_operator_decorator.py
[2025-03-15T07:16:37.708+0000] {processor.py:914} INFO - Processing file /home/airflow/.local/lib/python3.12/site-packages/airflow/example_dags/example_branch_operator_decorator.py for tasks to queue
[2025-03-15T07:16:37.709+0000] {logging_mixin.py:190} INFO - [2025-03-15T07:16:37.709+0000] {dagbag.py:588} INFO - Filling up the DagBag from /home/airflow/.local/lib/python3.12/site-packages/airflow/example_dags/example_branch_operator_decorator.py
[2025-03-15T07:16:37.720+0000] {processor.py:925} INFO - DAG(s) 'example_branch_python_operator_decorator' retrieved from /home/airflow/.local/lib/python3.12/site-packages/airflow/example_dags/example_branch_operator_decorator.py
[2025-03-15T07:16:37.736+0000] {logging_mixin.py:190} INFO - [2025-03-15T07:16:37.736+0000] {dag.py:3239} INFO - Sync 1 DAGs
[2025-03-15T07:16:37.750+0000] {logging_mixin.py:190} INFO - [2025-03-15T07:16:37.750+0000] {dag.py:4180} INFO - Setting next_dagrun for example_branch_python_operator_decorator to 2025-03-14 00:00:00+00:00, run_after=2025-03-15 00:00:00+00:00
[2025-03-15T07:16:37.763+0000] {processor.py:208} INFO - Processing /home/airflow/.local/lib/python3.12/site-packages/airflow/example_dags/example_branch_operator_decorator.py took 0.059 seconds
[2025-03-15T07:17:08.874+0000] {processor.py:186} INFO - Started process (PID=713) to work on /home/airflow/.local/lib/python3.12/site-packages/airflow/example_dags/example_branch_operator_decorator.py
[2025-03-15T07:17:08.875+0000] {processor.py:914} INFO - Processing file /home/airflow/.local/lib/python3.12/site-packages/airflow/example_dags/example_branch_operator_decorator.py for tasks to queue
[2025-03-15T07:17:08.876+0000] {logging_mixin.py:190} INFO - [2025-03-15T07:17:08.876+0000] {dagbag.py:588} INFO - Filling up the DagBag from /home/airflow/.local/lib/python3.12/site-packages/airflow/example_dags/example_branch_operator_decorator.py
[2025-03-15T07:17:08.887+0000] {processor.py:925} INFO - DAG(s) 'example_branch_python_operator_decorator' retrieved from /home/airflow/.local/lib/python3.12/site-packages/airflow/example_dags/example_branch_operator_decorator.py
[2025-03-15T07:17:08.904+0000] {logging_mixin.py:190} INFO - [2025-03-15T07:17:08.904+0000] {dag.py:3239} INFO - Sync 1 DAGs
[2025-03-15T07:17:08.921+0000] {logging_mixin.py:190} INFO - [2025-03-15T07:17:08.921+0000] {dag.py:4180} INFO - Setting next_dagrun for example_branch_python_operator_decorator to 2025-03-14 00:00:00+00:00, run_after=2025-03-15 00:00:00+00:00
[2025-03-15T07:17:08.937+0000] {processor.py:208} INFO - Processing /home/airflow/.local/lib/python3.12/site-packages/airflow/example_dags/example_branch_operator_decorator.py took 0.066 seconds
[2025-03-15T07:17:40.285+0000] {processor.py:186} INFO - Started process (PID=776) to work on /home/airflow/.local/lib/python3.12/site-packages/airflow/example_dags/example_branch_operator_decorator.py
[2025-03-15T07:17:40.286+0000] {processor.py:914} INFO - Processing file /home/airflow/.local/lib/python3.12/site-packages/airflow/example_dags/example_branch_operator_decorator.py for tasks to queue
[2025-03-15T07:17:40.287+0000] {logging_mixin.py:190} INFO - [2025-03-15T07:17:40.287+0000] {dagbag.py:588} INFO - Filling up the DagBag from /home/airflow/.local/lib/python3.12/site-packages/airflow/example_dags/example_branch_operator_decorator.py
[2025-03-15T07:17:40.298+0000] {processor.py:925} INFO - DAG(s) 'example_branch_python_operator_decorator' retrieved from /home/airflow/.local/lib/python3.12/site-packages/airflow/example_dags/example_branch_operator_decorator.py
[2025-03-15T07:17:40.312+0000] {logging_mixin.py:190} INFO - [2025-03-15T07:17:40.312+0000] {dag.py:3239} INFO - Sync 1 DAGs
[2025-03-15T07:17:40.325+0000] {logging_mixin.py:190} INFO - [2025-03-15T07:17:40.324+0000] {dag.py:4180} INFO - Setting next_dagrun for example_branch_python_operator_decorator to 2025-03-14 00:00:00+00:00, run_after=2025-03-15 00:00:00+00:00
[2025-03-15T07:17:40.338+0000] {processor.py:208} INFO - Processing /home/airflow/.local/lib/python3.12/site-packages/airflow/example_dags/example_branch_operator_decorator.py took 0.057 seconds
[2025-03-15T07:18:11.447+0000] {processor.py:186} INFO - Started process (PID=839) to work on /home/airflow/.local/lib/python3.12/site-packages/airflow/example_dags/example_branch_operator_decorator.py
[2025-03-15T07:18:11.448+0000] {processor.py:914} INFO - Processing file /home/airflow/.local/lib/python3.12/site-packages/airflow/example_dags/example_branch_operator_decorator.py for tasks to queue
[2025-03-15T07:18:11.449+0000] {logging_mixin.py:190} INFO - [2025-03-15T07:18:11.449+0000] {dagbag.py:588} INFO - Filling up the DagBag from /home/airflow/.local/lib/python3.12/site-packages/airflow/example_dags/example_branch_operator_decorator.py
[2025-03-15T07:18:11.459+0000] {processor.py:925} INFO - DAG(s) 'example_branch_python_operator_decorator' retrieved from /home/airflow/.local/lib/python3.12/site-packages/airflow/example_dags/example_branch_operator_decorator.py
[2025-03-15T07:18:11.473+0000] {logging_mixin.py:190} INFO - [2025-03-15T07:18:11.473+0000] {dag.py:3239} INFO - Sync 1 DAGs
[2025-03-15T07:18:11.490+0000] {logging_mixin.py:190} INFO - [2025-03-15T07:18:11.490+0000] {dag.py:4180} INFO - Setting next_dagrun for example_branch_python_operator_decorator to 2025-03-14 00:00:00+00:00, run_after=2025-03-15 00:00:00+00:00
[2025-03-15T07:18:11.508+0000] {processor.py:208} INFO - Processing /home/airflow/.local/lib/python3.12/site-packages/airflow/example_dags/example_branch_operator_decorator.py took 0.064 seconds
[2025-03-15T07:18:42.867+0000] {processor.py:186} INFO - Started process (PID=909) to work on /home/airflow/.local/lib/python3.12/site-packages/airflow/example_dags/example_branch_operator_decorator.py
[2025-03-15T07:18:42.884+0000] {processor.py:914} INFO - Processing file /home/airflow/.local/lib/python3.12/site-packages/airflow/example_dags/example_branch_operator_decorator.py for tasks to queue
[2025-03-15T07:18:42.891+0000] {logging_mixin.py:190} INFO - [2025-03-15T07:18:42.891+0000] {dagbag.py:588} INFO - Filling up the DagBag from /home/airflow/.local/lib/python3.12/site-packages/airflow/example_dags/example_branch_operator_decorator.py
[2025-03-15T07:18:42.941+0000] {processor.py:925} INFO - DAG(s) 'example_branch_python_operator_decorator' retrieved from /home/airflow/.local/lib/python3.12/site-packages/airflow/example_dags/example_branch_operator_decorator.py
[2025-03-15T07:18:42.960+0000] {logging_mixin.py:190} INFO - [2025-03-15T07:18:42.960+0000] {dag.py:3239} INFO - Sync 1 DAGs
[2025-03-15T07:18:42.975+0000] {logging_mixin.py:190} INFO - [2025-03-15T07:18:42.975+0000] {dag.py:4180} INFO - Setting next_dagrun for example_branch_python_operator_decorator to 2025-03-14 00:00:00+00:00, run_after=2025-03-15 00:00:00+00:00
[2025-03-15T07:18:42.986+0000] {processor.py:208} INFO - Processing /home/airflow/.local/lib/python3.12/site-packages/airflow/example_dags/example_branch_operator_decorator.py took 0.125 seconds
[2025-03-15T07:19:13.803+0000] {processor.py:186} INFO - Started process (PID=973) to work on /home/airflow/.local/lib/python3.12/site-packages/airflow/example_dags/example_branch_operator_decorator.py
[2025-03-15T07:19:13.804+0000] {processor.py:914} INFO - Processing file /home/airflow/.local/lib/python3.12/site-packages/airflow/example_dags/example_branch_operator_decorator.py for tasks to queue
[2025-03-15T07:19:13.805+0000] {logging_mixin.py:190} INFO - [2025-03-15T07:19:13.805+0000] {dagbag.py:588} INFO - Filling up the DagBag from /home/airflow/.local/lib/python3.12/site-packages/airflow/example_dags/example_branch_operator_decorator.py
[2025-03-15T07:19:13.815+0000] {processor.py:925} INFO - DAG(s) 'example_branch_python_operator_decorator' retrieved from /home/airflow/.local/lib/python3.12/site-packages/airflow/example_dags/example_branch_operator_decorator.py
[2025-03-15T07:19:13.829+0000] {logging_mixin.py:190} INFO - [2025-03-15T07:19:13.829+0000] {dag.py:3239} INFO - Sync 1 DAGs
[2025-03-15T07:19:13.842+0000] {logging_mixin.py:190} INFO - [2025-03-15T07:19:13.841+0000] {dag.py:4180} INFO - Setting next_dagrun for example_branch_python_operator_decorator to 2025-03-14 00:00:00+00:00, run_after=2025-03-15 00:00:00+00:00
[2025-03-15T07:19:13.855+0000] {processor.py:208} INFO - Processing /home/airflow/.local/lib/python3.12/site-packages/airflow/example_dags/example_branch_operator_decorator.py took 0.055 seconds
[2025-03-15T07:19:44.959+0000] {processor.py:186} INFO - Started process (PID=1036) to work on /home/airflow/.local/lib/python3.12/site-packages/airflow/example_dags/example_branch_operator_decorator.py
[2025-03-15T07:19:44.959+0000] {processor.py:914} INFO - Processing file /home/airflow/.local/lib/python3.12/site-packages/airflow/example_dags/example_branch_operator_decorator.py for tasks to queue
[2025-03-15T07:19:44.961+0000] {logging_mixin.py:190} INFO - [2025-03-15T07:19:44.960+0000] {dagbag.py:588} INFO - Filling up the DagBag from /home/airflow/.local/lib/python3.12/site-packages/airflow/example_dags/example_branch_operator_decorator.py
[2025-03-15T07:19:44.971+0000] {processor.py:925} INFO - DAG(s) 'example_branch_python_operator_decorator' retrieved from /home/airflow/.local/lib/python3.12/site-packages/airflow/example_dags/example_branch_operator_decorator.py
[2025-03-15T07:19:44.991+0000] {logging_mixin.py:190} INFO - [2025-03-15T07:19:44.990+0000] {dag.py:3239} INFO - Sync 1 DAGs
[2025-03-15T07:19:45.004+0000] {logging_mixin.py:190} INFO - [2025-03-15T07:19:45.003+0000] {dag.py:4180} INFO - Setting next_dagrun for example_branch_python_operator_decorator to 2025-03-14 00:00:00+00:00, run_after=2025-03-15 00:00:00+00:00
[2025-03-15T07:19:45.018+0000] {processor.py:208} INFO - Processing /home/airflow/.local/lib/python3.12/site-packages/airflow/example_dags/example_branch_operator_decorator.py took 0.063 seconds
[2025-03-15T07:20:16.101+0000] {processor.py:186} INFO - Started process (PID=1099) to work on /home/airflow/.local/lib/python3.12/site-packages/airflow/example_dags/example_branch_operator_decorator.py
[2025-03-15T07:20:16.102+0000] {processor.py:914} INFO - Processing file /home/airflow/.local/lib/python3.12/site-packages/airflow/example_dags/example_branch_operator_decorator.py for tasks to queue
[2025-03-15T07:20:16.105+0000] {logging_mixin.py:190} INFO - [2025-03-15T07:20:16.104+0000] {dagbag.py:588} INFO - Filling up the DagBag from /home/airflow/.local/lib/python3.12/site-packages/airflow/example_dags/example_branch_operator_decorator.py
[2025-03-15T07:20:16.115+0000] {processor.py:925} INFO - DAG(s) 'example_branch_python_operator_decorator' retrieved from /home/airflow/.local/lib/python3.12/site-packages/airflow/example_dags/example_branch_operator_decorator.py
[2025-03-15T07:20:16.129+0000] {logging_mixin.py:190} INFO - [2025-03-15T07:20:16.129+0000] {dag.py:3239} INFO - Sync 1 DAGs
[2025-03-15T07:20:16.141+0000] {logging_mixin.py:190} INFO - [2025-03-15T07:20:16.141+0000] {dag.py:4180} INFO - Setting next_dagrun for example_branch_python_operator_decorator to 2025-03-14 00:00:00+00:00, run_after=2025-03-15 00:00:00+00:00
[2025-03-15T07:20:16.155+0000] {processor.py:208} INFO - Processing /home/airflow/.local/lib/python3.12/site-packages/airflow/example_dags/example_branch_operator_decorator.py took 0.058 seconds
[2025-03-15T07:20:46.757+0000] {processor.py:186} INFO - Started process (PID=1161) to work on /home/airflow/.local/lib/python3.12/site-packages/airflow/example_dags/example_branch_operator_decorator.py
[2025-03-15T07:20:46.758+0000] {processor.py:914} INFO - Processing file /home/airflow/.local/lib/python3.12/site-packages/airflow/example_dags/example_branch_operator_decorator.py for tasks to queue
[2025-03-15T07:20:46.759+0000] {logging_mixin.py:190} INFO - [2025-03-15T07:20:46.759+0000] {dagbag.py:588} INFO - Filling up the DagBag from /home/airflow/.local/lib/python3.12/site-packages/airflow/example_dags/example_branch_operator_decorator.py
[2025-03-15T07:20:46.770+0000] {processor.py:925} INFO - DAG(s) 'example_branch_python_operator_decorator' retrieved from /home/airflow/.local/lib/python3.12/site-packages/airflow/example_dags/example_branch_operator_decorator.py
[2025-03-15T07:20:46.791+0000] {logging_mixin.py:190} INFO - [2025-03-15T07:20:46.791+0000] {dag.py:3239} INFO - Sync 1 DAGs
[2025-03-15T07:20:46.805+0000] {logging_mixin.py:190} INFO - [2025-03-15T07:20:46.805+0000] {dag.py:4180} INFO - Setting next_dagrun for example_branch_python_operator_decorator to 2025-03-14 00:00:00+00:00, run_after=2025-03-15 00:00:00+00:00
[2025-03-15T07:20:46.818+0000] {processor.py:208} INFO - Processing /home/airflow/.local/lib/python3.12/site-packages/airflow/example_dags/example_branch_operator_decorator.py took 0.064 seconds
[2025-03-15T07:21:17.738+0000] {processor.py:186} INFO - Started process (PID=1224) to work on /home/airflow/.local/lib/python3.12/site-packages/airflow/example_dags/example_branch_operator_decorator.py
[2025-03-15T07:21:17.739+0000] {processor.py:914} INFO - Processing file /home/airflow/.local/lib/python3.12/site-packages/airflow/example_dags/example_branch_operator_decorator.py for tasks to queue
[2025-03-15T07:21:17.740+0000] {logging_mixin.py:190} INFO - [2025-03-15T07:21:17.740+0000] {dagbag.py:588} INFO - Filling up the DagBag from /home/airflow/.local/lib/python3.12/site-packages/airflow/example_dags/example_branch_operator_decorator.py
[2025-03-15T07:21:17.752+0000] {processor.py:925} INFO - DAG(s) 'example_branch_python_operator_decorator' retrieved from /home/airflow/.local/lib/python3.12/site-packages/airflow/example_dags/example_branch_operator_decorator.py
[2025-03-15T07:21:17.767+0000] {logging_mixin.py:190} INFO - [2025-03-15T07:21:17.767+0000] {dag.py:3239} INFO - Sync 1 DAGs
[2025-03-15T07:21:17.779+0000] {logging_mixin.py:190} INFO - [2025-03-15T07:21:17.778+0000] {dag.py:4180} INFO - Setting next_dagrun for example_branch_python_operator_decorator to 2025-03-14 00:00:00+00:00, run_after=2025-03-15 00:00:00+00:00
[2025-03-15T07:21:17.792+0000] {processor.py:208} INFO - Processing /home/airflow/.local/lib/python3.12/site-packages/airflow/example_dags/example_branch_operator_decorator.py took 0.058 seconds
[2025-03-15T07:21:49.088+0000] {processor.py:186} INFO - Started process (PID=1287) to work on /home/airflow/.local/lib/python3.12/site-packages/airflow/example_dags/example_branch_operator_decorator.py
[2025-03-15T07:21:49.089+0000] {processor.py:914} INFO - Processing file /home/airflow/.local/lib/python3.12/site-packages/airflow/example_dags/example_branch_operator_decorator.py for tasks to queue
[2025-03-15T07:21:49.090+0000] {logging_mixin.py:190} INFO - [2025-03-15T07:21:49.090+0000] {dagbag.py:588} INFO - Filling up the DagBag from /home/airflow/.local/lib/python3.12/site-packages/airflow/example_dags/example_branch_operator_decorator.py
[2025-03-15T07:21:49.101+0000] {processor.py:925} INFO - DAG(s) 'example_branch_python_operator_decorator' retrieved from /home/airflow/.local/lib/python3.12/site-packages/airflow/example_dags/example_branch_operator_decorator.py
[2025-03-15T07:21:49.117+0000] {logging_mixin.py:190} INFO - [2025-03-15T07:21:49.117+0000] {dag.py:3239} INFO - Sync 1 DAGs
[2025-03-15T07:21:49.131+0000] {logging_mixin.py:190} INFO - [2025-03-15T07:21:49.131+0000] {dag.py:4180} INFO - Setting next_dagrun for example_branch_python_operator_decorator to 2025-03-14 00:00:00+00:00, run_after=2025-03-15 00:00:00+00:00
[2025-03-15T07:21:49.142+0000] {processor.py:208} INFO - Processing /home/airflow/.local/lib/python3.12/site-packages/airflow/example_dags/example_branch_operator_decorator.py took 0.058 seconds
[2025-03-15T07:22:20.646+0000] {processor.py:186} INFO - Started process (PID=1350) to work on /home/airflow/.local/lib/python3.12/site-packages/airflow/example_dags/example_branch_operator_decorator.py
[2025-03-15T07:22:20.648+0000] {processor.py:914} INFO - Processing file /home/airflow/.local/lib/python3.12/site-packages/airflow/example_dags/example_branch_operator_decorator.py for tasks to queue
[2025-03-15T07:22:20.649+0000] {logging_mixin.py:190} INFO - [2025-03-15T07:22:20.649+0000] {dagbag.py:588} INFO - Filling up the DagBag from /home/airflow/.local/lib/python3.12/site-packages/airflow/example_dags/example_branch_operator_decorator.py
[2025-03-15T07:22:20.662+0000] {processor.py:925} INFO - DAG(s) 'example_branch_python_operator_decorator' retrieved from /home/airflow/.local/lib/python3.12/site-packages/airflow/example_dags/example_branch_operator_decorator.py
[2025-03-15T07:22:20.679+0000] {logging_mixin.py:190} INFO - [2025-03-15T07:22:20.679+0000] {dag.py:3239} INFO - Sync 1 DAGs
[2025-03-15T07:22:20.693+0000] {logging_mixin.py:190} INFO - [2025-03-15T07:22:20.693+0000] {dag.py:4180} INFO - Setting next_dagrun for example_branch_python_operator_decorator to 2025-03-14 00:00:00+00:00, run_after=2025-03-15 00:00:00+00:00
[2025-03-15T07:22:20.710+0000] {processor.py:208} INFO - Processing /home/airflow/.local/lib/python3.12/site-packages/airflow/example_dags/example_branch_operator_decorator.py took 0.067 seconds
[2025-03-15T07:22:51.298+0000] {processor.py:186} INFO - Started process (PID=1413) to work on /home/airflow/.local/lib/python3.12/site-packages/airflow/example_dags/example_branch_operator_decorator.py
[2025-03-15T07:22:51.298+0000] {processor.py:914} INFO - Processing file /home/airflow/.local/lib/python3.12/site-packages/airflow/example_dags/example_branch_operator_decorator.py for tasks to queue
[2025-03-15T07:22:51.299+0000] {logging_mixin.py:190} INFO - [2025-03-15T07:22:51.299+0000] {dagbag.py:588} INFO - Filling up the DagBag from /home/airflow/.local/lib/python3.12/site-packages/airflow/example_dags/example_branch_operator_decorator.py
[2025-03-15T07:22:51.310+0000] {processor.py:925} INFO - DAG(s) 'example_branch_python_operator_decorator' retrieved from /home/airflow/.local/lib/python3.12/site-packages/airflow/example_dags/example_branch_operator_decorator.py
[2025-03-15T07:22:51.326+0000] {logging_mixin.py:190} INFO - [2025-03-15T07:22:51.326+0000] {dag.py:3239} INFO - Sync 1 DAGs
[2025-03-15T07:22:51.339+0000] {logging_mixin.py:190} INFO - [2025-03-15T07:22:51.339+0000] {dag.py:4180} INFO - Setting next_dagrun for example_branch_python_operator_decorator to 2025-03-14 00:00:00+00:00, run_after=2025-03-15 00:00:00+00:00
[2025-03-15T07:22:51.350+0000] {processor.py:208} INFO - Processing /home/airflow/.local/lib/python3.12/site-packages/airflow/example_dags/example_branch_operator_decorator.py took 0.055 seconds
[2025-03-15T07:23:22.592+0000] {processor.py:186} INFO - Started process (PID=1476) to work on /home/airflow/.local/lib/python3.12/site-packages/airflow/example_dags/example_branch_operator_decorator.py
[2025-03-15T07:23:22.594+0000] {processor.py:914} INFO - Processing file /home/airflow/.local/lib/python3.12/site-packages/airflow/example_dags/example_branch_operator_decorator.py for tasks to queue
[2025-03-15T07:23:22.595+0000] {logging_mixin.py:190} INFO - [2025-03-15T07:23:22.595+0000] {dagbag.py:588} INFO - Filling up the DagBag from /home/airflow/.local/lib/python3.12/site-packages/airflow/example_dags/example_branch_operator_decorator.py
[2025-03-15T07:23:22.607+0000] {processor.py:925} INFO - DAG(s) 'example_branch_python_operator_decorator' retrieved from /home/airflow/.local/lib/python3.12/site-packages/airflow/example_dags/example_branch_operator_decorator.py
[2025-03-15T07:23:22.621+0000] {logging_mixin.py:190} INFO - [2025-03-15T07:23:22.621+0000] {dag.py:3239} INFO - Sync 1 DAGs
[2025-03-15T07:23:22.635+0000] {logging_mixin.py:190} INFO - [2025-03-15T07:23:22.634+0000] {dag.py:4180} INFO - Setting next_dagrun for example_branch_python_operator_decorator to 2025-03-14 00:00:00+00:00, run_after=2025-03-15 00:00:00+00:00
[2025-03-15T07:23:22.649+0000] {processor.py:208} INFO - Processing /home/airflow/.local/lib/python3.12/site-packages/airflow/example_dags/example_branch_operator_decorator.py took 0.061 seconds
[2025-03-15T07:23:54.068+0000] {processor.py:186} INFO - Started process (PID=1539) to work on /home/airflow/.local/lib/python3.12/site-packages/airflow/example_dags/example_branch_operator_decorator.py
[2025-03-15T07:23:54.069+0000] {processor.py:914} INFO - Processing file /home/airflow/.local/lib/python3.12/site-packages/airflow/example_dags/example_branch_operator_decorator.py for tasks to queue
[2025-03-15T07:23:54.071+0000] {logging_mixin.py:190} INFO - [2025-03-15T07:23:54.070+0000] {dagbag.py:588} INFO - Filling up the DagBag from /home/airflow/.local/lib/python3.12/site-packages/airflow/example_dags/example_branch_operator_decorator.py
[2025-03-15T07:23:54.082+0000] {processor.py:925} INFO - DAG(s) 'example_branch_python_operator_decorator' retrieved from /home/airflow/.local/lib/python3.12/site-packages/airflow/example_dags/example_branch_operator_decorator.py
[2025-03-15T07:23:54.097+0000] {logging_mixin.py:190} INFO - [2025-03-15T07:23:54.097+0000] {dag.py:3239} INFO - Sync 1 DAGs
[2025-03-15T07:23:54.116+0000] {logging_mixin.py:190} INFO - [2025-03-15T07:23:54.116+0000] {dag.py:4180} INFO - Setting next_dagrun for example_branch_python_operator_decorator to 2025-03-14 00:00:00+00:00, run_after=2025-03-15 00:00:00+00:00
[2025-03-15T07:23:54.132+0000] {processor.py:208} INFO - Processing /home/airflow/.local/lib/python3.12/site-packages/airflow/example_dags/example_branch_operator_decorator.py took 0.068 seconds
[2025-03-15T07:24:25.311+0000] {processor.py:186} INFO - Started process (PID=1602) to work on /home/airflow/.local/lib/python3.12/site-packages/airflow/example_dags/example_branch_operator_decorator.py
[2025-03-15T07:24:25.312+0000] {processor.py:914} INFO - Processing file /home/airflow/.local/lib/python3.12/site-packages/airflow/example_dags/example_branch_operator_decorator.py for tasks to queue
[2025-03-15T07:24:25.313+0000] {logging_mixin.py:190} INFO - [2025-03-15T07:24:25.313+0000] {dagbag.py:588} INFO - Filling up the DagBag from /home/airflow/.local/lib/python3.12/site-packages/airflow/example_dags/example_branch_operator_decorator.py
[2025-03-15T07:24:25.325+0000] {processor.py:925} INFO - DAG(s) 'example_branch_python_operator_decorator' retrieved from /home/airflow/.local/lib/python3.12/site-packages/airflow/example_dags/example_branch_operator_decorator.py
[2025-03-15T07:24:25.346+0000] {logging_mixin.py:190} INFO - [2025-03-15T07:24:25.346+0000] {dag.py:3239} INFO - Sync 1 DAGs
[2025-03-15T07:24:25.360+0000] {logging_mixin.py:190} INFO - [2025-03-15T07:24:25.360+0000] {dag.py:4180} INFO - Setting next_dagrun for example_branch_python_operator_decorator to 2025-03-14 00:00:00+00:00, run_after=2025-03-15 00:00:00+00:00
[2025-03-15T07:24:25.372+0000] {processor.py:208} INFO - Processing /home/airflow/.local/lib/python3.12/site-packages/airflow/example_dags/example_branch_operator_decorator.py took 0.064 seconds
[2025-03-15T07:24:56.660+0000] {processor.py:186} INFO - Started process (PID=1665) to work on /home/airflow/.local/lib/python3.12/site-packages/airflow/example_dags/example_branch_operator_decorator.py
[2025-03-15T07:24:56.661+0000] {processor.py:914} INFO - Processing file /home/airflow/.local/lib/python3.12/site-packages/airflow/example_dags/example_branch_operator_decorator.py for tasks to queue
[2025-03-15T07:24:56.662+0000] {logging_mixin.py:190} INFO - [2025-03-15T07:24:56.662+0000] {dagbag.py:588} INFO - Filling up the DagBag from /home/airflow/.local/lib/python3.12/site-packages/airflow/example_dags/example_branch_operator_decorator.py
[2025-03-15T07:24:56.673+0000] {processor.py:925} INFO - DAG(s) 'example_branch_python_operator_decorator' retrieved from /home/airflow/.local/lib/python3.12/site-packages/airflow/example_dags/example_branch_operator_decorator.py
[2025-03-15T07:24:56.689+0000] {logging_mixin.py:190} INFO - [2025-03-15T07:24:56.689+0000] {dag.py:3239} INFO - Sync 1 DAGs
[2025-03-15T07:24:56.705+0000] {logging_mixin.py:190} INFO - [2025-03-15T07:24:56.704+0000] {dag.py:4180} INFO - Setting next_dagrun for example_branch_python_operator_decorator to 2025-03-14 00:00:00+00:00, run_after=2025-03-15 00:00:00+00:00
[2025-03-15T07:24:56.745+0000] {processor.py:208} INFO - Processing /home/airflow/.local/lib/python3.12/site-packages/airflow/example_dags/example_branch_operator_decorator.py took 0.089 seconds
[2025-03-15T07:25:27.953+0000] {processor.py:186} INFO - Started process (PID=1727) to work on /home/airflow/.local/lib/python3.12/site-packages/airflow/example_dags/example_branch_operator_decorator.py
[2025-03-15T07:25:27.954+0000] {processor.py:914} INFO - Processing file /home/airflow/.local/lib/python3.12/site-packages/airflow/example_dags/example_branch_operator_decorator.py for tasks to queue
[2025-03-15T07:25:27.955+0000] {logging_mixin.py:190} INFO - [2025-03-15T07:25:27.955+0000] {dagbag.py:588} INFO - Filling up the DagBag from /home/airflow/.local/lib/python3.12/site-packages/airflow/example_dags/example_branch_operator_decorator.py
[2025-03-15T07:25:27.968+0000] {processor.py:925} INFO - DAG(s) 'example_branch_python_operator_decorator' retrieved from /home/airflow/.local/lib/python3.12/site-packages/airflow/example_dags/example_branch_operator_decorator.py
[2025-03-15T07:25:27.985+0000] {logging_mixin.py:190} INFO - [2025-03-15T07:25:27.985+0000] {dag.py:3239} INFO - Sync 1 DAGs
[2025-03-15T07:25:27.999+0000] {logging_mixin.py:190} INFO - [2025-03-15T07:25:27.999+0000] {dag.py:4180} INFO - Setting next_dagrun for example_branch_python_operator_decorator to 2025-03-14 00:00:00+00:00, run_after=2025-03-15 00:00:00+00:00
[2025-03-15T07:25:28.015+0000] {processor.py:208} INFO - Processing /home/airflow/.local/lib/python3.12/site-packages/airflow/example_dags/example_branch_operator_decorator.py took 0.065 seconds
[2025-03-15T07:25:59.344+0000] {processor.py:186} INFO - Started process (PID=1790) to work on /home/airflow/.local/lib/python3.12/site-packages/airflow/example_dags/example_branch_operator_decorator.py
[2025-03-15T07:25:59.345+0000] {processor.py:914} INFO - Processing file /home/airflow/.local/lib/python3.12/site-packages/airflow/example_dags/example_branch_operator_decorator.py for tasks to queue
[2025-03-15T07:25:59.346+0000] {logging_mixin.py:190} INFO - [2025-03-15T07:25:59.346+0000] {dagbag.py:588} INFO - Filling up the DagBag from /home/airflow/.local/lib/python3.12/site-packages/airflow/example_dags/example_branch_operator_decorator.py
[2025-03-15T07:25:59.357+0000] {processor.py:925} INFO - DAG(s) 'example_branch_python_operator_decorator' retrieved from /home/airflow/.local/lib/python3.12/site-packages/airflow/example_dags/example_branch_operator_decorator.py
[2025-03-15T07:25:59.374+0000] {logging_mixin.py:190} INFO - [2025-03-15T07:25:59.374+0000] {dag.py:3239} INFO - Sync 1 DAGs
[2025-03-15T07:25:59.387+0000] {logging_mixin.py:190} INFO - [2025-03-15T07:25:59.387+0000] {dag.py:4180} INFO - Setting next_dagrun for example_branch_python_operator_decorator to 2025-03-14 00:00:00+00:00, run_after=2025-03-15 00:00:00+00:00
[2025-03-15T07:25:59.406+0000] {processor.py:208} INFO - Processing /home/airflow/.local/lib/python3.12/site-packages/airflow/example_dags/example_branch_operator_decorator.py took 0.065 seconds
[2025-03-15T07:26:30.760+0000] {processor.py:186} INFO - Started process (PID=1852) to work on /home/airflow/.local/lib/python3.12/site-packages/airflow/example_dags/example_branch_operator_decorator.py
[2025-03-15T07:26:30.761+0000] {processor.py:914} INFO - Processing file /home/airflow/.local/lib/python3.12/site-packages/airflow/example_dags/example_branch_operator_decorator.py for tasks to queue
[2025-03-15T07:26:30.762+0000] {logging_mixin.py:190} INFO - [2025-03-15T07:26:30.762+0000] {dagbag.py:588} INFO - Filling up the DagBag from /home/airflow/.local/lib/python3.12/site-packages/airflow/example_dags/example_branch_operator_decorator.py
[2025-03-15T07:26:30.774+0000] {processor.py:925} INFO - DAG(s) 'example_branch_python_operator_decorator' retrieved from /home/airflow/.local/lib/python3.12/site-packages/airflow/example_dags/example_branch_operator_decorator.py
[2025-03-15T07:26:30.788+0000] {logging_mixin.py:190} INFO - [2025-03-15T07:26:30.788+0000] {dag.py:3239} INFO - Sync 1 DAGs
[2025-03-15T07:26:30.802+0000] {logging_mixin.py:190} INFO - [2025-03-15T07:26:30.802+0000] {dag.py:4180} INFO - Setting next_dagrun for example_branch_python_operator_decorator to 2025-03-14 00:00:00+00:00, run_after=2025-03-15 00:00:00+00:00
[2025-03-15T07:26:30.817+0000] {processor.py:208} INFO - Processing /home/airflow/.local/lib/python3.12/site-packages/airflow/example_dags/example_branch_operator_decorator.py took 0.060 seconds
[2025-03-15T07:27:01.318+0000] {processor.py:186} INFO - Started process (PID=1916) to work on /home/airflow/.local/lib/python3.12/site-packages/airflow/example_dags/example_branch_operator_decorator.py
[2025-03-15T07:27:01.319+0000] {processor.py:914} INFO - Processing file /home/airflow/.local/lib/python3.12/site-packages/airflow/example_dags/example_branch_operator_decorator.py for tasks to queue
[2025-03-15T07:27:01.320+0000] {logging_mixin.py:190} INFO - [2025-03-15T07:27:01.319+0000] {dagbag.py:588} INFO - Filling up the DagBag from /home/airflow/.local/lib/python3.12/site-packages/airflow/example_dags/example_branch_operator_decorator.py
[2025-03-15T07:27:01.329+0000] {processor.py:925} INFO - DAG(s) 'example_branch_python_operator_decorator' retrieved from /home/airflow/.local/lib/python3.12/site-packages/airflow/example_dags/example_branch_operator_decorator.py
[2025-03-15T07:27:01.348+0000] {logging_mixin.py:190} INFO - [2025-03-15T07:27:01.348+0000] {dag.py:3239} INFO - Sync 1 DAGs
[2025-03-15T07:27:01.362+0000] {logging_mixin.py:190} INFO - [2025-03-15T07:27:01.362+0000] {dag.py:4180} INFO - Setting next_dagrun for example_branch_python_operator_decorator to 2025-03-14 00:00:00+00:00, run_after=2025-03-15 00:00:00+00:00
[2025-03-15T07:27:01.378+0000] {processor.py:208} INFO - Processing /home/airflow/.local/lib/python3.12/site-packages/airflow/example_dags/example_branch_operator_decorator.py took 0.064 seconds
[2025-03-15T07:27:32.406+0000] {processor.py:186} INFO - Started process (PID=1980) to work on /home/airflow/.local/lib/python3.12/site-packages/airflow/example_dags/example_branch_operator_decorator.py
[2025-03-15T07:27:32.407+0000] {processor.py:914} INFO - Processing file /home/airflow/.local/lib/python3.12/site-packages/airflow/example_dags/example_branch_operator_decorator.py for tasks to queue
[2025-03-15T07:27:32.409+0000] {logging_mixin.py:190} INFO - [2025-03-15T07:27:32.409+0000] {dagbag.py:588} INFO - Filling up the DagBag from /home/airflow/.local/lib/python3.12/site-packages/airflow/example_dags/example_branch_operator_decorator.py
[2025-03-15T07:27:32.419+0000] {processor.py:925} INFO - DAG(s) 'example_branch_python_operator_decorator' retrieved from /home/airflow/.local/lib/python3.12/site-packages/airflow/example_dags/example_branch_operator_decorator.py
[2025-03-15T07:27:32.434+0000] {logging_mixin.py:190} INFO - [2025-03-15T07:27:32.434+0000] {dag.py:3239} INFO - Sync 1 DAGs
[2025-03-15T07:27:32.448+0000] {logging_mixin.py:190} INFO - [2025-03-15T07:27:32.448+0000] {dag.py:4180} INFO - Setting next_dagrun for example_branch_python_operator_decorator to 2025-03-14 00:00:00+00:00, run_after=2025-03-15 00:00:00+00:00
[2025-03-15T07:27:32.462+0000] {processor.py:208} INFO - Processing /home/airflow/.local/lib/python3.12/site-packages/airflow/example_dags/example_branch_operator_decorator.py took 0.059 seconds
[2025-03-15T07:28:03.171+0000] {processor.py:186} INFO - Started process (PID=2050) to work on /home/airflow/.local/lib/python3.12/site-packages/airflow/example_dags/example_branch_operator_decorator.py
[2025-03-15T07:28:03.172+0000] {processor.py:914} INFO - Processing file /home/airflow/.local/lib/python3.12/site-packages/airflow/example_dags/example_branch_operator_decorator.py for tasks to queue
[2025-03-15T07:28:03.174+0000] {logging_mixin.py:190} INFO - [2025-03-15T07:28:03.174+0000] {dagbag.py:588} INFO - Filling up the DagBag from /home/airflow/.local/lib/python3.12/site-packages/airflow/example_dags/example_branch_operator_decorator.py
[2025-03-15T07:28:03.185+0000] {processor.py:925} INFO - DAG(s) 'example_branch_python_operator_decorator' retrieved from /home/airflow/.local/lib/python3.12/site-packages/airflow/example_dags/example_branch_operator_decorator.py
[2025-03-15T07:28:03.205+0000] {logging_mixin.py:190} INFO - [2025-03-15T07:28:03.205+0000] {dag.py:3239} INFO - Sync 1 DAGs
[2025-03-15T07:28:03.222+0000] {logging_mixin.py:190} INFO - [2025-03-15T07:28:03.222+0000] {dag.py:4180} INFO - Setting next_dagrun for example_branch_python_operator_decorator to 2025-03-14 00:00:00+00:00, run_after=2025-03-15 00:00:00+00:00
[2025-03-15T07:28:03.237+0000] {processor.py:208} INFO - Processing /home/airflow/.local/lib/python3.12/site-packages/airflow/example_dags/example_branch_operator_decorator.py took 0.069 seconds
[2025-03-15T07:28:34.296+0000] {processor.py:186} INFO - Started process (PID=2114) to work on /home/airflow/.local/lib/python3.12/site-packages/airflow/example_dags/example_branch_operator_decorator.py
[2025-03-15T07:28:34.297+0000] {processor.py:914} INFO - Processing file /home/airflow/.local/lib/python3.12/site-packages/airflow/example_dags/example_branch_operator_decorator.py for tasks to queue
[2025-03-15T07:28:34.299+0000] {logging_mixin.py:190} INFO - [2025-03-15T07:28:34.299+0000] {dagbag.py:588} INFO - Filling up the DagBag from /home/airflow/.local/lib/python3.12/site-packages/airflow/example_dags/example_branch_operator_decorator.py
[2025-03-15T07:28:34.311+0000] {processor.py:925} INFO - DAG(s) 'example_branch_python_operator_decorator' retrieved from /home/airflow/.local/lib/python3.12/site-packages/airflow/example_dags/example_branch_operator_decorator.py
[2025-03-15T07:28:34.327+0000] {logging_mixin.py:190} INFO - [2025-03-15T07:28:34.327+0000] {dag.py:3239} INFO - Sync 1 DAGs
[2025-03-15T07:28:34.344+0000] {logging_mixin.py:190} INFO - [2025-03-15T07:28:34.344+0000] {dag.py:4180} INFO - Setting next_dagrun for example_branch_python_operator_decorator to 2025-03-14 00:00:00+00:00, run_after=2025-03-15 00:00:00+00:00
[2025-03-15T07:28:34.362+0000] {processor.py:208} INFO - Processing /home/airflow/.local/lib/python3.12/site-packages/airflow/example_dags/example_branch_operator_decorator.py took 0.070 seconds
[2025-03-15T07:29:04.820+0000] {processor.py:186} INFO - Started process (PID=2178) to work on /home/airflow/.local/lib/python3.12/site-packages/airflow/example_dags/example_branch_operator_decorator.py
[2025-03-15T07:29:04.821+0000] {processor.py:914} INFO - Processing file /home/airflow/.local/lib/python3.12/site-packages/airflow/example_dags/example_branch_operator_decorator.py for tasks to queue
[2025-03-15T07:29:04.822+0000] {logging_mixin.py:190} INFO - [2025-03-15T07:29:04.822+0000] {dagbag.py:588} INFO - Filling up the DagBag from /home/airflow/.local/lib/python3.12/site-packages/airflow/example_dags/example_branch_operator_decorator.py
[2025-03-15T07:29:04.832+0000] {processor.py:925} INFO - DAG(s) 'example_branch_python_operator_decorator' retrieved from /home/airflow/.local/lib/python3.12/site-packages/airflow/example_dags/example_branch_operator_decorator.py
[2025-03-15T07:29:04.848+0000] {logging_mixin.py:190} INFO - [2025-03-15T07:29:04.848+0000] {dag.py:3239} INFO - Sync 1 DAGs
[2025-03-15T07:29:04.862+0000] {logging_mixin.py:190} INFO - [2025-03-15T07:29:04.862+0000] {dag.py:4180} INFO - Setting next_dagrun for example_branch_python_operator_decorator to 2025-03-14 00:00:00+00:00, run_after=2025-03-15 00:00:00+00:00
[2025-03-15T07:29:04.875+0000] {processor.py:208} INFO - Processing /home/airflow/.local/lib/python3.12/site-packages/airflow/example_dags/example_branch_operator_decorator.py took 0.059 seconds
[2025-03-15T07:29:35.892+0000] {processor.py:186} INFO - Started process (PID=2242) to work on /home/airflow/.local/lib/python3.12/site-packages/airflow/example_dags/example_branch_operator_decorator.py
[2025-03-15T07:29:35.895+0000] {processor.py:914} INFO - Processing file /home/airflow/.local/lib/python3.12/site-packages/airflow/example_dags/example_branch_operator_decorator.py for tasks to queue
[2025-03-15T07:29:35.896+0000] {logging_mixin.py:190} INFO - [2025-03-15T07:29:35.896+0000] {dagbag.py:588} INFO - Filling up the DagBag from /home/airflow/.local/lib/python3.12/site-packages/airflow/example_dags/example_branch_operator_decorator.py
[2025-03-15T07:29:35.908+0000] {processor.py:925} INFO - DAG(s) 'example_branch_python_operator_decorator' retrieved from /home/airflow/.local/lib/python3.12/site-packages/airflow/example_dags/example_branch_operator_decorator.py
[2025-03-15T07:29:35.923+0000] {logging_mixin.py:190} INFO - [2025-03-15T07:29:35.923+0000] {dag.py:3239} INFO - Sync 1 DAGs
[2025-03-15T07:29:35.938+0000] {logging_mixin.py:190} INFO - [2025-03-15T07:29:35.938+0000] {dag.py:4180} INFO - Setting next_dagrun for example_branch_python_operator_decorator to 2025-03-14 00:00:00+00:00, run_after=2025-03-15 00:00:00+00:00
[2025-03-15T07:29:35.954+0000] {processor.py:208} INFO - Processing /home/airflow/.local/lib/python3.12/site-packages/airflow/example_dags/example_branch_operator_decorator.py took 0.066 seconds
[2025-03-15T07:30:06.351+0000] {processor.py:186} INFO - Started process (PID=2306) to work on /home/airflow/.local/lib/python3.12/site-packages/airflow/example_dags/example_branch_operator_decorator.py
[2025-03-15T07:30:06.351+0000] {processor.py:914} INFO - Processing file /home/airflow/.local/lib/python3.12/site-packages/airflow/example_dags/example_branch_operator_decorator.py for tasks to queue
[2025-03-15T07:30:06.353+0000] {logging_mixin.py:190} INFO - [2025-03-15T07:30:06.353+0000] {dagbag.py:588} INFO - Filling up the DagBag from /home/airflow/.local/lib/python3.12/site-packages/airflow/example_dags/example_branch_operator_decorator.py
[2025-03-15T07:30:06.363+0000] {processor.py:925} INFO - DAG(s) 'example_branch_python_operator_decorator' retrieved from /home/airflow/.local/lib/python3.12/site-packages/airflow/example_dags/example_branch_operator_decorator.py
[2025-03-15T07:30:06.378+0000] {logging_mixin.py:190} INFO - [2025-03-15T07:30:06.378+0000] {dag.py:3239} INFO - Sync 1 DAGs
[2025-03-15T07:30:06.391+0000] {logging_mixin.py:190} INFO - [2025-03-15T07:30:06.391+0000] {dag.py:4180} INFO - Setting next_dagrun for example_branch_python_operator_decorator to 2025-03-14 00:00:00+00:00, run_after=2025-03-15 00:00:00+00:00
[2025-03-15T07:30:06.408+0000] {processor.py:208} INFO - Processing /home/airflow/.local/lib/python3.12/site-packages/airflow/example_dags/example_branch_operator_decorator.py took 0.060 seconds
[2025-03-15T07:30:37.649+0000] {processor.py:186} INFO - Started process (PID=2370) to work on /home/airflow/.local/lib/python3.12/site-packages/airflow/example_dags/example_branch_operator_decorator.py
[2025-03-15T07:30:37.653+0000] {processor.py:914} INFO - Processing file /home/airflow/.local/lib/python3.12/site-packages/airflow/example_dags/example_branch_operator_decorator.py for tasks to queue
[2025-03-15T07:30:37.654+0000] {logging_mixin.py:190} INFO - [2025-03-15T07:30:37.654+0000] {dagbag.py:588} INFO - Filling up the DagBag from /home/airflow/.local/lib/python3.12/site-packages/airflow/example_dags/example_branch_operator_decorator.py
[2025-03-15T07:30:37.669+0000] {processor.py:925} INFO - DAG(s) 'example_branch_python_operator_decorator' retrieved from /home/airflow/.local/lib/python3.12/site-packages/airflow/example_dags/example_branch_operator_decorator.py
[2025-03-15T07:30:37.688+0000] {logging_mixin.py:190} INFO - [2025-03-15T07:30:37.688+0000] {dag.py:3239} INFO - Sync 1 DAGs
[2025-03-15T07:30:37.701+0000] {logging_mixin.py:190} INFO - [2025-03-15T07:30:37.701+0000] {dag.py:4180} INFO - Setting next_dagrun for example_branch_python_operator_decorator to 2025-03-14 00:00:00+00:00, run_after=2025-03-15 00:00:00+00:00
[2025-03-15T07:30:37.711+0000] {processor.py:208} INFO - Processing /home/airflow/.local/lib/python3.12/site-packages/airflow/example_dags/example_branch_operator_decorator.py took 0.066 seconds
[2025-03-15T07:31:09.035+0000] {processor.py:186} INFO - Started process (PID=2434) to work on /home/airflow/.local/lib/python3.12/site-packages/airflow/example_dags/example_branch_operator_decorator.py
[2025-03-15T07:31:09.036+0000] {processor.py:914} INFO - Processing file /home/airflow/.local/lib/python3.12/site-packages/airflow/example_dags/example_branch_operator_decorator.py for tasks to queue
[2025-03-15T07:31:09.037+0000] {logging_mixin.py:190} INFO - [2025-03-15T07:31:09.037+0000] {dagbag.py:588} INFO - Filling up the DagBag from /home/airflow/.local/lib/python3.12/site-packages/airflow/example_dags/example_branch_operator_decorator.py
[2025-03-15T07:31:09.048+0000] {processor.py:925} INFO - DAG(s) 'example_branch_python_operator_decorator' retrieved from /home/airflow/.local/lib/python3.12/site-packages/airflow/example_dags/example_branch_operator_decorator.py
[2025-03-15T07:31:09.068+0000] {logging_mixin.py:190} INFO - [2025-03-15T07:31:09.068+0000] {dag.py:3239} INFO - Sync 1 DAGs
[2025-03-15T07:31:09.083+0000] {logging_mixin.py:190} INFO - [2025-03-15T07:31:09.083+0000] {dag.py:4180} INFO - Setting next_dagrun for example_branch_python_operator_decorator to 2025-03-14 00:00:00+00:00, run_after=2025-03-15 00:00:00+00:00
[2025-03-15T07:31:09.098+0000] {processor.py:208} INFO - Processing /home/airflow/.local/lib/python3.12/site-packages/airflow/example_dags/example_branch_operator_decorator.py took 0.066 seconds
[2025-03-15T07:31:40.937+0000] {processor.py:186} INFO - Started process (PID=2498) to work on /home/airflow/.local/lib/python3.12/site-packages/airflow/example_dags/example_branch_operator_decorator.py
[2025-03-15T07:31:40.938+0000] {processor.py:914} INFO - Processing file /home/airflow/.local/lib/python3.12/site-packages/airflow/example_dags/example_branch_operator_decorator.py for tasks to queue
[2025-03-15T07:31:40.939+0000] {logging_mixin.py:190} INFO - [2025-03-15T07:31:40.939+0000] {dagbag.py:588} INFO - Filling up the DagBag from /home/airflow/.local/lib/python3.12/site-packages/airflow/example_dags/example_branch_operator_decorator.py
[2025-03-15T07:31:40.951+0000] {processor.py:925} INFO - DAG(s) 'example_branch_python_operator_decorator' retrieved from /home/airflow/.local/lib/python3.12/site-packages/airflow/example_dags/example_branch_operator_decorator.py
[2025-03-15T07:31:40.967+0000] {logging_mixin.py:190} INFO - [2025-03-15T07:31:40.967+0000] {dag.py:3239} INFO - Sync 1 DAGs
[2025-03-15T07:31:40.980+0000] {logging_mixin.py:190} INFO - [2025-03-15T07:31:40.980+0000] {dag.py:4180} INFO - Setting next_dagrun for example_branch_python_operator_decorator to 2025-03-14 00:00:00+00:00, run_after=2025-03-15 00:00:00+00:00
[2025-03-15T07:31:41.037+0000] {processor.py:208} INFO - Processing /home/airflow/.local/lib/python3.12/site-packages/airflow/example_dags/example_branch_operator_decorator.py took 0.104 seconds
[2025-03-15T07:32:11.829+0000] {processor.py:186} INFO - Started process (PID=2562) to work on /home/airflow/.local/lib/python3.12/site-packages/airflow/example_dags/example_branch_operator_decorator.py
[2025-03-15T07:32:11.832+0000] {processor.py:914} INFO - Processing file /home/airflow/.local/lib/python3.12/site-packages/airflow/example_dags/example_branch_operator_decorator.py for tasks to queue
[2025-03-15T07:32:11.834+0000] {logging_mixin.py:190} INFO - [2025-03-15T07:32:11.833+0000] {dagbag.py:588} INFO - Filling up the DagBag from /home/airflow/.local/lib/python3.12/site-packages/airflow/example_dags/example_branch_operator_decorator.py
[2025-03-15T07:32:11.844+0000] {processor.py:925} INFO - DAG(s) 'example_branch_python_operator_decorator' retrieved from /home/airflow/.local/lib/python3.12/site-packages/airflow/example_dags/example_branch_operator_decorator.py
[2025-03-15T07:32:11.859+0000] {logging_mixin.py:190} INFO - [2025-03-15T07:32:11.859+0000] {dag.py:3239} INFO - Sync 1 DAGs
[2025-03-15T07:32:11.873+0000] {logging_mixin.py:190} INFO - [2025-03-15T07:32:11.872+0000] {dag.py:4180} INFO - Setting next_dagrun for example_branch_python_operator_decorator to 2025-03-14 00:00:00+00:00, run_after=2025-03-15 00:00:00+00:00
[2025-03-15T07:32:11.885+0000] {processor.py:208} INFO - Processing /home/airflow/.local/lib/python3.12/site-packages/airflow/example_dags/example_branch_operator_decorator.py took 0.059 seconds
