[2025-03-15T07:12:00.312+0000] {processor.py:186} INFO - Started process (PID=85) to work on /home/airflow/.local/lib/python3.12/site-packages/airflow/example_dags/example_python_operator.py
[2025-03-15T07:12:00.313+0000] {processor.py:914} INFO - Processing file /home/airflow/.local/lib/python3.12/site-packages/airflow/example_dags/example_python_operator.py for tasks to queue
[2025-03-15T07:12:00.314+0000] {logging_mixin.py:190} INFO - [2025-03-15T07:12:00.314+0000] {dagbag.py:588} INFO - Filling up the DagBag from /home/airflow/.local/lib/python3.12/site-packages/airflow/example_dags/example_python_operator.py
[2025-03-15T07:12:00.321+0000] {processor.py:925} INFO - DAG(s) 'example_python_operator' retrieved from /home/airflow/.local/lib/python3.12/site-packages/airflow/example_dags/example_python_operator.py
[2025-03-15T07:12:00.376+0000] {logging_mixin.py:190} INFO - [2025-03-15T07:12:00.376+0000] {dag.py:3239} INFO - Sync 1 DAGs
[2025-03-15T07:12:00.382+0000] {logging_mixin.py:190} INFO - [2025-03-15T07:12:00.382+0000] {dag.py:4180} INFO - Setting next_dagrun for example_python_operator to None, run_after=None
[2025-03-15T07:12:00.393+0000] {processor.py:208} INFO - Processing /home/airflow/.local/lib/python3.12/site-packages/airflow/example_dags/example_python_operator.py took 0.084 seconds
[2025-03-15T07:12:30.605+0000] {processor.py:186} INFO - Started process (PID=153) to work on /home/airflow/.local/lib/python3.12/site-packages/airflow/example_dags/example_python_operator.py
[2025-03-15T07:12:30.606+0000] {processor.py:914} INFO - Processing file /home/airflow/.local/lib/python3.12/site-packages/airflow/example_dags/example_python_operator.py for tasks to queue
[2025-03-15T07:12:30.608+0000] {logging_mixin.py:190} INFO - [2025-03-15T07:12:30.608+0000] {dagbag.py:588} INFO - Filling up the DagBag from /home/airflow/.local/lib/python3.12/site-packages/airflow/example_dags/example_python_operator.py
[2025-03-15T07:12:30.616+0000] {processor.py:925} INFO - DAG(s) 'example_python_operator' retrieved from /home/airflow/.local/lib/python3.12/site-packages/airflow/example_dags/example_python_operator.py
[2025-03-15T07:12:30.631+0000] {logging_mixin.py:190} INFO - [2025-03-15T07:12:30.631+0000] {dag.py:3239} INFO - Sync 1 DAGs
[2025-03-15T07:12:30.642+0000] {logging_mixin.py:190} INFO - [2025-03-15T07:12:30.642+0000] {dag.py:4180} INFO - Setting next_dagrun for example_python_operator to None, run_after=None
[2025-03-15T07:12:30.655+0000] {processor.py:208} INFO - Processing /home/airflow/.local/lib/python3.12/site-packages/airflow/example_dags/example_python_operator.py took 0.054 seconds
[2025-03-15T07:13:00.892+0000] {processor.py:186} INFO - Started process (PID=215) to work on /home/airflow/.local/lib/python3.12/site-packages/airflow/example_dags/example_python_operator.py
[2025-03-15T07:13:00.893+0000] {processor.py:914} INFO - Processing file /home/airflow/.local/lib/python3.12/site-packages/airflow/example_dags/example_python_operator.py for tasks to queue
[2025-03-15T07:13:00.894+0000] {logging_mixin.py:190} INFO - [2025-03-15T07:13:00.894+0000] {dagbag.py:588} INFO - Filling up the DagBag from /home/airflow/.local/lib/python3.12/site-packages/airflow/example_dags/example_python_operator.py
[2025-03-15T07:13:00.900+0000] {processor.py:925} INFO - DAG(s) 'example_python_operator' retrieved from /home/airflow/.local/lib/python3.12/site-packages/airflow/example_dags/example_python_operator.py
[2025-03-15T07:13:00.914+0000] {logging_mixin.py:190} INFO - [2025-03-15T07:13:00.914+0000] {dag.py:3239} INFO - Sync 1 DAGs
[2025-03-15T07:13:00.923+0000] {logging_mixin.py:190} INFO - [2025-03-15T07:13:00.923+0000] {dag.py:4180} INFO - Setting next_dagrun for example_python_operator to None, run_after=None
[2025-03-15T07:13:00.935+0000] {processor.py:208} INFO - Processing /home/airflow/.local/lib/python3.12/site-packages/airflow/example_dags/example_python_operator.py took 0.046 seconds
[2025-03-15T07:13:32.242+0000] {processor.py:186} INFO - Started process (PID=279) to work on /home/airflow/.local/lib/python3.12/site-packages/airflow/example_dags/example_python_operator.py
[2025-03-15T07:13:32.242+0000] {processor.py:914} INFO - Processing file /home/airflow/.local/lib/python3.12/site-packages/airflow/example_dags/example_python_operator.py for tasks to queue
[2025-03-15T07:13:32.244+0000] {logging_mixin.py:190} INFO - [2025-03-15T07:13:32.243+0000] {dagbag.py:588} INFO - Filling up the DagBag from /home/airflow/.local/lib/python3.12/site-packages/airflow/example_dags/example_python_operator.py
[2025-03-15T07:13:32.250+0000] {processor.py:925} INFO - DAG(s) 'example_python_operator' retrieved from /home/airflow/.local/lib/python3.12/site-packages/airflow/example_dags/example_python_operator.py
[2025-03-15T07:13:32.264+0000] {logging_mixin.py:190} INFO - [2025-03-15T07:13:32.264+0000] {dag.py:3239} INFO - Sync 1 DAGs
[2025-03-15T07:13:32.272+0000] {logging_mixin.py:190} INFO - [2025-03-15T07:13:32.272+0000] {dag.py:4180} INFO - Setting next_dagrun for example_python_operator to None, run_after=None
[2025-03-15T07:13:32.282+0000] {processor.py:208} INFO - Processing /home/airflow/.local/lib/python3.12/site-packages/airflow/example_dags/example_python_operator.py took 0.044 seconds
[2025-03-15T07:14:02.750+0000] {processor.py:186} INFO - Started process (PID=342) to work on /home/airflow/.local/lib/python3.12/site-packages/airflow/example_dags/example_python_operator.py
[2025-03-15T07:14:02.750+0000] {processor.py:914} INFO - Processing file /home/airflow/.local/lib/python3.12/site-packages/airflow/example_dags/example_python_operator.py for tasks to queue
[2025-03-15T07:14:02.751+0000] {logging_mixin.py:190} INFO - [2025-03-15T07:14:02.751+0000] {dagbag.py:588} INFO - Filling up the DagBag from /home/airflow/.local/lib/python3.12/site-packages/airflow/example_dags/example_python_operator.py
[2025-03-15T07:14:02.758+0000] {processor.py:925} INFO - DAG(s) 'example_python_operator' retrieved from /home/airflow/.local/lib/python3.12/site-packages/airflow/example_dags/example_python_operator.py
[2025-03-15T07:14:02.771+0000] {logging_mixin.py:190} INFO - [2025-03-15T07:14:02.771+0000] {dag.py:3239} INFO - Sync 1 DAGs
[2025-03-15T07:14:02.777+0000] {logging_mixin.py:190} INFO - [2025-03-15T07:14:02.777+0000] {dag.py:4180} INFO - Setting next_dagrun for example_python_operator to None, run_after=None
[2025-03-15T07:14:02.787+0000] {processor.py:208} INFO - Processing /home/airflow/.local/lib/python3.12/site-packages/airflow/example_dags/example_python_operator.py took 0.041 seconds
[2025-03-15T07:14:34.236+0000] {processor.py:186} INFO - Started process (PID=405) to work on /home/airflow/.local/lib/python3.12/site-packages/airflow/example_dags/example_python_operator.py
[2025-03-15T07:14:34.237+0000] {processor.py:914} INFO - Processing file /home/airflow/.local/lib/python3.12/site-packages/airflow/example_dags/example_python_operator.py for tasks to queue
[2025-03-15T07:14:34.238+0000] {logging_mixin.py:190} INFO - [2025-03-15T07:14:34.238+0000] {dagbag.py:588} INFO - Filling up the DagBag from /home/airflow/.local/lib/python3.12/site-packages/airflow/example_dags/example_python_operator.py
[2025-03-15T07:14:34.244+0000] {processor.py:925} INFO - DAG(s) 'example_python_operator' retrieved from /home/airflow/.local/lib/python3.12/site-packages/airflow/example_dags/example_python_operator.py
[2025-03-15T07:14:34.257+0000] {logging_mixin.py:190} INFO - [2025-03-15T07:14:34.257+0000] {dag.py:3239} INFO - Sync 1 DAGs
[2025-03-15T07:14:34.264+0000] {logging_mixin.py:190} INFO - [2025-03-15T07:14:34.264+0000] {dag.py:4180} INFO - Setting next_dagrun for example_python_operator to None, run_after=None
[2025-03-15T07:14:34.283+0000] {processor.py:208} INFO - Processing /home/airflow/.local/lib/python3.12/site-packages/airflow/example_dags/example_python_operator.py took 0.053 seconds
[2025-03-15T07:15:05.433+0000] {processor.py:186} INFO - Started process (PID=468) to work on /home/airflow/.local/lib/python3.12/site-packages/airflow/example_dags/example_python_operator.py
[2025-03-15T07:15:05.434+0000] {processor.py:914} INFO - Processing file /home/airflow/.local/lib/python3.12/site-packages/airflow/example_dags/example_python_operator.py for tasks to queue
[2025-03-15T07:15:05.435+0000] {logging_mixin.py:190} INFO - [2025-03-15T07:15:05.435+0000] {dagbag.py:588} INFO - Filling up the DagBag from /home/airflow/.local/lib/python3.12/site-packages/airflow/example_dags/example_python_operator.py
[2025-03-15T07:15:05.441+0000] {processor.py:925} INFO - DAG(s) 'example_python_operator' retrieved from /home/airflow/.local/lib/python3.12/site-packages/airflow/example_dags/example_python_operator.py
[2025-03-15T07:15:05.454+0000] {logging_mixin.py:190} INFO - [2025-03-15T07:15:05.454+0000] {dag.py:3239} INFO - Sync 1 DAGs
[2025-03-15T07:15:05.461+0000] {logging_mixin.py:190} INFO - [2025-03-15T07:15:05.461+0000] {dag.py:4180} INFO - Setting next_dagrun for example_python_operator to None, run_after=None
[2025-03-15T07:15:05.471+0000] {processor.py:208} INFO - Processing /home/airflow/.local/lib/python3.12/site-packages/airflow/example_dags/example_python_operator.py took 0.041 seconds
[2025-03-15T07:15:36.240+0000] {processor.py:186} INFO - Started process (PID=531) to work on /home/airflow/.local/lib/python3.12/site-packages/airflow/example_dags/example_python_operator.py
[2025-03-15T07:15:36.241+0000] {processor.py:914} INFO - Processing file /home/airflow/.local/lib/python3.12/site-packages/airflow/example_dags/example_python_operator.py for tasks to queue
[2025-03-15T07:15:36.242+0000] {logging_mixin.py:190} INFO - [2025-03-15T07:15:36.242+0000] {dagbag.py:588} INFO - Filling up the DagBag from /home/airflow/.local/lib/python3.12/site-packages/airflow/example_dags/example_python_operator.py
[2025-03-15T07:15:36.249+0000] {processor.py:925} INFO - DAG(s) 'example_python_operator' retrieved from /home/airflow/.local/lib/python3.12/site-packages/airflow/example_dags/example_python_operator.py
[2025-03-15T07:15:36.261+0000] {logging_mixin.py:190} INFO - [2025-03-15T07:15:36.260+0000] {dag.py:3239} INFO - Sync 1 DAGs
[2025-03-15T07:15:36.268+0000] {logging_mixin.py:190} INFO - [2025-03-15T07:15:36.268+0000] {dag.py:4180} INFO - Setting next_dagrun for example_python_operator to None, run_after=None
[2025-03-15T07:15:36.277+0000] {processor.py:208} INFO - Processing /home/airflow/.local/lib/python3.12/site-packages/airflow/example_dags/example_python_operator.py took 0.040 seconds
[2025-03-15T07:16:07.168+0000] {processor.py:186} INFO - Started process (PID=593) to work on /home/airflow/.local/lib/python3.12/site-packages/airflow/example_dags/example_python_operator.py
[2025-03-15T07:16:07.169+0000] {processor.py:914} INFO - Processing file /home/airflow/.local/lib/python3.12/site-packages/airflow/example_dags/example_python_operator.py for tasks to queue
[2025-03-15T07:16:07.172+0000] {logging_mixin.py:190} INFO - [2025-03-15T07:16:07.172+0000] {dagbag.py:588} INFO - Filling up the DagBag from /home/airflow/.local/lib/python3.12/site-packages/airflow/example_dags/example_python_operator.py
[2025-03-15T07:16:07.178+0000] {processor.py:925} INFO - DAG(s) 'example_python_operator' retrieved from /home/airflow/.local/lib/python3.12/site-packages/airflow/example_dags/example_python_operator.py
[2025-03-15T07:16:07.190+0000] {logging_mixin.py:190} INFO - [2025-03-15T07:16:07.190+0000] {dag.py:3239} INFO - Sync 1 DAGs
[2025-03-15T07:16:07.198+0000] {logging_mixin.py:190} INFO - [2025-03-15T07:16:07.198+0000] {dag.py:4180} INFO - Setting next_dagrun for example_python_operator to None, run_after=None
[2025-03-15T07:16:07.211+0000] {processor.py:208} INFO - Processing /home/airflow/.local/lib/python3.12/site-packages/airflow/example_dags/example_python_operator.py took 0.046 seconds
[2025-03-15T07:16:37.848+0000] {processor.py:186} INFO - Started process (PID=654) to work on /home/airflow/.local/lib/python3.12/site-packages/airflow/example_dags/example_python_operator.py
[2025-03-15T07:16:37.849+0000] {processor.py:914} INFO - Processing file /home/airflow/.local/lib/python3.12/site-packages/airflow/example_dags/example_python_operator.py for tasks to queue
[2025-03-15T07:16:37.850+0000] {logging_mixin.py:190} INFO - [2025-03-15T07:16:37.850+0000] {dagbag.py:588} INFO - Filling up the DagBag from /home/airflow/.local/lib/python3.12/site-packages/airflow/example_dags/example_python_operator.py
[2025-03-15T07:16:37.858+0000] {processor.py:925} INFO - DAG(s) 'example_python_operator' retrieved from /home/airflow/.local/lib/python3.12/site-packages/airflow/example_dags/example_python_operator.py
[2025-03-15T07:16:37.871+0000] {logging_mixin.py:190} INFO - [2025-03-15T07:16:37.871+0000] {dag.py:3239} INFO - Sync 1 DAGs
[2025-03-15T07:16:37.878+0000] {logging_mixin.py:190} INFO - [2025-03-15T07:16:37.878+0000] {dag.py:4180} INFO - Setting next_dagrun for example_python_operator to None, run_after=None
[2025-03-15T07:16:37.886+0000] {processor.py:208} INFO - Processing /home/airflow/.local/lib/python3.12/site-packages/airflow/example_dags/example_python_operator.py took 0.042 seconds
[2025-03-15T07:17:09.061+0000] {processor.py:186} INFO - Started process (PID=718) to work on /home/airflow/.local/lib/python3.12/site-packages/airflow/example_dags/example_python_operator.py
[2025-03-15T07:17:09.062+0000] {processor.py:914} INFO - Processing file /home/airflow/.local/lib/python3.12/site-packages/airflow/example_dags/example_python_operator.py for tasks to queue
[2025-03-15T07:17:09.063+0000] {logging_mixin.py:190} INFO - [2025-03-15T07:17:09.063+0000] {dagbag.py:588} INFO - Filling up the DagBag from /home/airflow/.local/lib/python3.12/site-packages/airflow/example_dags/example_python_operator.py
[2025-03-15T07:17:09.070+0000] {processor.py:925} INFO - DAG(s) 'example_python_operator' retrieved from /home/airflow/.local/lib/python3.12/site-packages/airflow/example_dags/example_python_operator.py
[2025-03-15T07:17:09.082+0000] {logging_mixin.py:190} INFO - [2025-03-15T07:17:09.082+0000] {dag.py:3239} INFO - Sync 1 DAGs
[2025-03-15T07:17:09.090+0000] {logging_mixin.py:190} INFO - [2025-03-15T07:17:09.090+0000] {dag.py:4180} INFO - Setting next_dagrun for example_python_operator to None, run_after=None
[2025-03-15T07:17:09.105+0000] {processor.py:208} INFO - Processing /home/airflow/.local/lib/python3.12/site-packages/airflow/example_dags/example_python_operator.py took 0.048 seconds
[2025-03-15T07:17:40.636+0000] {processor.py:186} INFO - Started process (PID=782) to work on /home/airflow/.local/lib/python3.12/site-packages/airflow/example_dags/example_python_operator.py
[2025-03-15T07:17:40.636+0000] {processor.py:914} INFO - Processing file /home/airflow/.local/lib/python3.12/site-packages/airflow/example_dags/example_python_operator.py for tasks to queue
[2025-03-15T07:17:40.638+0000] {logging_mixin.py:190} INFO - [2025-03-15T07:17:40.637+0000] {dagbag.py:588} INFO - Filling up the DagBag from /home/airflow/.local/lib/python3.12/site-packages/airflow/example_dags/example_python_operator.py
[2025-03-15T07:17:40.644+0000] {processor.py:925} INFO - DAG(s) 'example_python_operator' retrieved from /home/airflow/.local/lib/python3.12/site-packages/airflow/example_dags/example_python_operator.py
[2025-03-15T07:17:40.656+0000] {logging_mixin.py:190} INFO - [2025-03-15T07:17:40.656+0000] {dag.py:3239} INFO - Sync 1 DAGs
[2025-03-15T07:17:40.663+0000] {logging_mixin.py:190} INFO - [2025-03-15T07:17:40.663+0000] {dag.py:4180} INFO - Setting next_dagrun for example_python_operator to None, run_after=None
[2025-03-15T07:17:40.674+0000] {processor.py:208} INFO - Processing /home/airflow/.local/lib/python3.12/site-packages/airflow/example_dags/example_python_operator.py took 0.041 seconds
[2025-03-15T07:18:11.804+0000] {processor.py:186} INFO - Started process (PID=845) to work on /home/airflow/.local/lib/python3.12/site-packages/airflow/example_dags/example_python_operator.py
[2025-03-15T07:18:11.805+0000] {processor.py:914} INFO - Processing file /home/airflow/.local/lib/python3.12/site-packages/airflow/example_dags/example_python_operator.py for tasks to queue
[2025-03-15T07:18:11.806+0000] {logging_mixin.py:190} INFO - [2025-03-15T07:18:11.806+0000] {dagbag.py:588} INFO - Filling up the DagBag from /home/airflow/.local/lib/python3.12/site-packages/airflow/example_dags/example_python_operator.py
[2025-03-15T07:18:11.812+0000] {processor.py:925} INFO - DAG(s) 'example_python_operator' retrieved from /home/airflow/.local/lib/python3.12/site-packages/airflow/example_dags/example_python_operator.py
[2025-03-15T07:18:11.824+0000] {logging_mixin.py:190} INFO - [2025-03-15T07:18:11.823+0000] {dag.py:3239} INFO - Sync 1 DAGs
[2025-03-15T07:18:11.830+0000] {logging_mixin.py:190} INFO - [2025-03-15T07:18:11.830+0000] {dag.py:4180} INFO - Setting next_dagrun for example_python_operator to None, run_after=None
[2025-03-15T07:18:11.840+0000] {processor.py:208} INFO - Processing /home/airflow/.local/lib/python3.12/site-packages/airflow/example_dags/example_python_operator.py took 0.040 seconds
[2025-03-15T07:18:43.316+0000] {processor.py:186} INFO - Started process (PID=916) to work on /home/airflow/.local/lib/python3.12/site-packages/airflow/example_dags/example_python_operator.py
[2025-03-15T07:18:43.316+0000] {processor.py:914} INFO - Processing file /home/airflow/.local/lib/python3.12/site-packages/airflow/example_dags/example_python_operator.py for tasks to queue
[2025-03-15T07:18:43.318+0000] {logging_mixin.py:190} INFO - [2025-03-15T07:18:43.317+0000] {dagbag.py:588} INFO - Filling up the DagBag from /home/airflow/.local/lib/python3.12/site-packages/airflow/example_dags/example_python_operator.py
[2025-03-15T07:18:43.324+0000] {processor.py:925} INFO - DAG(s) 'example_python_operator' retrieved from /home/airflow/.local/lib/python3.12/site-packages/airflow/example_dags/example_python_operator.py
[2025-03-15T07:18:43.336+0000] {logging_mixin.py:190} INFO - [2025-03-15T07:18:43.336+0000] {dag.py:3239} INFO - Sync 1 DAGs
[2025-03-15T07:18:43.344+0000] {logging_mixin.py:190} INFO - [2025-03-15T07:18:43.344+0000] {dag.py:4180} INFO - Setting next_dagrun for example_python_operator to None, run_after=None
[2025-03-15T07:18:43.357+0000] {processor.py:208} INFO - Processing /home/airflow/.local/lib/python3.12/site-packages/airflow/example_dags/example_python_operator.py took 0.045 seconds
[2025-03-15T07:19:14.108+0000] {processor.py:186} INFO - Started process (PID=979) to work on /home/airflow/.local/lib/python3.12/site-packages/airflow/example_dags/example_python_operator.py
[2025-03-15T07:19:14.109+0000] {processor.py:914} INFO - Processing file /home/airflow/.local/lib/python3.12/site-packages/airflow/example_dags/example_python_operator.py for tasks to queue
[2025-03-15T07:19:14.111+0000] {logging_mixin.py:190} INFO - [2025-03-15T07:19:14.110+0000] {dagbag.py:588} INFO - Filling up the DagBag from /home/airflow/.local/lib/python3.12/site-packages/airflow/example_dags/example_python_operator.py
[2025-03-15T07:19:14.117+0000] {processor.py:925} INFO - DAG(s) 'example_python_operator' retrieved from /home/airflow/.local/lib/python3.12/site-packages/airflow/example_dags/example_python_operator.py
[2025-03-15T07:19:14.129+0000] {logging_mixin.py:190} INFO - [2025-03-15T07:19:14.129+0000] {dag.py:3239} INFO - Sync 1 DAGs
[2025-03-15T07:19:14.137+0000] {logging_mixin.py:190} INFO - [2025-03-15T07:19:14.137+0000] {dag.py:4180} INFO - Setting next_dagrun for example_python_operator to None, run_after=None
[2025-03-15T07:19:14.146+0000] {processor.py:208} INFO - Processing /home/airflow/.local/lib/python3.12/site-packages/airflow/example_dags/example_python_operator.py took 0.041 seconds
[2025-03-15T07:19:45.176+0000] {processor.py:186} INFO - Started process (PID=1041) to work on /home/airflow/.local/lib/python3.12/site-packages/airflow/example_dags/example_python_operator.py
[2025-03-15T07:19:45.177+0000] {processor.py:914} INFO - Processing file /home/airflow/.local/lib/python3.12/site-packages/airflow/example_dags/example_python_operator.py for tasks to queue
[2025-03-15T07:19:45.179+0000] {logging_mixin.py:190} INFO - [2025-03-15T07:19:45.179+0000] {dagbag.py:588} INFO - Filling up the DagBag from /home/airflow/.local/lib/python3.12/site-packages/airflow/example_dags/example_python_operator.py
[2025-03-15T07:19:45.188+0000] {processor.py:925} INFO - DAG(s) 'example_python_operator' retrieved from /home/airflow/.local/lib/python3.12/site-packages/airflow/example_dags/example_python_operator.py
[2025-03-15T07:19:45.210+0000] {logging_mixin.py:190} INFO - [2025-03-15T07:19:45.210+0000] {dag.py:3239} INFO - Sync 1 DAGs
[2025-03-15T07:19:45.216+0000] {logging_mixin.py:190} INFO - [2025-03-15T07:19:45.216+0000] {dag.py:4180} INFO - Setting next_dagrun for example_python_operator to None, run_after=None
[2025-03-15T07:19:45.231+0000] {processor.py:208} INFO - Processing /home/airflow/.local/lib/python3.12/site-packages/airflow/example_dags/example_python_operator.py took 0.059 seconds
[2025-03-15T07:20:16.310+0000] {processor.py:186} INFO - Started process (PID=1104) to work on /home/airflow/.local/lib/python3.12/site-packages/airflow/example_dags/example_python_operator.py
[2025-03-15T07:20:16.312+0000] {processor.py:914} INFO - Processing file /home/airflow/.local/lib/python3.12/site-packages/airflow/example_dags/example_python_operator.py for tasks to queue
[2025-03-15T07:20:16.316+0000] {logging_mixin.py:190} INFO - [2025-03-15T07:20:16.315+0000] {dagbag.py:588} INFO - Filling up the DagBag from /home/airflow/.local/lib/python3.12/site-packages/airflow/example_dags/example_python_operator.py
[2025-03-15T07:20:16.323+0000] {processor.py:925} INFO - DAG(s) 'example_python_operator' retrieved from /home/airflow/.local/lib/python3.12/site-packages/airflow/example_dags/example_python_operator.py
[2025-03-15T07:20:16.340+0000] {logging_mixin.py:190} INFO - [2025-03-15T07:20:16.340+0000] {dag.py:3239} INFO - Sync 1 DAGs
[2025-03-15T07:20:16.347+0000] {logging_mixin.py:190} INFO - [2025-03-15T07:20:16.347+0000] {dag.py:4180} INFO - Setting next_dagrun for example_python_operator to None, run_after=None
[2025-03-15T07:20:16.360+0000] {processor.py:208} INFO - Processing /home/airflow/.local/lib/python3.12/site-packages/airflow/example_dags/example_python_operator.py took 0.054 seconds
[2025-03-15T07:20:46.993+0000] {processor.py:186} INFO - Started process (PID=1166) to work on /home/airflow/.local/lib/python3.12/site-packages/airflow/example_dags/example_python_operator.py
[2025-03-15T07:20:46.994+0000] {processor.py:914} INFO - Processing file /home/airflow/.local/lib/python3.12/site-packages/airflow/example_dags/example_python_operator.py for tasks to queue
[2025-03-15T07:20:46.996+0000] {logging_mixin.py:190} INFO - [2025-03-15T07:20:46.996+0000] {dagbag.py:588} INFO - Filling up the DagBag from /home/airflow/.local/lib/python3.12/site-packages/airflow/example_dags/example_python_operator.py
[2025-03-15T07:20:47.003+0000] {processor.py:925} INFO - DAG(s) 'example_python_operator' retrieved from /home/airflow/.local/lib/python3.12/site-packages/airflow/example_dags/example_python_operator.py
[2025-03-15T07:20:47.016+0000] {logging_mixin.py:190} INFO - [2025-03-15T07:20:47.016+0000] {dag.py:3239} INFO - Sync 1 DAGs
[2025-03-15T07:20:47.034+0000] {logging_mixin.py:190} INFO - [2025-03-15T07:20:47.034+0000] {dag.py:4180} INFO - Setting next_dagrun for example_python_operator to None, run_after=None
[2025-03-15T07:20:47.044+0000] {processor.py:208} INFO - Processing /home/airflow/.local/lib/python3.12/site-packages/airflow/example_dags/example_python_operator.py took 0.055 seconds
[2025-03-15T07:21:17.915+0000] {processor.py:186} INFO - Started process (PID=1229) to work on /home/airflow/.local/lib/python3.12/site-packages/airflow/example_dags/example_python_operator.py
[2025-03-15T07:21:17.915+0000] {processor.py:914} INFO - Processing file /home/airflow/.local/lib/python3.12/site-packages/airflow/example_dags/example_python_operator.py for tasks to queue
[2025-03-15T07:21:17.917+0000] {logging_mixin.py:190} INFO - [2025-03-15T07:21:17.917+0000] {dagbag.py:588} INFO - Filling up the DagBag from /home/airflow/.local/lib/python3.12/site-packages/airflow/example_dags/example_python_operator.py
[2025-03-15T07:21:17.923+0000] {processor.py:925} INFO - DAG(s) 'example_python_operator' retrieved from /home/airflow/.local/lib/python3.12/site-packages/airflow/example_dags/example_python_operator.py
[2025-03-15T07:21:17.940+0000] {logging_mixin.py:190} INFO - [2025-03-15T07:21:17.940+0000] {dag.py:3239} INFO - Sync 1 DAGs
[2025-03-15T07:21:17.948+0000] {logging_mixin.py:190} INFO - [2025-03-15T07:21:17.947+0000] {dag.py:4180} INFO - Setting next_dagrun for example_python_operator to None, run_after=None
[2025-03-15T07:21:17.959+0000] {processor.py:208} INFO - Processing /home/airflow/.local/lib/python3.12/site-packages/airflow/example_dags/example_python_operator.py took 0.048 seconds
[2025-03-15T07:21:49.284+0000] {processor.py:186} INFO - Started process (PID=1292) to work on /home/airflow/.local/lib/python3.12/site-packages/airflow/example_dags/example_python_operator.py
[2025-03-15T07:21:49.285+0000] {processor.py:914} INFO - Processing file /home/airflow/.local/lib/python3.12/site-packages/airflow/example_dags/example_python_operator.py for tasks to queue
[2025-03-15T07:21:49.287+0000] {logging_mixin.py:190} INFO - [2025-03-15T07:21:49.287+0000] {dagbag.py:588} INFO - Filling up the DagBag from /home/airflow/.local/lib/python3.12/site-packages/airflow/example_dags/example_python_operator.py
[2025-03-15T07:21:49.294+0000] {processor.py:925} INFO - DAG(s) 'example_python_operator' retrieved from /home/airflow/.local/lib/python3.12/site-packages/airflow/example_dags/example_python_operator.py
[2025-03-15T07:21:49.306+0000] {logging_mixin.py:190} INFO - [2025-03-15T07:21:49.306+0000] {dag.py:3239} INFO - Sync 1 DAGs
[2025-03-15T07:21:49.314+0000] {logging_mixin.py:190} INFO - [2025-03-15T07:21:49.314+0000] {dag.py:4180} INFO - Setting next_dagrun for example_python_operator to None, run_after=None
[2025-03-15T07:21:49.323+0000] {processor.py:208} INFO - Processing /home/airflow/.local/lib/python3.12/site-packages/airflow/example_dags/example_python_operator.py took 0.043 seconds
[2025-03-15T07:22:21.413+0000] {processor.py:186} INFO - Started process (PID=1355) to work on /home/airflow/.local/lib/python3.12/site-packages/airflow/example_dags/example_python_operator.py
[2025-03-15T07:22:21.413+0000] {processor.py:914} INFO - Processing file /home/airflow/.local/lib/python3.12/site-packages/airflow/example_dags/example_python_operator.py for tasks to queue
[2025-03-15T07:22:21.416+0000] {logging_mixin.py:190} INFO - [2025-03-15T07:22:21.415+0000] {dagbag.py:588} INFO - Filling up the DagBag from /home/airflow/.local/lib/python3.12/site-packages/airflow/example_dags/example_python_operator.py
[2025-03-15T07:22:21.431+0000] {processor.py:925} INFO - DAG(s) 'example_python_operator' retrieved from /home/airflow/.local/lib/python3.12/site-packages/airflow/example_dags/example_python_operator.py
[2025-03-15T07:22:21.483+0000] {logging_mixin.py:190} INFO - [2025-03-15T07:22:21.480+0000] {dag.py:3239} INFO - Sync 1 DAGs
[2025-03-15T07:22:21.495+0000] {logging_mixin.py:190} INFO - [2025-03-15T07:22:21.495+0000] {dag.py:4180} INFO - Setting next_dagrun for example_python_operator to None, run_after=None
[2025-03-15T07:22:21.511+0000] {processor.py:208} INFO - Processing /home/airflow/.local/lib/python3.12/site-packages/airflow/example_dags/example_python_operator.py took 0.104 seconds
[2025-03-15T07:22:51.564+0000] {processor.py:186} INFO - Started process (PID=1417) to work on /home/airflow/.local/lib/python3.12/site-packages/airflow/example_dags/example_python_operator.py
[2025-03-15T07:22:51.567+0000] {processor.py:914} INFO - Processing file /home/airflow/.local/lib/python3.12/site-packages/airflow/example_dags/example_python_operator.py for tasks to queue
[2025-03-15T07:22:51.571+0000] {logging_mixin.py:190} INFO - [2025-03-15T07:22:51.571+0000] {dagbag.py:588} INFO - Filling up the DagBag from /home/airflow/.local/lib/python3.12/site-packages/airflow/example_dags/example_python_operator.py
[2025-03-15T07:22:51.578+0000] {processor.py:925} INFO - DAG(s) 'example_python_operator' retrieved from /home/airflow/.local/lib/python3.12/site-packages/airflow/example_dags/example_python_operator.py
[2025-03-15T07:22:51.590+0000] {logging_mixin.py:190} INFO - [2025-03-15T07:22:51.590+0000] {dag.py:3239} INFO - Sync 1 DAGs
[2025-03-15T07:22:51.598+0000] {logging_mixin.py:190} INFO - [2025-03-15T07:22:51.598+0000] {dag.py:4180} INFO - Setting next_dagrun for example_python_operator to None, run_after=None
[2025-03-15T07:22:51.607+0000] {processor.py:208} INFO - Processing /home/airflow/.local/lib/python3.12/site-packages/airflow/example_dags/example_python_operator.py took 0.046 seconds
[2025-03-15T07:23:22.830+0000] {processor.py:186} INFO - Started process (PID=1481) to work on /home/airflow/.local/lib/python3.12/site-packages/airflow/example_dags/example_python_operator.py
[2025-03-15T07:23:22.831+0000] {processor.py:914} INFO - Processing file /home/airflow/.local/lib/python3.12/site-packages/airflow/example_dags/example_python_operator.py for tasks to queue
[2025-03-15T07:23:22.834+0000] {logging_mixin.py:190} INFO - [2025-03-15T07:23:22.834+0000] {dagbag.py:588} INFO - Filling up the DagBag from /home/airflow/.local/lib/python3.12/site-packages/airflow/example_dags/example_python_operator.py
[2025-03-15T07:23:22.841+0000] {processor.py:925} INFO - DAG(s) 'example_python_operator' retrieved from /home/airflow/.local/lib/python3.12/site-packages/airflow/example_dags/example_python_operator.py
[2025-03-15T07:23:22.859+0000] {logging_mixin.py:190} INFO - [2025-03-15T07:23:22.859+0000] {dag.py:3239} INFO - Sync 1 DAGs
[2025-03-15T07:23:22.866+0000] {logging_mixin.py:190} INFO - [2025-03-15T07:23:22.866+0000] {dag.py:4180} INFO - Setting next_dagrun for example_python_operator to None, run_after=None
[2025-03-15T07:23:22.875+0000] {processor.py:208} INFO - Processing /home/airflow/.local/lib/python3.12/site-packages/airflow/example_dags/example_python_operator.py took 0.049 seconds
[2025-03-15T07:23:54.241+0000] {processor.py:186} INFO - Started process (PID=1544) to work on /home/airflow/.local/lib/python3.12/site-packages/airflow/example_dags/example_python_operator.py
[2025-03-15T07:23:54.242+0000] {processor.py:914} INFO - Processing file /home/airflow/.local/lib/python3.12/site-packages/airflow/example_dags/example_python_operator.py for tasks to queue
[2025-03-15T07:23:54.243+0000] {logging_mixin.py:190} INFO - [2025-03-15T07:23:54.243+0000] {dagbag.py:588} INFO - Filling up the DagBag from /home/airflow/.local/lib/python3.12/site-packages/airflow/example_dags/example_python_operator.py
[2025-03-15T07:23:54.250+0000] {processor.py:925} INFO - DAG(s) 'example_python_operator' retrieved from /home/airflow/.local/lib/python3.12/site-packages/airflow/example_dags/example_python_operator.py
[2025-03-15T07:23:54.263+0000] {logging_mixin.py:190} INFO - [2025-03-15T07:23:54.262+0000] {dag.py:3239} INFO - Sync 1 DAGs
[2025-03-15T07:23:54.270+0000] {logging_mixin.py:190} INFO - [2025-03-15T07:23:54.270+0000] {dag.py:4180} INFO - Setting next_dagrun for example_python_operator to None, run_after=None
[2025-03-15T07:23:54.284+0000] {processor.py:208} INFO - Processing /home/airflow/.local/lib/python3.12/site-packages/airflow/example_dags/example_python_operator.py took 0.045 seconds
[2025-03-15T07:24:25.535+0000] {processor.py:186} INFO - Started process (PID=1607) to work on /home/airflow/.local/lib/python3.12/site-packages/airflow/example_dags/example_python_operator.py
[2025-03-15T07:24:25.536+0000] {processor.py:914} INFO - Processing file /home/airflow/.local/lib/python3.12/site-packages/airflow/example_dags/example_python_operator.py for tasks to queue
[2025-03-15T07:24:25.537+0000] {logging_mixin.py:190} INFO - [2025-03-15T07:24:25.537+0000] {dagbag.py:588} INFO - Filling up the DagBag from /home/airflow/.local/lib/python3.12/site-packages/airflow/example_dags/example_python_operator.py
[2025-03-15T07:24:25.544+0000] {processor.py:925} INFO - DAG(s) 'example_python_operator' retrieved from /home/airflow/.local/lib/python3.12/site-packages/airflow/example_dags/example_python_operator.py
[2025-03-15T07:24:25.556+0000] {logging_mixin.py:190} INFO - [2025-03-15T07:24:25.556+0000] {dag.py:3239} INFO - Sync 1 DAGs
[2025-03-15T07:24:25.566+0000] {logging_mixin.py:190} INFO - [2025-03-15T07:24:25.566+0000] {dag.py:4180} INFO - Setting next_dagrun for example_python_operator to None, run_after=None
[2025-03-15T07:24:25.582+0000] {processor.py:208} INFO - Processing /home/airflow/.local/lib/python3.12/site-packages/airflow/example_dags/example_python_operator.py took 0.050 seconds
[2025-03-15T07:24:56.892+0000] {processor.py:186} INFO - Started process (PID=1670) to work on /home/airflow/.local/lib/python3.12/site-packages/airflow/example_dags/example_python_operator.py
[2025-03-15T07:24:56.893+0000] {processor.py:914} INFO - Processing file /home/airflow/.local/lib/python3.12/site-packages/airflow/example_dags/example_python_operator.py for tasks to queue
[2025-03-15T07:24:56.895+0000] {logging_mixin.py:190} INFO - [2025-03-15T07:24:56.895+0000] {dagbag.py:588} INFO - Filling up the DagBag from /home/airflow/.local/lib/python3.12/site-packages/airflow/example_dags/example_python_operator.py
[2025-03-15T07:24:56.902+0000] {processor.py:925} INFO - DAG(s) 'example_python_operator' retrieved from /home/airflow/.local/lib/python3.12/site-packages/airflow/example_dags/example_python_operator.py
[2025-03-15T07:24:56.916+0000] {logging_mixin.py:190} INFO - [2025-03-15T07:24:56.916+0000] {dag.py:3239} INFO - Sync 1 DAGs
[2025-03-15T07:24:56.923+0000] {logging_mixin.py:190} INFO - [2025-03-15T07:24:56.923+0000] {dag.py:4180} INFO - Setting next_dagrun for example_python_operator to None, run_after=None
[2025-03-15T07:24:56.933+0000] {processor.py:208} INFO - Processing /home/airflow/.local/lib/python3.12/site-packages/airflow/example_dags/example_python_operator.py took 0.045 seconds
[2025-03-15T07:25:28.148+0000] {processor.py:186} INFO - Started process (PID=1732) to work on /home/airflow/.local/lib/python3.12/site-packages/airflow/example_dags/example_python_operator.py
[2025-03-15T07:25:28.149+0000] {processor.py:914} INFO - Processing file /home/airflow/.local/lib/python3.12/site-packages/airflow/example_dags/example_python_operator.py for tasks to queue
[2025-03-15T07:25:28.152+0000] {logging_mixin.py:190} INFO - [2025-03-15T07:25:28.152+0000] {dagbag.py:588} INFO - Filling up the DagBag from /home/airflow/.local/lib/python3.12/site-packages/airflow/example_dags/example_python_operator.py
[2025-03-15T07:25:28.159+0000] {processor.py:925} INFO - DAG(s) 'example_python_operator' retrieved from /home/airflow/.local/lib/python3.12/site-packages/airflow/example_dags/example_python_operator.py
[2025-03-15T07:25:28.174+0000] {logging_mixin.py:190} INFO - [2025-03-15T07:25:28.174+0000] {dag.py:3239} INFO - Sync 1 DAGs
[2025-03-15T07:25:28.185+0000] {logging_mixin.py:190} INFO - [2025-03-15T07:25:28.185+0000] {dag.py:4180} INFO - Setting next_dagrun for example_python_operator to None, run_after=None
[2025-03-15T07:25:28.194+0000] {processor.py:208} INFO - Processing /home/airflow/.local/lib/python3.12/site-packages/airflow/example_dags/example_python_operator.py took 0.049 seconds
[2025-03-15T07:25:59.514+0000] {processor.py:186} INFO - Started process (PID=1795) to work on /home/airflow/.local/lib/python3.12/site-packages/airflow/example_dags/example_python_operator.py
[2025-03-15T07:25:59.518+0000] {processor.py:914} INFO - Processing file /home/airflow/.local/lib/python3.12/site-packages/airflow/example_dags/example_python_operator.py for tasks to queue
[2025-03-15T07:25:59.520+0000] {logging_mixin.py:190} INFO - [2025-03-15T07:25:59.520+0000] {dagbag.py:588} INFO - Filling up the DagBag from /home/airflow/.local/lib/python3.12/site-packages/airflow/example_dags/example_python_operator.py
[2025-03-15T07:25:59.527+0000] {processor.py:925} INFO - DAG(s) 'example_python_operator' retrieved from /home/airflow/.local/lib/python3.12/site-packages/airflow/example_dags/example_python_operator.py
[2025-03-15T07:25:59.540+0000] {logging_mixin.py:190} INFO - [2025-03-15T07:25:59.540+0000] {dag.py:3239} INFO - Sync 1 DAGs
[2025-03-15T07:25:59.547+0000] {logging_mixin.py:190} INFO - [2025-03-15T07:25:59.547+0000] {dag.py:4180} INFO - Setting next_dagrun for example_python_operator to None, run_after=None
[2025-03-15T07:25:59.557+0000] {processor.py:208} INFO - Processing /home/airflow/.local/lib/python3.12/site-packages/airflow/example_dags/example_python_operator.py took 0.047 seconds
[2025-03-15T07:26:30.931+0000] {processor.py:186} INFO - Started process (PID=1857) to work on /home/airflow/.local/lib/python3.12/site-packages/airflow/example_dags/example_python_operator.py
[2025-03-15T07:26:30.931+0000] {processor.py:914} INFO - Processing file /home/airflow/.local/lib/python3.12/site-packages/airflow/example_dags/example_python_operator.py for tasks to queue
[2025-03-15T07:26:30.933+0000] {logging_mixin.py:190} INFO - [2025-03-15T07:26:30.932+0000] {dagbag.py:588} INFO - Filling up the DagBag from /home/airflow/.local/lib/python3.12/site-packages/airflow/example_dags/example_python_operator.py
[2025-03-15T07:26:30.939+0000] {processor.py:925} INFO - DAG(s) 'example_python_operator' retrieved from /home/airflow/.local/lib/python3.12/site-packages/airflow/example_dags/example_python_operator.py
[2025-03-15T07:26:30.951+0000] {logging_mixin.py:190} INFO - [2025-03-15T07:26:30.951+0000] {dag.py:3239} INFO - Sync 1 DAGs
[2025-03-15T07:26:30.958+0000] {logging_mixin.py:190} INFO - [2025-03-15T07:26:30.958+0000] {dag.py:4180} INFO - Setting next_dagrun for example_python_operator to None, run_after=None
[2025-03-15T07:26:30.970+0000] {processor.py:208} INFO - Processing /home/airflow/.local/lib/python3.12/site-packages/airflow/example_dags/example_python_operator.py took 0.042 seconds
[2025-03-15T07:27:01.484+0000] {processor.py:186} INFO - Started process (PID=1921) to work on /home/airflow/.local/lib/python3.12/site-packages/airflow/example_dags/example_python_operator.py
[2025-03-15T07:27:01.484+0000] {processor.py:914} INFO - Processing file /home/airflow/.local/lib/python3.12/site-packages/airflow/example_dags/example_python_operator.py for tasks to queue
[2025-03-15T07:27:01.485+0000] {logging_mixin.py:190} INFO - [2025-03-15T07:27:01.485+0000] {dagbag.py:588} INFO - Filling up the DagBag from /home/airflow/.local/lib/python3.12/site-packages/airflow/example_dags/example_python_operator.py
[2025-03-15T07:27:01.491+0000] {processor.py:925} INFO - DAG(s) 'example_python_operator' retrieved from /home/airflow/.local/lib/python3.12/site-packages/airflow/example_dags/example_python_operator.py
[2025-03-15T07:27:01.503+0000] {logging_mixin.py:190} INFO - [2025-03-15T07:27:01.503+0000] {dag.py:3239} INFO - Sync 1 DAGs
[2025-03-15T07:27:01.510+0000] {logging_mixin.py:190} INFO - [2025-03-15T07:27:01.510+0000] {dag.py:4180} INFO - Setting next_dagrun for example_python_operator to None, run_after=None
[2025-03-15T07:27:01.530+0000] {processor.py:208} INFO - Processing /home/airflow/.local/lib/python3.12/site-packages/airflow/example_dags/example_python_operator.py took 0.050 seconds
[2025-03-15T07:27:32.577+0000] {processor.py:186} INFO - Started process (PID=1985) to work on /home/airflow/.local/lib/python3.12/site-packages/airflow/example_dags/example_python_operator.py
[2025-03-15T07:27:32.577+0000] {processor.py:914} INFO - Processing file /home/airflow/.local/lib/python3.12/site-packages/airflow/example_dags/example_python_operator.py for tasks to queue
[2025-03-15T07:27:32.579+0000] {logging_mixin.py:190} INFO - [2025-03-15T07:27:32.578+0000] {dagbag.py:588} INFO - Filling up the DagBag from /home/airflow/.local/lib/python3.12/site-packages/airflow/example_dags/example_python_operator.py
[2025-03-15T07:27:32.586+0000] {processor.py:925} INFO - DAG(s) 'example_python_operator' retrieved from /home/airflow/.local/lib/python3.12/site-packages/airflow/example_dags/example_python_operator.py
[2025-03-15T07:27:32.601+0000] {logging_mixin.py:190} INFO - [2025-03-15T07:27:32.600+0000] {dag.py:3239} INFO - Sync 1 DAGs
[2025-03-15T07:27:32.612+0000] {logging_mixin.py:190} INFO - [2025-03-15T07:27:32.612+0000] {dag.py:4180} INFO - Setting next_dagrun for example_python_operator to None, run_after=None
[2025-03-15T07:27:32.631+0000] {processor.py:208} INFO - Processing /home/airflow/.local/lib/python3.12/site-packages/airflow/example_dags/example_python_operator.py took 0.058 seconds
[2025-03-15T07:28:03.405+0000] {processor.py:186} INFO - Started process (PID=2055) to work on /home/airflow/.local/lib/python3.12/site-packages/airflow/example_dags/example_python_operator.py
[2025-03-15T07:28:03.407+0000] {processor.py:914} INFO - Processing file /home/airflow/.local/lib/python3.12/site-packages/airflow/example_dags/example_python_operator.py for tasks to queue
[2025-03-15T07:28:03.410+0000] {logging_mixin.py:190} INFO - [2025-03-15T07:28:03.409+0000] {dagbag.py:588} INFO - Filling up the DagBag from /home/airflow/.local/lib/python3.12/site-packages/airflow/example_dags/example_python_operator.py
[2025-03-15T07:28:03.418+0000] {processor.py:925} INFO - DAG(s) 'example_python_operator' retrieved from /home/airflow/.local/lib/python3.12/site-packages/airflow/example_dags/example_python_operator.py
[2025-03-15T07:28:03.430+0000] {logging_mixin.py:190} INFO - [2025-03-15T07:28:03.430+0000] {dag.py:3239} INFO - Sync 1 DAGs
[2025-03-15T07:28:03.437+0000] {logging_mixin.py:190} INFO - [2025-03-15T07:28:03.437+0000] {dag.py:4180} INFO - Setting next_dagrun for example_python_operator to None, run_after=None
[2025-03-15T07:28:03.446+0000] {processor.py:208} INFO - Processing /home/airflow/.local/lib/python3.12/site-packages/airflow/example_dags/example_python_operator.py took 0.045 seconds
[2025-03-15T07:28:34.492+0000] {processor.py:186} INFO - Started process (PID=2119) to work on /home/airflow/.local/lib/python3.12/site-packages/airflow/example_dags/example_python_operator.py
[2025-03-15T07:28:34.493+0000] {processor.py:914} INFO - Processing file /home/airflow/.local/lib/python3.12/site-packages/airflow/example_dags/example_python_operator.py for tasks to queue
[2025-03-15T07:28:34.494+0000] {logging_mixin.py:190} INFO - [2025-03-15T07:28:34.494+0000] {dagbag.py:588} INFO - Filling up the DagBag from /home/airflow/.local/lib/python3.12/site-packages/airflow/example_dags/example_python_operator.py
[2025-03-15T07:28:34.502+0000] {processor.py:925} INFO - DAG(s) 'example_python_operator' retrieved from /home/airflow/.local/lib/python3.12/site-packages/airflow/example_dags/example_python_operator.py
[2025-03-15T07:28:34.522+0000] {logging_mixin.py:190} INFO - [2025-03-15T07:28:34.521+0000] {dag.py:3239} INFO - Sync 1 DAGs
[2025-03-15T07:28:34.529+0000] {logging_mixin.py:190} INFO - [2025-03-15T07:28:34.529+0000] {dag.py:4180} INFO - Setting next_dagrun for example_python_operator to None, run_after=None
[2025-03-15T07:28:34.542+0000] {processor.py:208} INFO - Processing /home/airflow/.local/lib/python3.12/site-packages/airflow/example_dags/example_python_operator.py took 0.054 seconds
[2025-03-15T07:29:05.031+0000] {processor.py:186} INFO - Started process (PID=2183) to work on /home/airflow/.local/lib/python3.12/site-packages/airflow/example_dags/example_python_operator.py
[2025-03-15T07:29:05.034+0000] {processor.py:914} INFO - Processing file /home/airflow/.local/lib/python3.12/site-packages/airflow/example_dags/example_python_operator.py for tasks to queue
[2025-03-15T07:29:05.036+0000] {logging_mixin.py:190} INFO - [2025-03-15T07:29:05.036+0000] {dagbag.py:588} INFO - Filling up the DagBag from /home/airflow/.local/lib/python3.12/site-packages/airflow/example_dags/example_python_operator.py
[2025-03-15T07:29:05.047+0000] {processor.py:925} INFO - DAG(s) 'example_python_operator' retrieved from /home/airflow/.local/lib/python3.12/site-packages/airflow/example_dags/example_python_operator.py
[2025-03-15T07:29:05.061+0000] {logging_mixin.py:190} INFO - [2025-03-15T07:29:05.060+0000] {dag.py:3239} INFO - Sync 1 DAGs
[2025-03-15T07:29:05.068+0000] {logging_mixin.py:190} INFO - [2025-03-15T07:29:05.068+0000] {dag.py:4180} INFO - Setting next_dagrun for example_python_operator to None, run_after=None
[2025-03-15T07:29:05.077+0000] {processor.py:208} INFO - Processing /home/airflow/.local/lib/python3.12/site-packages/airflow/example_dags/example_python_operator.py took 0.050 seconds
[2025-03-15T07:29:36.112+0000] {processor.py:186} INFO - Started process (PID=2247) to work on /home/airflow/.local/lib/python3.12/site-packages/airflow/example_dags/example_python_operator.py
[2025-03-15T07:29:36.116+0000] {processor.py:914} INFO - Processing file /home/airflow/.local/lib/python3.12/site-packages/airflow/example_dags/example_python_operator.py for tasks to queue
[2025-03-15T07:29:36.117+0000] {logging_mixin.py:190} INFO - [2025-03-15T07:29:36.117+0000] {dagbag.py:588} INFO - Filling up the DagBag from /home/airflow/.local/lib/python3.12/site-packages/airflow/example_dags/example_python_operator.py
[2025-03-15T07:29:36.125+0000] {processor.py:925} INFO - DAG(s) 'example_python_operator' retrieved from /home/airflow/.local/lib/python3.12/site-packages/airflow/example_dags/example_python_operator.py
[2025-03-15T07:29:36.146+0000] {logging_mixin.py:190} INFO - [2025-03-15T07:29:36.146+0000] {dag.py:3239} INFO - Sync 1 DAGs
[2025-03-15T07:29:36.154+0000] {logging_mixin.py:190} INFO - [2025-03-15T07:29:36.153+0000] {dag.py:4180} INFO - Setting next_dagrun for example_python_operator to None, run_after=None
[2025-03-15T07:29:36.164+0000] {processor.py:208} INFO - Processing /home/airflow/.local/lib/python3.12/site-packages/airflow/example_dags/example_python_operator.py took 0.055 seconds
[2025-03-15T07:30:06.583+0000] {processor.py:186} INFO - Started process (PID=2311) to work on /home/airflow/.local/lib/python3.12/site-packages/airflow/example_dags/example_python_operator.py
[2025-03-15T07:30:06.585+0000] {processor.py:914} INFO - Processing file /home/airflow/.local/lib/python3.12/site-packages/airflow/example_dags/example_python_operator.py for tasks to queue
[2025-03-15T07:30:06.587+0000] {logging_mixin.py:190} INFO - [2025-03-15T07:30:06.587+0000] {dagbag.py:588} INFO - Filling up the DagBag from /home/airflow/.local/lib/python3.12/site-packages/airflow/example_dags/example_python_operator.py
[2025-03-15T07:30:06.594+0000] {processor.py:925} INFO - DAG(s) 'example_python_operator' retrieved from /home/airflow/.local/lib/python3.12/site-packages/airflow/example_dags/example_python_operator.py
[2025-03-15T07:30:06.606+0000] {logging_mixin.py:190} INFO - [2025-03-15T07:30:06.606+0000] {dag.py:3239} INFO - Sync 1 DAGs
[2025-03-15T07:30:06.613+0000] {logging_mixin.py:190} INFO - [2025-03-15T07:30:06.613+0000] {dag.py:4180} INFO - Setting next_dagrun for example_python_operator to None, run_after=None
[2025-03-15T07:30:06.622+0000] {processor.py:208} INFO - Processing /home/airflow/.local/lib/python3.12/site-packages/airflow/example_dags/example_python_operator.py took 0.043 seconds
[2025-03-15T07:30:37.844+0000] {processor.py:186} INFO - Started process (PID=2375) to work on /home/airflow/.local/lib/python3.12/site-packages/airflow/example_dags/example_python_operator.py
[2025-03-15T07:30:37.844+0000] {processor.py:914} INFO - Processing file /home/airflow/.local/lib/python3.12/site-packages/airflow/example_dags/example_python_operator.py for tasks to queue
[2025-03-15T07:30:37.846+0000] {logging_mixin.py:190} INFO - [2025-03-15T07:30:37.846+0000] {dagbag.py:588} INFO - Filling up the DagBag from /home/airflow/.local/lib/python3.12/site-packages/airflow/example_dags/example_python_operator.py
[2025-03-15T07:30:37.852+0000] {processor.py:925} INFO - DAG(s) 'example_python_operator' retrieved from /home/airflow/.local/lib/python3.12/site-packages/airflow/example_dags/example_python_operator.py
[2025-03-15T07:30:37.865+0000] {logging_mixin.py:190} INFO - [2025-03-15T07:30:37.864+0000] {dag.py:3239} INFO - Sync 1 DAGs
[2025-03-15T07:30:37.876+0000] {logging_mixin.py:190} INFO - [2025-03-15T07:30:37.876+0000] {dag.py:4180} INFO - Setting next_dagrun for example_python_operator to None, run_after=None
[2025-03-15T07:30:37.897+0000] {processor.py:208} INFO - Processing /home/airflow/.local/lib/python3.12/site-packages/airflow/example_dags/example_python_operator.py took 0.056 seconds
[2025-03-15T07:31:09.216+0000] {processor.py:186} INFO - Started process (PID=2439) to work on /home/airflow/.local/lib/python3.12/site-packages/airflow/example_dags/example_python_operator.py
[2025-03-15T07:31:09.217+0000] {processor.py:914} INFO - Processing file /home/airflow/.local/lib/python3.12/site-packages/airflow/example_dags/example_python_operator.py for tasks to queue
[2025-03-15T07:31:09.219+0000] {logging_mixin.py:190} INFO - [2025-03-15T07:31:09.219+0000] {dagbag.py:588} INFO - Filling up the DagBag from /home/airflow/.local/lib/python3.12/site-packages/airflow/example_dags/example_python_operator.py
[2025-03-15T07:31:09.227+0000] {processor.py:925} INFO - DAG(s) 'example_python_operator' retrieved from /home/airflow/.local/lib/python3.12/site-packages/airflow/example_dags/example_python_operator.py
[2025-03-15T07:31:09.247+0000] {logging_mixin.py:190} INFO - [2025-03-15T07:31:09.247+0000] {dag.py:3239} INFO - Sync 1 DAGs
[2025-03-15T07:31:09.255+0000] {logging_mixin.py:190} INFO - [2025-03-15T07:31:09.255+0000] {dag.py:4180} INFO - Setting next_dagrun for example_python_operator to None, run_after=None
[2025-03-15T07:31:09.273+0000] {processor.py:208} INFO - Processing /home/airflow/.local/lib/python3.12/site-packages/airflow/example_dags/example_python_operator.py took 0.060 seconds
[2025-03-15T07:31:41.242+0000] {processor.py:186} INFO - Started process (PID=2503) to work on /home/airflow/.local/lib/python3.12/site-packages/airflow/example_dags/example_python_operator.py
[2025-03-15T07:31:41.242+0000] {processor.py:914} INFO - Processing file /home/airflow/.local/lib/python3.12/site-packages/airflow/example_dags/example_python_operator.py for tasks to queue
[2025-03-15T07:31:41.244+0000] {logging_mixin.py:190} INFO - [2025-03-15T07:31:41.244+0000] {dagbag.py:588} INFO - Filling up the DagBag from /home/airflow/.local/lib/python3.12/site-packages/airflow/example_dags/example_python_operator.py
[2025-03-15T07:31:41.250+0000] {processor.py:925} INFO - DAG(s) 'example_python_operator' retrieved from /home/airflow/.local/lib/python3.12/site-packages/airflow/example_dags/example_python_operator.py
[2025-03-15T07:31:41.270+0000] {logging_mixin.py:190} INFO - [2025-03-15T07:31:41.270+0000] {dag.py:3239} INFO - Sync 1 DAGs
[2025-03-15T07:31:41.277+0000] {logging_mixin.py:190} INFO - [2025-03-15T07:31:41.277+0000] {dag.py:4180} INFO - Setting next_dagrun for example_python_operator to None, run_after=None
[2025-03-15T07:31:41.286+0000] {processor.py:208} INFO - Processing /home/airflow/.local/lib/python3.12/site-packages/airflow/example_dags/example_python_operator.py took 0.048 seconds
[2025-03-15T07:32:12.043+0000] {processor.py:186} INFO - Started process (PID=2567) to work on /home/airflow/.local/lib/python3.12/site-packages/airflow/example_dags/example_python_operator.py
[2025-03-15T07:32:12.046+0000] {processor.py:914} INFO - Processing file /home/airflow/.local/lib/python3.12/site-packages/airflow/example_dags/example_python_operator.py for tasks to queue
[2025-03-15T07:32:12.047+0000] {logging_mixin.py:190} INFO - [2025-03-15T07:32:12.047+0000] {dagbag.py:588} INFO - Filling up the DagBag from /home/airflow/.local/lib/python3.12/site-packages/airflow/example_dags/example_python_operator.py
[2025-03-15T07:32:12.055+0000] {processor.py:925} INFO - DAG(s) 'example_python_operator' retrieved from /home/airflow/.local/lib/python3.12/site-packages/airflow/example_dags/example_python_operator.py
[2025-03-15T07:32:12.068+0000] {logging_mixin.py:190} INFO - [2025-03-15T07:32:12.068+0000] {dag.py:3239} INFO - Sync 1 DAGs
[2025-03-15T07:32:12.075+0000] {logging_mixin.py:190} INFO - [2025-03-15T07:32:12.075+0000] {dag.py:4180} INFO - Setting next_dagrun for example_python_operator to None, run_after=None
[2025-03-15T07:32:12.087+0000] {processor.py:208} INFO - Processing /home/airflow/.local/lib/python3.12/site-packages/airflow/example_dags/example_python_operator.py took 0.049 seconds
