[2025-03-15T07:11:57.639+0000] {processor.py:186} INFO - Started process (PID=55) to work on /home/airflow/.local/lib/python3.12/site-packages/airflow/example_dags/example_sensors.py
[2025-03-15T07:11:57.640+0000] {processor.py:914} INFO - Processing file /home/airflow/.local/lib/python3.12/site-packages/airflow/example_dags/example_sensors.py for tasks to queue
[2025-03-15T07:11:57.641+0000] {logging_mixin.py:190} INFO - [2025-03-15T07:11:57.641+0000] {dagbag.py:588} INFO - Filling up the DagBag from /home/airflow/.local/lib/python3.12/site-packages/airflow/example_dags/example_sensors.py
[2025-03-15T07:11:57.651+0000] {processor.py:925} INFO - DAG(s) 'example_sensors' retrieved from /home/airflow/.local/lib/python3.12/site-packages/airflow/example_dags/example_sensors.py
[2025-03-15T07:11:57.683+0000] {logging_mixin.py:190} INFO - [2025-03-15T07:11:57.683+0000] {dag.py:3239} INFO - Sync 1 DAGs
[2025-03-15T07:11:57.695+0000] {logging_mixin.py:190} INFO - [2025-03-15T07:11:57.695+0000] {dag.py:4180} INFO - Setting next_dagrun for example_sensors to None, run_after=None
[2025-03-15T07:11:57.709+0000] {processor.py:208} INFO - Processing /home/airflow/.local/lib/python3.12/site-packages/airflow/example_dags/example_sensors.py took 0.076 seconds
[2025-03-15T07:12:28.086+0000] {processor.py:186} INFO - Started process (PID=118) to work on /home/airflow/.local/lib/python3.12/site-packages/airflow/example_dags/example_sensors.py
[2025-03-15T07:12:28.087+0000] {processor.py:914} INFO - Processing file /home/airflow/.local/lib/python3.12/site-packages/airflow/example_dags/example_sensors.py for tasks to queue
[2025-03-15T07:12:28.088+0000] {logging_mixin.py:190} INFO - [2025-03-15T07:12:28.087+0000] {dagbag.py:588} INFO - Filling up the DagBag from /home/airflow/.local/lib/python3.12/site-packages/airflow/example_dags/example_sensors.py
[2025-03-15T07:12:28.093+0000] {processor.py:925} INFO - DAG(s) 'example_sensors' retrieved from /home/airflow/.local/lib/python3.12/site-packages/airflow/example_dags/example_sensors.py
[2025-03-15T07:12:28.109+0000] {logging_mixin.py:190} INFO - [2025-03-15T07:12:28.109+0000] {dag.py:3239} INFO - Sync 1 DAGs
[2025-03-15T07:12:28.119+0000] {logging_mixin.py:190} INFO - [2025-03-15T07:12:28.119+0000] {dag.py:4180} INFO - Setting next_dagrun for example_sensors to None, run_after=None
[2025-03-15T07:12:28.135+0000] {processor.py:208} INFO - Processing /home/airflow/.local/lib/python3.12/site-packages/airflow/example_dags/example_sensors.py took 0.052 seconds
[2025-03-15T07:12:58.600+0000] {processor.py:186} INFO - Started process (PID=180) to work on /home/airflow/.local/lib/python3.12/site-packages/airflow/example_dags/example_sensors.py
[2025-03-15T07:12:58.602+0000] {processor.py:914} INFO - Processing file /home/airflow/.local/lib/python3.12/site-packages/airflow/example_dags/example_sensors.py for tasks to queue
[2025-03-15T07:12:58.605+0000] {logging_mixin.py:190} INFO - [2025-03-15T07:12:58.604+0000] {dagbag.py:588} INFO - Filling up the DagBag from /home/airflow/.local/lib/python3.12/site-packages/airflow/example_dags/example_sensors.py
[2025-03-15T07:12:58.610+0000] {processor.py:925} INFO - DAG(s) 'example_sensors' retrieved from /home/airflow/.local/lib/python3.12/site-packages/airflow/example_dags/example_sensors.py
[2025-03-15T07:12:58.625+0000] {logging_mixin.py:190} INFO - [2025-03-15T07:12:58.625+0000] {dag.py:3239} INFO - Sync 1 DAGs
[2025-03-15T07:12:58.633+0000] {logging_mixin.py:190} INFO - [2025-03-15T07:12:58.632+0000] {dag.py:4180} INFO - Setting next_dagrun for example_sensors to None, run_after=None
[2025-03-15T07:12:58.642+0000] {processor.py:208} INFO - Processing /home/airflow/.local/lib/python3.12/site-packages/airflow/example_dags/example_sensors.py took 0.048 seconds
[2025-03-15T07:13:29.498+0000] {processor.py:186} INFO - Started process (PID=243) to work on /home/airflow/.local/lib/python3.12/site-packages/airflow/example_dags/example_sensors.py
[2025-03-15T07:13:29.499+0000] {processor.py:914} INFO - Processing file /home/airflow/.local/lib/python3.12/site-packages/airflow/example_dags/example_sensors.py for tasks to queue
[2025-03-15T07:13:29.501+0000] {logging_mixin.py:190} INFO - [2025-03-15T07:13:29.500+0000] {dagbag.py:588} INFO - Filling up the DagBag from /home/airflow/.local/lib/python3.12/site-packages/airflow/example_dags/example_sensors.py
[2025-03-15T07:13:29.507+0000] {processor.py:925} INFO - DAG(s) 'example_sensors' retrieved from /home/airflow/.local/lib/python3.12/site-packages/airflow/example_dags/example_sensors.py
[2025-03-15T07:13:29.524+0000] {logging_mixin.py:190} INFO - [2025-03-15T07:13:29.523+0000] {dag.py:3239} INFO - Sync 1 DAGs
[2025-03-15T07:13:29.532+0000] {logging_mixin.py:190} INFO - [2025-03-15T07:13:29.532+0000] {dag.py:4180} INFO - Setting next_dagrun for example_sensors to None, run_after=None
[2025-03-15T07:13:29.547+0000] {processor.py:208} INFO - Processing /home/airflow/.local/lib/python3.12/site-packages/airflow/example_dags/example_sensors.py took 0.052 seconds
[2025-03-15T07:14:00.119+0000] {processor.py:186} INFO - Started process (PID=306) to work on /home/airflow/.local/lib/python3.12/site-packages/airflow/example_dags/example_sensors.py
[2025-03-15T07:14:00.120+0000] {processor.py:914} INFO - Processing file /home/airflow/.local/lib/python3.12/site-packages/airflow/example_dags/example_sensors.py for tasks to queue
[2025-03-15T07:14:00.121+0000] {logging_mixin.py:190} INFO - [2025-03-15T07:14:00.121+0000] {dagbag.py:588} INFO - Filling up the DagBag from /home/airflow/.local/lib/python3.12/site-packages/airflow/example_dags/example_sensors.py
[2025-03-15T07:14:00.127+0000] {processor.py:925} INFO - DAG(s) 'example_sensors' retrieved from /home/airflow/.local/lib/python3.12/site-packages/airflow/example_dags/example_sensors.py
[2025-03-15T07:14:00.140+0000] {logging_mixin.py:190} INFO - [2025-03-15T07:14:00.140+0000] {dag.py:3239} INFO - Sync 1 DAGs
[2025-03-15T07:14:00.147+0000] {logging_mixin.py:190} INFO - [2025-03-15T07:14:00.147+0000] {dag.py:4180} INFO - Setting next_dagrun for example_sensors to None, run_after=None
[2025-03-15T07:14:00.156+0000] {processor.py:208} INFO - Processing /home/airflow/.local/lib/python3.12/site-packages/airflow/example_dags/example_sensors.py took 0.043 seconds
[2025-03-15T07:14:31.043+0000] {processor.py:186} INFO - Started process (PID=375) to work on /home/airflow/.local/lib/python3.12/site-packages/airflow/example_dags/example_sensors.py
[2025-03-15T07:14:31.045+0000] {processor.py:914} INFO - Processing file /home/airflow/.local/lib/python3.12/site-packages/airflow/example_dags/example_sensors.py for tasks to queue
[2025-03-15T07:14:31.047+0000] {logging_mixin.py:190} INFO - [2025-03-15T07:14:31.046+0000] {dagbag.py:588} INFO - Filling up the DagBag from /home/airflow/.local/lib/python3.12/site-packages/airflow/example_dags/example_sensors.py
[2025-03-15T07:14:31.053+0000] {processor.py:925} INFO - DAG(s) 'example_sensors' retrieved from /home/airflow/.local/lib/python3.12/site-packages/airflow/example_dags/example_sensors.py
[2025-03-15T07:14:31.069+0000] {logging_mixin.py:190} INFO - [2025-03-15T07:14:31.069+0000] {dag.py:3239} INFO - Sync 1 DAGs
[2025-03-15T07:14:31.078+0000] {logging_mixin.py:190} INFO - [2025-03-15T07:14:31.078+0000] {dag.py:4180} INFO - Setting next_dagrun for example_sensors to None, run_after=None
[2025-03-15T07:14:31.089+0000] {processor.py:208} INFO - Processing /home/airflow/.local/lib/python3.12/site-packages/airflow/example_dags/example_sensors.py took 0.055 seconds
[2025-03-15T07:15:01.856+0000] {processor.py:186} INFO - Started process (PID=438) to work on /home/airflow/.local/lib/python3.12/site-packages/airflow/example_dags/example_sensors.py
[2025-03-15T07:15:01.857+0000] {processor.py:914} INFO - Processing file /home/airflow/.local/lib/python3.12/site-packages/airflow/example_dags/example_sensors.py for tasks to queue
[2025-03-15T07:15:01.859+0000] {logging_mixin.py:190} INFO - [2025-03-15T07:15:01.859+0000] {dagbag.py:588} INFO - Filling up the DagBag from /home/airflow/.local/lib/python3.12/site-packages/airflow/example_dags/example_sensors.py
[2025-03-15T07:15:01.864+0000] {processor.py:925} INFO - DAG(s) 'example_sensors' retrieved from /home/airflow/.local/lib/python3.12/site-packages/airflow/example_dags/example_sensors.py
[2025-03-15T07:15:01.882+0000] {logging_mixin.py:190} INFO - [2025-03-15T07:15:01.882+0000] {dag.py:3239} INFO - Sync 1 DAGs
[2025-03-15T07:15:01.889+0000] {logging_mixin.py:190} INFO - [2025-03-15T07:15:01.889+0000] {dag.py:4180} INFO - Setting next_dagrun for example_sensors to None, run_after=None
[2025-03-15T07:15:01.902+0000] {processor.py:208} INFO - Processing /home/airflow/.local/lib/python3.12/site-packages/airflow/example_dags/example_sensors.py took 0.049 seconds
[2025-03-15T07:15:32.778+0000] {processor.py:186} INFO - Started process (PID=501) to work on /home/airflow/.local/lib/python3.12/site-packages/airflow/example_dags/example_sensors.py
[2025-03-15T07:15:32.780+0000] {processor.py:914} INFO - Processing file /home/airflow/.local/lib/python3.12/site-packages/airflow/example_dags/example_sensors.py for tasks to queue
[2025-03-15T07:15:32.782+0000] {logging_mixin.py:190} INFO - [2025-03-15T07:15:32.781+0000] {dagbag.py:588} INFO - Filling up the DagBag from /home/airflow/.local/lib/python3.12/site-packages/airflow/example_dags/example_sensors.py
[2025-03-15T07:15:32.789+0000] {processor.py:925} INFO - DAG(s) 'example_sensors' retrieved from /home/airflow/.local/lib/python3.12/site-packages/airflow/example_dags/example_sensors.py
[2025-03-15T07:15:32.808+0000] {logging_mixin.py:190} INFO - [2025-03-15T07:15:32.808+0000] {dag.py:3239} INFO - Sync 1 DAGs
[2025-03-15T07:15:32.820+0000] {logging_mixin.py:190} INFO - [2025-03-15T07:15:32.820+0000] {dag.py:4180} INFO - Setting next_dagrun for example_sensors to None, run_after=None
[2025-03-15T07:15:32.832+0000] {processor.py:208} INFO - Processing /home/airflow/.local/lib/python3.12/site-packages/airflow/example_dags/example_sensors.py took 0.057 seconds
[2025-03-15T07:16:03.688+0000] {processor.py:186} INFO - Started process (PID=564) to work on /home/airflow/.local/lib/python3.12/site-packages/airflow/example_dags/example_sensors.py
[2025-03-15T07:16:03.690+0000] {processor.py:914} INFO - Processing file /home/airflow/.local/lib/python3.12/site-packages/airflow/example_dags/example_sensors.py for tasks to queue
[2025-03-15T07:16:03.691+0000] {logging_mixin.py:190} INFO - [2025-03-15T07:16:03.691+0000] {dagbag.py:588} INFO - Filling up the DagBag from /home/airflow/.local/lib/python3.12/site-packages/airflow/example_dags/example_sensors.py
[2025-03-15T07:16:03.697+0000] {processor.py:925} INFO - DAG(s) 'example_sensors' retrieved from /home/airflow/.local/lib/python3.12/site-packages/airflow/example_dags/example_sensors.py
[2025-03-15T07:16:03.709+0000] {logging_mixin.py:190} INFO - [2025-03-15T07:16:03.709+0000] {dag.py:3239} INFO - Sync 1 DAGs
[2025-03-15T07:16:03.716+0000] {logging_mixin.py:190} INFO - [2025-03-15T07:16:03.716+0000] {dag.py:4180} INFO - Setting next_dagrun for example_sensors to None, run_after=None
[2025-03-15T07:16:03.730+0000] {processor.py:208} INFO - Processing /home/airflow/.local/lib/python3.12/site-packages/airflow/example_dags/example_sensors.py took 0.046 seconds
[2025-03-15T07:16:34.635+0000] {processor.py:186} INFO - Started process (PID=626) to work on /home/airflow/.local/lib/python3.12/site-packages/airflow/example_dags/example_sensors.py
[2025-03-15T07:16:34.639+0000] {processor.py:914} INFO - Processing file /home/airflow/.local/lib/python3.12/site-packages/airflow/example_dags/example_sensors.py for tasks to queue
[2025-03-15T07:16:34.640+0000] {logging_mixin.py:190} INFO - [2025-03-15T07:16:34.640+0000] {dagbag.py:588} INFO - Filling up the DagBag from /home/airflow/.local/lib/python3.12/site-packages/airflow/example_dags/example_sensors.py
[2025-03-15T07:16:34.646+0000] {processor.py:925} INFO - DAG(s) 'example_sensors' retrieved from /home/airflow/.local/lib/python3.12/site-packages/airflow/example_dags/example_sensors.py
[2025-03-15T07:16:34.663+0000] {logging_mixin.py:190} INFO - [2025-03-15T07:16:34.663+0000] {dag.py:3239} INFO - Sync 1 DAGs
[2025-03-15T07:16:34.671+0000] {logging_mixin.py:190} INFO - [2025-03-15T07:16:34.671+0000] {dag.py:4180} INFO - Setting next_dagrun for example_sensors to None, run_after=None
[2025-03-15T07:16:34.681+0000] {processor.py:208} INFO - Processing /home/airflow/.local/lib/python3.12/site-packages/airflow/example_dags/example_sensors.py took 0.049 seconds
[2025-03-15T07:17:05.625+0000] {processor.py:186} INFO - Started process (PID=689) to work on /home/airflow/.local/lib/python3.12/site-packages/airflow/example_dags/example_sensors.py
[2025-03-15T07:17:05.626+0000] {processor.py:914} INFO - Processing file /home/airflow/.local/lib/python3.12/site-packages/airflow/example_dags/example_sensors.py for tasks to queue
[2025-03-15T07:17:05.628+0000] {logging_mixin.py:190} INFO - [2025-03-15T07:17:05.628+0000] {dagbag.py:588} INFO - Filling up the DagBag from /home/airflow/.local/lib/python3.12/site-packages/airflow/example_dags/example_sensors.py
[2025-03-15T07:17:05.634+0000] {processor.py:925} INFO - DAG(s) 'example_sensors' retrieved from /home/airflow/.local/lib/python3.12/site-packages/airflow/example_dags/example_sensors.py
[2025-03-15T07:17:05.657+0000] {logging_mixin.py:190} INFO - [2025-03-15T07:17:05.657+0000] {dag.py:3239} INFO - Sync 1 DAGs
[2025-03-15T07:17:05.664+0000] {logging_mixin.py:190} INFO - [2025-03-15T07:17:05.664+0000] {dag.py:4180} INFO - Setting next_dagrun for example_sensors to None, run_after=None
[2025-03-15T07:17:05.678+0000] {processor.py:208} INFO - Processing /home/airflow/.local/lib/python3.12/site-packages/airflow/example_dags/example_sensors.py took 0.057 seconds
[2025-03-15T07:17:35.749+0000] {processor.py:186} INFO - Started process (PID=752) to work on /home/airflow/.local/lib/python3.12/site-packages/airflow/example_dags/example_sensors.py
[2025-03-15T07:17:35.752+0000] {processor.py:914} INFO - Processing file /home/airflow/.local/lib/python3.12/site-packages/airflow/example_dags/example_sensors.py for tasks to queue
[2025-03-15T07:17:35.755+0000] {logging_mixin.py:190} INFO - [2025-03-15T07:17:35.754+0000] {dagbag.py:588} INFO - Filling up the DagBag from /home/airflow/.local/lib/python3.12/site-packages/airflow/example_dags/example_sensors.py
[2025-03-15T07:17:35.761+0000] {processor.py:925} INFO - DAG(s) 'example_sensors' retrieved from /home/airflow/.local/lib/python3.12/site-packages/airflow/example_dags/example_sensors.py
[2025-03-15T07:17:35.779+0000] {logging_mixin.py:190} INFO - [2025-03-15T07:17:35.779+0000] {dag.py:3239} INFO - Sync 1 DAGs
[2025-03-15T07:17:35.787+0000] {logging_mixin.py:190} INFO - [2025-03-15T07:17:35.786+0000] {dag.py:4180} INFO - Setting next_dagrun for example_sensors to None, run_after=None
[2025-03-15T07:17:35.797+0000] {processor.py:208} INFO - Processing /home/airflow/.local/lib/python3.12/site-packages/airflow/example_dags/example_sensors.py took 0.051 seconds
[2025-03-15T07:18:06.150+0000] {processor.py:186} INFO - Started process (PID=815) to work on /home/airflow/.local/lib/python3.12/site-packages/airflow/example_dags/example_sensors.py
[2025-03-15T07:18:06.150+0000] {processor.py:914} INFO - Processing file /home/airflow/.local/lib/python3.12/site-packages/airflow/example_dags/example_sensors.py for tasks to queue
[2025-03-15T07:18:06.151+0000] {logging_mixin.py:190} INFO - [2025-03-15T07:18:06.151+0000] {dagbag.py:588} INFO - Filling up the DagBag from /home/airflow/.local/lib/python3.12/site-packages/airflow/example_dags/example_sensors.py
[2025-03-15T07:18:06.157+0000] {processor.py:925} INFO - DAG(s) 'example_sensors' retrieved from /home/airflow/.local/lib/python3.12/site-packages/airflow/example_dags/example_sensors.py
[2025-03-15T07:18:06.172+0000] {logging_mixin.py:190} INFO - [2025-03-15T07:18:06.172+0000] {dag.py:3239} INFO - Sync 1 DAGs
[2025-03-15T07:18:06.180+0000] {logging_mixin.py:190} INFO - [2025-03-15T07:18:06.180+0000] {dag.py:4180} INFO - Setting next_dagrun for example_sensors to None, run_after=None
[2025-03-15T07:18:06.189+0000] {processor.py:208} INFO - Processing /home/airflow/.local/lib/python3.12/site-packages/airflow/example_dags/example_sensors.py took 0.043 seconds
[2025-03-15T07:18:36.242+0000] {processor.py:186} INFO - Started process (PID=878) to work on /home/airflow/.local/lib/python3.12/site-packages/airflow/example_dags/example_sensors.py
[2025-03-15T07:18:36.244+0000] {processor.py:914} INFO - Processing file /home/airflow/.local/lib/python3.12/site-packages/airflow/example_dags/example_sensors.py for tasks to queue
[2025-03-15T07:18:36.245+0000] {logging_mixin.py:190} INFO - [2025-03-15T07:18:36.245+0000] {dagbag.py:588} INFO - Filling up the DagBag from /home/airflow/.local/lib/python3.12/site-packages/airflow/example_dags/example_sensors.py
[2025-03-15T07:18:36.252+0000] {processor.py:925} INFO - DAG(s) 'example_sensors' retrieved from /home/airflow/.local/lib/python3.12/site-packages/airflow/example_dags/example_sensors.py
[2025-03-15T07:18:36.270+0000] {logging_mixin.py:190} INFO - [2025-03-15T07:18:36.270+0000] {dag.py:3239} INFO - Sync 1 DAGs
[2025-03-15T07:18:36.277+0000] {logging_mixin.py:190} INFO - [2025-03-15T07:18:36.277+0000] {dag.py:4180} INFO - Setting next_dagrun for example_sensors to None, run_after=None
[2025-03-15T07:18:36.289+0000] {processor.py:208} INFO - Processing /home/airflow/.local/lib/python3.12/site-packages/airflow/example_dags/example_sensors.py took 0.051 seconds
[2025-03-15T07:19:06.590+0000] {processor.py:186} INFO - Started process (PID=949) to work on /home/airflow/.local/lib/python3.12/site-packages/airflow/example_dags/example_sensors.py
[2025-03-15T07:19:06.594+0000] {processor.py:914} INFO - Processing file /home/airflow/.local/lib/python3.12/site-packages/airflow/example_dags/example_sensors.py for tasks to queue
[2025-03-15T07:19:06.596+0000] {logging_mixin.py:190} INFO - [2025-03-15T07:19:06.596+0000] {dagbag.py:588} INFO - Filling up the DagBag from /home/airflow/.local/lib/python3.12/site-packages/airflow/example_dags/example_sensors.py
[2025-03-15T07:19:06.604+0000] {processor.py:925} INFO - DAG(s) 'example_sensors' retrieved from /home/airflow/.local/lib/python3.12/site-packages/airflow/example_dags/example_sensors.py
[2025-03-15T07:19:06.617+0000] {logging_mixin.py:190} INFO - [2025-03-15T07:19:06.617+0000] {dag.py:3239} INFO - Sync 1 DAGs
[2025-03-15T07:19:06.625+0000] {logging_mixin.py:190} INFO - [2025-03-15T07:19:06.624+0000] {dag.py:4180} INFO - Setting next_dagrun for example_sensors to None, run_after=None
[2025-03-15T07:19:06.634+0000] {processor.py:208} INFO - Processing /home/airflow/.local/lib/python3.12/site-packages/airflow/example_dags/example_sensors.py took 0.048 seconds
[2025-03-15T07:19:37.527+0000] {processor.py:186} INFO - Started process (PID=1012) to work on /home/airflow/.local/lib/python3.12/site-packages/airflow/example_dags/example_sensors.py
[2025-03-15T07:19:37.527+0000] {processor.py:914} INFO - Processing file /home/airflow/.local/lib/python3.12/site-packages/airflow/example_dags/example_sensors.py for tasks to queue
[2025-03-15T07:19:37.528+0000] {logging_mixin.py:190} INFO - [2025-03-15T07:19:37.528+0000] {dagbag.py:588} INFO - Filling up the DagBag from /home/airflow/.local/lib/python3.12/site-packages/airflow/example_dags/example_sensors.py
[2025-03-15T07:19:37.534+0000] {processor.py:925} INFO - DAG(s) 'example_sensors' retrieved from /home/airflow/.local/lib/python3.12/site-packages/airflow/example_dags/example_sensors.py
[2025-03-15T07:19:37.547+0000] {logging_mixin.py:190} INFO - [2025-03-15T07:19:37.547+0000] {dag.py:3239} INFO - Sync 1 DAGs
[2025-03-15T07:19:37.554+0000] {logging_mixin.py:190} INFO - [2025-03-15T07:19:37.554+0000] {dag.py:4180} INFO - Setting next_dagrun for example_sensors to None, run_after=None
[2025-03-15T07:19:37.567+0000] {processor.py:208} INFO - Processing /home/airflow/.local/lib/python3.12/site-packages/airflow/example_dags/example_sensors.py took 0.044 seconds
[2025-03-15T07:20:07.761+0000] {processor.py:186} INFO - Started process (PID=1075) to work on /home/airflow/.local/lib/python3.12/site-packages/airflow/example_dags/example_sensors.py
[2025-03-15T07:20:07.763+0000] {processor.py:914} INFO - Processing file /home/airflow/.local/lib/python3.12/site-packages/airflow/example_dags/example_sensors.py for tasks to queue
[2025-03-15T07:20:07.765+0000] {logging_mixin.py:190} INFO - [2025-03-15T07:20:07.764+0000] {dagbag.py:588} INFO - Filling up the DagBag from /home/airflow/.local/lib/python3.12/site-packages/airflow/example_dags/example_sensors.py
[2025-03-15T07:20:07.771+0000] {processor.py:925} INFO - DAG(s) 'example_sensors' retrieved from /home/airflow/.local/lib/python3.12/site-packages/airflow/example_dags/example_sensors.py
[2025-03-15T07:20:07.793+0000] {logging_mixin.py:190} INFO - [2025-03-15T07:20:07.793+0000] {dag.py:3239} INFO - Sync 1 DAGs
[2025-03-15T07:20:07.804+0000] {logging_mixin.py:190} INFO - [2025-03-15T07:20:07.804+0000] {dag.py:4180} INFO - Setting next_dagrun for example_sensors to None, run_after=None
[2025-03-15T07:20:07.814+0000] {processor.py:208} INFO - Processing /home/airflow/.local/lib/python3.12/site-packages/airflow/example_dags/example_sensors.py took 0.057 seconds
[2025-03-15T07:20:37.892+0000] {processor.py:186} INFO - Started process (PID=1137) to work on /home/airflow/.local/lib/python3.12/site-packages/airflow/example_dags/example_sensors.py
[2025-03-15T07:20:37.892+0000] {processor.py:914} INFO - Processing file /home/airflow/.local/lib/python3.12/site-packages/airflow/example_dags/example_sensors.py for tasks to queue
[2025-03-15T07:20:37.894+0000] {logging_mixin.py:190} INFO - [2025-03-15T07:20:37.894+0000] {dagbag.py:588} INFO - Filling up the DagBag from /home/airflow/.local/lib/python3.12/site-packages/airflow/example_dags/example_sensors.py
[2025-03-15T07:20:37.901+0000] {processor.py:925} INFO - DAG(s) 'example_sensors' retrieved from /home/airflow/.local/lib/python3.12/site-packages/airflow/example_dags/example_sensors.py
[2025-03-15T07:20:37.922+0000] {logging_mixin.py:190} INFO - [2025-03-15T07:20:37.921+0000] {dag.py:3239} INFO - Sync 1 DAGs
[2025-03-15T07:20:37.930+0000] {logging_mixin.py:190} INFO - [2025-03-15T07:20:37.930+0000] {dag.py:4180} INFO - Setting next_dagrun for example_sensors to None, run_after=None
[2025-03-15T07:20:37.940+0000] {processor.py:208} INFO - Processing /home/airflow/.local/lib/python3.12/site-packages/airflow/example_dags/example_sensors.py took 0.052 seconds
[2025-03-15T07:21:08.414+0000] {processor.py:186} INFO - Started process (PID=1200) to work on /home/airflow/.local/lib/python3.12/site-packages/airflow/example_dags/example_sensors.py
[2025-03-15T07:21:08.415+0000] {processor.py:914} INFO - Processing file /home/airflow/.local/lib/python3.12/site-packages/airflow/example_dags/example_sensors.py for tasks to queue
[2025-03-15T07:21:08.417+0000] {logging_mixin.py:190} INFO - [2025-03-15T07:21:08.416+0000] {dagbag.py:588} INFO - Filling up the DagBag from /home/airflow/.local/lib/python3.12/site-packages/airflow/example_dags/example_sensors.py
[2025-03-15T07:21:08.423+0000] {processor.py:925} INFO - DAG(s) 'example_sensors' retrieved from /home/airflow/.local/lib/python3.12/site-packages/airflow/example_dags/example_sensors.py
[2025-03-15T07:21:08.440+0000] {logging_mixin.py:190} INFO - [2025-03-15T07:21:08.440+0000] {dag.py:3239} INFO - Sync 1 DAGs
[2025-03-15T07:21:08.448+0000] {logging_mixin.py:190} INFO - [2025-03-15T07:21:08.448+0000] {dag.py:4180} INFO - Setting next_dagrun for example_sensors to None, run_after=None
[2025-03-15T07:21:08.462+0000] {processor.py:208} INFO - Processing /home/airflow/.local/lib/python3.12/site-packages/airflow/example_dags/example_sensors.py took 0.051 seconds
[2025-03-15T07:21:38.632+0000] {processor.py:186} INFO - Started process (PID=1263) to work on /home/airflow/.local/lib/python3.12/site-packages/airflow/example_dags/example_sensors.py
[2025-03-15T07:21:38.634+0000] {processor.py:914} INFO - Processing file /home/airflow/.local/lib/python3.12/site-packages/airflow/example_dags/example_sensors.py for tasks to queue
[2025-03-15T07:21:38.636+0000] {logging_mixin.py:190} INFO - [2025-03-15T07:21:38.635+0000] {dagbag.py:588} INFO - Filling up the DagBag from /home/airflow/.local/lib/python3.12/site-packages/airflow/example_dags/example_sensors.py
[2025-03-15T07:21:38.645+0000] {processor.py:925} INFO - DAG(s) 'example_sensors' retrieved from /home/airflow/.local/lib/python3.12/site-packages/airflow/example_dags/example_sensors.py
[2025-03-15T07:21:38.663+0000] {logging_mixin.py:190} INFO - [2025-03-15T07:21:38.663+0000] {dag.py:3239} INFO - Sync 1 DAGs
[2025-03-15T07:21:38.672+0000] {logging_mixin.py:190} INFO - [2025-03-15T07:21:38.672+0000] {dag.py:4180} INFO - Setting next_dagrun for example_sensors to None, run_after=None
[2025-03-15T07:21:38.685+0000] {processor.py:208} INFO - Processing /home/airflow/.local/lib/python3.12/site-packages/airflow/example_dags/example_sensors.py took 0.057 seconds
[2025-03-15T07:22:08.877+0000] {processor.py:186} INFO - Started process (PID=1326) to work on /home/airflow/.local/lib/python3.12/site-packages/airflow/example_dags/example_sensors.py
[2025-03-15T07:22:08.878+0000] {processor.py:914} INFO - Processing file /home/airflow/.local/lib/python3.12/site-packages/airflow/example_dags/example_sensors.py for tasks to queue
[2025-03-15T07:22:08.881+0000] {logging_mixin.py:190} INFO - [2025-03-15T07:22:08.881+0000] {dagbag.py:588} INFO - Filling up the DagBag from /home/airflow/.local/lib/python3.12/site-packages/airflow/example_dags/example_sensors.py
[2025-03-15T07:22:08.891+0000] {processor.py:925} INFO - DAG(s) 'example_sensors' retrieved from /home/airflow/.local/lib/python3.12/site-packages/airflow/example_dags/example_sensors.py
[2025-03-15T07:22:08.913+0000] {logging_mixin.py:190} INFO - [2025-03-15T07:22:08.912+0000] {dag.py:3239} INFO - Sync 1 DAGs
[2025-03-15T07:22:08.923+0000] {logging_mixin.py:190} INFO - [2025-03-15T07:22:08.922+0000] {dag.py:4180} INFO - Setting next_dagrun for example_sensors to None, run_after=None
[2025-03-15T07:22:08.942+0000] {processor.py:208} INFO - Processing /home/airflow/.local/lib/python3.12/site-packages/airflow/example_dags/example_sensors.py took 0.070 seconds
[2025-03-15T07:22:39.416+0000] {processor.py:186} INFO - Started process (PID=1389) to work on /home/airflow/.local/lib/python3.12/site-packages/airflow/example_dags/example_sensors.py
[2025-03-15T07:22:39.416+0000] {processor.py:914} INFO - Processing file /home/airflow/.local/lib/python3.12/site-packages/airflow/example_dags/example_sensors.py for tasks to queue
[2025-03-15T07:22:39.419+0000] {logging_mixin.py:190} INFO - [2025-03-15T07:22:39.418+0000] {dagbag.py:588} INFO - Filling up the DagBag from /home/airflow/.local/lib/python3.12/site-packages/airflow/example_dags/example_sensors.py
[2025-03-15T07:22:39.644+0000] {processor.py:925} INFO - DAG(s) 'example_sensors' retrieved from /home/airflow/.local/lib/python3.12/site-packages/airflow/example_dags/example_sensors.py
[2025-03-15T07:22:39.670+0000] {logging_mixin.py:190} INFO - [2025-03-15T07:22:39.670+0000] {dag.py:3239} INFO - Sync 1 DAGs
[2025-03-15T07:22:39.680+0000] {logging_mixin.py:190} INFO - [2025-03-15T07:22:39.680+0000] {dag.py:4180} INFO - Setting next_dagrun for example_sensors to None, run_after=None
[2025-03-15T07:22:39.695+0000] {processor.py:208} INFO - Processing /home/airflow/.local/lib/python3.12/site-packages/airflow/example_dags/example_sensors.py took 0.283 seconds
[2025-03-15T07:23:10.023+0000] {processor.py:186} INFO - Started process (PID=1452) to work on /home/airflow/.local/lib/python3.12/site-packages/airflow/example_dags/example_sensors.py
[2025-03-15T07:23:10.024+0000] {processor.py:914} INFO - Processing file /home/airflow/.local/lib/python3.12/site-packages/airflow/example_dags/example_sensors.py for tasks to queue
[2025-03-15T07:23:10.026+0000] {logging_mixin.py:190} INFO - [2025-03-15T07:23:10.026+0000] {dagbag.py:588} INFO - Filling up the DagBag from /home/airflow/.local/lib/python3.12/site-packages/airflow/example_dags/example_sensors.py
[2025-03-15T07:23:10.033+0000] {processor.py:925} INFO - DAG(s) 'example_sensors' retrieved from /home/airflow/.local/lib/python3.12/site-packages/airflow/example_dags/example_sensors.py
[2025-03-15T07:23:10.050+0000] {logging_mixin.py:190} INFO - [2025-03-15T07:23:10.050+0000] {dag.py:3239} INFO - Sync 1 DAGs
[2025-03-15T07:23:10.060+0000] {logging_mixin.py:190} INFO - [2025-03-15T07:23:10.059+0000] {dag.py:4180} INFO - Setting next_dagrun for example_sensors to None, run_after=None
[2025-03-15T07:23:10.073+0000] {processor.py:208} INFO - Processing /home/airflow/.local/lib/python3.12/site-packages/airflow/example_dags/example_sensors.py took 0.053 seconds
[2025-03-15T07:23:40.273+0000] {processor.py:186} INFO - Started process (PID=1515) to work on /home/airflow/.local/lib/python3.12/site-packages/airflow/example_dags/example_sensors.py
[2025-03-15T07:23:40.275+0000] {processor.py:914} INFO - Processing file /home/airflow/.local/lib/python3.12/site-packages/airflow/example_dags/example_sensors.py for tasks to queue
[2025-03-15T07:23:40.277+0000] {logging_mixin.py:190} INFO - [2025-03-15T07:23:40.277+0000] {dagbag.py:588} INFO - Filling up the DagBag from /home/airflow/.local/lib/python3.12/site-packages/airflow/example_dags/example_sensors.py
[2025-03-15T07:23:40.287+0000] {processor.py:925} INFO - DAG(s) 'example_sensors' retrieved from /home/airflow/.local/lib/python3.12/site-packages/airflow/example_dags/example_sensors.py
[2025-03-15T07:23:40.311+0000] {logging_mixin.py:190} INFO - [2025-03-15T07:23:40.311+0000] {dag.py:3239} INFO - Sync 1 DAGs
[2025-03-15T07:23:40.319+0000] {logging_mixin.py:190} INFO - [2025-03-15T07:23:40.319+0000] {dag.py:4180} INFO - Setting next_dagrun for example_sensors to None, run_after=None
[2025-03-15T07:23:40.335+0000] {processor.py:208} INFO - Processing /home/airflow/.local/lib/python3.12/site-packages/airflow/example_dags/example_sensors.py took 0.066 seconds
[2025-03-15T07:24:10.806+0000] {processor.py:186} INFO - Started process (PID=1578) to work on /home/airflow/.local/lib/python3.12/site-packages/airflow/example_dags/example_sensors.py
[2025-03-15T07:24:10.810+0000] {processor.py:914} INFO - Processing file /home/airflow/.local/lib/python3.12/site-packages/airflow/example_dags/example_sensors.py for tasks to queue
[2025-03-15T07:24:10.811+0000] {logging_mixin.py:190} INFO - [2025-03-15T07:24:10.811+0000] {dagbag.py:588} INFO - Filling up the DagBag from /home/airflow/.local/lib/python3.12/site-packages/airflow/example_dags/example_sensors.py
[2025-03-15T07:24:10.818+0000] {processor.py:925} INFO - DAG(s) 'example_sensors' retrieved from /home/airflow/.local/lib/python3.12/site-packages/airflow/example_dags/example_sensors.py
[2025-03-15T07:24:10.833+0000] {logging_mixin.py:190} INFO - [2025-03-15T07:24:10.833+0000] {dag.py:3239} INFO - Sync 1 DAGs
[2025-03-15T07:24:10.842+0000] {logging_mixin.py:190} INFO - [2025-03-15T07:24:10.841+0000] {dag.py:4180} INFO - Setting next_dagrun for example_sensors to None, run_after=None
[2025-03-15T07:24:10.855+0000] {processor.py:208} INFO - Processing /home/airflow/.local/lib/python3.12/site-packages/airflow/example_dags/example_sensors.py took 0.053 seconds
[2025-03-15T07:24:40.979+0000] {processor.py:186} INFO - Started process (PID=1641) to work on /home/airflow/.local/lib/python3.12/site-packages/airflow/example_dags/example_sensors.py
[2025-03-15T07:24:40.993+0000] {processor.py:914} INFO - Processing file /home/airflow/.local/lib/python3.12/site-packages/airflow/example_dags/example_sensors.py for tasks to queue
[2025-03-15T07:24:40.997+0000] {logging_mixin.py:190} INFO - [2025-03-15T07:24:40.996+0000] {dagbag.py:588} INFO - Filling up the DagBag from /home/airflow/.local/lib/python3.12/site-packages/airflow/example_dags/example_sensors.py
[2025-03-15T07:24:41.021+0000] {processor.py:925} INFO - DAG(s) 'example_sensors' retrieved from /home/airflow/.local/lib/python3.12/site-packages/airflow/example_dags/example_sensors.py
[2025-03-15T07:24:41.053+0000] {logging_mixin.py:190} INFO - [2025-03-15T07:24:41.052+0000] {dag.py:3239} INFO - Sync 1 DAGs
[2025-03-15T07:24:41.061+0000] {logging_mixin.py:190} INFO - [2025-03-15T07:24:41.061+0000] {dag.py:4180} INFO - Setting next_dagrun for example_sensors to None, run_after=None
[2025-03-15T07:24:41.076+0000] {processor.py:208} INFO - Processing /home/airflow/.local/lib/python3.12/site-packages/airflow/example_dags/example_sensors.py took 0.104 seconds
[2025-03-15T07:25:11.492+0000] {processor.py:186} INFO - Started process (PID=1703) to work on /home/airflow/.local/lib/python3.12/site-packages/airflow/example_dags/example_sensors.py
[2025-03-15T07:25:11.495+0000] {processor.py:914} INFO - Processing file /home/airflow/.local/lib/python3.12/site-packages/airflow/example_dags/example_sensors.py for tasks to queue
[2025-03-15T07:25:11.498+0000] {logging_mixin.py:190} INFO - [2025-03-15T07:25:11.498+0000] {dagbag.py:588} INFO - Filling up the DagBag from /home/airflow/.local/lib/python3.12/site-packages/airflow/example_dags/example_sensors.py
[2025-03-15T07:25:11.504+0000] {processor.py:925} INFO - DAG(s) 'example_sensors' retrieved from /home/airflow/.local/lib/python3.12/site-packages/airflow/example_dags/example_sensors.py
[2025-03-15T07:25:11.519+0000] {logging_mixin.py:190} INFO - [2025-03-15T07:25:11.519+0000] {dag.py:3239} INFO - Sync 1 DAGs
[2025-03-15T07:25:11.529+0000] {logging_mixin.py:190} INFO - [2025-03-15T07:25:11.528+0000] {dag.py:4180} INFO - Setting next_dagrun for example_sensors to None, run_after=None
[2025-03-15T07:25:11.541+0000] {processor.py:208} INFO - Processing /home/airflow/.local/lib/python3.12/site-packages/airflow/example_dags/example_sensors.py took 0.056 seconds
[2025-03-15T07:25:41.922+0000] {processor.py:186} INFO - Started process (PID=1766) to work on /home/airflow/.local/lib/python3.12/site-packages/airflow/example_dags/example_sensors.py
[2025-03-15T07:25:41.925+0000] {processor.py:914} INFO - Processing file /home/airflow/.local/lib/python3.12/site-packages/airflow/example_dags/example_sensors.py for tasks to queue
[2025-03-15T07:25:41.927+0000] {logging_mixin.py:190} INFO - [2025-03-15T07:25:41.927+0000] {dagbag.py:588} INFO - Filling up the DagBag from /home/airflow/.local/lib/python3.12/site-packages/airflow/example_dags/example_sensors.py
[2025-03-15T07:25:41.937+0000] {processor.py:925} INFO - DAG(s) 'example_sensors' retrieved from /home/airflow/.local/lib/python3.12/site-packages/airflow/example_dags/example_sensors.py
[2025-03-15T07:25:41.959+0000] {logging_mixin.py:190} INFO - [2025-03-15T07:25:41.959+0000] {dag.py:3239} INFO - Sync 1 DAGs
[2025-03-15T07:25:41.967+0000] {logging_mixin.py:190} INFO - [2025-03-15T07:25:41.967+0000] {dag.py:4180} INFO - Setting next_dagrun for example_sensors to None, run_after=None
[2025-03-15T07:25:41.979+0000] {processor.py:208} INFO - Processing /home/airflow/.local/lib/python3.12/site-packages/airflow/example_dags/example_sensors.py took 0.062 seconds
[2025-03-15T07:26:12.032+0000] {processor.py:186} INFO - Started process (PID=1828) to work on /home/airflow/.local/lib/python3.12/site-packages/airflow/example_dags/example_sensors.py
[2025-03-15T07:26:12.033+0000] {processor.py:914} INFO - Processing file /home/airflow/.local/lib/python3.12/site-packages/airflow/example_dags/example_sensors.py for tasks to queue
[2025-03-15T07:26:12.035+0000] {logging_mixin.py:190} INFO - [2025-03-15T07:26:12.035+0000] {dagbag.py:588} INFO - Filling up the DagBag from /home/airflow/.local/lib/python3.12/site-packages/airflow/example_dags/example_sensors.py
[2025-03-15T07:26:12.044+0000] {processor.py:925} INFO - DAG(s) 'example_sensors' retrieved from /home/airflow/.local/lib/python3.12/site-packages/airflow/example_dags/example_sensors.py
[2025-03-15T07:26:12.064+0000] {logging_mixin.py:190} INFO - [2025-03-15T07:26:12.064+0000] {dag.py:3239} INFO - Sync 1 DAGs
[2025-03-15T07:26:12.072+0000] {logging_mixin.py:190} INFO - [2025-03-15T07:26:12.072+0000] {dag.py:4180} INFO - Setting next_dagrun for example_sensors to None, run_after=None
[2025-03-15T07:26:12.087+0000] {processor.py:208} INFO - Processing /home/airflow/.local/lib/python3.12/site-packages/airflow/example_dags/example_sensors.py took 0.059 seconds
[2025-03-15T07:26:42.433+0000] {processor.py:186} INFO - Started process (PID=1891) to work on /home/airflow/.local/lib/python3.12/site-packages/airflow/example_dags/example_sensors.py
[2025-03-15T07:26:42.435+0000] {processor.py:914} INFO - Processing file /home/airflow/.local/lib/python3.12/site-packages/airflow/example_dags/example_sensors.py for tasks to queue
[2025-03-15T07:26:42.439+0000] {logging_mixin.py:190} INFO - [2025-03-15T07:26:42.438+0000] {dagbag.py:588} INFO - Filling up the DagBag from /home/airflow/.local/lib/python3.12/site-packages/airflow/example_dags/example_sensors.py
[2025-03-15T07:26:42.444+0000] {processor.py:925} INFO - DAG(s) 'example_sensors' retrieved from /home/airflow/.local/lib/python3.12/site-packages/airflow/example_dags/example_sensors.py
[2025-03-15T07:26:42.464+0000] {logging_mixin.py:190} INFO - [2025-03-15T07:26:42.463+0000] {dag.py:3239} INFO - Sync 1 DAGs
[2025-03-15T07:26:42.472+0000] {logging_mixin.py:190} INFO - [2025-03-15T07:26:42.472+0000] {dag.py:4180} INFO - Setting next_dagrun for example_sensors to None, run_after=None
[2025-03-15T07:26:42.486+0000] {processor.py:208} INFO - Processing /home/airflow/.local/lib/python3.12/site-packages/airflow/example_dags/example_sensors.py took 0.057 seconds
[2025-03-15T07:27:13.728+0000] {processor.py:186} INFO - Started process (PID=1955) to work on /home/airflow/.local/lib/python3.12/site-packages/airflow/example_dags/example_sensors.py
[2025-03-15T07:27:13.729+0000] {processor.py:914} INFO - Processing file /home/airflow/.local/lib/python3.12/site-packages/airflow/example_dags/example_sensors.py for tasks to queue
[2025-03-15T07:27:13.730+0000] {logging_mixin.py:190} INFO - [2025-03-15T07:27:13.730+0000] {dagbag.py:588} INFO - Filling up the DagBag from /home/airflow/.local/lib/python3.12/site-packages/airflow/example_dags/example_sensors.py
[2025-03-15T07:27:13.744+0000] {processor.py:925} INFO - DAG(s) 'example_sensors' retrieved from /home/airflow/.local/lib/python3.12/site-packages/airflow/example_dags/example_sensors.py
[2025-03-15T07:27:13.809+0000] {logging_mixin.py:190} INFO - [2025-03-15T07:27:13.805+0000] {dag.py:3239} INFO - Sync 1 DAGs
[2025-03-15T07:27:13.889+0000] {logging_mixin.py:190} INFO - [2025-03-15T07:27:13.888+0000] {dag.py:4180} INFO - Setting next_dagrun for example_sensors to None, run_after=None
[2025-03-15T07:27:13.932+0000] {processor.py:208} INFO - Processing /home/airflow/.local/lib/python3.12/site-packages/airflow/example_dags/example_sensors.py took 0.209 seconds
[2025-03-15T07:27:44.511+0000] {processor.py:186} INFO - Started process (PID=2019) to work on /home/airflow/.local/lib/python3.12/site-packages/airflow/example_dags/example_sensors.py
[2025-03-15T07:27:44.513+0000] {processor.py:914} INFO - Processing file /home/airflow/.local/lib/python3.12/site-packages/airflow/example_dags/example_sensors.py for tasks to queue
[2025-03-15T07:27:44.516+0000] {logging_mixin.py:190} INFO - [2025-03-15T07:27:44.515+0000] {dagbag.py:588} INFO - Filling up the DagBag from /home/airflow/.local/lib/python3.12/site-packages/airflow/example_dags/example_sensors.py
[2025-03-15T07:27:44.523+0000] {processor.py:925} INFO - DAG(s) 'example_sensors' retrieved from /home/airflow/.local/lib/python3.12/site-packages/airflow/example_dags/example_sensors.py
[2025-03-15T07:27:44.544+0000] {logging_mixin.py:190} INFO - [2025-03-15T07:27:44.543+0000] {dag.py:3239} INFO - Sync 1 DAGs
[2025-03-15T07:27:44.554+0000] {logging_mixin.py:190} INFO - [2025-03-15T07:27:44.554+0000] {dag.py:4180} INFO - Setting next_dagrun for example_sensors to None, run_after=None
[2025-03-15T07:27:44.571+0000] {processor.py:208} INFO - Processing /home/airflow/.local/lib/python3.12/site-packages/airflow/example_dags/example_sensors.py took 0.068 seconds
[2025-03-15T07:28:14.678+0000] {processor.py:186} INFO - Started process (PID=2083) to work on /home/airflow/.local/lib/python3.12/site-packages/airflow/example_dags/example_sensors.py
[2025-03-15T07:28:14.679+0000] {processor.py:914} INFO - Processing file /home/airflow/.local/lib/python3.12/site-packages/airflow/example_dags/example_sensors.py for tasks to queue
[2025-03-15T07:28:14.680+0000] {logging_mixin.py:190} INFO - [2025-03-15T07:28:14.680+0000] {dagbag.py:588} INFO - Filling up the DagBag from /home/airflow/.local/lib/python3.12/site-packages/airflow/example_dags/example_sensors.py
[2025-03-15T07:28:14.685+0000] {processor.py:925} INFO - DAG(s) 'example_sensors' retrieved from /home/airflow/.local/lib/python3.12/site-packages/airflow/example_dags/example_sensors.py
[2025-03-15T07:28:14.699+0000] {logging_mixin.py:190} INFO - [2025-03-15T07:28:14.699+0000] {dag.py:3239} INFO - Sync 1 DAGs
[2025-03-15T07:28:14.708+0000] {logging_mixin.py:190} INFO - [2025-03-15T07:28:14.708+0000] {dag.py:4180} INFO - Setting next_dagrun for example_sensors to None, run_after=None
[2025-03-15T07:28:14.750+0000] {processor.py:208} INFO - Processing /home/airflow/.local/lib/python3.12/site-packages/airflow/example_dags/example_sensors.py took 0.076 seconds
[2025-03-15T07:28:45.241+0000] {processor.py:186} INFO - Started process (PID=2147) to work on /home/airflow/.local/lib/python3.12/site-packages/airflow/example_dags/example_sensors.py
[2025-03-15T07:28:45.242+0000] {processor.py:914} INFO - Processing file /home/airflow/.local/lib/python3.12/site-packages/airflow/example_dags/example_sensors.py for tasks to queue
[2025-03-15T07:28:45.243+0000] {logging_mixin.py:190} INFO - [2025-03-15T07:28:45.243+0000] {dagbag.py:588} INFO - Filling up the DagBag from /home/airflow/.local/lib/python3.12/site-packages/airflow/example_dags/example_sensors.py
[2025-03-15T07:28:45.254+0000] {processor.py:925} INFO - DAG(s) 'example_sensors' retrieved from /home/airflow/.local/lib/python3.12/site-packages/airflow/example_dags/example_sensors.py
[2025-03-15T07:28:45.273+0000] {logging_mixin.py:190} INFO - [2025-03-15T07:28:45.273+0000] {dag.py:3239} INFO - Sync 1 DAGs
[2025-03-15T07:28:45.280+0000] {logging_mixin.py:190} INFO - [2025-03-15T07:28:45.280+0000] {dag.py:4180} INFO - Setting next_dagrun for example_sensors to None, run_after=None
[2025-03-15T07:28:45.295+0000] {processor.py:208} INFO - Processing /home/airflow/.local/lib/python3.12/site-packages/airflow/example_dags/example_sensors.py took 0.059 seconds
[2025-03-15T07:29:15.349+0000] {processor.py:186} INFO - Started process (PID=2211) to work on /home/airflow/.local/lib/python3.12/site-packages/airflow/example_dags/example_sensors.py
[2025-03-15T07:29:15.350+0000] {processor.py:914} INFO - Processing file /home/airflow/.local/lib/python3.12/site-packages/airflow/example_dags/example_sensors.py for tasks to queue
[2025-03-15T07:29:15.352+0000] {logging_mixin.py:190} INFO - [2025-03-15T07:29:15.352+0000] {dagbag.py:588} INFO - Filling up the DagBag from /home/airflow/.local/lib/python3.12/site-packages/airflow/example_dags/example_sensors.py
[2025-03-15T07:29:15.357+0000] {processor.py:925} INFO - DAG(s) 'example_sensors' retrieved from /home/airflow/.local/lib/python3.12/site-packages/airflow/example_dags/example_sensors.py
[2025-03-15T07:29:15.370+0000] {logging_mixin.py:190} INFO - [2025-03-15T07:29:15.370+0000] {dag.py:3239} INFO - Sync 1 DAGs
[2025-03-15T07:29:15.377+0000] {logging_mixin.py:190} INFO - [2025-03-15T07:29:15.376+0000] {dag.py:4180} INFO - Setting next_dagrun for example_sensors to None, run_after=None
[2025-03-15T07:29:15.394+0000] {processor.py:208} INFO - Processing /home/airflow/.local/lib/python3.12/site-packages/airflow/example_dags/example_sensors.py took 0.048 seconds
[2025-03-15T07:29:45.763+0000] {processor.py:186} INFO - Started process (PID=2275) to work on /home/airflow/.local/lib/python3.12/site-packages/airflow/example_dags/example_sensors.py
[2025-03-15T07:29:45.764+0000] {processor.py:914} INFO - Processing file /home/airflow/.local/lib/python3.12/site-packages/airflow/example_dags/example_sensors.py for tasks to queue
[2025-03-15T07:29:45.765+0000] {logging_mixin.py:190} INFO - [2025-03-15T07:29:45.765+0000] {dagbag.py:588} INFO - Filling up the DagBag from /home/airflow/.local/lib/python3.12/site-packages/airflow/example_dags/example_sensors.py
[2025-03-15T07:29:45.771+0000] {processor.py:925} INFO - DAG(s) 'example_sensors' retrieved from /home/airflow/.local/lib/python3.12/site-packages/airflow/example_dags/example_sensors.py
[2025-03-15T07:29:45.783+0000] {logging_mixin.py:190} INFO - [2025-03-15T07:29:45.783+0000] {dag.py:3239} INFO - Sync 1 DAGs
[2025-03-15T07:29:45.791+0000] {logging_mixin.py:190} INFO - [2025-03-15T07:29:45.790+0000] {dag.py:4180} INFO - Setting next_dagrun for example_sensors to None, run_after=None
[2025-03-15T07:29:45.801+0000] {processor.py:208} INFO - Processing /home/airflow/.local/lib/python3.12/site-packages/airflow/example_dags/example_sensors.py took 0.042 seconds
[2025-03-15T07:30:16.236+0000] {processor.py:186} INFO - Started process (PID=2339) to work on /home/airflow/.local/lib/python3.12/site-packages/airflow/example_dags/example_sensors.py
[2025-03-15T07:30:16.237+0000] {processor.py:914} INFO - Processing file /home/airflow/.local/lib/python3.12/site-packages/airflow/example_dags/example_sensors.py for tasks to queue
[2025-03-15T07:30:16.238+0000] {logging_mixin.py:190} INFO - [2025-03-15T07:30:16.238+0000] {dagbag.py:588} INFO - Filling up the DagBag from /home/airflow/.local/lib/python3.12/site-packages/airflow/example_dags/example_sensors.py
[2025-03-15T07:30:16.244+0000] {processor.py:925} INFO - DAG(s) 'example_sensors' retrieved from /home/airflow/.local/lib/python3.12/site-packages/airflow/example_dags/example_sensors.py
[2025-03-15T07:30:16.258+0000] {logging_mixin.py:190} INFO - [2025-03-15T07:30:16.257+0000] {dag.py:3239} INFO - Sync 1 DAGs
[2025-03-15T07:30:16.268+0000] {logging_mixin.py:190} INFO - [2025-03-15T07:30:16.268+0000] {dag.py:4180} INFO - Setting next_dagrun for example_sensors to None, run_after=None
[2025-03-15T07:30:16.283+0000] {processor.py:208} INFO - Processing /home/airflow/.local/lib/python3.12/site-packages/airflow/example_dags/example_sensors.py took 0.051 seconds
[2025-03-15T07:30:46.473+0000] {processor.py:186} INFO - Started process (PID=2403) to work on /home/airflow/.local/lib/python3.12/site-packages/airflow/example_dags/example_sensors.py
[2025-03-15T07:30:46.474+0000] {processor.py:914} INFO - Processing file /home/airflow/.local/lib/python3.12/site-packages/airflow/example_dags/example_sensors.py for tasks to queue
[2025-03-15T07:30:46.475+0000] {logging_mixin.py:190} INFO - [2025-03-15T07:30:46.475+0000] {dagbag.py:588} INFO - Filling up the DagBag from /home/airflow/.local/lib/python3.12/site-packages/airflow/example_dags/example_sensors.py
[2025-03-15T07:30:46.480+0000] {processor.py:925} INFO - DAG(s) 'example_sensors' retrieved from /home/airflow/.local/lib/python3.12/site-packages/airflow/example_dags/example_sensors.py
[2025-03-15T07:30:46.493+0000] {logging_mixin.py:190} INFO - [2025-03-15T07:30:46.493+0000] {dag.py:3239} INFO - Sync 1 DAGs
[2025-03-15T07:30:46.500+0000] {logging_mixin.py:190} INFO - [2025-03-15T07:30:46.499+0000] {dag.py:4180} INFO - Setting next_dagrun for example_sensors to None, run_after=None
[2025-03-15T07:30:46.508+0000] {processor.py:208} INFO - Processing /home/airflow/.local/lib/python3.12/site-packages/airflow/example_dags/example_sensors.py took 0.038 seconds
[2025-03-15T07:31:16.564+0000] {processor.py:186} INFO - Started process (PID=2467) to work on /home/airflow/.local/lib/python3.12/site-packages/airflow/example_dags/example_sensors.py
[2025-03-15T07:31:16.565+0000] {processor.py:914} INFO - Processing file /home/airflow/.local/lib/python3.12/site-packages/airflow/example_dags/example_sensors.py for tasks to queue
[2025-03-15T07:31:16.566+0000] {logging_mixin.py:190} INFO - [2025-03-15T07:31:16.566+0000] {dagbag.py:588} INFO - Filling up the DagBag from /home/airflow/.local/lib/python3.12/site-packages/airflow/example_dags/example_sensors.py
[2025-03-15T07:31:16.572+0000] {processor.py:925} INFO - DAG(s) 'example_sensors' retrieved from /home/airflow/.local/lib/python3.12/site-packages/airflow/example_dags/example_sensors.py
[2025-03-15T07:31:16.585+0000] {logging_mixin.py:190} INFO - [2025-03-15T07:31:16.585+0000] {dag.py:3239} INFO - Sync 1 DAGs
[2025-03-15T07:31:16.595+0000] {logging_mixin.py:190} INFO - [2025-03-15T07:31:16.595+0000] {dag.py:4180} INFO - Setting next_dagrun for example_sensors to None, run_after=None
[2025-03-15T07:31:16.609+0000] {processor.py:208} INFO - Processing /home/airflow/.local/lib/python3.12/site-packages/airflow/example_dags/example_sensors.py took 0.048 seconds
[2025-03-15T07:31:47.016+0000] {processor.py:186} INFO - Started process (PID=2531) to work on /home/airflow/.local/lib/python3.12/site-packages/airflow/example_dags/example_sensors.py
[2025-03-15T07:31:47.017+0000] {processor.py:914} INFO - Processing file /home/airflow/.local/lib/python3.12/site-packages/airflow/example_dags/example_sensors.py for tasks to queue
[2025-03-15T07:31:47.018+0000] {logging_mixin.py:190} INFO - [2025-03-15T07:31:47.018+0000] {dagbag.py:588} INFO - Filling up the DagBag from /home/airflow/.local/lib/python3.12/site-packages/airflow/example_dags/example_sensors.py
[2025-03-15T07:31:47.029+0000] {processor.py:925} INFO - DAG(s) 'example_sensors' retrieved from /home/airflow/.local/lib/python3.12/site-packages/airflow/example_dags/example_sensors.py
[2025-03-15T07:31:47.046+0000] {logging_mixin.py:190} INFO - [2025-03-15T07:31:47.046+0000] {dag.py:3239} INFO - Sync 1 DAGs
[2025-03-15T07:31:47.055+0000] {logging_mixin.py:190} INFO - [2025-03-15T07:31:47.055+0000] {dag.py:4180} INFO - Setting next_dagrun for example_sensors to None, run_after=None
[2025-03-15T07:31:47.065+0000] {processor.py:208} INFO - Processing /home/airflow/.local/lib/python3.12/site-packages/airflow/example_dags/example_sensors.py took 0.057 seconds
[2025-03-15T07:32:17.281+0000] {processor.py:186} INFO - Started process (PID=2595) to work on /home/airflow/.local/lib/python3.12/site-packages/airflow/example_dags/example_sensors.py
[2025-03-15T07:32:17.281+0000] {processor.py:914} INFO - Processing file /home/airflow/.local/lib/python3.12/site-packages/airflow/example_dags/example_sensors.py for tasks to queue
[2025-03-15T07:32:17.283+0000] {logging_mixin.py:190} INFO - [2025-03-15T07:32:17.283+0000] {dagbag.py:588} INFO - Filling up the DagBag from /home/airflow/.local/lib/python3.12/site-packages/airflow/example_dags/example_sensors.py
[2025-03-15T07:32:17.289+0000] {processor.py:925} INFO - DAG(s) 'example_sensors' retrieved from /home/airflow/.local/lib/python3.12/site-packages/airflow/example_dags/example_sensors.py
[2025-03-15T07:32:17.301+0000] {logging_mixin.py:190} INFO - [2025-03-15T07:32:17.301+0000] {dag.py:3239} INFO - Sync 1 DAGs
[2025-03-15T07:32:17.309+0000] {logging_mixin.py:190} INFO - [2025-03-15T07:32:17.309+0000] {dag.py:4180} INFO - Setting next_dagrun for example_sensors to None, run_after=None
[2025-03-15T07:32:17.344+0000] {processor.py:208} INFO - Processing /home/airflow/.local/lib/python3.12/site-packages/airflow/example_dags/example_sensors.py took 0.067 seconds
