[2025-03-15T07:12:00.975+0000] {processor.py:186} INFO - Started process (PID=104) to work on /home/airflow/.local/lib/python3.12/site-packages/airflow/example_dags/example_dataset_alias.py
[2025-03-15T07:12:00.975+0000] {processor.py:914} INFO - Processing file /home/airflow/.local/lib/python3.12/site-packages/airflow/example_dags/example_dataset_alias.py for tasks to queue
[2025-03-15T07:12:00.977+0000] {logging_mixin.py:190} INFO - [2025-03-15T07:12:00.977+0000] {dagbag.py:588} INFO - Filling up the DagBag from /home/airflow/.local/lib/python3.12/site-packages/airflow/example_dags/example_dataset_alias.py
[2025-03-15T07:12:01.170+0000] {processor.py:925} INFO - DAG(s) 'dataset_alias_example_alias_producer', 'dataset_alias_example_alias_consumer', 'dataset_s3_bucket_producer', 'dataset_s3_bucket_consumer' retrieved from /home/airflow/.local/lib/python3.12/site-packages/airflow/example_dags/example_dataset_alias.py
[2025-03-15T07:12:01.273+0000] {logging_mixin.py:190} INFO - [2025-03-15T07:12:01.272+0000] {dag.py:3239} INFO - Sync 4 DAGs
[2025-03-15T07:12:01.281+0000] {logging_mixin.py:190} INFO - [2025-03-15T07:12:01.281+0000] {dag.py:4180} INFO - Setting next_dagrun for dataset_alias_example_alias_consumer to None, run_after=None
[2025-03-15T07:12:01.282+0000] {logging_mixin.py:190} INFO - [2025-03-15T07:12:01.282+0000] {dag.py:4180} INFO - Setting next_dagrun for dataset_alias_example_alias_producer to None, run_after=None
[2025-03-15T07:12:01.283+0000] {logging_mixin.py:190} INFO - [2025-03-15T07:12:01.283+0000] {dag.py:4180} INFO - Setting next_dagrun for dataset_s3_bucket_consumer to None, run_after=None
[2025-03-15T07:12:01.283+0000] {logging_mixin.py:190} INFO - [2025-03-15T07:12:01.283+0000] {dag.py:4180} INFO - Setting next_dagrun for dataset_s3_bucket_producer to None, run_after=None
[2025-03-15T07:12:01.293+0000] {processor.py:208} INFO - Processing /home/airflow/.local/lib/python3.12/site-packages/airflow/example_dags/example_dataset_alias.py took 0.321 seconds
[2025-03-15T07:12:31.594+0000] {processor.py:186} INFO - Started process (PID=170) to work on /home/airflow/.local/lib/python3.12/site-packages/airflow/example_dags/example_dataset_alias.py
[2025-03-15T07:12:31.596+0000] {processor.py:914} INFO - Processing file /home/airflow/.local/lib/python3.12/site-packages/airflow/example_dags/example_dataset_alias.py for tasks to queue
[2025-03-15T07:12:31.599+0000] {logging_mixin.py:190} INFO - [2025-03-15T07:12:31.599+0000] {dagbag.py:588} INFO - Filling up the DagBag from /home/airflow/.local/lib/python3.12/site-packages/airflow/example_dags/example_dataset_alias.py
[2025-03-15T07:12:31.891+0000] {processor.py:925} INFO - DAG(s) 'dataset_alias_example_alias_producer', 'dataset_alias_example_alias_consumer', 'dataset_s3_bucket_consumer', 'dataset_s3_bucket_producer' retrieved from /home/airflow/.local/lib/python3.12/site-packages/airflow/example_dags/example_dataset_alias.py
[2025-03-15T07:12:31.903+0000] {logging_mixin.py:190} INFO - [2025-03-15T07:12:31.903+0000] {dag.py:3239} INFO - Sync 4 DAGs
[2025-03-15T07:12:31.913+0000] {logging_mixin.py:190} INFO - [2025-03-15T07:12:31.913+0000] {dag.py:4180} INFO - Setting next_dagrun for dataset_alias_example_alias_consumer to None, run_after=None
[2025-03-15T07:12:31.915+0000] {logging_mixin.py:190} INFO - [2025-03-15T07:12:31.915+0000] {dag.py:4180} INFO - Setting next_dagrun for dataset_alias_example_alias_producer to None, run_after=None
[2025-03-15T07:12:31.916+0000] {logging_mixin.py:190} INFO - [2025-03-15T07:12:31.916+0000] {dag.py:4180} INFO - Setting next_dagrun for dataset_s3_bucket_consumer to None, run_after=None
[2025-03-15T07:12:31.916+0000] {logging_mixin.py:190} INFO - [2025-03-15T07:12:31.916+0000] {dag.py:4180} INFO - Setting next_dagrun for dataset_s3_bucket_producer to None, run_after=None
[2025-03-15T07:12:31.928+0000] {processor.py:208} INFO - Processing /home/airflow/.local/lib/python3.12/site-packages/airflow/example_dags/example_dataset_alias.py took 0.337 seconds
[2025-03-15T07:13:02.469+0000] {processor.py:186} INFO - Started process (PID=229) to work on /home/airflow/.local/lib/python3.12/site-packages/airflow/example_dags/example_dataset_alias.py
[2025-03-15T07:13:02.470+0000] {processor.py:914} INFO - Processing file /home/airflow/.local/lib/python3.12/site-packages/airflow/example_dags/example_dataset_alias.py for tasks to queue
[2025-03-15T07:13:02.471+0000] {logging_mixin.py:190} INFO - [2025-03-15T07:13:02.471+0000] {dagbag.py:588} INFO - Filling up the DagBag from /home/airflow/.local/lib/python3.12/site-packages/airflow/example_dags/example_dataset_alias.py
[2025-03-15T07:13:02.859+0000] {processor.py:925} INFO - DAG(s) 'dataset_alias_example_alias_consumer', 'dataset_s3_bucket_producer', 'dataset_s3_bucket_consumer', 'dataset_alias_example_alias_producer' retrieved from /home/airflow/.local/lib/python3.12/site-packages/airflow/example_dags/example_dataset_alias.py
[2025-03-15T07:13:02.869+0000] {logging_mixin.py:190} INFO - [2025-03-15T07:13:02.869+0000] {dag.py:3239} INFO - Sync 4 DAGs
[2025-03-15T07:13:02.881+0000] {logging_mixin.py:190} INFO - [2025-03-15T07:13:02.881+0000] {dag.py:4180} INFO - Setting next_dagrun for dataset_alias_example_alias_consumer to None, run_after=None
[2025-03-15T07:13:02.882+0000] {logging_mixin.py:190} INFO - [2025-03-15T07:13:02.882+0000] {dag.py:4180} INFO - Setting next_dagrun for dataset_alias_example_alias_producer to None, run_after=None
[2025-03-15T07:13:02.883+0000] {logging_mixin.py:190} INFO - [2025-03-15T07:13:02.883+0000] {dag.py:4180} INFO - Setting next_dagrun for dataset_s3_bucket_consumer to None, run_after=None
[2025-03-15T07:13:02.884+0000] {logging_mixin.py:190} INFO - [2025-03-15T07:13:02.884+0000] {dag.py:4180} INFO - Setting next_dagrun for dataset_s3_bucket_producer to None, run_after=None
[2025-03-15T07:13:02.894+0000] {processor.py:208} INFO - Processing /home/airflow/.local/lib/python3.12/site-packages/airflow/example_dags/example_dataset_alias.py took 0.428 seconds
[2025-03-15T07:13:33.715+0000] {processor.py:186} INFO - Started process (PID=292) to work on /home/airflow/.local/lib/python3.12/site-packages/airflow/example_dags/example_dataset_alias.py
[2025-03-15T07:13:33.717+0000] {processor.py:914} INFO - Processing file /home/airflow/.local/lib/python3.12/site-packages/airflow/example_dags/example_dataset_alias.py for tasks to queue
[2025-03-15T07:13:33.719+0000] {logging_mixin.py:190} INFO - [2025-03-15T07:13:33.719+0000] {dagbag.py:588} INFO - Filling up the DagBag from /home/airflow/.local/lib/python3.12/site-packages/airflow/example_dags/example_dataset_alias.py
[2025-03-15T07:13:34.025+0000] {processor.py:925} INFO - DAG(s) 'dataset_alias_example_alias_producer', 'dataset_alias_example_alias_consumer', 'dataset_s3_bucket_producer', 'dataset_s3_bucket_consumer' retrieved from /home/airflow/.local/lib/python3.12/site-packages/airflow/example_dags/example_dataset_alias.py
[2025-03-15T07:13:34.042+0000] {logging_mixin.py:190} INFO - [2025-03-15T07:13:34.042+0000] {dag.py:3239} INFO - Sync 4 DAGs
[2025-03-15T07:13:34.054+0000] {logging_mixin.py:190} INFO - [2025-03-15T07:13:34.054+0000] {dag.py:4180} INFO - Setting next_dagrun for dataset_alias_example_alias_consumer to None, run_after=None
[2025-03-15T07:13:34.056+0000] {logging_mixin.py:190} INFO - [2025-03-15T07:13:34.056+0000] {dag.py:4180} INFO - Setting next_dagrun for dataset_alias_example_alias_producer to None, run_after=None
[2025-03-15T07:13:34.057+0000] {logging_mixin.py:190} INFO - [2025-03-15T07:13:34.057+0000] {dag.py:4180} INFO - Setting next_dagrun for dataset_s3_bucket_consumer to None, run_after=None
[2025-03-15T07:13:34.058+0000] {logging_mixin.py:190} INFO - [2025-03-15T07:13:34.058+0000] {dag.py:4180} INFO - Setting next_dagrun for dataset_s3_bucket_producer to None, run_after=None
[2025-03-15T07:13:34.068+0000] {processor.py:208} INFO - Processing /home/airflow/.local/lib/python3.12/site-packages/airflow/example_dags/example_dataset_alias.py took 0.358 seconds
[2025-03-15T07:14:04.171+0000] {processor.py:186} INFO - Started process (PID=355) to work on /home/airflow/.local/lib/python3.12/site-packages/airflow/example_dags/example_dataset_alias.py
[2025-03-15T07:14:04.172+0000] {processor.py:914} INFO - Processing file /home/airflow/.local/lib/python3.12/site-packages/airflow/example_dags/example_dataset_alias.py for tasks to queue
[2025-03-15T07:14:04.177+0000] {logging_mixin.py:190} INFO - [2025-03-15T07:14:04.176+0000] {dagbag.py:588} INFO - Filling up the DagBag from /home/airflow/.local/lib/python3.12/site-packages/airflow/example_dags/example_dataset_alias.py
[2025-03-15T07:14:04.550+0000] {processor.py:925} INFO - DAG(s) 'dataset_alias_example_alias_producer', 'dataset_alias_example_alias_consumer', 'dataset_s3_bucket_consumer', 'dataset_s3_bucket_producer' retrieved from /home/airflow/.local/lib/python3.12/site-packages/airflow/example_dags/example_dataset_alias.py
[2025-03-15T07:14:04.563+0000] {logging_mixin.py:190} INFO - [2025-03-15T07:14:04.563+0000] {dag.py:3239} INFO - Sync 4 DAGs
[2025-03-15T07:14:04.578+0000] {logging_mixin.py:190} INFO - [2025-03-15T07:14:04.577+0000] {dag.py:4180} INFO - Setting next_dagrun for dataset_alias_example_alias_consumer to None, run_after=None
[2025-03-15T07:14:04.579+0000] {logging_mixin.py:190} INFO - [2025-03-15T07:14:04.579+0000] {dag.py:4180} INFO - Setting next_dagrun for dataset_alias_example_alias_producer to None, run_after=None
[2025-03-15T07:14:04.582+0000] {logging_mixin.py:190} INFO - [2025-03-15T07:14:04.582+0000] {dag.py:4180} INFO - Setting next_dagrun for dataset_s3_bucket_consumer to None, run_after=None
[2025-03-15T07:14:04.584+0000] {logging_mixin.py:190} INFO - [2025-03-15T07:14:04.584+0000] {dag.py:4180} INFO - Setting next_dagrun for dataset_s3_bucket_producer to None, run_after=None
[2025-03-15T07:14:04.599+0000] {processor.py:208} INFO - Processing /home/airflow/.local/lib/python3.12/site-packages/airflow/example_dags/example_dataset_alias.py took 0.432 seconds
[2025-03-15T07:14:34.716+0000] {processor.py:186} INFO - Started process (PID=418) to work on /home/airflow/.local/lib/python3.12/site-packages/airflow/example_dags/example_dataset_alias.py
[2025-03-15T07:14:34.716+0000] {processor.py:914} INFO - Processing file /home/airflow/.local/lib/python3.12/site-packages/airflow/example_dags/example_dataset_alias.py for tasks to queue
[2025-03-15T07:14:34.717+0000] {logging_mixin.py:190} INFO - [2025-03-15T07:14:34.717+0000] {dagbag.py:588} INFO - Filling up the DagBag from /home/airflow/.local/lib/python3.12/site-packages/airflow/example_dags/example_dataset_alias.py
[2025-03-15T07:14:35.086+0000] {processor.py:925} INFO - DAG(s) 'dataset_alias_example_alias_consumer', 'dataset_alias_example_alias_producer', 'dataset_s3_bucket_producer', 'dataset_s3_bucket_consumer' retrieved from /home/airflow/.local/lib/python3.12/site-packages/airflow/example_dags/example_dataset_alias.py
[2025-03-15T07:14:35.098+0000] {logging_mixin.py:190} INFO - [2025-03-15T07:14:35.098+0000] {dag.py:3239} INFO - Sync 4 DAGs
[2025-03-15T07:14:35.109+0000] {logging_mixin.py:190} INFO - [2025-03-15T07:14:35.109+0000] {dag.py:4180} INFO - Setting next_dagrun for dataset_alias_example_alias_consumer to None, run_after=None
[2025-03-15T07:14:35.110+0000] {logging_mixin.py:190} INFO - [2025-03-15T07:14:35.110+0000] {dag.py:4180} INFO - Setting next_dagrun for dataset_alias_example_alias_producer to None, run_after=None
[2025-03-15T07:14:35.111+0000] {logging_mixin.py:190} INFO - [2025-03-15T07:14:35.111+0000] {dag.py:4180} INFO - Setting next_dagrun for dataset_s3_bucket_consumer to None, run_after=None
[2025-03-15T07:14:35.112+0000] {logging_mixin.py:190} INFO - [2025-03-15T07:14:35.112+0000] {dag.py:4180} INFO - Setting next_dagrun for dataset_s3_bucket_producer to None, run_after=None
[2025-03-15T07:14:35.122+0000] {processor.py:208} INFO - Processing /home/airflow/.local/lib/python3.12/site-packages/airflow/example_dags/example_dataset_alias.py took 0.410 seconds
[2025-03-15T07:15:05.971+0000] {processor.py:186} INFO - Started process (PID=481) to work on /home/airflow/.local/lib/python3.12/site-packages/airflow/example_dags/example_dataset_alias.py
[2025-03-15T07:15:05.971+0000] {processor.py:914} INFO - Processing file /home/airflow/.local/lib/python3.12/site-packages/airflow/example_dags/example_dataset_alias.py for tasks to queue
[2025-03-15T07:15:05.972+0000] {logging_mixin.py:190} INFO - [2025-03-15T07:15:05.972+0000] {dagbag.py:588} INFO - Filling up the DagBag from /home/airflow/.local/lib/python3.12/site-packages/airflow/example_dags/example_dataset_alias.py
[2025-03-15T07:15:06.256+0000] {processor.py:925} INFO - DAG(s) 'dataset_alias_example_alias_producer', 'dataset_alias_example_alias_consumer', 'dataset_s3_bucket_producer', 'dataset_s3_bucket_consumer' retrieved from /home/airflow/.local/lib/python3.12/site-packages/airflow/example_dags/example_dataset_alias.py
[2025-03-15T07:15:06.264+0000] {logging_mixin.py:190} INFO - [2025-03-15T07:15:06.263+0000] {dag.py:3239} INFO - Sync 4 DAGs
[2025-03-15T07:15:06.272+0000] {logging_mixin.py:190} INFO - [2025-03-15T07:15:06.272+0000] {dag.py:4180} INFO - Setting next_dagrun for dataset_alias_example_alias_consumer to None, run_after=None
[2025-03-15T07:15:06.273+0000] {logging_mixin.py:190} INFO - [2025-03-15T07:15:06.273+0000] {dag.py:4180} INFO - Setting next_dagrun for dataset_alias_example_alias_producer to None, run_after=None
[2025-03-15T07:15:06.273+0000] {logging_mixin.py:190} INFO - [2025-03-15T07:15:06.273+0000] {dag.py:4180} INFO - Setting next_dagrun for dataset_s3_bucket_consumer to None, run_after=None
[2025-03-15T07:15:06.274+0000] {logging_mixin.py:190} INFO - [2025-03-15T07:15:06.274+0000] {dag.py:4180} INFO - Setting next_dagrun for dataset_s3_bucket_producer to None, run_after=None
[2025-03-15T07:15:06.282+0000] {processor.py:208} INFO - Processing /home/airflow/.local/lib/python3.12/site-packages/airflow/example_dags/example_dataset_alias.py took 0.314 seconds
[2025-03-15T07:15:36.911+0000] {processor.py:186} INFO - Started process (PID=545) to work on /home/airflow/.local/lib/python3.12/site-packages/airflow/example_dags/example_dataset_alias.py
[2025-03-15T07:15:36.912+0000] {processor.py:914} INFO - Processing file /home/airflow/.local/lib/python3.12/site-packages/airflow/example_dags/example_dataset_alias.py for tasks to queue
[2025-03-15T07:15:36.914+0000] {logging_mixin.py:190} INFO - [2025-03-15T07:15:36.914+0000] {dagbag.py:588} INFO - Filling up the DagBag from /home/airflow/.local/lib/python3.12/site-packages/airflow/example_dags/example_dataset_alias.py
[2025-03-15T07:15:37.218+0000] {processor.py:925} INFO - DAG(s) 'dataset_s3_bucket_consumer', 'dataset_alias_example_alias_producer', 'dataset_s3_bucket_producer', 'dataset_alias_example_alias_consumer' retrieved from /home/airflow/.local/lib/python3.12/site-packages/airflow/example_dags/example_dataset_alias.py
[2025-03-15T07:15:37.229+0000] {logging_mixin.py:190} INFO - [2025-03-15T07:15:37.228+0000] {dag.py:3239} INFO - Sync 4 DAGs
[2025-03-15T07:15:37.239+0000] {logging_mixin.py:190} INFO - [2025-03-15T07:15:37.239+0000] {dag.py:4180} INFO - Setting next_dagrun for dataset_alias_example_alias_consumer to None, run_after=None
[2025-03-15T07:15:37.240+0000] {logging_mixin.py:190} INFO - [2025-03-15T07:15:37.240+0000] {dag.py:4180} INFO - Setting next_dagrun for dataset_alias_example_alias_producer to None, run_after=None
[2025-03-15T07:15:37.240+0000] {logging_mixin.py:190} INFO - [2025-03-15T07:15:37.240+0000] {dag.py:4180} INFO - Setting next_dagrun for dataset_s3_bucket_consumer to None, run_after=None
[2025-03-15T07:15:37.241+0000] {logging_mixin.py:190} INFO - [2025-03-15T07:15:37.241+0000] {dag.py:4180} INFO - Setting next_dagrun for dataset_s3_bucket_producer to None, run_after=None
[2025-03-15T07:15:37.250+0000] {processor.py:208} INFO - Processing /home/airflow/.local/lib/python3.12/site-packages/airflow/example_dags/example_dataset_alias.py took 0.346 seconds
[2025-03-15T07:16:07.868+0000] {processor.py:186} INFO - Started process (PID=607) to work on /home/airflow/.local/lib/python3.12/site-packages/airflow/example_dags/example_dataset_alias.py
[2025-03-15T07:16:07.868+0000] {processor.py:914} INFO - Processing file /home/airflow/.local/lib/python3.12/site-packages/airflow/example_dags/example_dataset_alias.py for tasks to queue
[2025-03-15T07:16:07.870+0000] {logging_mixin.py:190} INFO - [2025-03-15T07:16:07.869+0000] {dagbag.py:588} INFO - Filling up the DagBag from /home/airflow/.local/lib/python3.12/site-packages/airflow/example_dags/example_dataset_alias.py
[2025-03-15T07:16:08.149+0000] {processor.py:925} INFO - DAG(s) 'dataset_s3_bucket_consumer', 'dataset_alias_example_alias_consumer', 'dataset_alias_example_alias_producer', 'dataset_s3_bucket_producer' retrieved from /home/airflow/.local/lib/python3.12/site-packages/airflow/example_dags/example_dataset_alias.py
[2025-03-15T07:16:08.158+0000] {logging_mixin.py:190} INFO - [2025-03-15T07:16:08.157+0000] {dag.py:3239} INFO - Sync 4 DAGs
[2025-03-15T07:16:08.166+0000] {logging_mixin.py:190} INFO - [2025-03-15T07:16:08.166+0000] {dag.py:4180} INFO - Setting next_dagrun for dataset_alias_example_alias_consumer to None, run_after=None
[2025-03-15T07:16:08.167+0000] {logging_mixin.py:190} INFO - [2025-03-15T07:16:08.167+0000] {dag.py:4180} INFO - Setting next_dagrun for dataset_alias_example_alias_producer to None, run_after=None
[2025-03-15T07:16:08.168+0000] {logging_mixin.py:190} INFO - [2025-03-15T07:16:08.168+0000] {dag.py:4180} INFO - Setting next_dagrun for dataset_s3_bucket_consumer to None, run_after=None
[2025-03-15T07:16:08.168+0000] {logging_mixin.py:190} INFO - [2025-03-15T07:16:08.168+0000] {dag.py:4180} INFO - Setting next_dagrun for dataset_s3_bucket_producer to None, run_after=None
[2025-03-15T07:16:08.176+0000] {processor.py:208} INFO - Processing /home/airflow/.local/lib/python3.12/site-packages/airflow/example_dags/example_dataset_alias.py took 0.311 seconds
[2025-03-15T07:16:38.553+0000] {processor.py:186} INFO - Started process (PID=669) to work on /home/airflow/.local/lib/python3.12/site-packages/airflow/example_dags/example_dataset_alias.py
[2025-03-15T07:16:38.553+0000] {processor.py:914} INFO - Processing file /home/airflow/.local/lib/python3.12/site-packages/airflow/example_dags/example_dataset_alias.py for tasks to queue
[2025-03-15T07:16:38.554+0000] {logging_mixin.py:190} INFO - [2025-03-15T07:16:38.554+0000] {dagbag.py:588} INFO - Filling up the DagBag from /home/airflow/.local/lib/python3.12/site-packages/airflow/example_dags/example_dataset_alias.py
[2025-03-15T07:16:38.855+0000] {processor.py:925} INFO - DAG(s) 'dataset_alias_example_alias_producer', 'dataset_s3_bucket_producer', 'dataset_alias_example_alias_consumer', 'dataset_s3_bucket_consumer' retrieved from /home/airflow/.local/lib/python3.12/site-packages/airflow/example_dags/example_dataset_alias.py
[2025-03-15T07:16:38.871+0000] {logging_mixin.py:190} INFO - [2025-03-15T07:16:38.870+0000] {dag.py:3239} INFO - Sync 4 DAGs
[2025-03-15T07:16:38.882+0000] {logging_mixin.py:190} INFO - [2025-03-15T07:16:38.882+0000] {dag.py:4180} INFO - Setting next_dagrun for dataset_alias_example_alias_consumer to None, run_after=None
[2025-03-15T07:16:38.885+0000] {logging_mixin.py:190} INFO - [2025-03-15T07:16:38.885+0000] {dag.py:4180} INFO - Setting next_dagrun for dataset_alias_example_alias_producer to None, run_after=None
[2025-03-15T07:16:38.886+0000] {logging_mixin.py:190} INFO - [2025-03-15T07:16:38.886+0000] {dag.py:4180} INFO - Setting next_dagrun for dataset_s3_bucket_consumer to None, run_after=None
[2025-03-15T07:16:38.887+0000] {logging_mixin.py:190} INFO - [2025-03-15T07:16:38.886+0000] {dag.py:4180} INFO - Setting next_dagrun for dataset_s3_bucket_producer to None, run_after=None
[2025-03-15T07:16:38.902+0000] {processor.py:208} INFO - Processing /home/airflow/.local/lib/python3.12/site-packages/airflow/example_dags/example_dataset_alias.py took 0.353 seconds
[2025-03-15T07:17:09.817+0000] {processor.py:186} INFO - Started process (PID=732) to work on /home/airflow/.local/lib/python3.12/site-packages/airflow/example_dags/example_dataset_alias.py
[2025-03-15T07:17:09.819+0000] {processor.py:914} INFO - Processing file /home/airflow/.local/lib/python3.12/site-packages/airflow/example_dags/example_dataset_alias.py for tasks to queue
[2025-03-15T07:17:09.821+0000] {logging_mixin.py:190} INFO - [2025-03-15T07:17:09.821+0000] {dagbag.py:588} INFO - Filling up the DagBag from /home/airflow/.local/lib/python3.12/site-packages/airflow/example_dags/example_dataset_alias.py
[2025-03-15T07:17:10.139+0000] {processor.py:925} INFO - DAG(s) 'dataset_alias_example_alias_producer', 'dataset_s3_bucket_consumer', 'dataset_s3_bucket_producer', 'dataset_alias_example_alias_consumer' retrieved from /home/airflow/.local/lib/python3.12/site-packages/airflow/example_dags/example_dataset_alias.py
[2025-03-15T07:17:10.150+0000] {logging_mixin.py:190} INFO - [2025-03-15T07:17:10.149+0000] {dag.py:3239} INFO - Sync 4 DAGs
[2025-03-15T07:17:10.161+0000] {logging_mixin.py:190} INFO - [2025-03-15T07:17:10.161+0000] {dag.py:4180} INFO - Setting next_dagrun for dataset_alias_example_alias_consumer to None, run_after=None
[2025-03-15T07:17:10.162+0000] {logging_mixin.py:190} INFO - [2025-03-15T07:17:10.162+0000] {dag.py:4180} INFO - Setting next_dagrun for dataset_alias_example_alias_producer to None, run_after=None
[2025-03-15T07:17:10.163+0000] {logging_mixin.py:190} INFO - [2025-03-15T07:17:10.163+0000] {dag.py:4180} INFO - Setting next_dagrun for dataset_s3_bucket_consumer to None, run_after=None
[2025-03-15T07:17:10.163+0000] {logging_mixin.py:190} INFO - [2025-03-15T07:17:10.163+0000] {dag.py:4180} INFO - Setting next_dagrun for dataset_s3_bucket_producer to None, run_after=None
[2025-03-15T07:17:10.172+0000] {processor.py:208} INFO - Processing /home/airflow/.local/lib/python3.12/site-packages/airflow/example_dags/example_dataset_alias.py took 0.359 seconds
[2025-03-15T07:17:41.199+0000] {processor.py:186} INFO - Started process (PID=795) to work on /home/airflow/.local/lib/python3.12/site-packages/airflow/example_dags/example_dataset_alias.py
[2025-03-15T07:17:41.200+0000] {processor.py:914} INFO - Processing file /home/airflow/.local/lib/python3.12/site-packages/airflow/example_dags/example_dataset_alias.py for tasks to queue
[2025-03-15T07:17:41.201+0000] {logging_mixin.py:190} INFO - [2025-03-15T07:17:41.201+0000] {dagbag.py:588} INFO - Filling up the DagBag from /home/airflow/.local/lib/python3.12/site-packages/airflow/example_dags/example_dataset_alias.py
[2025-03-15T07:17:41.516+0000] {processor.py:925} INFO - DAG(s) 'dataset_s3_bucket_consumer', 'dataset_alias_example_alias_producer', 'dataset_s3_bucket_producer', 'dataset_alias_example_alias_consumer' retrieved from /home/airflow/.local/lib/python3.12/site-packages/airflow/example_dags/example_dataset_alias.py
[2025-03-15T07:17:41.526+0000] {logging_mixin.py:190} INFO - [2025-03-15T07:17:41.525+0000] {dag.py:3239} INFO - Sync 4 DAGs
[2025-03-15T07:17:41.536+0000] {logging_mixin.py:190} INFO - [2025-03-15T07:17:41.536+0000] {dag.py:4180} INFO - Setting next_dagrun for dataset_alias_example_alias_consumer to None, run_after=None
[2025-03-15T07:17:41.537+0000] {logging_mixin.py:190} INFO - [2025-03-15T07:17:41.537+0000] {dag.py:4180} INFO - Setting next_dagrun for dataset_alias_example_alias_producer to None, run_after=None
[2025-03-15T07:17:41.538+0000] {logging_mixin.py:190} INFO - [2025-03-15T07:17:41.538+0000] {dag.py:4180} INFO - Setting next_dagrun for dataset_s3_bucket_consumer to None, run_after=None
[2025-03-15T07:17:41.539+0000] {logging_mixin.py:190} INFO - [2025-03-15T07:17:41.539+0000] {dag.py:4180} INFO - Setting next_dagrun for dataset_s3_bucket_producer to None, run_after=None
[2025-03-15T07:17:41.551+0000] {processor.py:208} INFO - Processing /home/airflow/.local/lib/python3.12/site-packages/airflow/example_dags/example_dataset_alias.py took 0.355 seconds
[2025-03-15T07:18:12.550+0000] {processor.py:186} INFO - Started process (PID=858) to work on /home/airflow/.local/lib/python3.12/site-packages/airflow/example_dags/example_dataset_alias.py
[2025-03-15T07:18:12.551+0000] {processor.py:914} INFO - Processing file /home/airflow/.local/lib/python3.12/site-packages/airflow/example_dags/example_dataset_alias.py for tasks to queue
[2025-03-15T07:18:12.552+0000] {logging_mixin.py:190} INFO - [2025-03-15T07:18:12.552+0000] {dagbag.py:588} INFO - Filling up the DagBag from /home/airflow/.local/lib/python3.12/site-packages/airflow/example_dags/example_dataset_alias.py
[2025-03-15T07:18:12.854+0000] {processor.py:925} INFO - DAG(s) 'dataset_alias_example_alias_consumer', 'dataset_s3_bucket_producer', 'dataset_s3_bucket_consumer', 'dataset_alias_example_alias_producer' retrieved from /home/airflow/.local/lib/python3.12/site-packages/airflow/example_dags/example_dataset_alias.py
[2025-03-15T07:18:12.864+0000] {logging_mixin.py:190} INFO - [2025-03-15T07:18:12.863+0000] {dag.py:3239} INFO - Sync 4 DAGs
[2025-03-15T07:18:12.873+0000] {logging_mixin.py:190} INFO - [2025-03-15T07:18:12.873+0000] {dag.py:4180} INFO - Setting next_dagrun for dataset_alias_example_alias_consumer to None, run_after=None
[2025-03-15T07:18:12.874+0000] {logging_mixin.py:190} INFO - [2025-03-15T07:18:12.874+0000] {dag.py:4180} INFO - Setting next_dagrun for dataset_alias_example_alias_producer to None, run_after=None
[2025-03-15T07:18:12.875+0000] {logging_mixin.py:190} INFO - [2025-03-15T07:18:12.875+0000] {dag.py:4180} INFO - Setting next_dagrun for dataset_s3_bucket_consumer to None, run_after=None
[2025-03-15T07:18:12.875+0000] {logging_mixin.py:190} INFO - [2025-03-15T07:18:12.875+0000] {dag.py:4180} INFO - Setting next_dagrun for dataset_s3_bucket_producer to None, run_after=None
[2025-03-15T07:18:12.885+0000] {processor.py:208} INFO - Processing /home/airflow/.local/lib/python3.12/site-packages/airflow/example_dags/example_dataset_alias.py took 0.338 seconds
[2025-03-15T07:18:43.859+0000] {processor.py:186} INFO - Started process (PID=929) to work on /home/airflow/.local/lib/python3.12/site-packages/airflow/example_dags/example_dataset_alias.py
[2025-03-15T07:18:43.860+0000] {processor.py:914} INFO - Processing file /home/airflow/.local/lib/python3.12/site-packages/airflow/example_dags/example_dataset_alias.py for tasks to queue
[2025-03-15T07:18:43.861+0000] {logging_mixin.py:190} INFO - [2025-03-15T07:18:43.861+0000] {dagbag.py:588} INFO - Filling up the DagBag from /home/airflow/.local/lib/python3.12/site-packages/airflow/example_dags/example_dataset_alias.py
[2025-03-15T07:18:44.144+0000] {processor.py:925} INFO - DAG(s) 'dataset_alias_example_alias_consumer', 'dataset_alias_example_alias_producer', 'dataset_s3_bucket_producer', 'dataset_s3_bucket_consumer' retrieved from /home/airflow/.local/lib/python3.12/site-packages/airflow/example_dags/example_dataset_alias.py
[2025-03-15T07:18:44.153+0000] {logging_mixin.py:190} INFO - [2025-03-15T07:18:44.153+0000] {dag.py:3239} INFO - Sync 4 DAGs
[2025-03-15T07:18:44.163+0000] {logging_mixin.py:190} INFO - [2025-03-15T07:18:44.163+0000] {dag.py:4180} INFO - Setting next_dagrun for dataset_alias_example_alias_consumer to None, run_after=None
[2025-03-15T07:18:44.164+0000] {logging_mixin.py:190} INFO - [2025-03-15T07:18:44.164+0000] {dag.py:4180} INFO - Setting next_dagrun for dataset_alias_example_alias_producer to None, run_after=None
[2025-03-15T07:18:44.164+0000] {logging_mixin.py:190} INFO - [2025-03-15T07:18:44.164+0000] {dag.py:4180} INFO - Setting next_dagrun for dataset_s3_bucket_consumer to None, run_after=None
[2025-03-15T07:18:44.165+0000] {logging_mixin.py:190} INFO - [2025-03-15T07:18:44.165+0000] {dag.py:4180} INFO - Setting next_dagrun for dataset_s3_bucket_producer to None, run_after=None
[2025-03-15T07:18:44.174+0000] {processor.py:208} INFO - Processing /home/airflow/.local/lib/python3.12/site-packages/airflow/example_dags/example_dataset_alias.py took 0.318 seconds
[2025-03-15T07:19:14.611+0000] {processor.py:186} INFO - Started process (PID=992) to work on /home/airflow/.local/lib/python3.12/site-packages/airflow/example_dags/example_dataset_alias.py
[2025-03-15T07:19:14.612+0000] {processor.py:914} INFO - Processing file /home/airflow/.local/lib/python3.12/site-packages/airflow/example_dags/example_dataset_alias.py for tasks to queue
[2025-03-15T07:19:14.613+0000] {logging_mixin.py:190} INFO - [2025-03-15T07:19:14.612+0000] {dagbag.py:588} INFO - Filling up the DagBag from /home/airflow/.local/lib/python3.12/site-packages/airflow/example_dags/example_dataset_alias.py
[2025-03-15T07:19:14.911+0000] {processor.py:925} INFO - DAG(s) 'dataset_alias_example_alias_producer', 'dataset_alias_example_alias_consumer', 'dataset_s3_bucket_producer', 'dataset_s3_bucket_consumer' retrieved from /home/airflow/.local/lib/python3.12/site-packages/airflow/example_dags/example_dataset_alias.py
[2025-03-15T07:19:14.923+0000] {logging_mixin.py:190} INFO - [2025-03-15T07:19:14.923+0000] {dag.py:3239} INFO - Sync 4 DAGs
[2025-03-15T07:19:14.933+0000] {logging_mixin.py:190} INFO - [2025-03-15T07:19:14.932+0000] {dag.py:4180} INFO - Setting next_dagrun for dataset_alias_example_alias_consumer to None, run_after=None
[2025-03-15T07:19:14.934+0000] {logging_mixin.py:190} INFO - [2025-03-15T07:19:14.934+0000] {dag.py:4180} INFO - Setting next_dagrun for dataset_alias_example_alias_producer to None, run_after=None
[2025-03-15T07:19:14.935+0000] {logging_mixin.py:190} INFO - [2025-03-15T07:19:14.935+0000] {dag.py:4180} INFO - Setting next_dagrun for dataset_s3_bucket_consumer to None, run_after=None
[2025-03-15T07:19:14.935+0000] {logging_mixin.py:190} INFO - [2025-03-15T07:19:14.935+0000] {dag.py:4180} INFO - Setting next_dagrun for dataset_s3_bucket_producer to None, run_after=None
[2025-03-15T07:19:14.949+0000] {processor.py:208} INFO - Processing /home/airflow/.local/lib/python3.12/site-packages/airflow/example_dags/example_dataset_alias.py took 0.340 seconds
[2025-03-15T07:19:45.973+0000] {processor.py:186} INFO - Started process (PID=1055) to work on /home/airflow/.local/lib/python3.12/site-packages/airflow/example_dags/example_dataset_alias.py
[2025-03-15T07:19:45.976+0000] {processor.py:914} INFO - Processing file /home/airflow/.local/lib/python3.12/site-packages/airflow/example_dags/example_dataset_alias.py for tasks to queue
[2025-03-15T07:19:45.979+0000] {logging_mixin.py:190} INFO - [2025-03-15T07:19:45.979+0000] {dagbag.py:588} INFO - Filling up the DagBag from /home/airflow/.local/lib/python3.12/site-packages/airflow/example_dags/example_dataset_alias.py
[2025-03-15T07:19:46.267+0000] {processor.py:925} INFO - DAG(s) 'dataset_alias_example_alias_consumer', 'dataset_s3_bucket_consumer', 'dataset_s3_bucket_producer', 'dataset_alias_example_alias_producer' retrieved from /home/airflow/.local/lib/python3.12/site-packages/airflow/example_dags/example_dataset_alias.py
[2025-03-15T07:19:46.277+0000] {logging_mixin.py:190} INFO - [2025-03-15T07:19:46.276+0000] {dag.py:3239} INFO - Sync 4 DAGs
[2025-03-15T07:19:46.288+0000] {logging_mixin.py:190} INFO - [2025-03-15T07:19:46.288+0000] {dag.py:4180} INFO - Setting next_dagrun for dataset_alias_example_alias_consumer to None, run_after=None
[2025-03-15T07:19:46.290+0000] {logging_mixin.py:190} INFO - [2025-03-15T07:19:46.290+0000] {dag.py:4180} INFO - Setting next_dagrun for dataset_alias_example_alias_producer to None, run_after=None
[2025-03-15T07:19:46.291+0000] {logging_mixin.py:190} INFO - [2025-03-15T07:19:46.291+0000] {dag.py:4180} INFO - Setting next_dagrun for dataset_s3_bucket_consumer to None, run_after=None
[2025-03-15T07:19:46.292+0000] {logging_mixin.py:190} INFO - [2025-03-15T07:19:46.291+0000] {dag.py:4180} INFO - Setting next_dagrun for dataset_s3_bucket_producer to None, run_after=None
[2025-03-15T07:19:46.301+0000] {processor.py:208} INFO - Processing /home/airflow/.local/lib/python3.12/site-packages/airflow/example_dags/example_dataset_alias.py took 0.336 seconds
[2025-03-15T07:20:17.093+0000] {processor.py:186} INFO - Started process (PID=1118) to work on /home/airflow/.local/lib/python3.12/site-packages/airflow/example_dags/example_dataset_alias.py
[2025-03-15T07:20:17.094+0000] {processor.py:914} INFO - Processing file /home/airflow/.local/lib/python3.12/site-packages/airflow/example_dags/example_dataset_alias.py for tasks to queue
[2025-03-15T07:20:17.095+0000] {logging_mixin.py:190} INFO - [2025-03-15T07:20:17.095+0000] {dagbag.py:588} INFO - Filling up the DagBag from /home/airflow/.local/lib/python3.12/site-packages/airflow/example_dags/example_dataset_alias.py
[2025-03-15T07:20:17.414+0000] {processor.py:925} INFO - DAG(s) 'dataset_s3_bucket_consumer', 'dataset_alias_example_alias_producer', 'dataset_alias_example_alias_consumer', 'dataset_s3_bucket_producer' retrieved from /home/airflow/.local/lib/python3.12/site-packages/airflow/example_dags/example_dataset_alias.py
[2025-03-15T07:20:17.423+0000] {logging_mixin.py:190} INFO - [2025-03-15T07:20:17.423+0000] {dag.py:3239} INFO - Sync 4 DAGs
[2025-03-15T07:20:17.434+0000] {logging_mixin.py:190} INFO - [2025-03-15T07:20:17.434+0000] {dag.py:4180} INFO - Setting next_dagrun for dataset_alias_example_alias_consumer to None, run_after=None
[2025-03-15T07:20:17.435+0000] {logging_mixin.py:190} INFO - [2025-03-15T07:20:17.435+0000] {dag.py:4180} INFO - Setting next_dagrun for dataset_alias_example_alias_producer to None, run_after=None
[2025-03-15T07:20:17.437+0000] {logging_mixin.py:190} INFO - [2025-03-15T07:20:17.437+0000] {dag.py:4180} INFO - Setting next_dagrun for dataset_s3_bucket_consumer to None, run_after=None
[2025-03-15T07:20:17.437+0000] {logging_mixin.py:190} INFO - [2025-03-15T07:20:17.437+0000] {dag.py:4180} INFO - Setting next_dagrun for dataset_s3_bucket_producer to None, run_after=None
[2025-03-15T07:20:17.448+0000] {processor.py:208} INFO - Processing /home/airflow/.local/lib/python3.12/site-packages/airflow/example_dags/example_dataset_alias.py took 0.359 seconds
[2025-03-15T07:20:47.932+0000] {processor.py:186} INFO - Started process (PID=1185) to work on /home/airflow/.local/lib/python3.12/site-packages/airflow/example_dags/example_dataset_alias.py
[2025-03-15T07:20:47.933+0000] {processor.py:914} INFO - Processing file /home/airflow/.local/lib/python3.12/site-packages/airflow/example_dags/example_dataset_alias.py for tasks to queue
[2025-03-15T07:20:47.934+0000] {logging_mixin.py:190} INFO - [2025-03-15T07:20:47.934+0000] {dagbag.py:588} INFO - Filling up the DagBag from /home/airflow/.local/lib/python3.12/site-packages/airflow/example_dags/example_dataset_alias.py
[2025-03-15T07:20:48.218+0000] {processor.py:925} INFO - DAG(s) 'dataset_s3_bucket_producer', 'dataset_s3_bucket_consumer', 'dataset_alias_example_alias_producer', 'dataset_alias_example_alias_consumer' retrieved from /home/airflow/.local/lib/python3.12/site-packages/airflow/example_dags/example_dataset_alias.py
[2025-03-15T07:20:48.228+0000] {logging_mixin.py:190} INFO - [2025-03-15T07:20:48.228+0000] {dag.py:3239} INFO - Sync 4 DAGs
[2025-03-15T07:20:48.237+0000] {logging_mixin.py:190} INFO - [2025-03-15T07:20:48.237+0000] {dag.py:4180} INFO - Setting next_dagrun for dataset_alias_example_alias_consumer to None, run_after=None
[2025-03-15T07:20:48.238+0000] {logging_mixin.py:190} INFO - [2025-03-15T07:20:48.238+0000] {dag.py:4180} INFO - Setting next_dagrun for dataset_alias_example_alias_producer to None, run_after=None
[2025-03-15T07:20:48.239+0000] {logging_mixin.py:190} INFO - [2025-03-15T07:20:48.239+0000] {dag.py:4180} INFO - Setting next_dagrun for dataset_s3_bucket_consumer to None, run_after=None
[2025-03-15T07:20:48.239+0000] {logging_mixin.py:190} INFO - [2025-03-15T07:20:48.239+0000] {dag.py:4180} INFO - Setting next_dagrun for dataset_s3_bucket_producer to None, run_after=None
[2025-03-15T07:20:48.250+0000] {processor.py:208} INFO - Processing /home/airflow/.local/lib/python3.12/site-packages/airflow/example_dags/example_dataset_alias.py took 0.321 seconds
[2025-03-15T07:21:18.848+0000] {processor.py:186} INFO - Started process (PID=1248) to work on /home/airflow/.local/lib/python3.12/site-packages/airflow/example_dags/example_dataset_alias.py
[2025-03-15T07:21:18.849+0000] {processor.py:914} INFO - Processing file /home/airflow/.local/lib/python3.12/site-packages/airflow/example_dags/example_dataset_alias.py for tasks to queue
[2025-03-15T07:21:18.850+0000] {logging_mixin.py:190} INFO - [2025-03-15T07:21:18.850+0000] {dagbag.py:588} INFO - Filling up the DagBag from /home/airflow/.local/lib/python3.12/site-packages/airflow/example_dags/example_dataset_alias.py
[2025-03-15T07:21:19.140+0000] {processor.py:925} INFO - DAG(s) 'dataset_s3_bucket_producer', 'dataset_alias_example_alias_producer', 'dataset_s3_bucket_consumer', 'dataset_alias_example_alias_consumer' retrieved from /home/airflow/.local/lib/python3.12/site-packages/airflow/example_dags/example_dataset_alias.py
[2025-03-15T07:21:19.149+0000] {logging_mixin.py:190} INFO - [2025-03-15T07:21:19.148+0000] {dag.py:3239} INFO - Sync 4 DAGs
[2025-03-15T07:21:19.158+0000] {logging_mixin.py:190} INFO - [2025-03-15T07:21:19.158+0000] {dag.py:4180} INFO - Setting next_dagrun for dataset_alias_example_alias_consumer to None, run_after=None
[2025-03-15T07:21:19.159+0000] {logging_mixin.py:190} INFO - [2025-03-15T07:21:19.159+0000] {dag.py:4180} INFO - Setting next_dagrun for dataset_alias_example_alias_producer to None, run_after=None
[2025-03-15T07:21:19.160+0000] {logging_mixin.py:190} INFO - [2025-03-15T07:21:19.160+0000] {dag.py:4180} INFO - Setting next_dagrun for dataset_s3_bucket_consumer to None, run_after=None
[2025-03-15T07:21:19.161+0000] {logging_mixin.py:190} INFO - [2025-03-15T07:21:19.160+0000] {dag.py:4180} INFO - Setting next_dagrun for dataset_s3_bucket_producer to None, run_after=None
[2025-03-15T07:21:19.171+0000] {processor.py:208} INFO - Processing /home/airflow/.local/lib/python3.12/site-packages/airflow/example_dags/example_dataset_alias.py took 0.326 seconds
[2025-03-15T07:21:50.165+0000] {processor.py:186} INFO - Started process (PID=1306) to work on /home/airflow/.local/lib/python3.12/site-packages/airflow/example_dags/example_dataset_alias.py
[2025-03-15T07:21:50.167+0000] {processor.py:914} INFO - Processing file /home/airflow/.local/lib/python3.12/site-packages/airflow/example_dags/example_dataset_alias.py for tasks to queue
[2025-03-15T07:21:50.168+0000] {logging_mixin.py:190} INFO - [2025-03-15T07:21:50.168+0000] {dagbag.py:588} INFO - Filling up the DagBag from /home/airflow/.local/lib/python3.12/site-packages/airflow/example_dags/example_dataset_alias.py
[2025-03-15T07:21:50.476+0000] {processor.py:925} INFO - DAG(s) 'dataset_alias_example_alias_consumer', 'dataset_s3_bucket_consumer', 'dataset_s3_bucket_producer', 'dataset_alias_example_alias_producer' retrieved from /home/airflow/.local/lib/python3.12/site-packages/airflow/example_dags/example_dataset_alias.py
[2025-03-15T07:21:50.486+0000] {logging_mixin.py:190} INFO - [2025-03-15T07:21:50.486+0000] {dag.py:3239} INFO - Sync 4 DAGs
[2025-03-15T07:21:50.494+0000] {logging_mixin.py:190} INFO - [2025-03-15T07:21:50.494+0000] {dag.py:4180} INFO - Setting next_dagrun for dataset_alias_example_alias_consumer to None, run_after=None
[2025-03-15T07:21:50.495+0000] {logging_mixin.py:190} INFO - [2025-03-15T07:21:50.495+0000] {dag.py:4180} INFO - Setting next_dagrun for dataset_alias_example_alias_producer to None, run_after=None
[2025-03-15T07:21:50.496+0000] {logging_mixin.py:190} INFO - [2025-03-15T07:21:50.496+0000] {dag.py:4180} INFO - Setting next_dagrun for dataset_s3_bucket_consumer to None, run_after=None
[2025-03-15T07:21:50.497+0000] {logging_mixin.py:190} INFO - [2025-03-15T07:21:50.497+0000] {dag.py:4180} INFO - Setting next_dagrun for dataset_s3_bucket_producer to None, run_after=None
[2025-03-15T07:21:50.506+0000] {processor.py:208} INFO - Processing /home/airflow/.local/lib/python3.12/site-packages/airflow/example_dags/example_dataset_alias.py took 0.344 seconds
[2025-03-15T07:22:22.571+0000] {processor.py:186} INFO - Started process (PID=1369) to work on /home/airflow/.local/lib/python3.12/site-packages/airflow/example_dags/example_dataset_alias.py
[2025-03-15T07:22:22.572+0000] {processor.py:914} INFO - Processing file /home/airflow/.local/lib/python3.12/site-packages/airflow/example_dags/example_dataset_alias.py for tasks to queue
[2025-03-15T07:22:22.573+0000] {logging_mixin.py:190} INFO - [2025-03-15T07:22:22.573+0000] {dagbag.py:588} INFO - Filling up the DagBag from /home/airflow/.local/lib/python3.12/site-packages/airflow/example_dags/example_dataset_alias.py
[2025-03-15T07:22:22.894+0000] {processor.py:925} INFO - DAG(s) 'dataset_alias_example_alias_producer', 'dataset_s3_bucket_producer', 'dataset_s3_bucket_consumer', 'dataset_alias_example_alias_consumer' retrieved from /home/airflow/.local/lib/python3.12/site-packages/airflow/example_dags/example_dataset_alias.py
[2025-03-15T07:22:22.906+0000] {logging_mixin.py:190} INFO - [2025-03-15T07:22:22.906+0000] {dag.py:3239} INFO - Sync 4 DAGs
[2025-03-15T07:22:22.918+0000] {logging_mixin.py:190} INFO - [2025-03-15T07:22:22.918+0000] {dag.py:4180} INFO - Setting next_dagrun for dataset_alias_example_alias_consumer to None, run_after=None
[2025-03-15T07:22:22.919+0000] {logging_mixin.py:190} INFO - [2025-03-15T07:22:22.919+0000] {dag.py:4180} INFO - Setting next_dagrun for dataset_alias_example_alias_producer to None, run_after=None
[2025-03-15T07:22:22.920+0000] {logging_mixin.py:190} INFO - [2025-03-15T07:22:22.920+0000] {dag.py:4180} INFO - Setting next_dagrun for dataset_s3_bucket_consumer to None, run_after=None
[2025-03-15T07:22:22.921+0000] {logging_mixin.py:190} INFO - [2025-03-15T07:22:22.921+0000] {dag.py:4180} INFO - Setting next_dagrun for dataset_s3_bucket_producer to None, run_after=None
[2025-03-15T07:22:22.931+0000] {processor.py:208} INFO - Processing /home/airflow/.local/lib/python3.12/site-packages/airflow/example_dags/example_dataset_alias.py took 0.364 seconds
[2025-03-15T07:22:53.475+0000] {processor.py:186} INFO - Started process (PID=1432) to work on /home/airflow/.local/lib/python3.12/site-packages/airflow/example_dags/example_dataset_alias.py
[2025-03-15T07:22:53.475+0000] {processor.py:914} INFO - Processing file /home/airflow/.local/lib/python3.12/site-packages/airflow/example_dags/example_dataset_alias.py for tasks to queue
[2025-03-15T07:22:53.479+0000] {logging_mixin.py:190} INFO - [2025-03-15T07:22:53.478+0000] {dagbag.py:588} INFO - Filling up the DagBag from /home/airflow/.local/lib/python3.12/site-packages/airflow/example_dags/example_dataset_alias.py
[2025-03-15T07:22:53.757+0000] {processor.py:925} INFO - DAG(s) 'dataset_s3_bucket_consumer', 'dataset_alias_example_alias_producer', 'dataset_alias_example_alias_consumer', 'dataset_s3_bucket_producer' retrieved from /home/airflow/.local/lib/python3.12/site-packages/airflow/example_dags/example_dataset_alias.py
[2025-03-15T07:22:53.767+0000] {logging_mixin.py:190} INFO - [2025-03-15T07:22:53.766+0000] {dag.py:3239} INFO - Sync 4 DAGs
[2025-03-15T07:22:53.776+0000] {logging_mixin.py:190} INFO - [2025-03-15T07:22:53.776+0000] {dag.py:4180} INFO - Setting next_dagrun for dataset_alias_example_alias_consumer to None, run_after=None
[2025-03-15T07:22:53.778+0000] {logging_mixin.py:190} INFO - [2025-03-15T07:22:53.778+0000] {dag.py:4180} INFO - Setting next_dagrun for dataset_alias_example_alias_producer to None, run_after=None
[2025-03-15T07:22:53.779+0000] {logging_mixin.py:190} INFO - [2025-03-15T07:22:53.779+0000] {dag.py:4180} INFO - Setting next_dagrun for dataset_s3_bucket_consumer to None, run_after=None
[2025-03-15T07:22:53.780+0000] {logging_mixin.py:190} INFO - [2025-03-15T07:22:53.780+0000] {dag.py:4180} INFO - Setting next_dagrun for dataset_s3_bucket_producer to None, run_after=None
[2025-03-15T07:22:53.788+0000] {processor.py:208} INFO - Processing /home/airflow/.local/lib/python3.12/site-packages/airflow/example_dags/example_dataset_alias.py took 0.317 seconds
[2025-03-15T07:23:24.622+0000] {processor.py:186} INFO - Started process (PID=1495) to work on /home/airflow/.local/lib/python3.12/site-packages/airflow/example_dags/example_dataset_alias.py
[2025-03-15T07:23:24.625+0000] {processor.py:914} INFO - Processing file /home/airflow/.local/lib/python3.12/site-packages/airflow/example_dags/example_dataset_alias.py for tasks to queue
[2025-03-15T07:23:24.626+0000] {logging_mixin.py:190} INFO - [2025-03-15T07:23:24.626+0000] {dagbag.py:588} INFO - Filling up the DagBag from /home/airflow/.local/lib/python3.12/site-packages/airflow/example_dags/example_dataset_alias.py
[2025-03-15T07:23:24.948+0000] {processor.py:925} INFO - DAG(s) 'dataset_alias_example_alias_consumer', 'dataset_s3_bucket_producer', 'dataset_alias_example_alias_producer', 'dataset_s3_bucket_consumer' retrieved from /home/airflow/.local/lib/python3.12/site-packages/airflow/example_dags/example_dataset_alias.py
[2025-03-15T07:23:24.959+0000] {logging_mixin.py:190} INFO - [2025-03-15T07:23:24.958+0000] {dag.py:3239} INFO - Sync 4 DAGs
[2025-03-15T07:23:24.969+0000] {logging_mixin.py:190} INFO - [2025-03-15T07:23:24.969+0000] {dag.py:4180} INFO - Setting next_dagrun for dataset_alias_example_alias_consumer to None, run_after=None
[2025-03-15T07:23:24.971+0000] {logging_mixin.py:190} INFO - [2025-03-15T07:23:24.971+0000] {dag.py:4180} INFO - Setting next_dagrun for dataset_alias_example_alias_producer to None, run_after=None
[2025-03-15T07:23:24.972+0000] {logging_mixin.py:190} INFO - [2025-03-15T07:23:24.972+0000] {dag.py:4180} INFO - Setting next_dagrun for dataset_s3_bucket_consumer to None, run_after=None
[2025-03-15T07:23:24.972+0000] {logging_mixin.py:190} INFO - [2025-03-15T07:23:24.972+0000] {dag.py:4180} INFO - Setting next_dagrun for dataset_s3_bucket_producer to None, run_after=None
[2025-03-15T07:23:24.983+0000] {processor.py:208} INFO - Processing /home/airflow/.local/lib/python3.12/site-packages/airflow/example_dags/example_dataset_alias.py took 0.364 seconds
[2025-03-15T07:23:55.169+0000] {processor.py:186} INFO - Started process (PID=1558) to work on /home/airflow/.local/lib/python3.12/site-packages/airflow/example_dags/example_dataset_alias.py
[2025-03-15T07:23:55.170+0000] {processor.py:914} INFO - Processing file /home/airflow/.local/lib/python3.12/site-packages/airflow/example_dags/example_dataset_alias.py for tasks to queue
[2025-03-15T07:23:55.172+0000] {logging_mixin.py:190} INFO - [2025-03-15T07:23:55.171+0000] {dagbag.py:588} INFO - Filling up the DagBag from /home/airflow/.local/lib/python3.12/site-packages/airflow/example_dags/example_dataset_alias.py
[2025-03-15T07:23:55.510+0000] {processor.py:925} INFO - DAG(s) 'dataset_alias_example_alias_producer', 'dataset_alias_example_alias_consumer', 'dataset_s3_bucket_consumer', 'dataset_s3_bucket_producer' retrieved from /home/airflow/.local/lib/python3.12/site-packages/airflow/example_dags/example_dataset_alias.py
[2025-03-15T07:23:55.521+0000] {logging_mixin.py:190} INFO - [2025-03-15T07:23:55.521+0000] {dag.py:3239} INFO - Sync 4 DAGs
[2025-03-15T07:23:55.532+0000] {logging_mixin.py:190} INFO - [2025-03-15T07:23:55.532+0000] {dag.py:4180} INFO - Setting next_dagrun for dataset_alias_example_alias_consumer to None, run_after=None
[2025-03-15T07:23:55.533+0000] {logging_mixin.py:190} INFO - [2025-03-15T07:23:55.533+0000] {dag.py:4180} INFO - Setting next_dagrun for dataset_alias_example_alias_producer to None, run_after=None
[2025-03-15T07:23:55.535+0000] {logging_mixin.py:190} INFO - [2025-03-15T07:23:55.534+0000] {dag.py:4180} INFO - Setting next_dagrun for dataset_s3_bucket_consumer to None, run_after=None
[2025-03-15T07:23:55.535+0000] {logging_mixin.py:190} INFO - [2025-03-15T07:23:55.535+0000] {dag.py:4180} INFO - Setting next_dagrun for dataset_s3_bucket_producer to None, run_after=None
[2025-03-15T07:23:55.547+0000] {processor.py:208} INFO - Processing /home/airflow/.local/lib/python3.12/site-packages/airflow/example_dags/example_dataset_alias.py took 0.383 seconds
[2025-03-15T07:24:26.298+0000] {processor.py:186} INFO - Started process (PID=1621) to work on /home/airflow/.local/lib/python3.12/site-packages/airflow/example_dags/example_dataset_alias.py
[2025-03-15T07:24:26.299+0000] {processor.py:914} INFO - Processing file /home/airflow/.local/lib/python3.12/site-packages/airflow/example_dags/example_dataset_alias.py for tasks to queue
[2025-03-15T07:24:26.300+0000] {logging_mixin.py:190} INFO - [2025-03-15T07:24:26.300+0000] {dagbag.py:588} INFO - Filling up the DagBag from /home/airflow/.local/lib/python3.12/site-packages/airflow/example_dags/example_dataset_alias.py
[2025-03-15T07:24:26.581+0000] {processor.py:925} INFO - DAG(s) 'dataset_s3_bucket_producer', 'dataset_alias_example_alias_producer', 'dataset_s3_bucket_consumer', 'dataset_alias_example_alias_consumer' retrieved from /home/airflow/.local/lib/python3.12/site-packages/airflow/example_dags/example_dataset_alias.py
[2025-03-15T07:24:26.590+0000] {logging_mixin.py:190} INFO - [2025-03-15T07:24:26.590+0000] {dag.py:3239} INFO - Sync 4 DAGs
[2025-03-15T07:24:26.600+0000] {logging_mixin.py:190} INFO - [2025-03-15T07:24:26.600+0000] {dag.py:4180} INFO - Setting next_dagrun for dataset_alias_example_alias_consumer to None, run_after=None
[2025-03-15T07:24:26.601+0000] {logging_mixin.py:190} INFO - [2025-03-15T07:24:26.601+0000] {dag.py:4180} INFO - Setting next_dagrun for dataset_alias_example_alias_producer to None, run_after=None
[2025-03-15T07:24:26.602+0000] {logging_mixin.py:190} INFO - [2025-03-15T07:24:26.602+0000] {dag.py:4180} INFO - Setting next_dagrun for dataset_s3_bucket_consumer to None, run_after=None
[2025-03-15T07:24:26.602+0000] {logging_mixin.py:190} INFO - [2025-03-15T07:24:26.602+0000] {dag.py:4180} INFO - Setting next_dagrun for dataset_s3_bucket_producer to None, run_after=None
[2025-03-15T07:24:26.611+0000] {processor.py:208} INFO - Processing /home/airflow/.local/lib/python3.12/site-packages/airflow/example_dags/example_dataset_alias.py took 0.317 seconds
[2025-03-15T07:24:57.680+0000] {processor.py:186} INFO - Started process (PID=1684) to work on /home/airflow/.local/lib/python3.12/site-packages/airflow/example_dags/example_dataset_alias.py
[2025-03-15T07:24:57.680+0000] {processor.py:914} INFO - Processing file /home/airflow/.local/lib/python3.12/site-packages/airflow/example_dags/example_dataset_alias.py for tasks to queue
[2025-03-15T07:24:57.681+0000] {logging_mixin.py:190} INFO - [2025-03-15T07:24:57.681+0000] {dagbag.py:588} INFO - Filling up the DagBag from /home/airflow/.local/lib/python3.12/site-packages/airflow/example_dags/example_dataset_alias.py
[2025-03-15T07:24:57.963+0000] {processor.py:925} INFO - DAG(s) 'dataset_alias_example_alias_producer', 'dataset_s3_bucket_consumer', 'dataset_alias_example_alias_consumer', 'dataset_s3_bucket_producer' retrieved from /home/airflow/.local/lib/python3.12/site-packages/airflow/example_dags/example_dataset_alias.py
[2025-03-15T07:24:57.972+0000] {logging_mixin.py:190} INFO - [2025-03-15T07:24:57.972+0000] {dag.py:3239} INFO - Sync 4 DAGs
[2025-03-15T07:24:57.981+0000] {logging_mixin.py:190} INFO - [2025-03-15T07:24:57.981+0000] {dag.py:4180} INFO - Setting next_dagrun for dataset_alias_example_alias_consumer to None, run_after=None
[2025-03-15T07:24:57.982+0000] {logging_mixin.py:190} INFO - [2025-03-15T07:24:57.982+0000] {dag.py:4180} INFO - Setting next_dagrun for dataset_alias_example_alias_producer to None, run_after=None
[2025-03-15T07:24:57.983+0000] {logging_mixin.py:190} INFO - [2025-03-15T07:24:57.983+0000] {dag.py:4180} INFO - Setting next_dagrun for dataset_s3_bucket_consumer to None, run_after=None
[2025-03-15T07:24:57.983+0000] {logging_mixin.py:190} INFO - [2025-03-15T07:24:57.983+0000] {dag.py:4180} INFO - Setting next_dagrun for dataset_s3_bucket_producer to None, run_after=None
[2025-03-15T07:24:57.992+0000] {processor.py:208} INFO - Processing /home/airflow/.local/lib/python3.12/site-packages/airflow/example_dags/example_dataset_alias.py took 0.316 seconds
[2025-03-15T07:25:28.974+0000] {processor.py:186} INFO - Started process (PID=1746) to work on /home/airflow/.local/lib/python3.12/site-packages/airflow/example_dags/example_dataset_alias.py
[2025-03-15T07:25:28.976+0000] {processor.py:914} INFO - Processing file /home/airflow/.local/lib/python3.12/site-packages/airflow/example_dags/example_dataset_alias.py for tasks to queue
[2025-03-15T07:25:28.977+0000] {logging_mixin.py:190} INFO - [2025-03-15T07:25:28.977+0000] {dagbag.py:588} INFO - Filling up the DagBag from /home/airflow/.local/lib/python3.12/site-packages/airflow/example_dags/example_dataset_alias.py
[2025-03-15T07:25:29.279+0000] {processor.py:925} INFO - DAG(s) 'dataset_alias_example_alias_consumer', 'dataset_s3_bucket_producer', 'dataset_alias_example_alias_producer', 'dataset_s3_bucket_consumer' retrieved from /home/airflow/.local/lib/python3.12/site-packages/airflow/example_dags/example_dataset_alias.py
[2025-03-15T07:25:29.290+0000] {logging_mixin.py:190} INFO - [2025-03-15T07:25:29.290+0000] {dag.py:3239} INFO - Sync 4 DAGs
[2025-03-15T07:25:29.301+0000] {logging_mixin.py:190} INFO - [2025-03-15T07:25:29.301+0000] {dag.py:4180} INFO - Setting next_dagrun for dataset_alias_example_alias_consumer to None, run_after=None
[2025-03-15T07:25:29.303+0000] {logging_mixin.py:190} INFO - [2025-03-15T07:25:29.303+0000] {dag.py:4180} INFO - Setting next_dagrun for dataset_alias_example_alias_producer to None, run_after=None
[2025-03-15T07:25:29.304+0000] {logging_mixin.py:190} INFO - [2025-03-15T07:25:29.304+0000] {dag.py:4180} INFO - Setting next_dagrun for dataset_s3_bucket_consumer to None, run_after=None
[2025-03-15T07:25:29.305+0000] {logging_mixin.py:190} INFO - [2025-03-15T07:25:29.305+0000] {dag.py:4180} INFO - Setting next_dagrun for dataset_s3_bucket_producer to None, run_after=None
[2025-03-15T07:25:29.315+0000] {processor.py:208} INFO - Processing /home/airflow/.local/lib/python3.12/site-packages/airflow/example_dags/example_dataset_alias.py took 0.344 seconds
[2025-03-15T07:26:00.356+0000] {processor.py:186} INFO - Started process (PID=1809) to work on /home/airflow/.local/lib/python3.12/site-packages/airflow/example_dags/example_dataset_alias.py
[2025-03-15T07:26:00.357+0000] {processor.py:914} INFO - Processing file /home/airflow/.local/lib/python3.12/site-packages/airflow/example_dags/example_dataset_alias.py for tasks to queue
[2025-03-15T07:26:00.358+0000] {logging_mixin.py:190} INFO - [2025-03-15T07:26:00.358+0000] {dagbag.py:588} INFO - Filling up the DagBag from /home/airflow/.local/lib/python3.12/site-packages/airflow/example_dags/example_dataset_alias.py
[2025-03-15T07:26:00.734+0000] {processor.py:925} INFO - DAG(s) 'dataset_alias_example_alias_producer', 'dataset_s3_bucket_producer', 'dataset_s3_bucket_consumer', 'dataset_alias_example_alias_consumer' retrieved from /home/airflow/.local/lib/python3.12/site-packages/airflow/example_dags/example_dataset_alias.py
[2025-03-15T07:26:00.747+0000] {logging_mixin.py:190} INFO - [2025-03-15T07:26:00.747+0000] {dag.py:3239} INFO - Sync 4 DAGs
[2025-03-15T07:26:00.761+0000] {logging_mixin.py:190} INFO - [2025-03-15T07:26:00.761+0000] {dag.py:4180} INFO - Setting next_dagrun for dataset_alias_example_alias_consumer to None, run_after=None
[2025-03-15T07:26:00.763+0000] {logging_mixin.py:190} INFO - [2025-03-15T07:26:00.763+0000] {dag.py:4180} INFO - Setting next_dagrun for dataset_alias_example_alias_producer to None, run_after=None
[2025-03-15T07:26:00.765+0000] {logging_mixin.py:190} INFO - [2025-03-15T07:26:00.765+0000] {dag.py:4180} INFO - Setting next_dagrun for dataset_s3_bucket_consumer to None, run_after=None
[2025-03-15T07:26:00.766+0000] {logging_mixin.py:190} INFO - [2025-03-15T07:26:00.766+0000] {dag.py:4180} INFO - Setting next_dagrun for dataset_s3_bucket_producer to None, run_after=None
[2025-03-15T07:26:00.777+0000] {processor.py:208} INFO - Processing /home/airflow/.local/lib/python3.12/site-packages/airflow/example_dags/example_dataset_alias.py took 0.424 seconds
[2025-03-15T07:26:31.707+0000] {processor.py:186} INFO - Started process (PID=1871) to work on /home/airflow/.local/lib/python3.12/site-packages/airflow/example_dags/example_dataset_alias.py
[2025-03-15T07:26:31.708+0000] {processor.py:914} INFO - Processing file /home/airflow/.local/lib/python3.12/site-packages/airflow/example_dags/example_dataset_alias.py for tasks to queue
[2025-03-15T07:26:31.711+0000] {logging_mixin.py:190} INFO - [2025-03-15T07:26:31.711+0000] {dagbag.py:588} INFO - Filling up the DagBag from /home/airflow/.local/lib/python3.12/site-packages/airflow/example_dags/example_dataset_alias.py
[2025-03-15T07:26:31.988+0000] {processor.py:925} INFO - DAG(s) 'dataset_s3_bucket_producer', 'dataset_s3_bucket_consumer', 'dataset_alias_example_alias_producer', 'dataset_alias_example_alias_consumer' retrieved from /home/airflow/.local/lib/python3.12/site-packages/airflow/example_dags/example_dataset_alias.py
[2025-03-15T07:26:31.996+0000] {logging_mixin.py:190} INFO - [2025-03-15T07:26:31.996+0000] {dag.py:3239} INFO - Sync 4 DAGs
[2025-03-15T07:26:32.005+0000] {logging_mixin.py:190} INFO - [2025-03-15T07:26:32.005+0000] {dag.py:4180} INFO - Setting next_dagrun for dataset_alias_example_alias_consumer to None, run_after=None
[2025-03-15T07:26:32.006+0000] {logging_mixin.py:190} INFO - [2025-03-15T07:26:32.006+0000] {dag.py:4180} INFO - Setting next_dagrun for dataset_alias_example_alias_producer to None, run_after=None
[2025-03-15T07:26:32.007+0000] {logging_mixin.py:190} INFO - [2025-03-15T07:26:32.006+0000] {dag.py:4180} INFO - Setting next_dagrun for dataset_s3_bucket_consumer to None, run_after=None
[2025-03-15T07:26:32.007+0000] {logging_mixin.py:190} INFO - [2025-03-15T07:26:32.007+0000] {dag.py:4180} INFO - Setting next_dagrun for dataset_s3_bucket_producer to None, run_after=None
[2025-03-15T07:26:32.017+0000] {processor.py:208} INFO - Processing /home/airflow/.local/lib/python3.12/site-packages/airflow/example_dags/example_dataset_alias.py took 0.313 seconds
[2025-03-15T07:27:02.405+0000] {processor.py:186} INFO - Started process (PID=1937) to work on /home/airflow/.local/lib/python3.12/site-packages/airflow/example_dags/example_dataset_alias.py
[2025-03-15T07:27:02.405+0000] {processor.py:914} INFO - Processing file /home/airflow/.local/lib/python3.12/site-packages/airflow/example_dags/example_dataset_alias.py for tasks to queue
[2025-03-15T07:27:02.406+0000] {logging_mixin.py:190} INFO - [2025-03-15T07:27:02.406+0000] {dagbag.py:588} INFO - Filling up the DagBag from /home/airflow/.local/lib/python3.12/site-packages/airflow/example_dags/example_dataset_alias.py
[2025-03-15T07:27:02.703+0000] {processor.py:925} INFO - DAG(s) 'dataset_alias_example_alias_producer', 'dataset_s3_bucket_producer', 'dataset_s3_bucket_consumer', 'dataset_alias_example_alias_consumer' retrieved from /home/airflow/.local/lib/python3.12/site-packages/airflow/example_dags/example_dataset_alias.py
[2025-03-15T07:27:02.712+0000] {logging_mixin.py:190} INFO - [2025-03-15T07:27:02.712+0000] {dag.py:3239} INFO - Sync 4 DAGs
[2025-03-15T07:27:02.722+0000] {logging_mixin.py:190} INFO - [2025-03-15T07:27:02.721+0000] {dag.py:4180} INFO - Setting next_dagrun for dataset_alias_example_alias_consumer to None, run_after=None
[2025-03-15T07:27:02.723+0000] {logging_mixin.py:190} INFO - [2025-03-15T07:27:02.723+0000] {dag.py:4180} INFO - Setting next_dagrun for dataset_alias_example_alias_producer to None, run_after=None
[2025-03-15T07:27:02.723+0000] {logging_mixin.py:190} INFO - [2025-03-15T07:27:02.723+0000] {dag.py:4180} INFO - Setting next_dagrun for dataset_s3_bucket_consumer to None, run_after=None
[2025-03-15T07:27:02.724+0000] {logging_mixin.py:190} INFO - [2025-03-15T07:27:02.724+0000] {dag.py:4180} INFO - Setting next_dagrun for dataset_s3_bucket_producer to None, run_after=None
[2025-03-15T07:27:02.733+0000] {processor.py:208} INFO - Processing /home/airflow/.local/lib/python3.12/site-packages/airflow/example_dags/example_dataset_alias.py took 0.332 seconds
[2025-03-15T07:27:33.460+0000] {processor.py:186} INFO - Started process (PID=2005) to work on /home/airflow/.local/lib/python3.12/site-packages/airflow/example_dags/example_dataset_alias.py
[2025-03-15T07:27:33.461+0000] {processor.py:914} INFO - Processing file /home/airflow/.local/lib/python3.12/site-packages/airflow/example_dags/example_dataset_alias.py for tasks to queue
[2025-03-15T07:27:33.462+0000] {logging_mixin.py:190} INFO - [2025-03-15T07:27:33.462+0000] {dagbag.py:588} INFO - Filling up the DagBag from /home/airflow/.local/lib/python3.12/site-packages/airflow/example_dags/example_dataset_alias.py
[2025-03-15T07:27:33.777+0000] {processor.py:925} INFO - DAG(s) 'dataset_alias_example_alias_producer', 'dataset_s3_bucket_producer', 'dataset_alias_example_alias_consumer', 'dataset_s3_bucket_consumer' retrieved from /home/airflow/.local/lib/python3.12/site-packages/airflow/example_dags/example_dataset_alias.py
[2025-03-15T07:27:33.787+0000] {logging_mixin.py:190} INFO - [2025-03-15T07:27:33.787+0000] {dag.py:3239} INFO - Sync 4 DAGs
[2025-03-15T07:27:33.799+0000] {logging_mixin.py:190} INFO - [2025-03-15T07:27:33.799+0000] {dag.py:4180} INFO - Setting next_dagrun for dataset_alias_example_alias_consumer to None, run_after=None
[2025-03-15T07:27:33.801+0000] {logging_mixin.py:190} INFO - [2025-03-15T07:27:33.801+0000] {dag.py:4180} INFO - Setting next_dagrun for dataset_alias_example_alias_producer to None, run_after=None
[2025-03-15T07:27:33.802+0000] {logging_mixin.py:190} INFO - [2025-03-15T07:27:33.802+0000] {dag.py:4180} INFO - Setting next_dagrun for dataset_s3_bucket_consumer to None, run_after=None
[2025-03-15T07:27:33.803+0000] {logging_mixin.py:190} INFO - [2025-03-15T07:27:33.803+0000] {dag.py:4180} INFO - Setting next_dagrun for dataset_s3_bucket_producer to None, run_after=None
[2025-03-15T07:27:33.814+0000] {processor.py:208} INFO - Processing /home/airflow/.local/lib/python3.12/site-packages/airflow/example_dags/example_dataset_alias.py took 0.358 seconds
[2025-03-15T07:28:04.285+0000] {processor.py:186} INFO - Started process (PID=2074) to work on /home/airflow/.local/lib/python3.12/site-packages/airflow/example_dags/example_dataset_alias.py
[2025-03-15T07:28:04.286+0000] {processor.py:914} INFO - Processing file /home/airflow/.local/lib/python3.12/site-packages/airflow/example_dags/example_dataset_alias.py for tasks to queue
[2025-03-15T07:28:04.287+0000] {logging_mixin.py:190} INFO - [2025-03-15T07:28:04.287+0000] {dagbag.py:588} INFO - Filling up the DagBag from /home/airflow/.local/lib/python3.12/site-packages/airflow/example_dags/example_dataset_alias.py
[2025-03-15T07:28:04.575+0000] {processor.py:925} INFO - DAG(s) 'dataset_s3_bucket_producer', 'dataset_alias_example_alias_consumer', 'dataset_s3_bucket_consumer', 'dataset_alias_example_alias_producer' retrieved from /home/airflow/.local/lib/python3.12/site-packages/airflow/example_dags/example_dataset_alias.py
[2025-03-15T07:28:04.585+0000] {logging_mixin.py:190} INFO - [2025-03-15T07:28:04.584+0000] {dag.py:3239} INFO - Sync 4 DAGs
[2025-03-15T07:28:04.593+0000] {logging_mixin.py:190} INFO - [2025-03-15T07:28:04.593+0000] {dag.py:4180} INFO - Setting next_dagrun for dataset_alias_example_alias_consumer to None, run_after=None
[2025-03-15T07:28:04.594+0000] {logging_mixin.py:190} INFO - [2025-03-15T07:28:04.594+0000] {dag.py:4180} INFO - Setting next_dagrun for dataset_alias_example_alias_producer to None, run_after=None
[2025-03-15T07:28:04.595+0000] {logging_mixin.py:190} INFO - [2025-03-15T07:28:04.595+0000] {dag.py:4180} INFO - Setting next_dagrun for dataset_s3_bucket_consumer to None, run_after=None
[2025-03-15T07:28:04.596+0000] {logging_mixin.py:190} INFO - [2025-03-15T07:28:04.596+0000] {dag.py:4180} INFO - Setting next_dagrun for dataset_s3_bucket_producer to None, run_after=None
[2025-03-15T07:28:04.605+0000] {processor.py:208} INFO - Processing /home/airflow/.local/lib/python3.12/site-packages/airflow/example_dags/example_dataset_alias.py took 0.323 seconds
[2025-03-15T07:28:35.342+0000] {processor.py:186} INFO - Started process (PID=2133) to work on /home/airflow/.local/lib/python3.12/site-packages/airflow/example_dags/example_dataset_alias.py
[2025-03-15T07:28:35.344+0000] {processor.py:914} INFO - Processing file /home/airflow/.local/lib/python3.12/site-packages/airflow/example_dags/example_dataset_alias.py for tasks to queue
[2025-03-15T07:28:35.346+0000] {logging_mixin.py:190} INFO - [2025-03-15T07:28:35.345+0000] {dagbag.py:588} INFO - Filling up the DagBag from /home/airflow/.local/lib/python3.12/site-packages/airflow/example_dags/example_dataset_alias.py
[2025-03-15T07:28:35.641+0000] {processor.py:925} INFO - DAG(s) 'dataset_s3_bucket_producer', 'dataset_alias_example_alias_consumer', 'dataset_s3_bucket_consumer', 'dataset_alias_example_alias_producer' retrieved from /home/airflow/.local/lib/python3.12/site-packages/airflow/example_dags/example_dataset_alias.py
[2025-03-15T07:28:35.649+0000] {logging_mixin.py:190} INFO - [2025-03-15T07:28:35.649+0000] {dag.py:3239} INFO - Sync 4 DAGs
[2025-03-15T07:28:35.659+0000] {logging_mixin.py:190} INFO - [2025-03-15T07:28:35.659+0000] {dag.py:4180} INFO - Setting next_dagrun for dataset_alias_example_alias_consumer to None, run_after=None
[2025-03-15T07:28:35.661+0000] {logging_mixin.py:190} INFO - [2025-03-15T07:28:35.661+0000] {dag.py:4180} INFO - Setting next_dagrun for dataset_alias_example_alias_producer to None, run_after=None
[2025-03-15T07:28:35.662+0000] {logging_mixin.py:190} INFO - [2025-03-15T07:28:35.662+0000] {dag.py:4180} INFO - Setting next_dagrun for dataset_s3_bucket_consumer to None, run_after=None
[2025-03-15T07:28:35.662+0000] {logging_mixin.py:190} INFO - [2025-03-15T07:28:35.662+0000] {dag.py:4180} INFO - Setting next_dagrun for dataset_s3_bucket_producer to None, run_after=None
[2025-03-15T07:28:35.671+0000] {processor.py:208} INFO - Processing /home/airflow/.local/lib/python3.12/site-packages/airflow/example_dags/example_dataset_alias.py took 0.333 seconds
[2025-03-15T07:29:05.817+0000] {processor.py:186} INFO - Started process (PID=2199) to work on /home/airflow/.local/lib/python3.12/site-packages/airflow/example_dags/example_dataset_alias.py
[2025-03-15T07:29:05.820+0000] {processor.py:914} INFO - Processing file /home/airflow/.local/lib/python3.12/site-packages/airflow/example_dags/example_dataset_alias.py for tasks to queue
[2025-03-15T07:29:05.822+0000] {logging_mixin.py:190} INFO - [2025-03-15T07:29:05.822+0000] {dagbag.py:588} INFO - Filling up the DagBag from /home/airflow/.local/lib/python3.12/site-packages/airflow/example_dags/example_dataset_alias.py
[2025-03-15T07:29:06.108+0000] {processor.py:925} INFO - DAG(s) 'dataset_s3_bucket_producer', 'dataset_alias_example_alias_producer', 'dataset_alias_example_alias_consumer', 'dataset_s3_bucket_consumer' retrieved from /home/airflow/.local/lib/python3.12/site-packages/airflow/example_dags/example_dataset_alias.py
[2025-03-15T07:29:06.117+0000] {logging_mixin.py:190} INFO - [2025-03-15T07:29:06.117+0000] {dag.py:3239} INFO - Sync 4 DAGs
[2025-03-15T07:29:06.128+0000] {logging_mixin.py:190} INFO - [2025-03-15T07:29:06.128+0000] {dag.py:4180} INFO - Setting next_dagrun for dataset_alias_example_alias_consumer to None, run_after=None
[2025-03-15T07:29:06.130+0000] {logging_mixin.py:190} INFO - [2025-03-15T07:29:06.130+0000] {dag.py:4180} INFO - Setting next_dagrun for dataset_alias_example_alias_producer to None, run_after=None
[2025-03-15T07:29:06.130+0000] {logging_mixin.py:190} INFO - [2025-03-15T07:29:06.130+0000] {dag.py:4180} INFO - Setting next_dagrun for dataset_s3_bucket_consumer to None, run_after=None
[2025-03-15T07:29:06.131+0000] {logging_mixin.py:190} INFO - [2025-03-15T07:29:06.131+0000] {dag.py:4180} INFO - Setting next_dagrun for dataset_s3_bucket_producer to None, run_after=None
[2025-03-15T07:29:06.142+0000] {processor.py:208} INFO - Processing /home/airflow/.local/lib/python3.12/site-packages/airflow/example_dags/example_dataset_alias.py took 0.329 seconds
[2025-03-15T07:29:37.040+0000] {processor.py:186} INFO - Started process (PID=2261) to work on /home/airflow/.local/lib/python3.12/site-packages/airflow/example_dags/example_dataset_alias.py
[2025-03-15T07:29:37.041+0000] {processor.py:914} INFO - Processing file /home/airflow/.local/lib/python3.12/site-packages/airflow/example_dags/example_dataset_alias.py for tasks to queue
[2025-03-15T07:29:37.042+0000] {logging_mixin.py:190} INFO - [2025-03-15T07:29:37.042+0000] {dagbag.py:588} INFO - Filling up the DagBag from /home/airflow/.local/lib/python3.12/site-packages/airflow/example_dags/example_dataset_alias.py
[2025-03-15T07:29:37.357+0000] {processor.py:925} INFO - DAG(s) 'dataset_s3_bucket_producer', 'dataset_alias_example_alias_producer', 'dataset_s3_bucket_consumer', 'dataset_alias_example_alias_consumer' retrieved from /home/airflow/.local/lib/python3.12/site-packages/airflow/example_dags/example_dataset_alias.py
[2025-03-15T07:29:37.366+0000] {logging_mixin.py:190} INFO - [2025-03-15T07:29:37.366+0000] {dag.py:3239} INFO - Sync 4 DAGs
[2025-03-15T07:29:37.377+0000] {logging_mixin.py:190} INFO - [2025-03-15T07:29:37.377+0000] {dag.py:4180} INFO - Setting next_dagrun for dataset_alias_example_alias_consumer to None, run_after=None
[2025-03-15T07:29:37.378+0000] {logging_mixin.py:190} INFO - [2025-03-15T07:29:37.378+0000] {dag.py:4180} INFO - Setting next_dagrun for dataset_alias_example_alias_producer to None, run_after=None
[2025-03-15T07:29:37.379+0000] {logging_mixin.py:190} INFO - [2025-03-15T07:29:37.379+0000] {dag.py:4180} INFO - Setting next_dagrun for dataset_s3_bucket_consumer to None, run_after=None
[2025-03-15T07:29:37.380+0000] {logging_mixin.py:190} INFO - [2025-03-15T07:29:37.380+0000] {dag.py:4180} INFO - Setting next_dagrun for dataset_s3_bucket_producer to None, run_after=None
[2025-03-15T07:29:37.390+0000] {processor.py:208} INFO - Processing /home/airflow/.local/lib/python3.12/site-packages/airflow/example_dags/example_dataset_alias.py took 0.353 seconds
[2025-03-15T07:30:07.491+0000] {processor.py:186} INFO - Started process (PID=2330) to work on /home/airflow/.local/lib/python3.12/site-packages/airflow/example_dags/example_dataset_alias.py
[2025-03-15T07:30:07.491+0000] {processor.py:914} INFO - Processing file /home/airflow/.local/lib/python3.12/site-packages/airflow/example_dags/example_dataset_alias.py for tasks to queue
[2025-03-15T07:30:07.493+0000] {logging_mixin.py:190} INFO - [2025-03-15T07:30:07.492+0000] {dagbag.py:588} INFO - Filling up the DagBag from /home/airflow/.local/lib/python3.12/site-packages/airflow/example_dags/example_dataset_alias.py
[2025-03-15T07:30:07.780+0000] {processor.py:925} INFO - DAG(s) 'dataset_s3_bucket_producer', 'dataset_alias_example_alias_consumer', 'dataset_s3_bucket_consumer', 'dataset_alias_example_alias_producer' retrieved from /home/airflow/.local/lib/python3.12/site-packages/airflow/example_dags/example_dataset_alias.py
[2025-03-15T07:30:07.790+0000] {logging_mixin.py:190} INFO - [2025-03-15T07:30:07.790+0000] {dag.py:3239} INFO - Sync 4 DAGs
[2025-03-15T07:30:07.799+0000] {logging_mixin.py:190} INFO - [2025-03-15T07:30:07.799+0000] {dag.py:4180} INFO - Setting next_dagrun for dataset_alias_example_alias_consumer to None, run_after=None
[2025-03-15T07:30:07.801+0000] {logging_mixin.py:190} INFO - [2025-03-15T07:30:07.801+0000] {dag.py:4180} INFO - Setting next_dagrun for dataset_alias_example_alias_producer to None, run_after=None
[2025-03-15T07:30:07.801+0000] {logging_mixin.py:190} INFO - [2025-03-15T07:30:07.801+0000] {dag.py:4180} INFO - Setting next_dagrun for dataset_s3_bucket_consumer to None, run_after=None
[2025-03-15T07:30:07.802+0000] {logging_mixin.py:190} INFO - [2025-03-15T07:30:07.802+0000] {dag.py:4180} INFO - Setting next_dagrun for dataset_s3_bucket_producer to None, run_after=None
[2025-03-15T07:30:07.811+0000] {processor.py:208} INFO - Processing /home/airflow/.local/lib/python3.12/site-packages/airflow/example_dags/example_dataset_alias.py took 0.323 seconds
[2025-03-15T07:30:38.674+0000] {processor.py:186} INFO - Started process (PID=2389) to work on /home/airflow/.local/lib/python3.12/site-packages/airflow/example_dags/example_dataset_alias.py
[2025-03-15T07:30:38.676+0000] {processor.py:914} INFO - Processing file /home/airflow/.local/lib/python3.12/site-packages/airflow/example_dags/example_dataset_alias.py for tasks to queue
[2025-03-15T07:30:38.678+0000] {logging_mixin.py:190} INFO - [2025-03-15T07:30:38.678+0000] {dagbag.py:588} INFO - Filling up the DagBag from /home/airflow/.local/lib/python3.12/site-packages/airflow/example_dags/example_dataset_alias.py
[2025-03-15T07:30:38.978+0000] {processor.py:925} INFO - DAG(s) 'dataset_alias_example_alias_consumer', 'dataset_s3_bucket_consumer', 'dataset_s3_bucket_producer', 'dataset_alias_example_alias_producer' retrieved from /home/airflow/.local/lib/python3.12/site-packages/airflow/example_dags/example_dataset_alias.py
[2025-03-15T07:30:38.988+0000] {logging_mixin.py:190} INFO - [2025-03-15T07:30:38.988+0000] {dag.py:3239} INFO - Sync 4 DAGs
[2025-03-15T07:30:38.999+0000] {logging_mixin.py:190} INFO - [2025-03-15T07:30:38.999+0000] {dag.py:4180} INFO - Setting next_dagrun for dataset_alias_example_alias_consumer to None, run_after=None
[2025-03-15T07:30:39.001+0000] {logging_mixin.py:190} INFO - [2025-03-15T07:30:39.001+0000] {dag.py:4180} INFO - Setting next_dagrun for dataset_alias_example_alias_producer to None, run_after=None
[2025-03-15T07:30:39.002+0000] {logging_mixin.py:190} INFO - [2025-03-15T07:30:39.002+0000] {dag.py:4180} INFO - Setting next_dagrun for dataset_s3_bucket_consumer to None, run_after=None
[2025-03-15T07:30:39.002+0000] {logging_mixin.py:190} INFO - [2025-03-15T07:30:39.002+0000] {dag.py:4180} INFO - Setting next_dagrun for dataset_s3_bucket_producer to None, run_after=None
[2025-03-15T07:30:39.012+0000] {processor.py:208} INFO - Processing /home/airflow/.local/lib/python3.12/site-packages/airflow/example_dags/example_dataset_alias.py took 0.341 seconds
[2025-03-15T07:31:10.038+0000] {processor.py:186} INFO - Started process (PID=2453) to work on /home/airflow/.local/lib/python3.12/site-packages/airflow/example_dags/example_dataset_alias.py
[2025-03-15T07:31:10.038+0000] {processor.py:914} INFO - Processing file /home/airflow/.local/lib/python3.12/site-packages/airflow/example_dags/example_dataset_alias.py for tasks to queue
[2025-03-15T07:31:10.039+0000] {logging_mixin.py:190} INFO - [2025-03-15T07:31:10.039+0000] {dagbag.py:588} INFO - Filling up the DagBag from /home/airflow/.local/lib/python3.12/site-packages/airflow/example_dags/example_dataset_alias.py
[2025-03-15T07:31:10.330+0000] {processor.py:925} INFO - DAG(s) 'dataset_s3_bucket_consumer', 'dataset_s3_bucket_producer', 'dataset_alias_example_alias_consumer', 'dataset_alias_example_alias_producer' retrieved from /home/airflow/.local/lib/python3.12/site-packages/airflow/example_dags/example_dataset_alias.py
[2025-03-15T07:31:10.339+0000] {logging_mixin.py:190} INFO - [2025-03-15T07:31:10.339+0000] {dag.py:3239} INFO - Sync 4 DAGs
[2025-03-15T07:31:10.350+0000] {logging_mixin.py:190} INFO - [2025-03-15T07:31:10.350+0000] {dag.py:4180} INFO - Setting next_dagrun for dataset_alias_example_alias_consumer to None, run_after=None
[2025-03-15T07:31:10.351+0000] {logging_mixin.py:190} INFO - [2025-03-15T07:31:10.351+0000] {dag.py:4180} INFO - Setting next_dagrun for dataset_alias_example_alias_producer to None, run_after=None
[2025-03-15T07:31:10.352+0000] {logging_mixin.py:190} INFO - [2025-03-15T07:31:10.352+0000] {dag.py:4180} INFO - Setting next_dagrun for dataset_s3_bucket_consumer to None, run_after=None
[2025-03-15T07:31:10.353+0000] {logging_mixin.py:190} INFO - [2025-03-15T07:31:10.352+0000] {dag.py:4180} INFO - Setting next_dagrun for dataset_s3_bucket_producer to None, run_after=None
[2025-03-15T07:31:10.362+0000] {processor.py:208} INFO - Processing /home/airflow/.local/lib/python3.12/site-packages/airflow/example_dags/example_dataset_alias.py took 0.328 seconds
[2025-03-15T07:31:42.447+0000] {processor.py:186} INFO - Started process (PID=2517) to work on /home/airflow/.local/lib/python3.12/site-packages/airflow/example_dags/example_dataset_alias.py
[2025-03-15T07:31:42.448+0000] {processor.py:914} INFO - Processing file /home/airflow/.local/lib/python3.12/site-packages/airflow/example_dags/example_dataset_alias.py for tasks to queue
[2025-03-15T07:31:42.450+0000] {logging_mixin.py:190} INFO - [2025-03-15T07:31:42.450+0000] {dagbag.py:588} INFO - Filling up the DagBag from /home/airflow/.local/lib/python3.12/site-packages/airflow/example_dags/example_dataset_alias.py
[2025-03-15T07:31:43.135+0000] {processor.py:925} INFO - DAG(s) 'dataset_alias_example_alias_consumer', 'dataset_alias_example_alias_producer', 'dataset_s3_bucket_consumer', 'dataset_s3_bucket_producer' retrieved from /home/airflow/.local/lib/python3.12/site-packages/airflow/example_dags/example_dataset_alias.py
[2025-03-15T07:31:43.149+0000] {logging_mixin.py:190} INFO - [2025-03-15T07:31:43.148+0000] {dag.py:3239} INFO - Sync 4 DAGs
[2025-03-15T07:31:43.161+0000] {logging_mixin.py:190} INFO - [2025-03-15T07:31:43.161+0000] {dag.py:4180} INFO - Setting next_dagrun for dataset_alias_example_alias_consumer to None, run_after=None
[2025-03-15T07:31:43.162+0000] {logging_mixin.py:190} INFO - [2025-03-15T07:31:43.162+0000] {dag.py:4180} INFO - Setting next_dagrun for dataset_alias_example_alias_producer to None, run_after=None
[2025-03-15T07:31:43.164+0000] {logging_mixin.py:190} INFO - [2025-03-15T07:31:43.164+0000] {dag.py:4180} INFO - Setting next_dagrun for dataset_s3_bucket_consumer to None, run_after=None
[2025-03-15T07:31:43.164+0000] {logging_mixin.py:190} INFO - [2025-03-15T07:31:43.164+0000] {dag.py:4180} INFO - Setting next_dagrun for dataset_s3_bucket_producer to None, run_after=None
[2025-03-15T07:31:43.179+0000] {processor.py:208} INFO - Processing /home/airflow/.local/lib/python3.12/site-packages/airflow/example_dags/example_dataset_alias.py took 0.738 seconds
[2025-03-15T07:32:13.945+0000] {processor.py:186} INFO - Started process (PID=2586) to work on /home/airflow/.local/lib/python3.12/site-packages/airflow/example_dags/example_dataset_alias.py
[2025-03-15T07:32:13.946+0000] {processor.py:914} INFO - Processing file /home/airflow/.local/lib/python3.12/site-packages/airflow/example_dags/example_dataset_alias.py for tasks to queue
[2025-03-15T07:32:13.947+0000] {logging_mixin.py:190} INFO - [2025-03-15T07:32:13.947+0000] {dagbag.py:588} INFO - Filling up the DagBag from /home/airflow/.local/lib/python3.12/site-packages/airflow/example_dags/example_dataset_alias.py
[2025-03-15T07:32:14.269+0000] {processor.py:925} INFO - DAG(s) 'dataset_s3_bucket_producer', 'dataset_s3_bucket_consumer', 'dataset_alias_example_alias_consumer', 'dataset_alias_example_alias_producer' retrieved from /home/airflow/.local/lib/python3.12/site-packages/airflow/example_dags/example_dataset_alias.py
[2025-03-15T07:32:14.280+0000] {logging_mixin.py:190} INFO - [2025-03-15T07:32:14.280+0000] {dag.py:3239} INFO - Sync 4 DAGs
[2025-03-15T07:32:14.290+0000] {logging_mixin.py:190} INFO - [2025-03-15T07:32:14.290+0000] {dag.py:4180} INFO - Setting next_dagrun for dataset_alias_example_alias_consumer to None, run_after=None
[2025-03-15T07:32:14.292+0000] {logging_mixin.py:190} INFO - [2025-03-15T07:32:14.291+0000] {dag.py:4180} INFO - Setting next_dagrun for dataset_alias_example_alias_producer to None, run_after=None
[2025-03-15T07:32:14.293+0000] {logging_mixin.py:190} INFO - [2025-03-15T07:32:14.293+0000] {dag.py:4180} INFO - Setting next_dagrun for dataset_s3_bucket_consumer to None, run_after=None
[2025-03-15T07:32:14.294+0000] {logging_mixin.py:190} INFO - [2025-03-15T07:32:14.294+0000] {dag.py:4180} INFO - Setting next_dagrun for dataset_s3_bucket_producer to None, run_after=None
[2025-03-15T07:32:14.304+0000] {processor.py:208} INFO - Processing /home/airflow/.local/lib/python3.12/site-packages/airflow/example_dags/example_dataset_alias.py took 0.362 seconds
