[2025-03-15T07:11:58.258+0000] {processor.py:186} INFO - Started process (PID=63) to work on /home/airflow/.local/lib/python3.12/site-packages/airflow/example_dags/example_branch_python_dop_operator_3.py
[2025-03-15T07:11:58.259+0000] {processor.py:914} INFO - Processing file /home/airflow/.local/lib/python3.12/site-packages/airflow/example_dags/example_branch_python_dop_operator_3.py for tasks to queue
[2025-03-15T07:11:58.261+0000] {logging_mixin.py:190} INFO - [2025-03-15T07:11:58.260+0000] {dagbag.py:588} INFO - Filling up the DagBag from /home/airflow/.local/lib/python3.12/site-packages/airflow/example_dags/example_branch_python_dop_operator_3.py
[2025-03-15T07:11:58.270+0000] {processor.py:925} INFO - DAG(s) 'example_branch_dop_operator_v3' retrieved from /home/airflow/.local/lib/python3.12/site-packages/airflow/example_dags/example_branch_python_dop_operator_3.py
[2025-03-15T07:11:58.299+0000] {logging_mixin.py:190} INFO - [2025-03-15T07:11:58.299+0000] {dag.py:3239} INFO - Sync 1 DAGs
[2025-03-15T07:11:58.319+0000] {logging_mixin.py:190} INFO - [2025-03-15T07:11:58.319+0000] {dag.py:4180} INFO - Setting next_dagrun for example_branch_dop_operator_v3 to 2025-03-15 07:10:00+00:00, run_after=2025-03-15 07:11:00+00:00
[2025-03-15T07:11:58.332+0000] {processor.py:208} INFO - Processing /home/airflow/.local/lib/python3.12/site-packages/airflow/example_dags/example_branch_python_dop_operator_3.py took 0.079 seconds
[2025-03-15T07:12:28.345+0000] {processor.py:186} INFO - Started process (PID=125) to work on /home/airflow/.local/lib/python3.12/site-packages/airflow/example_dags/example_branch_python_dop_operator_3.py
[2025-03-15T07:12:28.346+0000] {processor.py:914} INFO - Processing file /home/airflow/.local/lib/python3.12/site-packages/airflow/example_dags/example_branch_python_dop_operator_3.py for tasks to queue
[2025-03-15T07:12:28.347+0000] {logging_mixin.py:190} INFO - [2025-03-15T07:12:28.346+0000] {dagbag.py:588} INFO - Filling up the DagBag from /home/airflow/.local/lib/python3.12/site-packages/airflow/example_dags/example_branch_python_dop_operator_3.py
[2025-03-15T07:12:28.352+0000] {processor.py:925} INFO - DAG(s) 'example_branch_dop_operator_v3' retrieved from /home/airflow/.local/lib/python3.12/site-packages/airflow/example_dags/example_branch_python_dop_operator_3.py
[2025-03-15T07:12:28.361+0000] {logging_mixin.py:190} INFO - [2025-03-15T07:12:28.361+0000] {dag.py:3239} INFO - Sync 1 DAGs
[2025-03-15T07:12:28.372+0000] {logging_mixin.py:190} INFO - [2025-03-15T07:12:28.372+0000] {dag.py:4180} INFO - Setting next_dagrun for example_branch_dop_operator_v3 to 2025-03-15 07:11:00+00:00, run_after=2025-03-15 07:12:00+00:00
[2025-03-15T07:12:28.381+0000] {processor.py:208} INFO - Processing /home/airflow/.local/lib/python3.12/site-packages/airflow/example_dags/example_branch_python_dop_operator_3.py took 0.038 seconds
[2025-03-15T07:12:58.831+0000] {processor.py:186} INFO - Started process (PID=187) to work on /home/airflow/.local/lib/python3.12/site-packages/airflow/example_dags/example_branch_python_dop_operator_3.py
[2025-03-15T07:12:58.832+0000] {processor.py:914} INFO - Processing file /home/airflow/.local/lib/python3.12/site-packages/airflow/example_dags/example_branch_python_dop_operator_3.py for tasks to queue
[2025-03-15T07:12:58.833+0000] {logging_mixin.py:190} INFO - [2025-03-15T07:12:58.833+0000] {dagbag.py:588} INFO - Filling up the DagBag from /home/airflow/.local/lib/python3.12/site-packages/airflow/example_dags/example_branch_python_dop_operator_3.py
[2025-03-15T07:12:58.838+0000] {processor.py:925} INFO - DAG(s) 'example_branch_dop_operator_v3' retrieved from /home/airflow/.local/lib/python3.12/site-packages/airflow/example_dags/example_branch_python_dop_operator_3.py
[2025-03-15T07:12:58.849+0000] {logging_mixin.py:190} INFO - [2025-03-15T07:12:58.849+0000] {dag.py:3239} INFO - Sync 1 DAGs
[2025-03-15T07:12:58.861+0000] {logging_mixin.py:190} INFO - [2025-03-15T07:12:58.861+0000] {dag.py:4180} INFO - Setting next_dagrun for example_branch_dop_operator_v3 to 2025-03-15 07:11:00+00:00, run_after=2025-03-15 07:12:00+00:00
[2025-03-15T07:12:58.871+0000] {processor.py:208} INFO - Processing /home/airflow/.local/lib/python3.12/site-packages/airflow/example_dags/example_branch_python_dop_operator_3.py took 0.043 seconds
[2025-03-15T07:13:29.902+0000] {processor.py:186} INFO - Started process (PID=250) to work on /home/airflow/.local/lib/python3.12/site-packages/airflow/example_dags/example_branch_python_dop_operator_3.py
[2025-03-15T07:13:29.902+0000] {processor.py:914} INFO - Processing file /home/airflow/.local/lib/python3.12/site-packages/airflow/example_dags/example_branch_python_dop_operator_3.py for tasks to queue
[2025-03-15T07:13:29.903+0000] {logging_mixin.py:190} INFO - [2025-03-15T07:13:29.903+0000] {dagbag.py:588} INFO - Filling up the DagBag from /home/airflow/.local/lib/python3.12/site-packages/airflow/example_dags/example_branch_python_dop_operator_3.py
[2025-03-15T07:13:29.909+0000] {processor.py:925} INFO - DAG(s) 'example_branch_dop_operator_v3' retrieved from /home/airflow/.local/lib/python3.12/site-packages/airflow/example_dags/example_branch_python_dop_operator_3.py
[2025-03-15T07:13:29.919+0000] {logging_mixin.py:190} INFO - [2025-03-15T07:13:29.919+0000] {dag.py:3239} INFO - Sync 1 DAGs
[2025-03-15T07:13:29.930+0000] {logging_mixin.py:190} INFO - [2025-03-15T07:13:29.930+0000] {dag.py:4180} INFO - Setting next_dagrun for example_branch_dop_operator_v3 to 2025-03-15 07:12:00+00:00, run_after=2025-03-15 07:13:00+00:00
[2025-03-15T07:13:29.938+0000] {processor.py:208} INFO - Processing /home/airflow/.local/lib/python3.12/site-packages/airflow/example_dags/example_branch_python_dop_operator_3.py took 0.039 seconds
[2025-03-15T07:14:00.413+0000] {processor.py:186} INFO - Started process (PID=313) to work on /home/airflow/.local/lib/python3.12/site-packages/airflow/example_dags/example_branch_python_dop_operator_3.py
[2025-03-15T07:14:00.415+0000] {processor.py:914} INFO - Processing file /home/airflow/.local/lib/python3.12/site-packages/airflow/example_dags/example_branch_python_dop_operator_3.py for tasks to queue
[2025-03-15T07:14:00.418+0000] {logging_mixin.py:190} INFO - [2025-03-15T07:14:00.417+0000] {dagbag.py:588} INFO - Filling up the DagBag from /home/airflow/.local/lib/python3.12/site-packages/airflow/example_dags/example_branch_python_dop_operator_3.py
[2025-03-15T07:14:00.423+0000] {processor.py:925} INFO - DAG(s) 'example_branch_dop_operator_v3' retrieved from /home/airflow/.local/lib/python3.12/site-packages/airflow/example_dags/example_branch_python_dop_operator_3.py
[2025-03-15T07:14:00.436+0000] {logging_mixin.py:190} INFO - [2025-03-15T07:14:00.436+0000] {dag.py:3239} INFO - Sync 1 DAGs
[2025-03-15T07:14:00.451+0000] {logging_mixin.py:190} INFO - [2025-03-15T07:14:00.451+0000] {dag.py:4180} INFO - Setting next_dagrun for example_branch_dop_operator_v3 to 2025-03-15 07:13:00+00:00, run_after=2025-03-15 07:14:00+00:00
[2025-03-15T07:14:00.464+0000] {processor.py:208} INFO - Processing /home/airflow/.local/lib/python3.12/site-packages/airflow/example_dags/example_branch_python_dop_operator_3.py took 0.056 seconds
[2025-03-15T07:14:31.353+0000] {processor.py:186} INFO - Started process (PID=382) to work on /home/airflow/.local/lib/python3.12/site-packages/airflow/example_dags/example_branch_python_dop_operator_3.py
[2025-03-15T07:14:31.356+0000] {processor.py:914} INFO - Processing file /home/airflow/.local/lib/python3.12/site-packages/airflow/example_dags/example_branch_python_dop_operator_3.py for tasks to queue
[2025-03-15T07:14:31.358+0000] {logging_mixin.py:190} INFO - [2025-03-15T07:14:31.358+0000] {dagbag.py:588} INFO - Filling up the DagBag from /home/airflow/.local/lib/python3.12/site-packages/airflow/example_dags/example_branch_python_dop_operator_3.py
[2025-03-15T07:14:31.368+0000] {processor.py:925} INFO - DAG(s) 'example_branch_dop_operator_v3' retrieved from /home/airflow/.local/lib/python3.12/site-packages/airflow/example_dags/example_branch_python_dop_operator_3.py
[2025-03-15T07:14:31.386+0000] {logging_mixin.py:190} INFO - [2025-03-15T07:14:31.386+0000] {dag.py:3239} INFO - Sync 1 DAGs
[2025-03-15T07:14:31.403+0000] {logging_mixin.py:190} INFO - [2025-03-15T07:14:31.403+0000] {dag.py:4180} INFO - Setting next_dagrun for example_branch_dop_operator_v3 to 2025-03-15 07:13:00+00:00, run_after=2025-03-15 07:14:00+00:00
[2025-03-15T07:14:31.685+0000] {processor.py:208} INFO - Processing /home/airflow/.local/lib/python3.12/site-packages/airflow/example_dags/example_branch_python_dop_operator_3.py took 0.335 seconds
[2025-03-15T07:15:02.099+0000] {processor.py:186} INFO - Started process (PID=445) to work on /home/airflow/.local/lib/python3.12/site-packages/airflow/example_dags/example_branch_python_dop_operator_3.py
[2025-03-15T07:15:02.102+0000] {processor.py:914} INFO - Processing file /home/airflow/.local/lib/python3.12/site-packages/airflow/example_dags/example_branch_python_dop_operator_3.py for tasks to queue
[2025-03-15T07:15:02.104+0000] {logging_mixin.py:190} INFO - [2025-03-15T07:15:02.103+0000] {dagbag.py:588} INFO - Filling up the DagBag from /home/airflow/.local/lib/python3.12/site-packages/airflow/example_dags/example_branch_python_dop_operator_3.py
[2025-03-15T07:15:02.109+0000] {processor.py:925} INFO - DAG(s) 'example_branch_dop_operator_v3' retrieved from /home/airflow/.local/lib/python3.12/site-packages/airflow/example_dags/example_branch_python_dop_operator_3.py
[2025-03-15T07:15:02.121+0000] {logging_mixin.py:190} INFO - [2025-03-15T07:15:02.121+0000] {dag.py:3239} INFO - Sync 1 DAGs
[2025-03-15T07:15:02.136+0000] {logging_mixin.py:190} INFO - [2025-03-15T07:15:02.135+0000] {dag.py:4180} INFO - Setting next_dagrun for example_branch_dop_operator_v3 to 2025-03-15 07:14:00+00:00, run_after=2025-03-15 07:15:00+00:00
[2025-03-15T07:15:02.147+0000] {processor.py:208} INFO - Processing /home/airflow/.local/lib/python3.12/site-packages/airflow/example_dags/example_branch_python_dop_operator_3.py took 0.050 seconds
[2025-03-15T07:15:33.026+0000] {processor.py:186} INFO - Started process (PID=508) to work on /home/airflow/.local/lib/python3.12/site-packages/airflow/example_dags/example_branch_python_dop_operator_3.py
[2025-03-15T07:15:33.027+0000] {processor.py:914} INFO - Processing file /home/airflow/.local/lib/python3.12/site-packages/airflow/example_dags/example_branch_python_dop_operator_3.py for tasks to queue
[2025-03-15T07:15:33.028+0000] {logging_mixin.py:190} INFO - [2025-03-15T07:15:33.028+0000] {dagbag.py:588} INFO - Filling up the DagBag from /home/airflow/.local/lib/python3.12/site-packages/airflow/example_dags/example_branch_python_dop_operator_3.py
[2025-03-15T07:15:33.034+0000] {processor.py:925} INFO - DAG(s) 'example_branch_dop_operator_v3' retrieved from /home/airflow/.local/lib/python3.12/site-packages/airflow/example_dags/example_branch_python_dop_operator_3.py
[2025-03-15T07:15:33.045+0000] {logging_mixin.py:190} INFO - [2025-03-15T07:15:33.045+0000] {dag.py:3239} INFO - Sync 1 DAGs
[2025-03-15T07:15:33.058+0000] {logging_mixin.py:190} INFO - [2025-03-15T07:15:33.058+0000] {dag.py:4180} INFO - Setting next_dagrun for example_branch_dop_operator_v3 to 2025-03-15 07:14:00+00:00, run_after=2025-03-15 07:15:00+00:00
[2025-03-15T07:15:33.071+0000] {processor.py:208} INFO - Processing /home/airflow/.local/lib/python3.12/site-packages/airflow/example_dags/example_branch_python_dop_operator_3.py took 0.048 seconds
[2025-03-15T07:16:03.964+0000] {processor.py:186} INFO - Started process (PID=571) to work on /home/airflow/.local/lib/python3.12/site-packages/airflow/example_dags/example_branch_python_dop_operator_3.py
[2025-03-15T07:16:03.964+0000] {processor.py:914} INFO - Processing file /home/airflow/.local/lib/python3.12/site-packages/airflow/example_dags/example_branch_python_dop_operator_3.py for tasks to queue
[2025-03-15T07:16:03.969+0000] {logging_mixin.py:190} INFO - [2025-03-15T07:16:03.969+0000] {dagbag.py:588} INFO - Filling up the DagBag from /home/airflow/.local/lib/python3.12/site-packages/airflow/example_dags/example_branch_python_dop_operator_3.py
[2025-03-15T07:16:03.976+0000] {processor.py:925} INFO - DAG(s) 'example_branch_dop_operator_v3' retrieved from /home/airflow/.local/lib/python3.12/site-packages/airflow/example_dags/example_branch_python_dop_operator_3.py
[2025-03-15T07:16:03.988+0000] {logging_mixin.py:190} INFO - [2025-03-15T07:16:03.988+0000] {dag.py:3239} INFO - Sync 1 DAGs
[2025-03-15T07:16:04.003+0000] {logging_mixin.py:190} INFO - [2025-03-15T07:16:04.003+0000] {dag.py:4180} INFO - Setting next_dagrun for example_branch_dop_operator_v3 to 2025-03-15 07:15:00+00:00, run_after=2025-03-15 07:16:00+00:00
[2025-03-15T07:16:04.012+0000] {processor.py:208} INFO - Processing /home/airflow/.local/lib/python3.12/site-packages/airflow/example_dags/example_branch_python_dop_operator_3.py took 0.052 seconds
[2025-03-15T07:16:34.863+0000] {processor.py:186} INFO - Started process (PID=633) to work on /home/airflow/.local/lib/python3.12/site-packages/airflow/example_dags/example_branch_python_dop_operator_3.py
[2025-03-15T07:16:34.863+0000] {processor.py:914} INFO - Processing file /home/airflow/.local/lib/python3.12/site-packages/airflow/example_dags/example_branch_python_dop_operator_3.py for tasks to queue
[2025-03-15T07:16:34.864+0000] {logging_mixin.py:190} INFO - [2025-03-15T07:16:34.864+0000] {dagbag.py:588} INFO - Filling up the DagBag from /home/airflow/.local/lib/python3.12/site-packages/airflow/example_dags/example_branch_python_dop_operator_3.py
[2025-03-15T07:16:34.870+0000] {processor.py:925} INFO - DAG(s) 'example_branch_dop_operator_v3' retrieved from /home/airflow/.local/lib/python3.12/site-packages/airflow/example_dags/example_branch_python_dop_operator_3.py
[2025-03-15T07:16:34.881+0000] {logging_mixin.py:190} INFO - [2025-03-15T07:16:34.880+0000] {dag.py:3239} INFO - Sync 1 DAGs
[2025-03-15T07:16:34.894+0000] {logging_mixin.py:190} INFO - [2025-03-15T07:16:34.894+0000] {dag.py:4180} INFO - Setting next_dagrun for example_branch_dop_operator_v3 to 2025-03-15 07:15:00+00:00, run_after=2025-03-15 07:16:00+00:00
[2025-03-15T07:16:34.903+0000] {processor.py:208} INFO - Processing /home/airflow/.local/lib/python3.12/site-packages/airflow/example_dags/example_branch_python_dop_operator_3.py took 0.043 seconds
[2025-03-15T07:17:05.877+0000] {processor.py:186} INFO - Started process (PID=696) to work on /home/airflow/.local/lib/python3.12/site-packages/airflow/example_dags/example_branch_python_dop_operator_3.py
[2025-03-15T07:17:05.878+0000] {processor.py:914} INFO - Processing file /home/airflow/.local/lib/python3.12/site-packages/airflow/example_dags/example_branch_python_dop_operator_3.py for tasks to queue
[2025-03-15T07:17:05.880+0000] {logging_mixin.py:190} INFO - [2025-03-15T07:17:05.880+0000] {dagbag.py:588} INFO - Filling up the DagBag from /home/airflow/.local/lib/python3.12/site-packages/airflow/example_dags/example_branch_python_dop_operator_3.py
[2025-03-15T07:17:05.885+0000] {processor.py:925} INFO - DAG(s) 'example_branch_dop_operator_v3' retrieved from /home/airflow/.local/lib/python3.12/site-packages/airflow/example_dags/example_branch_python_dop_operator_3.py
[2025-03-15T07:17:05.899+0000] {logging_mixin.py:190} INFO - [2025-03-15T07:17:05.899+0000] {dag.py:3239} INFO - Sync 1 DAGs
[2025-03-15T07:17:05.914+0000] {logging_mixin.py:190} INFO - [2025-03-15T07:17:05.914+0000] {dag.py:4180} INFO - Setting next_dagrun for example_branch_dop_operator_v3 to 2025-03-15 07:16:00+00:00, run_after=2025-03-15 07:17:00+00:00
[2025-03-15T07:17:05.925+0000] {processor.py:208} INFO - Processing /home/airflow/.local/lib/python3.12/site-packages/airflow/example_dags/example_branch_python_dop_operator_3.py took 0.052 seconds
[2025-03-15T07:17:35.995+0000] {processor.py:186} INFO - Started process (PID=759) to work on /home/airflow/.local/lib/python3.12/site-packages/airflow/example_dags/example_branch_python_dop_operator_3.py
[2025-03-15T07:17:35.996+0000] {processor.py:914} INFO - Processing file /home/airflow/.local/lib/python3.12/site-packages/airflow/example_dags/example_branch_python_dop_operator_3.py for tasks to queue
[2025-03-15T07:17:35.998+0000] {logging_mixin.py:190} INFO - [2025-03-15T07:17:35.997+0000] {dagbag.py:588} INFO - Filling up the DagBag from /home/airflow/.local/lib/python3.12/site-packages/airflow/example_dags/example_branch_python_dop_operator_3.py
[2025-03-15T07:17:36.005+0000] {processor.py:925} INFO - DAG(s) 'example_branch_dop_operator_v3' retrieved from /home/airflow/.local/lib/python3.12/site-packages/airflow/example_dags/example_branch_python_dop_operator_3.py
[2025-03-15T07:17:36.021+0000] {logging_mixin.py:190} INFO - [2025-03-15T07:17:36.021+0000] {dag.py:3239} INFO - Sync 1 DAGs
[2025-03-15T07:17:36.033+0000] {logging_mixin.py:190} INFO - [2025-03-15T07:17:36.033+0000] {dag.py:4180} INFO - Setting next_dagrun for example_branch_dop_operator_v3 to 2025-03-15 07:16:00+00:00, run_after=2025-03-15 07:17:00+00:00
[2025-03-15T07:17:36.043+0000] {processor.py:208} INFO - Processing /home/airflow/.local/lib/python3.12/site-packages/airflow/example_dags/example_branch_python_dop_operator_3.py took 0.051 seconds
[2025-03-15T07:18:06.420+0000] {processor.py:186} INFO - Started process (PID=822) to work on /home/airflow/.local/lib/python3.12/site-packages/airflow/example_dags/example_branch_python_dop_operator_3.py
[2025-03-15T07:18:06.421+0000] {processor.py:914} INFO - Processing file /home/airflow/.local/lib/python3.12/site-packages/airflow/example_dags/example_branch_python_dop_operator_3.py for tasks to queue
[2025-03-15T07:18:06.422+0000] {logging_mixin.py:190} INFO - [2025-03-15T07:18:06.422+0000] {dagbag.py:588} INFO - Filling up the DagBag from /home/airflow/.local/lib/python3.12/site-packages/airflow/example_dags/example_branch_python_dop_operator_3.py
[2025-03-15T07:18:06.427+0000] {processor.py:925} INFO - DAG(s) 'example_branch_dop_operator_v3' retrieved from /home/airflow/.local/lib/python3.12/site-packages/airflow/example_dags/example_branch_python_dop_operator_3.py
[2025-03-15T07:18:06.442+0000] {logging_mixin.py:190} INFO - [2025-03-15T07:18:06.442+0000] {dag.py:3239} INFO - Sync 1 DAGs
[2025-03-15T07:18:06.455+0000] {logging_mixin.py:190} INFO - [2025-03-15T07:18:06.455+0000] {dag.py:4180} INFO - Setting next_dagrun for example_branch_dop_operator_v3 to 2025-03-15 07:17:00+00:00, run_after=2025-03-15 07:18:00+00:00
[2025-03-15T07:18:06.467+0000] {processor.py:208} INFO - Processing /home/airflow/.local/lib/python3.12/site-packages/airflow/example_dags/example_branch_python_dop_operator_3.py took 0.049 seconds
[2025-03-15T07:18:36.530+0000] {processor.py:186} INFO - Started process (PID=885) to work on /home/airflow/.local/lib/python3.12/site-packages/airflow/example_dags/example_branch_python_dop_operator_3.py
[2025-03-15T07:18:36.532+0000] {processor.py:914} INFO - Processing file /home/airflow/.local/lib/python3.12/site-packages/airflow/example_dags/example_branch_python_dop_operator_3.py for tasks to queue
[2025-03-15T07:18:36.534+0000] {logging_mixin.py:190} INFO - [2025-03-15T07:18:36.534+0000] {dagbag.py:588} INFO - Filling up the DagBag from /home/airflow/.local/lib/python3.12/site-packages/airflow/example_dags/example_branch_python_dop_operator_3.py
[2025-03-15T07:18:36.540+0000] {processor.py:925} INFO - DAG(s) 'example_branch_dop_operator_v3' retrieved from /home/airflow/.local/lib/python3.12/site-packages/airflow/example_dags/example_branch_python_dop_operator_3.py
[2025-03-15T07:18:36.550+0000] {logging_mixin.py:190} INFO - [2025-03-15T07:18:36.550+0000] {dag.py:3239} INFO - Sync 1 DAGs
[2025-03-15T07:18:36.565+0000] {logging_mixin.py:190} INFO - [2025-03-15T07:18:36.564+0000] {dag.py:4180} INFO - Setting next_dagrun for example_branch_dop_operator_v3 to 2025-03-15 07:17:00+00:00, run_after=2025-03-15 07:18:00+00:00
[2025-03-15T07:18:36.577+0000] {processor.py:208} INFO - Processing /home/airflow/.local/lib/python3.12/site-packages/airflow/example_dags/example_branch_python_dop_operator_3.py took 0.050 seconds
[2025-03-15T07:19:06.833+0000] {processor.py:186} INFO - Started process (PID=956) to work on /home/airflow/.local/lib/python3.12/site-packages/airflow/example_dags/example_branch_python_dop_operator_3.py
[2025-03-15T07:19:06.836+0000] {processor.py:914} INFO - Processing file /home/airflow/.local/lib/python3.12/site-packages/airflow/example_dags/example_branch_python_dop_operator_3.py for tasks to queue
[2025-03-15T07:19:06.837+0000] {logging_mixin.py:190} INFO - [2025-03-15T07:19:06.837+0000] {dagbag.py:588} INFO - Filling up the DagBag from /home/airflow/.local/lib/python3.12/site-packages/airflow/example_dags/example_branch_python_dop_operator_3.py
[2025-03-15T07:19:06.843+0000] {processor.py:925} INFO - DAG(s) 'example_branch_dop_operator_v3' retrieved from /home/airflow/.local/lib/python3.12/site-packages/airflow/example_dags/example_branch_python_dop_operator_3.py
[2025-03-15T07:19:06.859+0000] {logging_mixin.py:190} INFO - [2025-03-15T07:19:06.859+0000] {dag.py:3239} INFO - Sync 1 DAGs
[2025-03-15T07:19:06.872+0000] {logging_mixin.py:190} INFO - [2025-03-15T07:19:06.872+0000] {dag.py:4180} INFO - Setting next_dagrun for example_branch_dop_operator_v3 to 2025-03-15 07:18:00+00:00, run_after=2025-03-15 07:19:00+00:00
[2025-03-15T07:19:06.883+0000] {processor.py:208} INFO - Processing /home/airflow/.local/lib/python3.12/site-packages/airflow/example_dags/example_branch_python_dop_operator_3.py took 0.054 seconds
[2025-03-15T07:19:37.784+0000] {processor.py:186} INFO - Started process (PID=1019) to work on /home/airflow/.local/lib/python3.12/site-packages/airflow/example_dags/example_branch_python_dop_operator_3.py
[2025-03-15T07:19:37.785+0000] {processor.py:914} INFO - Processing file /home/airflow/.local/lib/python3.12/site-packages/airflow/example_dags/example_branch_python_dop_operator_3.py for tasks to queue
[2025-03-15T07:19:37.786+0000] {logging_mixin.py:190} INFO - [2025-03-15T07:19:37.786+0000] {dagbag.py:588} INFO - Filling up the DagBag from /home/airflow/.local/lib/python3.12/site-packages/airflow/example_dags/example_branch_python_dop_operator_3.py
[2025-03-15T07:19:37.791+0000] {processor.py:925} INFO - DAG(s) 'example_branch_dop_operator_v3' retrieved from /home/airflow/.local/lib/python3.12/site-packages/airflow/example_dags/example_branch_python_dop_operator_3.py
[2025-03-15T07:19:37.806+0000] {logging_mixin.py:190} INFO - [2025-03-15T07:19:37.806+0000] {dag.py:3239} INFO - Sync 1 DAGs
[2025-03-15T07:19:37.821+0000] {logging_mixin.py:190} INFO - [2025-03-15T07:19:37.821+0000] {dag.py:4180} INFO - Setting next_dagrun for example_branch_dop_operator_v3 to 2025-03-15 07:18:00+00:00, run_after=2025-03-15 07:19:00+00:00
[2025-03-15T07:19:37.833+0000] {processor.py:208} INFO - Processing /home/airflow/.local/lib/python3.12/site-packages/airflow/example_dags/example_branch_python_dop_operator_3.py took 0.053 seconds
[2025-03-15T07:20:08.039+0000] {processor.py:186} INFO - Started process (PID=1082) to work on /home/airflow/.local/lib/python3.12/site-packages/airflow/example_dags/example_branch_python_dop_operator_3.py
[2025-03-15T07:20:08.040+0000] {processor.py:914} INFO - Processing file /home/airflow/.local/lib/python3.12/site-packages/airflow/example_dags/example_branch_python_dop_operator_3.py for tasks to queue
[2025-03-15T07:20:08.044+0000] {logging_mixin.py:190} INFO - [2025-03-15T07:20:08.044+0000] {dagbag.py:588} INFO - Filling up the DagBag from /home/airflow/.local/lib/python3.12/site-packages/airflow/example_dags/example_branch_python_dop_operator_3.py
[2025-03-15T07:20:08.052+0000] {processor.py:925} INFO - DAG(s) 'example_branch_dop_operator_v3' retrieved from /home/airflow/.local/lib/python3.12/site-packages/airflow/example_dags/example_branch_python_dop_operator_3.py
[2025-03-15T07:20:08.068+0000] {logging_mixin.py:190} INFO - [2025-03-15T07:20:08.068+0000] {dag.py:3239} INFO - Sync 1 DAGs
[2025-03-15T07:20:08.083+0000] {logging_mixin.py:190} INFO - [2025-03-15T07:20:08.083+0000] {dag.py:4180} INFO - Setting next_dagrun for example_branch_dop_operator_v3 to 2025-03-15 07:19:00+00:00, run_after=2025-03-15 07:20:00+00:00
[2025-03-15T07:20:08.098+0000] {processor.py:208} INFO - Processing /home/airflow/.local/lib/python3.12/site-packages/airflow/example_dags/example_branch_python_dop_operator_3.py took 0.063 seconds
[2025-03-15T07:20:38.134+0000] {processor.py:186} INFO - Started process (PID=1144) to work on /home/airflow/.local/lib/python3.12/site-packages/airflow/example_dags/example_branch_python_dop_operator_3.py
[2025-03-15T07:20:38.136+0000] {processor.py:914} INFO - Processing file /home/airflow/.local/lib/python3.12/site-packages/airflow/example_dags/example_branch_python_dop_operator_3.py for tasks to queue
[2025-03-15T07:20:38.138+0000] {logging_mixin.py:190} INFO - [2025-03-15T07:20:38.138+0000] {dagbag.py:588} INFO - Filling up the DagBag from /home/airflow/.local/lib/python3.12/site-packages/airflow/example_dags/example_branch_python_dop_operator_3.py
[2025-03-15T07:20:38.146+0000] {processor.py:925} INFO - DAG(s) 'example_branch_dop_operator_v3' retrieved from /home/airflow/.local/lib/python3.12/site-packages/airflow/example_dags/example_branch_python_dop_operator_3.py
[2025-03-15T07:20:38.160+0000] {logging_mixin.py:190} INFO - [2025-03-15T07:20:38.160+0000] {dag.py:3239} INFO - Sync 1 DAGs
[2025-03-15T07:20:38.173+0000] {logging_mixin.py:190} INFO - [2025-03-15T07:20:38.173+0000] {dag.py:4180} INFO - Setting next_dagrun for example_branch_dop_operator_v3 to 2025-03-15 07:19:00+00:00, run_after=2025-03-15 07:20:00+00:00
[2025-03-15T07:20:38.189+0000] {processor.py:208} INFO - Processing /home/airflow/.local/lib/python3.12/site-packages/airflow/example_dags/example_branch_python_dop_operator_3.py took 0.059 seconds
[2025-03-15T07:21:08.696+0000] {processor.py:186} INFO - Started process (PID=1207) to work on /home/airflow/.local/lib/python3.12/site-packages/airflow/example_dags/example_branch_python_dop_operator_3.py
[2025-03-15T07:21:08.697+0000] {processor.py:914} INFO - Processing file /home/airflow/.local/lib/python3.12/site-packages/airflow/example_dags/example_branch_python_dop_operator_3.py for tasks to queue
[2025-03-15T07:21:08.698+0000] {logging_mixin.py:190} INFO - [2025-03-15T07:21:08.698+0000] {dagbag.py:588} INFO - Filling up the DagBag from /home/airflow/.local/lib/python3.12/site-packages/airflow/example_dags/example_branch_python_dop_operator_3.py
[2025-03-15T07:21:08.704+0000] {processor.py:925} INFO - DAG(s) 'example_branch_dop_operator_v3' retrieved from /home/airflow/.local/lib/python3.12/site-packages/airflow/example_dags/example_branch_python_dop_operator_3.py
[2025-03-15T07:21:08.719+0000] {logging_mixin.py:190} INFO - [2025-03-15T07:21:08.718+0000] {dag.py:3239} INFO - Sync 1 DAGs
[2025-03-15T07:21:08.733+0000] {logging_mixin.py:190} INFO - [2025-03-15T07:21:08.733+0000] {dag.py:4180} INFO - Setting next_dagrun for example_branch_dop_operator_v3 to 2025-03-15 07:20:00+00:00, run_after=2025-03-15 07:21:00+00:00
[2025-03-15T07:21:08.747+0000] {processor.py:208} INFO - Processing /home/airflow/.local/lib/python3.12/site-packages/airflow/example_dags/example_branch_python_dop_operator_3.py took 0.055 seconds
[2025-03-15T07:21:38.935+0000] {processor.py:186} INFO - Started process (PID=1270) to work on /home/airflow/.local/lib/python3.12/site-packages/airflow/example_dags/example_branch_python_dop_operator_3.py
[2025-03-15T07:21:38.936+0000] {processor.py:914} INFO - Processing file /home/airflow/.local/lib/python3.12/site-packages/airflow/example_dags/example_branch_python_dop_operator_3.py for tasks to queue
[2025-03-15T07:21:38.937+0000] {logging_mixin.py:190} INFO - [2025-03-15T07:21:38.937+0000] {dagbag.py:588} INFO - Filling up the DagBag from /home/airflow/.local/lib/python3.12/site-packages/airflow/example_dags/example_branch_python_dop_operator_3.py
[2025-03-15T07:21:38.943+0000] {processor.py:925} INFO - DAG(s) 'example_branch_dop_operator_v3' retrieved from /home/airflow/.local/lib/python3.12/site-packages/airflow/example_dags/example_branch_python_dop_operator_3.py
[2025-03-15T07:21:38.959+0000] {logging_mixin.py:190} INFO - [2025-03-15T07:21:38.958+0000] {dag.py:3239} INFO - Sync 1 DAGs
[2025-03-15T07:21:38.976+0000] {logging_mixin.py:190} INFO - [2025-03-15T07:21:38.976+0000] {dag.py:4180} INFO - Setting next_dagrun for example_branch_dop_operator_v3 to 2025-03-15 07:20:00+00:00, run_after=2025-03-15 07:21:00+00:00
[2025-03-15T07:21:38.987+0000] {processor.py:208} INFO - Processing /home/airflow/.local/lib/python3.12/site-packages/airflow/example_dags/example_branch_python_dop_operator_3.py took 0.055 seconds
[2025-03-15T07:22:09.195+0000] {processor.py:186} INFO - Started process (PID=1333) to work on /home/airflow/.local/lib/python3.12/site-packages/airflow/example_dags/example_branch_python_dop_operator_3.py
[2025-03-15T07:22:09.196+0000] {processor.py:914} INFO - Processing file /home/airflow/.local/lib/python3.12/site-packages/airflow/example_dags/example_branch_python_dop_operator_3.py for tasks to queue
[2025-03-15T07:22:09.197+0000] {logging_mixin.py:190} INFO - [2025-03-15T07:22:09.197+0000] {dagbag.py:588} INFO - Filling up the DagBag from /home/airflow/.local/lib/python3.12/site-packages/airflow/example_dags/example_branch_python_dop_operator_3.py
[2025-03-15T07:22:09.203+0000] {processor.py:925} INFO - DAG(s) 'example_branch_dop_operator_v3' retrieved from /home/airflow/.local/lib/python3.12/site-packages/airflow/example_dags/example_branch_python_dop_operator_3.py
[2025-03-15T07:22:09.217+0000] {logging_mixin.py:190} INFO - [2025-03-15T07:22:09.217+0000] {dag.py:3239} INFO - Sync 1 DAGs
[2025-03-15T07:22:09.231+0000] {logging_mixin.py:190} INFO - [2025-03-15T07:22:09.231+0000] {dag.py:4180} INFO - Setting next_dagrun for example_branch_dop_operator_v3 to 2025-03-15 07:21:00+00:00, run_after=2025-03-15 07:22:00+00:00
[2025-03-15T07:22:09.242+0000] {processor.py:208} INFO - Processing /home/airflow/.local/lib/python3.12/site-packages/airflow/example_dags/example_branch_python_dop_operator_3.py took 0.050 seconds
[2025-03-15T07:22:39.964+0000] {processor.py:186} INFO - Started process (PID=1396) to work on /home/airflow/.local/lib/python3.12/site-packages/airflow/example_dags/example_branch_python_dop_operator_3.py
[2025-03-15T07:22:39.965+0000] {processor.py:914} INFO - Processing file /home/airflow/.local/lib/python3.12/site-packages/airflow/example_dags/example_branch_python_dop_operator_3.py for tasks to queue
[2025-03-15T07:22:39.967+0000] {logging_mixin.py:190} INFO - [2025-03-15T07:22:39.967+0000] {dagbag.py:588} INFO - Filling up the DagBag from /home/airflow/.local/lib/python3.12/site-packages/airflow/example_dags/example_branch_python_dop_operator_3.py
[2025-03-15T07:22:39.972+0000] {processor.py:925} INFO - DAG(s) 'example_branch_dop_operator_v3' retrieved from /home/airflow/.local/lib/python3.12/site-packages/airflow/example_dags/example_branch_python_dop_operator_3.py
[2025-03-15T07:22:39.988+0000] {logging_mixin.py:190} INFO - [2025-03-15T07:22:39.988+0000] {dag.py:3239} INFO - Sync 1 DAGs
[2025-03-15T07:22:40.001+0000] {logging_mixin.py:190} INFO - [2025-03-15T07:22:40.001+0000] {dag.py:4180} INFO - Setting next_dagrun for example_branch_dop_operator_v3 to 2025-03-15 07:21:00+00:00, run_after=2025-03-15 07:22:00+00:00
[2025-03-15T07:22:40.018+0000] {processor.py:208} INFO - Processing /home/airflow/.local/lib/python3.12/site-packages/airflow/example_dags/example_branch_python_dop_operator_3.py took 0.058 seconds
[2025-03-15T07:23:10.318+0000] {processor.py:186} INFO - Started process (PID=1459) to work on /home/airflow/.local/lib/python3.12/site-packages/airflow/example_dags/example_branch_python_dop_operator_3.py
[2025-03-15T07:23:10.319+0000] {processor.py:914} INFO - Processing file /home/airflow/.local/lib/python3.12/site-packages/airflow/example_dags/example_branch_python_dop_operator_3.py for tasks to queue
[2025-03-15T07:23:10.320+0000] {logging_mixin.py:190} INFO - [2025-03-15T07:23:10.320+0000] {dagbag.py:588} INFO - Filling up the DagBag from /home/airflow/.local/lib/python3.12/site-packages/airflow/example_dags/example_branch_python_dop_operator_3.py
[2025-03-15T07:23:10.327+0000] {processor.py:925} INFO - DAG(s) 'example_branch_dop_operator_v3' retrieved from /home/airflow/.local/lib/python3.12/site-packages/airflow/example_dags/example_branch_python_dop_operator_3.py
[2025-03-15T07:23:10.341+0000] {logging_mixin.py:190} INFO - [2025-03-15T07:23:10.341+0000] {dag.py:3239} INFO - Sync 1 DAGs
[2025-03-15T07:23:10.353+0000] {logging_mixin.py:190} INFO - [2025-03-15T07:23:10.353+0000] {dag.py:4180} INFO - Setting next_dagrun for example_branch_dop_operator_v3 to 2025-03-15 07:22:00+00:00, run_after=2025-03-15 07:23:00+00:00
[2025-03-15T07:23:10.367+0000] {processor.py:208} INFO - Processing /home/airflow/.local/lib/python3.12/site-packages/airflow/example_dags/example_branch_python_dop_operator_3.py took 0.052 seconds
[2025-03-15T07:23:40.593+0000] {processor.py:186} INFO - Started process (PID=1522) to work on /home/airflow/.local/lib/python3.12/site-packages/airflow/example_dags/example_branch_python_dop_operator_3.py
[2025-03-15T07:23:40.594+0000] {processor.py:914} INFO - Processing file /home/airflow/.local/lib/python3.12/site-packages/airflow/example_dags/example_branch_python_dop_operator_3.py for tasks to queue
[2025-03-15T07:23:40.595+0000] {logging_mixin.py:190} INFO - [2025-03-15T07:23:40.595+0000] {dagbag.py:588} INFO - Filling up the DagBag from /home/airflow/.local/lib/python3.12/site-packages/airflow/example_dags/example_branch_python_dop_operator_3.py
[2025-03-15T07:23:40.604+0000] {processor.py:925} INFO - DAG(s) 'example_branch_dop_operator_v3' retrieved from /home/airflow/.local/lib/python3.12/site-packages/airflow/example_dags/example_branch_python_dop_operator_3.py
[2025-03-15T07:23:40.624+0000] {logging_mixin.py:190} INFO - [2025-03-15T07:23:40.624+0000] {dag.py:3239} INFO - Sync 1 DAGs
[2025-03-15T07:23:40.646+0000] {logging_mixin.py:190} INFO - [2025-03-15T07:23:40.646+0000] {dag.py:4180} INFO - Setting next_dagrun for example_branch_dop_operator_v3 to 2025-03-15 07:22:00+00:00, run_after=2025-03-15 07:23:00+00:00
[2025-03-15T07:23:40.661+0000] {processor.py:208} INFO - Processing /home/airflow/.local/lib/python3.12/site-packages/airflow/example_dags/example_branch_python_dop_operator_3.py took 0.071 seconds
[2025-03-15T07:24:11.046+0000] {processor.py:186} INFO - Started process (PID=1585) to work on /home/airflow/.local/lib/python3.12/site-packages/airflow/example_dags/example_branch_python_dop_operator_3.py
[2025-03-15T07:24:11.047+0000] {processor.py:914} INFO - Processing file /home/airflow/.local/lib/python3.12/site-packages/airflow/example_dags/example_branch_python_dop_operator_3.py for tasks to queue
[2025-03-15T07:24:11.048+0000] {logging_mixin.py:190} INFO - [2025-03-15T07:24:11.048+0000] {dagbag.py:588} INFO - Filling up the DagBag from /home/airflow/.local/lib/python3.12/site-packages/airflow/example_dags/example_branch_python_dop_operator_3.py
[2025-03-15T07:24:11.053+0000] {processor.py:925} INFO - DAG(s) 'example_branch_dop_operator_v3' retrieved from /home/airflow/.local/lib/python3.12/site-packages/airflow/example_dags/example_branch_python_dop_operator_3.py
[2025-03-15T07:24:11.068+0000] {logging_mixin.py:190} INFO - [2025-03-15T07:24:11.067+0000] {dag.py:3239} INFO - Sync 1 DAGs
[2025-03-15T07:24:11.085+0000] {logging_mixin.py:190} INFO - [2025-03-15T07:24:11.084+0000] {dag.py:4180} INFO - Setting next_dagrun for example_branch_dop_operator_v3 to 2025-03-15 07:23:00+00:00, run_after=2025-03-15 07:24:00+00:00
[2025-03-15T07:24:11.097+0000] {processor.py:208} INFO - Processing /home/airflow/.local/lib/python3.12/site-packages/airflow/example_dags/example_branch_python_dop_operator_3.py took 0.054 seconds
[2025-03-15T07:24:41.305+0000] {processor.py:186} INFO - Started process (PID=1648) to work on /home/airflow/.local/lib/python3.12/site-packages/airflow/example_dags/example_branch_python_dop_operator_3.py
[2025-03-15T07:24:41.306+0000] {processor.py:914} INFO - Processing file /home/airflow/.local/lib/python3.12/site-packages/airflow/example_dags/example_branch_python_dop_operator_3.py for tasks to queue
[2025-03-15T07:24:41.307+0000] {logging_mixin.py:190} INFO - [2025-03-15T07:24:41.307+0000] {dagbag.py:588} INFO - Filling up the DagBag from /home/airflow/.local/lib/python3.12/site-packages/airflow/example_dags/example_branch_python_dop_operator_3.py
[2025-03-15T07:24:41.314+0000] {processor.py:925} INFO - DAG(s) 'example_branch_dop_operator_v3' retrieved from /home/airflow/.local/lib/python3.12/site-packages/airflow/example_dags/example_branch_python_dop_operator_3.py
[2025-03-15T07:24:41.329+0000] {logging_mixin.py:190} INFO - [2025-03-15T07:24:41.328+0000] {dag.py:3239} INFO - Sync 1 DAGs
[2025-03-15T07:24:41.347+0000] {logging_mixin.py:190} INFO - [2025-03-15T07:24:41.347+0000] {dag.py:4180} INFO - Setting next_dagrun for example_branch_dop_operator_v3 to 2025-03-15 07:23:00+00:00, run_after=2025-03-15 07:24:00+00:00
[2025-03-15T07:24:41.357+0000] {processor.py:208} INFO - Processing /home/airflow/.local/lib/python3.12/site-packages/airflow/example_dags/example_branch_python_dop_operator_3.py took 0.056 seconds
[2025-03-15T07:25:11.774+0000] {processor.py:186} INFO - Started process (PID=1710) to work on /home/airflow/.local/lib/python3.12/site-packages/airflow/example_dags/example_branch_python_dop_operator_3.py
[2025-03-15T07:25:11.775+0000] {processor.py:914} INFO - Processing file /home/airflow/.local/lib/python3.12/site-packages/airflow/example_dags/example_branch_python_dop_operator_3.py for tasks to queue
[2025-03-15T07:25:11.776+0000] {logging_mixin.py:190} INFO - [2025-03-15T07:25:11.776+0000] {dagbag.py:588} INFO - Filling up the DagBag from /home/airflow/.local/lib/python3.12/site-packages/airflow/example_dags/example_branch_python_dop_operator_3.py
[2025-03-15T07:25:11.784+0000] {processor.py:925} INFO - DAG(s) 'example_branch_dop_operator_v3' retrieved from /home/airflow/.local/lib/python3.12/site-packages/airflow/example_dags/example_branch_python_dop_operator_3.py
[2025-03-15T07:25:11.799+0000] {logging_mixin.py:190} INFO - [2025-03-15T07:25:11.799+0000] {dag.py:3239} INFO - Sync 1 DAGs
[2025-03-15T07:25:11.813+0000] {logging_mixin.py:190} INFO - [2025-03-15T07:25:11.812+0000] {dag.py:4180} INFO - Setting next_dagrun for example_branch_dop_operator_v3 to 2025-03-15 07:24:00+00:00, run_after=2025-03-15 07:25:00+00:00
[2025-03-15T07:25:11.826+0000] {processor.py:208} INFO - Processing /home/airflow/.local/lib/python3.12/site-packages/airflow/example_dags/example_branch_python_dop_operator_3.py took 0.056 seconds
[2025-03-15T07:25:42.181+0000] {processor.py:186} INFO - Started process (PID=1773) to work on /home/airflow/.local/lib/python3.12/site-packages/airflow/example_dags/example_branch_python_dop_operator_3.py
[2025-03-15T07:25:42.182+0000] {processor.py:914} INFO - Processing file /home/airflow/.local/lib/python3.12/site-packages/airflow/example_dags/example_branch_python_dop_operator_3.py for tasks to queue
[2025-03-15T07:25:42.186+0000] {logging_mixin.py:190} INFO - [2025-03-15T07:25:42.185+0000] {dagbag.py:588} INFO - Filling up the DagBag from /home/airflow/.local/lib/python3.12/site-packages/airflow/example_dags/example_branch_python_dop_operator_3.py
[2025-03-15T07:25:42.196+0000] {processor.py:925} INFO - DAG(s) 'example_branch_dop_operator_v3' retrieved from /home/airflow/.local/lib/python3.12/site-packages/airflow/example_dags/example_branch_python_dop_operator_3.py
[2025-03-15T07:25:42.212+0000] {logging_mixin.py:190} INFO - [2025-03-15T07:25:42.212+0000] {dag.py:3239} INFO - Sync 1 DAGs
[2025-03-15T07:25:42.228+0000] {logging_mixin.py:190} INFO - [2025-03-15T07:25:42.228+0000] {dag.py:4180} INFO - Setting next_dagrun for example_branch_dop_operator_v3 to 2025-03-15 07:24:00+00:00, run_after=2025-03-15 07:25:00+00:00
[2025-03-15T07:25:42.240+0000] {processor.py:208} INFO - Processing /home/airflow/.local/lib/python3.12/site-packages/airflow/example_dags/example_branch_python_dop_operator_3.py took 0.062 seconds
[2025-03-15T07:26:12.343+0000] {processor.py:186} INFO - Started process (PID=1835) to work on /home/airflow/.local/lib/python3.12/site-packages/airflow/example_dags/example_branch_python_dop_operator_3.py
[2025-03-15T07:26:12.344+0000] {processor.py:914} INFO - Processing file /home/airflow/.local/lib/python3.12/site-packages/airflow/example_dags/example_branch_python_dop_operator_3.py for tasks to queue
[2025-03-15T07:26:12.350+0000] {logging_mixin.py:190} INFO - [2025-03-15T07:26:12.350+0000] {dagbag.py:588} INFO - Filling up the DagBag from /home/airflow/.local/lib/python3.12/site-packages/airflow/example_dags/example_branch_python_dop_operator_3.py
[2025-03-15T07:26:12.369+0000] {processor.py:925} INFO - DAG(s) 'example_branch_dop_operator_v3' retrieved from /home/airflow/.local/lib/python3.12/site-packages/airflow/example_dags/example_branch_python_dop_operator_3.py
[2025-03-15T07:26:12.381+0000] {logging_mixin.py:190} INFO - [2025-03-15T07:26:12.381+0000] {dag.py:3239} INFO - Sync 1 DAGs
[2025-03-15T07:26:12.394+0000] {logging_mixin.py:190} INFO - [2025-03-15T07:26:12.394+0000] {dag.py:4180} INFO - Setting next_dagrun for example_branch_dop_operator_v3 to 2025-03-15 07:25:00+00:00, run_after=2025-03-15 07:26:00+00:00
[2025-03-15T07:26:12.405+0000] {processor.py:208} INFO - Processing /home/airflow/.local/lib/python3.12/site-packages/airflow/example_dags/example_branch_python_dop_operator_3.py took 0.065 seconds
[2025-03-15T07:26:43.024+0000] {processor.py:186} INFO - Started process (PID=1898) to work on /home/airflow/.local/lib/python3.12/site-packages/airflow/example_dags/example_branch_python_dop_operator_3.py
[2025-03-15T07:26:43.025+0000] {processor.py:914} INFO - Processing file /home/airflow/.local/lib/python3.12/site-packages/airflow/example_dags/example_branch_python_dop_operator_3.py for tasks to queue
[2025-03-15T07:26:43.026+0000] {logging_mixin.py:190} INFO - [2025-03-15T07:26:43.026+0000] {dagbag.py:588} INFO - Filling up the DagBag from /home/airflow/.local/lib/python3.12/site-packages/airflow/example_dags/example_branch_python_dop_operator_3.py
[2025-03-15T07:26:43.034+0000] {processor.py:925} INFO - DAG(s) 'example_branch_dop_operator_v3' retrieved from /home/airflow/.local/lib/python3.12/site-packages/airflow/example_dags/example_branch_python_dop_operator_3.py
[2025-03-15T07:26:43.047+0000] {logging_mixin.py:190} INFO - [2025-03-15T07:26:43.047+0000] {dag.py:3239} INFO - Sync 1 DAGs
[2025-03-15T07:26:43.063+0000] {logging_mixin.py:190} INFO - [2025-03-15T07:26:43.063+0000] {dag.py:4180} INFO - Setting next_dagrun for example_branch_dop_operator_v3 to 2025-03-15 07:25:00+00:00, run_after=2025-03-15 07:26:00+00:00
[2025-03-15T07:26:43.077+0000] {processor.py:208} INFO - Processing /home/airflow/.local/lib/python3.12/site-packages/airflow/example_dags/example_branch_python_dop_operator_3.py took 0.057 seconds
[2025-03-15T07:27:14.269+0000] {processor.py:186} INFO - Started process (PID=1962) to work on /home/airflow/.local/lib/python3.12/site-packages/airflow/example_dags/example_branch_python_dop_operator_3.py
[2025-03-15T07:27:14.270+0000] {processor.py:914} INFO - Processing file /home/airflow/.local/lib/python3.12/site-packages/airflow/example_dags/example_branch_python_dop_operator_3.py for tasks to queue
[2025-03-15T07:27:14.272+0000] {logging_mixin.py:190} INFO - [2025-03-15T07:27:14.272+0000] {dagbag.py:588} INFO - Filling up the DagBag from /home/airflow/.local/lib/python3.12/site-packages/airflow/example_dags/example_branch_python_dop_operator_3.py
[2025-03-15T07:27:14.277+0000] {processor.py:925} INFO - DAG(s) 'example_branch_dop_operator_v3' retrieved from /home/airflow/.local/lib/python3.12/site-packages/airflow/example_dags/example_branch_python_dop_operator_3.py
[2025-03-15T07:27:14.293+0000] {logging_mixin.py:190} INFO - [2025-03-15T07:27:14.292+0000] {dag.py:3239} INFO - Sync 1 DAGs
[2025-03-15T07:27:14.308+0000] {logging_mixin.py:190} INFO - [2025-03-15T07:27:14.308+0000] {dag.py:4180} INFO - Setting next_dagrun for example_branch_dop_operator_v3 to 2025-03-15 07:26:00+00:00, run_after=2025-03-15 07:27:00+00:00
[2025-03-15T07:27:14.324+0000] {processor.py:208} INFO - Processing /home/airflow/.local/lib/python3.12/site-packages/airflow/example_dags/example_branch_python_dop_operator_3.py took 0.058 seconds
[2025-03-15T07:27:44.892+0000] {processor.py:186} INFO - Started process (PID=2026) to work on /home/airflow/.local/lib/python3.12/site-packages/airflow/example_dags/example_branch_python_dop_operator_3.py
[2025-03-15T07:27:44.895+0000] {processor.py:914} INFO - Processing file /home/airflow/.local/lib/python3.12/site-packages/airflow/example_dags/example_branch_python_dop_operator_3.py for tasks to queue
[2025-03-15T07:27:44.896+0000] {logging_mixin.py:190} INFO - [2025-03-15T07:27:44.896+0000] {dagbag.py:588} INFO - Filling up the DagBag from /home/airflow/.local/lib/python3.12/site-packages/airflow/example_dags/example_branch_python_dop_operator_3.py
[2025-03-15T07:27:44.903+0000] {processor.py:925} INFO - DAG(s) 'example_branch_dop_operator_v3' retrieved from /home/airflow/.local/lib/python3.12/site-packages/airflow/example_dags/example_branch_python_dop_operator_3.py
[2025-03-15T07:27:44.921+0000] {logging_mixin.py:190} INFO - [2025-03-15T07:27:44.921+0000] {dag.py:3239} INFO - Sync 1 DAGs
[2025-03-15T07:27:44.940+0000] {logging_mixin.py:190} INFO - [2025-03-15T07:27:44.939+0000] {dag.py:4180} INFO - Setting next_dagrun for example_branch_dop_operator_v3 to 2025-03-15 07:26:00+00:00, run_after=2025-03-15 07:27:00+00:00
[2025-03-15T07:27:44.956+0000] {processor.py:208} INFO - Processing /home/airflow/.local/lib/python3.12/site-packages/airflow/example_dags/example_branch_python_dop_operator_3.py took 0.069 seconds
[2025-03-15T07:28:15.007+0000] {processor.py:186} INFO - Started process (PID=2090) to work on /home/airflow/.local/lib/python3.12/site-packages/airflow/example_dags/example_branch_python_dop_operator_3.py
[2025-03-15T07:28:15.008+0000] {processor.py:914} INFO - Processing file /home/airflow/.local/lib/python3.12/site-packages/airflow/example_dags/example_branch_python_dop_operator_3.py for tasks to queue
[2025-03-15T07:28:15.010+0000] {logging_mixin.py:190} INFO - [2025-03-15T07:28:15.010+0000] {dagbag.py:588} INFO - Filling up the DagBag from /home/airflow/.local/lib/python3.12/site-packages/airflow/example_dags/example_branch_python_dop_operator_3.py
[2025-03-15T07:28:15.018+0000] {processor.py:925} INFO - DAG(s) 'example_branch_dop_operator_v3' retrieved from /home/airflow/.local/lib/python3.12/site-packages/airflow/example_dags/example_branch_python_dop_operator_3.py
[2025-03-15T07:28:15.034+0000] {logging_mixin.py:190} INFO - [2025-03-15T07:28:15.034+0000] {dag.py:3239} INFO - Sync 1 DAGs
[2025-03-15T07:28:15.051+0000] {logging_mixin.py:190} INFO - [2025-03-15T07:28:15.051+0000] {dag.py:4180} INFO - Setting next_dagrun for example_branch_dop_operator_v3 to 2025-03-15 07:27:00+00:00, run_after=2025-03-15 07:28:00+00:00
[2025-03-15T07:28:15.062+0000] {processor.py:208} INFO - Processing /home/airflow/.local/lib/python3.12/site-packages/airflow/example_dags/example_branch_python_dop_operator_3.py took 0.059 seconds
[2025-03-15T07:28:45.562+0000] {processor.py:186} INFO - Started process (PID=2154) to work on /home/airflow/.local/lib/python3.12/site-packages/airflow/example_dags/example_branch_python_dop_operator_3.py
[2025-03-15T07:28:45.563+0000] {processor.py:914} INFO - Processing file /home/airflow/.local/lib/python3.12/site-packages/airflow/example_dags/example_branch_python_dop_operator_3.py for tasks to queue
[2025-03-15T07:28:45.564+0000] {logging_mixin.py:190} INFO - [2025-03-15T07:28:45.564+0000] {dagbag.py:588} INFO - Filling up the DagBag from /home/airflow/.local/lib/python3.12/site-packages/airflow/example_dags/example_branch_python_dop_operator_3.py
[2025-03-15T07:28:45.570+0000] {processor.py:925} INFO - DAG(s) 'example_branch_dop_operator_v3' retrieved from /home/airflow/.local/lib/python3.12/site-packages/airflow/example_dags/example_branch_python_dop_operator_3.py
[2025-03-15T07:28:45.580+0000] {logging_mixin.py:190} INFO - [2025-03-15T07:28:45.580+0000] {dag.py:3239} INFO - Sync 1 DAGs
[2025-03-15T07:28:45.592+0000] {logging_mixin.py:190} INFO - [2025-03-15T07:28:45.592+0000] {dag.py:4180} INFO - Setting next_dagrun for example_branch_dop_operator_v3 to 2025-03-15 07:27:00+00:00, run_after=2025-03-15 07:28:00+00:00
[2025-03-15T07:28:45.602+0000] {processor.py:208} INFO - Processing /home/airflow/.local/lib/python3.12/site-packages/airflow/example_dags/example_branch_python_dop_operator_3.py took 0.043 seconds
[2025-03-15T07:29:15.672+0000] {processor.py:186} INFO - Started process (PID=2218) to work on /home/airflow/.local/lib/python3.12/site-packages/airflow/example_dags/example_branch_python_dop_operator_3.py
[2025-03-15T07:29:15.672+0000] {processor.py:914} INFO - Processing file /home/airflow/.local/lib/python3.12/site-packages/airflow/example_dags/example_branch_python_dop_operator_3.py for tasks to queue
[2025-03-15T07:29:15.674+0000] {logging_mixin.py:190} INFO - [2025-03-15T07:29:15.673+0000] {dagbag.py:588} INFO - Filling up the DagBag from /home/airflow/.local/lib/python3.12/site-packages/airflow/example_dags/example_branch_python_dop_operator_3.py
[2025-03-15T07:29:15.680+0000] {processor.py:925} INFO - DAG(s) 'example_branch_dop_operator_v3' retrieved from /home/airflow/.local/lib/python3.12/site-packages/airflow/example_dags/example_branch_python_dop_operator_3.py
[2025-03-15T07:29:15.691+0000] {logging_mixin.py:190} INFO - [2025-03-15T07:29:15.691+0000] {dag.py:3239} INFO - Sync 1 DAGs
[2025-03-15T07:29:15.703+0000] {logging_mixin.py:190} INFO - [2025-03-15T07:29:15.703+0000] {dag.py:4180} INFO - Setting next_dagrun for example_branch_dop_operator_v3 to 2025-03-15 07:28:00+00:00, run_after=2025-03-15 07:29:00+00:00
[2025-03-15T07:29:15.713+0000] {processor.py:208} INFO - Processing /home/airflow/.local/lib/python3.12/site-packages/airflow/example_dags/example_branch_python_dop_operator_3.py took 0.045 seconds
[2025-03-15T07:29:46.040+0000] {processor.py:186} INFO - Started process (PID=2282) to work on /home/airflow/.local/lib/python3.12/site-packages/airflow/example_dags/example_branch_python_dop_operator_3.py
[2025-03-15T07:29:46.041+0000] {processor.py:914} INFO - Processing file /home/airflow/.local/lib/python3.12/site-packages/airflow/example_dags/example_branch_python_dop_operator_3.py for tasks to queue
[2025-03-15T07:29:46.042+0000] {logging_mixin.py:190} INFO - [2025-03-15T07:29:46.042+0000] {dagbag.py:588} INFO - Filling up the DagBag from /home/airflow/.local/lib/python3.12/site-packages/airflow/example_dags/example_branch_python_dop_operator_3.py
[2025-03-15T07:29:46.048+0000] {processor.py:925} INFO - DAG(s) 'example_branch_dop_operator_v3' retrieved from /home/airflow/.local/lib/python3.12/site-packages/airflow/example_dags/example_branch_python_dop_operator_3.py
[2025-03-15T07:29:46.066+0000] {logging_mixin.py:190} INFO - [2025-03-15T07:29:46.066+0000] {dag.py:3239} INFO - Sync 1 DAGs
[2025-03-15T07:29:46.101+0000] {logging_mixin.py:190} INFO - [2025-03-15T07:29:46.101+0000] {dag.py:4180} INFO - Setting next_dagrun for example_branch_dop_operator_v3 to 2025-03-15 07:28:00+00:00, run_after=2025-03-15 07:29:00+00:00
[2025-03-15T07:29:46.126+0000] {processor.py:208} INFO - Processing /home/airflow/.local/lib/python3.12/site-packages/airflow/example_dags/example_branch_python_dop_operator_3.py took 0.089 seconds
[2025-03-15T07:30:16.489+0000] {processor.py:186} INFO - Started process (PID=2346) to work on /home/airflow/.local/lib/python3.12/site-packages/airflow/example_dags/example_branch_python_dop_operator_3.py
[2025-03-15T07:30:16.492+0000] {processor.py:914} INFO - Processing file /home/airflow/.local/lib/python3.12/site-packages/airflow/example_dags/example_branch_python_dop_operator_3.py for tasks to queue
[2025-03-15T07:30:16.494+0000] {logging_mixin.py:190} INFO - [2025-03-15T07:30:16.493+0000] {dagbag.py:588} INFO - Filling up the DagBag from /home/airflow/.local/lib/python3.12/site-packages/airflow/example_dags/example_branch_python_dop_operator_3.py
[2025-03-15T07:30:16.501+0000] {processor.py:925} INFO - DAG(s) 'example_branch_dop_operator_v3' retrieved from /home/airflow/.local/lib/python3.12/site-packages/airflow/example_dags/example_branch_python_dop_operator_3.py
[2025-03-15T07:30:16.522+0000] {logging_mixin.py:190} INFO - [2025-03-15T07:30:16.522+0000] {dag.py:3239} INFO - Sync 1 DAGs
[2025-03-15T07:30:16.539+0000] {logging_mixin.py:190} INFO - [2025-03-15T07:30:16.539+0000] {dag.py:4180} INFO - Setting next_dagrun for example_branch_dop_operator_v3 to 2025-03-15 07:29:00+00:00, run_after=2025-03-15 07:30:00+00:00
[2025-03-15T07:30:16.556+0000] {processor.py:208} INFO - Processing /home/airflow/.local/lib/python3.12/site-packages/airflow/example_dags/example_branch_python_dop_operator_3.py took 0.071 seconds
[2025-03-15T07:30:46.756+0000] {processor.py:186} INFO - Started process (PID=2410) to work on /home/airflow/.local/lib/python3.12/site-packages/airflow/example_dags/example_branch_python_dop_operator_3.py
[2025-03-15T07:30:46.757+0000] {processor.py:914} INFO - Processing file /home/airflow/.local/lib/python3.12/site-packages/airflow/example_dags/example_branch_python_dop_operator_3.py for tasks to queue
[2025-03-15T07:30:46.758+0000] {logging_mixin.py:190} INFO - [2025-03-15T07:30:46.758+0000] {dagbag.py:588} INFO - Filling up the DagBag from /home/airflow/.local/lib/python3.12/site-packages/airflow/example_dags/example_branch_python_dop_operator_3.py
[2025-03-15T07:30:46.764+0000] {processor.py:925} INFO - DAG(s) 'example_branch_dop_operator_v3' retrieved from /home/airflow/.local/lib/python3.12/site-packages/airflow/example_dags/example_branch_python_dop_operator_3.py
[2025-03-15T07:30:46.777+0000] {logging_mixin.py:190} INFO - [2025-03-15T07:30:46.777+0000] {dag.py:3239} INFO - Sync 1 DAGs
[2025-03-15T07:30:46.792+0000] {logging_mixin.py:190} INFO - [2025-03-15T07:30:46.792+0000] {dag.py:4180} INFO - Setting next_dagrun for example_branch_dop_operator_v3 to 2025-03-15 07:29:00+00:00, run_after=2025-03-15 07:30:00+00:00
[2025-03-15T07:30:46.804+0000] {processor.py:208} INFO - Processing /home/airflow/.local/lib/python3.12/site-packages/airflow/example_dags/example_branch_python_dop_operator_3.py took 0.051 seconds
[2025-03-15T07:31:16.839+0000] {processor.py:186} INFO - Started process (PID=2474) to work on /home/airflow/.local/lib/python3.12/site-packages/airflow/example_dags/example_branch_python_dop_operator_3.py
[2025-03-15T07:31:16.841+0000] {processor.py:914} INFO - Processing file /home/airflow/.local/lib/python3.12/site-packages/airflow/example_dags/example_branch_python_dop_operator_3.py for tasks to queue
[2025-03-15T07:31:16.843+0000] {logging_mixin.py:190} INFO - [2025-03-15T07:31:16.842+0000] {dagbag.py:588} INFO - Filling up the DagBag from /home/airflow/.local/lib/python3.12/site-packages/airflow/example_dags/example_branch_python_dop_operator_3.py
[2025-03-15T07:31:16.850+0000] {processor.py:925} INFO - DAG(s) 'example_branch_dop_operator_v3' retrieved from /home/airflow/.local/lib/python3.12/site-packages/airflow/example_dags/example_branch_python_dop_operator_3.py
[2025-03-15T07:31:16.864+0000] {logging_mixin.py:190} INFO - [2025-03-15T07:31:16.864+0000] {dag.py:3239} INFO - Sync 1 DAGs
[2025-03-15T07:31:16.878+0000] {logging_mixin.py:190} INFO - [2025-03-15T07:31:16.878+0000] {dag.py:4180} INFO - Setting next_dagrun for example_branch_dop_operator_v3 to 2025-03-15 07:30:00+00:00, run_after=2025-03-15 07:31:00+00:00
[2025-03-15T07:31:16.890+0000] {processor.py:208} INFO - Processing /home/airflow/.local/lib/python3.12/site-packages/airflow/example_dags/example_branch_python_dop_operator_3.py took 0.055 seconds
[2025-03-15T07:31:47.321+0000] {processor.py:186} INFO - Started process (PID=2538) to work on /home/airflow/.local/lib/python3.12/site-packages/airflow/example_dags/example_branch_python_dop_operator_3.py
[2025-03-15T07:31:47.325+0000] {processor.py:914} INFO - Processing file /home/airflow/.local/lib/python3.12/site-packages/airflow/example_dags/example_branch_python_dop_operator_3.py for tasks to queue
[2025-03-15T07:31:47.326+0000] {logging_mixin.py:190} INFO - [2025-03-15T07:31:47.326+0000] {dagbag.py:588} INFO - Filling up the DagBag from /home/airflow/.local/lib/python3.12/site-packages/airflow/example_dags/example_branch_python_dop_operator_3.py
[2025-03-15T07:31:47.337+0000] {processor.py:925} INFO - DAG(s) 'example_branch_dop_operator_v3' retrieved from /home/airflow/.local/lib/python3.12/site-packages/airflow/example_dags/example_branch_python_dop_operator_3.py
[2025-03-15T07:31:47.368+0000] {logging_mixin.py:190} INFO - [2025-03-15T07:31:47.368+0000] {dag.py:3239} INFO - Sync 1 DAGs
[2025-03-15T07:31:47.384+0000] {logging_mixin.py:190} INFO - [2025-03-15T07:31:47.384+0000] {dag.py:4180} INFO - Setting next_dagrun for example_branch_dop_operator_v3 to 2025-03-15 07:30:00+00:00, run_after=2025-03-15 07:31:00+00:00
[2025-03-15T07:31:47.401+0000] {processor.py:208} INFO - Processing /home/airflow/.local/lib/python3.12/site-packages/airflow/example_dags/example_branch_python_dop_operator_3.py took 0.083 seconds
[2025-03-15T07:32:17.619+0000] {processor.py:186} INFO - Started process (PID=2602) to work on /home/airflow/.local/lib/python3.12/site-packages/airflow/example_dags/example_branch_python_dop_operator_3.py
[2025-03-15T07:32:17.620+0000] {processor.py:914} INFO - Processing file /home/airflow/.local/lib/python3.12/site-packages/airflow/example_dags/example_branch_python_dop_operator_3.py for tasks to queue
[2025-03-15T07:32:17.621+0000] {logging_mixin.py:190} INFO - [2025-03-15T07:32:17.621+0000] {dagbag.py:588} INFO - Filling up the DagBag from /home/airflow/.local/lib/python3.12/site-packages/airflow/example_dags/example_branch_python_dop_operator_3.py
[2025-03-15T07:32:17.626+0000] {processor.py:925} INFO - DAG(s) 'example_branch_dop_operator_v3' retrieved from /home/airflow/.local/lib/python3.12/site-packages/airflow/example_dags/example_branch_python_dop_operator_3.py
[2025-03-15T07:32:17.636+0000] {logging_mixin.py:190} INFO - [2025-03-15T07:32:17.636+0000] {dag.py:3239} INFO - Sync 1 DAGs
[2025-03-15T07:32:17.649+0000] {logging_mixin.py:190} INFO - [2025-03-15T07:32:17.649+0000] {dag.py:4180} INFO - Setting next_dagrun for example_branch_dop_operator_v3 to 2025-03-15 07:31:00+00:00, run_after=2025-03-15 07:32:00+00:00
[2025-03-15T07:32:17.658+0000] {processor.py:208} INFO - Processing /home/airflow/.local/lib/python3.12/site-packages/airflow/example_dags/example_branch_python_dop_operator_3.py took 0.042 seconds
