[2025-03-15T07:12:00.410+0000] {processor.py:186} INFO - Started process (PID=87) to work on /home/airflow/.local/lib/python3.12/site-packages/airflow/example_dags/example_task_group.py
[2025-03-15T07:12:00.411+0000] {processor.py:914} INFO - Processing file /home/airflow/.local/lib/python3.12/site-packages/airflow/example_dags/example_task_group.py for tasks to queue
[2025-03-15T07:12:00.412+0000] {logging_mixin.py:190} INFO - [2025-03-15T07:12:00.412+0000] {dagbag.py:588} INFO - Filling up the DagBag from /home/airflow/.local/lib/python3.12/site-packages/airflow/example_dags/example_task_group.py
[2025-03-15T07:12:00.417+0000] {processor.py:925} INFO - DAG(s) 'example_task_group' retrieved from /home/airflow/.local/lib/python3.12/site-packages/airflow/example_dags/example_task_group.py
[2025-03-15T07:12:00.434+0000] {logging_mixin.py:190} INFO - [2025-03-15T07:12:00.434+0000] {dag.py:3239} INFO - Sync 1 DAGs
[2025-03-15T07:12:00.445+0000] {logging_mixin.py:190} INFO - [2025-03-15T07:12:00.445+0000] {dag.py:4180} INFO - Setting next_dagrun for example_task_group to None, run_after=None
[2025-03-15T07:12:00.459+0000] {processor.py:208} INFO - Processing /home/airflow/.local/lib/python3.12/site-packages/airflow/example_dags/example_task_group.py took 0.051 seconds
[2025-03-15T07:12:30.743+0000] {processor.py:186} INFO - Started process (PID=155) to work on /home/airflow/.local/lib/python3.12/site-packages/airflow/example_dags/example_task_group.py
[2025-03-15T07:12:30.744+0000] {processor.py:914} INFO - Processing file /home/airflow/.local/lib/python3.12/site-packages/airflow/example_dags/example_task_group.py for tasks to queue
[2025-03-15T07:12:30.745+0000] {logging_mixin.py:190} INFO - [2025-03-15T07:12:30.745+0000] {dagbag.py:588} INFO - Filling up the DagBag from /home/airflow/.local/lib/python3.12/site-packages/airflow/example_dags/example_task_group.py
[2025-03-15T07:12:30.750+0000] {processor.py:925} INFO - DAG(s) 'example_task_group' retrieved from /home/airflow/.local/lib/python3.12/site-packages/airflow/example_dags/example_task_group.py
[2025-03-15T07:12:30.768+0000] {logging_mixin.py:190} INFO - [2025-03-15T07:12:30.768+0000] {dag.py:3239} INFO - Sync 1 DAGs
[2025-03-15T07:12:30.778+0000] {logging_mixin.py:190} INFO - [2025-03-15T07:12:30.778+0000] {dag.py:4180} INFO - Setting next_dagrun for example_task_group to None, run_after=None
[2025-03-15T07:12:30.789+0000] {processor.py:208} INFO - Processing /home/airflow/.local/lib/python3.12/site-packages/airflow/example_dags/example_task_group.py took 0.050 seconds
[2025-03-15T07:13:01.007+0000] {processor.py:186} INFO - Started process (PID=218) to work on /home/airflow/.local/lib/python3.12/site-packages/airflow/example_dags/example_task_group.py
[2025-03-15T07:13:01.008+0000] {processor.py:914} INFO - Processing file /home/airflow/.local/lib/python3.12/site-packages/airflow/example_dags/example_task_group.py for tasks to queue
[2025-03-15T07:13:01.009+0000] {logging_mixin.py:190} INFO - [2025-03-15T07:13:01.009+0000] {dagbag.py:588} INFO - Filling up the DagBag from /home/airflow/.local/lib/python3.12/site-packages/airflow/example_dags/example_task_group.py
[2025-03-15T07:13:01.013+0000] {processor.py:925} INFO - DAG(s) 'example_task_group' retrieved from /home/airflow/.local/lib/python3.12/site-packages/airflow/example_dags/example_task_group.py
[2025-03-15T07:13:01.024+0000] {logging_mixin.py:190} INFO - [2025-03-15T07:13:01.024+0000] {dag.py:3239} INFO - Sync 1 DAGs
[2025-03-15T07:13:01.033+0000] {logging_mixin.py:190} INFO - [2025-03-15T07:13:01.032+0000] {dag.py:4180} INFO - Setting next_dagrun for example_task_group to None, run_after=None
[2025-03-15T07:13:01.041+0000] {processor.py:208} INFO - Processing /home/airflow/.local/lib/python3.12/site-packages/airflow/example_dags/example_task_group.py took 0.038 seconds
[2025-03-15T07:13:32.323+0000] {processor.py:186} INFO - Started process (PID=281) to work on /home/airflow/.local/lib/python3.12/site-packages/airflow/example_dags/example_task_group.py
[2025-03-15T07:13:32.324+0000] {processor.py:914} INFO - Processing file /home/airflow/.local/lib/python3.12/site-packages/airflow/example_dags/example_task_group.py for tasks to queue
[2025-03-15T07:13:32.326+0000] {logging_mixin.py:190} INFO - [2025-03-15T07:13:32.326+0000] {dagbag.py:588} INFO - Filling up the DagBag from /home/airflow/.local/lib/python3.12/site-packages/airflow/example_dags/example_task_group.py
[2025-03-15T07:13:32.331+0000] {processor.py:925} INFO - DAG(s) 'example_task_group' retrieved from /home/airflow/.local/lib/python3.12/site-packages/airflow/example_dags/example_task_group.py
[2025-03-15T07:13:32.345+0000] {logging_mixin.py:190} INFO - [2025-03-15T07:13:32.345+0000] {dag.py:3239} INFO - Sync 1 DAGs
[2025-03-15T07:13:32.352+0000] {logging_mixin.py:190} INFO - [2025-03-15T07:13:32.351+0000] {dag.py:4180} INFO - Setting next_dagrun for example_task_group to None, run_after=None
[2025-03-15T07:13:32.363+0000] {processor.py:208} INFO - Processing /home/airflow/.local/lib/python3.12/site-packages/airflow/example_dags/example_task_group.py took 0.043 seconds
[2025-03-15T07:14:02.860+0000] {processor.py:186} INFO - Started process (PID=344) to work on /home/airflow/.local/lib/python3.12/site-packages/airflow/example_dags/example_task_group.py
[2025-03-15T07:14:02.861+0000] {processor.py:914} INFO - Processing file /home/airflow/.local/lib/python3.12/site-packages/airflow/example_dags/example_task_group.py for tasks to queue
[2025-03-15T07:14:02.862+0000] {logging_mixin.py:190} INFO - [2025-03-15T07:14:02.862+0000] {dagbag.py:588} INFO - Filling up the DagBag from /home/airflow/.local/lib/python3.12/site-packages/airflow/example_dags/example_task_group.py
[2025-03-15T07:14:02.867+0000] {processor.py:925} INFO - DAG(s) 'example_task_group' retrieved from /home/airflow/.local/lib/python3.12/site-packages/airflow/example_dags/example_task_group.py
[2025-03-15T07:14:02.877+0000] {logging_mixin.py:190} INFO - [2025-03-15T07:14:02.877+0000] {dag.py:3239} INFO - Sync 1 DAGs
[2025-03-15T07:14:02.884+0000] {logging_mixin.py:190} INFO - [2025-03-15T07:14:02.884+0000] {dag.py:4180} INFO - Setting next_dagrun for example_task_group to None, run_after=None
[2025-03-15T07:14:02.897+0000] {processor.py:208} INFO - Processing /home/airflow/.local/lib/python3.12/site-packages/airflow/example_dags/example_task_group.py took 0.040 seconds
[2025-03-15T07:14:34.329+0000] {processor.py:186} INFO - Started process (PID=407) to work on /home/airflow/.local/lib/python3.12/site-packages/airflow/example_dags/example_task_group.py
[2025-03-15T07:14:34.330+0000] {processor.py:914} INFO - Processing file /home/airflow/.local/lib/python3.12/site-packages/airflow/example_dags/example_task_group.py for tasks to queue
[2025-03-15T07:14:34.332+0000] {logging_mixin.py:190} INFO - [2025-03-15T07:14:34.332+0000] {dagbag.py:588} INFO - Filling up the DagBag from /home/airflow/.local/lib/python3.12/site-packages/airflow/example_dags/example_task_group.py
[2025-03-15T07:14:34.338+0000] {processor.py:925} INFO - DAG(s) 'example_task_group' retrieved from /home/airflow/.local/lib/python3.12/site-packages/airflow/example_dags/example_task_group.py
[2025-03-15T07:14:34.364+0000] {logging_mixin.py:190} INFO - [2025-03-15T07:14:34.363+0000] {dag.py:3239} INFO - Sync 1 DAGs
[2025-03-15T07:14:34.375+0000] {logging_mixin.py:190} INFO - [2025-03-15T07:14:34.375+0000] {dag.py:4180} INFO - Setting next_dagrun for example_task_group to None, run_after=None
[2025-03-15T07:14:34.398+0000] {processor.py:208} INFO - Processing /home/airflow/.local/lib/python3.12/site-packages/airflow/example_dags/example_task_group.py took 0.073 seconds
[2025-03-15T07:15:05.541+0000] {processor.py:186} INFO - Started process (PID=470) to work on /home/airflow/.local/lib/python3.12/site-packages/airflow/example_dags/example_task_group.py
[2025-03-15T07:15:05.542+0000] {processor.py:914} INFO - Processing file /home/airflow/.local/lib/python3.12/site-packages/airflow/example_dags/example_task_group.py for tasks to queue
[2025-03-15T07:15:05.543+0000] {logging_mixin.py:190} INFO - [2025-03-15T07:15:05.543+0000] {dagbag.py:588} INFO - Filling up the DagBag from /home/airflow/.local/lib/python3.12/site-packages/airflow/example_dags/example_task_group.py
[2025-03-15T07:15:05.548+0000] {processor.py:925} INFO - DAG(s) 'example_task_group' retrieved from /home/airflow/.local/lib/python3.12/site-packages/airflow/example_dags/example_task_group.py
[2025-03-15T07:15:05.562+0000] {logging_mixin.py:190} INFO - [2025-03-15T07:15:05.562+0000] {dag.py:3239} INFO - Sync 1 DAGs
[2025-03-15T07:15:05.569+0000] {logging_mixin.py:190} INFO - [2025-03-15T07:15:05.569+0000] {dag.py:4180} INFO - Setting next_dagrun for example_task_group to None, run_after=None
[2025-03-15T07:15:05.578+0000] {processor.py:208} INFO - Processing /home/airflow/.local/lib/python3.12/site-packages/airflow/example_dags/example_task_group.py took 0.040 seconds
[2025-03-15T07:15:36.344+0000] {processor.py:186} INFO - Started process (PID=533) to work on /home/airflow/.local/lib/python3.12/site-packages/airflow/example_dags/example_task_group.py
[2025-03-15T07:15:36.345+0000] {processor.py:914} INFO - Processing file /home/airflow/.local/lib/python3.12/site-packages/airflow/example_dags/example_task_group.py for tasks to queue
[2025-03-15T07:15:36.346+0000] {logging_mixin.py:190} INFO - [2025-03-15T07:15:36.346+0000] {dagbag.py:588} INFO - Filling up the DagBag from /home/airflow/.local/lib/python3.12/site-packages/airflow/example_dags/example_task_group.py
[2025-03-15T07:15:36.351+0000] {processor.py:925} INFO - DAG(s) 'example_task_group' retrieved from /home/airflow/.local/lib/python3.12/site-packages/airflow/example_dags/example_task_group.py
[2025-03-15T07:15:36.364+0000] {logging_mixin.py:190} INFO - [2025-03-15T07:15:36.364+0000] {dag.py:3239} INFO - Sync 1 DAGs
[2025-03-15T07:15:36.372+0000] {logging_mixin.py:190} INFO - [2025-03-15T07:15:36.372+0000] {dag.py:4180} INFO - Setting next_dagrun for example_task_group to None, run_after=None
[2025-03-15T07:15:36.384+0000] {processor.py:208} INFO - Processing /home/airflow/.local/lib/python3.12/site-packages/airflow/example_dags/example_task_group.py took 0.043 seconds
[2025-03-15T07:16:07.281+0000] {processor.py:186} INFO - Started process (PID=595) to work on /home/airflow/.local/lib/python3.12/site-packages/airflow/example_dags/example_task_group.py
[2025-03-15T07:16:07.282+0000] {processor.py:914} INFO - Processing file /home/airflow/.local/lib/python3.12/site-packages/airflow/example_dags/example_task_group.py for tasks to queue
[2025-03-15T07:16:07.284+0000] {logging_mixin.py:190} INFO - [2025-03-15T07:16:07.283+0000] {dagbag.py:588} INFO - Filling up the DagBag from /home/airflow/.local/lib/python3.12/site-packages/airflow/example_dags/example_task_group.py
[2025-03-15T07:16:07.290+0000] {processor.py:925} INFO - DAG(s) 'example_task_group' retrieved from /home/airflow/.local/lib/python3.12/site-packages/airflow/example_dags/example_task_group.py
[2025-03-15T07:16:07.304+0000] {logging_mixin.py:190} INFO - [2025-03-15T07:16:07.303+0000] {dag.py:3239} INFO - Sync 1 DAGs
[2025-03-15T07:16:07.311+0000] {logging_mixin.py:190} INFO - [2025-03-15T07:16:07.310+0000] {dag.py:4180} INFO - Setting next_dagrun for example_task_group to None, run_after=None
[2025-03-15T07:16:07.320+0000] {processor.py:208} INFO - Processing /home/airflow/.local/lib/python3.12/site-packages/airflow/example_dags/example_task_group.py took 0.043 seconds
[2025-03-15T07:16:38.137+0000] {processor.py:186} INFO - Started process (PID=658) to work on /home/airflow/.local/lib/python3.12/site-packages/airflow/example_dags/example_task_group.py
[2025-03-15T07:16:38.138+0000] {processor.py:914} INFO - Processing file /home/airflow/.local/lib/python3.12/site-packages/airflow/example_dags/example_task_group.py for tasks to queue
[2025-03-15T07:16:38.139+0000] {logging_mixin.py:190} INFO - [2025-03-15T07:16:38.139+0000] {dagbag.py:588} INFO - Filling up the DagBag from /home/airflow/.local/lib/python3.12/site-packages/airflow/example_dags/example_task_group.py
[2025-03-15T07:16:38.143+0000] {processor.py:925} INFO - DAG(s) 'example_task_group' retrieved from /home/airflow/.local/lib/python3.12/site-packages/airflow/example_dags/example_task_group.py
[2025-03-15T07:16:38.155+0000] {logging_mixin.py:190} INFO - [2025-03-15T07:16:38.155+0000] {dag.py:3239} INFO - Sync 1 DAGs
[2025-03-15T07:16:38.163+0000] {logging_mixin.py:190} INFO - [2025-03-15T07:16:38.163+0000] {dag.py:4180} INFO - Setting next_dagrun for example_task_group to None, run_after=None
[2025-03-15T07:16:38.176+0000] {processor.py:208} INFO - Processing /home/airflow/.local/lib/python3.12/site-packages/airflow/example_dags/example_task_group.py took 0.043 seconds
[2025-03-15T07:17:09.173+0000] {processor.py:186} INFO - Started process (PID=720) to work on /home/airflow/.local/lib/python3.12/site-packages/airflow/example_dags/example_task_group.py
[2025-03-15T07:17:09.173+0000] {processor.py:914} INFO - Processing file /home/airflow/.local/lib/python3.12/site-packages/airflow/example_dags/example_task_group.py for tasks to queue
[2025-03-15T07:17:09.175+0000] {logging_mixin.py:190} INFO - [2025-03-15T07:17:09.174+0000] {dagbag.py:588} INFO - Filling up the DagBag from /home/airflow/.local/lib/python3.12/site-packages/airflow/example_dags/example_task_group.py
[2025-03-15T07:17:09.179+0000] {processor.py:925} INFO - DAG(s) 'example_task_group' retrieved from /home/airflow/.local/lib/python3.12/site-packages/airflow/example_dags/example_task_group.py
[2025-03-15T07:17:09.191+0000] {logging_mixin.py:190} INFO - [2025-03-15T07:17:09.191+0000] {dag.py:3239} INFO - Sync 1 DAGs
[2025-03-15T07:17:09.205+0000] {logging_mixin.py:190} INFO - [2025-03-15T07:17:09.204+0000] {dag.py:4180} INFO - Setting next_dagrun for example_task_group to None, run_after=None
[2025-03-15T07:17:09.227+0000] {processor.py:208} INFO - Processing /home/airflow/.local/lib/python3.12/site-packages/airflow/example_dags/example_task_group.py took 0.057 seconds
[2025-03-15T07:17:40.761+0000] {processor.py:186} INFO - Started process (PID=784) to work on /home/airflow/.local/lib/python3.12/site-packages/airflow/example_dags/example_task_group.py
[2025-03-15T07:17:40.762+0000] {processor.py:914} INFO - Processing file /home/airflow/.local/lib/python3.12/site-packages/airflow/example_dags/example_task_group.py for tasks to queue
[2025-03-15T07:17:40.766+0000] {logging_mixin.py:190} INFO - [2025-03-15T07:17:40.765+0000] {dagbag.py:588} INFO - Filling up the DagBag from /home/airflow/.local/lib/python3.12/site-packages/airflow/example_dags/example_task_group.py
[2025-03-15T07:17:40.771+0000] {processor.py:925} INFO - DAG(s) 'example_task_group' retrieved from /home/airflow/.local/lib/python3.12/site-packages/airflow/example_dags/example_task_group.py
[2025-03-15T07:17:40.788+0000] {logging_mixin.py:190} INFO - [2025-03-15T07:17:40.788+0000] {dag.py:3239} INFO - Sync 1 DAGs
[2025-03-15T07:17:40.796+0000] {logging_mixin.py:190} INFO - [2025-03-15T07:17:40.796+0000] {dag.py:4180} INFO - Setting next_dagrun for example_task_group to None, run_after=None
[2025-03-15T07:17:40.813+0000] {processor.py:208} INFO - Processing /home/airflow/.local/lib/python3.12/site-packages/airflow/example_dags/example_task_group.py took 0.055 seconds
[2025-03-15T07:18:11.895+0000] {processor.py:186} INFO - Started process (PID=847) to work on /home/airflow/.local/lib/python3.12/site-packages/airflow/example_dags/example_task_group.py
[2025-03-15T07:18:11.896+0000] {processor.py:914} INFO - Processing file /home/airflow/.local/lib/python3.12/site-packages/airflow/example_dags/example_task_group.py for tasks to queue
[2025-03-15T07:18:11.897+0000] {logging_mixin.py:190} INFO - [2025-03-15T07:18:11.897+0000] {dagbag.py:588} INFO - Filling up the DagBag from /home/airflow/.local/lib/python3.12/site-packages/airflow/example_dags/example_task_group.py
[2025-03-15T07:18:11.902+0000] {processor.py:925} INFO - DAG(s) 'example_task_group' retrieved from /home/airflow/.local/lib/python3.12/site-packages/airflow/example_dags/example_task_group.py
[2025-03-15T07:18:11.919+0000] {logging_mixin.py:190} INFO - [2025-03-15T07:18:11.919+0000] {dag.py:3239} INFO - Sync 1 DAGs
[2025-03-15T07:18:11.930+0000] {logging_mixin.py:190} INFO - [2025-03-15T07:18:11.930+0000] {dag.py:4180} INFO - Setting next_dagrun for example_task_group to None, run_after=None
[2025-03-15T07:18:11.947+0000] {processor.py:208} INFO - Processing /home/airflow/.local/lib/python3.12/site-packages/airflow/example_dags/example_task_group.py took 0.055 seconds
[2025-03-15T07:18:43.397+0000] {processor.py:186} INFO - Started process (PID=918) to work on /home/airflow/.local/lib/python3.12/site-packages/airflow/example_dags/example_task_group.py
[2025-03-15T07:18:43.399+0000] {processor.py:914} INFO - Processing file /home/airflow/.local/lib/python3.12/site-packages/airflow/example_dags/example_task_group.py for tasks to queue
[2025-03-15T07:18:43.400+0000] {logging_mixin.py:190} INFO - [2025-03-15T07:18:43.400+0000] {dagbag.py:588} INFO - Filling up the DagBag from /home/airflow/.local/lib/python3.12/site-packages/airflow/example_dags/example_task_group.py
[2025-03-15T07:18:43.404+0000] {processor.py:925} INFO - DAG(s) 'example_task_group' retrieved from /home/airflow/.local/lib/python3.12/site-packages/airflow/example_dags/example_task_group.py
[2025-03-15T07:18:43.420+0000] {logging_mixin.py:190} INFO - [2025-03-15T07:18:43.419+0000] {dag.py:3239} INFO - Sync 1 DAGs
[2025-03-15T07:18:43.429+0000] {logging_mixin.py:190} INFO - [2025-03-15T07:18:43.428+0000] {dag.py:4180} INFO - Setting next_dagrun for example_task_group to None, run_after=None
[2025-03-15T07:18:43.441+0000] {processor.py:208} INFO - Processing /home/airflow/.local/lib/python3.12/site-packages/airflow/example_dags/example_task_group.py took 0.047 seconds
[2025-03-15T07:19:14.208+0000] {processor.py:186} INFO - Started process (PID=981) to work on /home/airflow/.local/lib/python3.12/site-packages/airflow/example_dags/example_task_group.py
[2025-03-15T07:19:14.208+0000] {processor.py:914} INFO - Processing file /home/airflow/.local/lib/python3.12/site-packages/airflow/example_dags/example_task_group.py for tasks to queue
[2025-03-15T07:19:14.209+0000] {logging_mixin.py:190} INFO - [2025-03-15T07:19:14.209+0000] {dagbag.py:588} INFO - Filling up the DagBag from /home/airflow/.local/lib/python3.12/site-packages/airflow/example_dags/example_task_group.py
[2025-03-15T07:19:14.214+0000] {processor.py:925} INFO - DAG(s) 'example_task_group' retrieved from /home/airflow/.local/lib/python3.12/site-packages/airflow/example_dags/example_task_group.py
[2025-03-15T07:19:14.225+0000] {logging_mixin.py:190} INFO - [2025-03-15T07:19:14.225+0000] {dag.py:3239} INFO - Sync 1 DAGs
[2025-03-15T07:19:14.234+0000] {logging_mixin.py:190} INFO - [2025-03-15T07:19:14.234+0000] {dag.py:4180} INFO - Setting next_dagrun for example_task_group to None, run_after=None
[2025-03-15T07:19:14.250+0000] {processor.py:208} INFO - Processing /home/airflow/.local/lib/python3.12/site-packages/airflow/example_dags/example_task_group.py took 0.045 seconds
[2025-03-15T07:19:45.268+0000] {processor.py:186} INFO - Started process (PID=1043) to work on /home/airflow/.local/lib/python3.12/site-packages/airflow/example_dags/example_task_group.py
[2025-03-15T07:19:45.270+0000] {processor.py:914} INFO - Processing file /home/airflow/.local/lib/python3.12/site-packages/airflow/example_dags/example_task_group.py for tasks to queue
[2025-03-15T07:19:45.272+0000] {logging_mixin.py:190} INFO - [2025-03-15T07:19:45.272+0000] {dagbag.py:588} INFO - Filling up the DagBag from /home/airflow/.local/lib/python3.12/site-packages/airflow/example_dags/example_task_group.py
[2025-03-15T07:19:45.339+0000] {processor.py:925} INFO - DAG(s) 'example_task_group' retrieved from /home/airflow/.local/lib/python3.12/site-packages/airflow/example_dags/example_task_group.py
[2025-03-15T07:19:45.354+0000] {logging_mixin.py:190} INFO - [2025-03-15T07:19:45.354+0000] {dag.py:3239} INFO - Sync 1 DAGs
[2025-03-15T07:19:45.363+0000] {logging_mixin.py:190} INFO - [2025-03-15T07:19:45.363+0000] {dag.py:4180} INFO - Setting next_dagrun for example_task_group to None, run_after=None
[2025-03-15T07:19:45.374+0000] {processor.py:208} INFO - Processing /home/airflow/.local/lib/python3.12/site-packages/airflow/example_dags/example_task_group.py took 0.112 seconds
[2025-03-15T07:20:16.383+0000] {processor.py:186} INFO - Started process (PID=1106) to work on /home/airflow/.local/lib/python3.12/site-packages/airflow/example_dags/example_task_group.py
[2025-03-15T07:20:16.384+0000] {processor.py:914} INFO - Processing file /home/airflow/.local/lib/python3.12/site-packages/airflow/example_dags/example_task_group.py for tasks to queue
[2025-03-15T07:20:16.386+0000] {logging_mixin.py:190} INFO - [2025-03-15T07:20:16.386+0000] {dagbag.py:588} INFO - Filling up the DagBag from /home/airflow/.local/lib/python3.12/site-packages/airflow/example_dags/example_task_group.py
[2025-03-15T07:20:16.392+0000] {processor.py:925} INFO - DAG(s) 'example_task_group' retrieved from /home/airflow/.local/lib/python3.12/site-packages/airflow/example_dags/example_task_group.py
[2025-03-15T07:20:16.411+0000] {logging_mixin.py:190} INFO - [2025-03-15T07:20:16.411+0000] {dag.py:3239} INFO - Sync 1 DAGs
[2025-03-15T07:20:16.421+0000] {logging_mixin.py:190} INFO - [2025-03-15T07:20:16.421+0000] {dag.py:4180} INFO - Setting next_dagrun for example_task_group to None, run_after=None
[2025-03-15T07:20:16.433+0000] {processor.py:208} INFO - Processing /home/airflow/.local/lib/python3.12/site-packages/airflow/example_dags/example_task_group.py took 0.053 seconds
[2025-03-15T07:20:47.066+0000] {processor.py:186} INFO - Started process (PID=1168) to work on /home/airflow/.local/lib/python3.12/site-packages/airflow/example_dags/example_task_group.py
[2025-03-15T07:20:47.067+0000] {processor.py:914} INFO - Processing file /home/airflow/.local/lib/python3.12/site-packages/airflow/example_dags/example_task_group.py for tasks to queue
[2025-03-15T07:20:47.068+0000] {logging_mixin.py:190} INFO - [2025-03-15T07:20:47.068+0000] {dagbag.py:588} INFO - Filling up the DagBag from /home/airflow/.local/lib/python3.12/site-packages/airflow/example_dags/example_task_group.py
[2025-03-15T07:20:47.073+0000] {processor.py:925} INFO - DAG(s) 'example_task_group' retrieved from /home/airflow/.local/lib/python3.12/site-packages/airflow/example_dags/example_task_group.py
[2025-03-15T07:20:47.090+0000] {logging_mixin.py:190} INFO - [2025-03-15T07:20:47.090+0000] {dag.py:3239} INFO - Sync 1 DAGs
[2025-03-15T07:20:47.097+0000] {logging_mixin.py:190} INFO - [2025-03-15T07:20:47.097+0000] {dag.py:4180} INFO - Setting next_dagrun for example_task_group to None, run_after=None
[2025-03-15T07:20:47.111+0000] {processor.py:208} INFO - Processing /home/airflow/.local/lib/python3.12/site-packages/airflow/example_dags/example_task_group.py took 0.048 seconds
[2025-03-15T07:21:18.031+0000] {processor.py:186} INFO - Started process (PID=1231) to work on /home/airflow/.local/lib/python3.12/site-packages/airflow/example_dags/example_task_group.py
[2025-03-15T07:21:18.032+0000] {processor.py:914} INFO - Processing file /home/airflow/.local/lib/python3.12/site-packages/airflow/example_dags/example_task_group.py for tasks to queue
[2025-03-15T07:21:18.033+0000] {logging_mixin.py:190} INFO - [2025-03-15T07:21:18.033+0000] {dagbag.py:588} INFO - Filling up the DagBag from /home/airflow/.local/lib/python3.12/site-packages/airflow/example_dags/example_task_group.py
[2025-03-15T07:21:18.038+0000] {processor.py:925} INFO - DAG(s) 'example_task_group' retrieved from /home/airflow/.local/lib/python3.12/site-packages/airflow/example_dags/example_task_group.py
[2025-03-15T07:21:18.055+0000] {logging_mixin.py:190} INFO - [2025-03-15T07:21:18.055+0000] {dag.py:3239} INFO - Sync 1 DAGs
[2025-03-15T07:21:18.062+0000] {logging_mixin.py:190} INFO - [2025-03-15T07:21:18.062+0000] {dag.py:4180} INFO - Setting next_dagrun for example_task_group to None, run_after=None
[2025-03-15T07:21:18.076+0000] {processor.py:208} INFO - Processing /home/airflow/.local/lib/python3.12/site-packages/airflow/example_dags/example_task_group.py took 0.049 seconds
[2025-03-15T07:21:49.399+0000] {processor.py:186} INFO - Started process (PID=1294) to work on /home/airflow/.local/lib/python3.12/site-packages/airflow/example_dags/example_task_group.py
[2025-03-15T07:21:49.400+0000] {processor.py:914} INFO - Processing file /home/airflow/.local/lib/python3.12/site-packages/airflow/example_dags/example_task_group.py for tasks to queue
[2025-03-15T07:21:49.402+0000] {logging_mixin.py:190} INFO - [2025-03-15T07:21:49.402+0000] {dagbag.py:588} INFO - Filling up the DagBag from /home/airflow/.local/lib/python3.12/site-packages/airflow/example_dags/example_task_group.py
[2025-03-15T07:21:49.407+0000] {processor.py:925} INFO - DAG(s) 'example_task_group' retrieved from /home/airflow/.local/lib/python3.12/site-packages/airflow/example_dags/example_task_group.py
[2025-03-15T07:21:49.426+0000] {logging_mixin.py:190} INFO - [2025-03-15T07:21:49.426+0000] {dag.py:3239} INFO - Sync 1 DAGs
[2025-03-15T07:21:49.435+0000] {logging_mixin.py:190} INFO - [2025-03-15T07:21:49.435+0000] {dag.py:4180} INFO - Setting next_dagrun for example_task_group to None, run_after=None
[2025-03-15T07:21:49.449+0000] {processor.py:208} INFO - Processing /home/airflow/.local/lib/python3.12/site-packages/airflow/example_dags/example_task_group.py took 0.054 seconds
[2025-03-15T07:22:21.621+0000] {processor.py:186} INFO - Started process (PID=1357) to work on /home/airflow/.local/lib/python3.12/site-packages/airflow/example_dags/example_task_group.py
[2025-03-15T07:22:21.621+0000] {processor.py:914} INFO - Processing file /home/airflow/.local/lib/python3.12/site-packages/airflow/example_dags/example_task_group.py for tasks to queue
[2025-03-15T07:22:21.623+0000] {logging_mixin.py:190} INFO - [2025-03-15T07:22:21.622+0000] {dagbag.py:588} INFO - Filling up the DagBag from /home/airflow/.local/lib/python3.12/site-packages/airflow/example_dags/example_task_group.py
[2025-03-15T07:22:21.628+0000] {processor.py:925} INFO - DAG(s) 'example_task_group' retrieved from /home/airflow/.local/lib/python3.12/site-packages/airflow/example_dags/example_task_group.py
[2025-03-15T07:22:21.639+0000] {logging_mixin.py:190} INFO - [2025-03-15T07:22:21.639+0000] {dag.py:3239} INFO - Sync 1 DAGs
[2025-03-15T07:22:21.646+0000] {logging_mixin.py:190} INFO - [2025-03-15T07:22:21.646+0000] {dag.py:4180} INFO - Setting next_dagrun for example_task_group to None, run_after=None
[2025-03-15T07:22:21.657+0000] {processor.py:208} INFO - Processing /home/airflow/.local/lib/python3.12/site-packages/airflow/example_dags/example_task_group.py took 0.042 seconds
[2025-03-15T07:22:51.685+0000] {processor.py:186} INFO - Started process (PID=1420) to work on /home/airflow/.local/lib/python3.12/site-packages/airflow/example_dags/example_task_group.py
[2025-03-15T07:22:51.687+0000] {processor.py:914} INFO - Processing file /home/airflow/.local/lib/python3.12/site-packages/airflow/example_dags/example_task_group.py for tasks to queue
[2025-03-15T07:22:51.688+0000] {logging_mixin.py:190} INFO - [2025-03-15T07:22:51.687+0000] {dagbag.py:588} INFO - Filling up the DagBag from /home/airflow/.local/lib/python3.12/site-packages/airflow/example_dags/example_task_group.py
[2025-03-15T07:22:51.697+0000] {processor.py:925} INFO - DAG(s) 'example_task_group' retrieved from /home/airflow/.local/lib/python3.12/site-packages/airflow/example_dags/example_task_group.py
[2025-03-15T07:22:51.716+0000] {logging_mixin.py:190} INFO - [2025-03-15T07:22:51.716+0000] {dag.py:3239} INFO - Sync 1 DAGs
[2025-03-15T07:22:51.724+0000] {logging_mixin.py:190} INFO - [2025-03-15T07:22:51.724+0000] {dag.py:4180} INFO - Setting next_dagrun for example_task_group to None, run_after=None
[2025-03-15T07:22:51.733+0000] {processor.py:208} INFO - Processing /home/airflow/.local/lib/python3.12/site-packages/airflow/example_dags/example_task_group.py took 0.052 seconds
[2025-03-15T07:23:22.903+0000] {processor.py:186} INFO - Started process (PID=1483) to work on /home/airflow/.local/lib/python3.12/site-packages/airflow/example_dags/example_task_group.py
[2025-03-15T07:23:22.903+0000] {processor.py:914} INFO - Processing file /home/airflow/.local/lib/python3.12/site-packages/airflow/example_dags/example_task_group.py for tasks to queue
[2025-03-15T07:23:22.905+0000] {logging_mixin.py:190} INFO - [2025-03-15T07:23:22.905+0000] {dagbag.py:588} INFO - Filling up the DagBag from /home/airflow/.local/lib/python3.12/site-packages/airflow/example_dags/example_task_group.py
[2025-03-15T07:23:22.910+0000] {processor.py:925} INFO - DAG(s) 'example_task_group' retrieved from /home/airflow/.local/lib/python3.12/site-packages/airflow/example_dags/example_task_group.py
[2025-03-15T07:23:22.926+0000] {logging_mixin.py:190} INFO - [2025-03-15T07:23:22.925+0000] {dag.py:3239} INFO - Sync 1 DAGs
[2025-03-15T07:23:22.935+0000] {logging_mixin.py:190} INFO - [2025-03-15T07:23:22.935+0000] {dag.py:4180} INFO - Setting next_dagrun for example_task_group to None, run_after=None
[2025-03-15T07:23:22.946+0000] {processor.py:208} INFO - Processing /home/airflow/.local/lib/python3.12/site-packages/airflow/example_dags/example_task_group.py took 0.046 seconds
[2025-03-15T07:23:54.368+0000] {processor.py:186} INFO - Started process (PID=1546) to work on /home/airflow/.local/lib/python3.12/site-packages/airflow/example_dags/example_task_group.py
[2025-03-15T07:23:54.371+0000] {processor.py:914} INFO - Processing file /home/airflow/.local/lib/python3.12/site-packages/airflow/example_dags/example_task_group.py for tasks to queue
[2025-03-15T07:23:54.378+0000] {logging_mixin.py:190} INFO - [2025-03-15T07:23:54.378+0000] {dagbag.py:588} INFO - Filling up the DagBag from /home/airflow/.local/lib/python3.12/site-packages/airflow/example_dags/example_task_group.py
[2025-03-15T07:23:54.399+0000] {processor.py:925} INFO - DAG(s) 'example_task_group' retrieved from /home/airflow/.local/lib/python3.12/site-packages/airflow/example_dags/example_task_group.py
[2025-03-15T07:23:54.414+0000] {logging_mixin.py:190} INFO - [2025-03-15T07:23:54.413+0000] {dag.py:3239} INFO - Sync 1 DAGs
[2025-03-15T07:23:54.422+0000] {logging_mixin.py:190} INFO - [2025-03-15T07:23:54.421+0000] {dag.py:4180} INFO - Setting next_dagrun for example_task_group to None, run_after=None
[2025-03-15T07:23:54.438+0000] {processor.py:208} INFO - Processing /home/airflow/.local/lib/python3.12/site-packages/airflow/example_dags/example_task_group.py took 0.074 seconds
[2025-03-15T07:24:25.609+0000] {processor.py:186} INFO - Started process (PID=1609) to work on /home/airflow/.local/lib/python3.12/site-packages/airflow/example_dags/example_task_group.py
[2025-03-15T07:24:25.609+0000] {processor.py:914} INFO - Processing file /home/airflow/.local/lib/python3.12/site-packages/airflow/example_dags/example_task_group.py for tasks to queue
[2025-03-15T07:24:25.611+0000] {logging_mixin.py:190} INFO - [2025-03-15T07:24:25.611+0000] {dagbag.py:588} INFO - Filling up the DagBag from /home/airflow/.local/lib/python3.12/site-packages/airflow/example_dags/example_task_group.py
[2025-03-15T07:24:25.618+0000] {processor.py:925} INFO - DAG(s) 'example_task_group' retrieved from /home/airflow/.local/lib/python3.12/site-packages/airflow/example_dags/example_task_group.py
[2025-03-15T07:24:25.638+0000] {logging_mixin.py:190} INFO - [2025-03-15T07:24:25.638+0000] {dag.py:3239} INFO - Sync 1 DAGs
[2025-03-15T07:24:25.649+0000] {logging_mixin.py:190} INFO - [2025-03-15T07:24:25.649+0000] {dag.py:4180} INFO - Setting next_dagrun for example_task_group to None, run_after=None
[2025-03-15T07:24:25.658+0000] {processor.py:208} INFO - Processing /home/airflow/.local/lib/python3.12/site-packages/airflow/example_dags/example_task_group.py took 0.054 seconds
[2025-03-15T07:24:56.980+0000] {processor.py:186} INFO - Started process (PID=1672) to work on /home/airflow/.local/lib/python3.12/site-packages/airflow/example_dags/example_task_group.py
[2025-03-15T07:24:56.981+0000] {processor.py:914} INFO - Processing file /home/airflow/.local/lib/python3.12/site-packages/airflow/example_dags/example_task_group.py for tasks to queue
[2025-03-15T07:24:56.982+0000] {logging_mixin.py:190} INFO - [2025-03-15T07:24:56.982+0000] {dagbag.py:588} INFO - Filling up the DagBag from /home/airflow/.local/lib/python3.12/site-packages/airflow/example_dags/example_task_group.py
[2025-03-15T07:24:56.986+0000] {processor.py:925} INFO - DAG(s) 'example_task_group' retrieved from /home/airflow/.local/lib/python3.12/site-packages/airflow/example_dags/example_task_group.py
[2025-03-15T07:24:56.998+0000] {logging_mixin.py:190} INFO - [2025-03-15T07:24:56.998+0000] {dag.py:3239} INFO - Sync 1 DAGs
[2025-03-15T07:24:57.004+0000] {logging_mixin.py:190} INFO - [2025-03-15T07:24:57.004+0000] {dag.py:4180} INFO - Setting next_dagrun for example_task_group to None, run_after=None
[2025-03-15T07:24:57.015+0000] {processor.py:208} INFO - Processing /home/airflow/.local/lib/python3.12/site-packages/airflow/example_dags/example_task_group.py took 0.038 seconds
[2025-03-15T07:25:28.260+0000] {processor.py:186} INFO - Started process (PID=1734) to work on /home/airflow/.local/lib/python3.12/site-packages/airflow/example_dags/example_task_group.py
[2025-03-15T07:25:28.260+0000] {processor.py:914} INFO - Processing file /home/airflow/.local/lib/python3.12/site-packages/airflow/example_dags/example_task_group.py for tasks to queue
[2025-03-15T07:25:28.262+0000] {logging_mixin.py:190} INFO - [2025-03-15T07:25:28.261+0000] {dagbag.py:588} INFO - Filling up the DagBag from /home/airflow/.local/lib/python3.12/site-packages/airflow/example_dags/example_task_group.py
[2025-03-15T07:25:28.266+0000] {processor.py:925} INFO - DAG(s) 'example_task_group' retrieved from /home/airflow/.local/lib/python3.12/site-packages/airflow/example_dags/example_task_group.py
[2025-03-15T07:25:28.277+0000] {logging_mixin.py:190} INFO - [2025-03-15T07:25:28.277+0000] {dag.py:3239} INFO - Sync 1 DAGs
[2025-03-15T07:25:28.284+0000] {logging_mixin.py:190} INFO - [2025-03-15T07:25:28.284+0000] {dag.py:4180} INFO - Setting next_dagrun for example_task_group to None, run_after=None
[2025-03-15T07:25:28.292+0000] {processor.py:208} INFO - Processing /home/airflow/.local/lib/python3.12/site-packages/airflow/example_dags/example_task_group.py took 0.036 seconds
[2025-03-15T07:25:59.630+0000] {processor.py:186} INFO - Started process (PID=1797) to work on /home/airflow/.local/lib/python3.12/site-packages/airflow/example_dags/example_task_group.py
[2025-03-15T07:25:59.631+0000] {processor.py:914} INFO - Processing file /home/airflow/.local/lib/python3.12/site-packages/airflow/example_dags/example_task_group.py for tasks to queue
[2025-03-15T07:25:59.632+0000] {logging_mixin.py:190} INFO - [2025-03-15T07:25:59.632+0000] {dagbag.py:588} INFO - Filling up the DagBag from /home/airflow/.local/lib/python3.12/site-packages/airflow/example_dags/example_task_group.py
[2025-03-15T07:25:59.638+0000] {processor.py:925} INFO - DAG(s) 'example_task_group' retrieved from /home/airflow/.local/lib/python3.12/site-packages/airflow/example_dags/example_task_group.py
[2025-03-15T07:25:59.656+0000] {logging_mixin.py:190} INFO - [2025-03-15T07:25:59.656+0000] {dag.py:3239} INFO - Sync 1 DAGs
[2025-03-15T07:25:59.664+0000] {logging_mixin.py:190} INFO - [2025-03-15T07:25:59.664+0000] {dag.py:4180} INFO - Setting next_dagrun for example_task_group to None, run_after=None
[2025-03-15T07:25:59.680+0000] {processor.py:208} INFO - Processing /home/airflow/.local/lib/python3.12/site-packages/airflow/example_dags/example_task_group.py took 0.054 seconds
[2025-03-15T07:26:31.035+0000] {processor.py:186} INFO - Started process (PID=1859) to work on /home/airflow/.local/lib/python3.12/site-packages/airflow/example_dags/example_task_group.py
[2025-03-15T07:26:31.037+0000] {processor.py:914} INFO - Processing file /home/airflow/.local/lib/python3.12/site-packages/airflow/example_dags/example_task_group.py for tasks to queue
[2025-03-15T07:26:31.038+0000] {logging_mixin.py:190} INFO - [2025-03-15T07:26:31.038+0000] {dagbag.py:588} INFO - Filling up the DagBag from /home/airflow/.local/lib/python3.12/site-packages/airflow/example_dags/example_task_group.py
[2025-03-15T07:26:31.043+0000] {processor.py:925} INFO - DAG(s) 'example_task_group' retrieved from /home/airflow/.local/lib/python3.12/site-packages/airflow/example_dags/example_task_group.py
[2025-03-15T07:26:31.055+0000] {logging_mixin.py:190} INFO - [2025-03-15T07:26:31.054+0000] {dag.py:3239} INFO - Sync 1 DAGs
[2025-03-15T07:26:31.063+0000] {logging_mixin.py:190} INFO - [2025-03-15T07:26:31.063+0000] {dag.py:4180} INFO - Setting next_dagrun for example_task_group to None, run_after=None
[2025-03-15T07:26:31.076+0000] {processor.py:208} INFO - Processing /home/airflow/.local/lib/python3.12/site-packages/airflow/example_dags/example_task_group.py took 0.044 seconds
[2025-03-15T07:27:01.608+0000] {processor.py:186} INFO - Started process (PID=1923) to work on /home/airflow/.local/lib/python3.12/site-packages/airflow/example_dags/example_task_group.py
[2025-03-15T07:27:01.608+0000] {processor.py:914} INFO - Processing file /home/airflow/.local/lib/python3.12/site-packages/airflow/example_dags/example_task_group.py for tasks to queue
[2025-03-15T07:27:01.610+0000] {logging_mixin.py:190} INFO - [2025-03-15T07:27:01.609+0000] {dagbag.py:588} INFO - Filling up the DagBag from /home/airflow/.local/lib/python3.12/site-packages/airflow/example_dags/example_task_group.py
[2025-03-15T07:27:01.615+0000] {processor.py:925} INFO - DAG(s) 'example_task_group' retrieved from /home/airflow/.local/lib/python3.12/site-packages/airflow/example_dags/example_task_group.py
[2025-03-15T07:27:01.626+0000] {logging_mixin.py:190} INFO - [2025-03-15T07:27:01.626+0000] {dag.py:3239} INFO - Sync 1 DAGs
[2025-03-15T07:27:01.633+0000] {logging_mixin.py:190} INFO - [2025-03-15T07:27:01.633+0000] {dag.py:4180} INFO - Setting next_dagrun for example_task_group to None, run_after=None
[2025-03-15T07:27:01.644+0000] {processor.py:208} INFO - Processing /home/airflow/.local/lib/python3.12/site-packages/airflow/example_dags/example_task_group.py took 0.040 seconds
[2025-03-15T07:27:32.707+0000] {processor.py:186} INFO - Started process (PID=1993) to work on /home/airflow/.local/lib/python3.12/site-packages/airflow/example_dags/example_task_group.py
[2025-03-15T07:27:32.708+0000] {processor.py:914} INFO - Processing file /home/airflow/.local/lib/python3.12/site-packages/airflow/example_dags/example_task_group.py for tasks to queue
[2025-03-15T07:27:32.710+0000] {logging_mixin.py:190} INFO - [2025-03-15T07:27:32.710+0000] {dagbag.py:588} INFO - Filling up the DagBag from /home/airflow/.local/lib/python3.12/site-packages/airflow/example_dags/example_task_group.py
[2025-03-15T07:27:32.716+0000] {processor.py:925} INFO - DAG(s) 'example_task_group' retrieved from /home/airflow/.local/lib/python3.12/site-packages/airflow/example_dags/example_task_group.py
[2025-03-15T07:27:32.739+0000] {logging_mixin.py:190} INFO - [2025-03-15T07:27:32.738+0000] {dag.py:3239} INFO - Sync 1 DAGs
[2025-03-15T07:27:32.750+0000] {logging_mixin.py:190} INFO - [2025-03-15T07:27:32.749+0000] {dag.py:4180} INFO - Setting next_dagrun for example_task_group to None, run_after=None
[2025-03-15T07:27:32.770+0000] {processor.py:208} INFO - Processing /home/airflow/.local/lib/python3.12/site-packages/airflow/example_dags/example_task_group.py took 0.067 seconds
[2025-03-15T07:28:03.478+0000] {processor.py:186} INFO - Started process (PID=2057) to work on /home/airflow/.local/lib/python3.12/site-packages/airflow/example_dags/example_task_group.py
[2025-03-15T07:28:03.482+0000] {processor.py:914} INFO - Processing file /home/airflow/.local/lib/python3.12/site-packages/airflow/example_dags/example_task_group.py for tasks to queue
[2025-03-15T07:28:03.484+0000] {logging_mixin.py:190} INFO - [2025-03-15T07:28:03.484+0000] {dagbag.py:588} INFO - Filling up the DagBag from /home/airflow/.local/lib/python3.12/site-packages/airflow/example_dags/example_task_group.py
[2025-03-15T07:28:03.491+0000] {processor.py:925} INFO - DAG(s) 'example_task_group' retrieved from /home/airflow/.local/lib/python3.12/site-packages/airflow/example_dags/example_task_group.py
[2025-03-15T07:28:03.508+0000] {logging_mixin.py:190} INFO - [2025-03-15T07:28:03.508+0000] {dag.py:3239} INFO - Sync 1 DAGs
[2025-03-15T07:28:03.517+0000] {logging_mixin.py:190} INFO - [2025-03-15T07:28:03.516+0000] {dag.py:4180} INFO - Setting next_dagrun for example_task_group to None, run_after=None
[2025-03-15T07:28:03.528+0000] {processor.py:208} INFO - Processing /home/airflow/.local/lib/python3.12/site-packages/airflow/example_dags/example_task_group.py took 0.054 seconds
[2025-03-15T07:28:34.580+0000] {processor.py:186} INFO - Started process (PID=2121) to work on /home/airflow/.local/lib/python3.12/site-packages/airflow/example_dags/example_task_group.py
[2025-03-15T07:28:34.583+0000] {processor.py:914} INFO - Processing file /home/airflow/.local/lib/python3.12/site-packages/airflow/example_dags/example_task_group.py for tasks to queue
[2025-03-15T07:28:34.585+0000] {logging_mixin.py:190} INFO - [2025-03-15T07:28:34.585+0000] {dagbag.py:588} INFO - Filling up the DagBag from /home/airflow/.local/lib/python3.12/site-packages/airflow/example_dags/example_task_group.py
[2025-03-15T07:28:34.590+0000] {processor.py:925} INFO - DAG(s) 'example_task_group' retrieved from /home/airflow/.local/lib/python3.12/site-packages/airflow/example_dags/example_task_group.py
[2025-03-15T07:28:34.603+0000] {logging_mixin.py:190} INFO - [2025-03-15T07:28:34.603+0000] {dag.py:3239} INFO - Sync 1 DAGs
[2025-03-15T07:28:34.612+0000] {logging_mixin.py:190} INFO - [2025-03-15T07:28:34.612+0000] {dag.py:4180} INFO - Setting next_dagrun for example_task_group to None, run_after=None
[2025-03-15T07:28:34.623+0000] {processor.py:208} INFO - Processing /home/airflow/.local/lib/python3.12/site-packages/airflow/example_dags/example_task_group.py took 0.047 seconds
[2025-03-15T07:29:05.119+0000] {processor.py:186} INFO - Started process (PID=2185) to work on /home/airflow/.local/lib/python3.12/site-packages/airflow/example_dags/example_task_group.py
[2025-03-15T07:29:05.120+0000] {processor.py:914} INFO - Processing file /home/airflow/.local/lib/python3.12/site-packages/airflow/example_dags/example_task_group.py for tasks to queue
[2025-03-15T07:29:05.121+0000] {logging_mixin.py:190} INFO - [2025-03-15T07:29:05.121+0000] {dagbag.py:588} INFO - Filling up the DagBag from /home/airflow/.local/lib/python3.12/site-packages/airflow/example_dags/example_task_group.py
[2025-03-15T07:29:05.126+0000] {processor.py:925} INFO - DAG(s) 'example_task_group' retrieved from /home/airflow/.local/lib/python3.12/site-packages/airflow/example_dags/example_task_group.py
[2025-03-15T07:29:05.143+0000] {logging_mixin.py:190} INFO - [2025-03-15T07:29:05.143+0000] {dag.py:3239} INFO - Sync 1 DAGs
[2025-03-15T07:29:05.150+0000] {logging_mixin.py:190} INFO - [2025-03-15T07:29:05.150+0000] {dag.py:4180} INFO - Setting next_dagrun for example_task_group to None, run_after=None
[2025-03-15T07:29:05.160+0000] {processor.py:208} INFO - Processing /home/airflow/.local/lib/python3.12/site-packages/airflow/example_dags/example_task_group.py took 0.045 seconds
[2025-03-15T07:29:36.194+0000] {processor.py:186} INFO - Started process (PID=2249) to work on /home/airflow/.local/lib/python3.12/site-packages/airflow/example_dags/example_task_group.py
[2025-03-15T07:29:36.195+0000] {processor.py:914} INFO - Processing file /home/airflow/.local/lib/python3.12/site-packages/airflow/example_dags/example_task_group.py for tasks to queue
[2025-03-15T07:29:36.196+0000] {logging_mixin.py:190} INFO - [2025-03-15T07:29:36.196+0000] {dagbag.py:588} INFO - Filling up the DagBag from /home/airflow/.local/lib/python3.12/site-packages/airflow/example_dags/example_task_group.py
[2025-03-15T07:29:36.204+0000] {processor.py:925} INFO - DAG(s) 'example_task_group' retrieved from /home/airflow/.local/lib/python3.12/site-packages/airflow/example_dags/example_task_group.py
[2025-03-15T07:29:36.223+0000] {logging_mixin.py:190} INFO - [2025-03-15T07:29:36.223+0000] {dag.py:3239} INFO - Sync 1 DAGs
[2025-03-15T07:29:36.230+0000] {logging_mixin.py:190} INFO - [2025-03-15T07:29:36.230+0000] {dag.py:4180} INFO - Setting next_dagrun for example_task_group to None, run_after=None
[2025-03-15T07:29:36.244+0000] {processor.py:208} INFO - Processing /home/airflow/.local/lib/python3.12/site-packages/airflow/example_dags/example_task_group.py took 0.053 seconds
[2025-03-15T07:30:06.674+0000] {processor.py:186} INFO - Started process (PID=2313) to work on /home/airflow/.local/lib/python3.12/site-packages/airflow/example_dags/example_task_group.py
[2025-03-15T07:30:06.676+0000] {processor.py:914} INFO - Processing file /home/airflow/.local/lib/python3.12/site-packages/airflow/example_dags/example_task_group.py for tasks to queue
[2025-03-15T07:30:06.677+0000] {logging_mixin.py:190} INFO - [2025-03-15T07:30:06.677+0000] {dagbag.py:588} INFO - Filling up the DagBag from /home/airflow/.local/lib/python3.12/site-packages/airflow/example_dags/example_task_group.py
[2025-03-15T07:30:06.682+0000] {processor.py:925} INFO - DAG(s) 'example_task_group' retrieved from /home/airflow/.local/lib/python3.12/site-packages/airflow/example_dags/example_task_group.py
[2025-03-15T07:30:06.695+0000] {logging_mixin.py:190} INFO - [2025-03-15T07:30:06.695+0000] {dag.py:3239} INFO - Sync 1 DAGs
[2025-03-15T07:30:06.702+0000] {logging_mixin.py:190} INFO - [2025-03-15T07:30:06.702+0000] {dag.py:4180} INFO - Setting next_dagrun for example_task_group to None, run_after=None
[2025-03-15T07:30:06.715+0000] {processor.py:208} INFO - Processing /home/airflow/.local/lib/python3.12/site-packages/airflow/example_dags/example_task_group.py took 0.045 seconds
[2025-03-15T07:30:37.971+0000] {processor.py:186} INFO - Started process (PID=2377) to work on /home/airflow/.local/lib/python3.12/site-packages/airflow/example_dags/example_task_group.py
[2025-03-15T07:30:37.972+0000] {processor.py:914} INFO - Processing file /home/airflow/.local/lib/python3.12/site-packages/airflow/example_dags/example_task_group.py for tasks to queue
[2025-03-15T07:30:37.973+0000] {logging_mixin.py:190} INFO - [2025-03-15T07:30:37.973+0000] {dagbag.py:588} INFO - Filling up the DagBag from /home/airflow/.local/lib/python3.12/site-packages/airflow/example_dags/example_task_group.py
[2025-03-15T07:30:37.978+0000] {processor.py:925} INFO - DAG(s) 'example_task_group' retrieved from /home/airflow/.local/lib/python3.12/site-packages/airflow/example_dags/example_task_group.py
[2025-03-15T07:30:37.990+0000] {logging_mixin.py:190} INFO - [2025-03-15T07:30:37.990+0000] {dag.py:3239} INFO - Sync 1 DAGs
[2025-03-15T07:30:37.997+0000] {logging_mixin.py:190} INFO - [2025-03-15T07:30:37.997+0000] {dag.py:4180} INFO - Setting next_dagrun for example_task_group to None, run_after=None
[2025-03-15T07:30:38.007+0000] {processor.py:208} INFO - Processing /home/airflow/.local/lib/python3.12/site-packages/airflow/example_dags/example_task_group.py took 0.039 seconds
[2025-03-15T07:31:09.352+0000] {processor.py:186} INFO - Started process (PID=2441) to work on /home/airflow/.local/lib/python3.12/site-packages/airflow/example_dags/example_task_group.py
[2025-03-15T07:31:09.353+0000] {processor.py:914} INFO - Processing file /home/airflow/.local/lib/python3.12/site-packages/airflow/example_dags/example_task_group.py for tasks to queue
[2025-03-15T07:31:09.354+0000] {logging_mixin.py:190} INFO - [2025-03-15T07:31:09.354+0000] {dagbag.py:588} INFO - Filling up the DagBag from /home/airflow/.local/lib/python3.12/site-packages/airflow/example_dags/example_task_group.py
[2025-03-15T07:31:09.358+0000] {processor.py:925} INFO - DAG(s) 'example_task_group' retrieved from /home/airflow/.local/lib/python3.12/site-packages/airflow/example_dags/example_task_group.py
[2025-03-15T07:31:09.372+0000] {logging_mixin.py:190} INFO - [2025-03-15T07:31:09.372+0000] {dag.py:3239} INFO - Sync 1 DAGs
[2025-03-15T07:31:09.381+0000] {logging_mixin.py:190} INFO - [2025-03-15T07:31:09.380+0000] {dag.py:4180} INFO - Setting next_dagrun for example_task_group to None, run_after=None
[2025-03-15T07:31:09.399+0000] {processor.py:208} INFO - Processing /home/airflow/.local/lib/python3.12/site-packages/airflow/example_dags/example_task_group.py took 0.050 seconds
[2025-03-15T07:31:41.351+0000] {processor.py:186} INFO - Started process (PID=2505) to work on /home/airflow/.local/lib/python3.12/site-packages/airflow/example_dags/example_task_group.py
[2025-03-15T07:31:41.352+0000] {processor.py:914} INFO - Processing file /home/airflow/.local/lib/python3.12/site-packages/airflow/example_dags/example_task_group.py for tasks to queue
[2025-03-15T07:31:41.353+0000] {logging_mixin.py:190} INFO - [2025-03-15T07:31:41.353+0000] {dagbag.py:588} INFO - Filling up the DagBag from /home/airflow/.local/lib/python3.12/site-packages/airflow/example_dags/example_task_group.py
[2025-03-15T07:31:41.358+0000] {processor.py:925} INFO - DAG(s) 'example_task_group' retrieved from /home/airflow/.local/lib/python3.12/site-packages/airflow/example_dags/example_task_group.py
[2025-03-15T07:31:41.376+0000] {logging_mixin.py:190} INFO - [2025-03-15T07:31:41.376+0000] {dag.py:3239} INFO - Sync 1 DAGs
[2025-03-15T07:31:41.386+0000] {logging_mixin.py:190} INFO - [2025-03-15T07:31:41.386+0000] {dag.py:4180} INFO - Setting next_dagrun for example_task_group to None, run_after=None
[2025-03-15T07:31:41.401+0000] {processor.py:208} INFO - Processing /home/airflow/.local/lib/python3.12/site-packages/airflow/example_dags/example_task_group.py took 0.054 seconds
[2025-03-15T07:32:12.111+0000] {processor.py:186} INFO - Started process (PID=2569) to work on /home/airflow/.local/lib/python3.12/site-packages/airflow/example_dags/example_task_group.py
[2025-03-15T07:32:12.112+0000] {processor.py:914} INFO - Processing file /home/airflow/.local/lib/python3.12/site-packages/airflow/example_dags/example_task_group.py for tasks to queue
[2025-03-15T07:32:12.114+0000] {logging_mixin.py:190} INFO - [2025-03-15T07:32:12.113+0000] {dagbag.py:588} INFO - Filling up the DagBag from /home/airflow/.local/lib/python3.12/site-packages/airflow/example_dags/example_task_group.py
[2025-03-15T07:32:12.119+0000] {processor.py:925} INFO - DAG(s) 'example_task_group' retrieved from /home/airflow/.local/lib/python3.12/site-packages/airflow/example_dags/example_task_group.py
[2025-03-15T07:32:12.137+0000] {logging_mixin.py:190} INFO - [2025-03-15T07:32:12.137+0000] {dag.py:3239} INFO - Sync 1 DAGs
[2025-03-15T07:32:12.144+0000] {logging_mixin.py:190} INFO - [2025-03-15T07:32:12.144+0000] {dag.py:4180} INFO - Setting next_dagrun for example_task_group to None, run_after=None
[2025-03-15T07:32:12.156+0000] {processor.py:208} INFO - Processing /home/airflow/.local/lib/python3.12/site-packages/airflow/example_dags/example_task_group.py took 0.048 seconds
