[2025-03-15T07:11:57.401+0000] {processor.py:186} INFO - Started process (PID=54) to work on /home/airflow/.local/lib/python3.12/site-packages/airflow/example_dags/example_branch_operator.py
[2025-03-15T07:11:57.402+0000] {processor.py:914} INFO - Processing file /home/airflow/.local/lib/python3.12/site-packages/airflow/example_dags/example_branch_operator.py for tasks to queue
[2025-03-15T07:11:57.404+0000] {logging_mixin.py:190} INFO - [2025-03-15T07:11:57.404+0000] {dagbag.py:588} INFO - Filling up the DagBag from /home/airflow/.local/lib/python3.12/site-packages/airflow/example_dags/example_branch_operator.py
[2025-03-15T07:11:57.420+0000] {processor.py:925} INFO - DAG(s) 'example_branch_operator' retrieved from /home/airflow/.local/lib/python3.12/site-packages/airflow/example_dags/example_branch_operator.py
[2025-03-15T07:11:57.577+0000] {logging_mixin.py:190} INFO - [2025-03-15T07:11:57.577+0000] {dag.py:3239} INFO - Sync 1 DAGs
[2025-03-15T07:11:57.592+0000] {logging_mixin.py:190} INFO - [2025-03-15T07:11:57.592+0000] {dag.py:4180} INFO - Setting next_dagrun for example_branch_operator to 2025-03-14 00:00:00+00:00, run_after=2025-03-15 00:00:00+00:00
[2025-03-15T07:11:57.619+0000] {processor.py:208} INFO - Processing /home/airflow/.local/lib/python3.12/site-packages/airflow/example_dags/example_branch_operator.py took 0.226 seconds
[2025-03-15T07:12:28.020+0000] {processor.py:186} INFO - Started process (PID=117) to work on /home/airflow/.local/lib/python3.12/site-packages/airflow/example_dags/example_branch_operator.py
[2025-03-15T07:12:28.022+0000] {processor.py:914} INFO - Processing file /home/airflow/.local/lib/python3.12/site-packages/airflow/example_dags/example_branch_operator.py for tasks to queue
[2025-03-15T07:12:28.024+0000] {logging_mixin.py:190} INFO - [2025-03-15T07:12:28.024+0000] {dagbag.py:588} INFO - Filling up the DagBag from /home/airflow/.local/lib/python3.12/site-packages/airflow/example_dags/example_branch_operator.py
[2025-03-15T07:12:28.037+0000] {processor.py:925} INFO - DAG(s) 'example_branch_operator' retrieved from /home/airflow/.local/lib/python3.12/site-packages/airflow/example_dags/example_branch_operator.py
[2025-03-15T07:12:28.058+0000] {logging_mixin.py:190} INFO - [2025-03-15T07:12:28.057+0000] {dag.py:3239} INFO - Sync 1 DAGs
[2025-03-15T07:12:28.073+0000] {logging_mixin.py:190} INFO - [2025-03-15T07:12:28.072+0000] {dag.py:4180} INFO - Setting next_dagrun for example_branch_operator to 2025-03-14 00:00:00+00:00, run_after=2025-03-15 00:00:00+00:00
[2025-03-15T07:12:28.082+0000] {processor.py:208} INFO - Processing /home/airflow/.local/lib/python3.12/site-packages/airflow/example_dags/example_branch_operator.py took 0.066 seconds
[2025-03-15T07:12:58.568+0000] {processor.py:186} INFO - Started process (PID=179) to work on /home/airflow/.local/lib/python3.12/site-packages/airflow/example_dags/example_branch_operator.py
[2025-03-15T07:12:58.570+0000] {processor.py:914} INFO - Processing file /home/airflow/.local/lib/python3.12/site-packages/airflow/example_dags/example_branch_operator.py for tasks to queue
[2025-03-15T07:12:58.571+0000] {logging_mixin.py:190} INFO - [2025-03-15T07:12:58.571+0000] {dagbag.py:588} INFO - Filling up the DagBag from /home/airflow/.local/lib/python3.12/site-packages/airflow/example_dags/example_branch_operator.py
[2025-03-15T07:12:58.583+0000] {processor.py:925} INFO - DAG(s) 'example_branch_operator' retrieved from /home/airflow/.local/lib/python3.12/site-packages/airflow/example_dags/example_branch_operator.py
[2025-03-15T07:12:58.598+0000] {logging_mixin.py:190} INFO - [2025-03-15T07:12:58.598+0000] {dag.py:3239} INFO - Sync 1 DAGs
[2025-03-15T07:12:58.610+0000] {logging_mixin.py:190} INFO - [2025-03-15T07:12:58.609+0000] {dag.py:4180} INFO - Setting next_dagrun for example_branch_operator to 2025-03-14 00:00:00+00:00, run_after=2025-03-15 00:00:00+00:00
[2025-03-15T07:12:58.622+0000] {processor.py:208} INFO - Processing /home/airflow/.local/lib/python3.12/site-packages/airflow/example_dags/example_branch_operator.py took 0.058 seconds
[2025-03-15T07:13:29.410+0000] {processor.py:186} INFO - Started process (PID=242) to work on /home/airflow/.local/lib/python3.12/site-packages/airflow/example_dags/example_branch_operator.py
[2025-03-15T07:13:29.410+0000] {processor.py:914} INFO - Processing file /home/airflow/.local/lib/python3.12/site-packages/airflow/example_dags/example_branch_operator.py for tasks to queue
[2025-03-15T07:13:29.412+0000] {logging_mixin.py:190} INFO - [2025-03-15T07:13:29.412+0000] {dagbag.py:588} INFO - Filling up the DagBag from /home/airflow/.local/lib/python3.12/site-packages/airflow/example_dags/example_branch_operator.py
[2025-03-15T07:13:29.427+0000] {processor.py:925} INFO - DAG(s) 'example_branch_operator' retrieved from /home/airflow/.local/lib/python3.12/site-packages/airflow/example_dags/example_branch_operator.py
[2025-03-15T07:13:29.451+0000] {logging_mixin.py:190} INFO - [2025-03-15T07:13:29.451+0000] {dag.py:3239} INFO - Sync 1 DAGs
[2025-03-15T07:13:29.465+0000] {logging_mixin.py:190} INFO - [2025-03-15T07:13:29.465+0000] {dag.py:4180} INFO - Setting next_dagrun for example_branch_operator to 2025-03-14 00:00:00+00:00, run_after=2025-03-15 00:00:00+00:00
[2025-03-15T07:13:29.495+0000] {processor.py:208} INFO - Processing /home/airflow/.local/lib/python3.12/site-packages/airflow/example_dags/example_branch_operator.py took 0.088 seconds
[2025-03-15T07:14:00.046+0000] {processor.py:186} INFO - Started process (PID=305) to work on /home/airflow/.local/lib/python3.12/site-packages/airflow/example_dags/example_branch_operator.py
[2025-03-15T07:14:00.049+0000] {processor.py:914} INFO - Processing file /home/airflow/.local/lib/python3.12/site-packages/airflow/example_dags/example_branch_operator.py for tasks to queue
[2025-03-15T07:14:00.050+0000] {logging_mixin.py:190} INFO - [2025-03-15T07:14:00.050+0000] {dagbag.py:588} INFO - Filling up the DagBag from /home/airflow/.local/lib/python3.12/site-packages/airflow/example_dags/example_branch_operator.py
[2025-03-15T07:14:00.062+0000] {processor.py:925} INFO - DAG(s) 'example_branch_operator' retrieved from /home/airflow/.local/lib/python3.12/site-packages/airflow/example_dags/example_branch_operator.py
[2025-03-15T07:14:00.083+0000] {logging_mixin.py:190} INFO - [2025-03-15T07:14:00.083+0000] {dag.py:3239} INFO - Sync 1 DAGs
[2025-03-15T07:14:00.095+0000] {logging_mixin.py:190} INFO - [2025-03-15T07:14:00.095+0000] {dag.py:4180} INFO - Setting next_dagrun for example_branch_operator to 2025-03-14 00:00:00+00:00, run_after=2025-03-15 00:00:00+00:00
[2025-03-15T07:14:00.107+0000] {processor.py:208} INFO - Processing /home/airflow/.local/lib/python3.12/site-packages/airflow/example_dags/example_branch_operator.py took 0.065 seconds
[2025-03-15T07:14:30.954+0000] {processor.py:186} INFO - Started process (PID=374) to work on /home/airflow/.local/lib/python3.12/site-packages/airflow/example_dags/example_branch_operator.py
[2025-03-15T07:14:30.961+0000] {processor.py:914} INFO - Processing file /home/airflow/.local/lib/python3.12/site-packages/airflow/example_dags/example_branch_operator.py for tasks to queue
[2025-03-15T07:14:30.964+0000] {logging_mixin.py:190} INFO - [2025-03-15T07:14:30.964+0000] {dagbag.py:588} INFO - Filling up the DagBag from /home/airflow/.local/lib/python3.12/site-packages/airflow/example_dags/example_branch_operator.py
[2025-03-15T07:14:30.981+0000] {processor.py:925} INFO - DAG(s) 'example_branch_operator' retrieved from /home/airflow/.local/lib/python3.12/site-packages/airflow/example_dags/example_branch_operator.py
[2025-03-15T07:14:31.007+0000] {logging_mixin.py:190} INFO - [2025-03-15T07:14:31.007+0000] {dag.py:3239} INFO - Sync 1 DAGs
[2025-03-15T07:14:31.026+0000] {logging_mixin.py:190} INFO - [2025-03-15T07:14:31.026+0000] {dag.py:4180} INFO - Setting next_dagrun for example_branch_operator to 2025-03-14 00:00:00+00:00, run_after=2025-03-15 00:00:00+00:00
[2025-03-15T07:14:31.041+0000] {processor.py:208} INFO - Processing /home/airflow/.local/lib/python3.12/site-packages/airflow/example_dags/example_branch_operator.py took 0.091 seconds
[2025-03-15T07:15:01.843+0000] {processor.py:186} INFO - Started process (PID=437) to work on /home/airflow/.local/lib/python3.12/site-packages/airflow/example_dags/example_branch_operator.py
[2025-03-15T07:15:01.844+0000] {processor.py:914} INFO - Processing file /home/airflow/.local/lib/python3.12/site-packages/airflow/example_dags/example_branch_operator.py for tasks to queue
[2025-03-15T07:15:01.845+0000] {logging_mixin.py:190} INFO - [2025-03-15T07:15:01.845+0000] {dagbag.py:588} INFO - Filling up the DagBag from /home/airflow/.local/lib/python3.12/site-packages/airflow/example_dags/example_branch_operator.py
[2025-03-15T07:15:01.856+0000] {processor.py:925} INFO - DAG(s) 'example_branch_operator' retrieved from /home/airflow/.local/lib/python3.12/site-packages/airflow/example_dags/example_branch_operator.py
[2025-03-15T07:15:01.877+0000] {logging_mixin.py:190} INFO - [2025-03-15T07:15:01.877+0000] {dag.py:3239} INFO - Sync 1 DAGs
[2025-03-15T07:15:01.890+0000] {logging_mixin.py:190} INFO - [2025-03-15T07:15:01.890+0000] {dag.py:4180} INFO - Setting next_dagrun for example_branch_operator to 2025-03-14 00:00:00+00:00, run_after=2025-03-15 00:00:00+00:00
[2025-03-15T07:15:01.902+0000] {processor.py:208} INFO - Processing /home/airflow/.local/lib/python3.12/site-packages/airflow/example_dags/example_branch_operator.py took 0.063 seconds
[2025-03-15T07:15:32.769+0000] {processor.py:186} INFO - Started process (PID=500) to work on /home/airflow/.local/lib/python3.12/site-packages/airflow/example_dags/example_branch_operator.py
[2025-03-15T07:15:32.769+0000] {processor.py:914} INFO - Processing file /home/airflow/.local/lib/python3.12/site-packages/airflow/example_dags/example_branch_operator.py for tasks to queue
[2025-03-15T07:15:32.771+0000] {logging_mixin.py:190} INFO - [2025-03-15T07:15:32.770+0000] {dagbag.py:588} INFO - Filling up the DagBag from /home/airflow/.local/lib/python3.12/site-packages/airflow/example_dags/example_branch_operator.py
[2025-03-15T07:15:32.780+0000] {processor.py:925} INFO - DAG(s) 'example_branch_operator' retrieved from /home/airflow/.local/lib/python3.12/site-packages/airflow/example_dags/example_branch_operator.py
[2025-03-15T07:15:32.796+0000] {logging_mixin.py:190} INFO - [2025-03-15T07:15:32.796+0000] {dag.py:3239} INFO - Sync 1 DAGs
[2025-03-15T07:15:32.809+0000] {logging_mixin.py:190} INFO - [2025-03-15T07:15:32.809+0000] {dag.py:4180} INFO - Setting next_dagrun for example_branch_operator to 2025-03-14 00:00:00+00:00, run_after=2025-03-15 00:00:00+00:00
[2025-03-15T07:15:32.825+0000] {processor.py:208} INFO - Processing /home/airflow/.local/lib/python3.12/site-packages/airflow/example_dags/example_branch_operator.py took 0.060 seconds
[2025-03-15T07:16:03.674+0000] {processor.py:186} INFO - Started process (PID=563) to work on /home/airflow/.local/lib/python3.12/site-packages/airflow/example_dags/example_branch_operator.py
[2025-03-15T07:16:03.675+0000] {processor.py:914} INFO - Processing file /home/airflow/.local/lib/python3.12/site-packages/airflow/example_dags/example_branch_operator.py for tasks to queue
[2025-03-15T07:16:03.676+0000] {logging_mixin.py:190} INFO - [2025-03-15T07:16:03.676+0000] {dagbag.py:588} INFO - Filling up the DagBag from /home/airflow/.local/lib/python3.12/site-packages/airflow/example_dags/example_branch_operator.py
[2025-03-15T07:16:03.688+0000] {processor.py:925} INFO - DAG(s) 'example_branch_operator' retrieved from /home/airflow/.local/lib/python3.12/site-packages/airflow/example_dags/example_branch_operator.py
[2025-03-15T07:16:03.703+0000] {logging_mixin.py:190} INFO - [2025-03-15T07:16:03.703+0000] {dag.py:3239} INFO - Sync 1 DAGs
[2025-03-15T07:16:03.720+0000] {logging_mixin.py:190} INFO - [2025-03-15T07:16:03.720+0000] {dag.py:4180} INFO - Setting next_dagrun for example_branch_operator to 2025-03-14 00:00:00+00:00, run_after=2025-03-15 00:00:00+00:00
[2025-03-15T07:16:03.735+0000] {processor.py:208} INFO - Processing /home/airflow/.local/lib/python3.12/site-packages/airflow/example_dags/example_branch_operator.py took 0.065 seconds
[2025-03-15T07:16:34.617+0000] {processor.py:186} INFO - Started process (PID=625) to work on /home/airflow/.local/lib/python3.12/site-packages/airflow/example_dags/example_branch_operator.py
[2025-03-15T07:16:34.618+0000] {processor.py:914} INFO - Processing file /home/airflow/.local/lib/python3.12/site-packages/airflow/example_dags/example_branch_operator.py for tasks to queue
[2025-03-15T07:16:34.620+0000] {logging_mixin.py:190} INFO - [2025-03-15T07:16:34.619+0000] {dagbag.py:588} INFO - Filling up the DagBag from /home/airflow/.local/lib/python3.12/site-packages/airflow/example_dags/example_branch_operator.py
[2025-03-15T07:16:34.628+0000] {processor.py:925} INFO - DAG(s) 'example_branch_operator' retrieved from /home/airflow/.local/lib/python3.12/site-packages/airflow/example_dags/example_branch_operator.py
[2025-03-15T07:16:34.643+0000] {logging_mixin.py:190} INFO - [2025-03-15T07:16:34.642+0000] {dag.py:3239} INFO - Sync 1 DAGs
[2025-03-15T07:16:34.656+0000] {logging_mixin.py:190} INFO - [2025-03-15T07:16:34.656+0000] {dag.py:4180} INFO - Setting next_dagrun for example_branch_operator to 2025-03-14 00:00:00+00:00, run_after=2025-03-15 00:00:00+00:00
[2025-03-15T07:16:34.672+0000] {processor.py:208} INFO - Processing /home/airflow/.local/lib/python3.12/site-packages/airflow/example_dags/example_branch_operator.py took 0.058 seconds
[2025-03-15T07:17:05.614+0000] {processor.py:186} INFO - Started process (PID=688) to work on /home/airflow/.local/lib/python3.12/site-packages/airflow/example_dags/example_branch_operator.py
[2025-03-15T07:17:05.615+0000] {processor.py:914} INFO - Processing file /home/airflow/.local/lib/python3.12/site-packages/airflow/example_dags/example_branch_operator.py for tasks to queue
[2025-03-15T07:17:05.617+0000] {logging_mixin.py:190} INFO - [2025-03-15T07:17:05.616+0000] {dagbag.py:588} INFO - Filling up the DagBag from /home/airflow/.local/lib/python3.12/site-packages/airflow/example_dags/example_branch_operator.py
[2025-03-15T07:17:05.627+0000] {processor.py:925} INFO - DAG(s) 'example_branch_operator' retrieved from /home/airflow/.local/lib/python3.12/site-packages/airflow/example_dags/example_branch_operator.py
[2025-03-15T07:17:05.651+0000] {logging_mixin.py:190} INFO - [2025-03-15T07:17:05.650+0000] {dag.py:3239} INFO - Sync 1 DAGs
[2025-03-15T07:17:05.663+0000] {logging_mixin.py:190} INFO - [2025-03-15T07:17:05.663+0000] {dag.py:4180} INFO - Setting next_dagrun for example_branch_operator to 2025-03-14 00:00:00+00:00, run_after=2025-03-15 00:00:00+00:00
[2025-03-15T07:17:05.677+0000] {processor.py:208} INFO - Processing /home/airflow/.local/lib/python3.12/site-packages/airflow/example_dags/example_branch_operator.py took 0.067 seconds
[2025-03-15T07:17:35.721+0000] {processor.py:186} INFO - Started process (PID=751) to work on /home/airflow/.local/lib/python3.12/site-packages/airflow/example_dags/example_branch_operator.py
[2025-03-15T07:17:35.722+0000] {processor.py:914} INFO - Processing file /home/airflow/.local/lib/python3.12/site-packages/airflow/example_dags/example_branch_operator.py for tasks to queue
[2025-03-15T07:17:35.723+0000] {logging_mixin.py:190} INFO - [2025-03-15T07:17:35.723+0000] {dagbag.py:588} INFO - Filling up the DagBag from /home/airflow/.local/lib/python3.12/site-packages/airflow/example_dags/example_branch_operator.py
[2025-03-15T07:17:35.734+0000] {processor.py:925} INFO - DAG(s) 'example_branch_operator' retrieved from /home/airflow/.local/lib/python3.12/site-packages/airflow/example_dags/example_branch_operator.py
[2025-03-15T07:17:35.749+0000] {logging_mixin.py:190} INFO - [2025-03-15T07:17:35.748+0000] {dag.py:3239} INFO - Sync 1 DAGs
[2025-03-15T07:17:35.764+0000] {logging_mixin.py:190} INFO - [2025-03-15T07:17:35.763+0000] {dag.py:4180} INFO - Setting next_dagrun for example_branch_operator to 2025-03-14 00:00:00+00:00, run_after=2025-03-15 00:00:00+00:00
[2025-03-15T07:17:35.779+0000] {processor.py:208} INFO - Processing /home/airflow/.local/lib/python3.12/site-packages/airflow/example_dags/example_branch_operator.py took 0.061 seconds
[2025-03-15T07:18:06.129+0000] {processor.py:186} INFO - Started process (PID=814) to work on /home/airflow/.local/lib/python3.12/site-packages/airflow/example_dags/example_branch_operator.py
[2025-03-15T07:18:06.132+0000] {processor.py:914} INFO - Processing file /home/airflow/.local/lib/python3.12/site-packages/airflow/example_dags/example_branch_operator.py for tasks to queue
[2025-03-15T07:18:06.134+0000] {logging_mixin.py:190} INFO - [2025-03-15T07:18:06.134+0000] {dagbag.py:588} INFO - Filling up the DagBag from /home/airflow/.local/lib/python3.12/site-packages/airflow/example_dags/example_branch_operator.py
[2025-03-15T07:18:06.144+0000] {processor.py:925} INFO - DAG(s) 'example_branch_operator' retrieved from /home/airflow/.local/lib/python3.12/site-packages/airflow/example_dags/example_branch_operator.py
[2025-03-15T07:18:06.160+0000] {logging_mixin.py:190} INFO - [2025-03-15T07:18:06.159+0000] {dag.py:3239} INFO - Sync 1 DAGs
[2025-03-15T07:18:06.171+0000] {logging_mixin.py:190} INFO - [2025-03-15T07:18:06.171+0000] {dag.py:4180} INFO - Setting next_dagrun for example_branch_operator to 2025-03-14 00:00:00+00:00, run_after=2025-03-15 00:00:00+00:00
[2025-03-15T07:18:06.181+0000] {processor.py:208} INFO - Processing /home/airflow/.local/lib/python3.12/site-packages/airflow/example_dags/example_branch_operator.py took 0.059 seconds
[2025-03-15T07:18:36.232+0000] {processor.py:186} INFO - Started process (PID=877) to work on /home/airflow/.local/lib/python3.12/site-packages/airflow/example_dags/example_branch_operator.py
[2025-03-15T07:18:36.233+0000] {processor.py:914} INFO - Processing file /home/airflow/.local/lib/python3.12/site-packages/airflow/example_dags/example_branch_operator.py for tasks to queue
[2025-03-15T07:18:36.234+0000] {logging_mixin.py:190} INFO - [2025-03-15T07:18:36.234+0000] {dagbag.py:588} INFO - Filling up the DagBag from /home/airflow/.local/lib/python3.12/site-packages/airflow/example_dags/example_branch_operator.py
[2025-03-15T07:18:36.243+0000] {processor.py:925} INFO - DAG(s) 'example_branch_operator' retrieved from /home/airflow/.local/lib/python3.12/site-packages/airflow/example_dags/example_branch_operator.py
[2025-03-15T07:18:36.265+0000] {logging_mixin.py:190} INFO - [2025-03-15T07:18:36.265+0000] {dag.py:3239} INFO - Sync 1 DAGs
[2025-03-15T07:18:36.276+0000] {logging_mixin.py:190} INFO - [2025-03-15T07:18:36.276+0000] {dag.py:4180} INFO - Setting next_dagrun for example_branch_operator to 2025-03-14 00:00:00+00:00, run_after=2025-03-15 00:00:00+00:00
[2025-03-15T07:18:36.289+0000] {processor.py:208} INFO - Processing /home/airflow/.local/lib/python3.12/site-packages/airflow/example_dags/example_branch_operator.py took 0.060 seconds
[2025-03-15T07:19:06.569+0000] {processor.py:186} INFO - Started process (PID=948) to work on /home/airflow/.local/lib/python3.12/site-packages/airflow/example_dags/example_branch_operator.py
[2025-03-15T07:19:06.570+0000] {processor.py:914} INFO - Processing file /home/airflow/.local/lib/python3.12/site-packages/airflow/example_dags/example_branch_operator.py for tasks to queue
[2025-03-15T07:19:06.572+0000] {logging_mixin.py:190} INFO - [2025-03-15T07:19:06.572+0000] {dagbag.py:588} INFO - Filling up the DagBag from /home/airflow/.local/lib/python3.12/site-packages/airflow/example_dags/example_branch_operator.py
[2025-03-15T07:19:06.583+0000] {processor.py:925} INFO - DAG(s) 'example_branch_operator' retrieved from /home/airflow/.local/lib/python3.12/site-packages/airflow/example_dags/example_branch_operator.py
[2025-03-15T07:19:06.598+0000] {logging_mixin.py:190} INFO - [2025-03-15T07:19:06.598+0000] {dag.py:3239} INFO - Sync 1 DAGs
[2025-03-15T07:19:06.611+0000] {logging_mixin.py:190} INFO - [2025-03-15T07:19:06.611+0000] {dag.py:4180} INFO - Setting next_dagrun for example_branch_operator to 2025-03-14 00:00:00+00:00, run_after=2025-03-15 00:00:00+00:00
[2025-03-15T07:19:06.622+0000] {processor.py:208} INFO - Processing /home/airflow/.local/lib/python3.12/site-packages/airflow/example_dags/example_branch_operator.py took 0.057 seconds
[2025-03-15T07:19:37.512+0000] {processor.py:186} INFO - Started process (PID=1011) to work on /home/airflow/.local/lib/python3.12/site-packages/airflow/example_dags/example_branch_operator.py
[2025-03-15T07:19:37.513+0000] {processor.py:914} INFO - Processing file /home/airflow/.local/lib/python3.12/site-packages/airflow/example_dags/example_branch_operator.py for tasks to queue
[2025-03-15T07:19:37.515+0000] {logging_mixin.py:190} INFO - [2025-03-15T07:19:37.514+0000] {dagbag.py:588} INFO - Filling up the DagBag from /home/airflow/.local/lib/python3.12/site-packages/airflow/example_dags/example_branch_operator.py
[2025-03-15T07:19:37.525+0000] {processor.py:925} INFO - DAG(s) 'example_branch_operator' retrieved from /home/airflow/.local/lib/python3.12/site-packages/airflow/example_dags/example_branch_operator.py
[2025-03-15T07:19:37.539+0000] {logging_mixin.py:190} INFO - [2025-03-15T07:19:37.539+0000] {dag.py:3239} INFO - Sync 1 DAGs
[2025-03-15T07:19:37.552+0000] {logging_mixin.py:190} INFO - [2025-03-15T07:19:37.552+0000] {dag.py:4180} INFO - Setting next_dagrun for example_branch_operator to 2025-03-14 00:00:00+00:00, run_after=2025-03-15 00:00:00+00:00
[2025-03-15T07:19:37.562+0000] {processor.py:208} INFO - Processing /home/airflow/.local/lib/python3.12/site-packages/airflow/example_dags/example_branch_operator.py took 0.052 seconds
[2025-03-15T07:20:07.740+0000] {processor.py:186} INFO - Started process (PID=1074) to work on /home/airflow/.local/lib/python3.12/site-packages/airflow/example_dags/example_branch_operator.py
[2025-03-15T07:20:07.741+0000] {processor.py:914} INFO - Processing file /home/airflow/.local/lib/python3.12/site-packages/airflow/example_dags/example_branch_operator.py for tasks to queue
[2025-03-15T07:20:07.743+0000] {logging_mixin.py:190} INFO - [2025-03-15T07:20:07.743+0000] {dagbag.py:588} INFO - Filling up the DagBag from /home/airflow/.local/lib/python3.12/site-packages/airflow/example_dags/example_branch_operator.py
[2025-03-15T07:20:07.754+0000] {processor.py:925} INFO - DAG(s) 'example_branch_operator' retrieved from /home/airflow/.local/lib/python3.12/site-packages/airflow/example_dags/example_branch_operator.py
[2025-03-15T07:20:07.772+0000] {logging_mixin.py:190} INFO - [2025-03-15T07:20:07.772+0000] {dag.py:3239} INFO - Sync 1 DAGs
[2025-03-15T07:20:07.788+0000] {logging_mixin.py:190} INFO - [2025-03-15T07:20:07.787+0000] {dag.py:4180} INFO - Setting next_dagrun for example_branch_operator to 2025-03-14 00:00:00+00:00, run_after=2025-03-15 00:00:00+00:00
[2025-03-15T07:20:07.802+0000] {processor.py:208} INFO - Processing /home/airflow/.local/lib/python3.12/site-packages/airflow/example_dags/example_branch_operator.py took 0.065 seconds
[2025-03-15T07:20:37.865+0000] {processor.py:186} INFO - Started process (PID=1136) to work on /home/airflow/.local/lib/python3.12/site-packages/airflow/example_dags/example_branch_operator.py
[2025-03-15T07:20:37.866+0000] {processor.py:914} INFO - Processing file /home/airflow/.local/lib/python3.12/site-packages/airflow/example_dags/example_branch_operator.py for tasks to queue
[2025-03-15T07:20:37.868+0000] {logging_mixin.py:190} INFO - [2025-03-15T07:20:37.868+0000] {dagbag.py:588} INFO - Filling up the DagBag from /home/airflow/.local/lib/python3.12/site-packages/airflow/example_dags/example_branch_operator.py
[2025-03-15T07:20:37.878+0000] {processor.py:925} INFO - DAG(s) 'example_branch_operator' retrieved from /home/airflow/.local/lib/python3.12/site-packages/airflow/example_dags/example_branch_operator.py
[2025-03-15T07:20:37.893+0000] {logging_mixin.py:190} INFO - [2025-03-15T07:20:37.893+0000] {dag.py:3239} INFO - Sync 1 DAGs
[2025-03-15T07:20:37.906+0000] {logging_mixin.py:190} INFO - [2025-03-15T07:20:37.906+0000] {dag.py:4180} INFO - Setting next_dagrun for example_branch_operator to 2025-03-14 00:00:00+00:00, run_after=2025-03-15 00:00:00+00:00
[2025-03-15T07:20:37.926+0000] {processor.py:208} INFO - Processing /home/airflow/.local/lib/python3.12/site-packages/airflow/example_dags/example_branch_operator.py took 0.064 seconds
[2025-03-15T07:21:08.404+0000] {processor.py:186} INFO - Started process (PID=1199) to work on /home/airflow/.local/lib/python3.12/site-packages/airflow/example_dags/example_branch_operator.py
[2025-03-15T07:21:08.405+0000] {processor.py:914} INFO - Processing file /home/airflow/.local/lib/python3.12/site-packages/airflow/example_dags/example_branch_operator.py for tasks to queue
[2025-03-15T07:21:08.406+0000] {logging_mixin.py:190} INFO - [2025-03-15T07:21:08.406+0000] {dagbag.py:588} INFO - Filling up the DagBag from /home/airflow/.local/lib/python3.12/site-packages/airflow/example_dags/example_branch_operator.py
[2025-03-15T07:21:08.416+0000] {processor.py:925} INFO - DAG(s) 'example_branch_operator' retrieved from /home/airflow/.local/lib/python3.12/site-packages/airflow/example_dags/example_branch_operator.py
[2025-03-15T07:21:08.433+0000] {logging_mixin.py:190} INFO - [2025-03-15T07:21:08.433+0000] {dag.py:3239} INFO - Sync 1 DAGs
[2025-03-15T07:21:08.449+0000] {logging_mixin.py:190} INFO - [2025-03-15T07:21:08.449+0000] {dag.py:4180} INFO - Setting next_dagrun for example_branch_operator to 2025-03-14 00:00:00+00:00, run_after=2025-03-15 00:00:00+00:00
[2025-03-15T07:21:08.466+0000] {processor.py:208} INFO - Processing /home/airflow/.local/lib/python3.12/site-packages/airflow/example_dags/example_branch_operator.py took 0.065 seconds
[2025-03-15T07:21:38.624+0000] {processor.py:186} INFO - Started process (PID=1262) to work on /home/airflow/.local/lib/python3.12/site-packages/airflow/example_dags/example_branch_operator.py
[2025-03-15T07:21:38.626+0000] {processor.py:914} INFO - Processing file /home/airflow/.local/lib/python3.12/site-packages/airflow/example_dags/example_branch_operator.py for tasks to queue
[2025-03-15T07:21:38.627+0000] {logging_mixin.py:190} INFO - [2025-03-15T07:21:38.627+0000] {dagbag.py:588} INFO - Filling up the DagBag from /home/airflow/.local/lib/python3.12/site-packages/airflow/example_dags/example_branch_operator.py
[2025-03-15T07:21:38.641+0000] {processor.py:925} INFO - DAG(s) 'example_branch_operator' retrieved from /home/airflow/.local/lib/python3.12/site-packages/airflow/example_dags/example_branch_operator.py
[2025-03-15T07:21:38.662+0000] {logging_mixin.py:190} INFO - [2025-03-15T07:21:38.661+0000] {dag.py:3239} INFO - Sync 1 DAGs
[2025-03-15T07:21:38.673+0000] {logging_mixin.py:190} INFO - [2025-03-15T07:21:38.673+0000] {dag.py:4180} INFO - Setting next_dagrun for example_branch_operator to 2025-03-14 00:00:00+00:00, run_after=2025-03-15 00:00:00+00:00
[2025-03-15T07:21:38.685+0000] {processor.py:208} INFO - Processing /home/airflow/.local/lib/python3.12/site-packages/airflow/example_dags/example_branch_operator.py took 0.064 seconds
[2025-03-15T07:22:08.848+0000] {processor.py:186} INFO - Started process (PID=1325) to work on /home/airflow/.local/lib/python3.12/site-packages/airflow/example_dags/example_branch_operator.py
[2025-03-15T07:22:08.849+0000] {processor.py:914} INFO - Processing file /home/airflow/.local/lib/python3.12/site-packages/airflow/example_dags/example_branch_operator.py for tasks to queue
[2025-03-15T07:22:08.851+0000] {logging_mixin.py:190} INFO - [2025-03-15T07:22:08.851+0000] {dagbag.py:588} INFO - Filling up the DagBag from /home/airflow/.local/lib/python3.12/site-packages/airflow/example_dags/example_branch_operator.py
[2025-03-15T07:22:08.863+0000] {processor.py:925} INFO - DAG(s) 'example_branch_operator' retrieved from /home/airflow/.local/lib/python3.12/site-packages/airflow/example_dags/example_branch_operator.py
[2025-03-15T07:22:08.884+0000] {logging_mixin.py:190} INFO - [2025-03-15T07:22:08.884+0000] {dag.py:3239} INFO - Sync 1 DAGs
[2025-03-15T07:22:08.904+0000] {logging_mixin.py:190} INFO - [2025-03-15T07:22:08.904+0000] {dag.py:4180} INFO - Setting next_dagrun for example_branch_operator to 2025-03-14 00:00:00+00:00, run_after=2025-03-15 00:00:00+00:00
[2025-03-15T07:22:08.920+0000] {processor.py:208} INFO - Processing /home/airflow/.local/lib/python3.12/site-packages/airflow/example_dags/example_branch_operator.py took 0.076 seconds
[2025-03-15T07:22:39.406+0000] {processor.py:186} INFO - Started process (PID=1388) to work on /home/airflow/.local/lib/python3.12/site-packages/airflow/example_dags/example_branch_operator.py
[2025-03-15T07:22:39.407+0000] {processor.py:914} INFO - Processing file /home/airflow/.local/lib/python3.12/site-packages/airflow/example_dags/example_branch_operator.py for tasks to queue
[2025-03-15T07:22:39.408+0000] {logging_mixin.py:190} INFO - [2025-03-15T07:22:39.408+0000] {dagbag.py:588} INFO - Filling up the DagBag from /home/airflow/.local/lib/python3.12/site-packages/airflow/example_dags/example_branch_operator.py
[2025-03-15T07:22:39.635+0000] {processor.py:925} INFO - DAG(s) 'example_branch_operator' retrieved from /home/airflow/.local/lib/python3.12/site-packages/airflow/example_dags/example_branch_operator.py
[2025-03-15T07:22:39.668+0000] {logging_mixin.py:190} INFO - [2025-03-15T07:22:39.667+0000] {dag.py:3239} INFO - Sync 1 DAGs
[2025-03-15T07:22:39.688+0000] {logging_mixin.py:190} INFO - [2025-03-15T07:22:39.687+0000] {dag.py:4180} INFO - Setting next_dagrun for example_branch_operator to 2025-03-14 00:00:00+00:00, run_after=2025-03-15 00:00:00+00:00
[2025-03-15T07:22:39.703+0000] {processor.py:208} INFO - Processing /home/airflow/.local/lib/python3.12/site-packages/airflow/example_dags/example_branch_operator.py took 0.299 seconds
[2025-03-15T07:23:10.014+0000] {processor.py:186} INFO - Started process (PID=1451) to work on /home/airflow/.local/lib/python3.12/site-packages/airflow/example_dags/example_branch_operator.py
[2025-03-15T07:23:10.014+0000] {processor.py:914} INFO - Processing file /home/airflow/.local/lib/python3.12/site-packages/airflow/example_dags/example_branch_operator.py for tasks to queue
[2025-03-15T07:23:10.016+0000] {logging_mixin.py:190} INFO - [2025-03-15T07:23:10.015+0000] {dagbag.py:588} INFO - Filling up the DagBag from /home/airflow/.local/lib/python3.12/site-packages/airflow/example_dags/example_branch_operator.py
[2025-03-15T07:23:10.025+0000] {processor.py:925} INFO - DAG(s) 'example_branch_operator' retrieved from /home/airflow/.local/lib/python3.12/site-packages/airflow/example_dags/example_branch_operator.py
[2025-03-15T07:23:10.044+0000] {logging_mixin.py:190} INFO - [2025-03-15T07:23:10.044+0000] {dag.py:3239} INFO - Sync 1 DAGs
[2025-03-15T07:23:10.061+0000] {logging_mixin.py:190} INFO - [2025-03-15T07:23:10.061+0000] {dag.py:4180} INFO - Setting next_dagrun for example_branch_operator to 2025-03-14 00:00:00+00:00, run_after=2025-03-15 00:00:00+00:00
[2025-03-15T07:23:10.075+0000] {processor.py:208} INFO - Processing /home/airflow/.local/lib/python3.12/site-packages/airflow/example_dags/example_branch_operator.py took 0.064 seconds
[2025-03-15T07:23:40.262+0000] {processor.py:186} INFO - Started process (PID=1514) to work on /home/airflow/.local/lib/python3.12/site-packages/airflow/example_dags/example_branch_operator.py
[2025-03-15T07:23:40.263+0000] {processor.py:914} INFO - Processing file /home/airflow/.local/lib/python3.12/site-packages/airflow/example_dags/example_branch_operator.py for tasks to queue
[2025-03-15T07:23:40.264+0000] {logging_mixin.py:190} INFO - [2025-03-15T07:23:40.264+0000] {dagbag.py:588} INFO - Filling up the DagBag from /home/airflow/.local/lib/python3.12/site-packages/airflow/example_dags/example_branch_operator.py
[2025-03-15T07:23:40.276+0000] {processor.py:925} INFO - DAG(s) 'example_branch_operator' retrieved from /home/airflow/.local/lib/python3.12/site-packages/airflow/example_dags/example_branch_operator.py
[2025-03-15T07:23:40.297+0000] {logging_mixin.py:190} INFO - [2025-03-15T07:23:40.297+0000] {dag.py:3239} INFO - Sync 1 DAGs
[2025-03-15T07:23:40.315+0000] {logging_mixin.py:190} INFO - [2025-03-15T07:23:40.315+0000] {dag.py:4180} INFO - Setting next_dagrun for example_branch_operator to 2025-03-14 00:00:00+00:00, run_after=2025-03-15 00:00:00+00:00
[2025-03-15T07:23:40.330+0000] {processor.py:208} INFO - Processing /home/airflow/.local/lib/python3.12/site-packages/airflow/example_dags/example_branch_operator.py took 0.072 seconds
[2025-03-15T07:24:10.745+0000] {processor.py:186} INFO - Started process (PID=1577) to work on /home/airflow/.local/lib/python3.12/site-packages/airflow/example_dags/example_branch_operator.py
[2025-03-15T07:24:10.746+0000] {processor.py:914} INFO - Processing file /home/airflow/.local/lib/python3.12/site-packages/airflow/example_dags/example_branch_operator.py for tasks to queue
[2025-03-15T07:24:10.747+0000] {logging_mixin.py:190} INFO - [2025-03-15T07:24:10.747+0000] {dagbag.py:588} INFO - Filling up the DagBag from /home/airflow/.local/lib/python3.12/site-packages/airflow/example_dags/example_branch_operator.py
[2025-03-15T07:24:10.756+0000] {processor.py:925} INFO - DAG(s) 'example_branch_operator' retrieved from /home/airflow/.local/lib/python3.12/site-packages/airflow/example_dags/example_branch_operator.py
[2025-03-15T07:24:10.770+0000] {logging_mixin.py:190} INFO - [2025-03-15T07:24:10.769+0000] {dag.py:3239} INFO - Sync 1 DAGs
[2025-03-15T07:24:10.782+0000] {logging_mixin.py:190} INFO - [2025-03-15T07:24:10.781+0000] {dag.py:4180} INFO - Setting next_dagrun for example_branch_operator to 2025-03-14 00:00:00+00:00, run_after=2025-03-15 00:00:00+00:00
[2025-03-15T07:24:10.791+0000] {processor.py:208} INFO - Processing /home/airflow/.local/lib/python3.12/site-packages/airflow/example_dags/example_branch_operator.py took 0.049 seconds
[2025-03-15T07:24:40.950+0000] {processor.py:186} INFO - Started process (PID=1640) to work on /home/airflow/.local/lib/python3.12/site-packages/airflow/example_dags/example_branch_operator.py
[2025-03-15T07:24:40.956+0000] {processor.py:914} INFO - Processing file /home/airflow/.local/lib/python3.12/site-packages/airflow/example_dags/example_branch_operator.py for tasks to queue
[2025-03-15T07:24:40.958+0000] {logging_mixin.py:190} INFO - [2025-03-15T07:24:40.958+0000] {dagbag.py:588} INFO - Filling up the DagBag from /home/airflow/.local/lib/python3.12/site-packages/airflow/example_dags/example_branch_operator.py
[2025-03-15T07:24:40.977+0000] {processor.py:925} INFO - DAG(s) 'example_branch_operator' retrieved from /home/airflow/.local/lib/python3.12/site-packages/airflow/example_dags/example_branch_operator.py
[2025-03-15T07:24:41.014+0000] {logging_mixin.py:190} INFO - [2025-03-15T07:24:41.013+0000] {dag.py:3239} INFO - Sync 1 DAGs
[2025-03-15T07:24:41.045+0000] {logging_mixin.py:190} INFO - [2025-03-15T07:24:41.045+0000] {dag.py:4180} INFO - Setting next_dagrun for example_branch_operator to 2025-03-14 00:00:00+00:00, run_after=2025-03-15 00:00:00+00:00
[2025-03-15T07:24:41.068+0000] {processor.py:208} INFO - Processing /home/airflow/.local/lib/python3.12/site-packages/airflow/example_dags/example_branch_operator.py took 0.121 seconds
[2025-03-15T07:25:11.468+0000] {processor.py:186} INFO - Started process (PID=1702) to work on /home/airflow/.local/lib/python3.12/site-packages/airflow/example_dags/example_branch_operator.py
[2025-03-15T07:25:11.469+0000] {processor.py:914} INFO - Processing file /home/airflow/.local/lib/python3.12/site-packages/airflow/example_dags/example_branch_operator.py for tasks to queue
[2025-03-15T07:25:11.471+0000] {logging_mixin.py:190} INFO - [2025-03-15T07:25:11.471+0000] {dagbag.py:588} INFO - Filling up the DagBag from /home/airflow/.local/lib/python3.12/site-packages/airflow/example_dags/example_branch_operator.py
[2025-03-15T07:25:11.483+0000] {processor.py:925} INFO - DAG(s) 'example_branch_operator' retrieved from /home/airflow/.local/lib/python3.12/site-packages/airflow/example_dags/example_branch_operator.py
[2025-03-15T07:25:11.499+0000] {logging_mixin.py:190} INFO - [2025-03-15T07:25:11.498+0000] {dag.py:3239} INFO - Sync 1 DAGs
[2025-03-15T07:25:11.518+0000] {logging_mixin.py:190} INFO - [2025-03-15T07:25:11.518+0000] {dag.py:4180} INFO - Setting next_dagrun for example_branch_operator to 2025-03-14 00:00:00+00:00, run_after=2025-03-15 00:00:00+00:00
[2025-03-15T07:25:11.534+0000] {processor.py:208} INFO - Processing /home/airflow/.local/lib/python3.12/site-packages/airflow/example_dags/example_branch_operator.py took 0.073 seconds
[2025-03-15T07:25:41.845+0000] {processor.py:186} INFO - Started process (PID=1765) to work on /home/airflow/.local/lib/python3.12/site-packages/airflow/example_dags/example_branch_operator.py
[2025-03-15T07:25:41.847+0000] {processor.py:914} INFO - Processing file /home/airflow/.local/lib/python3.12/site-packages/airflow/example_dags/example_branch_operator.py for tasks to queue
[2025-03-15T07:25:41.848+0000] {logging_mixin.py:190} INFO - [2025-03-15T07:25:41.848+0000] {dagbag.py:588} INFO - Filling up the DagBag from /home/airflow/.local/lib/python3.12/site-packages/airflow/example_dags/example_branch_operator.py
[2025-03-15T07:25:41.879+0000] {processor.py:925} INFO - DAG(s) 'example_branch_operator' retrieved from /home/airflow/.local/lib/python3.12/site-packages/airflow/example_dags/example_branch_operator.py
[2025-03-15T07:25:41.918+0000] {logging_mixin.py:190} INFO - [2025-03-15T07:25:41.918+0000] {dag.py:3239} INFO - Sync 1 DAGs
[2025-03-15T07:25:41.936+0000] {logging_mixin.py:190} INFO - [2025-03-15T07:25:41.936+0000] {dag.py:4180} INFO - Setting next_dagrun for example_branch_operator to 2025-03-14 00:00:00+00:00, run_after=2025-03-15 00:00:00+00:00
[2025-03-15T07:25:41.952+0000] {processor.py:208} INFO - Processing /home/airflow/.local/lib/python3.12/site-packages/airflow/example_dags/example_branch_operator.py took 0.115 seconds
[2025-03-15T07:26:12.023+0000] {processor.py:186} INFO - Started process (PID=1827) to work on /home/airflow/.local/lib/python3.12/site-packages/airflow/example_dags/example_branch_operator.py
[2025-03-15T07:26:12.024+0000] {processor.py:914} INFO - Processing file /home/airflow/.local/lib/python3.12/site-packages/airflow/example_dags/example_branch_operator.py for tasks to queue
[2025-03-15T07:26:12.025+0000] {logging_mixin.py:190} INFO - [2025-03-15T07:26:12.025+0000] {dagbag.py:588} INFO - Filling up the DagBag from /home/airflow/.local/lib/python3.12/site-packages/airflow/example_dags/example_branch_operator.py
[2025-03-15T07:26:12.037+0000] {processor.py:925} INFO - DAG(s) 'example_branch_operator' retrieved from /home/airflow/.local/lib/python3.12/site-packages/airflow/example_dags/example_branch_operator.py
[2025-03-15T07:26:12.052+0000] {logging_mixin.py:190} INFO - [2025-03-15T07:26:12.052+0000] {dag.py:3239} INFO - Sync 1 DAGs
[2025-03-15T07:26:12.070+0000] {logging_mixin.py:190} INFO - [2025-03-15T07:26:12.070+0000] {dag.py:4180} INFO - Setting next_dagrun for example_branch_operator to 2025-03-14 00:00:00+00:00, run_after=2025-03-15 00:00:00+00:00
[2025-03-15T07:26:12.083+0000] {processor.py:208} INFO - Processing /home/airflow/.local/lib/python3.12/site-packages/airflow/example_dags/example_branch_operator.py took 0.064 seconds
[2025-03-15T07:26:42.423+0000] {processor.py:186} INFO - Started process (PID=1890) to work on /home/airflow/.local/lib/python3.12/site-packages/airflow/example_dags/example_branch_operator.py
[2025-03-15T07:26:42.423+0000] {processor.py:914} INFO - Processing file /home/airflow/.local/lib/python3.12/site-packages/airflow/example_dags/example_branch_operator.py for tasks to queue
[2025-03-15T07:26:42.425+0000] {logging_mixin.py:190} INFO - [2025-03-15T07:26:42.425+0000] {dagbag.py:588} INFO - Filling up the DagBag from /home/airflow/.local/lib/python3.12/site-packages/airflow/example_dags/example_branch_operator.py
[2025-03-15T07:26:42.437+0000] {processor.py:925} INFO - DAG(s) 'example_branch_operator' retrieved from /home/airflow/.local/lib/python3.12/site-packages/airflow/example_dags/example_branch_operator.py
[2025-03-15T07:26:42.461+0000] {logging_mixin.py:190} INFO - [2025-03-15T07:26:42.460+0000] {dag.py:3239} INFO - Sync 1 DAGs
[2025-03-15T07:26:42.476+0000] {logging_mixin.py:190} INFO - [2025-03-15T07:26:42.476+0000] {dag.py:4180} INFO - Setting next_dagrun for example_branch_operator to 2025-03-14 00:00:00+00:00, run_after=2025-03-15 00:00:00+00:00
[2025-03-15T07:26:42.489+0000] {processor.py:208} INFO - Processing /home/airflow/.local/lib/python3.12/site-packages/airflow/example_dags/example_branch_operator.py took 0.071 seconds
[2025-03-15T07:27:13.711+0000] {processor.py:186} INFO - Started process (PID=1954) to work on /home/airflow/.local/lib/python3.12/site-packages/airflow/example_dags/example_branch_operator.py
[2025-03-15T07:27:13.712+0000] {processor.py:914} INFO - Processing file /home/airflow/.local/lib/python3.12/site-packages/airflow/example_dags/example_branch_operator.py for tasks to queue
[2025-03-15T07:27:13.713+0000] {logging_mixin.py:190} INFO - [2025-03-15T07:27:13.713+0000] {dagbag.py:588} INFO - Filling up the DagBag from /home/airflow/.local/lib/python3.12/site-packages/airflow/example_dags/example_branch_operator.py
[2025-03-15T07:27:13.725+0000] {processor.py:925} INFO - DAG(s) 'example_branch_operator' retrieved from /home/airflow/.local/lib/python3.12/site-packages/airflow/example_dags/example_branch_operator.py
[2025-03-15T07:27:13.760+0000] {logging_mixin.py:190} INFO - [2025-03-15T07:27:13.760+0000] {dag.py:3239} INFO - Sync 1 DAGs
[2025-03-15T07:27:13.929+0000] {logging_mixin.py:190} INFO - [2025-03-15T07:27:13.929+0000] {dag.py:4180} INFO - Setting next_dagrun for example_branch_operator to 2025-03-14 00:00:00+00:00, run_after=2025-03-15 00:00:00+00:00
[2025-03-15T07:27:13.945+0000] {processor.py:208} INFO - Processing /home/airflow/.local/lib/python3.12/site-packages/airflow/example_dags/example_branch_operator.py took 0.238 seconds
[2025-03-15T07:27:44.431+0000] {processor.py:186} INFO - Started process (PID=2018) to work on /home/airflow/.local/lib/python3.12/site-packages/airflow/example_dags/example_branch_operator.py
[2025-03-15T07:27:44.432+0000] {processor.py:914} INFO - Processing file /home/airflow/.local/lib/python3.12/site-packages/airflow/example_dags/example_branch_operator.py for tasks to queue
[2025-03-15T07:27:44.433+0000] {logging_mixin.py:190} INFO - [2025-03-15T07:27:44.433+0000] {dagbag.py:588} INFO - Filling up the DagBag from /home/airflow/.local/lib/python3.12/site-packages/airflow/example_dags/example_branch_operator.py
[2025-03-15T07:27:44.446+0000] {processor.py:925} INFO - DAG(s) 'example_branch_operator' retrieved from /home/airflow/.local/lib/python3.12/site-packages/airflow/example_dags/example_branch_operator.py
[2025-03-15T07:27:44.467+0000] {logging_mixin.py:190} INFO - [2025-03-15T07:27:44.466+0000] {dag.py:3239} INFO - Sync 1 DAGs
[2025-03-15T07:27:44.480+0000] {logging_mixin.py:190} INFO - [2025-03-15T07:27:44.480+0000] {dag.py:4180} INFO - Setting next_dagrun for example_branch_operator to 2025-03-14 00:00:00+00:00, run_after=2025-03-15 00:00:00+00:00
[2025-03-15T07:27:44.490+0000] {processor.py:208} INFO - Processing /home/airflow/.local/lib/python3.12/site-packages/airflow/example_dags/example_branch_operator.py took 0.065 seconds
[2025-03-15T07:28:14.660+0000] {processor.py:186} INFO - Started process (PID=2082) to work on /home/airflow/.local/lib/python3.12/site-packages/airflow/example_dags/example_branch_operator.py
[2025-03-15T07:28:14.663+0000] {processor.py:914} INFO - Processing file /home/airflow/.local/lib/python3.12/site-packages/airflow/example_dags/example_branch_operator.py for tasks to queue
[2025-03-15T07:28:14.664+0000] {logging_mixin.py:190} INFO - [2025-03-15T07:28:14.664+0000] {dagbag.py:588} INFO - Filling up the DagBag from /home/airflow/.local/lib/python3.12/site-packages/airflow/example_dags/example_branch_operator.py
[2025-03-15T07:28:14.675+0000] {processor.py:925} INFO - DAG(s) 'example_branch_operator' retrieved from /home/airflow/.local/lib/python3.12/site-packages/airflow/example_dags/example_branch_operator.py
[2025-03-15T07:28:14.690+0000] {logging_mixin.py:190} INFO - [2025-03-15T07:28:14.690+0000] {dag.py:3239} INFO - Sync 1 DAGs
[2025-03-15T07:28:14.702+0000] {logging_mixin.py:190} INFO - [2025-03-15T07:28:14.701+0000] {dag.py:4180} INFO - Setting next_dagrun for example_branch_operator to 2025-03-14 00:00:00+00:00, run_after=2025-03-15 00:00:00+00:00
[2025-03-15T07:28:14.717+0000] {processor.py:208} INFO - Processing /home/airflow/.local/lib/python3.12/site-packages/airflow/example_dags/example_branch_operator.py took 0.060 seconds
[2025-03-15T07:28:45.220+0000] {processor.py:186} INFO - Started process (PID=2146) to work on /home/airflow/.local/lib/python3.12/site-packages/airflow/example_dags/example_branch_operator.py
[2025-03-15T07:28:45.221+0000] {processor.py:914} INFO - Processing file /home/airflow/.local/lib/python3.12/site-packages/airflow/example_dags/example_branch_operator.py for tasks to queue
[2025-03-15T07:28:45.222+0000] {logging_mixin.py:190} INFO - [2025-03-15T07:28:45.222+0000] {dagbag.py:588} INFO - Filling up the DagBag from /home/airflow/.local/lib/python3.12/site-packages/airflow/example_dags/example_branch_operator.py
[2025-03-15T07:28:45.238+0000] {processor.py:925} INFO - DAG(s) 'example_branch_operator' retrieved from /home/airflow/.local/lib/python3.12/site-packages/airflow/example_dags/example_branch_operator.py
[2025-03-15T07:28:45.258+0000] {logging_mixin.py:190} INFO - [2025-03-15T07:28:45.258+0000] {dag.py:3239} INFO - Sync 1 DAGs
[2025-03-15T07:28:45.275+0000] {logging_mixin.py:190} INFO - [2025-03-15T07:28:45.275+0000] {dag.py:4180} INFO - Setting next_dagrun for example_branch_operator to 2025-03-14 00:00:00+00:00, run_after=2025-03-15 00:00:00+00:00
[2025-03-15T07:28:45.292+0000] {processor.py:208} INFO - Processing /home/airflow/.local/lib/python3.12/site-packages/airflow/example_dags/example_branch_operator.py took 0.079 seconds
[2025-03-15T07:29:15.331+0000] {processor.py:186} INFO - Started process (PID=2210) to work on /home/airflow/.local/lib/python3.12/site-packages/airflow/example_dags/example_branch_operator.py
[2025-03-15T07:29:15.332+0000] {processor.py:914} INFO - Processing file /home/airflow/.local/lib/python3.12/site-packages/airflow/example_dags/example_branch_operator.py for tasks to queue
[2025-03-15T07:29:15.333+0000] {logging_mixin.py:190} INFO - [2025-03-15T07:29:15.333+0000] {dagbag.py:588} INFO - Filling up the DagBag from /home/airflow/.local/lib/python3.12/site-packages/airflow/example_dags/example_branch_operator.py
[2025-03-15T07:29:15.344+0000] {processor.py:925} INFO - DAG(s) 'example_branch_operator' retrieved from /home/airflow/.local/lib/python3.12/site-packages/airflow/example_dags/example_branch_operator.py
[2025-03-15T07:29:15.358+0000] {logging_mixin.py:190} INFO - [2025-03-15T07:29:15.358+0000] {dag.py:3239} INFO - Sync 1 DAGs
[2025-03-15T07:29:15.370+0000] {logging_mixin.py:190} INFO - [2025-03-15T07:29:15.370+0000] {dag.py:4180} INFO - Setting next_dagrun for example_branch_operator to 2025-03-14 00:00:00+00:00, run_after=2025-03-15 00:00:00+00:00
[2025-03-15T07:29:15.387+0000] {processor.py:208} INFO - Processing /home/airflow/.local/lib/python3.12/site-packages/airflow/example_dags/example_branch_operator.py took 0.060 seconds
[2025-03-15T07:29:45.744+0000] {processor.py:186} INFO - Started process (PID=2274) to work on /home/airflow/.local/lib/python3.12/site-packages/airflow/example_dags/example_branch_operator.py
[2025-03-15T07:29:45.745+0000] {processor.py:914} INFO - Processing file /home/airflow/.local/lib/python3.12/site-packages/airflow/example_dags/example_branch_operator.py for tasks to queue
[2025-03-15T07:29:45.747+0000] {logging_mixin.py:190} INFO - [2025-03-15T07:29:45.746+0000] {dagbag.py:588} INFO - Filling up the DagBag from /home/airflow/.local/lib/python3.12/site-packages/airflow/example_dags/example_branch_operator.py
[2025-03-15T07:29:45.757+0000] {processor.py:925} INFO - DAG(s) 'example_branch_operator' retrieved from /home/airflow/.local/lib/python3.12/site-packages/airflow/example_dags/example_branch_operator.py
[2025-03-15T07:29:45.773+0000] {logging_mixin.py:190} INFO - [2025-03-15T07:29:45.773+0000] {dag.py:3239} INFO - Sync 1 DAGs
[2025-03-15T07:29:45.783+0000] {logging_mixin.py:190} INFO - [2025-03-15T07:29:45.783+0000] {dag.py:4180} INFO - Setting next_dagrun for example_branch_operator to 2025-03-14 00:00:00+00:00, run_after=2025-03-15 00:00:00+00:00
[2025-03-15T07:29:45.793+0000] {processor.py:208} INFO - Processing /home/airflow/.local/lib/python3.12/site-packages/airflow/example_dags/example_branch_operator.py took 0.055 seconds
[2025-03-15T07:30:16.220+0000] {processor.py:186} INFO - Started process (PID=2338) to work on /home/airflow/.local/lib/python3.12/site-packages/airflow/example_dags/example_branch_operator.py
[2025-03-15T07:30:16.223+0000] {processor.py:914} INFO - Processing file /home/airflow/.local/lib/python3.12/site-packages/airflow/example_dags/example_branch_operator.py for tasks to queue
[2025-03-15T07:30:16.224+0000] {logging_mixin.py:190} INFO - [2025-03-15T07:30:16.224+0000] {dagbag.py:588} INFO - Filling up the DagBag from /home/airflow/.local/lib/python3.12/site-packages/airflow/example_dags/example_branch_operator.py
[2025-03-15T07:30:16.235+0000] {processor.py:925} INFO - DAG(s) 'example_branch_operator' retrieved from /home/airflow/.local/lib/python3.12/site-packages/airflow/example_dags/example_branch_operator.py
[2025-03-15T07:30:16.250+0000] {logging_mixin.py:190} INFO - [2025-03-15T07:30:16.250+0000] {dag.py:3239} INFO - Sync 1 DAGs
[2025-03-15T07:30:16.264+0000] {logging_mixin.py:190} INFO - [2025-03-15T07:30:16.264+0000] {dag.py:4180} INFO - Setting next_dagrun for example_branch_operator to 2025-03-14 00:00:00+00:00, run_after=2025-03-15 00:00:00+00:00
[2025-03-15T07:30:16.277+0000] {processor.py:208} INFO - Processing /home/airflow/.local/lib/python3.12/site-packages/airflow/example_dags/example_branch_operator.py took 0.061 seconds
[2025-03-15T07:30:46.412+0000] {processor.py:186} INFO - Started process (PID=2402) to work on /home/airflow/.local/lib/python3.12/site-packages/airflow/example_dags/example_branch_operator.py
[2025-03-15T07:30:46.413+0000] {processor.py:914} INFO - Processing file /home/airflow/.local/lib/python3.12/site-packages/airflow/example_dags/example_branch_operator.py for tasks to queue
[2025-03-15T07:30:46.414+0000] {logging_mixin.py:190} INFO - [2025-03-15T07:30:46.414+0000] {dagbag.py:588} INFO - Filling up the DagBag from /home/airflow/.local/lib/python3.12/site-packages/airflow/example_dags/example_branch_operator.py
[2025-03-15T07:30:46.423+0000] {processor.py:925} INFO - DAG(s) 'example_branch_operator' retrieved from /home/airflow/.local/lib/python3.12/site-packages/airflow/example_dags/example_branch_operator.py
[2025-03-15T07:30:46.439+0000] {logging_mixin.py:190} INFO - [2025-03-15T07:30:46.438+0000] {dag.py:3239} INFO - Sync 1 DAGs
[2025-03-15T07:30:46.450+0000] {logging_mixin.py:190} INFO - [2025-03-15T07:30:46.450+0000] {dag.py:4180} INFO - Setting next_dagrun for example_branch_operator to 2025-03-14 00:00:00+00:00, run_after=2025-03-15 00:00:00+00:00
[2025-03-15T07:30:46.459+0000] {processor.py:208} INFO - Processing /home/airflow/.local/lib/python3.12/site-packages/airflow/example_dags/example_branch_operator.py took 0.052 seconds
[2025-03-15T07:31:16.548+0000] {processor.py:186} INFO - Started process (PID=2466) to work on /home/airflow/.local/lib/python3.12/site-packages/airflow/example_dags/example_branch_operator.py
[2025-03-15T07:31:16.551+0000] {processor.py:914} INFO - Processing file /home/airflow/.local/lib/python3.12/site-packages/airflow/example_dags/example_branch_operator.py for tasks to queue
[2025-03-15T07:31:16.553+0000] {logging_mixin.py:190} INFO - [2025-03-15T07:31:16.552+0000] {dagbag.py:588} INFO - Filling up the DagBag from /home/airflow/.local/lib/python3.12/site-packages/airflow/example_dags/example_branch_operator.py
[2025-03-15T07:31:16.562+0000] {processor.py:925} INFO - DAG(s) 'example_branch_operator' retrieved from /home/airflow/.local/lib/python3.12/site-packages/airflow/example_dags/example_branch_operator.py
[2025-03-15T07:31:16.577+0000] {logging_mixin.py:190} INFO - [2025-03-15T07:31:16.576+0000] {dag.py:3239} INFO - Sync 1 DAGs
[2025-03-15T07:31:16.589+0000] {logging_mixin.py:190} INFO - [2025-03-15T07:31:16.589+0000] {dag.py:4180} INFO - Setting next_dagrun for example_branch_operator to 2025-03-14 00:00:00+00:00, run_after=2025-03-15 00:00:00+00:00
[2025-03-15T07:31:16.603+0000] {processor.py:208} INFO - Processing /home/airflow/.local/lib/python3.12/site-packages/airflow/example_dags/example_branch_operator.py took 0.058 seconds
[2025-03-15T07:31:46.992+0000] {processor.py:186} INFO - Started process (PID=2530) to work on /home/airflow/.local/lib/python3.12/site-packages/airflow/example_dags/example_branch_operator.py
[2025-03-15T07:31:46.993+0000] {processor.py:914} INFO - Processing file /home/airflow/.local/lib/python3.12/site-packages/airflow/example_dags/example_branch_operator.py for tasks to queue
[2025-03-15T07:31:46.994+0000] {logging_mixin.py:190} INFO - [2025-03-15T07:31:46.994+0000] {dagbag.py:588} INFO - Filling up the DagBag from /home/airflow/.local/lib/python3.12/site-packages/airflow/example_dags/example_branch_operator.py
[2025-03-15T07:31:47.011+0000] {processor.py:925} INFO - DAG(s) 'example_branch_operator' retrieved from /home/airflow/.local/lib/python3.12/site-packages/airflow/example_dags/example_branch_operator.py
[2025-03-15T07:31:47.035+0000] {logging_mixin.py:190} INFO - [2025-03-15T07:31:47.035+0000] {dag.py:3239} INFO - Sync 1 DAGs
[2025-03-15T07:31:47.052+0000] {logging_mixin.py:190} INFO - [2025-03-15T07:31:47.052+0000] {dag.py:4180} INFO - Setting next_dagrun for example_branch_operator to 2025-03-14 00:00:00+00:00, run_after=2025-03-15 00:00:00+00:00
[2025-03-15T07:31:47.067+0000] {processor.py:208} INFO - Processing /home/airflow/.local/lib/python3.12/site-packages/airflow/example_dags/example_branch_operator.py took 0.079 seconds
[2025-03-15T07:32:17.255+0000] {processor.py:186} INFO - Started process (PID=2594) to work on /home/airflow/.local/lib/python3.12/site-packages/airflow/example_dags/example_branch_operator.py
[2025-03-15T07:32:17.256+0000] {processor.py:914} INFO - Processing file /home/airflow/.local/lib/python3.12/site-packages/airflow/example_dags/example_branch_operator.py for tasks to queue
[2025-03-15T07:32:17.258+0000] {logging_mixin.py:190} INFO - [2025-03-15T07:32:17.257+0000] {dagbag.py:588} INFO - Filling up the DagBag from /home/airflow/.local/lib/python3.12/site-packages/airflow/example_dags/example_branch_operator.py
[2025-03-15T07:32:17.267+0000] {processor.py:925} INFO - DAG(s) 'example_branch_operator' retrieved from /home/airflow/.local/lib/python3.12/site-packages/airflow/example_dags/example_branch_operator.py
[2025-03-15T07:32:17.283+0000] {logging_mixin.py:190} INFO - [2025-03-15T07:32:17.283+0000] {dag.py:3239} INFO - Sync 1 DAGs
[2025-03-15T07:32:17.296+0000] {logging_mixin.py:190} INFO - [2025-03-15T07:32:17.296+0000] {dag.py:4180} INFO - Setting next_dagrun for example_branch_operator to 2025-03-14 00:00:00+00:00, run_after=2025-03-15 00:00:00+00:00
[2025-03-15T07:32:17.309+0000] {processor.py:208} INFO - Processing /home/airflow/.local/lib/python3.12/site-packages/airflow/example_dags/example_branch_operator.py took 0.058 seconds
