[2025-03-15T07:12:00.493+0000] {processor.py:186} INFO - Started process (PID=90) to work on /home/airflow/.local/lib/python3.12/site-packages/airflow/example_dags/example_python_decorator.py
[2025-03-15T07:12:00.493+0000] {processor.py:914} INFO - Processing file /home/airflow/.local/lib/python3.12/site-packages/airflow/example_dags/example_python_decorator.py for tasks to queue
[2025-03-15T07:12:00.494+0000] {logging_mixin.py:190} INFO - [2025-03-15T07:12:00.494+0000] {dagbag.py:588} INFO - Filling up the DagBag from /home/airflow/.local/lib/python3.12/site-packages/airflow/example_dags/example_python_decorator.py
[2025-03-15T07:12:00.506+0000] {processor.py:925} INFO - DAG(s) 'example_python_decorator' retrieved from /home/airflow/.local/lib/python3.12/site-packages/airflow/example_dags/example_python_decorator.py
[2025-03-15T07:12:00.582+0000] {logging_mixin.py:190} INFO - [2025-03-15T07:12:00.581+0000] {dag.py:3239} INFO - Sync 1 DAGs
[2025-03-15T07:12:00.587+0000] {logging_mixin.py:190} INFO - [2025-03-15T07:12:00.587+0000] {dag.py:4180} INFO - Setting next_dagrun for example_python_decorator to None, run_after=None
[2025-03-15T07:12:00.615+0000] {processor.py:208} INFO - Processing /home/airflow/.local/lib/python3.12/site-packages/airflow/example_dags/example_python_decorator.py took 0.125 seconds
[2025-03-15T07:12:30.948+0000] {processor.py:186} INFO - Started process (PID=158) to work on /home/airflow/.local/lib/python3.12/site-packages/airflow/example_dags/example_python_decorator.py
[2025-03-15T07:12:30.949+0000] {processor.py:914} INFO - Processing file /home/airflow/.local/lib/python3.12/site-packages/airflow/example_dags/example_python_decorator.py for tasks to queue
[2025-03-15T07:12:30.950+0000] {logging_mixin.py:190} INFO - [2025-03-15T07:12:30.950+0000] {dagbag.py:588} INFO - Filling up the DagBag from /home/airflow/.local/lib/python3.12/site-packages/airflow/example_dags/example_python_decorator.py
[2025-03-15T07:12:30.958+0000] {processor.py:925} INFO - DAG(s) 'example_python_decorator' retrieved from /home/airflow/.local/lib/python3.12/site-packages/airflow/example_dags/example_python_decorator.py
[2025-03-15T07:12:30.974+0000] {logging_mixin.py:190} INFO - [2025-03-15T07:12:30.974+0000] {dag.py:3239} INFO - Sync 1 DAGs
[2025-03-15T07:12:30.984+0000] {logging_mixin.py:190} INFO - [2025-03-15T07:12:30.984+0000] {dag.py:4180} INFO - Setting next_dagrun for example_python_decorator to None, run_after=None
[2025-03-15T07:12:30.999+0000] {processor.py:208} INFO - Processing /home/airflow/.local/lib/python3.12/site-packages/airflow/example_dags/example_python_decorator.py took 0.054 seconds
[2025-03-15T07:13:01.149+0000] {processor.py:186} INFO - Started process (PID=221) to work on /home/airflow/.local/lib/python3.12/site-packages/airflow/example_dags/example_python_decorator.py
[2025-03-15T07:13:01.149+0000] {processor.py:914} INFO - Processing file /home/airflow/.local/lib/python3.12/site-packages/airflow/example_dags/example_python_decorator.py for tasks to queue
[2025-03-15T07:13:01.150+0000] {logging_mixin.py:190} INFO - [2025-03-15T07:13:01.150+0000] {dagbag.py:588} INFO - Filling up the DagBag from /home/airflow/.local/lib/python3.12/site-packages/airflow/example_dags/example_python_decorator.py
[2025-03-15T07:13:01.158+0000] {processor.py:925} INFO - DAG(s) 'example_python_decorator' retrieved from /home/airflow/.local/lib/python3.12/site-packages/airflow/example_dags/example_python_decorator.py
[2025-03-15T07:13:01.170+0000] {logging_mixin.py:190} INFO - [2025-03-15T07:13:01.170+0000] {dag.py:3239} INFO - Sync 1 DAGs
[2025-03-15T07:13:01.178+0000] {logging_mixin.py:190} INFO - [2025-03-15T07:13:01.177+0000] {dag.py:4180} INFO - Setting next_dagrun for example_python_decorator to None, run_after=None
[2025-03-15T07:13:01.188+0000] {processor.py:208} INFO - Processing /home/airflow/.local/lib/python3.12/site-packages/airflow/example_dags/example_python_decorator.py took 0.042 seconds
[2025-03-15T07:13:32.406+0000] {processor.py:186} INFO - Started process (PID=284) to work on /home/airflow/.local/lib/python3.12/site-packages/airflow/example_dags/example_python_decorator.py
[2025-03-15T07:13:32.407+0000] {processor.py:914} INFO - Processing file /home/airflow/.local/lib/python3.12/site-packages/airflow/example_dags/example_python_decorator.py for tasks to queue
[2025-03-15T07:13:32.408+0000] {logging_mixin.py:190} INFO - [2025-03-15T07:13:32.408+0000] {dagbag.py:588} INFO - Filling up the DagBag from /home/airflow/.local/lib/python3.12/site-packages/airflow/example_dags/example_python_decorator.py
[2025-03-15T07:13:32.415+0000] {processor.py:925} INFO - DAG(s) 'example_python_decorator' retrieved from /home/airflow/.local/lib/python3.12/site-packages/airflow/example_dags/example_python_decorator.py
[2025-03-15T07:13:32.434+0000] {logging_mixin.py:190} INFO - [2025-03-15T07:13:32.434+0000] {dag.py:3239} INFO - Sync 1 DAGs
[2025-03-15T07:13:32.442+0000] {logging_mixin.py:190} INFO - [2025-03-15T07:13:32.441+0000] {dag.py:4180} INFO - Setting next_dagrun for example_python_decorator to None, run_after=None
[2025-03-15T07:13:32.452+0000] {processor.py:208} INFO - Processing /home/airflow/.local/lib/python3.12/site-packages/airflow/example_dags/example_python_decorator.py took 0.049 seconds
[2025-03-15T07:14:02.937+0000] {processor.py:186} INFO - Started process (PID=347) to work on /home/airflow/.local/lib/python3.12/site-packages/airflow/example_dags/example_python_decorator.py
[2025-03-15T07:14:02.937+0000] {processor.py:914} INFO - Processing file /home/airflow/.local/lib/python3.12/site-packages/airflow/example_dags/example_python_decorator.py for tasks to queue
[2025-03-15T07:14:02.938+0000] {logging_mixin.py:190} INFO - [2025-03-15T07:14:02.938+0000] {dagbag.py:588} INFO - Filling up the DagBag from /home/airflow/.local/lib/python3.12/site-packages/airflow/example_dags/example_python_decorator.py
[2025-03-15T07:14:02.948+0000] {processor.py:925} INFO - DAG(s) 'example_python_decorator' retrieved from /home/airflow/.local/lib/python3.12/site-packages/airflow/example_dags/example_python_decorator.py
[2025-03-15T07:14:02.965+0000] {logging_mixin.py:190} INFO - [2025-03-15T07:14:02.965+0000] {dag.py:3239} INFO - Sync 1 DAGs
[2025-03-15T07:14:02.973+0000] {logging_mixin.py:190} INFO - [2025-03-15T07:14:02.973+0000] {dag.py:4180} INFO - Setting next_dagrun for example_python_decorator to None, run_after=None
[2025-03-15T07:14:02.983+0000] {processor.py:208} INFO - Processing /home/airflow/.local/lib/python3.12/site-packages/airflow/example_dags/example_python_decorator.py took 0.049 seconds
[2025-03-15T07:14:34.438+0000] {processor.py:186} INFO - Started process (PID=410) to work on /home/airflow/.local/lib/python3.12/site-packages/airflow/example_dags/example_python_decorator.py
[2025-03-15T07:14:34.439+0000] {processor.py:914} INFO - Processing file /home/airflow/.local/lib/python3.12/site-packages/airflow/example_dags/example_python_decorator.py for tasks to queue
[2025-03-15T07:14:34.440+0000] {logging_mixin.py:190} INFO - [2025-03-15T07:14:34.440+0000] {dagbag.py:588} INFO - Filling up the DagBag from /home/airflow/.local/lib/python3.12/site-packages/airflow/example_dags/example_python_decorator.py
[2025-03-15T07:14:34.448+0000] {processor.py:925} INFO - DAG(s) 'example_python_decorator' retrieved from /home/airflow/.local/lib/python3.12/site-packages/airflow/example_dags/example_python_decorator.py
[2025-03-15T07:14:34.462+0000] {logging_mixin.py:190} INFO - [2025-03-15T07:14:34.462+0000] {dag.py:3239} INFO - Sync 1 DAGs
[2025-03-15T07:14:34.469+0000] {logging_mixin.py:190} INFO - [2025-03-15T07:14:34.469+0000] {dag.py:4180} INFO - Setting next_dagrun for example_python_decorator to None, run_after=None
[2025-03-15T07:14:34.482+0000] {processor.py:208} INFO - Processing /home/airflow/.local/lib/python3.12/site-packages/airflow/example_dags/example_python_decorator.py took 0.048 seconds
[2025-03-15T07:15:05.628+0000] {processor.py:186} INFO - Started process (PID=473) to work on /home/airflow/.local/lib/python3.12/site-packages/airflow/example_dags/example_python_decorator.py
[2025-03-15T07:15:05.629+0000] {processor.py:914} INFO - Processing file /home/airflow/.local/lib/python3.12/site-packages/airflow/example_dags/example_python_decorator.py for tasks to queue
[2025-03-15T07:15:05.630+0000] {logging_mixin.py:190} INFO - [2025-03-15T07:15:05.630+0000] {dagbag.py:588} INFO - Filling up the DagBag from /home/airflow/.local/lib/python3.12/site-packages/airflow/example_dags/example_python_decorator.py
[2025-03-15T07:15:05.637+0000] {processor.py:925} INFO - DAG(s) 'example_python_decorator' retrieved from /home/airflow/.local/lib/python3.12/site-packages/airflow/example_dags/example_python_decorator.py
[2025-03-15T07:15:05.649+0000] {logging_mixin.py:190} INFO - [2025-03-15T07:15:05.649+0000] {dag.py:3239} INFO - Sync 1 DAGs
[2025-03-15T07:15:05.656+0000] {logging_mixin.py:190} INFO - [2025-03-15T07:15:05.656+0000] {dag.py:4180} INFO - Setting next_dagrun for example_python_decorator to None, run_after=None
[2025-03-15T07:15:05.671+0000] {processor.py:208} INFO - Processing /home/airflow/.local/lib/python3.12/site-packages/airflow/example_dags/example_python_decorator.py took 0.046 seconds
[2025-03-15T07:15:36.512+0000] {processor.py:186} INFO - Started process (PID=536) to work on /home/airflow/.local/lib/python3.12/site-packages/airflow/example_dags/example_python_decorator.py
[2025-03-15T07:15:36.512+0000] {processor.py:914} INFO - Processing file /home/airflow/.local/lib/python3.12/site-packages/airflow/example_dags/example_python_decorator.py for tasks to queue
[2025-03-15T07:15:36.514+0000] {logging_mixin.py:190} INFO - [2025-03-15T07:15:36.514+0000] {dagbag.py:588} INFO - Filling up the DagBag from /home/airflow/.local/lib/python3.12/site-packages/airflow/example_dags/example_python_decorator.py
[2025-03-15T07:15:36.522+0000] {processor.py:925} INFO - DAG(s) 'example_python_decorator' retrieved from /home/airflow/.local/lib/python3.12/site-packages/airflow/example_dags/example_python_decorator.py
[2025-03-15T07:15:36.540+0000] {logging_mixin.py:190} INFO - [2025-03-15T07:15:36.540+0000] {dag.py:3239} INFO - Sync 1 DAGs
[2025-03-15T07:15:36.550+0000] {logging_mixin.py:190} INFO - [2025-03-15T07:15:36.550+0000] {dag.py:4180} INFO - Setting next_dagrun for example_python_decorator to None, run_after=None
[2025-03-15T07:15:36.561+0000] {processor.py:208} INFO - Processing /home/airflow/.local/lib/python3.12/site-packages/airflow/example_dags/example_python_decorator.py took 0.053 seconds
[2025-03-15T07:16:07.433+0000] {processor.py:186} INFO - Started process (PID=599) to work on /home/airflow/.local/lib/python3.12/site-packages/airflow/example_dags/example_python_decorator.py
[2025-03-15T07:16:07.433+0000] {processor.py:914} INFO - Processing file /home/airflow/.local/lib/python3.12/site-packages/airflow/example_dags/example_python_decorator.py for tasks to queue
[2025-03-15T07:16:07.435+0000] {logging_mixin.py:190} INFO - [2025-03-15T07:16:07.434+0000] {dagbag.py:588} INFO - Filling up the DagBag from /home/airflow/.local/lib/python3.12/site-packages/airflow/example_dags/example_python_decorator.py
[2025-03-15T07:16:07.442+0000] {processor.py:925} INFO - DAG(s) 'example_python_decorator' retrieved from /home/airflow/.local/lib/python3.12/site-packages/airflow/example_dags/example_python_decorator.py
[2025-03-15T07:16:07.454+0000] {logging_mixin.py:190} INFO - [2025-03-15T07:16:07.454+0000] {dag.py:3239} INFO - Sync 1 DAGs
[2025-03-15T07:16:07.461+0000] {logging_mixin.py:190} INFO - [2025-03-15T07:16:07.461+0000] {dag.py:4180} INFO - Setting next_dagrun for example_python_decorator to None, run_after=None
[2025-03-15T07:16:07.470+0000] {processor.py:208} INFO - Processing /home/airflow/.local/lib/python3.12/site-packages/airflow/example_dags/example_python_decorator.py took 0.040 seconds
[2025-03-15T07:16:38.298+0000] {processor.py:186} INFO - Started process (PID=661) to work on /home/airflow/.local/lib/python3.12/site-packages/airflow/example_dags/example_python_decorator.py
[2025-03-15T07:16:38.299+0000] {processor.py:914} INFO - Processing file /home/airflow/.local/lib/python3.12/site-packages/airflow/example_dags/example_python_decorator.py for tasks to queue
[2025-03-15T07:16:38.302+0000] {logging_mixin.py:190} INFO - [2025-03-15T07:16:38.302+0000] {dagbag.py:588} INFO - Filling up the DagBag from /home/airflow/.local/lib/python3.12/site-packages/airflow/example_dags/example_python_decorator.py
[2025-03-15T07:16:38.310+0000] {processor.py:925} INFO - DAG(s) 'example_python_decorator' retrieved from /home/airflow/.local/lib/python3.12/site-packages/airflow/example_dags/example_python_decorator.py
[2025-03-15T07:16:38.325+0000] {logging_mixin.py:190} INFO - [2025-03-15T07:16:38.325+0000] {dag.py:3239} INFO - Sync 1 DAGs
[2025-03-15T07:16:38.333+0000] {logging_mixin.py:190} INFO - [2025-03-15T07:16:38.333+0000] {dag.py:4180} INFO - Setting next_dagrun for example_python_decorator to None, run_after=None
[2025-03-15T07:16:38.349+0000] {processor.py:208} INFO - Processing /home/airflow/.local/lib/python3.12/site-packages/airflow/example_dags/example_python_decorator.py took 0.055 seconds
[2025-03-15T07:17:09.316+0000] {processor.py:186} INFO - Started process (PID=724) to work on /home/airflow/.local/lib/python3.12/site-packages/airflow/example_dags/example_python_decorator.py
[2025-03-15T07:17:09.317+0000] {processor.py:914} INFO - Processing file /home/airflow/.local/lib/python3.12/site-packages/airflow/example_dags/example_python_decorator.py for tasks to queue
[2025-03-15T07:17:09.318+0000] {logging_mixin.py:190} INFO - [2025-03-15T07:17:09.318+0000] {dagbag.py:588} INFO - Filling up the DagBag from /home/airflow/.local/lib/python3.12/site-packages/airflow/example_dags/example_python_decorator.py
[2025-03-15T07:17:09.325+0000] {processor.py:925} INFO - DAG(s) 'example_python_decorator' retrieved from /home/airflow/.local/lib/python3.12/site-packages/airflow/example_dags/example_python_decorator.py
[2025-03-15T07:17:09.337+0000] {logging_mixin.py:190} INFO - [2025-03-15T07:17:09.337+0000] {dag.py:3239} INFO - Sync 1 DAGs
[2025-03-15T07:17:09.344+0000] {logging_mixin.py:190} INFO - [2025-03-15T07:17:09.344+0000] {dag.py:4180} INFO - Setting next_dagrun for example_python_decorator to None, run_after=None
[2025-03-15T07:17:09.353+0000] {processor.py:208} INFO - Processing /home/airflow/.local/lib/python3.12/site-packages/airflow/example_dags/example_python_decorator.py took 0.040 seconds
[2025-03-15T07:17:40.840+0000] {processor.py:186} INFO - Started process (PID=787) to work on /home/airflow/.local/lib/python3.12/site-packages/airflow/example_dags/example_python_decorator.py
[2025-03-15T07:17:40.840+0000] {processor.py:914} INFO - Processing file /home/airflow/.local/lib/python3.12/site-packages/airflow/example_dags/example_python_decorator.py for tasks to queue
[2025-03-15T07:17:40.842+0000] {logging_mixin.py:190} INFO - [2025-03-15T07:17:40.841+0000] {dagbag.py:588} INFO - Filling up the DagBag from /home/airflow/.local/lib/python3.12/site-packages/airflow/example_dags/example_python_decorator.py
[2025-03-15T07:17:40.848+0000] {processor.py:925} INFO - DAG(s) 'example_python_decorator' retrieved from /home/airflow/.local/lib/python3.12/site-packages/airflow/example_dags/example_python_decorator.py
[2025-03-15T07:17:40.859+0000] {logging_mixin.py:190} INFO - [2025-03-15T07:17:40.859+0000] {dag.py:3239} INFO - Sync 1 DAGs
[2025-03-15T07:17:40.866+0000] {logging_mixin.py:190} INFO - [2025-03-15T07:17:40.866+0000] {dag.py:4180} INFO - Setting next_dagrun for example_python_decorator to None, run_after=None
[2025-03-15T07:17:40.874+0000] {processor.py:208} INFO - Processing /home/airflow/.local/lib/python3.12/site-packages/airflow/example_dags/example_python_decorator.py took 0.038 seconds
[2025-03-15T07:18:12.005+0000] {processor.py:186} INFO - Started process (PID=850) to work on /home/airflow/.local/lib/python3.12/site-packages/airflow/example_dags/example_python_decorator.py
[2025-03-15T07:18:12.006+0000] {processor.py:914} INFO - Processing file /home/airflow/.local/lib/python3.12/site-packages/airflow/example_dags/example_python_decorator.py for tasks to queue
[2025-03-15T07:18:12.007+0000] {logging_mixin.py:190} INFO - [2025-03-15T07:18:12.007+0000] {dagbag.py:588} INFO - Filling up the DagBag from /home/airflow/.local/lib/python3.12/site-packages/airflow/example_dags/example_python_decorator.py
[2025-03-15T07:18:12.014+0000] {processor.py:925} INFO - DAG(s) 'example_python_decorator' retrieved from /home/airflow/.local/lib/python3.12/site-packages/airflow/example_dags/example_python_decorator.py
[2025-03-15T07:18:12.024+0000] {logging_mixin.py:190} INFO - [2025-03-15T07:18:12.024+0000] {dag.py:3239} INFO - Sync 1 DAGs
[2025-03-15T07:18:12.031+0000] {logging_mixin.py:190} INFO - [2025-03-15T07:18:12.030+0000] {dag.py:4180} INFO - Setting next_dagrun for example_python_decorator to None, run_after=None
[2025-03-15T07:18:12.039+0000] {processor.py:208} INFO - Processing /home/airflow/.local/lib/python3.12/site-packages/airflow/example_dags/example_python_decorator.py took 0.037 seconds
[2025-03-15T07:18:43.489+0000] {processor.py:186} INFO - Started process (PID=921) to work on /home/airflow/.local/lib/python3.12/site-packages/airflow/example_dags/example_python_decorator.py
[2025-03-15T07:18:43.491+0000] {processor.py:914} INFO - Processing file /home/airflow/.local/lib/python3.12/site-packages/airflow/example_dags/example_python_decorator.py for tasks to queue
[2025-03-15T07:18:43.492+0000] {logging_mixin.py:190} INFO - [2025-03-15T07:18:43.492+0000] {dagbag.py:588} INFO - Filling up the DagBag from /home/airflow/.local/lib/python3.12/site-packages/airflow/example_dags/example_python_decorator.py
[2025-03-15T07:18:43.500+0000] {processor.py:925} INFO - DAG(s) 'example_python_decorator' retrieved from /home/airflow/.local/lib/python3.12/site-packages/airflow/example_dags/example_python_decorator.py
[2025-03-15T07:18:43.512+0000] {logging_mixin.py:190} INFO - [2025-03-15T07:18:43.512+0000] {dag.py:3239} INFO - Sync 1 DAGs
[2025-03-15T07:18:43.519+0000] {logging_mixin.py:190} INFO - [2025-03-15T07:18:43.519+0000] {dag.py:4180} INFO - Setting next_dagrun for example_python_decorator to None, run_after=None
[2025-03-15T07:18:43.529+0000] {processor.py:208} INFO - Processing /home/airflow/.local/lib/python3.12/site-packages/airflow/example_dags/example_python_decorator.py took 0.043 seconds
[2025-03-15T07:19:14.326+0000] {processor.py:186} INFO - Started process (PID=984) to work on /home/airflow/.local/lib/python3.12/site-packages/airflow/example_dags/example_python_decorator.py
[2025-03-15T07:19:14.327+0000] {processor.py:914} INFO - Processing file /home/airflow/.local/lib/python3.12/site-packages/airflow/example_dags/example_python_decorator.py for tasks to queue
[2025-03-15T07:19:14.329+0000] {logging_mixin.py:190} INFO - [2025-03-15T07:19:14.328+0000] {dagbag.py:588} INFO - Filling up the DagBag from /home/airflow/.local/lib/python3.12/site-packages/airflow/example_dags/example_python_decorator.py
[2025-03-15T07:19:14.337+0000] {processor.py:925} INFO - DAG(s) 'example_python_decorator' retrieved from /home/airflow/.local/lib/python3.12/site-packages/airflow/example_dags/example_python_decorator.py
[2025-03-15T07:19:14.351+0000] {logging_mixin.py:190} INFO - [2025-03-15T07:19:14.351+0000] {dag.py:3239} INFO - Sync 1 DAGs
[2025-03-15T07:19:14.358+0000] {logging_mixin.py:190} INFO - [2025-03-15T07:19:14.358+0000] {dag.py:4180} INFO - Setting next_dagrun for example_python_decorator to None, run_after=None
[2025-03-15T07:19:14.370+0000] {processor.py:208} INFO - Processing /home/airflow/.local/lib/python3.12/site-packages/airflow/example_dags/example_python_decorator.py took 0.047 seconds
[2025-03-15T07:19:45.509+0000] {processor.py:186} INFO - Started process (PID=1047) to work on /home/airflow/.local/lib/python3.12/site-packages/airflow/example_dags/example_python_decorator.py
[2025-03-15T07:19:45.511+0000] {processor.py:914} INFO - Processing file /home/airflow/.local/lib/python3.12/site-packages/airflow/example_dags/example_python_decorator.py for tasks to queue
[2025-03-15T07:19:45.512+0000] {logging_mixin.py:190} INFO - [2025-03-15T07:19:45.512+0000] {dagbag.py:588} INFO - Filling up the DagBag from /home/airflow/.local/lib/python3.12/site-packages/airflow/example_dags/example_python_decorator.py
[2025-03-15T07:19:45.522+0000] {processor.py:925} INFO - DAG(s) 'example_python_decorator' retrieved from /home/airflow/.local/lib/python3.12/site-packages/airflow/example_dags/example_python_decorator.py
[2025-03-15T07:19:45.537+0000] {logging_mixin.py:190} INFO - [2025-03-15T07:19:45.537+0000] {dag.py:3239} INFO - Sync 1 DAGs
[2025-03-15T07:19:45.546+0000] {logging_mixin.py:190} INFO - [2025-03-15T07:19:45.546+0000] {dag.py:4180} INFO - Setting next_dagrun for example_python_decorator to None, run_after=None
[2025-03-15T07:19:45.557+0000] {processor.py:208} INFO - Processing /home/airflow/.local/lib/python3.12/site-packages/airflow/example_dags/example_python_decorator.py took 0.051 seconds
[2025-03-15T07:20:16.520+0000] {processor.py:186} INFO - Started process (PID=1110) to work on /home/airflow/.local/lib/python3.12/site-packages/airflow/example_dags/example_python_decorator.py
[2025-03-15T07:20:16.521+0000] {processor.py:914} INFO - Processing file /home/airflow/.local/lib/python3.12/site-packages/airflow/example_dags/example_python_decorator.py for tasks to queue
[2025-03-15T07:20:16.524+0000] {logging_mixin.py:190} INFO - [2025-03-15T07:20:16.523+0000] {dagbag.py:588} INFO - Filling up the DagBag from /home/airflow/.local/lib/python3.12/site-packages/airflow/example_dags/example_python_decorator.py
[2025-03-15T07:20:16.535+0000] {processor.py:925} INFO - DAG(s) 'example_python_decorator' retrieved from /home/airflow/.local/lib/python3.12/site-packages/airflow/example_dags/example_python_decorator.py
[2025-03-15T07:20:16.546+0000] {logging_mixin.py:190} INFO - [2025-03-15T07:20:16.546+0000] {dag.py:3239} INFO - Sync 1 DAGs
[2025-03-15T07:20:16.553+0000] {logging_mixin.py:190} INFO - [2025-03-15T07:20:16.553+0000] {dag.py:4180} INFO - Setting next_dagrun for example_python_decorator to None, run_after=None
[2025-03-15T07:20:16.563+0000] {processor.py:208} INFO - Processing /home/airflow/.local/lib/python3.12/site-packages/airflow/example_dags/example_python_decorator.py took 0.046 seconds
[2025-03-15T07:20:47.183+0000] {processor.py:186} INFO - Started process (PID=1171) to work on /home/airflow/.local/lib/python3.12/site-packages/airflow/example_dags/example_python_decorator.py
[2025-03-15T07:20:47.184+0000] {processor.py:914} INFO - Processing file /home/airflow/.local/lib/python3.12/site-packages/airflow/example_dags/example_python_decorator.py for tasks to queue
[2025-03-15T07:20:47.187+0000] {logging_mixin.py:190} INFO - [2025-03-15T07:20:47.187+0000] {dagbag.py:588} INFO - Filling up the DagBag from /home/airflow/.local/lib/python3.12/site-packages/airflow/example_dags/example_python_decorator.py
[2025-03-15T07:20:47.195+0000] {processor.py:925} INFO - DAG(s) 'example_python_decorator' retrieved from /home/airflow/.local/lib/python3.12/site-packages/airflow/example_dags/example_python_decorator.py
[2025-03-15T07:20:47.214+0000] {logging_mixin.py:190} INFO - [2025-03-15T07:20:47.214+0000] {dag.py:3239} INFO - Sync 1 DAGs
[2025-03-15T07:20:47.221+0000] {logging_mixin.py:190} INFO - [2025-03-15T07:20:47.221+0000] {dag.py:4180} INFO - Setting next_dagrun for example_python_decorator to None, run_after=None
[2025-03-15T07:20:47.236+0000] {processor.py:208} INFO - Processing /home/airflow/.local/lib/python3.12/site-packages/airflow/example_dags/example_python_decorator.py took 0.057 seconds
[2025-03-15T07:21:18.147+0000] {processor.py:186} INFO - Started process (PID=1234) to work on /home/airflow/.local/lib/python3.12/site-packages/airflow/example_dags/example_python_decorator.py
[2025-03-15T07:21:18.149+0000] {processor.py:914} INFO - Processing file /home/airflow/.local/lib/python3.12/site-packages/airflow/example_dags/example_python_decorator.py for tasks to queue
[2025-03-15T07:21:18.151+0000] {logging_mixin.py:190} INFO - [2025-03-15T07:21:18.150+0000] {dagbag.py:588} INFO - Filling up the DagBag from /home/airflow/.local/lib/python3.12/site-packages/airflow/example_dags/example_python_decorator.py
[2025-03-15T07:21:18.158+0000] {processor.py:925} INFO - DAG(s) 'example_python_decorator' retrieved from /home/airflow/.local/lib/python3.12/site-packages/airflow/example_dags/example_python_decorator.py
[2025-03-15T07:21:18.175+0000] {logging_mixin.py:190} INFO - [2025-03-15T07:21:18.175+0000] {dag.py:3239} INFO - Sync 1 DAGs
[2025-03-15T07:21:18.186+0000] {logging_mixin.py:190} INFO - [2025-03-15T07:21:18.185+0000] {dag.py:4180} INFO - Setting next_dagrun for example_python_decorator to None, run_after=None
[2025-03-15T07:21:18.201+0000] {processor.py:208} INFO - Processing /home/airflow/.local/lib/python3.12/site-packages/airflow/example_dags/example_python_decorator.py took 0.058 seconds
[2025-03-15T07:21:49.475+0000] {processor.py:186} INFO - Started process (PID=1297) to work on /home/airflow/.local/lib/python3.12/site-packages/airflow/example_dags/example_python_decorator.py
[2025-03-15T07:21:49.476+0000] {processor.py:914} INFO - Processing file /home/airflow/.local/lib/python3.12/site-packages/airflow/example_dags/example_python_decorator.py for tasks to queue
[2025-03-15T07:21:49.478+0000] {logging_mixin.py:190} INFO - [2025-03-15T07:21:49.477+0000] {dagbag.py:588} INFO - Filling up the DagBag from /home/airflow/.local/lib/python3.12/site-packages/airflow/example_dags/example_python_decorator.py
[2025-03-15T07:21:49.488+0000] {processor.py:925} INFO - DAG(s) 'example_python_decorator' retrieved from /home/airflow/.local/lib/python3.12/site-packages/airflow/example_dags/example_python_decorator.py
[2025-03-15T07:21:49.501+0000] {logging_mixin.py:190} INFO - [2025-03-15T07:21:49.501+0000] {dag.py:3239} INFO - Sync 1 DAGs
[2025-03-15T07:21:49.510+0000] {logging_mixin.py:190} INFO - [2025-03-15T07:21:49.509+0000] {dag.py:4180} INFO - Setting next_dagrun for example_python_decorator to None, run_after=None
[2025-03-15T07:21:49.525+0000] {processor.py:208} INFO - Processing /home/airflow/.local/lib/python3.12/site-packages/airflow/example_dags/example_python_decorator.py took 0.053 seconds
[2025-03-15T07:22:21.768+0000] {processor.py:186} INFO - Started process (PID=1360) to work on /home/airflow/.local/lib/python3.12/site-packages/airflow/example_dags/example_python_decorator.py
[2025-03-15T07:22:21.769+0000] {processor.py:914} INFO - Processing file /home/airflow/.local/lib/python3.12/site-packages/airflow/example_dags/example_python_decorator.py for tasks to queue
[2025-03-15T07:22:21.770+0000] {logging_mixin.py:190} INFO - [2025-03-15T07:22:21.770+0000] {dagbag.py:588} INFO - Filling up the DagBag from /home/airflow/.local/lib/python3.12/site-packages/airflow/example_dags/example_python_decorator.py
[2025-03-15T07:22:21.798+0000] {processor.py:925} INFO - DAG(s) 'example_python_decorator' retrieved from /home/airflow/.local/lib/python3.12/site-packages/airflow/example_dags/example_python_decorator.py
[2025-03-15T07:22:21.819+0000] {logging_mixin.py:190} INFO - [2025-03-15T07:22:21.819+0000] {dag.py:3239} INFO - Sync 1 DAGs
[2025-03-15T07:22:21.834+0000] {logging_mixin.py:190} INFO - [2025-03-15T07:22:21.834+0000] {dag.py:4180} INFO - Setting next_dagrun for example_python_decorator to None, run_after=None
[2025-03-15T07:22:21.846+0000] {processor.py:208} INFO - Processing /home/airflow/.local/lib/python3.12/site-packages/airflow/example_dags/example_python_decorator.py took 0.086 seconds
[2025-03-15T07:22:51.867+0000] {processor.py:186} INFO - Started process (PID=1423) to work on /home/airflow/.local/lib/python3.12/site-packages/airflow/example_dags/example_python_decorator.py
[2025-03-15T07:22:51.867+0000] {processor.py:914} INFO - Processing file /home/airflow/.local/lib/python3.12/site-packages/airflow/example_dags/example_python_decorator.py for tasks to queue
[2025-03-15T07:22:51.868+0000] {logging_mixin.py:190} INFO - [2025-03-15T07:22:51.868+0000] {dagbag.py:588} INFO - Filling up the DagBag from /home/airflow/.local/lib/python3.12/site-packages/airflow/example_dags/example_python_decorator.py
[2025-03-15T07:22:51.877+0000] {processor.py:925} INFO - DAG(s) 'example_python_decorator' retrieved from /home/airflow/.local/lib/python3.12/site-packages/airflow/example_dags/example_python_decorator.py
[2025-03-15T07:22:51.889+0000] {logging_mixin.py:190} INFO - [2025-03-15T07:22:51.889+0000] {dag.py:3239} INFO - Sync 1 DAGs
[2025-03-15T07:22:51.896+0000] {logging_mixin.py:190} INFO - [2025-03-15T07:22:51.896+0000] {dag.py:4180} INFO - Setting next_dagrun for example_python_decorator to None, run_after=None
[2025-03-15T07:22:51.904+0000] {processor.py:208} INFO - Processing /home/airflow/.local/lib/python3.12/site-packages/airflow/example_dags/example_python_decorator.py took 0.040 seconds
[2025-03-15T07:23:23.008+0000] {processor.py:186} INFO - Started process (PID=1486) to work on /home/airflow/.local/lib/python3.12/site-packages/airflow/example_dags/example_python_decorator.py
[2025-03-15T07:23:23.009+0000] {processor.py:914} INFO - Processing file /home/airflow/.local/lib/python3.12/site-packages/airflow/example_dags/example_python_decorator.py for tasks to queue
[2025-03-15T07:23:23.010+0000] {logging_mixin.py:190} INFO - [2025-03-15T07:23:23.010+0000] {dagbag.py:588} INFO - Filling up the DagBag from /home/airflow/.local/lib/python3.12/site-packages/airflow/example_dags/example_python_decorator.py
[2025-03-15T07:23:23.018+0000] {processor.py:925} INFO - DAG(s) 'example_python_decorator' retrieved from /home/airflow/.local/lib/python3.12/site-packages/airflow/example_dags/example_python_decorator.py
[2025-03-15T07:23:23.030+0000] {logging_mixin.py:190} INFO - [2025-03-15T07:23:23.030+0000] {dag.py:3239} INFO - Sync 1 DAGs
[2025-03-15T07:23:23.041+0000] {logging_mixin.py:190} INFO - [2025-03-15T07:23:23.040+0000] {dag.py:4180} INFO - Setting next_dagrun for example_python_decorator to None, run_after=None
[2025-03-15T07:23:23.058+0000] {processor.py:208} INFO - Processing /home/airflow/.local/lib/python3.12/site-packages/airflow/example_dags/example_python_decorator.py took 0.053 seconds
[2025-03-15T07:23:54.486+0000] {processor.py:186} INFO - Started process (PID=1549) to work on /home/airflow/.local/lib/python3.12/site-packages/airflow/example_dags/example_python_decorator.py
[2025-03-15T07:23:54.487+0000] {processor.py:914} INFO - Processing file /home/airflow/.local/lib/python3.12/site-packages/airflow/example_dags/example_python_decorator.py for tasks to queue
[2025-03-15T07:23:54.490+0000] {logging_mixin.py:190} INFO - [2025-03-15T07:23:54.489+0000] {dagbag.py:588} INFO - Filling up the DagBag from /home/airflow/.local/lib/python3.12/site-packages/airflow/example_dags/example_python_decorator.py
[2025-03-15T07:23:54.499+0000] {processor.py:925} INFO - DAG(s) 'example_python_decorator' retrieved from /home/airflow/.local/lib/python3.12/site-packages/airflow/example_dags/example_python_decorator.py
[2025-03-15T07:23:54.514+0000] {logging_mixin.py:190} INFO - [2025-03-15T07:23:54.514+0000] {dag.py:3239} INFO - Sync 1 DAGs
[2025-03-15T07:23:54.524+0000] {logging_mixin.py:190} INFO - [2025-03-15T07:23:54.524+0000] {dag.py:4180} INFO - Setting next_dagrun for example_python_decorator to None, run_after=None
[2025-03-15T07:23:54.534+0000] {processor.py:208} INFO - Processing /home/airflow/.local/lib/python3.12/site-packages/airflow/example_dags/example_python_decorator.py took 0.053 seconds
[2025-03-15T07:24:25.717+0000] {processor.py:186} INFO - Started process (PID=1612) to work on /home/airflow/.local/lib/python3.12/site-packages/airflow/example_dags/example_python_decorator.py
[2025-03-15T07:24:25.718+0000] {processor.py:914} INFO - Processing file /home/airflow/.local/lib/python3.12/site-packages/airflow/example_dags/example_python_decorator.py for tasks to queue
[2025-03-15T07:24:25.719+0000] {logging_mixin.py:190} INFO - [2025-03-15T07:24:25.719+0000] {dagbag.py:588} INFO - Filling up the DagBag from /home/airflow/.local/lib/python3.12/site-packages/airflow/example_dags/example_python_decorator.py
[2025-03-15T07:24:25.727+0000] {processor.py:925} INFO - DAG(s) 'example_python_decorator' retrieved from /home/airflow/.local/lib/python3.12/site-packages/airflow/example_dags/example_python_decorator.py
[2025-03-15T07:24:25.742+0000] {logging_mixin.py:190} INFO - [2025-03-15T07:24:25.742+0000] {dag.py:3239} INFO - Sync 1 DAGs
[2025-03-15T07:24:25.752+0000] {logging_mixin.py:190} INFO - [2025-03-15T07:24:25.751+0000] {dag.py:4180} INFO - Setting next_dagrun for example_python_decorator to None, run_after=None
[2025-03-15T07:24:25.767+0000] {processor.py:208} INFO - Processing /home/airflow/.local/lib/python3.12/site-packages/airflow/example_dags/example_python_decorator.py took 0.052 seconds
[2025-03-15T07:24:57.057+0000] {processor.py:186} INFO - Started process (PID=1675) to work on /home/airflow/.local/lib/python3.12/site-packages/airflow/example_dags/example_python_decorator.py
[2025-03-15T07:24:57.059+0000] {processor.py:914} INFO - Processing file /home/airflow/.local/lib/python3.12/site-packages/airflow/example_dags/example_python_decorator.py for tasks to queue
[2025-03-15T07:24:57.060+0000] {logging_mixin.py:190} INFO - [2025-03-15T07:24:57.060+0000] {dagbag.py:588} INFO - Filling up the DagBag from /home/airflow/.local/lib/python3.12/site-packages/airflow/example_dags/example_python_decorator.py
[2025-03-15T07:24:57.070+0000] {processor.py:925} INFO - DAG(s) 'example_python_decorator' retrieved from /home/airflow/.local/lib/python3.12/site-packages/airflow/example_dags/example_python_decorator.py
[2025-03-15T07:24:57.087+0000] {logging_mixin.py:190} INFO - [2025-03-15T07:24:57.087+0000] {dag.py:3239} INFO - Sync 1 DAGs
[2025-03-15T07:24:57.094+0000] {logging_mixin.py:190} INFO - [2025-03-15T07:24:57.094+0000] {dag.py:4180} INFO - Setting next_dagrun for example_python_decorator to None, run_after=None
[2025-03-15T07:24:57.103+0000] {processor.py:208} INFO - Processing /home/airflow/.local/lib/python3.12/site-packages/airflow/example_dags/example_python_decorator.py took 0.049 seconds
[2025-03-15T07:25:28.371+0000] {processor.py:186} INFO - Started process (PID=1737) to work on /home/airflow/.local/lib/python3.12/site-packages/airflow/example_dags/example_python_decorator.py
[2025-03-15T07:25:28.372+0000] {processor.py:914} INFO - Processing file /home/airflow/.local/lib/python3.12/site-packages/airflow/example_dags/example_python_decorator.py for tasks to queue
[2025-03-15T07:25:28.373+0000] {logging_mixin.py:190} INFO - [2025-03-15T07:25:28.373+0000] {dagbag.py:588} INFO - Filling up the DagBag from /home/airflow/.local/lib/python3.12/site-packages/airflow/example_dags/example_python_decorator.py
[2025-03-15T07:25:28.381+0000] {processor.py:925} INFO - DAG(s) 'example_python_decorator' retrieved from /home/airflow/.local/lib/python3.12/site-packages/airflow/example_dags/example_python_decorator.py
[2025-03-15T07:25:28.401+0000] {logging_mixin.py:190} INFO - [2025-03-15T07:25:28.401+0000] {dag.py:3239} INFO - Sync 1 DAGs
[2025-03-15T07:25:28.411+0000] {logging_mixin.py:190} INFO - [2025-03-15T07:25:28.410+0000] {dag.py:4180} INFO - Setting next_dagrun for example_python_decorator to None, run_after=None
[2025-03-15T07:25:28.424+0000] {processor.py:208} INFO - Processing /home/airflow/.local/lib/python3.12/site-packages/airflow/example_dags/example_python_decorator.py took 0.056 seconds
[2025-03-15T07:25:59.721+0000] {processor.py:186} INFO - Started process (PID=1800) to work on /home/airflow/.local/lib/python3.12/site-packages/airflow/example_dags/example_python_decorator.py
[2025-03-15T07:25:59.723+0000] {processor.py:914} INFO - Processing file /home/airflow/.local/lib/python3.12/site-packages/airflow/example_dags/example_python_decorator.py for tasks to queue
[2025-03-15T07:25:59.726+0000] {logging_mixin.py:190} INFO - [2025-03-15T07:25:59.726+0000] {dagbag.py:588} INFO - Filling up the DagBag from /home/airflow/.local/lib/python3.12/site-packages/airflow/example_dags/example_python_decorator.py
[2025-03-15T07:25:59.734+0000] {processor.py:925} INFO - DAG(s) 'example_python_decorator' retrieved from /home/airflow/.local/lib/python3.12/site-packages/airflow/example_dags/example_python_decorator.py
[2025-03-15T07:25:59.746+0000] {logging_mixin.py:190} INFO - [2025-03-15T07:25:59.746+0000] {dag.py:3239} INFO - Sync 1 DAGs
[2025-03-15T07:25:59.755+0000] {logging_mixin.py:190} INFO - [2025-03-15T07:25:59.754+0000] {dag.py:4180} INFO - Setting next_dagrun for example_python_decorator to None, run_after=None
[2025-03-15T07:25:59.765+0000] {processor.py:208} INFO - Processing /home/airflow/.local/lib/python3.12/site-packages/airflow/example_dags/example_python_decorator.py took 0.047 seconds
[2025-03-15T07:26:31.117+0000] {processor.py:186} INFO - Started process (PID=1862) to work on /home/airflow/.local/lib/python3.12/site-packages/airflow/example_dags/example_python_decorator.py
[2025-03-15T07:26:31.121+0000] {processor.py:914} INFO - Processing file /home/airflow/.local/lib/python3.12/site-packages/airflow/example_dags/example_python_decorator.py for tasks to queue
[2025-03-15T07:26:31.122+0000] {logging_mixin.py:190} INFO - [2025-03-15T07:26:31.121+0000] {dagbag.py:588} INFO - Filling up the DagBag from /home/airflow/.local/lib/python3.12/site-packages/airflow/example_dags/example_python_decorator.py
[2025-03-15T07:26:31.132+0000] {processor.py:925} INFO - DAG(s) 'example_python_decorator' retrieved from /home/airflow/.local/lib/python3.12/site-packages/airflow/example_dags/example_python_decorator.py
[2025-03-15T07:26:31.146+0000] {logging_mixin.py:190} INFO - [2025-03-15T07:26:31.146+0000] {dag.py:3239} INFO - Sync 1 DAGs
[2025-03-15T07:26:31.153+0000] {logging_mixin.py:190} INFO - [2025-03-15T07:26:31.153+0000] {dag.py:4180} INFO - Setting next_dagrun for example_python_decorator to None, run_after=None
[2025-03-15T07:26:31.165+0000] {processor.py:208} INFO - Processing /home/airflow/.local/lib/python3.12/site-packages/airflow/example_dags/example_python_decorator.py took 0.050 seconds
[2025-03-15T07:27:01.719+0000] {processor.py:186} INFO - Started process (PID=1926) to work on /home/airflow/.local/lib/python3.12/site-packages/airflow/example_dags/example_python_decorator.py
[2025-03-15T07:27:01.719+0000] {processor.py:914} INFO - Processing file /home/airflow/.local/lib/python3.12/site-packages/airflow/example_dags/example_python_decorator.py for tasks to queue
[2025-03-15T07:27:01.721+0000] {logging_mixin.py:190} INFO - [2025-03-15T07:27:01.720+0000] {dagbag.py:588} INFO - Filling up the DagBag from /home/airflow/.local/lib/python3.12/site-packages/airflow/example_dags/example_python_decorator.py
[2025-03-15T07:27:01.728+0000] {processor.py:925} INFO - DAG(s) 'example_python_decorator' retrieved from /home/airflow/.local/lib/python3.12/site-packages/airflow/example_dags/example_python_decorator.py
[2025-03-15T07:27:01.739+0000] {logging_mixin.py:190} INFO - [2025-03-15T07:27:01.739+0000] {dag.py:3239} INFO - Sync 1 DAGs
[2025-03-15T07:27:01.747+0000] {logging_mixin.py:190} INFO - [2025-03-15T07:27:01.747+0000] {dag.py:4180} INFO - Setting next_dagrun for example_python_decorator to None, run_after=None
[2025-03-15T07:27:01.762+0000] {processor.py:208} INFO - Processing /home/airflow/.local/lib/python3.12/site-packages/airflow/example_dags/example_python_decorator.py took 0.047 seconds
[2025-03-15T07:27:32.799+0000] {processor.py:186} INFO - Started process (PID=1996) to work on /home/airflow/.local/lib/python3.12/site-packages/airflow/example_dags/example_python_decorator.py
[2025-03-15T07:27:32.800+0000] {processor.py:914} INFO - Processing file /home/airflow/.local/lib/python3.12/site-packages/airflow/example_dags/example_python_decorator.py for tasks to queue
[2025-03-15T07:27:32.801+0000] {logging_mixin.py:190} INFO - [2025-03-15T07:27:32.801+0000] {dagbag.py:588} INFO - Filling up the DagBag from /home/airflow/.local/lib/python3.12/site-packages/airflow/example_dags/example_python_decorator.py
[2025-03-15T07:27:32.811+0000] {processor.py:925} INFO - DAG(s) 'example_python_decorator' retrieved from /home/airflow/.local/lib/python3.12/site-packages/airflow/example_dags/example_python_decorator.py
[2025-03-15T07:27:32.829+0000] {logging_mixin.py:190} INFO - [2025-03-15T07:27:32.828+0000] {dag.py:3239} INFO - Sync 1 DAGs
[2025-03-15T07:27:32.838+0000] {logging_mixin.py:190} INFO - [2025-03-15T07:27:32.837+0000] {dag.py:4180} INFO - Setting next_dagrun for example_python_decorator to None, run_after=None
[2025-03-15T07:27:32.852+0000] {processor.py:208} INFO - Processing /home/airflow/.local/lib/python3.12/site-packages/airflow/example_dags/example_python_decorator.py took 0.056 seconds
[2025-03-15T07:28:03.609+0000] {processor.py:186} INFO - Started process (PID=2060) to work on /home/airflow/.local/lib/python3.12/site-packages/airflow/example_dags/example_python_decorator.py
[2025-03-15T07:28:03.611+0000] {processor.py:914} INFO - Processing file /home/airflow/.local/lib/python3.12/site-packages/airflow/example_dags/example_python_decorator.py for tasks to queue
[2025-03-15T07:28:03.612+0000] {logging_mixin.py:190} INFO - [2025-03-15T07:28:03.612+0000] {dagbag.py:588} INFO - Filling up the DagBag from /home/airflow/.local/lib/python3.12/site-packages/airflow/example_dags/example_python_decorator.py
[2025-03-15T07:28:03.620+0000] {processor.py:925} INFO - DAG(s) 'example_python_decorator' retrieved from /home/airflow/.local/lib/python3.12/site-packages/airflow/example_dags/example_python_decorator.py
[2025-03-15T07:28:03.632+0000] {logging_mixin.py:190} INFO - [2025-03-15T07:28:03.631+0000] {dag.py:3239} INFO - Sync 1 DAGs
[2025-03-15T07:28:03.643+0000] {logging_mixin.py:190} INFO - [2025-03-15T07:28:03.643+0000] {dag.py:4180} INFO - Setting next_dagrun for example_python_decorator to None, run_after=None
[2025-03-15T07:28:03.663+0000] {processor.py:208} INFO - Processing /home/airflow/.local/lib/python3.12/site-packages/airflow/example_dags/example_python_decorator.py took 0.057 seconds
[2025-03-15T07:28:34.686+0000] {processor.py:186} INFO - Started process (PID=2124) to work on /home/airflow/.local/lib/python3.12/site-packages/airflow/example_dags/example_python_decorator.py
[2025-03-15T07:28:34.687+0000] {processor.py:914} INFO - Processing file /home/airflow/.local/lib/python3.12/site-packages/airflow/example_dags/example_python_decorator.py for tasks to queue
[2025-03-15T07:28:34.690+0000] {logging_mixin.py:190} INFO - [2025-03-15T07:28:34.690+0000] {dagbag.py:588} INFO - Filling up the DagBag from /home/airflow/.local/lib/python3.12/site-packages/airflow/example_dags/example_python_decorator.py
[2025-03-15T07:28:34.701+0000] {processor.py:925} INFO - DAG(s) 'example_python_decorator' retrieved from /home/airflow/.local/lib/python3.12/site-packages/airflow/example_dags/example_python_decorator.py
[2025-03-15T07:28:34.715+0000] {logging_mixin.py:190} INFO - [2025-03-15T07:28:34.715+0000] {dag.py:3239} INFO - Sync 1 DAGs
[2025-03-15T07:28:34.723+0000] {logging_mixin.py:190} INFO - [2025-03-15T07:28:34.723+0000] {dag.py:4180} INFO - Setting next_dagrun for example_python_decorator to None, run_after=None
[2025-03-15T07:28:34.742+0000] {processor.py:208} INFO - Processing /home/airflow/.local/lib/python3.12/site-packages/airflow/example_dags/example_python_decorator.py took 0.060 seconds
[2025-03-15T07:29:05.219+0000] {processor.py:186} INFO - Started process (PID=2188) to work on /home/airflow/.local/lib/python3.12/site-packages/airflow/example_dags/example_python_decorator.py
[2025-03-15T07:29:05.220+0000] {processor.py:914} INFO - Processing file /home/airflow/.local/lib/python3.12/site-packages/airflow/example_dags/example_python_decorator.py for tasks to queue
[2025-03-15T07:29:05.221+0000] {logging_mixin.py:190} INFO - [2025-03-15T07:29:05.221+0000] {dagbag.py:588} INFO - Filling up the DagBag from /home/airflow/.local/lib/python3.12/site-packages/airflow/example_dags/example_python_decorator.py
[2025-03-15T07:29:05.228+0000] {processor.py:925} INFO - DAG(s) 'example_python_decorator' retrieved from /home/airflow/.local/lib/python3.12/site-packages/airflow/example_dags/example_python_decorator.py
[2025-03-15T07:29:05.243+0000] {logging_mixin.py:190} INFO - [2025-03-15T07:29:05.243+0000] {dag.py:3239} INFO - Sync 1 DAGs
[2025-03-15T07:29:05.251+0000] {logging_mixin.py:190} INFO - [2025-03-15T07:29:05.251+0000] {dag.py:4180} INFO - Setting next_dagrun for example_python_decorator to None, run_after=None
[2025-03-15T07:29:05.269+0000] {processor.py:208} INFO - Processing /home/airflow/.local/lib/python3.12/site-packages/airflow/example_dags/example_python_decorator.py took 0.053 seconds
[2025-03-15T07:29:36.324+0000] {processor.py:186} INFO - Started process (PID=2252) to work on /home/airflow/.local/lib/python3.12/site-packages/airflow/example_dags/example_python_decorator.py
[2025-03-15T07:29:36.325+0000] {processor.py:914} INFO - Processing file /home/airflow/.local/lib/python3.12/site-packages/airflow/example_dags/example_python_decorator.py for tasks to queue
[2025-03-15T07:29:36.326+0000] {logging_mixin.py:190} INFO - [2025-03-15T07:29:36.326+0000] {dagbag.py:588} INFO - Filling up the DagBag from /home/airflow/.local/lib/python3.12/site-packages/airflow/example_dags/example_python_decorator.py
[2025-03-15T07:29:36.335+0000] {processor.py:925} INFO - DAG(s) 'example_python_decorator' retrieved from /home/airflow/.local/lib/python3.12/site-packages/airflow/example_dags/example_python_decorator.py
[2025-03-15T07:29:36.354+0000] {logging_mixin.py:190} INFO - [2025-03-15T07:29:36.354+0000] {dag.py:3239} INFO - Sync 1 DAGs
[2025-03-15T07:29:36.365+0000] {logging_mixin.py:190} INFO - [2025-03-15T07:29:36.364+0000] {dag.py:4180} INFO - Setting next_dagrun for example_python_decorator to None, run_after=None
[2025-03-15T07:29:36.382+0000] {processor.py:208} INFO - Processing /home/airflow/.local/lib/python3.12/site-packages/airflow/example_dags/example_python_decorator.py took 0.060 seconds
[2025-03-15T07:30:06.752+0000] {processor.py:186} INFO - Started process (PID=2316) to work on /home/airflow/.local/lib/python3.12/site-packages/airflow/example_dags/example_python_decorator.py
[2025-03-15T07:30:06.753+0000] {processor.py:914} INFO - Processing file /home/airflow/.local/lib/python3.12/site-packages/airflow/example_dags/example_python_decorator.py for tasks to queue
[2025-03-15T07:30:06.754+0000] {logging_mixin.py:190} INFO - [2025-03-15T07:30:06.754+0000] {dagbag.py:588} INFO - Filling up the DagBag from /home/airflow/.local/lib/python3.12/site-packages/airflow/example_dags/example_python_decorator.py
[2025-03-15T07:30:06.763+0000] {processor.py:925} INFO - DAG(s) 'example_python_decorator' retrieved from /home/airflow/.local/lib/python3.12/site-packages/airflow/example_dags/example_python_decorator.py
[2025-03-15T07:30:06.784+0000] {logging_mixin.py:190} INFO - [2025-03-15T07:30:06.784+0000] {dag.py:3239} INFO - Sync 1 DAGs
[2025-03-15T07:30:06.794+0000] {logging_mixin.py:190} INFO - [2025-03-15T07:30:06.794+0000] {dag.py:4180} INFO - Setting next_dagrun for example_python_decorator to None, run_after=None
[2025-03-15T07:30:06.802+0000] {processor.py:208} INFO - Processing /home/airflow/.local/lib/python3.12/site-packages/airflow/example_dags/example_python_decorator.py took 0.054 seconds
[2025-03-15T07:30:38.083+0000] {processor.py:186} INFO - Started process (PID=2380) to work on /home/airflow/.local/lib/python3.12/site-packages/airflow/example_dags/example_python_decorator.py
[2025-03-15T07:30:38.084+0000] {processor.py:914} INFO - Processing file /home/airflow/.local/lib/python3.12/site-packages/airflow/example_dags/example_python_decorator.py for tasks to queue
[2025-03-15T07:30:38.085+0000] {logging_mixin.py:190} INFO - [2025-03-15T07:30:38.085+0000] {dagbag.py:588} INFO - Filling up the DagBag from /home/airflow/.local/lib/python3.12/site-packages/airflow/example_dags/example_python_decorator.py
[2025-03-15T07:30:38.092+0000] {processor.py:925} INFO - DAG(s) 'example_python_decorator' retrieved from /home/airflow/.local/lib/python3.12/site-packages/airflow/example_dags/example_python_decorator.py
[2025-03-15T07:30:38.109+0000] {logging_mixin.py:190} INFO - [2025-03-15T07:30:38.109+0000] {dag.py:3239} INFO - Sync 1 DAGs
[2025-03-15T07:30:38.119+0000] {logging_mixin.py:190} INFO - [2025-03-15T07:30:38.119+0000] {dag.py:4180} INFO - Setting next_dagrun for example_python_decorator to None, run_after=None
[2025-03-15T07:30:38.136+0000] {processor.py:208} INFO - Processing /home/airflow/.local/lib/python3.12/site-packages/airflow/example_dags/example_python_decorator.py took 0.056 seconds
[2025-03-15T07:31:09.426+0000] {processor.py:186} INFO - Started process (PID=2444) to work on /home/airflow/.local/lib/python3.12/site-packages/airflow/example_dags/example_python_decorator.py
[2025-03-15T07:31:09.426+0000] {processor.py:914} INFO - Processing file /home/airflow/.local/lib/python3.12/site-packages/airflow/example_dags/example_python_decorator.py for tasks to queue
[2025-03-15T07:31:09.429+0000] {logging_mixin.py:190} INFO - [2025-03-15T07:31:09.429+0000] {dagbag.py:588} INFO - Filling up the DagBag from /home/airflow/.local/lib/python3.12/site-packages/airflow/example_dags/example_python_decorator.py
[2025-03-15T07:31:09.436+0000] {processor.py:925} INFO - DAG(s) 'example_python_decorator' retrieved from /home/airflow/.local/lib/python3.12/site-packages/airflow/example_dags/example_python_decorator.py
[2025-03-15T07:31:09.455+0000] {logging_mixin.py:190} INFO - [2025-03-15T07:31:09.455+0000] {dag.py:3239} INFO - Sync 1 DAGs
[2025-03-15T07:31:09.462+0000] {logging_mixin.py:190} INFO - [2025-03-15T07:31:09.462+0000] {dag.py:4180} INFO - Setting next_dagrun for example_python_decorator to None, run_after=None
[2025-03-15T07:31:09.475+0000] {processor.py:208} INFO - Processing /home/airflow/.local/lib/python3.12/site-packages/airflow/example_dags/example_python_decorator.py took 0.052 seconds
[2025-03-15T07:31:41.475+0000] {processor.py:186} INFO - Started process (PID=2508) to work on /home/airflow/.local/lib/python3.12/site-packages/airflow/example_dags/example_python_decorator.py
[2025-03-15T07:31:41.476+0000] {processor.py:914} INFO - Processing file /home/airflow/.local/lib/python3.12/site-packages/airflow/example_dags/example_python_decorator.py for tasks to queue
[2025-03-15T07:31:41.478+0000] {logging_mixin.py:190} INFO - [2025-03-15T07:31:41.477+0000] {dagbag.py:588} INFO - Filling up the DagBag from /home/airflow/.local/lib/python3.12/site-packages/airflow/example_dags/example_python_decorator.py
[2025-03-15T07:31:41.485+0000] {processor.py:925} INFO - DAG(s) 'example_python_decorator' retrieved from /home/airflow/.local/lib/python3.12/site-packages/airflow/example_dags/example_python_decorator.py
[2025-03-15T07:31:41.504+0000] {logging_mixin.py:190} INFO - [2025-03-15T07:31:41.503+0000] {dag.py:3239} INFO - Sync 1 DAGs
[2025-03-15T07:31:41.511+0000] {logging_mixin.py:190} INFO - [2025-03-15T07:31:41.511+0000] {dag.py:4180} INFO - Setting next_dagrun for example_python_decorator to None, run_after=None
[2025-03-15T07:31:41.552+0000] {processor.py:208} INFO - Processing /home/airflow/.local/lib/python3.12/site-packages/airflow/example_dags/example_python_decorator.py took 0.080 seconds
[2025-03-15T07:32:12.250+0000] {processor.py:186} INFO - Started process (PID=2572) to work on /home/airflow/.local/lib/python3.12/site-packages/airflow/example_dags/example_python_decorator.py
[2025-03-15T07:32:12.250+0000] {processor.py:914} INFO - Processing file /home/airflow/.local/lib/python3.12/site-packages/airflow/example_dags/example_python_decorator.py for tasks to queue
[2025-03-15T07:32:12.253+0000] {logging_mixin.py:190} INFO - [2025-03-15T07:32:12.253+0000] {dagbag.py:588} INFO - Filling up the DagBag from /home/airflow/.local/lib/python3.12/site-packages/airflow/example_dags/example_python_decorator.py
[2025-03-15T07:32:12.261+0000] {processor.py:925} INFO - DAG(s) 'example_python_decorator' retrieved from /home/airflow/.local/lib/python3.12/site-packages/airflow/example_dags/example_python_decorator.py
[2025-03-15T07:32:12.274+0000] {logging_mixin.py:190} INFO - [2025-03-15T07:32:12.274+0000] {dag.py:3239} INFO - Sync 1 DAGs
[2025-03-15T07:32:12.282+0000] {logging_mixin.py:190} INFO - [2025-03-15T07:32:12.282+0000] {dag.py:4180} INFO - Setting next_dagrun for example_python_decorator to None, run_after=None
[2025-03-15T07:32:12.300+0000] {processor.py:208} INFO - Processing /home/airflow/.local/lib/python3.12/site-packages/airflow/example_dags/example_python_decorator.py took 0.054 seconds
