[2025-03-15T07:11:59.254+0000] {processor.py:186} INFO - Started process (PID=74) to work on /home/airflow/.local/lib/python3.12/site-packages/airflow/example_dags/example_xcomargs.py
[2025-03-15T07:11:59.258+0000] {processor.py:914} INFO - Processing file /home/airflow/.local/lib/python3.12/site-packages/airflow/example_dags/example_xcomargs.py for tasks to queue
[2025-03-15T07:11:59.263+0000] {logging_mixin.py:190} INFO - [2025-03-15T07:11:59.263+0000] {dagbag.py:588} INFO - Filling up the DagBag from /home/airflow/.local/lib/python3.12/site-packages/airflow/example_dags/example_xcomargs.py
[2025-03-15T07:11:59.292+0000] {processor.py:925} INFO - DAG(s) 'example_xcom_args_with_operators', 'example_xcom_args' retrieved from /home/airflow/.local/lib/python3.12/site-packages/airflow/example_dags/example_xcomargs.py
[2025-03-15T07:11:59.327+0000] {logging_mixin.py:190} INFO - [2025-03-15T07:11:59.326+0000] {dag.py:3239} INFO - Sync 2 DAGs
[2025-03-15T07:11:59.338+0000] {logging_mixin.py:190} INFO - [2025-03-15T07:11:59.338+0000] {dag.py:4180} INFO - Setting next_dagrun for example_xcom_args to None, run_after=None
[2025-03-15T07:11:59.341+0000] {logging_mixin.py:190} INFO - [2025-03-15T07:11:59.341+0000] {dag.py:4180} INFO - Setting next_dagrun for example_xcom_args_with_operators to None, run_after=None
[2025-03-15T07:11:59.353+0000] {processor.py:208} INFO - Processing /home/airflow/.local/lib/python3.12/site-packages/airflow/example_dags/example_xcomargs.py took 0.111 seconds
[2025-03-15T07:12:29.907+0000] {processor.py:186} INFO - Started process (PID=137) to work on /home/airflow/.local/lib/python3.12/site-packages/airflow/example_dags/example_xcomargs.py
[2025-03-15T07:12:29.908+0000] {processor.py:914} INFO - Processing file /home/airflow/.local/lib/python3.12/site-packages/airflow/example_dags/example_xcomargs.py for tasks to queue
[2025-03-15T07:12:29.910+0000] {logging_mixin.py:190} INFO - [2025-03-15T07:12:29.910+0000] {dagbag.py:588} INFO - Filling up the DagBag from /home/airflow/.local/lib/python3.12/site-packages/airflow/example_dags/example_xcomargs.py
[2025-03-15T07:12:29.916+0000] {processor.py:925} INFO - DAG(s) 'example_xcom_args', 'example_xcom_args_with_operators' retrieved from /home/airflow/.local/lib/python3.12/site-packages/airflow/example_dags/example_xcomargs.py
[2025-03-15T07:12:29.933+0000] {logging_mixin.py:190} INFO - [2025-03-15T07:12:29.933+0000] {dag.py:3239} INFO - Sync 2 DAGs
[2025-03-15T07:12:29.943+0000] {logging_mixin.py:190} INFO - [2025-03-15T07:12:29.943+0000] {dag.py:4180} INFO - Setting next_dagrun for example_xcom_args to None, run_after=None
[2025-03-15T07:12:29.947+0000] {logging_mixin.py:190} INFO - [2025-03-15T07:12:29.947+0000] {dag.py:4180} INFO - Setting next_dagrun for example_xcom_args_with_operators to None, run_after=None
[2025-03-15T07:12:29.967+0000] {processor.py:208} INFO - Processing /home/airflow/.local/lib/python3.12/site-packages/airflow/example_dags/example_xcomargs.py took 0.063 seconds
[2025-03-15T07:13:00.230+0000] {processor.py:186} INFO - Started process (PID=198) to work on /home/airflow/.local/lib/python3.12/site-packages/airflow/example_dags/example_xcomargs.py
[2025-03-15T07:13:00.230+0000] {processor.py:914} INFO - Processing file /home/airflow/.local/lib/python3.12/site-packages/airflow/example_dags/example_xcomargs.py for tasks to queue
[2025-03-15T07:13:00.231+0000] {logging_mixin.py:190} INFO - [2025-03-15T07:13:00.231+0000] {dagbag.py:588} INFO - Filling up the DagBag from /home/airflow/.local/lib/python3.12/site-packages/airflow/example_dags/example_xcomargs.py
[2025-03-15T07:13:00.236+0000] {processor.py:925} INFO - DAG(s) 'example_xcom_args_with_operators', 'example_xcom_args' retrieved from /home/airflow/.local/lib/python3.12/site-packages/airflow/example_dags/example_xcomargs.py
[2025-03-15T07:13:00.248+0000] {logging_mixin.py:190} INFO - [2025-03-15T07:13:00.248+0000] {dag.py:3239} INFO - Sync 2 DAGs
[2025-03-15T07:13:00.255+0000] {logging_mixin.py:190} INFO - [2025-03-15T07:13:00.255+0000] {dag.py:4180} INFO - Setting next_dagrun for example_xcom_args to None, run_after=None
[2025-03-15T07:13:00.257+0000] {logging_mixin.py:190} INFO - [2025-03-15T07:13:00.257+0000] {dag.py:4180} INFO - Setting next_dagrun for example_xcom_args_with_operators to None, run_after=None
[2025-03-15T07:13:00.266+0000] {processor.py:208} INFO - Processing /home/airflow/.local/lib/python3.12/site-packages/airflow/example_dags/example_xcomargs.py took 0.039 seconds
[2025-03-15T07:13:30.290+0000] {processor.py:186} INFO - Started process (PID=260) to work on /home/airflow/.local/lib/python3.12/site-packages/airflow/example_dags/example_xcomargs.py
[2025-03-15T07:13:30.290+0000] {processor.py:914} INFO - Processing file /home/airflow/.local/lib/python3.12/site-packages/airflow/example_dags/example_xcomargs.py for tasks to queue
[2025-03-15T07:13:30.293+0000] {logging_mixin.py:190} INFO - [2025-03-15T07:13:30.293+0000] {dagbag.py:588} INFO - Filling up the DagBag from /home/airflow/.local/lib/python3.12/site-packages/airflow/example_dags/example_xcomargs.py
[2025-03-15T07:13:30.302+0000] {processor.py:925} INFO - DAG(s) 'example_xcom_args_with_operators', 'example_xcom_args' retrieved from /home/airflow/.local/lib/python3.12/site-packages/airflow/example_dags/example_xcomargs.py
[2025-03-15T07:13:30.319+0000] {logging_mixin.py:190} INFO - [2025-03-15T07:13:30.319+0000] {dag.py:3239} INFO - Sync 2 DAGs
[2025-03-15T07:13:30.328+0000] {logging_mixin.py:190} INFO - [2025-03-15T07:13:30.328+0000] {dag.py:4180} INFO - Setting next_dagrun for example_xcom_args to None, run_after=None
[2025-03-15T07:13:30.331+0000] {logging_mixin.py:190} INFO - [2025-03-15T07:13:30.330+0000] {dag.py:4180} INFO - Setting next_dagrun for example_xcom_args_with_operators to None, run_after=None
[2025-03-15T07:13:30.345+0000] {processor.py:208} INFO - Processing /home/airflow/.local/lib/python3.12/site-packages/airflow/example_dags/example_xcomargs.py took 0.059 seconds
[2025-03-15T07:14:00.719+0000] {processor.py:186} INFO - Started process (PID=323) to work on /home/airflow/.local/lib/python3.12/site-packages/airflow/example_dags/example_xcomargs.py
[2025-03-15T07:14:00.720+0000] {processor.py:914} INFO - Processing file /home/airflow/.local/lib/python3.12/site-packages/airflow/example_dags/example_xcomargs.py for tasks to queue
[2025-03-15T07:14:00.722+0000] {logging_mixin.py:190} INFO - [2025-03-15T07:14:00.722+0000] {dagbag.py:588} INFO - Filling up the DagBag from /home/airflow/.local/lib/python3.12/site-packages/airflow/example_dags/example_xcomargs.py
[2025-03-15T07:14:00.727+0000] {processor.py:925} INFO - DAG(s) 'example_xcom_args', 'example_xcom_args_with_operators' retrieved from /home/airflow/.local/lib/python3.12/site-packages/airflow/example_dags/example_xcomargs.py
[2025-03-15T07:14:00.779+0000] {logging_mixin.py:190} INFO - [2025-03-15T07:14:00.779+0000] {dag.py:3239} INFO - Sync 2 DAGs
[2025-03-15T07:14:00.790+0000] {logging_mixin.py:190} INFO - [2025-03-15T07:14:00.790+0000] {dag.py:4180} INFO - Setting next_dagrun for example_xcom_args to None, run_after=None
[2025-03-15T07:14:00.792+0000] {logging_mixin.py:190} INFO - [2025-03-15T07:14:00.792+0000] {dag.py:4180} INFO - Setting next_dagrun for example_xcom_args_with_operators to None, run_after=None
[2025-03-15T07:14:00.809+0000] {processor.py:208} INFO - Processing /home/airflow/.local/lib/python3.12/site-packages/airflow/example_dags/example_xcomargs.py took 0.094 seconds
[2025-03-15T07:14:32.154+0000] {processor.py:186} INFO - Started process (PID=392) to work on /home/airflow/.local/lib/python3.12/site-packages/airflow/example_dags/example_xcomargs.py
[2025-03-15T07:14:32.156+0000] {processor.py:914} INFO - Processing file /home/airflow/.local/lib/python3.12/site-packages/airflow/example_dags/example_xcomargs.py for tasks to queue
[2025-03-15T07:14:32.159+0000] {logging_mixin.py:190} INFO - [2025-03-15T07:14:32.158+0000] {dagbag.py:588} INFO - Filling up the DagBag from /home/airflow/.local/lib/python3.12/site-packages/airflow/example_dags/example_xcomargs.py
[2025-03-15T07:14:32.165+0000] {processor.py:925} INFO - DAG(s) 'example_xcom_args_with_operators', 'example_xcom_args' retrieved from /home/airflow/.local/lib/python3.12/site-packages/airflow/example_dags/example_xcomargs.py
[2025-03-15T07:14:32.186+0000] {logging_mixin.py:190} INFO - [2025-03-15T07:14:32.186+0000] {dag.py:3239} INFO - Sync 2 DAGs
[2025-03-15T07:14:32.193+0000] {logging_mixin.py:190} INFO - [2025-03-15T07:14:32.193+0000] {dag.py:4180} INFO - Setting next_dagrun for example_xcom_args to None, run_after=None
[2025-03-15T07:14:32.196+0000] {logging_mixin.py:190} INFO - [2025-03-15T07:14:32.196+0000] {dag.py:4180} INFO - Setting next_dagrun for example_xcom_args_with_operators to None, run_after=None
[2025-03-15T07:14:32.206+0000] {processor.py:208} INFO - Processing /home/airflow/.local/lib/python3.12/site-packages/airflow/example_dags/example_xcomargs.py took 0.055 seconds
[2025-03-15T07:15:02.420+0000] {processor.py:186} INFO - Started process (PID=455) to work on /home/airflow/.local/lib/python3.12/site-packages/airflow/example_dags/example_xcomargs.py
[2025-03-15T07:15:02.421+0000] {processor.py:914} INFO - Processing file /home/airflow/.local/lib/python3.12/site-packages/airflow/example_dags/example_xcomargs.py for tasks to queue
[2025-03-15T07:15:02.422+0000] {logging_mixin.py:190} INFO - [2025-03-15T07:15:02.422+0000] {dagbag.py:588} INFO - Filling up the DagBag from /home/airflow/.local/lib/python3.12/site-packages/airflow/example_dags/example_xcomargs.py
[2025-03-15T07:15:02.428+0000] {processor.py:925} INFO - DAG(s) 'example_xcom_args', 'example_xcom_args_with_operators' retrieved from /home/airflow/.local/lib/python3.12/site-packages/airflow/example_dags/example_xcomargs.py
[2025-03-15T07:15:02.446+0000] {logging_mixin.py:190} INFO - [2025-03-15T07:15:02.446+0000] {dag.py:3239} INFO - Sync 2 DAGs
[2025-03-15T07:15:02.453+0000] {logging_mixin.py:190} INFO - [2025-03-15T07:15:02.453+0000] {dag.py:4180} INFO - Setting next_dagrun for example_xcom_args to None, run_after=None
[2025-03-15T07:15:02.455+0000] {logging_mixin.py:190} INFO - [2025-03-15T07:15:02.455+0000] {dag.py:4180} INFO - Setting next_dagrun for example_xcom_args_with_operators to None, run_after=None
[2025-03-15T07:15:02.465+0000] {processor.py:208} INFO - Processing /home/airflow/.local/lib/python3.12/site-packages/airflow/example_dags/example_xcomargs.py took 0.049 seconds
[2025-03-15T07:15:33.344+0000] {processor.py:186} INFO - Started process (PID=518) to work on /home/airflow/.local/lib/python3.12/site-packages/airflow/example_dags/example_xcomargs.py
[2025-03-15T07:15:33.346+0000] {processor.py:914} INFO - Processing file /home/airflow/.local/lib/python3.12/site-packages/airflow/example_dags/example_xcomargs.py for tasks to queue
[2025-03-15T07:15:33.350+0000] {logging_mixin.py:190} INFO - [2025-03-15T07:15:33.350+0000] {dagbag.py:588} INFO - Filling up the DagBag from /home/airflow/.local/lib/python3.12/site-packages/airflow/example_dags/example_xcomargs.py
[2025-03-15T07:15:33.355+0000] {processor.py:925} INFO - DAG(s) 'example_xcom_args_with_operators', 'example_xcom_args' retrieved from /home/airflow/.local/lib/python3.12/site-packages/airflow/example_dags/example_xcomargs.py
[2025-03-15T07:15:33.368+0000] {logging_mixin.py:190} INFO - [2025-03-15T07:15:33.368+0000] {dag.py:3239} INFO - Sync 2 DAGs
[2025-03-15T07:15:33.376+0000] {logging_mixin.py:190} INFO - [2025-03-15T07:15:33.375+0000] {dag.py:4180} INFO - Setting next_dagrun for example_xcom_args to None, run_after=None
[2025-03-15T07:15:33.378+0000] {logging_mixin.py:190} INFO - [2025-03-15T07:15:33.378+0000] {dag.py:4180} INFO - Setting next_dagrun for example_xcom_args_with_operators to None, run_after=None
[2025-03-15T07:15:33.387+0000] {processor.py:208} INFO - Processing /home/airflow/.local/lib/python3.12/site-packages/airflow/example_dags/example_xcomargs.py took 0.046 seconds
[2025-03-15T07:16:04.278+0000] {processor.py:186} INFO - Started process (PID=581) to work on /home/airflow/.local/lib/python3.12/site-packages/airflow/example_dags/example_xcomargs.py
[2025-03-15T07:16:04.279+0000] {processor.py:914} INFO - Processing file /home/airflow/.local/lib/python3.12/site-packages/airflow/example_dags/example_xcomargs.py for tasks to queue
[2025-03-15T07:16:04.281+0000] {logging_mixin.py:190} INFO - [2025-03-15T07:16:04.281+0000] {dagbag.py:588} INFO - Filling up the DagBag from /home/airflow/.local/lib/python3.12/site-packages/airflow/example_dags/example_xcomargs.py
[2025-03-15T07:16:04.286+0000] {processor.py:925} INFO - DAG(s) 'example_xcom_args_with_operators', 'example_xcom_args' retrieved from /home/airflow/.local/lib/python3.12/site-packages/airflow/example_dags/example_xcomargs.py
[2025-03-15T07:16:04.302+0000] {logging_mixin.py:190} INFO - [2025-03-15T07:16:04.301+0000] {dag.py:3239} INFO - Sync 2 DAGs
[2025-03-15T07:16:04.310+0000] {logging_mixin.py:190} INFO - [2025-03-15T07:16:04.310+0000] {dag.py:4180} INFO - Setting next_dagrun for example_xcom_args to None, run_after=None
[2025-03-15T07:16:04.312+0000] {logging_mixin.py:190} INFO - [2025-03-15T07:16:04.312+0000] {dag.py:4180} INFO - Setting next_dagrun for example_xcom_args_with_operators to None, run_after=None
[2025-03-15T07:16:04.320+0000] {processor.py:208} INFO - Processing /home/airflow/.local/lib/python3.12/site-packages/airflow/example_dags/example_xcomargs.py took 0.045 seconds
[2025-03-15T07:16:35.160+0000] {processor.py:186} INFO - Started process (PID=643) to work on /home/airflow/.local/lib/python3.12/site-packages/airflow/example_dags/example_xcomargs.py
[2025-03-15T07:16:35.161+0000] {processor.py:914} INFO - Processing file /home/airflow/.local/lib/python3.12/site-packages/airflow/example_dags/example_xcomargs.py for tasks to queue
[2025-03-15T07:16:35.163+0000] {logging_mixin.py:190} INFO - [2025-03-15T07:16:35.163+0000] {dagbag.py:588} INFO - Filling up the DagBag from /home/airflow/.local/lib/python3.12/site-packages/airflow/example_dags/example_xcomargs.py
[2025-03-15T07:16:35.168+0000] {processor.py:925} INFO - DAG(s) 'example_xcom_args', 'example_xcom_args_with_operators' retrieved from /home/airflow/.local/lib/python3.12/site-packages/airflow/example_dags/example_xcomargs.py
[2025-03-15T07:16:35.183+0000] {logging_mixin.py:190} INFO - [2025-03-15T07:16:35.183+0000] {dag.py:3239} INFO - Sync 2 DAGs
[2025-03-15T07:16:35.191+0000] {logging_mixin.py:190} INFO - [2025-03-15T07:16:35.190+0000] {dag.py:4180} INFO - Setting next_dagrun for example_xcom_args to None, run_after=None
[2025-03-15T07:16:35.193+0000] {logging_mixin.py:190} INFO - [2025-03-15T07:16:35.193+0000] {dag.py:4180} INFO - Setting next_dagrun for example_xcom_args_with_operators to None, run_after=None
[2025-03-15T07:16:35.206+0000] {processor.py:208} INFO - Processing /home/airflow/.local/lib/python3.12/site-packages/airflow/example_dags/example_xcomargs.py took 0.049 seconds
[2025-03-15T07:17:06.191+0000] {processor.py:186} INFO - Started process (PID=706) to work on /home/airflow/.local/lib/python3.12/site-packages/airflow/example_dags/example_xcomargs.py
[2025-03-15T07:17:06.193+0000] {processor.py:914} INFO - Processing file /home/airflow/.local/lib/python3.12/site-packages/airflow/example_dags/example_xcomargs.py for tasks to queue
[2025-03-15T07:17:06.194+0000] {logging_mixin.py:190} INFO - [2025-03-15T07:17:06.194+0000] {dagbag.py:588} INFO - Filling up the DagBag from /home/airflow/.local/lib/python3.12/site-packages/airflow/example_dags/example_xcomargs.py
[2025-03-15T07:17:06.199+0000] {processor.py:925} INFO - DAG(s) 'example_xcom_args_with_operators', 'example_xcom_args' retrieved from /home/airflow/.local/lib/python3.12/site-packages/airflow/example_dags/example_xcomargs.py
[2025-03-15T07:17:06.215+0000] {logging_mixin.py:190} INFO - [2025-03-15T07:17:06.215+0000] {dag.py:3239} INFO - Sync 2 DAGs
[2025-03-15T07:17:06.223+0000] {logging_mixin.py:190} INFO - [2025-03-15T07:17:06.223+0000] {dag.py:4180} INFO - Setting next_dagrun for example_xcom_args to None, run_after=None
[2025-03-15T07:17:06.228+0000] {logging_mixin.py:190} INFO - [2025-03-15T07:17:06.228+0000] {dag.py:4180} INFO - Setting next_dagrun for example_xcom_args_with_operators to None, run_after=None
[2025-03-15T07:17:06.242+0000] {processor.py:208} INFO - Processing /home/airflow/.local/lib/python3.12/site-packages/airflow/example_dags/example_xcomargs.py took 0.054 seconds
[2025-03-15T07:17:36.378+0000] {processor.py:186} INFO - Started process (PID=769) to work on /home/airflow/.local/lib/python3.12/site-packages/airflow/example_dags/example_xcomargs.py
[2025-03-15T07:17:36.378+0000] {processor.py:914} INFO - Processing file /home/airflow/.local/lib/python3.12/site-packages/airflow/example_dags/example_xcomargs.py for tasks to queue
[2025-03-15T07:17:36.380+0000] {logging_mixin.py:190} INFO - [2025-03-15T07:17:36.379+0000] {dagbag.py:588} INFO - Filling up the DagBag from /home/airflow/.local/lib/python3.12/site-packages/airflow/example_dags/example_xcomargs.py
[2025-03-15T07:17:36.385+0000] {processor.py:925} INFO - DAG(s) 'example_xcom_args', 'example_xcom_args_with_operators' retrieved from /home/airflow/.local/lib/python3.12/site-packages/airflow/example_dags/example_xcomargs.py
[2025-03-15T07:17:36.398+0000] {logging_mixin.py:190} INFO - [2025-03-15T07:17:36.397+0000] {dag.py:3239} INFO - Sync 2 DAGs
[2025-03-15T07:17:36.405+0000] {logging_mixin.py:190} INFO - [2025-03-15T07:17:36.405+0000] {dag.py:4180} INFO - Setting next_dagrun for example_xcom_args to None, run_after=None
[2025-03-15T07:17:36.407+0000] {logging_mixin.py:190} INFO - [2025-03-15T07:17:36.407+0000] {dag.py:4180} INFO - Setting next_dagrun for example_xcom_args_with_operators to None, run_after=None
[2025-03-15T07:17:36.415+0000] {processor.py:208} INFO - Processing /home/airflow/.local/lib/python3.12/site-packages/airflow/example_dags/example_xcomargs.py took 0.040 seconds
[2025-03-15T07:18:06.848+0000] {processor.py:186} INFO - Started process (PID=832) to work on /home/airflow/.local/lib/python3.12/site-packages/airflow/example_dags/example_xcomargs.py
[2025-03-15T07:18:06.848+0000] {processor.py:914} INFO - Processing file /home/airflow/.local/lib/python3.12/site-packages/airflow/example_dags/example_xcomargs.py for tasks to queue
[2025-03-15T07:18:06.850+0000] {logging_mixin.py:190} INFO - [2025-03-15T07:18:06.850+0000] {dagbag.py:588} INFO - Filling up the DagBag from /home/airflow/.local/lib/python3.12/site-packages/airflow/example_dags/example_xcomargs.py
[2025-03-15T07:18:06.855+0000] {processor.py:925} INFO - DAG(s) 'example_xcom_args_with_operators', 'example_xcom_args' retrieved from /home/airflow/.local/lib/python3.12/site-packages/airflow/example_dags/example_xcomargs.py
[2025-03-15T07:18:06.873+0000] {logging_mixin.py:190} INFO - [2025-03-15T07:18:06.873+0000] {dag.py:3239} INFO - Sync 2 DAGs
[2025-03-15T07:18:06.884+0000] {logging_mixin.py:190} INFO - [2025-03-15T07:18:06.884+0000] {dag.py:4180} INFO - Setting next_dagrun for example_xcom_args to None, run_after=None
[2025-03-15T07:18:06.886+0000] {logging_mixin.py:190} INFO - [2025-03-15T07:18:06.886+0000] {dag.py:4180} INFO - Setting next_dagrun for example_xcom_args_with_operators to None, run_after=None
[2025-03-15T07:18:06.899+0000] {processor.py:208} INFO - Processing /home/airflow/.local/lib/python3.12/site-packages/airflow/example_dags/example_xcomargs.py took 0.054 seconds
[2025-03-15T07:18:36.946+0000] {processor.py:186} INFO - Started process (PID=895) to work on /home/airflow/.local/lib/python3.12/site-packages/airflow/example_dags/example_xcomargs.py
[2025-03-15T07:18:36.946+0000] {processor.py:914} INFO - Processing file /home/airflow/.local/lib/python3.12/site-packages/airflow/example_dags/example_xcomargs.py for tasks to queue
[2025-03-15T07:18:36.948+0000] {logging_mixin.py:190} INFO - [2025-03-15T07:18:36.948+0000] {dagbag.py:588} INFO - Filling up the DagBag from /home/airflow/.local/lib/python3.12/site-packages/airflow/example_dags/example_xcomargs.py
[2025-03-15T07:18:36.954+0000] {processor.py:925} INFO - DAG(s) 'example_xcom_args_with_operators', 'example_xcom_args' retrieved from /home/airflow/.local/lib/python3.12/site-packages/airflow/example_dags/example_xcomargs.py
[2025-03-15T07:18:36.972+0000] {logging_mixin.py:190} INFO - [2025-03-15T07:18:36.972+0000] {dag.py:3239} INFO - Sync 2 DAGs
[2025-03-15T07:18:36.981+0000] {logging_mixin.py:190} INFO - [2025-03-15T07:18:36.981+0000] {dag.py:4180} INFO - Setting next_dagrun for example_xcom_args to None, run_after=None
[2025-03-15T07:18:36.983+0000] {logging_mixin.py:190} INFO - [2025-03-15T07:18:36.983+0000] {dag.py:4180} INFO - Setting next_dagrun for example_xcom_args_with_operators to None, run_after=None
[2025-03-15T07:18:36.995+0000] {processor.py:208} INFO - Processing /home/airflow/.local/lib/python3.12/site-packages/airflow/example_dags/example_xcomargs.py took 0.052 seconds
[2025-03-15T07:19:07.151+0000] {processor.py:186} INFO - Started process (PID=966) to work on /home/airflow/.local/lib/python3.12/site-packages/airflow/example_dags/example_xcomargs.py
[2025-03-15T07:19:07.155+0000] {processor.py:914} INFO - Processing file /home/airflow/.local/lib/python3.12/site-packages/airflow/example_dags/example_xcomargs.py for tasks to queue
[2025-03-15T07:19:07.156+0000] {logging_mixin.py:190} INFO - [2025-03-15T07:19:07.156+0000] {dagbag.py:588} INFO - Filling up the DagBag from /home/airflow/.local/lib/python3.12/site-packages/airflow/example_dags/example_xcomargs.py
[2025-03-15T07:19:07.162+0000] {processor.py:925} INFO - DAG(s) 'example_xcom_args_with_operators', 'example_xcom_args' retrieved from /home/airflow/.local/lib/python3.12/site-packages/airflow/example_dags/example_xcomargs.py
[2025-03-15T07:19:07.181+0000] {logging_mixin.py:190} INFO - [2025-03-15T07:19:07.181+0000] {dag.py:3239} INFO - Sync 2 DAGs
[2025-03-15T07:19:07.190+0000] {logging_mixin.py:190} INFO - [2025-03-15T07:19:07.189+0000] {dag.py:4180} INFO - Setting next_dagrun for example_xcom_args to None, run_after=None
[2025-03-15T07:19:07.192+0000] {logging_mixin.py:190} INFO - [2025-03-15T07:19:07.192+0000] {dag.py:4180} INFO - Setting next_dagrun for example_xcom_args_with_operators to None, run_after=None
[2025-03-15T07:19:07.201+0000] {processor.py:208} INFO - Processing /home/airflow/.local/lib/python3.12/site-packages/airflow/example_dags/example_xcomargs.py took 0.053 seconds
[2025-03-15T07:19:38.129+0000] {processor.py:186} INFO - Started process (PID=1029) to work on /home/airflow/.local/lib/python3.12/site-packages/airflow/example_dags/example_xcomargs.py
[2025-03-15T07:19:38.130+0000] {processor.py:914} INFO - Processing file /home/airflow/.local/lib/python3.12/site-packages/airflow/example_dags/example_xcomargs.py for tasks to queue
[2025-03-15T07:19:38.132+0000] {logging_mixin.py:190} INFO - [2025-03-15T07:19:38.132+0000] {dagbag.py:588} INFO - Filling up the DagBag from /home/airflow/.local/lib/python3.12/site-packages/airflow/example_dags/example_xcomargs.py
[2025-03-15T07:19:38.137+0000] {processor.py:925} INFO - DAG(s) 'example_xcom_args_with_operators', 'example_xcom_args' retrieved from /home/airflow/.local/lib/python3.12/site-packages/airflow/example_dags/example_xcomargs.py
[2025-03-15T07:19:38.150+0000] {logging_mixin.py:190} INFO - [2025-03-15T07:19:38.150+0000] {dag.py:3239} INFO - Sync 2 DAGs
[2025-03-15T07:19:38.159+0000] {logging_mixin.py:190} INFO - [2025-03-15T07:19:38.159+0000] {dag.py:4180} INFO - Setting next_dagrun for example_xcom_args to None, run_after=None
[2025-03-15T07:19:38.164+0000] {logging_mixin.py:190} INFO - [2025-03-15T07:19:38.164+0000] {dag.py:4180} INFO - Setting next_dagrun for example_xcom_args_with_operators to None, run_after=None
[2025-03-15T07:19:38.176+0000] {processor.py:208} INFO - Processing /home/airflow/.local/lib/python3.12/site-packages/airflow/example_dags/example_xcomargs.py took 0.050 seconds
[2025-03-15T07:20:08.389+0000] {processor.py:186} INFO - Started process (PID=1092) to work on /home/airflow/.local/lib/python3.12/site-packages/airflow/example_dags/example_xcomargs.py
[2025-03-15T07:20:08.389+0000] {processor.py:914} INFO - Processing file /home/airflow/.local/lib/python3.12/site-packages/airflow/example_dags/example_xcomargs.py for tasks to queue
[2025-03-15T07:20:08.392+0000] {logging_mixin.py:190} INFO - [2025-03-15T07:20:08.391+0000] {dagbag.py:588} INFO - Filling up the DagBag from /home/airflow/.local/lib/python3.12/site-packages/airflow/example_dags/example_xcomargs.py
[2025-03-15T07:20:08.400+0000] {processor.py:925} INFO - DAG(s) 'example_xcom_args', 'example_xcom_args_with_operators' retrieved from /home/airflow/.local/lib/python3.12/site-packages/airflow/example_dags/example_xcomargs.py
[2025-03-15T07:20:08.417+0000] {logging_mixin.py:190} INFO - [2025-03-15T07:20:08.416+0000] {dag.py:3239} INFO - Sync 2 DAGs
[2025-03-15T07:20:08.426+0000] {logging_mixin.py:190} INFO - [2025-03-15T07:20:08.425+0000] {dag.py:4180} INFO - Setting next_dagrun for example_xcom_args to None, run_after=None
[2025-03-15T07:20:08.430+0000] {logging_mixin.py:190} INFO - [2025-03-15T07:20:08.430+0000] {dag.py:4180} INFO - Setting next_dagrun for example_xcom_args_with_operators to None, run_after=None
[2025-03-15T07:20:08.442+0000] {processor.py:208} INFO - Processing /home/airflow/.local/lib/python3.12/site-packages/airflow/example_dags/example_xcomargs.py took 0.058 seconds
[2025-03-15T07:20:38.494+0000] {processor.py:186} INFO - Started process (PID=1154) to work on /home/airflow/.local/lib/python3.12/site-packages/airflow/example_dags/example_xcomargs.py
[2025-03-15T07:20:38.495+0000] {processor.py:914} INFO - Processing file /home/airflow/.local/lib/python3.12/site-packages/airflow/example_dags/example_xcomargs.py for tasks to queue
[2025-03-15T07:20:38.501+0000] {logging_mixin.py:190} INFO - [2025-03-15T07:20:38.500+0000] {dagbag.py:588} INFO - Filling up the DagBag from /home/airflow/.local/lib/python3.12/site-packages/airflow/example_dags/example_xcomargs.py
[2025-03-15T07:20:38.506+0000] {processor.py:925} INFO - DAG(s) 'example_xcom_args', 'example_xcom_args_with_operators' retrieved from /home/airflow/.local/lib/python3.12/site-packages/airflow/example_dags/example_xcomargs.py
[2025-03-15T07:20:38.523+0000] {logging_mixin.py:190} INFO - [2025-03-15T07:20:38.523+0000] {dag.py:3239} INFO - Sync 2 DAGs
[2025-03-15T07:20:38.531+0000] {logging_mixin.py:190} INFO - [2025-03-15T07:20:38.531+0000] {dag.py:4180} INFO - Setting next_dagrun for example_xcom_args to None, run_after=None
[2025-03-15T07:20:38.534+0000] {logging_mixin.py:190} INFO - [2025-03-15T07:20:38.533+0000] {dag.py:4180} INFO - Setting next_dagrun for example_xcom_args_with_operators to None, run_after=None
[2025-03-15T07:20:38.543+0000] {processor.py:208} INFO - Processing /home/airflow/.local/lib/python3.12/site-packages/airflow/example_dags/example_xcomargs.py took 0.053 seconds
[2025-03-15T07:21:09.069+0000] {processor.py:186} INFO - Started process (PID=1217) to work on /home/airflow/.local/lib/python3.12/site-packages/airflow/example_dags/example_xcomargs.py
[2025-03-15T07:21:09.070+0000] {processor.py:914} INFO - Processing file /home/airflow/.local/lib/python3.12/site-packages/airflow/example_dags/example_xcomargs.py for tasks to queue
[2025-03-15T07:21:09.071+0000] {logging_mixin.py:190} INFO - [2025-03-15T07:21:09.071+0000] {dagbag.py:588} INFO - Filling up the DagBag from /home/airflow/.local/lib/python3.12/site-packages/airflow/example_dags/example_xcomargs.py
[2025-03-15T07:21:09.076+0000] {processor.py:925} INFO - DAG(s) 'example_xcom_args_with_operators', 'example_xcom_args' retrieved from /home/airflow/.local/lib/python3.12/site-packages/airflow/example_dags/example_xcomargs.py
[2025-03-15T07:21:09.090+0000] {logging_mixin.py:190} INFO - [2025-03-15T07:21:09.089+0000] {dag.py:3239} INFO - Sync 2 DAGs
[2025-03-15T07:21:09.098+0000] {logging_mixin.py:190} INFO - [2025-03-15T07:21:09.098+0000] {dag.py:4180} INFO - Setting next_dagrun for example_xcom_args to None, run_after=None
[2025-03-15T07:21:09.100+0000] {logging_mixin.py:190} INFO - [2025-03-15T07:21:09.100+0000] {dag.py:4180} INFO - Setting next_dagrun for example_xcom_args_with_operators to None, run_after=None
[2025-03-15T07:21:09.109+0000] {processor.py:208} INFO - Processing /home/airflow/.local/lib/python3.12/site-packages/airflow/example_dags/example_xcomargs.py took 0.043 seconds
[2025-03-15T07:21:39.276+0000] {processor.py:186} INFO - Started process (PID=1280) to work on /home/airflow/.local/lib/python3.12/site-packages/airflow/example_dags/example_xcomargs.py
[2025-03-15T07:21:39.279+0000] {processor.py:914} INFO - Processing file /home/airflow/.local/lib/python3.12/site-packages/airflow/example_dags/example_xcomargs.py for tasks to queue
[2025-03-15T07:21:39.282+0000] {logging_mixin.py:190} INFO - [2025-03-15T07:21:39.282+0000] {dagbag.py:588} INFO - Filling up the DagBag from /home/airflow/.local/lib/python3.12/site-packages/airflow/example_dags/example_xcomargs.py
[2025-03-15T07:21:39.289+0000] {processor.py:925} INFO - DAG(s) 'example_xcom_args_with_operators', 'example_xcom_args' retrieved from /home/airflow/.local/lib/python3.12/site-packages/airflow/example_dags/example_xcomargs.py
[2025-03-15T07:21:39.306+0000] {logging_mixin.py:190} INFO - [2025-03-15T07:21:39.306+0000] {dag.py:3239} INFO - Sync 2 DAGs
[2025-03-15T07:21:39.317+0000] {logging_mixin.py:190} INFO - [2025-03-15T07:21:39.317+0000] {dag.py:4180} INFO - Setting next_dagrun for example_xcom_args to None, run_after=None
[2025-03-15T07:21:39.320+0000] {logging_mixin.py:190} INFO - [2025-03-15T07:21:39.319+0000] {dag.py:4180} INFO - Setting next_dagrun for example_xcom_args_with_operators to None, run_after=None
[2025-03-15T07:21:39.328+0000] {processor.py:208} INFO - Processing /home/airflow/.local/lib/python3.12/site-packages/airflow/example_dags/example_xcomargs.py took 0.056 seconds
[2025-03-15T07:22:09.515+0000] {processor.py:186} INFO - Started process (PID=1343) to work on /home/airflow/.local/lib/python3.12/site-packages/airflow/example_dags/example_xcomargs.py
[2025-03-15T07:22:09.516+0000] {processor.py:914} INFO - Processing file /home/airflow/.local/lib/python3.12/site-packages/airflow/example_dags/example_xcomargs.py for tasks to queue
[2025-03-15T07:22:09.517+0000] {logging_mixin.py:190} INFO - [2025-03-15T07:22:09.517+0000] {dagbag.py:588} INFO - Filling up the DagBag from /home/airflow/.local/lib/python3.12/site-packages/airflow/example_dags/example_xcomargs.py
[2025-03-15T07:22:09.522+0000] {processor.py:925} INFO - DAG(s) 'example_xcom_args', 'example_xcom_args_with_operators' retrieved from /home/airflow/.local/lib/python3.12/site-packages/airflow/example_dags/example_xcomargs.py
[2025-03-15T07:22:09.541+0000] {logging_mixin.py:190} INFO - [2025-03-15T07:22:09.541+0000] {dag.py:3239} INFO - Sync 2 DAGs
[2025-03-15T07:22:09.549+0000] {logging_mixin.py:190} INFO - [2025-03-15T07:22:09.549+0000] {dag.py:4180} INFO - Setting next_dagrun for example_xcom_args to None, run_after=None
[2025-03-15T07:22:09.551+0000] {logging_mixin.py:190} INFO - [2025-03-15T07:22:09.551+0000] {dag.py:4180} INFO - Setting next_dagrun for example_xcom_args_with_operators to None, run_after=None
[2025-03-15T07:22:09.562+0000] {processor.py:208} INFO - Processing /home/airflow/.local/lib/python3.12/site-packages/airflow/example_dags/example_xcomargs.py took 0.051 seconds
[2025-03-15T07:22:40.290+0000] {processor.py:186} INFO - Started process (PID=1406) to work on /home/airflow/.local/lib/python3.12/site-packages/airflow/example_dags/example_xcomargs.py
[2025-03-15T07:22:40.291+0000] {processor.py:914} INFO - Processing file /home/airflow/.local/lib/python3.12/site-packages/airflow/example_dags/example_xcomargs.py for tasks to queue
[2025-03-15T07:22:40.293+0000] {logging_mixin.py:190} INFO - [2025-03-15T07:22:40.293+0000] {dagbag.py:588} INFO - Filling up the DagBag from /home/airflow/.local/lib/python3.12/site-packages/airflow/example_dags/example_xcomargs.py
[2025-03-15T07:22:40.298+0000] {processor.py:925} INFO - DAG(s) 'example_xcom_args', 'example_xcom_args_with_operators' retrieved from /home/airflow/.local/lib/python3.12/site-packages/airflow/example_dags/example_xcomargs.py
[2025-03-15T07:22:40.316+0000] {logging_mixin.py:190} INFO - [2025-03-15T07:22:40.316+0000] {dag.py:3239} INFO - Sync 2 DAGs
[2025-03-15T07:22:40.325+0000] {logging_mixin.py:190} INFO - [2025-03-15T07:22:40.325+0000] {dag.py:4180} INFO - Setting next_dagrun for example_xcom_args to None, run_after=None
[2025-03-15T07:22:40.327+0000] {logging_mixin.py:190} INFO - [2025-03-15T07:22:40.327+0000] {dag.py:4180} INFO - Setting next_dagrun for example_xcom_args_with_operators to None, run_after=None
[2025-03-15T07:22:40.335+0000] {processor.py:208} INFO - Processing /home/airflow/.local/lib/python3.12/site-packages/airflow/example_dags/example_xcomargs.py took 0.048 seconds
[2025-03-15T07:23:10.666+0000] {processor.py:186} INFO - Started process (PID=1469) to work on /home/airflow/.local/lib/python3.12/site-packages/airflow/example_dags/example_xcomargs.py
[2025-03-15T07:23:10.667+0000] {processor.py:914} INFO - Processing file /home/airflow/.local/lib/python3.12/site-packages/airflow/example_dags/example_xcomargs.py for tasks to queue
[2025-03-15T07:23:10.668+0000] {logging_mixin.py:190} INFO - [2025-03-15T07:23:10.668+0000] {dagbag.py:588} INFO - Filling up the DagBag from /home/airflow/.local/lib/python3.12/site-packages/airflow/example_dags/example_xcomargs.py
[2025-03-15T07:23:10.673+0000] {processor.py:925} INFO - DAG(s) 'example_xcom_args', 'example_xcom_args_with_operators' retrieved from /home/airflow/.local/lib/python3.12/site-packages/airflow/example_dags/example_xcomargs.py
[2025-03-15T07:23:10.686+0000] {logging_mixin.py:190} INFO - [2025-03-15T07:23:10.686+0000] {dag.py:3239} INFO - Sync 2 DAGs
[2025-03-15T07:23:10.693+0000] {logging_mixin.py:190} INFO - [2025-03-15T07:23:10.693+0000] {dag.py:4180} INFO - Setting next_dagrun for example_xcom_args to None, run_after=None
[2025-03-15T07:23:10.695+0000] {logging_mixin.py:190} INFO - [2025-03-15T07:23:10.695+0000] {dag.py:4180} INFO - Setting next_dagrun for example_xcom_args_with_operators to None, run_after=None
[2025-03-15T07:23:10.701+0000] {processor.py:208} INFO - Processing /home/airflow/.local/lib/python3.12/site-packages/airflow/example_dags/example_xcomargs.py took 0.038 seconds
[2025-03-15T07:23:41.204+0000] {processor.py:186} INFO - Started process (PID=1532) to work on /home/airflow/.local/lib/python3.12/site-packages/airflow/example_dags/example_xcomargs.py
[2025-03-15T07:23:41.205+0000] {processor.py:914} INFO - Processing file /home/airflow/.local/lib/python3.12/site-packages/airflow/example_dags/example_xcomargs.py for tasks to queue
[2025-03-15T07:23:41.207+0000] {logging_mixin.py:190} INFO - [2025-03-15T07:23:41.207+0000] {dagbag.py:588} INFO - Filling up the DagBag from /home/airflow/.local/lib/python3.12/site-packages/airflow/example_dags/example_xcomargs.py
[2025-03-15T07:23:41.215+0000] {processor.py:925} INFO - DAG(s) 'example_xcom_args_with_operators', 'example_xcom_args' retrieved from /home/airflow/.local/lib/python3.12/site-packages/airflow/example_dags/example_xcomargs.py
[2025-03-15T07:23:41.233+0000] {logging_mixin.py:190} INFO - [2025-03-15T07:23:41.233+0000] {dag.py:3239} INFO - Sync 2 DAGs
[2025-03-15T07:23:41.242+0000] {logging_mixin.py:190} INFO - [2025-03-15T07:23:41.241+0000] {dag.py:4180} INFO - Setting next_dagrun for example_xcom_args to None, run_after=None
[2025-03-15T07:23:41.245+0000] {logging_mixin.py:190} INFO - [2025-03-15T07:23:41.245+0000] {dag.py:4180} INFO - Setting next_dagrun for example_xcom_args_with_operators to None, run_after=None
[2025-03-15T07:23:41.260+0000] {processor.py:208} INFO - Processing /home/airflow/.local/lib/python3.12/site-packages/airflow/example_dags/example_xcomargs.py took 0.059 seconds
[2025-03-15T07:24:11.384+0000] {processor.py:186} INFO - Started process (PID=1595) to work on /home/airflow/.local/lib/python3.12/site-packages/airflow/example_dags/example_xcomargs.py
[2025-03-15T07:24:11.384+0000] {processor.py:914} INFO - Processing file /home/airflow/.local/lib/python3.12/site-packages/airflow/example_dags/example_xcomargs.py for tasks to queue
[2025-03-15T07:24:11.388+0000] {logging_mixin.py:190} INFO - [2025-03-15T07:24:11.388+0000] {dagbag.py:588} INFO - Filling up the DagBag from /home/airflow/.local/lib/python3.12/site-packages/airflow/example_dags/example_xcomargs.py
[2025-03-15T07:24:11.393+0000] {processor.py:925} INFO - DAG(s) 'example_xcom_args_with_operators', 'example_xcom_args' retrieved from /home/airflow/.local/lib/python3.12/site-packages/airflow/example_dags/example_xcomargs.py
[2025-03-15T07:24:11.411+0000] {logging_mixin.py:190} INFO - [2025-03-15T07:24:11.410+0000] {dag.py:3239} INFO - Sync 2 DAGs
[2025-03-15T07:24:11.418+0000] {logging_mixin.py:190} INFO - [2025-03-15T07:24:11.418+0000] {dag.py:4180} INFO - Setting next_dagrun for example_xcom_args to None, run_after=None
[2025-03-15T07:24:11.422+0000] {logging_mixin.py:190} INFO - [2025-03-15T07:24:11.422+0000] {dag.py:4180} INFO - Setting next_dagrun for example_xcom_args_with_operators to None, run_after=None
[2025-03-15T07:24:11.434+0000] {processor.py:208} INFO - Processing /home/airflow/.local/lib/python3.12/site-packages/airflow/example_dags/example_xcomargs.py took 0.053 seconds
[2025-03-15T07:24:41.642+0000] {processor.py:186} INFO - Started process (PID=1658) to work on /home/airflow/.local/lib/python3.12/site-packages/airflow/example_dags/example_xcomargs.py
[2025-03-15T07:24:41.646+0000] {processor.py:914} INFO - Processing file /home/airflow/.local/lib/python3.12/site-packages/airflow/example_dags/example_xcomargs.py for tasks to queue
[2025-03-15T07:24:41.647+0000] {logging_mixin.py:190} INFO - [2025-03-15T07:24:41.647+0000] {dagbag.py:588} INFO - Filling up the DagBag from /home/airflow/.local/lib/python3.12/site-packages/airflow/example_dags/example_xcomargs.py
[2025-03-15T07:24:41.652+0000] {processor.py:925} INFO - DAG(s) 'example_xcom_args', 'example_xcom_args_with_operators' retrieved from /home/airflow/.local/lib/python3.12/site-packages/airflow/example_dags/example_xcomargs.py
[2025-03-15T07:24:41.669+0000] {logging_mixin.py:190} INFO - [2025-03-15T07:24:41.668+0000] {dag.py:3239} INFO - Sync 2 DAGs
[2025-03-15T07:24:41.679+0000] {logging_mixin.py:190} INFO - [2025-03-15T07:24:41.679+0000] {dag.py:4180} INFO - Setting next_dagrun for example_xcom_args to None, run_after=None
[2025-03-15T07:24:41.682+0000] {logging_mixin.py:190} INFO - [2025-03-15T07:24:41.682+0000] {dag.py:4180} INFO - Setting next_dagrun for example_xcom_args_with_operators to None, run_after=None
[2025-03-15T07:24:41.690+0000] {processor.py:208} INFO - Processing /home/airflow/.local/lib/python3.12/site-packages/airflow/example_dags/example_xcomargs.py took 0.051 seconds
[2025-03-15T07:25:12.139+0000] {processor.py:186} INFO - Started process (PID=1720) to work on /home/airflow/.local/lib/python3.12/site-packages/airflow/example_dags/example_xcomargs.py
[2025-03-15T07:25:12.140+0000] {processor.py:914} INFO - Processing file /home/airflow/.local/lib/python3.12/site-packages/airflow/example_dags/example_xcomargs.py for tasks to queue
[2025-03-15T07:25:12.142+0000] {logging_mixin.py:190} INFO - [2025-03-15T07:25:12.142+0000] {dagbag.py:588} INFO - Filling up the DagBag from /home/airflow/.local/lib/python3.12/site-packages/airflow/example_dags/example_xcomargs.py
[2025-03-15T07:25:12.147+0000] {processor.py:925} INFO - DAG(s) 'example_xcom_args_with_operators', 'example_xcom_args' retrieved from /home/airflow/.local/lib/python3.12/site-packages/airflow/example_dags/example_xcomargs.py
[2025-03-15T07:25:12.164+0000] {logging_mixin.py:190} INFO - [2025-03-15T07:25:12.164+0000] {dag.py:3239} INFO - Sync 2 DAGs
[2025-03-15T07:25:12.175+0000] {logging_mixin.py:190} INFO - [2025-03-15T07:25:12.175+0000] {dag.py:4180} INFO - Setting next_dagrun for example_xcom_args to None, run_after=None
[2025-03-15T07:25:12.177+0000] {logging_mixin.py:190} INFO - [2025-03-15T07:25:12.177+0000] {dag.py:4180} INFO - Setting next_dagrun for example_xcom_args_with_operators to None, run_after=None
[2025-03-15T07:25:12.189+0000] {processor.py:208} INFO - Processing /home/airflow/.local/lib/python3.12/site-packages/airflow/example_dags/example_xcomargs.py took 0.053 seconds
[2025-03-15T07:25:42.555+0000] {processor.py:186} INFO - Started process (PID=1783) to work on /home/airflow/.local/lib/python3.12/site-packages/airflow/example_dags/example_xcomargs.py
[2025-03-15T07:25:42.557+0000] {processor.py:914} INFO - Processing file /home/airflow/.local/lib/python3.12/site-packages/airflow/example_dags/example_xcomargs.py for tasks to queue
[2025-03-15T07:25:42.563+0000] {logging_mixin.py:190} INFO - [2025-03-15T07:25:42.563+0000] {dagbag.py:588} INFO - Filling up the DagBag from /home/airflow/.local/lib/python3.12/site-packages/airflow/example_dags/example_xcomargs.py
[2025-03-15T07:25:42.569+0000] {processor.py:925} INFO - DAG(s) 'example_xcom_args', 'example_xcom_args_with_operators' retrieved from /home/airflow/.local/lib/python3.12/site-packages/airflow/example_dags/example_xcomargs.py
[2025-03-15T07:25:42.584+0000] {logging_mixin.py:190} INFO - [2025-03-15T07:25:42.583+0000] {dag.py:3239} INFO - Sync 2 DAGs
[2025-03-15T07:25:42.594+0000] {logging_mixin.py:190} INFO - [2025-03-15T07:25:42.594+0000] {dag.py:4180} INFO - Setting next_dagrun for example_xcom_args to None, run_after=None
[2025-03-15T07:25:42.598+0000] {logging_mixin.py:190} INFO - [2025-03-15T07:25:42.598+0000] {dag.py:4180} INFO - Setting next_dagrun for example_xcom_args_with_operators to None, run_after=None
[2025-03-15T07:25:42.608+0000] {processor.py:208} INFO - Processing /home/airflow/.local/lib/python3.12/site-packages/airflow/example_dags/example_xcomargs.py took 0.057 seconds
[2025-03-15T07:26:12.716+0000] {processor.py:186} INFO - Started process (PID=1845) to work on /home/airflow/.local/lib/python3.12/site-packages/airflow/example_dags/example_xcomargs.py
[2025-03-15T07:26:12.718+0000] {processor.py:914} INFO - Processing file /home/airflow/.local/lib/python3.12/site-packages/airflow/example_dags/example_xcomargs.py for tasks to queue
[2025-03-15T07:26:12.720+0000] {logging_mixin.py:190} INFO - [2025-03-15T07:26:12.720+0000] {dagbag.py:588} INFO - Filling up the DagBag from /home/airflow/.local/lib/python3.12/site-packages/airflow/example_dags/example_xcomargs.py
[2025-03-15T07:26:12.726+0000] {processor.py:925} INFO - DAG(s) 'example_xcom_args_with_operators', 'example_xcom_args' retrieved from /home/airflow/.local/lib/python3.12/site-packages/airflow/example_dags/example_xcomargs.py
[2025-03-15T07:26:12.745+0000] {logging_mixin.py:190} INFO - [2025-03-15T07:26:12.745+0000] {dag.py:3239} INFO - Sync 2 DAGs
[2025-03-15T07:26:12.783+0000] {logging_mixin.py:190} INFO - [2025-03-15T07:26:12.783+0000] {dag.py:4180} INFO - Setting next_dagrun for example_xcom_args to None, run_after=None
[2025-03-15T07:26:12.790+0000] {logging_mixin.py:190} INFO - [2025-03-15T07:26:12.790+0000] {dag.py:4180} INFO - Setting next_dagrun for example_xcom_args_with_operators to None, run_after=None
[2025-03-15T07:26:12.805+0000] {processor.py:208} INFO - Processing /home/airflow/.local/lib/python3.12/site-packages/airflow/example_dags/example_xcomargs.py took 0.092 seconds
[2025-03-15T07:26:43.441+0000] {processor.py:186} INFO - Started process (PID=1908) to work on /home/airflow/.local/lib/python3.12/site-packages/airflow/example_dags/example_xcomargs.py
[2025-03-15T07:26:43.443+0000] {processor.py:914} INFO - Processing file /home/airflow/.local/lib/python3.12/site-packages/airflow/example_dags/example_xcomargs.py for tasks to queue
[2025-03-15T07:26:43.445+0000] {logging_mixin.py:190} INFO - [2025-03-15T07:26:43.445+0000] {dagbag.py:588} INFO - Filling up the DagBag from /home/airflow/.local/lib/python3.12/site-packages/airflow/example_dags/example_xcomargs.py
[2025-03-15T07:26:43.451+0000] {processor.py:925} INFO - DAG(s) 'example_xcom_args', 'example_xcom_args_with_operators' retrieved from /home/airflow/.local/lib/python3.12/site-packages/airflow/example_dags/example_xcomargs.py
[2025-03-15T07:26:43.467+0000] {logging_mixin.py:190} INFO - [2025-03-15T07:26:43.467+0000] {dag.py:3239} INFO - Sync 2 DAGs
[2025-03-15T07:26:43.477+0000] {logging_mixin.py:190} INFO - [2025-03-15T07:26:43.476+0000] {dag.py:4180} INFO - Setting next_dagrun for example_xcom_args to None, run_after=None
[2025-03-15T07:26:43.481+0000] {logging_mixin.py:190} INFO - [2025-03-15T07:26:43.481+0000] {dag.py:4180} INFO - Setting next_dagrun for example_xcom_args_with_operators to None, run_after=None
[2025-03-15T07:26:43.533+0000] {processor.py:208} INFO - Processing /home/airflow/.local/lib/python3.12/site-packages/airflow/example_dags/example_xcomargs.py took 0.131 seconds
[2025-03-15T07:27:14.599+0000] {processor.py:186} INFO - Started process (PID=1972) to work on /home/airflow/.local/lib/python3.12/site-packages/airflow/example_dags/example_xcomargs.py
[2025-03-15T07:27:14.600+0000] {processor.py:914} INFO - Processing file /home/airflow/.local/lib/python3.12/site-packages/airflow/example_dags/example_xcomargs.py for tasks to queue
[2025-03-15T07:27:14.602+0000] {logging_mixin.py:190} INFO - [2025-03-15T07:27:14.602+0000] {dagbag.py:588} INFO - Filling up the DagBag from /home/airflow/.local/lib/python3.12/site-packages/airflow/example_dags/example_xcomargs.py
[2025-03-15T07:27:14.609+0000] {processor.py:925} INFO - DAG(s) 'example_xcom_args_with_operators', 'example_xcom_args' retrieved from /home/airflow/.local/lib/python3.12/site-packages/airflow/example_dags/example_xcomargs.py
[2025-03-15T07:27:14.625+0000] {logging_mixin.py:190} INFO - [2025-03-15T07:27:14.625+0000] {dag.py:3239} INFO - Sync 2 DAGs
[2025-03-15T07:27:14.633+0000] {logging_mixin.py:190} INFO - [2025-03-15T07:27:14.632+0000] {dag.py:4180} INFO - Setting next_dagrun for example_xcom_args to None, run_after=None
[2025-03-15T07:27:14.638+0000] {logging_mixin.py:190} INFO - [2025-03-15T07:27:14.638+0000] {dag.py:4180} INFO - Setting next_dagrun for example_xcom_args_with_operators to None, run_after=None
[2025-03-15T07:27:14.647+0000] {processor.py:208} INFO - Processing /home/airflow/.local/lib/python3.12/site-packages/airflow/example_dags/example_xcomargs.py took 0.051 seconds
[2025-03-15T07:27:45.308+0000] {processor.py:186} INFO - Started process (PID=2036) to work on /home/airflow/.local/lib/python3.12/site-packages/airflow/example_dags/example_xcomargs.py
[2025-03-15T07:27:45.312+0000] {processor.py:914} INFO - Processing file /home/airflow/.local/lib/python3.12/site-packages/airflow/example_dags/example_xcomargs.py for tasks to queue
[2025-03-15T07:27:45.314+0000] {logging_mixin.py:190} INFO - [2025-03-15T07:27:45.314+0000] {dagbag.py:588} INFO - Filling up the DagBag from /home/airflow/.local/lib/python3.12/site-packages/airflow/example_dags/example_xcomargs.py
[2025-03-15T07:27:45.321+0000] {processor.py:925} INFO - DAG(s) 'example_xcom_args_with_operators', 'example_xcom_args' retrieved from /home/airflow/.local/lib/python3.12/site-packages/airflow/example_dags/example_xcomargs.py
[2025-03-15T07:27:45.336+0000] {logging_mixin.py:190} INFO - [2025-03-15T07:27:45.336+0000] {dag.py:3239} INFO - Sync 2 DAGs
[2025-03-15T07:27:45.349+0000] {logging_mixin.py:190} INFO - [2025-03-15T07:27:45.349+0000] {dag.py:4180} INFO - Setting next_dagrun for example_xcom_args to None, run_after=None
[2025-03-15T07:27:45.353+0000] {logging_mixin.py:190} INFO - [2025-03-15T07:27:45.352+0000] {dag.py:4180} INFO - Setting next_dagrun for example_xcom_args_with_operators to None, run_after=None
[2025-03-15T07:27:45.369+0000] {processor.py:208} INFO - Processing /home/airflow/.local/lib/python3.12/site-packages/airflow/example_dags/example_xcomargs.py took 0.067 seconds
[2025-03-15T07:28:15.416+0000] {processor.py:186} INFO - Started process (PID=2100) to work on /home/airflow/.local/lib/python3.12/site-packages/airflow/example_dags/example_xcomargs.py
[2025-03-15T07:28:15.417+0000] {processor.py:914} INFO - Processing file /home/airflow/.local/lib/python3.12/site-packages/airflow/example_dags/example_xcomargs.py for tasks to queue
[2025-03-15T07:28:15.419+0000] {logging_mixin.py:190} INFO - [2025-03-15T07:28:15.418+0000] {dagbag.py:588} INFO - Filling up the DagBag from /home/airflow/.local/lib/python3.12/site-packages/airflow/example_dags/example_xcomargs.py
[2025-03-15T07:28:15.429+0000] {processor.py:925} INFO - DAG(s) 'example_xcom_args_with_operators', 'example_xcom_args' retrieved from /home/airflow/.local/lib/python3.12/site-packages/airflow/example_dags/example_xcomargs.py
[2025-03-15T07:28:15.449+0000] {logging_mixin.py:190} INFO - [2025-03-15T07:28:15.449+0000] {dag.py:3239} INFO - Sync 2 DAGs
[2025-03-15T07:28:15.458+0000] {logging_mixin.py:190} INFO - [2025-03-15T07:28:15.458+0000] {dag.py:4180} INFO - Setting next_dagrun for example_xcom_args to None, run_after=None
[2025-03-15T07:28:15.461+0000] {logging_mixin.py:190} INFO - [2025-03-15T07:28:15.461+0000] {dag.py:4180} INFO - Setting next_dagrun for example_xcom_args_with_operators to None, run_after=None
[2025-03-15T07:28:15.475+0000] {processor.py:208} INFO - Processing /home/airflow/.local/lib/python3.12/site-packages/airflow/example_dags/example_xcomargs.py took 0.063 seconds
[2025-03-15T07:28:45.926+0000] {processor.py:186} INFO - Started process (PID=2164) to work on /home/airflow/.local/lib/python3.12/site-packages/airflow/example_dags/example_xcomargs.py
[2025-03-15T07:28:45.927+0000] {processor.py:914} INFO - Processing file /home/airflow/.local/lib/python3.12/site-packages/airflow/example_dags/example_xcomargs.py for tasks to queue
[2025-03-15T07:28:45.928+0000] {logging_mixin.py:190} INFO - [2025-03-15T07:28:45.928+0000] {dagbag.py:588} INFO - Filling up the DagBag from /home/airflow/.local/lib/python3.12/site-packages/airflow/example_dags/example_xcomargs.py
[2025-03-15T07:28:45.935+0000] {processor.py:925} INFO - DAG(s) 'example_xcom_args', 'example_xcom_args_with_operators' retrieved from /home/airflow/.local/lib/python3.12/site-packages/airflow/example_dags/example_xcomargs.py
[2025-03-15T07:28:45.956+0000] {logging_mixin.py:190} INFO - [2025-03-15T07:28:45.956+0000] {dag.py:3239} INFO - Sync 2 DAGs
[2025-03-15T07:28:45.978+0000] {logging_mixin.py:190} INFO - [2025-03-15T07:28:45.978+0000] {dag.py:4180} INFO - Setting next_dagrun for example_xcom_args to None, run_after=None
[2025-03-15T07:28:45.980+0000] {logging_mixin.py:190} INFO - [2025-03-15T07:28:45.980+0000] {dag.py:4180} INFO - Setting next_dagrun for example_xcom_args_with_operators to None, run_after=None
[2025-03-15T07:28:45.990+0000] {processor.py:208} INFO - Processing /home/airflow/.local/lib/python3.12/site-packages/airflow/example_dags/example_xcomargs.py took 0.068 seconds
[2025-03-15T07:29:16.053+0000] {processor.py:186} INFO - Started process (PID=2228) to work on /home/airflow/.local/lib/python3.12/site-packages/airflow/example_dags/example_xcomargs.py
[2025-03-15T07:29:16.054+0000] {processor.py:914} INFO - Processing file /home/airflow/.local/lib/python3.12/site-packages/airflow/example_dags/example_xcomargs.py for tasks to queue
[2025-03-15T07:29:16.056+0000] {logging_mixin.py:190} INFO - [2025-03-15T07:29:16.056+0000] {dagbag.py:588} INFO - Filling up the DagBag from /home/airflow/.local/lib/python3.12/site-packages/airflow/example_dags/example_xcomargs.py
[2025-03-15T07:29:16.063+0000] {processor.py:925} INFO - DAG(s) 'example_xcom_args', 'example_xcom_args_with_operators' retrieved from /home/airflow/.local/lib/python3.12/site-packages/airflow/example_dags/example_xcomargs.py
[2025-03-15T07:29:16.081+0000] {logging_mixin.py:190} INFO - [2025-03-15T07:29:16.081+0000] {dag.py:3239} INFO - Sync 2 DAGs
[2025-03-15T07:29:16.088+0000] {logging_mixin.py:190} INFO - [2025-03-15T07:29:16.088+0000] {dag.py:4180} INFO - Setting next_dagrun for example_xcom_args to None, run_after=None
[2025-03-15T07:29:16.090+0000] {logging_mixin.py:190} INFO - [2025-03-15T07:29:16.090+0000] {dag.py:4180} INFO - Setting next_dagrun for example_xcom_args_with_operators to None, run_after=None
[2025-03-15T07:29:16.103+0000] {processor.py:208} INFO - Processing /home/airflow/.local/lib/python3.12/site-packages/airflow/example_dags/example_xcomargs.py took 0.053 seconds
[2025-03-15T07:29:46.511+0000] {processor.py:186} INFO - Started process (PID=2292) to work on /home/airflow/.local/lib/python3.12/site-packages/airflow/example_dags/example_xcomargs.py
[2025-03-15T07:29:46.512+0000] {processor.py:914} INFO - Processing file /home/airflow/.local/lib/python3.12/site-packages/airflow/example_dags/example_xcomargs.py for tasks to queue
[2025-03-15T07:29:46.514+0000] {logging_mixin.py:190} INFO - [2025-03-15T07:29:46.513+0000] {dagbag.py:588} INFO - Filling up the DagBag from /home/airflow/.local/lib/python3.12/site-packages/airflow/example_dags/example_xcomargs.py
[2025-03-15T07:29:46.523+0000] {processor.py:925} INFO - DAG(s) 'example_xcom_args', 'example_xcom_args_with_operators' retrieved from /home/airflow/.local/lib/python3.12/site-packages/airflow/example_dags/example_xcomargs.py
[2025-03-15T07:29:46.541+0000] {logging_mixin.py:190} INFO - [2025-03-15T07:29:46.541+0000] {dag.py:3239} INFO - Sync 2 DAGs
[2025-03-15T07:29:46.550+0000] {logging_mixin.py:190} INFO - [2025-03-15T07:29:46.550+0000] {dag.py:4180} INFO - Setting next_dagrun for example_xcom_args to None, run_after=None
[2025-03-15T07:29:46.557+0000] {logging_mixin.py:190} INFO - [2025-03-15T07:29:46.557+0000] {dag.py:4180} INFO - Setting next_dagrun for example_xcom_args_with_operators to None, run_after=None
[2025-03-15T07:29:46.566+0000] {processor.py:208} INFO - Processing /home/airflow/.local/lib/python3.12/site-packages/airflow/example_dags/example_xcomargs.py took 0.058 seconds
[2025-03-15T07:30:16.844+0000] {processor.py:186} INFO - Started process (PID=2356) to work on /home/airflow/.local/lib/python3.12/site-packages/airflow/example_dags/example_xcomargs.py
[2025-03-15T07:30:16.845+0000] {processor.py:914} INFO - Processing file /home/airflow/.local/lib/python3.12/site-packages/airflow/example_dags/example_xcomargs.py for tasks to queue
[2025-03-15T07:30:16.847+0000] {logging_mixin.py:190} INFO - [2025-03-15T07:30:16.847+0000] {dagbag.py:588} INFO - Filling up the DagBag from /home/airflow/.local/lib/python3.12/site-packages/airflow/example_dags/example_xcomargs.py
[2025-03-15T07:30:16.852+0000] {processor.py:925} INFO - DAG(s) 'example_xcom_args_with_operators', 'example_xcom_args' retrieved from /home/airflow/.local/lib/python3.12/site-packages/airflow/example_dags/example_xcomargs.py
[2025-03-15T07:30:16.865+0000] {logging_mixin.py:190} INFO - [2025-03-15T07:30:16.865+0000] {dag.py:3239} INFO - Sync 2 DAGs
[2025-03-15T07:30:16.875+0000] {logging_mixin.py:190} INFO - [2025-03-15T07:30:16.875+0000] {dag.py:4180} INFO - Setting next_dagrun for example_xcom_args to None, run_after=None
[2025-03-15T07:30:16.879+0000] {logging_mixin.py:190} INFO - [2025-03-15T07:30:16.879+0000] {dag.py:4180} INFO - Setting next_dagrun for example_xcom_args_with_operators to None, run_after=None
[2025-03-15T07:30:16.893+0000] {processor.py:208} INFO - Processing /home/airflow/.local/lib/python3.12/site-packages/airflow/example_dags/example_xcomargs.py took 0.052 seconds
[2025-03-15T07:30:47.129+0000] {processor.py:186} INFO - Started process (PID=2420) to work on /home/airflow/.local/lib/python3.12/site-packages/airflow/example_dags/example_xcomargs.py
[2025-03-15T07:30:47.133+0000] {processor.py:914} INFO - Processing file /home/airflow/.local/lib/python3.12/site-packages/airflow/example_dags/example_xcomargs.py for tasks to queue
[2025-03-15T07:30:47.135+0000] {logging_mixin.py:190} INFO - [2025-03-15T07:30:47.135+0000] {dagbag.py:588} INFO - Filling up the DagBag from /home/airflow/.local/lib/python3.12/site-packages/airflow/example_dags/example_xcomargs.py
[2025-03-15T07:30:47.141+0000] {processor.py:925} INFO - DAG(s) 'example_xcom_args', 'example_xcom_args_with_operators' retrieved from /home/airflow/.local/lib/python3.12/site-packages/airflow/example_dags/example_xcomargs.py
[2025-03-15T07:30:47.155+0000] {logging_mixin.py:190} INFO - [2025-03-15T07:30:47.155+0000] {dag.py:3239} INFO - Sync 2 DAGs
[2025-03-15T07:30:47.164+0000] {logging_mixin.py:190} INFO - [2025-03-15T07:30:47.164+0000] {dag.py:4180} INFO - Setting next_dagrun for example_xcom_args to None, run_after=None
[2025-03-15T07:30:47.166+0000] {logging_mixin.py:190} INFO - [2025-03-15T07:30:47.166+0000] {dag.py:4180} INFO - Setting next_dagrun for example_xcom_args_with_operators to None, run_after=None
[2025-03-15T07:30:47.183+0000] {processor.py:208} INFO - Processing /home/airflow/.local/lib/python3.12/site-packages/airflow/example_dags/example_xcomargs.py took 0.057 seconds
[2025-03-15T07:31:17.208+0000] {processor.py:186} INFO - Started process (PID=2484) to work on /home/airflow/.local/lib/python3.12/site-packages/airflow/example_dags/example_xcomargs.py
[2025-03-15T07:31:17.209+0000] {processor.py:914} INFO - Processing file /home/airflow/.local/lib/python3.12/site-packages/airflow/example_dags/example_xcomargs.py for tasks to queue
[2025-03-15T07:31:17.212+0000] {logging_mixin.py:190} INFO - [2025-03-15T07:31:17.211+0000] {dagbag.py:588} INFO - Filling up the DagBag from /home/airflow/.local/lib/python3.12/site-packages/airflow/example_dags/example_xcomargs.py
[2025-03-15T07:31:17.218+0000] {processor.py:925} INFO - DAG(s) 'example_xcom_args', 'example_xcom_args_with_operators' retrieved from /home/airflow/.local/lib/python3.12/site-packages/airflow/example_dags/example_xcomargs.py
[2025-03-15T07:31:17.238+0000] {logging_mixin.py:190} INFO - [2025-03-15T07:31:17.238+0000] {dag.py:3239} INFO - Sync 2 DAGs
[2025-03-15T07:31:17.247+0000] {logging_mixin.py:190} INFO - [2025-03-15T07:31:17.247+0000] {dag.py:4180} INFO - Setting next_dagrun for example_xcom_args to None, run_after=None
[2025-03-15T07:31:17.250+0000] {logging_mixin.py:190} INFO - [2025-03-15T07:31:17.250+0000] {dag.py:4180} INFO - Setting next_dagrun for example_xcom_args_with_operators to None, run_after=None
[2025-03-15T07:31:17.264+0000] {processor.py:208} INFO - Processing /home/airflow/.local/lib/python3.12/site-packages/airflow/example_dags/example_xcomargs.py took 0.059 seconds
[2025-03-15T07:31:47.710+0000] {processor.py:186} INFO - Started process (PID=2548) to work on /home/airflow/.local/lib/python3.12/site-packages/airflow/example_dags/example_xcomargs.py
[2025-03-15T07:31:47.711+0000] {processor.py:914} INFO - Processing file /home/airflow/.local/lib/python3.12/site-packages/airflow/example_dags/example_xcomargs.py for tasks to queue
[2025-03-15T07:31:47.712+0000] {logging_mixin.py:190} INFO - [2025-03-15T07:31:47.712+0000] {dagbag.py:588} INFO - Filling up the DagBag from /home/airflow/.local/lib/python3.12/site-packages/airflow/example_dags/example_xcomargs.py
[2025-03-15T07:31:47.717+0000] {processor.py:925} INFO - DAG(s) 'example_xcom_args_with_operators', 'example_xcom_args' retrieved from /home/airflow/.local/lib/python3.12/site-packages/airflow/example_dags/example_xcomargs.py
[2025-03-15T07:31:47.728+0000] {logging_mixin.py:190} INFO - [2025-03-15T07:31:47.727+0000] {dag.py:3239} INFO - Sync 2 DAGs
[2025-03-15T07:31:47.734+0000] {logging_mixin.py:190} INFO - [2025-03-15T07:31:47.734+0000] {dag.py:4180} INFO - Setting next_dagrun for example_xcom_args to None, run_after=None
[2025-03-15T07:31:47.736+0000] {logging_mixin.py:190} INFO - [2025-03-15T07:31:47.736+0000] {dag.py:4180} INFO - Setting next_dagrun for example_xcom_args_with_operators to None, run_after=None
[2025-03-15T07:31:47.742+0000] {processor.py:208} INFO - Processing /home/airflow/.local/lib/python3.12/site-packages/airflow/example_dags/example_xcomargs.py took 0.038 seconds
[2025-03-15T07:32:17.965+0000] {processor.py:186} INFO - Started process (PID=2612) to work on /home/airflow/.local/lib/python3.12/site-packages/airflow/example_dags/example_xcomargs.py
[2025-03-15T07:32:17.966+0000] {processor.py:914} INFO - Processing file /home/airflow/.local/lib/python3.12/site-packages/airflow/example_dags/example_xcomargs.py for tasks to queue
[2025-03-15T07:32:17.968+0000] {logging_mixin.py:190} INFO - [2025-03-15T07:32:17.968+0000] {dagbag.py:588} INFO - Filling up the DagBag from /home/airflow/.local/lib/python3.12/site-packages/airflow/example_dags/example_xcomargs.py
[2025-03-15T07:32:17.974+0000] {processor.py:925} INFO - DAG(s) 'example_xcom_args', 'example_xcom_args_with_operators' retrieved from /home/airflow/.local/lib/python3.12/site-packages/airflow/example_dags/example_xcomargs.py
[2025-03-15T07:32:17.991+0000] {logging_mixin.py:190} INFO - [2025-03-15T07:32:17.991+0000] {dag.py:3239} INFO - Sync 2 DAGs
[2025-03-15T07:32:17.999+0000] {logging_mixin.py:190} INFO - [2025-03-15T07:32:17.999+0000] {dag.py:4180} INFO - Setting next_dagrun for example_xcom_args to None, run_after=None
[2025-03-15T07:32:18.003+0000] {logging_mixin.py:190} INFO - [2025-03-15T07:32:18.003+0000] {dag.py:4180} INFO - Setting next_dagrun for example_xcom_args_with_operators to None, run_after=None
[2025-03-15T07:32:18.019+0000] {processor.py:208} INFO - Processing /home/airflow/.local/lib/python3.12/site-packages/airflow/example_dags/example_xcomargs.py took 0.058 seconds
