[2025-03-15T07:12:00.473+0000] {processor.py:186} INFO - Started process (PID=89) to work on /home/airflow/.local/lib/python3.12/site-packages/airflow/example_dags/example_complex.py
[2025-03-15T07:12:00.474+0000] {processor.py:914} INFO - Processing file /home/airflow/.local/lib/python3.12/site-packages/airflow/example_dags/example_complex.py for tasks to queue
[2025-03-15T07:12:00.475+0000] {logging_mixin.py:190} INFO - [2025-03-15T07:12:00.475+0000] {dagbag.py:588} INFO - Filling up the DagBag from /home/airflow/.local/lib/python3.12/site-packages/airflow/example_dags/example_complex.py
[2025-03-15T07:12:00.482+0000] {processor.py:925} INFO - DAG(s) 'example_complex' retrieved from /home/airflow/.local/lib/python3.12/site-packages/airflow/example_dags/example_complex.py
[2025-03-15T07:12:00.497+0000] {logging_mixin.py:190} INFO - [2025-03-15T07:12:00.497+0000] {dag.py:3239} INFO - Sync 1 DAGs
[2025-03-15T07:12:00.507+0000] {logging_mixin.py:190} INFO - [2025-03-15T07:12:00.507+0000] {dag.py:4180} INFO - Setting next_dagrun for example_complex to None, run_after=None
[2025-03-15T07:12:00.524+0000] {processor.py:208} INFO - Processing /home/airflow/.local/lib/python3.12/site-packages/airflow/example_dags/example_complex.py took 0.054 seconds
[2025-03-15T07:12:30.885+0000] {processor.py:186} INFO - Started process (PID=157) to work on /home/airflow/.local/lib/python3.12/site-packages/airflow/example_dags/example_complex.py
[2025-03-15T07:12:30.886+0000] {processor.py:914} INFO - Processing file /home/airflow/.local/lib/python3.12/site-packages/airflow/example_dags/example_complex.py for tasks to queue
[2025-03-15T07:12:30.887+0000] {logging_mixin.py:190} INFO - [2025-03-15T07:12:30.887+0000] {dagbag.py:588} INFO - Filling up the DagBag from /home/airflow/.local/lib/python3.12/site-packages/airflow/example_dags/example_complex.py
[2025-03-15T07:12:30.896+0000] {processor.py:925} INFO - DAG(s) 'example_complex' retrieved from /home/airflow/.local/lib/python3.12/site-packages/airflow/example_dags/example_complex.py
[2025-03-15T07:12:30.918+0000] {logging_mixin.py:190} INFO - [2025-03-15T07:12:30.918+0000] {dag.py:3239} INFO - Sync 1 DAGs
[2025-03-15T07:12:30.925+0000] {logging_mixin.py:190} INFO - [2025-03-15T07:12:30.925+0000] {dag.py:4180} INFO - Setting next_dagrun for example_complex to None, run_after=None
[2025-03-15T07:12:30.941+0000] {processor.py:208} INFO - Processing /home/airflow/.local/lib/python3.12/site-packages/airflow/example_dags/example_complex.py took 0.059 seconds
[2025-03-15T07:13:01.098+0000] {processor.py:186} INFO - Started process (PID=220) to work on /home/airflow/.local/lib/python3.12/site-packages/airflow/example_dags/example_complex.py
[2025-03-15T07:13:01.098+0000] {processor.py:914} INFO - Processing file /home/airflow/.local/lib/python3.12/site-packages/airflow/example_dags/example_complex.py for tasks to queue
[2025-03-15T07:13:01.099+0000] {logging_mixin.py:190} INFO - [2025-03-15T07:13:01.099+0000] {dagbag.py:588} INFO - Filling up the DagBag from /home/airflow/.local/lib/python3.12/site-packages/airflow/example_dags/example_complex.py
[2025-03-15T07:13:01.105+0000] {processor.py:925} INFO - DAG(s) 'example_complex' retrieved from /home/airflow/.local/lib/python3.12/site-packages/airflow/example_dags/example_complex.py
[2025-03-15T07:13:01.120+0000] {logging_mixin.py:190} INFO - [2025-03-15T07:13:01.120+0000] {dag.py:3239} INFO - Sync 1 DAGs
[2025-03-15T07:13:01.127+0000] {logging_mixin.py:190} INFO - [2025-03-15T07:13:01.127+0000] {dag.py:4180} INFO - Setting next_dagrun for example_complex to None, run_after=None
[2025-03-15T07:13:01.136+0000] {processor.py:208} INFO - Processing /home/airflow/.local/lib/python3.12/site-packages/airflow/example_dags/example_complex.py took 0.042 seconds
[2025-03-15T07:13:32.377+0000] {processor.py:186} INFO - Started process (PID=283) to work on /home/airflow/.local/lib/python3.12/site-packages/airflow/example_dags/example_complex.py
[2025-03-15T07:13:32.378+0000] {processor.py:914} INFO - Processing file /home/airflow/.local/lib/python3.12/site-packages/airflow/example_dags/example_complex.py for tasks to queue
[2025-03-15T07:13:32.380+0000] {logging_mixin.py:190} INFO - [2025-03-15T07:13:32.380+0000] {dagbag.py:588} INFO - Filling up the DagBag from /home/airflow/.local/lib/python3.12/site-packages/airflow/example_dags/example_complex.py
[2025-03-15T07:13:32.387+0000] {processor.py:925} INFO - DAG(s) 'example_complex' retrieved from /home/airflow/.local/lib/python3.12/site-packages/airflow/example_dags/example_complex.py
[2025-03-15T07:13:32.406+0000] {logging_mixin.py:190} INFO - [2025-03-15T07:13:32.406+0000] {dag.py:3239} INFO - Sync 1 DAGs
[2025-03-15T07:13:32.415+0000] {logging_mixin.py:190} INFO - [2025-03-15T07:13:32.415+0000] {dag.py:4180} INFO - Setting next_dagrun for example_complex to None, run_after=None
[2025-03-15T07:13:32.429+0000] {processor.py:208} INFO - Processing /home/airflow/.local/lib/python3.12/site-packages/airflow/example_dags/example_complex.py took 0.055 seconds
[2025-03-15T07:14:02.915+0000] {processor.py:186} INFO - Started process (PID=346) to work on /home/airflow/.local/lib/python3.12/site-packages/airflow/example_dags/example_complex.py
[2025-03-15T07:14:02.916+0000] {processor.py:914} INFO - Processing file /home/airflow/.local/lib/python3.12/site-packages/airflow/example_dags/example_complex.py for tasks to queue
[2025-03-15T07:14:02.917+0000] {logging_mixin.py:190} INFO - [2025-03-15T07:14:02.917+0000] {dagbag.py:588} INFO - Filling up the DagBag from /home/airflow/.local/lib/python3.12/site-packages/airflow/example_dags/example_complex.py
[2025-03-15T07:14:02.923+0000] {processor.py:925} INFO - DAG(s) 'example_complex' retrieved from /home/airflow/.local/lib/python3.12/site-packages/airflow/example_dags/example_complex.py
[2025-03-15T07:14:02.939+0000] {logging_mixin.py:190} INFO - [2025-03-15T07:14:02.939+0000] {dag.py:3239} INFO - Sync 1 DAGs
[2025-03-15T07:14:02.949+0000] {logging_mixin.py:190} INFO - [2025-03-15T07:14:02.949+0000] {dag.py:4180} INFO - Setting next_dagrun for example_complex to None, run_after=None
[2025-03-15T07:14:02.963+0000] {processor.py:208} INFO - Processing /home/airflow/.local/lib/python3.12/site-packages/airflow/example_dags/example_complex.py took 0.051 seconds
[2025-03-15T07:14:34.421+0000] {processor.py:186} INFO - Started process (PID=409) to work on /home/airflow/.local/lib/python3.12/site-packages/airflow/example_dags/example_complex.py
[2025-03-15T07:14:34.422+0000] {processor.py:914} INFO - Processing file /home/airflow/.local/lib/python3.12/site-packages/airflow/example_dags/example_complex.py for tasks to queue
[2025-03-15T07:14:34.424+0000] {logging_mixin.py:190} INFO - [2025-03-15T07:14:34.424+0000] {dagbag.py:588} INFO - Filling up the DagBag from /home/airflow/.local/lib/python3.12/site-packages/airflow/example_dags/example_complex.py
[2025-03-15T07:14:34.431+0000] {processor.py:925} INFO - DAG(s) 'example_complex' retrieved from /home/airflow/.local/lib/python3.12/site-packages/airflow/example_dags/example_complex.py
[2025-03-15T07:14:34.449+0000] {logging_mixin.py:190} INFO - [2025-03-15T07:14:34.449+0000] {dag.py:3239} INFO - Sync 1 DAGs
[2025-03-15T07:14:34.457+0000] {logging_mixin.py:190} INFO - [2025-03-15T07:14:34.457+0000] {dag.py:4180} INFO - Setting next_dagrun for example_complex to None, run_after=None
[2025-03-15T07:14:34.468+0000] {processor.py:208} INFO - Processing /home/airflow/.local/lib/python3.12/site-packages/airflow/example_dags/example_complex.py took 0.050 seconds
[2025-03-15T07:15:05.594+0000] {processor.py:186} INFO - Started process (PID=472) to work on /home/airflow/.local/lib/python3.12/site-packages/airflow/example_dags/example_complex.py
[2025-03-15T07:15:05.595+0000] {processor.py:914} INFO - Processing file /home/airflow/.local/lib/python3.12/site-packages/airflow/example_dags/example_complex.py for tasks to queue
[2025-03-15T07:15:05.596+0000] {logging_mixin.py:190} INFO - [2025-03-15T07:15:05.596+0000] {dagbag.py:588} INFO - Filling up the DagBag from /home/airflow/.local/lib/python3.12/site-packages/airflow/example_dags/example_complex.py
[2025-03-15T07:15:05.602+0000] {processor.py:925} INFO - DAG(s) 'example_complex' retrieved from /home/airflow/.local/lib/python3.12/site-packages/airflow/example_dags/example_complex.py
[2025-03-15T07:15:05.618+0000] {logging_mixin.py:190} INFO - [2025-03-15T07:15:05.618+0000] {dag.py:3239} INFO - Sync 1 DAGs
[2025-03-15T07:15:05.625+0000] {logging_mixin.py:190} INFO - [2025-03-15T07:15:05.625+0000] {dag.py:4180} INFO - Setting next_dagrun for example_complex to None, run_after=None
[2025-03-15T07:15:05.633+0000] {processor.py:208} INFO - Processing /home/airflow/.local/lib/python3.12/site-packages/airflow/example_dags/example_complex.py took 0.043 seconds
[2025-03-15T07:15:36.499+0000] {processor.py:186} INFO - Started process (PID=535) to work on /home/airflow/.local/lib/python3.12/site-packages/airflow/example_dags/example_complex.py
[2025-03-15T07:15:36.499+0000] {processor.py:914} INFO - Processing file /home/airflow/.local/lib/python3.12/site-packages/airflow/example_dags/example_complex.py for tasks to queue
[2025-03-15T07:15:36.501+0000] {logging_mixin.py:190} INFO - [2025-03-15T07:15:36.500+0000] {dagbag.py:588} INFO - Filling up the DagBag from /home/airflow/.local/lib/python3.12/site-packages/airflow/example_dags/example_complex.py
[2025-03-15T07:15:36.507+0000] {processor.py:925} INFO - DAG(s) 'example_complex' retrieved from /home/airflow/.local/lib/python3.12/site-packages/airflow/example_dags/example_complex.py
[2025-03-15T07:15:36.525+0000] {logging_mixin.py:190} INFO - [2025-03-15T07:15:36.525+0000] {dag.py:3239} INFO - Sync 1 DAGs
[2025-03-15T07:15:36.533+0000] {logging_mixin.py:190} INFO - [2025-03-15T07:15:36.533+0000] {dag.py:4180} INFO - Setting next_dagrun for example_complex to None, run_after=None
[2025-03-15T07:15:36.547+0000] {processor.py:208} INFO - Processing /home/airflow/.local/lib/python3.12/site-packages/airflow/example_dags/example_complex.py took 0.052 seconds
[2025-03-15T07:16:07.380+0000] {processor.py:186} INFO - Started process (PID=598) to work on /home/airflow/.local/lib/python3.12/site-packages/airflow/example_dags/example_complex.py
[2025-03-15T07:16:07.381+0000] {processor.py:914} INFO - Processing file /home/airflow/.local/lib/python3.12/site-packages/airflow/example_dags/example_complex.py for tasks to queue
[2025-03-15T07:16:07.382+0000] {logging_mixin.py:190} INFO - [2025-03-15T07:16:07.382+0000] {dagbag.py:588} INFO - Filling up the DagBag from /home/airflow/.local/lib/python3.12/site-packages/airflow/example_dags/example_complex.py
[2025-03-15T07:16:07.388+0000] {processor.py:925} INFO - DAG(s) 'example_complex' retrieved from /home/airflow/.local/lib/python3.12/site-packages/airflow/example_dags/example_complex.py
[2025-03-15T07:16:07.403+0000] {logging_mixin.py:190} INFO - [2025-03-15T07:16:07.403+0000] {dag.py:3239} INFO - Sync 1 DAGs
[2025-03-15T07:16:07.410+0000] {logging_mixin.py:190} INFO - [2025-03-15T07:16:07.410+0000] {dag.py:4180} INFO - Setting next_dagrun for example_complex to None, run_after=None
[2025-03-15T07:16:07.420+0000] {processor.py:208} INFO - Processing /home/airflow/.local/lib/python3.12/site-packages/airflow/example_dags/example_complex.py took 0.043 seconds
[2025-03-15T07:16:38.260+0000] {processor.py:186} INFO - Started process (PID=660) to work on /home/airflow/.local/lib/python3.12/site-packages/airflow/example_dags/example_complex.py
[2025-03-15T07:16:38.261+0000] {processor.py:914} INFO - Processing file /home/airflow/.local/lib/python3.12/site-packages/airflow/example_dags/example_complex.py for tasks to queue
[2025-03-15T07:16:38.262+0000] {logging_mixin.py:190} INFO - [2025-03-15T07:16:38.262+0000] {dagbag.py:588} INFO - Filling up the DagBag from /home/airflow/.local/lib/python3.12/site-packages/airflow/example_dags/example_complex.py
[2025-03-15T07:16:38.268+0000] {processor.py:925} INFO - DAG(s) 'example_complex' retrieved from /home/airflow/.local/lib/python3.12/site-packages/airflow/example_dags/example_complex.py
[2025-03-15T07:16:38.289+0000] {logging_mixin.py:190} INFO - [2025-03-15T07:16:38.289+0000] {dag.py:3239} INFO - Sync 1 DAGs
[2025-03-15T07:16:38.298+0000] {logging_mixin.py:190} INFO - [2025-03-15T07:16:38.298+0000] {dag.py:4180} INFO - Setting next_dagrun for example_complex to None, run_after=None
[2025-03-15T07:16:38.314+0000] {processor.py:208} INFO - Processing /home/airflow/.local/lib/python3.12/site-packages/airflow/example_dags/example_complex.py took 0.057 seconds
[2025-03-15T07:17:09.259+0000] {processor.py:186} INFO - Started process (PID=723) to work on /home/airflow/.local/lib/python3.12/site-packages/airflow/example_dags/example_complex.py
[2025-03-15T07:17:09.260+0000] {processor.py:914} INFO - Processing file /home/airflow/.local/lib/python3.12/site-packages/airflow/example_dags/example_complex.py for tasks to queue
[2025-03-15T07:17:09.261+0000] {logging_mixin.py:190} INFO - [2025-03-15T07:17:09.261+0000] {dagbag.py:588} INFO - Filling up the DagBag from /home/airflow/.local/lib/python3.12/site-packages/airflow/example_dags/example_complex.py
[2025-03-15T07:17:09.268+0000] {processor.py:925} INFO - DAG(s) 'example_complex' retrieved from /home/airflow/.local/lib/python3.12/site-packages/airflow/example_dags/example_complex.py
[2025-03-15T07:17:09.286+0000] {logging_mixin.py:190} INFO - [2025-03-15T07:17:09.286+0000] {dag.py:3239} INFO - Sync 1 DAGs
[2025-03-15T07:17:09.293+0000] {logging_mixin.py:190} INFO - [2025-03-15T07:17:09.293+0000] {dag.py:4180} INFO - Setting next_dagrun for example_complex to None, run_after=None
[2025-03-15T07:17:09.302+0000] {processor.py:208} INFO - Processing /home/airflow/.local/lib/python3.12/site-packages/airflow/example_dags/example_complex.py took 0.047 seconds
[2025-03-15T07:17:40.829+0000] {processor.py:186} INFO - Started process (PID=786) to work on /home/airflow/.local/lib/python3.12/site-packages/airflow/example_dags/example_complex.py
[2025-03-15T07:17:40.829+0000] {processor.py:914} INFO - Processing file /home/airflow/.local/lib/python3.12/site-packages/airflow/example_dags/example_complex.py for tasks to queue
[2025-03-15T07:17:40.831+0000] {logging_mixin.py:190} INFO - [2025-03-15T07:17:40.830+0000] {dagbag.py:588} INFO - Filling up the DagBag from /home/airflow/.local/lib/python3.12/site-packages/airflow/example_dags/example_complex.py
[2025-03-15T07:17:40.837+0000] {processor.py:925} INFO - DAG(s) 'example_complex' retrieved from /home/airflow/.local/lib/python3.12/site-packages/airflow/example_dags/example_complex.py
[2025-03-15T07:17:40.851+0000] {logging_mixin.py:190} INFO - [2025-03-15T07:17:40.851+0000] {dag.py:3239} INFO - Sync 1 DAGs
[2025-03-15T07:17:40.858+0000] {logging_mixin.py:190} INFO - [2025-03-15T07:17:40.858+0000] {dag.py:4180} INFO - Setting next_dagrun for example_complex to None, run_after=None
[2025-03-15T07:17:40.867+0000] {processor.py:208} INFO - Processing /home/airflow/.local/lib/python3.12/site-packages/airflow/example_dags/example_complex.py took 0.042 seconds
[2025-03-15T07:18:11.957+0000] {processor.py:186} INFO - Started process (PID=849) to work on /home/airflow/.local/lib/python3.12/site-packages/airflow/example_dags/example_complex.py
[2025-03-15T07:18:11.958+0000] {processor.py:914} INFO - Processing file /home/airflow/.local/lib/python3.12/site-packages/airflow/example_dags/example_complex.py for tasks to queue
[2025-03-15T07:18:11.959+0000] {logging_mixin.py:190} INFO - [2025-03-15T07:18:11.959+0000] {dagbag.py:588} INFO - Filling up the DagBag from /home/airflow/.local/lib/python3.12/site-packages/airflow/example_dags/example_complex.py
[2025-03-15T07:18:11.965+0000] {processor.py:925} INFO - DAG(s) 'example_complex' retrieved from /home/airflow/.local/lib/python3.12/site-packages/airflow/example_dags/example_complex.py
[2025-03-15T07:18:11.979+0000] {logging_mixin.py:190} INFO - [2025-03-15T07:18:11.979+0000] {dag.py:3239} INFO - Sync 1 DAGs
[2025-03-15T07:18:11.985+0000] {logging_mixin.py:190} INFO - [2025-03-15T07:18:11.985+0000] {dag.py:4180} INFO - Setting next_dagrun for example_complex to None, run_after=None
[2025-03-15T07:18:11.993+0000] {processor.py:208} INFO - Processing /home/airflow/.local/lib/python3.12/site-packages/airflow/example_dags/example_complex.py took 0.039 seconds
[2025-03-15T07:18:43.458+0000] {processor.py:186} INFO - Started process (PID=920) to work on /home/airflow/.local/lib/python3.12/site-packages/airflow/example_dags/example_complex.py
[2025-03-15T07:18:43.459+0000] {processor.py:914} INFO - Processing file /home/airflow/.local/lib/python3.12/site-packages/airflow/example_dags/example_complex.py for tasks to queue
[2025-03-15T07:18:43.461+0000] {logging_mixin.py:190} INFO - [2025-03-15T07:18:43.461+0000] {dagbag.py:588} INFO - Filling up the DagBag from /home/airflow/.local/lib/python3.12/site-packages/airflow/example_dags/example_complex.py
[2025-03-15T07:18:43.467+0000] {processor.py:925} INFO - DAG(s) 'example_complex' retrieved from /home/airflow/.local/lib/python3.12/site-packages/airflow/example_dags/example_complex.py
[2025-03-15T07:18:43.485+0000] {logging_mixin.py:190} INFO - [2025-03-15T07:18:43.485+0000] {dag.py:3239} INFO - Sync 1 DAGs
[2025-03-15T07:18:43.493+0000] {logging_mixin.py:190} INFO - [2025-03-15T07:18:43.493+0000] {dag.py:4180} INFO - Setting next_dagrun for example_complex to None, run_after=None
[2025-03-15T07:18:43.507+0000] {processor.py:208} INFO - Processing /home/airflow/.local/lib/python3.12/site-packages/airflow/example_dags/example_complex.py took 0.053 seconds
[2025-03-15T07:19:14.289+0000] {processor.py:186} INFO - Started process (PID=983) to work on /home/airflow/.local/lib/python3.12/site-packages/airflow/example_dags/example_complex.py
[2025-03-15T07:19:14.290+0000] {processor.py:914} INFO - Processing file /home/airflow/.local/lib/python3.12/site-packages/airflow/example_dags/example_complex.py for tasks to queue
[2025-03-15T07:19:14.292+0000] {logging_mixin.py:190} INFO - [2025-03-15T07:19:14.292+0000] {dagbag.py:588} INFO - Filling up the DagBag from /home/airflow/.local/lib/python3.12/site-packages/airflow/example_dags/example_complex.py
[2025-03-15T07:19:14.298+0000] {processor.py:925} INFO - DAG(s) 'example_complex' retrieved from /home/airflow/.local/lib/python3.12/site-packages/airflow/example_dags/example_complex.py
[2025-03-15T07:19:14.315+0000] {logging_mixin.py:190} INFO - [2025-03-15T07:19:14.315+0000] {dag.py:3239} INFO - Sync 1 DAGs
[2025-03-15T07:19:14.322+0000] {logging_mixin.py:190} INFO - [2025-03-15T07:19:14.322+0000] {dag.py:4180} INFO - Setting next_dagrun for example_complex to None, run_after=None
[2025-03-15T07:19:14.337+0000] {processor.py:208} INFO - Processing /home/airflow/.local/lib/python3.12/site-packages/airflow/example_dags/example_complex.py took 0.052 seconds
[2025-03-15T07:19:45.444+0000] {processor.py:186} INFO - Started process (PID=1046) to work on /home/airflow/.local/lib/python3.12/site-packages/airflow/example_dags/example_complex.py
[2025-03-15T07:19:45.445+0000] {processor.py:914} INFO - Processing file /home/airflow/.local/lib/python3.12/site-packages/airflow/example_dags/example_complex.py for tasks to queue
[2025-03-15T07:19:45.446+0000] {logging_mixin.py:190} INFO - [2025-03-15T07:19:45.446+0000] {dagbag.py:588} INFO - Filling up the DagBag from /home/airflow/.local/lib/python3.12/site-packages/airflow/example_dags/example_complex.py
[2025-03-15T07:19:45.453+0000] {processor.py:925} INFO - DAG(s) 'example_complex' retrieved from /home/airflow/.local/lib/python3.12/site-packages/airflow/example_dags/example_complex.py
[2025-03-15T07:19:45.471+0000] {logging_mixin.py:190} INFO - [2025-03-15T07:19:45.471+0000] {dag.py:3239} INFO - Sync 1 DAGs
[2025-03-15T07:19:45.479+0000] {logging_mixin.py:190} INFO - [2025-03-15T07:19:45.479+0000] {dag.py:4180} INFO - Setting next_dagrun for example_complex to None, run_after=None
[2025-03-15T07:19:45.491+0000] {processor.py:208} INFO - Processing /home/airflow/.local/lib/python3.12/site-packages/airflow/example_dags/example_complex.py took 0.050 seconds
[2025-03-15T07:20:16.452+0000] {processor.py:186} INFO - Started process (PID=1108) to work on /home/airflow/.local/lib/python3.12/site-packages/airflow/example_dags/example_complex.py
[2025-03-15T07:20:16.452+0000] {processor.py:914} INFO - Processing file /home/airflow/.local/lib/python3.12/site-packages/airflow/example_dags/example_complex.py for tasks to queue
[2025-03-15T07:20:16.453+0000] {logging_mixin.py:190} INFO - [2025-03-15T07:20:16.453+0000] {dagbag.py:588} INFO - Filling up the DagBag from /home/airflow/.local/lib/python3.12/site-packages/airflow/example_dags/example_complex.py
[2025-03-15T07:20:16.461+0000] {processor.py:925} INFO - DAG(s) 'example_complex' retrieved from /home/airflow/.local/lib/python3.12/site-packages/airflow/example_dags/example_complex.py
[2025-03-15T07:20:16.483+0000] {logging_mixin.py:190} INFO - [2025-03-15T07:20:16.483+0000] {dag.py:3239} INFO - Sync 1 DAGs
[2025-03-15T07:20:16.494+0000] {logging_mixin.py:190} INFO - [2025-03-15T07:20:16.494+0000] {dag.py:4180} INFO - Setting next_dagrun for example_complex to None, run_after=None
[2025-03-15T07:20:16.504+0000] {processor.py:208} INFO - Processing /home/airflow/.local/lib/python3.12/site-packages/airflow/example_dags/example_complex.py took 0.056 seconds
[2025-03-15T07:20:47.179+0000] {processor.py:186} INFO - Started process (PID=1170) to work on /home/airflow/.local/lib/python3.12/site-packages/airflow/example_dags/example_complex.py
[2025-03-15T07:20:47.179+0000] {processor.py:914} INFO - Processing file /home/airflow/.local/lib/python3.12/site-packages/airflow/example_dags/example_complex.py for tasks to queue
[2025-03-15T07:20:47.181+0000] {logging_mixin.py:190} INFO - [2025-03-15T07:20:47.181+0000] {dagbag.py:588} INFO - Filling up the DagBag from /home/airflow/.local/lib/python3.12/site-packages/airflow/example_dags/example_complex.py
[2025-03-15T07:20:47.187+0000] {processor.py:925} INFO - DAG(s) 'example_complex' retrieved from /home/airflow/.local/lib/python3.12/site-packages/airflow/example_dags/example_complex.py
[2025-03-15T07:20:47.209+0000] {logging_mixin.py:190} INFO - [2025-03-15T07:20:47.209+0000] {dag.py:3239} INFO - Sync 1 DAGs
[2025-03-15T07:20:47.218+0000] {logging_mixin.py:190} INFO - [2025-03-15T07:20:47.218+0000] {dag.py:4180} INFO - Setting next_dagrun for example_complex to None, run_after=None
[2025-03-15T07:20:47.233+0000] {processor.py:208} INFO - Processing /home/airflow/.local/lib/python3.12/site-packages/airflow/example_dags/example_complex.py took 0.058 seconds
[2025-03-15T07:21:18.092+0000] {processor.py:186} INFO - Started process (PID=1233) to work on /home/airflow/.local/lib/python3.12/site-packages/airflow/example_dags/example_complex.py
[2025-03-15T07:21:18.092+0000] {processor.py:914} INFO - Processing file /home/airflow/.local/lib/python3.12/site-packages/airflow/example_dags/example_complex.py for tasks to queue
[2025-03-15T07:21:18.094+0000] {logging_mixin.py:190} INFO - [2025-03-15T07:21:18.093+0000] {dagbag.py:588} INFO - Filling up the DagBag from /home/airflow/.local/lib/python3.12/site-packages/airflow/example_dags/example_complex.py
[2025-03-15T07:21:18.100+0000] {processor.py:925} INFO - DAG(s) 'example_complex' retrieved from /home/airflow/.local/lib/python3.12/site-packages/airflow/example_dags/example_complex.py
[2025-03-15T07:21:18.116+0000] {logging_mixin.py:190} INFO - [2025-03-15T07:21:18.116+0000] {dag.py:3239} INFO - Sync 1 DAGs
[2025-03-15T07:21:18.124+0000] {logging_mixin.py:190} INFO - [2025-03-15T07:21:18.124+0000] {dag.py:4180} INFO - Setting next_dagrun for example_complex to None, run_after=None
[2025-03-15T07:21:18.133+0000] {processor.py:208} INFO - Processing /home/airflow/.local/lib/python3.12/site-packages/airflow/example_dags/example_complex.py took 0.044 seconds
[2025-03-15T07:21:49.465+0000] {processor.py:186} INFO - Started process (PID=1296) to work on /home/airflow/.local/lib/python3.12/site-packages/airflow/example_dags/example_complex.py
[2025-03-15T07:21:49.465+0000] {processor.py:914} INFO - Processing file /home/airflow/.local/lib/python3.12/site-packages/airflow/example_dags/example_complex.py for tasks to queue
[2025-03-15T07:21:49.467+0000] {logging_mixin.py:190} INFO - [2025-03-15T07:21:49.467+0000] {dagbag.py:588} INFO - Filling up the DagBag from /home/airflow/.local/lib/python3.12/site-packages/airflow/example_dags/example_complex.py
[2025-03-15T07:21:49.474+0000] {processor.py:925} INFO - DAG(s) 'example_complex' retrieved from /home/airflow/.local/lib/python3.12/site-packages/airflow/example_dags/example_complex.py
[2025-03-15T07:21:49.495+0000] {logging_mixin.py:190} INFO - [2025-03-15T07:21:49.494+0000] {dag.py:3239} INFO - Sync 1 DAGs
[2025-03-15T07:21:49.509+0000] {logging_mixin.py:190} INFO - [2025-03-15T07:21:49.509+0000] {dag.py:4180} INFO - Setting next_dagrun for example_complex to None, run_after=None
[2025-03-15T07:21:49.521+0000] {processor.py:208} INFO - Processing /home/airflow/.local/lib/python3.12/site-packages/airflow/example_dags/example_complex.py took 0.059 seconds
[2025-03-15T07:22:21.690+0000] {processor.py:186} INFO - Started process (PID=1359) to work on /home/airflow/.local/lib/python3.12/site-packages/airflow/example_dags/example_complex.py
[2025-03-15T07:22:21.694+0000] {processor.py:914} INFO - Processing file /home/airflow/.local/lib/python3.12/site-packages/airflow/example_dags/example_complex.py for tasks to queue
[2025-03-15T07:22:21.696+0000] {logging_mixin.py:190} INFO - [2025-03-15T07:22:21.695+0000] {dagbag.py:588} INFO - Filling up the DagBag from /home/airflow/.local/lib/python3.12/site-packages/airflow/example_dags/example_complex.py
[2025-03-15T07:22:21.706+0000] {processor.py:925} INFO - DAG(s) 'example_complex' retrieved from /home/airflow/.local/lib/python3.12/site-packages/airflow/example_dags/example_complex.py
[2025-03-15T07:22:21.729+0000] {logging_mixin.py:190} INFO - [2025-03-15T07:22:21.729+0000] {dag.py:3239} INFO - Sync 1 DAGs
[2025-03-15T07:22:21.737+0000] {logging_mixin.py:190} INFO - [2025-03-15T07:22:21.737+0000] {dag.py:4180} INFO - Setting next_dagrun for example_complex to None, run_after=None
[2025-03-15T07:22:21.755+0000] {processor.py:208} INFO - Processing /home/airflow/.local/lib/python3.12/site-packages/airflow/example_dags/example_complex.py took 0.081 seconds
[2025-03-15T07:22:51.819+0000] {processor.py:186} INFO - Started process (PID=1422) to work on /home/airflow/.local/lib/python3.12/site-packages/airflow/example_dags/example_complex.py
[2025-03-15T07:22:51.819+0000] {processor.py:914} INFO - Processing file /home/airflow/.local/lib/python3.12/site-packages/airflow/example_dags/example_complex.py for tasks to queue
[2025-03-15T07:22:51.820+0000] {logging_mixin.py:190} INFO - [2025-03-15T07:22:51.820+0000] {dagbag.py:588} INFO - Filling up the DagBag from /home/airflow/.local/lib/python3.12/site-packages/airflow/example_dags/example_complex.py
[2025-03-15T07:22:51.826+0000] {processor.py:925} INFO - DAG(s) 'example_complex' retrieved from /home/airflow/.local/lib/python3.12/site-packages/airflow/example_dags/example_complex.py
[2025-03-15T07:22:51.840+0000] {logging_mixin.py:190} INFO - [2025-03-15T07:22:51.840+0000] {dag.py:3239} INFO - Sync 1 DAGs
[2025-03-15T07:22:51.847+0000] {logging_mixin.py:190} INFO - [2025-03-15T07:22:51.846+0000] {dag.py:4180} INFO - Setting next_dagrun for example_complex to None, run_after=None
[2025-03-15T07:22:51.854+0000] {processor.py:208} INFO - Processing /home/airflow/.local/lib/python3.12/site-packages/airflow/example_dags/example_complex.py took 0.039 seconds
[2025-03-15T07:23:22.963+0000] {processor.py:186} INFO - Started process (PID=1485) to work on /home/airflow/.local/lib/python3.12/site-packages/airflow/example_dags/example_complex.py
[2025-03-15T07:23:22.963+0000] {processor.py:914} INFO - Processing file /home/airflow/.local/lib/python3.12/site-packages/airflow/example_dags/example_complex.py for tasks to queue
[2025-03-15T07:23:22.964+0000] {logging_mixin.py:190} INFO - [2025-03-15T07:23:22.964+0000] {dagbag.py:588} INFO - Filling up the DagBag from /home/airflow/.local/lib/python3.12/site-packages/airflow/example_dags/example_complex.py
[2025-03-15T07:23:22.971+0000] {processor.py:925} INFO - DAG(s) 'example_complex' retrieved from /home/airflow/.local/lib/python3.12/site-packages/airflow/example_dags/example_complex.py
[2025-03-15T07:23:22.991+0000] {logging_mixin.py:190} INFO - [2025-03-15T07:23:22.991+0000] {dag.py:3239} INFO - Sync 1 DAGs
[2025-03-15T07:23:23.004+0000] {logging_mixin.py:190} INFO - [2025-03-15T07:23:23.004+0000] {dag.py:4180} INFO - Setting next_dagrun for example_complex to None, run_after=None
[2025-03-15T07:23:23.015+0000] {processor.py:208} INFO - Processing /home/airflow/.local/lib/python3.12/site-packages/airflow/example_dags/example_complex.py took 0.055 seconds
[2025-03-15T07:23:54.465+0000] {processor.py:186} INFO - Started process (PID=1548) to work on /home/airflow/.local/lib/python3.12/site-packages/airflow/example_dags/example_complex.py
[2025-03-15T07:23:54.469+0000] {processor.py:914} INFO - Processing file /home/airflow/.local/lib/python3.12/site-packages/airflow/example_dags/example_complex.py for tasks to queue
[2025-03-15T07:23:54.471+0000] {logging_mixin.py:190} INFO - [2025-03-15T07:23:54.471+0000] {dagbag.py:588} INFO - Filling up the DagBag from /home/airflow/.local/lib/python3.12/site-packages/airflow/example_dags/example_complex.py
[2025-03-15T07:23:54.479+0000] {processor.py:925} INFO - DAG(s) 'example_complex' retrieved from /home/airflow/.local/lib/python3.12/site-packages/airflow/example_dags/example_complex.py
[2025-03-15T07:23:54.501+0000] {logging_mixin.py:190} INFO - [2025-03-15T07:23:54.501+0000] {dag.py:3239} INFO - Sync 1 DAGs
[2025-03-15T07:23:54.511+0000] {logging_mixin.py:190} INFO - [2025-03-15T07:23:54.510+0000] {dag.py:4180} INFO - Setting next_dagrun for example_complex to None, run_after=None
[2025-03-15T07:23:54.523+0000] {processor.py:208} INFO - Processing /home/airflow/.local/lib/python3.12/site-packages/airflow/example_dags/example_complex.py took 0.066 seconds
[2025-03-15T07:24:25.679+0000] {processor.py:186} INFO - Started process (PID=1611) to work on /home/airflow/.local/lib/python3.12/site-packages/airflow/example_dags/example_complex.py
[2025-03-15T07:24:25.680+0000] {processor.py:914} INFO - Processing file /home/airflow/.local/lib/python3.12/site-packages/airflow/example_dags/example_complex.py for tasks to queue
[2025-03-15T07:24:25.681+0000] {logging_mixin.py:190} INFO - [2025-03-15T07:24:25.681+0000] {dagbag.py:588} INFO - Filling up the DagBag from /home/airflow/.local/lib/python3.12/site-packages/airflow/example_dags/example_complex.py
[2025-03-15T07:24:25.687+0000] {processor.py:925} INFO - DAG(s) 'example_complex' retrieved from /home/airflow/.local/lib/python3.12/site-packages/airflow/example_dags/example_complex.py
[2025-03-15T07:24:25.708+0000] {logging_mixin.py:190} INFO - [2025-03-15T07:24:25.708+0000] {dag.py:3239} INFO - Sync 1 DAGs
[2025-03-15T07:24:25.715+0000] {logging_mixin.py:190} INFO - [2025-03-15T07:24:25.715+0000] {dag.py:4180} INFO - Setting next_dagrun for example_complex to None, run_after=None
[2025-03-15T07:24:25.725+0000] {processor.py:208} INFO - Processing /home/airflow/.local/lib/python3.12/site-packages/airflow/example_dags/example_complex.py took 0.051 seconds
[2025-03-15T07:24:57.034+0000] {processor.py:186} INFO - Started process (PID=1674) to work on /home/airflow/.local/lib/python3.12/site-packages/airflow/example_dags/example_complex.py
[2025-03-15T07:24:57.035+0000] {processor.py:914} INFO - Processing file /home/airflow/.local/lib/python3.12/site-packages/airflow/example_dags/example_complex.py for tasks to queue
[2025-03-15T07:24:57.036+0000] {logging_mixin.py:190} INFO - [2025-03-15T07:24:57.036+0000] {dagbag.py:588} INFO - Filling up the DagBag from /home/airflow/.local/lib/python3.12/site-packages/airflow/example_dags/example_complex.py
[2025-03-15T07:24:57.042+0000] {processor.py:925} INFO - DAG(s) 'example_complex' retrieved from /home/airflow/.local/lib/python3.12/site-packages/airflow/example_dags/example_complex.py
[2025-03-15T07:24:57.059+0000] {logging_mixin.py:190} INFO - [2025-03-15T07:24:57.059+0000] {dag.py:3239} INFO - Sync 1 DAGs
[2025-03-15T07:24:57.070+0000] {logging_mixin.py:190} INFO - [2025-03-15T07:24:57.069+0000] {dag.py:4180} INFO - Setting next_dagrun for example_complex to None, run_after=None
[2025-03-15T07:24:57.084+0000] {processor.py:208} INFO - Processing /home/airflow/.local/lib/python3.12/site-packages/airflow/example_dags/example_complex.py took 0.053 seconds
[2025-03-15T07:25:28.312+0000] {processor.py:186} INFO - Started process (PID=1736) to work on /home/airflow/.local/lib/python3.12/site-packages/airflow/example_dags/example_complex.py
[2025-03-15T07:25:28.313+0000] {processor.py:914} INFO - Processing file /home/airflow/.local/lib/python3.12/site-packages/airflow/example_dags/example_complex.py for tasks to queue
[2025-03-15T07:25:28.314+0000] {logging_mixin.py:190} INFO - [2025-03-15T07:25:28.314+0000] {dagbag.py:588} INFO - Filling up the DagBag from /home/airflow/.local/lib/python3.12/site-packages/airflow/example_dags/example_complex.py
[2025-03-15T07:25:28.319+0000] {processor.py:925} INFO - DAG(s) 'example_complex' retrieved from /home/airflow/.local/lib/python3.12/site-packages/airflow/example_dags/example_complex.py
[2025-03-15T07:25:28.341+0000] {logging_mixin.py:190} INFO - [2025-03-15T07:25:28.341+0000] {dag.py:3239} INFO - Sync 1 DAGs
[2025-03-15T07:25:28.349+0000] {logging_mixin.py:190} INFO - [2025-03-15T07:25:28.349+0000] {dag.py:4180} INFO - Setting next_dagrun for example_complex to None, run_after=None
[2025-03-15T07:25:28.363+0000] {processor.py:208} INFO - Processing /home/airflow/.local/lib/python3.12/site-packages/airflow/example_dags/example_complex.py took 0.054 seconds
[2025-03-15T07:25:59.698+0000] {processor.py:186} INFO - Started process (PID=1799) to work on /home/airflow/.local/lib/python3.12/site-packages/airflow/example_dags/example_complex.py
[2025-03-15T07:25:59.699+0000] {processor.py:914} INFO - Processing file /home/airflow/.local/lib/python3.12/site-packages/airflow/example_dags/example_complex.py for tasks to queue
[2025-03-15T07:25:59.703+0000] {logging_mixin.py:190} INFO - [2025-03-15T07:25:59.703+0000] {dagbag.py:588} INFO - Filling up the DagBag from /home/airflow/.local/lib/python3.12/site-packages/airflow/example_dags/example_complex.py
[2025-03-15T07:25:59.709+0000] {processor.py:925} INFO - DAG(s) 'example_complex' retrieved from /home/airflow/.local/lib/python3.12/site-packages/airflow/example_dags/example_complex.py
[2025-03-15T07:25:59.723+0000] {logging_mixin.py:190} INFO - [2025-03-15T07:25:59.723+0000] {dag.py:3239} INFO - Sync 1 DAGs
[2025-03-15T07:25:59.730+0000] {logging_mixin.py:190} INFO - [2025-03-15T07:25:59.730+0000] {dag.py:4180} INFO - Setting next_dagrun for example_complex to None, run_after=None
[2025-03-15T07:25:59.741+0000] {processor.py:208} INFO - Processing /home/airflow/.local/lib/python3.12/site-packages/airflow/example_dags/example_complex.py took 0.047 seconds
[2025-03-15T07:26:31.091+0000] {processor.py:186} INFO - Started process (PID=1861) to work on /home/airflow/.local/lib/python3.12/site-packages/airflow/example_dags/example_complex.py
[2025-03-15T07:26:31.092+0000] {processor.py:914} INFO - Processing file /home/airflow/.local/lib/python3.12/site-packages/airflow/example_dags/example_complex.py for tasks to queue
[2025-03-15T07:26:31.093+0000] {logging_mixin.py:190} INFO - [2025-03-15T07:26:31.093+0000] {dagbag.py:588} INFO - Filling up the DagBag from /home/airflow/.local/lib/python3.12/site-packages/airflow/example_dags/example_complex.py
[2025-03-15T07:26:31.099+0000] {processor.py:925} INFO - DAG(s) 'example_complex' retrieved from /home/airflow/.local/lib/python3.12/site-packages/airflow/example_dags/example_complex.py
[2025-03-15T07:26:31.116+0000] {logging_mixin.py:190} INFO - [2025-03-15T07:26:31.116+0000] {dag.py:3239} INFO - Sync 1 DAGs
[2025-03-15T07:26:31.123+0000] {logging_mixin.py:190} INFO - [2025-03-15T07:26:31.122+0000] {dag.py:4180} INFO - Setting next_dagrun for example_complex to None, run_after=None
[2025-03-15T07:26:31.135+0000] {processor.py:208} INFO - Processing /home/airflow/.local/lib/python3.12/site-packages/airflow/example_dags/example_complex.py took 0.048 seconds
[2025-03-15T07:27:01.661+0000] {processor.py:186} INFO - Started process (PID=1925) to work on /home/airflow/.local/lib/python3.12/site-packages/airflow/example_dags/example_complex.py
[2025-03-15T07:27:01.663+0000] {processor.py:914} INFO - Processing file /home/airflow/.local/lib/python3.12/site-packages/airflow/example_dags/example_complex.py for tasks to queue
[2025-03-15T07:27:01.665+0000] {logging_mixin.py:190} INFO - [2025-03-15T07:27:01.665+0000] {dagbag.py:588} INFO - Filling up the DagBag from /home/airflow/.local/lib/python3.12/site-packages/airflow/example_dags/example_complex.py
[2025-03-15T07:27:01.676+0000] {processor.py:925} INFO - DAG(s) 'example_complex' retrieved from /home/airflow/.local/lib/python3.12/site-packages/airflow/example_dags/example_complex.py
[2025-03-15T07:27:01.700+0000] {logging_mixin.py:190} INFO - [2025-03-15T07:27:01.700+0000] {dag.py:3239} INFO - Sync 1 DAGs
[2025-03-15T07:27:01.711+0000] {logging_mixin.py:190} INFO - [2025-03-15T07:27:01.711+0000] {dag.py:4180} INFO - Setting next_dagrun for example_complex to None, run_after=None
[2025-03-15T07:27:01.721+0000] {processor.py:208} INFO - Processing /home/airflow/.local/lib/python3.12/site-packages/airflow/example_dags/example_complex.py took 0.062 seconds
[2025-03-15T07:27:32.788+0000] {processor.py:186} INFO - Started process (PID=1995) to work on /home/airflow/.local/lib/python3.12/site-packages/airflow/example_dags/example_complex.py
[2025-03-15T07:27:32.789+0000] {processor.py:914} INFO - Processing file /home/airflow/.local/lib/python3.12/site-packages/airflow/example_dags/example_complex.py for tasks to queue
[2025-03-15T07:27:32.790+0000] {logging_mixin.py:190} INFO - [2025-03-15T07:27:32.790+0000] {dagbag.py:588} INFO - Filling up the DagBag from /home/airflow/.local/lib/python3.12/site-packages/airflow/example_dags/example_complex.py
[2025-03-15T07:27:32.796+0000] {processor.py:925} INFO - DAG(s) 'example_complex' retrieved from /home/airflow/.local/lib/python3.12/site-packages/airflow/example_dags/example_complex.py
[2025-03-15T07:27:32.816+0000] {logging_mixin.py:190} INFO - [2025-03-15T07:27:32.816+0000] {dag.py:3239} INFO - Sync 1 DAGs
[2025-03-15T07:27:32.826+0000] {logging_mixin.py:190} INFO - [2025-03-15T07:27:32.826+0000] {dag.py:4180} INFO - Setting next_dagrun for example_complex to None, run_after=None
[2025-03-15T07:27:32.843+0000] {processor.py:208} INFO - Processing /home/airflow/.local/lib/python3.12/site-packages/airflow/example_dags/example_complex.py took 0.059 seconds
[2025-03-15T07:28:03.566+0000] {processor.py:186} INFO - Started process (PID=2059) to work on /home/airflow/.local/lib/python3.12/site-packages/airflow/example_dags/example_complex.py
[2025-03-15T07:28:03.569+0000] {processor.py:914} INFO - Processing file /home/airflow/.local/lib/python3.12/site-packages/airflow/example_dags/example_complex.py for tasks to queue
[2025-03-15T07:28:03.571+0000] {logging_mixin.py:190} INFO - [2025-03-15T07:28:03.571+0000] {dagbag.py:588} INFO - Filling up the DagBag from /home/airflow/.local/lib/python3.12/site-packages/airflow/example_dags/example_complex.py
[2025-03-15T07:28:03.578+0000] {processor.py:925} INFO - DAG(s) 'example_complex' retrieved from /home/airflow/.local/lib/python3.12/site-packages/airflow/example_dags/example_complex.py
[2025-03-15T07:28:03.602+0000] {logging_mixin.py:190} INFO - [2025-03-15T07:28:03.602+0000] {dag.py:3239} INFO - Sync 1 DAGs
[2025-03-15T07:28:03.609+0000] {logging_mixin.py:190} INFO - [2025-03-15T07:28:03.609+0000] {dag.py:4180} INFO - Setting next_dagrun for example_complex to None, run_after=None
[2025-03-15T07:28:03.620+0000] {processor.py:208} INFO - Processing /home/airflow/.local/lib/python3.12/site-packages/airflow/example_dags/example_complex.py took 0.057 seconds
[2025-03-15T07:28:34.646+0000] {processor.py:186} INFO - Started process (PID=2123) to work on /home/airflow/.local/lib/python3.12/site-packages/airflow/example_dags/example_complex.py
[2025-03-15T07:28:34.648+0000] {processor.py:914} INFO - Processing file /home/airflow/.local/lib/python3.12/site-packages/airflow/example_dags/example_complex.py for tasks to queue
[2025-03-15T07:28:34.650+0000] {logging_mixin.py:190} INFO - [2025-03-15T07:28:34.650+0000] {dagbag.py:588} INFO - Filling up the DagBag from /home/airflow/.local/lib/python3.12/site-packages/airflow/example_dags/example_complex.py
[2025-03-15T07:28:34.656+0000] {processor.py:925} INFO - DAG(s) 'example_complex' retrieved from /home/airflow/.local/lib/python3.12/site-packages/airflow/example_dags/example_complex.py
[2025-03-15T07:28:34.676+0000] {logging_mixin.py:190} INFO - [2025-03-15T07:28:34.675+0000] {dag.py:3239} INFO - Sync 1 DAGs
[2025-03-15T07:28:34.683+0000] {logging_mixin.py:190} INFO - [2025-03-15T07:28:34.683+0000] {dag.py:4180} INFO - Setting next_dagrun for example_complex to None, run_after=None
[2025-03-15T07:28:34.703+0000] {processor.py:208} INFO - Processing /home/airflow/.local/lib/python3.12/site-packages/airflow/example_dags/example_complex.py took 0.060 seconds
[2025-03-15T07:29:05.176+0000] {processor.py:186} INFO - Started process (PID=2187) to work on /home/airflow/.local/lib/python3.12/site-packages/airflow/example_dags/example_complex.py
[2025-03-15T07:29:05.179+0000] {processor.py:914} INFO - Processing file /home/airflow/.local/lib/python3.12/site-packages/airflow/example_dags/example_complex.py for tasks to queue
[2025-03-15T07:29:05.181+0000] {logging_mixin.py:190} INFO - [2025-03-15T07:29:05.181+0000] {dagbag.py:588} INFO - Filling up the DagBag from /home/airflow/.local/lib/python3.12/site-packages/airflow/example_dags/example_complex.py
[2025-03-15T07:29:05.191+0000] {processor.py:925} INFO - DAG(s) 'example_complex' retrieved from /home/airflow/.local/lib/python3.12/site-packages/airflow/example_dags/example_complex.py
[2025-03-15T07:29:05.210+0000] {logging_mixin.py:190} INFO - [2025-03-15T07:29:05.209+0000] {dag.py:3239} INFO - Sync 1 DAGs
[2025-03-15T07:29:05.217+0000] {logging_mixin.py:190} INFO - [2025-03-15T07:29:05.217+0000] {dag.py:4180} INFO - Setting next_dagrun for example_complex to None, run_after=None
[2025-03-15T07:29:05.226+0000] {processor.py:208} INFO - Processing /home/airflow/.local/lib/python3.12/site-packages/airflow/example_dags/example_complex.py took 0.054 seconds
[2025-03-15T07:29:36.262+0000] {processor.py:186} INFO - Started process (PID=2251) to work on /home/airflow/.local/lib/python3.12/site-packages/airflow/example_dags/example_complex.py
[2025-03-15T07:29:36.263+0000] {processor.py:914} INFO - Processing file /home/airflow/.local/lib/python3.12/site-packages/airflow/example_dags/example_complex.py for tasks to queue
[2025-03-15T07:29:36.264+0000] {logging_mixin.py:190} INFO - [2025-03-15T07:29:36.264+0000] {dagbag.py:588} INFO - Filling up the DagBag from /home/airflow/.local/lib/python3.12/site-packages/airflow/example_dags/example_complex.py
[2025-03-15T07:29:36.272+0000] {processor.py:925} INFO - DAG(s) 'example_complex' retrieved from /home/airflow/.local/lib/python3.12/site-packages/airflow/example_dags/example_complex.py
[2025-03-15T07:29:36.294+0000] {logging_mixin.py:190} INFO - [2025-03-15T07:29:36.294+0000] {dag.py:3239} INFO - Sync 1 DAGs
[2025-03-15T07:29:36.302+0000] {logging_mixin.py:190} INFO - [2025-03-15T07:29:36.301+0000] {dag.py:4180} INFO - Setting next_dagrun for example_complex to None, run_after=None
[2025-03-15T07:29:36.316+0000] {processor.py:208} INFO - Processing /home/airflow/.local/lib/python3.12/site-packages/airflow/example_dags/example_complex.py took 0.057 seconds
[2025-03-15T07:30:06.735+0000] {processor.py:186} INFO - Started process (PID=2315) to work on /home/airflow/.local/lib/python3.12/site-packages/airflow/example_dags/example_complex.py
[2025-03-15T07:30:06.737+0000] {processor.py:914} INFO - Processing file /home/airflow/.local/lib/python3.12/site-packages/airflow/example_dags/example_complex.py for tasks to queue
[2025-03-15T07:30:06.739+0000] {logging_mixin.py:190} INFO - [2025-03-15T07:30:06.739+0000] {dagbag.py:588} INFO - Filling up the DagBag from /home/airflow/.local/lib/python3.12/site-packages/airflow/example_dags/example_complex.py
[2025-03-15T07:30:06.745+0000] {processor.py:925} INFO - DAG(s) 'example_complex' retrieved from /home/airflow/.local/lib/python3.12/site-packages/airflow/example_dags/example_complex.py
[2025-03-15T07:30:06.768+0000] {logging_mixin.py:190} INFO - [2025-03-15T07:30:06.768+0000] {dag.py:3239} INFO - Sync 1 DAGs
[2025-03-15T07:30:06.774+0000] {logging_mixin.py:190} INFO - [2025-03-15T07:30:06.774+0000] {dag.py:4180} INFO - Setting next_dagrun for example_complex to None, run_after=None
[2025-03-15T07:30:06.790+0000] {processor.py:208} INFO - Processing /home/airflow/.local/lib/python3.12/site-packages/airflow/example_dags/example_complex.py took 0.058 seconds
[2025-03-15T07:30:38.024+0000] {processor.py:186} INFO - Started process (PID=2379) to work on /home/airflow/.local/lib/python3.12/site-packages/airflow/example_dags/example_complex.py
[2025-03-15T07:30:38.025+0000] {processor.py:914} INFO - Processing file /home/airflow/.local/lib/python3.12/site-packages/airflow/example_dags/example_complex.py for tasks to queue
[2025-03-15T07:30:38.026+0000] {logging_mixin.py:190} INFO - [2025-03-15T07:30:38.026+0000] {dagbag.py:588} INFO - Filling up the DagBag from /home/airflow/.local/lib/python3.12/site-packages/airflow/example_dags/example_complex.py
[2025-03-15T07:30:38.035+0000] {processor.py:925} INFO - DAG(s) 'example_complex' retrieved from /home/airflow/.local/lib/python3.12/site-packages/airflow/example_dags/example_complex.py
[2025-03-15T07:30:38.055+0000] {logging_mixin.py:190} INFO - [2025-03-15T07:30:38.054+0000] {dag.py:3239} INFO - Sync 1 DAGs
[2025-03-15T07:30:38.064+0000] {logging_mixin.py:190} INFO - [2025-03-15T07:30:38.064+0000] {dag.py:4180} INFO - Setting next_dagrun for example_complex to None, run_after=None
[2025-03-15T07:30:38.075+0000] {processor.py:208} INFO - Processing /home/airflow/.local/lib/python3.12/site-packages/airflow/example_dags/example_complex.py took 0.054 seconds
[2025-03-15T07:31:09.414+0000] {processor.py:186} INFO - Started process (PID=2443) to work on /home/airflow/.local/lib/python3.12/site-packages/airflow/example_dags/example_complex.py
[2025-03-15T07:31:09.414+0000] {processor.py:914} INFO - Processing file /home/airflow/.local/lib/python3.12/site-packages/airflow/example_dags/example_complex.py for tasks to queue
[2025-03-15T07:31:09.415+0000] {logging_mixin.py:190} INFO - [2025-03-15T07:31:09.415+0000] {dagbag.py:588} INFO - Filling up the DagBag from /home/airflow/.local/lib/python3.12/site-packages/airflow/example_dags/example_complex.py
[2025-03-15T07:31:09.421+0000] {processor.py:925} INFO - DAG(s) 'example_complex' retrieved from /home/airflow/.local/lib/python3.12/site-packages/airflow/example_dags/example_complex.py
[2025-03-15T07:31:09.439+0000] {logging_mixin.py:190} INFO - [2025-03-15T07:31:09.439+0000] {dag.py:3239} INFO - Sync 1 DAGs
[2025-03-15T07:31:09.451+0000] {logging_mixin.py:190} INFO - [2025-03-15T07:31:09.451+0000] {dag.py:4180} INFO - Setting next_dagrun for example_complex to None, run_after=None
[2025-03-15T07:31:09.465+0000] {processor.py:208} INFO - Processing /home/airflow/.local/lib/python3.12/site-packages/airflow/example_dags/example_complex.py took 0.055 seconds
[2025-03-15T07:31:41.419+0000] {processor.py:186} INFO - Started process (PID=2507) to work on /home/airflow/.local/lib/python3.12/site-packages/airflow/example_dags/example_complex.py
[2025-03-15T07:31:41.419+0000] {processor.py:914} INFO - Processing file /home/airflow/.local/lib/python3.12/site-packages/airflow/example_dags/example_complex.py for tasks to queue
[2025-03-15T07:31:41.421+0000] {logging_mixin.py:190} INFO - [2025-03-15T07:31:41.421+0000] {dagbag.py:588} INFO - Filling up the DagBag from /home/airflow/.local/lib/python3.12/site-packages/airflow/example_dags/example_complex.py
[2025-03-15T07:31:41.427+0000] {processor.py:925} INFO - DAG(s) 'example_complex' retrieved from /home/airflow/.local/lib/python3.12/site-packages/airflow/example_dags/example_complex.py
[2025-03-15T07:31:41.444+0000] {logging_mixin.py:190} INFO - [2025-03-15T07:31:41.444+0000] {dag.py:3239} INFO - Sync 1 DAGs
[2025-03-15T07:31:41.451+0000] {logging_mixin.py:190} INFO - [2025-03-15T07:31:41.451+0000] {dag.py:4180} INFO - Setting next_dagrun for example_complex to None, run_after=None
[2025-03-15T07:31:41.460+0000] {processor.py:208} INFO - Processing /home/airflow/.local/lib/python3.12/site-packages/airflow/example_dags/example_complex.py took 0.045 seconds
[2025-03-15T07:32:12.174+0000] {processor.py:186} INFO - Started process (PID=2571) to work on /home/airflow/.local/lib/python3.12/site-packages/airflow/example_dags/example_complex.py
[2025-03-15T07:32:12.174+0000] {processor.py:914} INFO - Processing file /home/airflow/.local/lib/python3.12/site-packages/airflow/example_dags/example_complex.py for tasks to queue
[2025-03-15T07:32:12.175+0000] {logging_mixin.py:190} INFO - [2025-03-15T07:32:12.175+0000] {dagbag.py:588} INFO - Filling up the DagBag from /home/airflow/.local/lib/python3.12/site-packages/airflow/example_dags/example_complex.py
[2025-03-15T07:32:12.185+0000] {processor.py:925} INFO - DAG(s) 'example_complex' retrieved from /home/airflow/.local/lib/python3.12/site-packages/airflow/example_dags/example_complex.py
[2025-03-15T07:32:12.231+0000] {logging_mixin.py:190} INFO - [2025-03-15T07:32:12.230+0000] {dag.py:3239} INFO - Sync 1 DAGs
[2025-03-15T07:32:12.239+0000] {logging_mixin.py:190} INFO - [2025-03-15T07:32:12.239+0000] {dag.py:4180} INFO - Setting next_dagrun for example_complex to None, run_after=None
[2025-03-15T07:32:12.251+0000] {processor.py:208} INFO - Processing /home/airflow/.local/lib/python3.12/site-packages/airflow/example_dags/example_complex.py took 0.080 seconds
