[2025-03-15T07:11:57.735+0000] {processor.py:186} INFO - Started process (PID=57) to work on /home/airflow/.local/lib/python3.12/site-packages/airflow/example_dags/example_subdag_operator.py
[2025-03-15T07:11:57.739+0000] {processor.py:914} INFO - Processing file /home/airflow/.local/lib/python3.12/site-packages/airflow/example_dags/example_subdag_operator.py for tasks to queue
[2025-03-15T07:11:57.744+0000] {logging_mixin.py:190} INFO - [2025-03-15T07:11:57.743+0000] {dagbag.py:588} INFO - Filling up the DagBag from /home/airflow/.local/lib/python3.12/site-packages/airflow/example_dags/example_subdag_operator.py
[2025-03-15T07:11:57.770+0000] {processor.py:925} INFO - DAG(s) 'example_subdag_operator.section-1', 'example_subdag_operator.section-2', 'example_subdag_operator' retrieved from /home/airflow/.local/lib/python3.12/site-packages/airflow/example_dags/example_subdag_operator.py
[2025-03-15T07:11:57.787+0000] {logging_mixin.py:190} INFO - [2025-03-15T07:11:57.787+0000] {dag.py:3239} INFO - Sync 3 DAGs
[2025-03-15T07:11:57.804+0000] {logging_mixin.py:190} INFO - [2025-03-15T07:11:57.804+0000] {dag.py:4180} INFO - Setting next_dagrun for example_subdag_operator to 2022-01-01 00:00:00+00:00, run_after=2022-01-01 00:00:00+00:00
[2025-03-15T07:11:57.806+0000] {logging_mixin.py:190} INFO - [2025-03-15T07:11:57.806+0000] {dag.py:4180} INFO - Setting next_dagrun for example_subdag_operator.section-1 to None, run_after=None
[2025-03-15T07:11:57.807+0000] {logging_mixin.py:190} INFO - [2025-03-15T07:11:57.807+0000] {dag.py:4180} INFO - Setting next_dagrun for example_subdag_operator.section-2 to None, run_after=None
[2025-03-15T07:11:57.811+0000] {logging_mixin.py:190} INFO - [2025-03-15T07:11:57.811+0000] {dag.py:3239} INFO - Sync 2 DAGs
[2025-03-15T07:11:57.818+0000] {logging_mixin.py:190} INFO - [2025-03-15T07:11:57.818+0000] {dag.py:4180} INFO - Setting next_dagrun for example_subdag_operator.section-1 to None, run_after=None
[2025-03-15T07:11:57.818+0000] {logging_mixin.py:190} INFO - [2025-03-15T07:11:57.818+0000] {dag.py:4180} INFO - Setting next_dagrun for example_subdag_operator.section-2 to None, run_after=None
[2025-03-15T07:11:57.829+0000] {processor.py:208} INFO - Processing /home/airflow/.local/lib/python3.12/site-packages/airflow/example_dags/example_subdag_operator.py took 0.098 seconds
[2025-03-15T07:12:28.151+0000] {processor.py:186} INFO - Started process (PID=120) to work on /home/airflow/.local/lib/python3.12/site-packages/airflow/example_dags/example_subdag_operator.py
[2025-03-15T07:12:28.151+0000] {processor.py:914} INFO - Processing file /home/airflow/.local/lib/python3.12/site-packages/airflow/example_dags/example_subdag_operator.py for tasks to queue
[2025-03-15T07:12:28.153+0000] {logging_mixin.py:190} INFO - [2025-03-15T07:12:28.153+0000] {dagbag.py:588} INFO - Filling up the DagBag from /home/airflow/.local/lib/python3.12/site-packages/airflow/example_dags/example_subdag_operator.py
[2025-03-15T07:12:28.166+0000] {processor.py:925} INFO - DAG(s) 'example_subdag_operator.section-1', 'example_subdag_operator.section-2', 'example_subdag_operator' retrieved from /home/airflow/.local/lib/python3.12/site-packages/airflow/example_dags/example_subdag_operator.py
[2025-03-15T07:12:28.180+0000] {logging_mixin.py:190} INFO - [2025-03-15T07:12:28.180+0000] {dag.py:3239} INFO - Sync 3 DAGs
[2025-03-15T07:12:28.200+0000] {logging_mixin.py:190} INFO - [2025-03-15T07:12:28.199+0000] {dag.py:4180} INFO - Setting next_dagrun for example_subdag_operator to 2022-01-01 00:00:00+00:00, run_after=2022-01-01 00:00:00+00:00
[2025-03-15T07:12:28.202+0000] {logging_mixin.py:190} INFO - [2025-03-15T07:12:28.202+0000] {dag.py:4180} INFO - Setting next_dagrun for example_subdag_operator.section-1 to None, run_after=None
[2025-03-15T07:12:28.203+0000] {logging_mixin.py:190} INFO - [2025-03-15T07:12:28.203+0000] {dag.py:4180} INFO - Setting next_dagrun for example_subdag_operator.section-2 to None, run_after=None
[2025-03-15T07:12:28.207+0000] {logging_mixin.py:190} INFO - [2025-03-15T07:12:28.207+0000] {dag.py:3239} INFO - Sync 2 DAGs
[2025-03-15T07:12:28.212+0000] {logging_mixin.py:190} INFO - [2025-03-15T07:12:28.212+0000] {dag.py:4180} INFO - Setting next_dagrun for example_subdag_operator.section-1 to None, run_after=None
[2025-03-15T07:12:28.213+0000] {logging_mixin.py:190} INFO - [2025-03-15T07:12:28.212+0000] {dag.py:4180} INFO - Setting next_dagrun for example_subdag_operator.section-2 to None, run_after=None
[2025-03-15T07:12:28.218+0000] {processor.py:208} INFO - Processing /home/airflow/.local/lib/python3.12/site-packages/airflow/example_dags/example_subdag_operator.py took 0.071 seconds
[2025-03-15T07:12:58.667+0000] {processor.py:186} INFO - Started process (PID=182) to work on /home/airflow/.local/lib/python3.12/site-packages/airflow/example_dags/example_subdag_operator.py
[2025-03-15T07:12:58.668+0000] {processor.py:914} INFO - Processing file /home/airflow/.local/lib/python3.12/site-packages/airflow/example_dags/example_subdag_operator.py for tasks to queue
[2025-03-15T07:12:58.670+0000] {logging_mixin.py:190} INFO - [2025-03-15T07:12:58.669+0000] {dagbag.py:588} INFO - Filling up the DagBag from /home/airflow/.local/lib/python3.12/site-packages/airflow/example_dags/example_subdag_operator.py
[2025-03-15T07:12:58.684+0000] {processor.py:925} INFO - DAG(s) 'example_subdag_operator.section-1', 'example_subdag_operator.section-2', 'example_subdag_operator' retrieved from /home/airflow/.local/lib/python3.12/site-packages/airflow/example_dags/example_subdag_operator.py
[2025-03-15T07:12:58.693+0000] {logging_mixin.py:190} INFO - [2025-03-15T07:12:58.693+0000] {dag.py:3239} INFO - Sync 3 DAGs
[2025-03-15T07:12:58.708+0000] {logging_mixin.py:190} INFO - [2025-03-15T07:12:58.708+0000] {dag.py:4180} INFO - Setting next_dagrun for example_subdag_operator to 2022-01-01 00:00:00+00:00, run_after=2022-01-01 00:00:00+00:00
[2025-03-15T07:12:58.710+0000] {logging_mixin.py:190} INFO - [2025-03-15T07:12:58.710+0000] {dag.py:4180} INFO - Setting next_dagrun for example_subdag_operator.section-1 to None, run_after=None
[2025-03-15T07:12:58.712+0000] {logging_mixin.py:190} INFO - [2025-03-15T07:12:58.712+0000] {dag.py:4180} INFO - Setting next_dagrun for example_subdag_operator.section-2 to None, run_after=None
[2025-03-15T07:12:58.721+0000] {logging_mixin.py:190} INFO - [2025-03-15T07:12:58.721+0000] {dag.py:3239} INFO - Sync 2 DAGs
[2025-03-15T07:12:58.724+0000] {logging_mixin.py:190} INFO - [2025-03-15T07:12:58.724+0000] {dag.py:4180} INFO - Setting next_dagrun for example_subdag_operator.section-1 to None, run_after=None
[2025-03-15T07:12:58.725+0000] {logging_mixin.py:190} INFO - [2025-03-15T07:12:58.725+0000] {dag.py:4180} INFO - Setting next_dagrun for example_subdag_operator.section-2 to None, run_after=None
[2025-03-15T07:12:58.735+0000] {processor.py:208} INFO - Processing /home/airflow/.local/lib/python3.12/site-packages/airflow/example_dags/example_subdag_operator.py took 0.071 seconds
[2025-03-15T07:13:29.563+0000] {processor.py:186} INFO - Started process (PID=245) to work on /home/airflow/.local/lib/python3.12/site-packages/airflow/example_dags/example_subdag_operator.py
[2025-03-15T07:13:29.564+0000] {processor.py:914} INFO - Processing file /home/airflow/.local/lib/python3.12/site-packages/airflow/example_dags/example_subdag_operator.py for tasks to queue
[2025-03-15T07:13:29.565+0000] {logging_mixin.py:190} INFO - [2025-03-15T07:13:29.565+0000] {dagbag.py:588} INFO - Filling up the DagBag from /home/airflow/.local/lib/python3.12/site-packages/airflow/example_dags/example_subdag_operator.py
[2025-03-15T07:13:29.579+0000] {processor.py:925} INFO - DAG(s) 'example_subdag_operator.section-1', 'example_subdag_operator.section-2', 'example_subdag_operator' retrieved from /home/airflow/.local/lib/python3.12/site-packages/airflow/example_dags/example_subdag_operator.py
[2025-03-15T07:13:29.589+0000] {logging_mixin.py:190} INFO - [2025-03-15T07:13:29.589+0000] {dag.py:3239} INFO - Sync 3 DAGs
[2025-03-15T07:13:29.602+0000] {logging_mixin.py:190} INFO - [2025-03-15T07:13:29.602+0000] {dag.py:4180} INFO - Setting next_dagrun for example_subdag_operator to 2022-01-01 00:00:00+00:00, run_after=2022-01-01 00:00:00+00:00
[2025-03-15T07:13:29.607+0000] {logging_mixin.py:190} INFO - [2025-03-15T07:13:29.607+0000] {dag.py:4180} INFO - Setting next_dagrun for example_subdag_operator.section-1 to None, run_after=None
[2025-03-15T07:13:29.608+0000] {logging_mixin.py:190} INFO - [2025-03-15T07:13:29.608+0000] {dag.py:4180} INFO - Setting next_dagrun for example_subdag_operator.section-2 to None, run_after=None
[2025-03-15T07:13:29.612+0000] {logging_mixin.py:190} INFO - [2025-03-15T07:13:29.611+0000] {dag.py:3239} INFO - Sync 2 DAGs
[2025-03-15T07:13:29.616+0000] {logging_mixin.py:190} INFO - [2025-03-15T07:13:29.616+0000] {dag.py:4180} INFO - Setting next_dagrun for example_subdag_operator.section-1 to None, run_after=None
[2025-03-15T07:13:29.617+0000] {logging_mixin.py:190} INFO - [2025-03-15T07:13:29.617+0000] {dag.py:4180} INFO - Setting next_dagrun for example_subdag_operator.section-2 to None, run_after=None
[2025-03-15T07:13:29.628+0000] {processor.py:208} INFO - Processing /home/airflow/.local/lib/python3.12/site-packages/airflow/example_dags/example_subdag_operator.py took 0.068 seconds
[2025-03-15T07:14:00.226+0000] {processor.py:186} INFO - Started process (PID=308) to work on /home/airflow/.local/lib/python3.12/site-packages/airflow/example_dags/example_subdag_operator.py
[2025-03-15T07:14:00.229+0000] {processor.py:914} INFO - Processing file /home/airflow/.local/lib/python3.12/site-packages/airflow/example_dags/example_subdag_operator.py for tasks to queue
[2025-03-15T07:14:00.231+0000] {logging_mixin.py:190} INFO - [2025-03-15T07:14:00.231+0000] {dagbag.py:588} INFO - Filling up the DagBag from /home/airflow/.local/lib/python3.12/site-packages/airflow/example_dags/example_subdag_operator.py
[2025-03-15T07:14:00.249+0000] {processor.py:925} INFO - DAG(s) 'example_subdag_operator.section-1', 'example_subdag_operator.section-2', 'example_subdag_operator' retrieved from /home/airflow/.local/lib/python3.12/site-packages/airflow/example_dags/example_subdag_operator.py
[2025-03-15T07:14:00.259+0000] {logging_mixin.py:190} INFO - [2025-03-15T07:14:00.259+0000] {dag.py:3239} INFO - Sync 3 DAGs
[2025-03-15T07:14:00.272+0000] {logging_mixin.py:190} INFO - [2025-03-15T07:14:00.272+0000] {dag.py:4180} INFO - Setting next_dagrun for example_subdag_operator to 2022-01-01 00:00:00+00:00, run_after=2022-01-01 00:00:00+00:00
[2025-03-15T07:14:00.275+0000] {logging_mixin.py:190} INFO - [2025-03-15T07:14:00.275+0000] {dag.py:4180} INFO - Setting next_dagrun for example_subdag_operator.section-1 to None, run_after=None
[2025-03-15T07:14:00.277+0000] {logging_mixin.py:190} INFO - [2025-03-15T07:14:00.277+0000] {dag.py:4180} INFO - Setting next_dagrun for example_subdag_operator.section-2 to None, run_after=None
[2025-03-15T07:14:00.282+0000] {logging_mixin.py:190} INFO - [2025-03-15T07:14:00.282+0000] {dag.py:3239} INFO - Sync 2 DAGs
[2025-03-15T07:14:00.286+0000] {logging_mixin.py:190} INFO - [2025-03-15T07:14:00.285+0000] {dag.py:4180} INFO - Setting next_dagrun for example_subdag_operator.section-1 to None, run_after=None
[2025-03-15T07:14:00.286+0000] {logging_mixin.py:190} INFO - [2025-03-15T07:14:00.286+0000] {dag.py:4180} INFO - Setting next_dagrun for example_subdag_operator.section-2 to None, run_after=None
[2025-03-15T07:14:00.293+0000] {processor.py:208} INFO - Processing /home/airflow/.local/lib/python3.12/site-packages/airflow/example_dags/example_subdag_operator.py took 0.070 seconds
[2025-03-15T07:14:31.109+0000] {processor.py:186} INFO - Started process (PID=377) to work on /home/airflow/.local/lib/python3.12/site-packages/airflow/example_dags/example_subdag_operator.py
[2025-03-15T07:14:31.110+0000] {processor.py:914} INFO - Processing file /home/airflow/.local/lib/python3.12/site-packages/airflow/example_dags/example_subdag_operator.py for tasks to queue
[2025-03-15T07:14:31.111+0000] {logging_mixin.py:190} INFO - [2025-03-15T07:14:31.111+0000] {dagbag.py:588} INFO - Filling up the DagBag from /home/airflow/.local/lib/python3.12/site-packages/airflow/example_dags/example_subdag_operator.py
[2025-03-15T07:14:31.128+0000] {processor.py:925} INFO - DAG(s) 'example_subdag_operator.section-1', 'example_subdag_operator.section-2', 'example_subdag_operator' retrieved from /home/airflow/.local/lib/python3.12/site-packages/airflow/example_dags/example_subdag_operator.py
[2025-03-15T07:14:31.138+0000] {logging_mixin.py:190} INFO - [2025-03-15T07:14:31.137+0000] {dag.py:3239} INFO - Sync 3 DAGs
[2025-03-15T07:14:31.149+0000] {logging_mixin.py:190} INFO - [2025-03-15T07:14:31.149+0000] {dag.py:4180} INFO - Setting next_dagrun for example_subdag_operator to 2022-01-01 00:00:00+00:00, run_after=2022-01-01 00:00:00+00:00
[2025-03-15T07:14:31.151+0000] {logging_mixin.py:190} INFO - [2025-03-15T07:14:31.150+0000] {dag.py:4180} INFO - Setting next_dagrun for example_subdag_operator.section-1 to None, run_after=None
[2025-03-15T07:14:31.151+0000] {logging_mixin.py:190} INFO - [2025-03-15T07:14:31.151+0000] {dag.py:4180} INFO - Setting next_dagrun for example_subdag_operator.section-2 to None, run_after=None
[2025-03-15T07:14:31.155+0000] {logging_mixin.py:190} INFO - [2025-03-15T07:14:31.155+0000] {dag.py:3239} INFO - Sync 2 DAGs
[2025-03-15T07:14:31.158+0000] {logging_mixin.py:190} INFO - [2025-03-15T07:14:31.158+0000] {dag.py:4180} INFO - Setting next_dagrun for example_subdag_operator.section-1 to None, run_after=None
[2025-03-15T07:14:31.158+0000] {logging_mixin.py:190} INFO - [2025-03-15T07:14:31.158+0000] {dag.py:4180} INFO - Setting next_dagrun for example_subdag_operator.section-2 to None, run_after=None
[2025-03-15T07:14:31.169+0000] {processor.py:208} INFO - Processing /home/airflow/.local/lib/python3.12/site-packages/airflow/example_dags/example_subdag_operator.py took 0.063 seconds
[2025-03-15T07:15:01.968+0000] {processor.py:186} INFO - Started process (PID=440) to work on /home/airflow/.local/lib/python3.12/site-packages/airflow/example_dags/example_subdag_operator.py
[2025-03-15T07:15:01.968+0000] {processor.py:914} INFO - Processing file /home/airflow/.local/lib/python3.12/site-packages/airflow/example_dags/example_subdag_operator.py for tasks to queue
[2025-03-15T07:15:01.969+0000] {logging_mixin.py:190} INFO - [2025-03-15T07:15:01.969+0000] {dagbag.py:588} INFO - Filling up the DagBag from /home/airflow/.local/lib/python3.12/site-packages/airflow/example_dags/example_subdag_operator.py
[2025-03-15T07:15:01.992+0000] {processor.py:925} INFO - DAG(s) 'example_subdag_operator.section-1', 'example_subdag_operator.section-2', 'example_subdag_operator' retrieved from /home/airflow/.local/lib/python3.12/site-packages/airflow/example_dags/example_subdag_operator.py
[2025-03-15T07:15:02.000+0000] {logging_mixin.py:190} INFO - [2025-03-15T07:15:02.000+0000] {dag.py:3239} INFO - Sync 3 DAGs
[2025-03-15T07:15:02.011+0000] {logging_mixin.py:190} INFO - [2025-03-15T07:15:02.011+0000] {dag.py:4180} INFO - Setting next_dagrun for example_subdag_operator to 2022-01-01 00:00:00+00:00, run_after=2022-01-01 00:00:00+00:00
[2025-03-15T07:15:02.013+0000] {logging_mixin.py:190} INFO - [2025-03-15T07:15:02.013+0000] {dag.py:4180} INFO - Setting next_dagrun for example_subdag_operator.section-1 to None, run_after=None
[2025-03-15T07:15:02.014+0000] {logging_mixin.py:190} INFO - [2025-03-15T07:15:02.014+0000] {dag.py:4180} INFO - Setting next_dagrun for example_subdag_operator.section-2 to None, run_after=None
[2025-03-15T07:15:02.020+0000] {logging_mixin.py:190} INFO - [2025-03-15T07:15:02.020+0000] {dag.py:3239} INFO - Sync 2 DAGs
[2025-03-15T07:15:02.024+0000] {logging_mixin.py:190} INFO - [2025-03-15T07:15:02.024+0000] {dag.py:4180} INFO - Setting next_dagrun for example_subdag_operator.section-1 to None, run_after=None
[2025-03-15T07:15:02.024+0000] {logging_mixin.py:190} INFO - [2025-03-15T07:15:02.024+0000] {dag.py:4180} INFO - Setting next_dagrun for example_subdag_operator.section-2 to None, run_after=None
[2025-03-15T07:15:02.029+0000] {processor.py:208} INFO - Processing /home/airflow/.local/lib/python3.12/site-packages/airflow/example_dags/example_subdag_operator.py took 0.065 seconds
[2025-03-15T07:15:32.850+0000] {processor.py:186} INFO - Started process (PID=503) to work on /home/airflow/.local/lib/python3.12/site-packages/airflow/example_dags/example_subdag_operator.py
[2025-03-15T07:15:32.851+0000] {processor.py:914} INFO - Processing file /home/airflow/.local/lib/python3.12/site-packages/airflow/example_dags/example_subdag_operator.py for tasks to queue
[2025-03-15T07:15:32.852+0000] {logging_mixin.py:190} INFO - [2025-03-15T07:15:32.852+0000] {dagbag.py:588} INFO - Filling up the DagBag from /home/airflow/.local/lib/python3.12/site-packages/airflow/example_dags/example_subdag_operator.py
[2025-03-15T07:15:32.869+0000] {processor.py:925} INFO - DAG(s) 'example_subdag_operator.section-1', 'example_subdag_operator.section-2', 'example_subdag_operator' retrieved from /home/airflow/.local/lib/python3.12/site-packages/airflow/example_dags/example_subdag_operator.py
[2025-03-15T07:15:32.879+0000] {logging_mixin.py:190} INFO - [2025-03-15T07:15:32.879+0000] {dag.py:3239} INFO - Sync 3 DAGs
[2025-03-15T07:15:32.890+0000] {logging_mixin.py:190} INFO - [2025-03-15T07:15:32.890+0000] {dag.py:4180} INFO - Setting next_dagrun for example_subdag_operator to 2022-01-01 00:00:00+00:00, run_after=2022-01-01 00:00:00+00:00
[2025-03-15T07:15:32.893+0000] {logging_mixin.py:190} INFO - [2025-03-15T07:15:32.893+0000] {dag.py:4180} INFO - Setting next_dagrun for example_subdag_operator.section-1 to None, run_after=None
[2025-03-15T07:15:32.894+0000] {logging_mixin.py:190} INFO - [2025-03-15T07:15:32.893+0000] {dag.py:4180} INFO - Setting next_dagrun for example_subdag_operator.section-2 to None, run_after=None
[2025-03-15T07:15:32.897+0000] {logging_mixin.py:190} INFO - [2025-03-15T07:15:32.897+0000] {dag.py:3239} INFO - Sync 2 DAGs
[2025-03-15T07:15:32.900+0000] {logging_mixin.py:190} INFO - [2025-03-15T07:15:32.900+0000] {dag.py:4180} INFO - Setting next_dagrun for example_subdag_operator.section-1 to None, run_after=None
[2025-03-15T07:15:32.900+0000] {logging_mixin.py:190} INFO - [2025-03-15T07:15:32.900+0000] {dag.py:4180} INFO - Setting next_dagrun for example_subdag_operator.section-2 to None, run_after=None
[2025-03-15T07:15:32.904+0000] {processor.py:208} INFO - Processing /home/airflow/.local/lib/python3.12/site-packages/airflow/example_dags/example_subdag_operator.py took 0.058 seconds
[2025-03-15T07:16:03.793+0000] {processor.py:186} INFO - Started process (PID=566) to work on /home/airflow/.local/lib/python3.12/site-packages/airflow/example_dags/example_subdag_operator.py
[2025-03-15T07:16:03.794+0000] {processor.py:914} INFO - Processing file /home/airflow/.local/lib/python3.12/site-packages/airflow/example_dags/example_subdag_operator.py for tasks to queue
[2025-03-15T07:16:03.795+0000] {logging_mixin.py:190} INFO - [2025-03-15T07:16:03.795+0000] {dagbag.py:588} INFO - Filling up the DagBag from /home/airflow/.local/lib/python3.12/site-packages/airflow/example_dags/example_subdag_operator.py
[2025-03-15T07:16:03.810+0000] {processor.py:925} INFO - DAG(s) 'example_subdag_operator.section-1', 'example_subdag_operator.section-2', 'example_subdag_operator' retrieved from /home/airflow/.local/lib/python3.12/site-packages/airflow/example_dags/example_subdag_operator.py
[2025-03-15T07:16:03.817+0000] {logging_mixin.py:190} INFO - [2025-03-15T07:16:03.817+0000] {dag.py:3239} INFO - Sync 3 DAGs
[2025-03-15T07:16:03.827+0000] {logging_mixin.py:190} INFO - [2025-03-15T07:16:03.827+0000] {dag.py:4180} INFO - Setting next_dagrun for example_subdag_operator to 2022-01-01 00:00:00+00:00, run_after=2022-01-01 00:00:00+00:00
[2025-03-15T07:16:03.831+0000] {logging_mixin.py:190} INFO - [2025-03-15T07:16:03.831+0000] {dag.py:4180} INFO - Setting next_dagrun for example_subdag_operator.section-1 to None, run_after=None
[2025-03-15T07:16:03.841+0000] {logging_mixin.py:190} INFO - [2025-03-15T07:16:03.841+0000] {dag.py:4180} INFO - Setting next_dagrun for example_subdag_operator.section-2 to None, run_after=None
[2025-03-15T07:16:03.849+0000] {logging_mixin.py:190} INFO - [2025-03-15T07:16:03.849+0000] {dag.py:3239} INFO - Sync 2 DAGs
[2025-03-15T07:16:03.863+0000] {logging_mixin.py:190} INFO - [2025-03-15T07:16:03.863+0000] {dag.py:4180} INFO - Setting next_dagrun for example_subdag_operator.section-1 to None, run_after=None
[2025-03-15T07:16:03.865+0000] {logging_mixin.py:190} INFO - [2025-03-15T07:16:03.865+0000] {dag.py:4180} INFO - Setting next_dagrun for example_subdag_operator.section-2 to None, run_after=None
[2025-03-15T07:16:03.875+0000] {processor.py:208} INFO - Processing /home/airflow/.local/lib/python3.12/site-packages/airflow/example_dags/example_subdag_operator.py took 0.085 seconds
[2025-03-15T07:16:34.697+0000] {processor.py:186} INFO - Started process (PID=628) to work on /home/airflow/.local/lib/python3.12/site-packages/airflow/example_dags/example_subdag_operator.py
[2025-03-15T07:16:34.698+0000] {processor.py:914} INFO - Processing file /home/airflow/.local/lib/python3.12/site-packages/airflow/example_dags/example_subdag_operator.py for tasks to queue
[2025-03-15T07:16:34.699+0000] {logging_mixin.py:190} INFO - [2025-03-15T07:16:34.699+0000] {dagbag.py:588} INFO - Filling up the DagBag from /home/airflow/.local/lib/python3.12/site-packages/airflow/example_dags/example_subdag_operator.py
[2025-03-15T07:16:34.719+0000] {processor.py:925} INFO - DAG(s) 'example_subdag_operator.section-1', 'example_subdag_operator.section-2', 'example_subdag_operator' retrieved from /home/airflow/.local/lib/python3.12/site-packages/airflow/example_dags/example_subdag_operator.py
[2025-03-15T07:16:34.727+0000] {logging_mixin.py:190} INFO - [2025-03-15T07:16:34.727+0000] {dag.py:3239} INFO - Sync 3 DAGs
[2025-03-15T07:16:34.742+0000] {logging_mixin.py:190} INFO - [2025-03-15T07:16:34.741+0000] {dag.py:4180} INFO - Setting next_dagrun for example_subdag_operator to 2022-01-01 00:00:00+00:00, run_after=2022-01-01 00:00:00+00:00
[2025-03-15T07:16:34.744+0000] {logging_mixin.py:190} INFO - [2025-03-15T07:16:34.743+0000] {dag.py:4180} INFO - Setting next_dagrun for example_subdag_operator.section-1 to None, run_after=None
[2025-03-15T07:16:34.744+0000] {logging_mixin.py:190} INFO - [2025-03-15T07:16:34.744+0000] {dag.py:4180} INFO - Setting next_dagrun for example_subdag_operator.section-2 to None, run_after=None
[2025-03-15T07:16:34.748+0000] {logging_mixin.py:190} INFO - [2025-03-15T07:16:34.748+0000] {dag.py:3239} INFO - Sync 2 DAGs
[2025-03-15T07:16:34.751+0000] {logging_mixin.py:190} INFO - [2025-03-15T07:16:34.751+0000] {dag.py:4180} INFO - Setting next_dagrun for example_subdag_operator.section-1 to None, run_after=None
[2025-03-15T07:16:34.751+0000] {logging_mixin.py:190} INFO - [2025-03-15T07:16:34.751+0000] {dag.py:4180} INFO - Setting next_dagrun for example_subdag_operator.section-2 to None, run_after=None
[2025-03-15T07:16:34.757+0000] {processor.py:208} INFO - Processing /home/airflow/.local/lib/python3.12/site-packages/airflow/example_dags/example_subdag_operator.py took 0.063 seconds
[2025-03-15T07:17:05.745+0000] {processor.py:186} INFO - Started process (PID=691) to work on /home/airflow/.local/lib/python3.12/site-packages/airflow/example_dags/example_subdag_operator.py
[2025-03-15T07:17:05.746+0000] {processor.py:914} INFO - Processing file /home/airflow/.local/lib/python3.12/site-packages/airflow/example_dags/example_subdag_operator.py for tasks to queue
[2025-03-15T07:17:05.747+0000] {logging_mixin.py:190} INFO - [2025-03-15T07:17:05.747+0000] {dagbag.py:588} INFO - Filling up the DagBag from /home/airflow/.local/lib/python3.12/site-packages/airflow/example_dags/example_subdag_operator.py
[2025-03-15T07:17:05.762+0000] {processor.py:925} INFO - DAG(s) 'example_subdag_operator.section-1', 'example_subdag_operator.section-2', 'example_subdag_operator' retrieved from /home/airflow/.local/lib/python3.12/site-packages/airflow/example_dags/example_subdag_operator.py
[2025-03-15T07:17:05.769+0000] {logging_mixin.py:190} INFO - [2025-03-15T07:17:05.769+0000] {dag.py:3239} INFO - Sync 3 DAGs
[2025-03-15T07:17:05.784+0000] {logging_mixin.py:190} INFO - [2025-03-15T07:17:05.783+0000] {dag.py:4180} INFO - Setting next_dagrun for example_subdag_operator to 2022-01-01 00:00:00+00:00, run_after=2022-01-01 00:00:00+00:00
[2025-03-15T07:17:05.788+0000] {logging_mixin.py:190} INFO - [2025-03-15T07:17:05.788+0000] {dag.py:4180} INFO - Setting next_dagrun for example_subdag_operator.section-1 to None, run_after=None
[2025-03-15T07:17:05.789+0000] {logging_mixin.py:190} INFO - [2025-03-15T07:17:05.789+0000] {dag.py:4180} INFO - Setting next_dagrun for example_subdag_operator.section-2 to None, run_after=None
[2025-03-15T07:17:05.793+0000] {logging_mixin.py:190} INFO - [2025-03-15T07:17:05.793+0000] {dag.py:3239} INFO - Sync 2 DAGs
[2025-03-15T07:17:05.796+0000] {logging_mixin.py:190} INFO - [2025-03-15T07:17:05.796+0000] {dag.py:4180} INFO - Setting next_dagrun for example_subdag_operator.section-1 to None, run_after=None
[2025-03-15T07:17:05.797+0000] {logging_mixin.py:190} INFO - [2025-03-15T07:17:05.796+0000] {dag.py:4180} INFO - Setting next_dagrun for example_subdag_operator.section-2 to None, run_after=None
[2025-03-15T07:17:05.804+0000] {processor.py:208} INFO - Processing /home/airflow/.local/lib/python3.12/site-packages/airflow/example_dags/example_subdag_operator.py took 0.062 seconds
[2025-03-15T07:17:35.857+0000] {processor.py:186} INFO - Started process (PID=755) to work on /home/airflow/.local/lib/python3.12/site-packages/airflow/example_dags/example_subdag_operator.py
[2025-03-15T07:17:35.858+0000] {processor.py:914} INFO - Processing file /home/airflow/.local/lib/python3.12/site-packages/airflow/example_dags/example_subdag_operator.py for tasks to queue
[2025-03-15T07:17:35.859+0000] {logging_mixin.py:190} INFO - [2025-03-15T07:17:35.859+0000] {dagbag.py:588} INFO - Filling up the DagBag from /home/airflow/.local/lib/python3.12/site-packages/airflow/example_dags/example_subdag_operator.py
[2025-03-15T07:17:35.878+0000] {processor.py:925} INFO - DAG(s) 'example_subdag_operator.section-1', 'example_subdag_operator.section-2', 'example_subdag_operator' retrieved from /home/airflow/.local/lib/python3.12/site-packages/airflow/example_dags/example_subdag_operator.py
[2025-03-15T07:17:35.887+0000] {logging_mixin.py:190} INFO - [2025-03-15T07:17:35.886+0000] {dag.py:3239} INFO - Sync 3 DAGs
[2025-03-15T07:17:35.903+0000] {logging_mixin.py:190} INFO - [2025-03-15T07:17:35.903+0000] {dag.py:4180} INFO - Setting next_dagrun for example_subdag_operator to 2022-01-01 00:00:00+00:00, run_after=2022-01-01 00:00:00+00:00
[2025-03-15T07:17:35.907+0000] {logging_mixin.py:190} INFO - [2025-03-15T07:17:35.907+0000] {dag.py:4180} INFO - Setting next_dagrun for example_subdag_operator.section-1 to None, run_after=None
[2025-03-15T07:17:35.909+0000] {logging_mixin.py:190} INFO - [2025-03-15T07:17:35.909+0000] {dag.py:4180} INFO - Setting next_dagrun for example_subdag_operator.section-2 to None, run_after=None
[2025-03-15T07:17:35.916+0000] {logging_mixin.py:190} INFO - [2025-03-15T07:17:35.916+0000] {dag.py:3239} INFO - Sync 2 DAGs
[2025-03-15T07:17:35.920+0000] {logging_mixin.py:190} INFO - [2025-03-15T07:17:35.920+0000] {dag.py:4180} INFO - Setting next_dagrun for example_subdag_operator.section-1 to None, run_after=None
[2025-03-15T07:17:35.921+0000] {logging_mixin.py:190} INFO - [2025-03-15T07:17:35.921+0000] {dag.py:4180} INFO - Setting next_dagrun for example_subdag_operator.section-2 to None, run_after=None
[2025-03-15T07:17:35.928+0000] {processor.py:208} INFO - Processing /home/airflow/.local/lib/python3.12/site-packages/airflow/example_dags/example_subdag_operator.py took 0.074 seconds
[2025-03-15T07:18:06.213+0000] {processor.py:186} INFO - Started process (PID=817) to work on /home/airflow/.local/lib/python3.12/site-packages/airflow/example_dags/example_subdag_operator.py
[2025-03-15T07:18:06.214+0000] {processor.py:914} INFO - Processing file /home/airflow/.local/lib/python3.12/site-packages/airflow/example_dags/example_subdag_operator.py for tasks to queue
[2025-03-15T07:18:06.216+0000] {logging_mixin.py:190} INFO - [2025-03-15T07:18:06.215+0000] {dagbag.py:588} INFO - Filling up the DagBag from /home/airflow/.local/lib/python3.12/site-packages/airflow/example_dags/example_subdag_operator.py
[2025-03-15T07:18:06.238+0000] {processor.py:925} INFO - DAG(s) 'example_subdag_operator.section-1', 'example_subdag_operator.section-2', 'example_subdag_operator' retrieved from /home/airflow/.local/lib/python3.12/site-packages/airflow/example_dags/example_subdag_operator.py
[2025-03-15T07:18:06.245+0000] {logging_mixin.py:190} INFO - [2025-03-15T07:18:06.245+0000] {dag.py:3239} INFO - Sync 3 DAGs
[2025-03-15T07:18:06.262+0000] {logging_mixin.py:190} INFO - [2025-03-15T07:18:06.262+0000] {dag.py:4180} INFO - Setting next_dagrun for example_subdag_operator to 2022-01-01 00:00:00+00:00, run_after=2022-01-01 00:00:00+00:00
[2025-03-15T07:18:06.264+0000] {logging_mixin.py:190} INFO - [2025-03-15T07:18:06.264+0000] {dag.py:4180} INFO - Setting next_dagrun for example_subdag_operator.section-1 to None, run_after=None
[2025-03-15T07:18:06.265+0000] {logging_mixin.py:190} INFO - [2025-03-15T07:18:06.265+0000] {dag.py:4180} INFO - Setting next_dagrun for example_subdag_operator.section-2 to None, run_after=None
[2025-03-15T07:18:06.270+0000] {logging_mixin.py:190} INFO - [2025-03-15T07:18:06.270+0000] {dag.py:3239} INFO - Sync 2 DAGs
[2025-03-15T07:18:06.274+0000] {logging_mixin.py:190} INFO - [2025-03-15T07:18:06.274+0000] {dag.py:4180} INFO - Setting next_dagrun for example_subdag_operator.section-1 to None, run_after=None
[2025-03-15T07:18:06.274+0000] {logging_mixin.py:190} INFO - [2025-03-15T07:18:06.274+0000] {dag.py:4180} INFO - Setting next_dagrun for example_subdag_operator.section-2 to None, run_after=None
[2025-03-15T07:18:06.286+0000] {processor.py:208} INFO - Processing /home/airflow/.local/lib/python3.12/site-packages/airflow/example_dags/example_subdag_operator.py took 0.077 seconds
[2025-03-15T07:18:36.349+0000] {processor.py:186} INFO - Started process (PID=880) to work on /home/airflow/.local/lib/python3.12/site-packages/airflow/example_dags/example_subdag_operator.py
[2025-03-15T07:18:36.350+0000] {processor.py:914} INFO - Processing file /home/airflow/.local/lib/python3.12/site-packages/airflow/example_dags/example_subdag_operator.py for tasks to queue
[2025-03-15T07:18:36.351+0000] {logging_mixin.py:190} INFO - [2025-03-15T07:18:36.351+0000] {dagbag.py:588} INFO - Filling up the DagBag from /home/airflow/.local/lib/python3.12/site-packages/airflow/example_dags/example_subdag_operator.py
[2025-03-15T07:18:36.363+0000] {processor.py:925} INFO - DAG(s) 'example_subdag_operator.section-1', 'example_subdag_operator.section-2', 'example_subdag_operator' retrieved from /home/airflow/.local/lib/python3.12/site-packages/airflow/example_dags/example_subdag_operator.py
[2025-03-15T07:18:36.369+0000] {logging_mixin.py:190} INFO - [2025-03-15T07:18:36.369+0000] {dag.py:3239} INFO - Sync 3 DAGs
[2025-03-15T07:18:36.380+0000] {logging_mixin.py:190} INFO - [2025-03-15T07:18:36.380+0000] {dag.py:4180} INFO - Setting next_dagrun for example_subdag_operator to 2022-01-01 00:00:00+00:00, run_after=2022-01-01 00:00:00+00:00
[2025-03-15T07:18:36.382+0000] {logging_mixin.py:190} INFO - [2025-03-15T07:18:36.382+0000] {dag.py:4180} INFO - Setting next_dagrun for example_subdag_operator.section-1 to None, run_after=None
[2025-03-15T07:18:36.383+0000] {logging_mixin.py:190} INFO - [2025-03-15T07:18:36.383+0000] {dag.py:4180} INFO - Setting next_dagrun for example_subdag_operator.section-2 to None, run_after=None
[2025-03-15T07:18:36.386+0000] {logging_mixin.py:190} INFO - [2025-03-15T07:18:36.386+0000] {dag.py:3239} INFO - Sync 2 DAGs
[2025-03-15T07:18:36.388+0000] {logging_mixin.py:190} INFO - [2025-03-15T07:18:36.388+0000] {dag.py:4180} INFO - Setting next_dagrun for example_subdag_operator.section-1 to None, run_after=None
[2025-03-15T07:18:36.389+0000] {logging_mixin.py:190} INFO - [2025-03-15T07:18:36.389+0000] {dag.py:4180} INFO - Setting next_dagrun for example_subdag_operator.section-2 to None, run_after=None
[2025-03-15T07:18:36.393+0000] {processor.py:208} INFO - Processing /home/airflow/.local/lib/python3.12/site-packages/airflow/example_dags/example_subdag_operator.py took 0.047 seconds
[2025-03-15T07:19:06.652+0000] {processor.py:186} INFO - Started process (PID=951) to work on /home/airflow/.local/lib/python3.12/site-packages/airflow/example_dags/example_subdag_operator.py
[2025-03-15T07:19:06.653+0000] {processor.py:914} INFO - Processing file /home/airflow/.local/lib/python3.12/site-packages/airflow/example_dags/example_subdag_operator.py for tasks to queue
[2025-03-15T07:19:06.655+0000] {logging_mixin.py:190} INFO - [2025-03-15T07:19:06.655+0000] {dagbag.py:588} INFO - Filling up the DagBag from /home/airflow/.local/lib/python3.12/site-packages/airflow/example_dags/example_subdag_operator.py
[2025-03-15T07:19:06.675+0000] {processor.py:925} INFO - DAG(s) 'example_subdag_operator.section-1', 'example_subdag_operator.section-2', 'example_subdag_operator' retrieved from /home/airflow/.local/lib/python3.12/site-packages/airflow/example_dags/example_subdag_operator.py
[2025-03-15T07:19:06.686+0000] {logging_mixin.py:190} INFO - [2025-03-15T07:19:06.686+0000] {dag.py:3239} INFO - Sync 3 DAGs
[2025-03-15T07:19:06.699+0000] {logging_mixin.py:190} INFO - [2025-03-15T07:19:06.699+0000] {dag.py:4180} INFO - Setting next_dagrun for example_subdag_operator to 2022-01-01 00:00:00+00:00, run_after=2022-01-01 00:00:00+00:00
[2025-03-15T07:19:06.701+0000] {logging_mixin.py:190} INFO - [2025-03-15T07:19:06.701+0000] {dag.py:4180} INFO - Setting next_dagrun for example_subdag_operator.section-1 to None, run_after=None
[2025-03-15T07:19:06.702+0000] {logging_mixin.py:190} INFO - [2025-03-15T07:19:06.702+0000] {dag.py:4180} INFO - Setting next_dagrun for example_subdag_operator.section-2 to None, run_after=None
[2025-03-15T07:19:06.707+0000] {logging_mixin.py:190} INFO - [2025-03-15T07:19:06.707+0000] {dag.py:3239} INFO - Sync 2 DAGs
[2025-03-15T07:19:06.710+0000] {logging_mixin.py:190} INFO - [2025-03-15T07:19:06.710+0000] {dag.py:4180} INFO - Setting next_dagrun for example_subdag_operator.section-1 to None, run_after=None
[2025-03-15T07:19:06.711+0000] {logging_mixin.py:190} INFO - [2025-03-15T07:19:06.710+0000] {dag.py:4180} INFO - Setting next_dagrun for example_subdag_operator.section-2 to None, run_after=None
[2025-03-15T07:19:06.716+0000] {processor.py:208} INFO - Processing /home/airflow/.local/lib/python3.12/site-packages/airflow/example_dags/example_subdag_operator.py took 0.068 seconds
[2025-03-15T07:19:37.627+0000] {processor.py:186} INFO - Started process (PID=1014) to work on /home/airflow/.local/lib/python3.12/site-packages/airflow/example_dags/example_subdag_operator.py
[2025-03-15T07:19:37.629+0000] {processor.py:914} INFO - Processing file /home/airflow/.local/lib/python3.12/site-packages/airflow/example_dags/example_subdag_operator.py for tasks to queue
[2025-03-15T07:19:37.631+0000] {logging_mixin.py:190} INFO - [2025-03-15T07:19:37.631+0000] {dagbag.py:588} INFO - Filling up the DagBag from /home/airflow/.local/lib/python3.12/site-packages/airflow/example_dags/example_subdag_operator.py
[2025-03-15T07:19:37.655+0000] {processor.py:925} INFO - DAG(s) 'example_subdag_operator.section-1', 'example_subdag_operator.section-2', 'example_subdag_operator' retrieved from /home/airflow/.local/lib/python3.12/site-packages/airflow/example_dags/example_subdag_operator.py
[2025-03-15T07:19:37.666+0000] {logging_mixin.py:190} INFO - [2025-03-15T07:19:37.665+0000] {dag.py:3239} INFO - Sync 3 DAGs
[2025-03-15T07:19:37.679+0000] {logging_mixin.py:190} INFO - [2025-03-15T07:19:37.679+0000] {dag.py:4180} INFO - Setting next_dagrun for example_subdag_operator to 2022-01-01 00:00:00+00:00, run_after=2022-01-01 00:00:00+00:00
[2025-03-15T07:19:37.682+0000] {logging_mixin.py:190} INFO - [2025-03-15T07:19:37.682+0000] {dag.py:4180} INFO - Setting next_dagrun for example_subdag_operator.section-1 to None, run_after=None
[2025-03-15T07:19:37.683+0000] {logging_mixin.py:190} INFO - [2025-03-15T07:19:37.683+0000] {dag.py:4180} INFO - Setting next_dagrun for example_subdag_operator.section-2 to None, run_after=None
[2025-03-15T07:19:37.687+0000] {logging_mixin.py:190} INFO - [2025-03-15T07:19:37.687+0000] {dag.py:3239} INFO - Sync 2 DAGs
[2025-03-15T07:19:37.691+0000] {logging_mixin.py:190} INFO - [2025-03-15T07:19:37.691+0000] {dag.py:4180} INFO - Setting next_dagrun for example_subdag_operator.section-1 to None, run_after=None
[2025-03-15T07:19:37.691+0000] {logging_mixin.py:190} INFO - [2025-03-15T07:19:37.691+0000] {dag.py:4180} INFO - Setting next_dagrun for example_subdag_operator.section-2 to None, run_after=None
[2025-03-15T07:19:37.699+0000] {processor.py:208} INFO - Processing /home/airflow/.local/lib/python3.12/site-packages/airflow/example_dags/example_subdag_operator.py took 0.076 seconds
[2025-03-15T07:20:07.834+0000] {processor.py:186} INFO - Started process (PID=1077) to work on /home/airflow/.local/lib/python3.12/site-packages/airflow/example_dags/example_subdag_operator.py
[2025-03-15T07:20:07.835+0000] {processor.py:914} INFO - Processing file /home/airflow/.local/lib/python3.12/site-packages/airflow/example_dags/example_subdag_operator.py for tasks to queue
[2025-03-15T07:20:07.836+0000] {logging_mixin.py:190} INFO - [2025-03-15T07:20:07.836+0000] {dagbag.py:588} INFO - Filling up the DagBag from /home/airflow/.local/lib/python3.12/site-packages/airflow/example_dags/example_subdag_operator.py
[2025-03-15T07:20:07.879+0000] {processor.py:925} INFO - DAG(s) 'example_subdag_operator.section-1', 'example_subdag_operator.section-2', 'example_subdag_operator' retrieved from /home/airflow/.local/lib/python3.12/site-packages/airflow/example_dags/example_subdag_operator.py
[2025-03-15T07:20:07.888+0000] {logging_mixin.py:190} INFO - [2025-03-15T07:20:07.888+0000] {dag.py:3239} INFO - Sync 3 DAGs
[2025-03-15T07:20:07.904+0000] {logging_mixin.py:190} INFO - [2025-03-15T07:20:07.904+0000] {dag.py:4180} INFO - Setting next_dagrun for example_subdag_operator to 2022-01-01 00:00:00+00:00, run_after=2022-01-01 00:00:00+00:00
[2025-03-15T07:20:07.906+0000] {logging_mixin.py:190} INFO - [2025-03-15T07:20:07.906+0000] {dag.py:4180} INFO - Setting next_dagrun for example_subdag_operator.section-1 to None, run_after=None
[2025-03-15T07:20:07.907+0000] {logging_mixin.py:190} INFO - [2025-03-15T07:20:07.907+0000] {dag.py:4180} INFO - Setting next_dagrun for example_subdag_operator.section-2 to None, run_after=None
[2025-03-15T07:20:07.912+0000] {logging_mixin.py:190} INFO - [2025-03-15T07:20:07.912+0000] {dag.py:3239} INFO - Sync 2 DAGs
[2025-03-15T07:20:07.917+0000] {logging_mixin.py:190} INFO - [2025-03-15T07:20:07.917+0000] {dag.py:4180} INFO - Setting next_dagrun for example_subdag_operator.section-1 to None, run_after=None
[2025-03-15T07:20:07.919+0000] {logging_mixin.py:190} INFO - [2025-03-15T07:20:07.919+0000] {dag.py:4180} INFO - Setting next_dagrun for example_subdag_operator.section-2 to None, run_after=None
[2025-03-15T07:20:07.929+0000] {processor.py:208} INFO - Processing /home/airflow/.local/lib/python3.12/site-packages/airflow/example_dags/example_subdag_operator.py took 0.098 seconds
[2025-03-15T07:20:37.957+0000] {processor.py:186} INFO - Started process (PID=1139) to work on /home/airflow/.local/lib/python3.12/site-packages/airflow/example_dags/example_subdag_operator.py
[2025-03-15T07:20:37.958+0000] {processor.py:914} INFO - Processing file /home/airflow/.local/lib/python3.12/site-packages/airflow/example_dags/example_subdag_operator.py for tasks to queue
[2025-03-15T07:20:37.961+0000] {logging_mixin.py:190} INFO - [2025-03-15T07:20:37.960+0000] {dagbag.py:588} INFO - Filling up the DagBag from /home/airflow/.local/lib/python3.12/site-packages/airflow/example_dags/example_subdag_operator.py
[2025-03-15T07:20:37.979+0000] {processor.py:925} INFO - DAG(s) 'example_subdag_operator.section-1', 'example_subdag_operator.section-2', 'example_subdag_operator' retrieved from /home/airflow/.local/lib/python3.12/site-packages/airflow/example_dags/example_subdag_operator.py
[2025-03-15T07:20:37.990+0000] {logging_mixin.py:190} INFO - [2025-03-15T07:20:37.989+0000] {dag.py:3239} INFO - Sync 3 DAGs
[2025-03-15T07:20:38.004+0000] {logging_mixin.py:190} INFO - [2025-03-15T07:20:38.003+0000] {dag.py:4180} INFO - Setting next_dagrun for example_subdag_operator to 2022-01-01 00:00:00+00:00, run_after=2022-01-01 00:00:00+00:00
[2025-03-15T07:20:38.006+0000] {logging_mixin.py:190} INFO - [2025-03-15T07:20:38.006+0000] {dag.py:4180} INFO - Setting next_dagrun for example_subdag_operator.section-1 to None, run_after=None
[2025-03-15T07:20:38.006+0000] {logging_mixin.py:190} INFO - [2025-03-15T07:20:38.006+0000] {dag.py:4180} INFO - Setting next_dagrun for example_subdag_operator.section-2 to None, run_after=None
[2025-03-15T07:20:38.011+0000] {logging_mixin.py:190} INFO - [2025-03-15T07:20:38.011+0000] {dag.py:3239} INFO - Sync 2 DAGs
[2025-03-15T07:20:38.018+0000] {logging_mixin.py:190} INFO - [2025-03-15T07:20:38.018+0000] {dag.py:4180} INFO - Setting next_dagrun for example_subdag_operator.section-1 to None, run_after=None
[2025-03-15T07:20:38.018+0000] {logging_mixin.py:190} INFO - [2025-03-15T07:20:38.018+0000] {dag.py:4180} INFO - Setting next_dagrun for example_subdag_operator.section-2 to None, run_after=None
[2025-03-15T07:20:38.024+0000] {processor.py:208} INFO - Processing /home/airflow/.local/lib/python3.12/site-packages/airflow/example_dags/example_subdag_operator.py took 0.070 seconds
[2025-03-15T07:21:08.533+0000] {processor.py:186} INFO - Started process (PID=1202) to work on /home/airflow/.local/lib/python3.12/site-packages/airflow/example_dags/example_subdag_operator.py
[2025-03-15T07:21:08.534+0000] {processor.py:914} INFO - Processing file /home/airflow/.local/lib/python3.12/site-packages/airflow/example_dags/example_subdag_operator.py for tasks to queue
[2025-03-15T07:21:08.535+0000] {logging_mixin.py:190} INFO - [2025-03-15T07:21:08.535+0000] {dagbag.py:588} INFO - Filling up the DagBag from /home/airflow/.local/lib/python3.12/site-packages/airflow/example_dags/example_subdag_operator.py
[2025-03-15T07:21:08.555+0000] {processor.py:925} INFO - DAG(s) 'example_subdag_operator.section-1', 'example_subdag_operator.section-2', 'example_subdag_operator' retrieved from /home/airflow/.local/lib/python3.12/site-packages/airflow/example_dags/example_subdag_operator.py
[2025-03-15T07:21:08.567+0000] {logging_mixin.py:190} INFO - [2025-03-15T07:21:08.566+0000] {dag.py:3239} INFO - Sync 3 DAGs
[2025-03-15T07:21:08.579+0000] {logging_mixin.py:190} INFO - [2025-03-15T07:21:08.579+0000] {dag.py:4180} INFO - Setting next_dagrun for example_subdag_operator to 2022-01-01 00:00:00+00:00, run_after=2022-01-01 00:00:00+00:00
[2025-03-15T07:21:08.583+0000] {logging_mixin.py:190} INFO - [2025-03-15T07:21:08.582+0000] {dag.py:4180} INFO - Setting next_dagrun for example_subdag_operator.section-1 to None, run_after=None
[2025-03-15T07:21:08.584+0000] {logging_mixin.py:190} INFO - [2025-03-15T07:21:08.584+0000] {dag.py:4180} INFO - Setting next_dagrun for example_subdag_operator.section-2 to None, run_after=None
[2025-03-15T07:21:08.589+0000] {logging_mixin.py:190} INFO - [2025-03-15T07:21:08.589+0000] {dag.py:3239} INFO - Sync 2 DAGs
[2025-03-15T07:21:08.593+0000] {logging_mixin.py:190} INFO - [2025-03-15T07:21:08.593+0000] {dag.py:4180} INFO - Setting next_dagrun for example_subdag_operator.section-1 to None, run_after=None
[2025-03-15T07:21:08.593+0000] {logging_mixin.py:190} INFO - [2025-03-15T07:21:08.593+0000] {dag.py:4180} INFO - Setting next_dagrun for example_subdag_operator.section-2 to None, run_after=None
[2025-03-15T07:21:08.600+0000] {processor.py:208} INFO - Processing /home/airflow/.local/lib/python3.12/site-packages/airflow/example_dags/example_subdag_operator.py took 0.070 seconds
[2025-03-15T07:21:38.752+0000] {processor.py:186} INFO - Started process (PID=1265) to work on /home/airflow/.local/lib/python3.12/site-packages/airflow/example_dags/example_subdag_operator.py
[2025-03-15T07:21:38.753+0000] {processor.py:914} INFO - Processing file /home/airflow/.local/lib/python3.12/site-packages/airflow/example_dags/example_subdag_operator.py for tasks to queue
[2025-03-15T07:21:38.754+0000] {logging_mixin.py:190} INFO - [2025-03-15T07:21:38.754+0000] {dagbag.py:588} INFO - Filling up the DagBag from /home/airflow/.local/lib/python3.12/site-packages/airflow/example_dags/example_subdag_operator.py
[2025-03-15T07:21:38.769+0000] {processor.py:925} INFO - DAG(s) 'example_subdag_operator.section-1', 'example_subdag_operator.section-2', 'example_subdag_operator' retrieved from /home/airflow/.local/lib/python3.12/site-packages/airflow/example_dags/example_subdag_operator.py
[2025-03-15T07:21:38.779+0000] {logging_mixin.py:190} INFO - [2025-03-15T07:21:38.779+0000] {dag.py:3239} INFO - Sync 3 DAGs
[2025-03-15T07:21:38.793+0000] {logging_mixin.py:190} INFO - [2025-03-15T07:21:38.793+0000] {dag.py:4180} INFO - Setting next_dagrun for example_subdag_operator to 2022-01-01 00:00:00+00:00, run_after=2022-01-01 00:00:00+00:00
[2025-03-15T07:21:38.796+0000] {logging_mixin.py:190} INFO - [2025-03-15T07:21:38.795+0000] {dag.py:4180} INFO - Setting next_dagrun for example_subdag_operator.section-1 to None, run_after=None
[2025-03-15T07:21:38.798+0000] {logging_mixin.py:190} INFO - [2025-03-15T07:21:38.797+0000] {dag.py:4180} INFO - Setting next_dagrun for example_subdag_operator.section-2 to None, run_after=None
[2025-03-15T07:21:38.802+0000] {logging_mixin.py:190} INFO - [2025-03-15T07:21:38.801+0000] {dag.py:3239} INFO - Sync 2 DAGs
[2025-03-15T07:21:38.805+0000] {logging_mixin.py:190} INFO - [2025-03-15T07:21:38.804+0000] {dag.py:4180} INFO - Setting next_dagrun for example_subdag_operator.section-1 to None, run_after=None
[2025-03-15T07:21:38.805+0000] {logging_mixin.py:190} INFO - [2025-03-15T07:21:38.805+0000] {dag.py:4180} INFO - Setting next_dagrun for example_subdag_operator.section-2 to None, run_after=None
[2025-03-15T07:21:38.811+0000] {processor.py:208} INFO - Processing /home/airflow/.local/lib/python3.12/site-packages/airflow/example_dags/example_subdag_operator.py took 0.062 seconds
[2025-03-15T07:22:08.964+0000] {processor.py:186} INFO - Started process (PID=1328) to work on /home/airflow/.local/lib/python3.12/site-packages/airflow/example_dags/example_subdag_operator.py
[2025-03-15T07:22:08.964+0000] {processor.py:914} INFO - Processing file /home/airflow/.local/lib/python3.12/site-packages/airflow/example_dags/example_subdag_operator.py for tasks to queue
[2025-03-15T07:22:08.966+0000] {logging_mixin.py:190} INFO - [2025-03-15T07:22:08.966+0000] {dagbag.py:588} INFO - Filling up the DagBag from /home/airflow/.local/lib/python3.12/site-packages/airflow/example_dags/example_subdag_operator.py
[2025-03-15T07:22:08.984+0000] {processor.py:925} INFO - DAG(s) 'example_subdag_operator.section-1', 'example_subdag_operator.section-2', 'example_subdag_operator' retrieved from /home/airflow/.local/lib/python3.12/site-packages/airflow/example_dags/example_subdag_operator.py
[2025-03-15T07:22:08.994+0000] {logging_mixin.py:190} INFO - [2025-03-15T07:22:08.994+0000] {dag.py:3239} INFO - Sync 3 DAGs
[2025-03-15T07:22:09.009+0000] {logging_mixin.py:190} INFO - [2025-03-15T07:22:09.009+0000] {dag.py:4180} INFO - Setting next_dagrun for example_subdag_operator to 2022-01-01 00:00:00+00:00, run_after=2022-01-01 00:00:00+00:00
[2025-03-15T07:22:09.011+0000] {logging_mixin.py:190} INFO - [2025-03-15T07:22:09.011+0000] {dag.py:4180} INFO - Setting next_dagrun for example_subdag_operator.section-1 to None, run_after=None
[2025-03-15T07:22:09.012+0000] {logging_mixin.py:190} INFO - [2025-03-15T07:22:09.012+0000] {dag.py:4180} INFO - Setting next_dagrun for example_subdag_operator.section-2 to None, run_after=None
[2025-03-15T07:22:09.017+0000] {logging_mixin.py:190} INFO - [2025-03-15T07:22:09.016+0000] {dag.py:3239} INFO - Sync 2 DAGs
[2025-03-15T07:22:09.020+0000] {logging_mixin.py:190} INFO - [2025-03-15T07:22:09.020+0000] {dag.py:4180} INFO - Setting next_dagrun for example_subdag_operator.section-1 to None, run_after=None
[2025-03-15T07:22:09.020+0000] {logging_mixin.py:190} INFO - [2025-03-15T07:22:09.020+0000] {dag.py:4180} INFO - Setting next_dagrun for example_subdag_operator.section-2 to None, run_after=None
[2025-03-15T07:22:09.026+0000] {processor.py:208} INFO - Processing /home/airflow/.local/lib/python3.12/site-packages/airflow/example_dags/example_subdag_operator.py took 0.066 seconds
[2025-03-15T07:22:39.771+0000] {processor.py:186} INFO - Started process (PID=1391) to work on /home/airflow/.local/lib/python3.12/site-packages/airflow/example_dags/example_subdag_operator.py
[2025-03-15T07:22:39.774+0000] {processor.py:914} INFO - Processing file /home/airflow/.local/lib/python3.12/site-packages/airflow/example_dags/example_subdag_operator.py for tasks to queue
[2025-03-15T07:22:39.776+0000] {logging_mixin.py:190} INFO - [2025-03-15T07:22:39.776+0000] {dagbag.py:588} INFO - Filling up the DagBag from /home/airflow/.local/lib/python3.12/site-packages/airflow/example_dags/example_subdag_operator.py
[2025-03-15T07:22:39.801+0000] {processor.py:925} INFO - DAG(s) 'example_subdag_operator.section-1', 'example_subdag_operator.section-2', 'example_subdag_operator' retrieved from /home/airflow/.local/lib/python3.12/site-packages/airflow/example_dags/example_subdag_operator.py
[2025-03-15T07:22:39.810+0000] {logging_mixin.py:190} INFO - [2025-03-15T07:22:39.810+0000] {dag.py:3239} INFO - Sync 3 DAGs
[2025-03-15T07:22:39.826+0000] {logging_mixin.py:190} INFO - [2025-03-15T07:22:39.826+0000] {dag.py:4180} INFO - Setting next_dagrun for example_subdag_operator to 2022-01-01 00:00:00+00:00, run_after=2022-01-01 00:00:00+00:00
[2025-03-15T07:22:39.828+0000] {logging_mixin.py:190} INFO - [2025-03-15T07:22:39.828+0000] {dag.py:4180} INFO - Setting next_dagrun for example_subdag_operator.section-1 to None, run_after=None
[2025-03-15T07:22:39.828+0000] {logging_mixin.py:190} INFO - [2025-03-15T07:22:39.828+0000] {dag.py:4180} INFO - Setting next_dagrun for example_subdag_operator.section-2 to None, run_after=None
[2025-03-15T07:22:39.833+0000] {logging_mixin.py:190} INFO - [2025-03-15T07:22:39.832+0000] {dag.py:3239} INFO - Sync 2 DAGs
[2025-03-15T07:22:39.839+0000] {logging_mixin.py:190} INFO - [2025-03-15T07:22:39.839+0000] {dag.py:4180} INFO - Setting next_dagrun for example_subdag_operator.section-1 to None, run_after=None
[2025-03-15T07:22:39.842+0000] {logging_mixin.py:190} INFO - [2025-03-15T07:22:39.842+0000] {dag.py:4180} INFO - Setting next_dagrun for example_subdag_operator.section-2 to None, run_after=None
[2025-03-15T07:22:39.850+0000] {processor.py:208} INFO - Processing /home/airflow/.local/lib/python3.12/site-packages/airflow/example_dags/example_subdag_operator.py took 0.082 seconds
[2025-03-15T07:23:10.132+0000] {processor.py:186} INFO - Started process (PID=1454) to work on /home/airflow/.local/lib/python3.12/site-packages/airflow/example_dags/example_subdag_operator.py
[2025-03-15T07:23:10.133+0000] {processor.py:914} INFO - Processing file /home/airflow/.local/lib/python3.12/site-packages/airflow/example_dags/example_subdag_operator.py for tasks to queue
[2025-03-15T07:23:10.134+0000] {logging_mixin.py:190} INFO - [2025-03-15T07:23:10.134+0000] {dagbag.py:588} INFO - Filling up the DagBag from /home/airflow/.local/lib/python3.12/site-packages/airflow/example_dags/example_subdag_operator.py
[2025-03-15T07:23:10.154+0000] {processor.py:925} INFO - DAG(s) 'example_subdag_operator.section-1', 'example_subdag_operator.section-2', 'example_subdag_operator' retrieved from /home/airflow/.local/lib/python3.12/site-packages/airflow/example_dags/example_subdag_operator.py
[2025-03-15T07:23:10.164+0000] {logging_mixin.py:190} INFO - [2025-03-15T07:23:10.164+0000] {dag.py:3239} INFO - Sync 3 DAGs
[2025-03-15T07:23:10.180+0000] {logging_mixin.py:190} INFO - [2025-03-15T07:23:10.179+0000] {dag.py:4180} INFO - Setting next_dagrun for example_subdag_operator to 2022-01-01 00:00:00+00:00, run_after=2022-01-01 00:00:00+00:00
[2025-03-15T07:23:10.183+0000] {logging_mixin.py:190} INFO - [2025-03-15T07:23:10.183+0000] {dag.py:4180} INFO - Setting next_dagrun for example_subdag_operator.section-1 to None, run_after=None
[2025-03-15T07:23:10.184+0000] {logging_mixin.py:190} INFO - [2025-03-15T07:23:10.184+0000] {dag.py:4180} INFO - Setting next_dagrun for example_subdag_operator.section-2 to None, run_after=None
[2025-03-15T07:23:10.189+0000] {logging_mixin.py:190} INFO - [2025-03-15T07:23:10.189+0000] {dag.py:3239} INFO - Sync 2 DAGs
[2025-03-15T07:23:10.194+0000] {logging_mixin.py:190} INFO - [2025-03-15T07:23:10.194+0000] {dag.py:4180} INFO - Setting next_dagrun for example_subdag_operator.section-1 to None, run_after=None
[2025-03-15T07:23:10.194+0000] {logging_mixin.py:190} INFO - [2025-03-15T07:23:10.194+0000] {dag.py:4180} INFO - Setting next_dagrun for example_subdag_operator.section-2 to None, run_after=None
[2025-03-15T07:23:10.199+0000] {processor.py:208} INFO - Processing /home/airflow/.local/lib/python3.12/site-packages/airflow/example_dags/example_subdag_operator.py took 0.069 seconds
[2025-03-15T07:23:40.400+0000] {processor.py:186} INFO - Started process (PID=1517) to work on /home/airflow/.local/lib/python3.12/site-packages/airflow/example_dags/example_subdag_operator.py
[2025-03-15T07:23:40.401+0000] {processor.py:914} INFO - Processing file /home/airflow/.local/lib/python3.12/site-packages/airflow/example_dags/example_subdag_operator.py for tasks to queue
[2025-03-15T07:23:40.402+0000] {logging_mixin.py:190} INFO - [2025-03-15T07:23:40.402+0000] {dagbag.py:588} INFO - Filling up the DagBag from /home/airflow/.local/lib/python3.12/site-packages/airflow/example_dags/example_subdag_operator.py
[2025-03-15T07:23:40.420+0000] {processor.py:925} INFO - DAG(s) 'example_subdag_operator.section-1', 'example_subdag_operator.section-2', 'example_subdag_operator' retrieved from /home/airflow/.local/lib/python3.12/site-packages/airflow/example_dags/example_subdag_operator.py
[2025-03-15T07:23:40.433+0000] {logging_mixin.py:190} INFO - [2025-03-15T07:23:40.433+0000] {dag.py:3239} INFO - Sync 3 DAGs
[2025-03-15T07:23:40.450+0000] {logging_mixin.py:190} INFO - [2025-03-15T07:23:40.450+0000] {dag.py:4180} INFO - Setting next_dagrun for example_subdag_operator to 2022-01-01 00:00:00+00:00, run_after=2022-01-01 00:00:00+00:00
[2025-03-15T07:23:40.454+0000] {logging_mixin.py:190} INFO - [2025-03-15T07:23:40.454+0000] {dag.py:4180} INFO - Setting next_dagrun for example_subdag_operator.section-1 to None, run_after=None
[2025-03-15T07:23:40.455+0000] {logging_mixin.py:190} INFO - [2025-03-15T07:23:40.455+0000] {dag.py:4180} INFO - Setting next_dagrun for example_subdag_operator.section-2 to None, run_after=None
[2025-03-15T07:23:40.463+0000] {logging_mixin.py:190} INFO - [2025-03-15T07:23:40.463+0000] {dag.py:3239} INFO - Sync 2 DAGs
[2025-03-15T07:23:40.471+0000] {logging_mixin.py:190} INFO - [2025-03-15T07:23:40.470+0000] {dag.py:4180} INFO - Setting next_dagrun for example_subdag_operator.section-1 to None, run_after=None
[2025-03-15T07:23:40.471+0000] {logging_mixin.py:190} INFO - [2025-03-15T07:23:40.471+0000] {dag.py:4180} INFO - Setting next_dagrun for example_subdag_operator.section-2 to None, run_after=None
[2025-03-15T07:23:40.480+0000] {processor.py:208} INFO - Processing /home/airflow/.local/lib/python3.12/site-packages/airflow/example_dags/example_subdag_operator.py took 0.083 seconds
[2025-03-15T07:24:10.869+0000] {processor.py:186} INFO - Started process (PID=1580) to work on /home/airflow/.local/lib/python3.12/site-packages/airflow/example_dags/example_subdag_operator.py
[2025-03-15T07:24:10.870+0000] {processor.py:914} INFO - Processing file /home/airflow/.local/lib/python3.12/site-packages/airflow/example_dags/example_subdag_operator.py for tasks to queue
[2025-03-15T07:24:10.871+0000] {logging_mixin.py:190} INFO - [2025-03-15T07:24:10.871+0000] {dagbag.py:588} INFO - Filling up the DagBag from /home/airflow/.local/lib/python3.12/site-packages/airflow/example_dags/example_subdag_operator.py
[2025-03-15T07:24:10.885+0000] {processor.py:925} INFO - DAG(s) 'example_subdag_operator.section-1', 'example_subdag_operator.section-2', 'example_subdag_operator' retrieved from /home/airflow/.local/lib/python3.12/site-packages/airflow/example_dags/example_subdag_operator.py
[2025-03-15T07:24:10.891+0000] {logging_mixin.py:190} INFO - [2025-03-15T07:24:10.891+0000] {dag.py:3239} INFO - Sync 3 DAGs
[2025-03-15T07:24:10.902+0000] {logging_mixin.py:190} INFO - [2025-03-15T07:24:10.902+0000] {dag.py:4180} INFO - Setting next_dagrun for example_subdag_operator to 2022-01-01 00:00:00+00:00, run_after=2022-01-01 00:00:00+00:00
[2025-03-15T07:24:10.905+0000] {logging_mixin.py:190} INFO - [2025-03-15T07:24:10.904+0000] {dag.py:4180} INFO - Setting next_dagrun for example_subdag_operator.section-1 to None, run_after=None
[2025-03-15T07:24:10.905+0000] {logging_mixin.py:190} INFO - [2025-03-15T07:24:10.905+0000] {dag.py:4180} INFO - Setting next_dagrun for example_subdag_operator.section-2 to None, run_after=None
[2025-03-15T07:24:10.909+0000] {logging_mixin.py:190} INFO - [2025-03-15T07:24:10.909+0000] {dag.py:3239} INFO - Sync 2 DAGs
[2025-03-15T07:24:10.911+0000] {logging_mixin.py:190} INFO - [2025-03-15T07:24:10.911+0000] {dag.py:4180} INFO - Setting next_dagrun for example_subdag_operator.section-1 to None, run_after=None
[2025-03-15T07:24:10.911+0000] {logging_mixin.py:190} INFO - [2025-03-15T07:24:10.911+0000] {dag.py:4180} INFO - Setting next_dagrun for example_subdag_operator.section-2 to None, run_after=None
[2025-03-15T07:24:10.916+0000] {processor.py:208} INFO - Processing /home/airflow/.local/lib/python3.12/site-packages/airflow/example_dags/example_subdag_operator.py took 0.050 seconds
[2025-03-15T07:24:41.118+0000] {processor.py:186} INFO - Started process (PID=1643) to work on /home/airflow/.local/lib/python3.12/site-packages/airflow/example_dags/example_subdag_operator.py
[2025-03-15T07:24:41.122+0000] {processor.py:914} INFO - Processing file /home/airflow/.local/lib/python3.12/site-packages/airflow/example_dags/example_subdag_operator.py for tasks to queue
[2025-03-15T07:24:41.125+0000] {logging_mixin.py:190} INFO - [2025-03-15T07:24:41.124+0000] {dagbag.py:588} INFO - Filling up the DagBag from /home/airflow/.local/lib/python3.12/site-packages/airflow/example_dags/example_subdag_operator.py
[2025-03-15T07:24:41.148+0000] {processor.py:925} INFO - DAG(s) 'example_subdag_operator.section-1', 'example_subdag_operator.section-2', 'example_subdag_operator' retrieved from /home/airflow/.local/lib/python3.12/site-packages/airflow/example_dags/example_subdag_operator.py
[2025-03-15T07:24:41.158+0000] {logging_mixin.py:190} INFO - [2025-03-15T07:24:41.158+0000] {dag.py:3239} INFO - Sync 3 DAGs
[2025-03-15T07:24:41.174+0000] {logging_mixin.py:190} INFO - [2025-03-15T07:24:41.174+0000] {dag.py:4180} INFO - Setting next_dagrun for example_subdag_operator to 2022-01-01 00:00:00+00:00, run_after=2022-01-01 00:00:00+00:00
[2025-03-15T07:24:41.176+0000] {logging_mixin.py:190} INFO - [2025-03-15T07:24:41.175+0000] {dag.py:4180} INFO - Setting next_dagrun for example_subdag_operator.section-1 to None, run_after=None
[2025-03-15T07:24:41.176+0000] {logging_mixin.py:190} INFO - [2025-03-15T07:24:41.176+0000] {dag.py:4180} INFO - Setting next_dagrun for example_subdag_operator.section-2 to None, run_after=None
[2025-03-15T07:24:41.180+0000] {logging_mixin.py:190} INFO - [2025-03-15T07:24:41.180+0000] {dag.py:3239} INFO - Sync 2 DAGs
[2025-03-15T07:24:41.188+0000] {logging_mixin.py:190} INFO - [2025-03-15T07:24:41.187+0000] {dag.py:4180} INFO - Setting next_dagrun for example_subdag_operator.section-1 to None, run_after=None
[2025-03-15T07:24:41.188+0000] {logging_mixin.py:190} INFO - [2025-03-15T07:24:41.188+0000] {dag.py:4180} INFO - Setting next_dagrun for example_subdag_operator.section-2 to None, run_after=None
[2025-03-15T07:24:41.196+0000] {processor.py:208} INFO - Processing /home/airflow/.local/lib/python3.12/site-packages/airflow/example_dags/example_subdag_operator.py took 0.081 seconds
[2025-03-15T07:25:11.611+0000] {processor.py:186} INFO - Started process (PID=1705) to work on /home/airflow/.local/lib/python3.12/site-packages/airflow/example_dags/example_subdag_operator.py
[2025-03-15T07:25:11.612+0000] {processor.py:914} INFO - Processing file /home/airflow/.local/lib/python3.12/site-packages/airflow/example_dags/example_subdag_operator.py for tasks to queue
[2025-03-15T07:25:11.613+0000] {logging_mixin.py:190} INFO - [2025-03-15T07:25:11.613+0000] {dagbag.py:588} INFO - Filling up the DagBag from /home/airflow/.local/lib/python3.12/site-packages/airflow/example_dags/example_subdag_operator.py
[2025-03-15T07:25:11.635+0000] {processor.py:925} INFO - DAG(s) 'example_subdag_operator.section-1', 'example_subdag_operator.section-2', 'example_subdag_operator' retrieved from /home/airflow/.local/lib/python3.12/site-packages/airflow/example_dags/example_subdag_operator.py
[2025-03-15T07:25:11.649+0000] {logging_mixin.py:190} INFO - [2025-03-15T07:25:11.649+0000] {dag.py:3239} INFO - Sync 3 DAGs
[2025-03-15T07:25:11.662+0000] {logging_mixin.py:190} INFO - [2025-03-15T07:25:11.662+0000] {dag.py:4180} INFO - Setting next_dagrun for example_subdag_operator to 2022-01-01 00:00:00+00:00, run_after=2022-01-01 00:00:00+00:00
[2025-03-15T07:25:11.667+0000] {logging_mixin.py:190} INFO - [2025-03-15T07:25:11.666+0000] {dag.py:4180} INFO - Setting next_dagrun for example_subdag_operator.section-1 to None, run_after=None
[2025-03-15T07:25:11.669+0000] {logging_mixin.py:190} INFO - [2025-03-15T07:25:11.669+0000] {dag.py:4180} INFO - Setting next_dagrun for example_subdag_operator.section-2 to None, run_after=None
[2025-03-15T07:25:11.673+0000] {logging_mixin.py:190} INFO - [2025-03-15T07:25:11.673+0000] {dag.py:3239} INFO - Sync 2 DAGs
[2025-03-15T07:25:11.677+0000] {logging_mixin.py:190} INFO - [2025-03-15T07:25:11.677+0000] {dag.py:4180} INFO - Setting next_dagrun for example_subdag_operator.section-1 to None, run_after=None
[2025-03-15T07:25:11.677+0000] {logging_mixin.py:190} INFO - [2025-03-15T07:25:11.677+0000] {dag.py:4180} INFO - Setting next_dagrun for example_subdag_operator.section-2 to None, run_after=None
[2025-03-15T07:25:11.686+0000] {processor.py:208} INFO - Processing /home/airflow/.local/lib/python3.12/site-packages/airflow/example_dags/example_subdag_operator.py took 0.078 seconds
[2025-03-15T07:25:42.001+0000] {processor.py:186} INFO - Started process (PID=1768) to work on /home/airflow/.local/lib/python3.12/site-packages/airflow/example_dags/example_subdag_operator.py
[2025-03-15T07:25:42.005+0000] {processor.py:914} INFO - Processing file /home/airflow/.local/lib/python3.12/site-packages/airflow/example_dags/example_subdag_operator.py for tasks to queue
[2025-03-15T07:25:42.007+0000] {logging_mixin.py:190} INFO - [2025-03-15T07:25:42.007+0000] {dagbag.py:588} INFO - Filling up the DagBag from /home/airflow/.local/lib/python3.12/site-packages/airflow/example_dags/example_subdag_operator.py
[2025-03-15T07:25:42.033+0000] {processor.py:925} INFO - DAG(s) 'example_subdag_operator.section-1', 'example_subdag_operator.section-2', 'example_subdag_operator' retrieved from /home/airflow/.local/lib/python3.12/site-packages/airflow/example_dags/example_subdag_operator.py
[2025-03-15T07:25:42.042+0000] {logging_mixin.py:190} INFO - [2025-03-15T07:25:42.042+0000] {dag.py:3239} INFO - Sync 3 DAGs
[2025-03-15T07:25:42.055+0000] {logging_mixin.py:190} INFO - [2025-03-15T07:25:42.055+0000] {dag.py:4180} INFO - Setting next_dagrun for example_subdag_operator to 2022-01-01 00:00:00+00:00, run_after=2022-01-01 00:00:00+00:00
[2025-03-15T07:25:42.058+0000] {logging_mixin.py:190} INFO - [2025-03-15T07:25:42.058+0000] {dag.py:4180} INFO - Setting next_dagrun for example_subdag_operator.section-1 to None, run_after=None
[2025-03-15T07:25:42.059+0000] {logging_mixin.py:190} INFO - [2025-03-15T07:25:42.058+0000] {dag.py:4180} INFO - Setting next_dagrun for example_subdag_operator.section-2 to None, run_after=None
[2025-03-15T07:25:42.062+0000] {logging_mixin.py:190} INFO - [2025-03-15T07:25:42.062+0000] {dag.py:3239} INFO - Sync 2 DAGs
[2025-03-15T07:25:42.065+0000] {logging_mixin.py:190} INFO - [2025-03-15T07:25:42.065+0000] {dag.py:4180} INFO - Setting next_dagrun for example_subdag_operator.section-1 to None, run_after=None
[2025-03-15T07:25:42.065+0000] {logging_mixin.py:190} INFO - [2025-03-15T07:25:42.065+0000] {dag.py:4180} INFO - Setting next_dagrun for example_subdag_operator.section-2 to None, run_after=None
[2025-03-15T07:25:42.070+0000] {processor.py:208} INFO - Processing /home/airflow/.local/lib/python3.12/site-packages/airflow/example_dags/example_subdag_operator.py took 0.074 seconds
[2025-03-15T07:26:12.156+0000] {processor.py:186} INFO - Started process (PID=1830) to work on /home/airflow/.local/lib/python3.12/site-packages/airflow/example_dags/example_subdag_operator.py
[2025-03-15T07:26:12.157+0000] {processor.py:914} INFO - Processing file /home/airflow/.local/lib/python3.12/site-packages/airflow/example_dags/example_subdag_operator.py for tasks to queue
[2025-03-15T07:26:12.159+0000] {logging_mixin.py:190} INFO - [2025-03-15T07:26:12.158+0000] {dagbag.py:588} INFO - Filling up the DagBag from /home/airflow/.local/lib/python3.12/site-packages/airflow/example_dags/example_subdag_operator.py
[2025-03-15T07:26:12.178+0000] {processor.py:925} INFO - DAG(s) 'example_subdag_operator.section-1', 'example_subdag_operator.section-2', 'example_subdag_operator' retrieved from /home/airflow/.local/lib/python3.12/site-packages/airflow/example_dags/example_subdag_operator.py
[2025-03-15T07:26:12.188+0000] {logging_mixin.py:190} INFO - [2025-03-15T07:26:12.188+0000] {dag.py:3239} INFO - Sync 3 DAGs
[2025-03-15T07:26:12.200+0000] {logging_mixin.py:190} INFO - [2025-03-15T07:26:12.199+0000] {dag.py:4180} INFO - Setting next_dagrun for example_subdag_operator to 2022-01-01 00:00:00+00:00, run_after=2022-01-01 00:00:00+00:00
[2025-03-15T07:26:12.202+0000] {logging_mixin.py:190} INFO - [2025-03-15T07:26:12.202+0000] {dag.py:4180} INFO - Setting next_dagrun for example_subdag_operator.section-1 to None, run_after=None
[2025-03-15T07:26:12.203+0000] {logging_mixin.py:190} INFO - [2025-03-15T07:26:12.203+0000] {dag.py:4180} INFO - Setting next_dagrun for example_subdag_operator.section-2 to None, run_after=None
[2025-03-15T07:26:12.209+0000] {logging_mixin.py:190} INFO - [2025-03-15T07:26:12.209+0000] {dag.py:3239} INFO - Sync 2 DAGs
[2025-03-15T07:26:12.212+0000] {logging_mixin.py:190} INFO - [2025-03-15T07:26:12.212+0000] {dag.py:4180} INFO - Setting next_dagrun for example_subdag_operator.section-1 to None, run_after=None
[2025-03-15T07:26:12.212+0000] {logging_mixin.py:190} INFO - [2025-03-15T07:26:12.212+0000] {dag.py:4180} INFO - Setting next_dagrun for example_subdag_operator.section-2 to None, run_after=None
[2025-03-15T07:26:12.218+0000] {processor.py:208} INFO - Processing /home/airflow/.local/lib/python3.12/site-packages/airflow/example_dags/example_subdag_operator.py took 0.065 seconds
[2025-03-15T07:26:42.563+0000] {processor.py:186} INFO - Started process (PID=1893) to work on /home/airflow/.local/lib/python3.12/site-packages/airflow/example_dags/example_subdag_operator.py
[2025-03-15T07:26:42.564+0000] {processor.py:914} INFO - Processing file /home/airflow/.local/lib/python3.12/site-packages/airflow/example_dags/example_subdag_operator.py for tasks to queue
[2025-03-15T07:26:42.566+0000] {logging_mixin.py:190} INFO - [2025-03-15T07:26:42.566+0000] {dagbag.py:588} INFO - Filling up the DagBag from /home/airflow/.local/lib/python3.12/site-packages/airflow/example_dags/example_subdag_operator.py
[2025-03-15T07:26:42.590+0000] {processor.py:925} INFO - DAG(s) 'example_subdag_operator.section-1', 'example_subdag_operator.section-2', 'example_subdag_operator' retrieved from /home/airflow/.local/lib/python3.12/site-packages/airflow/example_dags/example_subdag_operator.py
[2025-03-15T07:26:42.600+0000] {logging_mixin.py:190} INFO - [2025-03-15T07:26:42.600+0000] {dag.py:3239} INFO - Sync 3 DAGs
[2025-03-15T07:26:42.618+0000] {logging_mixin.py:190} INFO - [2025-03-15T07:26:42.618+0000] {dag.py:4180} INFO - Setting next_dagrun for example_subdag_operator to 2022-01-01 00:00:00+00:00, run_after=2022-01-01 00:00:00+00:00
[2025-03-15T07:26:42.621+0000] {logging_mixin.py:190} INFO - [2025-03-15T07:26:42.621+0000] {dag.py:4180} INFO - Setting next_dagrun for example_subdag_operator.section-1 to None, run_after=None
[2025-03-15T07:26:42.624+0000] {logging_mixin.py:190} INFO - [2025-03-15T07:26:42.624+0000] {dag.py:4180} INFO - Setting next_dagrun for example_subdag_operator.section-2 to None, run_after=None
[2025-03-15T07:26:42.629+0000] {logging_mixin.py:190} INFO - [2025-03-15T07:26:42.629+0000] {dag.py:3239} INFO - Sync 2 DAGs
[2025-03-15T07:26:42.634+0000] {logging_mixin.py:190} INFO - [2025-03-15T07:26:42.633+0000] {dag.py:4180} INFO - Setting next_dagrun for example_subdag_operator.section-1 to None, run_after=None
[2025-03-15T07:26:42.634+0000] {logging_mixin.py:190} INFO - [2025-03-15T07:26:42.634+0000] {dag.py:4180} INFO - Setting next_dagrun for example_subdag_operator.section-2 to None, run_after=None
[2025-03-15T07:26:42.642+0000] {processor.py:208} INFO - Processing /home/airflow/.local/lib/python3.12/site-packages/airflow/example_dags/example_subdag_operator.py took 0.083 seconds
[2025-03-15T07:27:13.972+0000] {processor.py:186} INFO - Started process (PID=1957) to work on /home/airflow/.local/lib/python3.12/site-packages/airflow/example_dags/example_subdag_operator.py
[2025-03-15T07:27:13.974+0000] {processor.py:914} INFO - Processing file /home/airflow/.local/lib/python3.12/site-packages/airflow/example_dags/example_subdag_operator.py for tasks to queue
[2025-03-15T07:27:13.977+0000] {logging_mixin.py:190} INFO - [2025-03-15T07:27:13.976+0000] {dagbag.py:588} INFO - Filling up the DagBag from /home/airflow/.local/lib/python3.12/site-packages/airflow/example_dags/example_subdag_operator.py
[2025-03-15T07:27:14.005+0000] {processor.py:925} INFO - DAG(s) 'example_subdag_operator.section-1', 'example_subdag_operator.section-2', 'example_subdag_operator' retrieved from /home/airflow/.local/lib/python3.12/site-packages/airflow/example_dags/example_subdag_operator.py
[2025-03-15T07:27:14.018+0000] {logging_mixin.py:190} INFO - [2025-03-15T07:27:14.018+0000] {dag.py:3239} INFO - Sync 3 DAGs
[2025-03-15T07:27:14.032+0000] {logging_mixin.py:190} INFO - [2025-03-15T07:27:14.032+0000] {dag.py:4180} INFO - Setting next_dagrun for example_subdag_operator to 2022-01-01 00:00:00+00:00, run_after=2022-01-01 00:00:00+00:00
[2025-03-15T07:27:14.034+0000] {logging_mixin.py:190} INFO - [2025-03-15T07:27:14.034+0000] {dag.py:4180} INFO - Setting next_dagrun for example_subdag_operator.section-1 to None, run_after=None
[2025-03-15T07:27:14.035+0000] {logging_mixin.py:190} INFO - [2025-03-15T07:27:14.035+0000] {dag.py:4180} INFO - Setting next_dagrun for example_subdag_operator.section-2 to None, run_after=None
[2025-03-15T07:27:14.040+0000] {logging_mixin.py:190} INFO - [2025-03-15T07:27:14.040+0000] {dag.py:3239} INFO - Sync 2 DAGs
[2025-03-15T07:27:14.044+0000] {logging_mixin.py:190} INFO - [2025-03-15T07:27:14.044+0000] {dag.py:4180} INFO - Setting next_dagrun for example_subdag_operator.section-1 to None, run_after=None
[2025-03-15T07:27:14.045+0000] {logging_mixin.py:190} INFO - [2025-03-15T07:27:14.045+0000] {dag.py:4180} INFO - Setting next_dagrun for example_subdag_operator.section-2 to None, run_after=None
[2025-03-15T07:27:14.051+0000] {processor.py:208} INFO - Processing /home/airflow/.local/lib/python3.12/site-packages/airflow/example_dags/example_subdag_operator.py took 0.083 seconds
[2025-03-15T07:27:44.592+0000] {processor.py:186} INFO - Started process (PID=2021) to work on /home/airflow/.local/lib/python3.12/site-packages/airflow/example_dags/example_subdag_operator.py
[2025-03-15T07:27:44.593+0000] {processor.py:914} INFO - Processing file /home/airflow/.local/lib/python3.12/site-packages/airflow/example_dags/example_subdag_operator.py for tasks to queue
[2025-03-15T07:27:44.594+0000] {logging_mixin.py:190} INFO - [2025-03-15T07:27:44.594+0000] {dagbag.py:588} INFO - Filling up the DagBag from /home/airflow/.local/lib/python3.12/site-packages/airflow/example_dags/example_subdag_operator.py
[2025-03-15T07:27:44.618+0000] {processor.py:925} INFO - DAG(s) 'example_subdag_operator.section-1', 'example_subdag_operator.section-2', 'example_subdag_operator' retrieved from /home/airflow/.local/lib/python3.12/site-packages/airflow/example_dags/example_subdag_operator.py
[2025-03-15T07:27:44.632+0000] {logging_mixin.py:190} INFO - [2025-03-15T07:27:44.632+0000] {dag.py:3239} INFO - Sync 3 DAGs
[2025-03-15T07:27:44.648+0000] {logging_mixin.py:190} INFO - [2025-03-15T07:27:44.647+0000] {dag.py:4180} INFO - Setting next_dagrun for example_subdag_operator to 2022-01-01 00:00:00+00:00, run_after=2022-01-01 00:00:00+00:00
[2025-03-15T07:27:44.653+0000] {logging_mixin.py:190} INFO - [2025-03-15T07:27:44.653+0000] {dag.py:4180} INFO - Setting next_dagrun for example_subdag_operator.section-1 to None, run_after=None
[2025-03-15T07:27:44.656+0000] {logging_mixin.py:190} INFO - [2025-03-15T07:27:44.656+0000] {dag.py:4180} INFO - Setting next_dagrun for example_subdag_operator.section-2 to None, run_after=None
[2025-03-15T07:27:44.661+0000] {logging_mixin.py:190} INFO - [2025-03-15T07:27:44.661+0000] {dag.py:3239} INFO - Sync 2 DAGs
[2025-03-15T07:27:44.665+0000] {logging_mixin.py:190} INFO - [2025-03-15T07:27:44.665+0000] {dag.py:4180} INFO - Setting next_dagrun for example_subdag_operator.section-1 to None, run_after=None
[2025-03-15T07:27:44.667+0000] {logging_mixin.py:190} INFO - [2025-03-15T07:27:44.666+0000] {dag.py:4180} INFO - Setting next_dagrun for example_subdag_operator.section-2 to None, run_after=None
[2025-03-15T07:27:44.676+0000] {processor.py:208} INFO - Processing /home/airflow/.local/lib/python3.12/site-packages/airflow/example_dags/example_subdag_operator.py took 0.088 seconds
[2025-03-15T07:28:14.843+0000] {processor.py:186} INFO - Started process (PID=2085) to work on /home/airflow/.local/lib/python3.12/site-packages/airflow/example_dags/example_subdag_operator.py
[2025-03-15T07:28:14.843+0000] {processor.py:914} INFO - Processing file /home/airflow/.local/lib/python3.12/site-packages/airflow/example_dags/example_subdag_operator.py for tasks to queue
[2025-03-15T07:28:14.845+0000] {logging_mixin.py:190} INFO - [2025-03-15T07:28:14.845+0000] {dagbag.py:588} INFO - Filling up the DagBag from /home/airflow/.local/lib/python3.12/site-packages/airflow/example_dags/example_subdag_operator.py
[2025-03-15T07:28:14.861+0000] {processor.py:925} INFO - DAG(s) 'example_subdag_operator.section-1', 'example_subdag_operator.section-2', 'example_subdag_operator' retrieved from /home/airflow/.local/lib/python3.12/site-packages/airflow/example_dags/example_subdag_operator.py
[2025-03-15T07:28:14.869+0000] {logging_mixin.py:190} INFO - [2025-03-15T07:28:14.869+0000] {dag.py:3239} INFO - Sync 3 DAGs
[2025-03-15T07:28:14.883+0000] {logging_mixin.py:190} INFO - [2025-03-15T07:28:14.882+0000] {dag.py:4180} INFO - Setting next_dagrun for example_subdag_operator to 2022-01-01 00:00:00+00:00, run_after=2022-01-01 00:00:00+00:00
[2025-03-15T07:28:14.885+0000] {logging_mixin.py:190} INFO - [2025-03-15T07:28:14.885+0000] {dag.py:4180} INFO - Setting next_dagrun for example_subdag_operator.section-1 to None, run_after=None
[2025-03-15T07:28:14.886+0000] {logging_mixin.py:190} INFO - [2025-03-15T07:28:14.885+0000] {dag.py:4180} INFO - Setting next_dagrun for example_subdag_operator.section-2 to None, run_after=None
[2025-03-15T07:28:14.890+0000] {logging_mixin.py:190} INFO - [2025-03-15T07:28:14.890+0000] {dag.py:3239} INFO - Sync 2 DAGs
[2025-03-15T07:28:14.893+0000] {logging_mixin.py:190} INFO - [2025-03-15T07:28:14.893+0000] {dag.py:4180} INFO - Setting next_dagrun for example_subdag_operator.section-1 to None, run_after=None
[2025-03-15T07:28:14.893+0000] {logging_mixin.py:190} INFO - [2025-03-15T07:28:14.893+0000] {dag.py:4180} INFO - Setting next_dagrun for example_subdag_operator.section-2 to None, run_after=None
[2025-03-15T07:28:14.903+0000] {processor.py:208} INFO - Processing /home/airflow/.local/lib/python3.12/site-packages/airflow/example_dags/example_subdag_operator.py took 0.065 seconds
[2025-03-15T07:28:45.368+0000] {processor.py:186} INFO - Started process (PID=2149) to work on /home/airflow/.local/lib/python3.12/site-packages/airflow/example_dags/example_subdag_operator.py
[2025-03-15T07:28:45.369+0000] {processor.py:914} INFO - Processing file /home/airflow/.local/lib/python3.12/site-packages/airflow/example_dags/example_subdag_operator.py for tasks to queue
[2025-03-15T07:28:45.370+0000] {logging_mixin.py:190} INFO - [2025-03-15T07:28:45.370+0000] {dagbag.py:588} INFO - Filling up the DagBag from /home/airflow/.local/lib/python3.12/site-packages/airflow/example_dags/example_subdag_operator.py
[2025-03-15T07:28:45.386+0000] {processor.py:925} INFO - DAG(s) 'example_subdag_operator.section-1', 'example_subdag_operator.section-2', 'example_subdag_operator' retrieved from /home/airflow/.local/lib/python3.12/site-packages/airflow/example_dags/example_subdag_operator.py
[2025-03-15T07:28:45.393+0000] {logging_mixin.py:190} INFO - [2025-03-15T07:28:45.393+0000] {dag.py:3239} INFO - Sync 3 DAGs
[2025-03-15T07:28:45.405+0000] {logging_mixin.py:190} INFO - [2025-03-15T07:28:45.405+0000] {dag.py:4180} INFO - Setting next_dagrun for example_subdag_operator to 2022-01-01 00:00:00+00:00, run_after=2022-01-01 00:00:00+00:00
[2025-03-15T07:28:45.408+0000] {logging_mixin.py:190} INFO - [2025-03-15T07:28:45.408+0000] {dag.py:4180} INFO - Setting next_dagrun for example_subdag_operator.section-1 to None, run_after=None
[2025-03-15T07:28:45.410+0000] {logging_mixin.py:190} INFO - [2025-03-15T07:28:45.410+0000] {dag.py:4180} INFO - Setting next_dagrun for example_subdag_operator.section-2 to None, run_after=None
[2025-03-15T07:28:45.415+0000] {logging_mixin.py:190} INFO - [2025-03-15T07:28:45.415+0000] {dag.py:3239} INFO - Sync 2 DAGs
[2025-03-15T07:28:45.419+0000] {logging_mixin.py:190} INFO - [2025-03-15T07:28:45.419+0000] {dag.py:4180} INFO - Setting next_dagrun for example_subdag_operator.section-1 to None, run_after=None
[2025-03-15T07:28:45.423+0000] {logging_mixin.py:190} INFO - [2025-03-15T07:28:45.423+0000] {dag.py:4180} INFO - Setting next_dagrun for example_subdag_operator.section-2 to None, run_after=None
[2025-03-15T07:28:45.428+0000] {processor.py:208} INFO - Processing /home/airflow/.local/lib/python3.12/site-packages/airflow/example_dags/example_subdag_operator.py took 0.063 seconds
[2025-03-15T07:29:15.460+0000] {processor.py:186} INFO - Started process (PID=2213) to work on /home/airflow/.local/lib/python3.12/site-packages/airflow/example_dags/example_subdag_operator.py
[2025-03-15T07:29:15.461+0000] {processor.py:914} INFO - Processing file /home/airflow/.local/lib/python3.12/site-packages/airflow/example_dags/example_subdag_operator.py for tasks to queue
[2025-03-15T07:29:15.462+0000] {logging_mixin.py:190} INFO - [2025-03-15T07:29:15.462+0000] {dagbag.py:588} INFO - Filling up the DagBag from /home/airflow/.local/lib/python3.12/site-packages/airflow/example_dags/example_subdag_operator.py
[2025-03-15T07:29:15.478+0000] {processor.py:925} INFO - DAG(s) 'example_subdag_operator.section-1', 'example_subdag_operator.section-2', 'example_subdag_operator' retrieved from /home/airflow/.local/lib/python3.12/site-packages/airflow/example_dags/example_subdag_operator.py
[2025-03-15T07:29:15.485+0000] {logging_mixin.py:190} INFO - [2025-03-15T07:29:15.485+0000] {dag.py:3239} INFO - Sync 3 DAGs
[2025-03-15T07:29:15.496+0000] {logging_mixin.py:190} INFO - [2025-03-15T07:29:15.496+0000] {dag.py:4180} INFO - Setting next_dagrun for example_subdag_operator to 2022-01-01 00:00:00+00:00, run_after=2022-01-01 00:00:00+00:00
[2025-03-15T07:29:15.498+0000] {logging_mixin.py:190} INFO - [2025-03-15T07:29:15.498+0000] {dag.py:4180} INFO - Setting next_dagrun for example_subdag_operator.section-1 to None, run_after=None
[2025-03-15T07:29:15.499+0000] {logging_mixin.py:190} INFO - [2025-03-15T07:29:15.499+0000] {dag.py:4180} INFO - Setting next_dagrun for example_subdag_operator.section-2 to None, run_after=None
[2025-03-15T07:29:15.503+0000] {logging_mixin.py:190} INFO - [2025-03-15T07:29:15.503+0000] {dag.py:3239} INFO - Sync 2 DAGs
[2025-03-15T07:29:15.506+0000] {logging_mixin.py:190} INFO - [2025-03-15T07:29:15.506+0000] {dag.py:4180} INFO - Setting next_dagrun for example_subdag_operator.section-1 to None, run_after=None
[2025-03-15T07:29:15.508+0000] {logging_mixin.py:190} INFO - [2025-03-15T07:29:15.508+0000] {dag.py:4180} INFO - Setting next_dagrun for example_subdag_operator.section-2 to None, run_after=None
[2025-03-15T07:29:15.514+0000] {processor.py:208} INFO - Processing /home/airflow/.local/lib/python3.12/site-packages/airflow/example_dags/example_subdag_operator.py took 0.057 seconds
[2025-03-15T07:29:45.818+0000] {processor.py:186} INFO - Started process (PID=2277) to work on /home/airflow/.local/lib/python3.12/site-packages/airflow/example_dags/example_subdag_operator.py
[2025-03-15T07:29:45.819+0000] {processor.py:914} INFO - Processing file /home/airflow/.local/lib/python3.12/site-packages/airflow/example_dags/example_subdag_operator.py for tasks to queue
[2025-03-15T07:29:45.822+0000] {logging_mixin.py:190} INFO - [2025-03-15T07:29:45.821+0000] {dagbag.py:588} INFO - Filling up the DagBag from /home/airflow/.local/lib/python3.12/site-packages/airflow/example_dags/example_subdag_operator.py
[2025-03-15T07:29:45.844+0000] {processor.py:925} INFO - DAG(s) 'example_subdag_operator.section-1', 'example_subdag_operator.section-2', 'example_subdag_operator' retrieved from /home/airflow/.local/lib/python3.12/site-packages/airflow/example_dags/example_subdag_operator.py
[2025-03-15T07:29:45.855+0000] {logging_mixin.py:190} INFO - [2025-03-15T07:29:45.855+0000] {dag.py:3239} INFO - Sync 3 DAGs
[2025-03-15T07:29:45.871+0000] {logging_mixin.py:190} INFO - [2025-03-15T07:29:45.871+0000] {dag.py:4180} INFO - Setting next_dagrun for example_subdag_operator to 2022-01-01 00:00:00+00:00, run_after=2022-01-01 00:00:00+00:00
[2025-03-15T07:29:45.873+0000] {logging_mixin.py:190} INFO - [2025-03-15T07:29:45.873+0000] {dag.py:4180} INFO - Setting next_dagrun for example_subdag_operator.section-1 to None, run_after=None
[2025-03-15T07:29:45.874+0000] {logging_mixin.py:190} INFO - [2025-03-15T07:29:45.874+0000] {dag.py:4180} INFO - Setting next_dagrun for example_subdag_operator.section-2 to None, run_after=None
[2025-03-15T07:29:45.877+0000] {logging_mixin.py:190} INFO - [2025-03-15T07:29:45.877+0000] {dag.py:3239} INFO - Sync 2 DAGs
[2025-03-15T07:29:45.883+0000] {logging_mixin.py:190} INFO - [2025-03-15T07:29:45.882+0000] {dag.py:4180} INFO - Setting next_dagrun for example_subdag_operator.section-1 to None, run_after=None
[2025-03-15T07:29:45.885+0000] {logging_mixin.py:190} INFO - [2025-03-15T07:29:45.884+0000] {dag.py:4180} INFO - Setting next_dagrun for example_subdag_operator.section-2 to None, run_after=None
[2025-03-15T07:29:45.893+0000] {processor.py:208} INFO - Processing /home/airflow/.local/lib/python3.12/site-packages/airflow/example_dags/example_subdag_operator.py took 0.078 seconds
[2025-03-15T07:30:16.303+0000] {processor.py:186} INFO - Started process (PID=2341) to work on /home/airflow/.local/lib/python3.12/site-packages/airflow/example_dags/example_subdag_operator.py
[2025-03-15T07:30:16.304+0000] {processor.py:914} INFO - Processing file /home/airflow/.local/lib/python3.12/site-packages/airflow/example_dags/example_subdag_operator.py for tasks to queue
[2025-03-15T07:30:16.305+0000] {logging_mixin.py:190} INFO - [2025-03-15T07:30:16.305+0000] {dagbag.py:588} INFO - Filling up the DagBag from /home/airflow/.local/lib/python3.12/site-packages/airflow/example_dags/example_subdag_operator.py
[2025-03-15T07:30:16.328+0000] {processor.py:925} INFO - DAG(s) 'example_subdag_operator.section-1', 'example_subdag_operator.section-2', 'example_subdag_operator' retrieved from /home/airflow/.local/lib/python3.12/site-packages/airflow/example_dags/example_subdag_operator.py
[2025-03-15T07:30:16.341+0000] {logging_mixin.py:190} INFO - [2025-03-15T07:30:16.340+0000] {dag.py:3239} INFO - Sync 3 DAGs
[2025-03-15T07:30:16.353+0000] {logging_mixin.py:190} INFO - [2025-03-15T07:30:16.353+0000] {dag.py:4180} INFO - Setting next_dagrun for example_subdag_operator to 2022-01-01 00:00:00+00:00, run_after=2022-01-01 00:00:00+00:00
[2025-03-15T07:30:16.355+0000] {logging_mixin.py:190} INFO - [2025-03-15T07:30:16.355+0000] {dag.py:4180} INFO - Setting next_dagrun for example_subdag_operator.section-1 to None, run_after=None
[2025-03-15T07:30:16.356+0000] {logging_mixin.py:190} INFO - [2025-03-15T07:30:16.356+0000] {dag.py:4180} INFO - Setting next_dagrun for example_subdag_operator.section-2 to None, run_after=None
[2025-03-15T07:30:16.360+0000] {logging_mixin.py:190} INFO - [2025-03-15T07:30:16.360+0000] {dag.py:3239} INFO - Sync 2 DAGs
[2025-03-15T07:30:16.364+0000] {logging_mixin.py:190} INFO - [2025-03-15T07:30:16.364+0000] {dag.py:4180} INFO - Setting next_dagrun for example_subdag_operator.section-1 to None, run_after=None
[2025-03-15T07:30:16.364+0000] {logging_mixin.py:190} INFO - [2025-03-15T07:30:16.364+0000] {dag.py:4180} INFO - Setting next_dagrun for example_subdag_operator.section-2 to None, run_after=None
[2025-03-15T07:30:16.372+0000] {processor.py:208} INFO - Processing /home/airflow/.local/lib/python3.12/site-packages/airflow/example_dags/example_subdag_operator.py took 0.073 seconds
[2025-03-15T07:30:46.524+0000] {processor.py:186} INFO - Started process (PID=2405) to work on /home/airflow/.local/lib/python3.12/site-packages/airflow/example_dags/example_subdag_operator.py
[2025-03-15T07:30:46.524+0000] {processor.py:914} INFO - Processing file /home/airflow/.local/lib/python3.12/site-packages/airflow/example_dags/example_subdag_operator.py for tasks to queue
[2025-03-15T07:30:46.527+0000] {logging_mixin.py:190} INFO - [2025-03-15T07:30:46.527+0000] {dagbag.py:588} INFO - Filling up the DagBag from /home/airflow/.local/lib/python3.12/site-packages/airflow/example_dags/example_subdag_operator.py
[2025-03-15T07:30:46.548+0000] {processor.py:925} INFO - DAG(s) 'example_subdag_operator.section-1', 'example_subdag_operator.section-2', 'example_subdag_operator' retrieved from /home/airflow/.local/lib/python3.12/site-packages/airflow/example_dags/example_subdag_operator.py
[2025-03-15T07:30:46.556+0000] {logging_mixin.py:190} INFO - [2025-03-15T07:30:46.556+0000] {dag.py:3239} INFO - Sync 3 DAGs
[2025-03-15T07:30:46.580+0000] {logging_mixin.py:190} INFO - [2025-03-15T07:30:46.580+0000] {dag.py:4180} INFO - Setting next_dagrun for example_subdag_operator to 2022-01-01 00:00:00+00:00, run_after=2022-01-01 00:00:00+00:00
[2025-03-15T07:30:46.583+0000] {logging_mixin.py:190} INFO - [2025-03-15T07:30:46.583+0000] {dag.py:4180} INFO - Setting next_dagrun for example_subdag_operator.section-1 to None, run_after=None
[2025-03-15T07:30:46.585+0000] {logging_mixin.py:190} INFO - [2025-03-15T07:30:46.585+0000] {dag.py:4180} INFO - Setting next_dagrun for example_subdag_operator.section-2 to None, run_after=None
[2025-03-15T07:30:46.592+0000] {logging_mixin.py:190} INFO - [2025-03-15T07:30:46.592+0000] {dag.py:3239} INFO - Sync 2 DAGs
[2025-03-15T07:30:46.599+0000] {logging_mixin.py:190} INFO - [2025-03-15T07:30:46.599+0000] {dag.py:4180} INFO - Setting next_dagrun for example_subdag_operator.section-1 to None, run_after=None
[2025-03-15T07:30:46.600+0000] {logging_mixin.py:190} INFO - [2025-03-15T07:30:46.600+0000] {dag.py:4180} INFO - Setting next_dagrun for example_subdag_operator.section-2 to None, run_after=None
[2025-03-15T07:30:46.609+0000] {processor.py:208} INFO - Processing /home/airflow/.local/lib/python3.12/site-packages/airflow/example_dags/example_subdag_operator.py took 0.088 seconds
[2025-03-15T07:31:16.628+0000] {processor.py:186} INFO - Started process (PID=2469) to work on /home/airflow/.local/lib/python3.12/site-packages/airflow/example_dags/example_subdag_operator.py
[2025-03-15T07:31:16.629+0000] {processor.py:914} INFO - Processing file /home/airflow/.local/lib/python3.12/site-packages/airflow/example_dags/example_subdag_operator.py for tasks to queue
[2025-03-15T07:31:16.630+0000] {logging_mixin.py:190} INFO - [2025-03-15T07:31:16.630+0000] {dagbag.py:588} INFO - Filling up the DagBag from /home/airflow/.local/lib/python3.12/site-packages/airflow/example_dags/example_subdag_operator.py
[2025-03-15T07:31:16.651+0000] {processor.py:925} INFO - DAG(s) 'example_subdag_operator.section-1', 'example_subdag_operator.section-2', 'example_subdag_operator' retrieved from /home/airflow/.local/lib/python3.12/site-packages/airflow/example_dags/example_subdag_operator.py
[2025-03-15T07:31:16.661+0000] {logging_mixin.py:190} INFO - [2025-03-15T07:31:16.661+0000] {dag.py:3239} INFO - Sync 3 DAGs
[2025-03-15T07:31:16.674+0000] {logging_mixin.py:190} INFO - [2025-03-15T07:31:16.674+0000] {dag.py:4180} INFO - Setting next_dagrun for example_subdag_operator to 2022-01-01 00:00:00+00:00, run_after=2022-01-01 00:00:00+00:00
[2025-03-15T07:31:16.676+0000] {logging_mixin.py:190} INFO - [2025-03-15T07:31:16.676+0000] {dag.py:4180} INFO - Setting next_dagrun for example_subdag_operator.section-1 to None, run_after=None
[2025-03-15T07:31:16.677+0000] {logging_mixin.py:190} INFO - [2025-03-15T07:31:16.677+0000] {dag.py:4180} INFO - Setting next_dagrun for example_subdag_operator.section-2 to None, run_after=None
[2025-03-15T07:31:16.681+0000] {logging_mixin.py:190} INFO - [2025-03-15T07:31:16.681+0000] {dag.py:3239} INFO - Sync 2 DAGs
[2025-03-15T07:31:16.684+0000] {logging_mixin.py:190} INFO - [2025-03-15T07:31:16.684+0000] {dag.py:4180} INFO - Setting next_dagrun for example_subdag_operator.section-1 to None, run_after=None
[2025-03-15T07:31:16.685+0000] {logging_mixin.py:190} INFO - [2025-03-15T07:31:16.685+0000] {dag.py:4180} INFO - Setting next_dagrun for example_subdag_operator.section-2 to None, run_after=None
[2025-03-15T07:31:16.690+0000] {processor.py:208} INFO - Processing /home/airflow/.local/lib/python3.12/site-packages/airflow/example_dags/example_subdag_operator.py took 0.065 seconds
[2025-03-15T07:31:47.137+0000] {processor.py:186} INFO - Started process (PID=2533) to work on /home/airflow/.local/lib/python3.12/site-packages/airflow/example_dags/example_subdag_operator.py
[2025-03-15T07:31:47.138+0000] {processor.py:914} INFO - Processing file /home/airflow/.local/lib/python3.12/site-packages/airflow/example_dags/example_subdag_operator.py for tasks to queue
[2025-03-15T07:31:47.139+0000] {logging_mixin.py:190} INFO - [2025-03-15T07:31:47.139+0000] {dagbag.py:588} INFO - Filling up the DagBag from /home/airflow/.local/lib/python3.12/site-packages/airflow/example_dags/example_subdag_operator.py
[2025-03-15T07:31:47.156+0000] {processor.py:925} INFO - DAG(s) 'example_subdag_operator.section-1', 'example_subdag_operator.section-2', 'example_subdag_operator' retrieved from /home/airflow/.local/lib/python3.12/site-packages/airflow/example_dags/example_subdag_operator.py
[2025-03-15T07:31:47.164+0000] {logging_mixin.py:190} INFO - [2025-03-15T07:31:47.164+0000] {dag.py:3239} INFO - Sync 3 DAGs
[2025-03-15T07:31:47.175+0000] {logging_mixin.py:190} INFO - [2025-03-15T07:31:47.175+0000] {dag.py:4180} INFO - Setting next_dagrun for example_subdag_operator to 2022-01-01 00:00:00+00:00, run_after=2022-01-01 00:00:00+00:00
[2025-03-15T07:31:47.178+0000] {logging_mixin.py:190} INFO - [2025-03-15T07:31:47.178+0000] {dag.py:4180} INFO - Setting next_dagrun for example_subdag_operator.section-1 to None, run_after=None
[2025-03-15T07:31:47.179+0000] {logging_mixin.py:190} INFO - [2025-03-15T07:31:47.178+0000] {dag.py:4180} INFO - Setting next_dagrun for example_subdag_operator.section-2 to None, run_after=None
[2025-03-15T07:31:47.182+0000] {logging_mixin.py:190} INFO - [2025-03-15T07:31:47.182+0000] {dag.py:3239} INFO - Sync 2 DAGs
[2025-03-15T07:31:47.185+0000] {logging_mixin.py:190} INFO - [2025-03-15T07:31:47.185+0000] {dag.py:4180} INFO - Setting next_dagrun for example_subdag_operator.section-1 to None, run_after=None
[2025-03-15T07:31:47.187+0000] {logging_mixin.py:190} INFO - [2025-03-15T07:31:47.187+0000] {dag.py:4180} INFO - Setting next_dagrun for example_subdag_operator.section-2 to None, run_after=None
[2025-03-15T07:31:47.193+0000] {processor.py:208} INFO - Processing /home/airflow/.local/lib/python3.12/site-packages/airflow/example_dags/example_subdag_operator.py took 0.060 seconds
[2025-03-15T07:32:17.476+0000] {processor.py:186} INFO - Started process (PID=2597) to work on /home/airflow/.local/lib/python3.12/site-packages/airflow/example_dags/example_subdag_operator.py
[2025-03-15T07:32:17.478+0000] {processor.py:914} INFO - Processing file /home/airflow/.local/lib/python3.12/site-packages/airflow/example_dags/example_subdag_operator.py for tasks to queue
[2025-03-15T07:32:17.480+0000] {logging_mixin.py:190} INFO - [2025-03-15T07:32:17.480+0000] {dagbag.py:588} INFO - Filling up the DagBag from /home/airflow/.local/lib/python3.12/site-packages/airflow/example_dags/example_subdag_operator.py
[2025-03-15T07:32:17.497+0000] {processor.py:925} INFO - DAG(s) 'example_subdag_operator.section-1', 'example_subdag_operator.section-2', 'example_subdag_operator' retrieved from /home/airflow/.local/lib/python3.12/site-packages/airflow/example_dags/example_subdag_operator.py
[2025-03-15T07:32:17.508+0000] {logging_mixin.py:190} INFO - [2025-03-15T07:32:17.508+0000] {dag.py:3239} INFO - Sync 3 DAGs
[2025-03-15T07:32:17.521+0000] {logging_mixin.py:190} INFO - [2025-03-15T07:32:17.521+0000] {dag.py:4180} INFO - Setting next_dagrun for example_subdag_operator to 2022-01-01 00:00:00+00:00, run_after=2022-01-01 00:00:00+00:00
[2025-03-15T07:32:17.524+0000] {logging_mixin.py:190} INFO - [2025-03-15T07:32:17.524+0000] {dag.py:4180} INFO - Setting next_dagrun for example_subdag_operator.section-1 to None, run_after=None
[2025-03-15T07:32:17.525+0000] {logging_mixin.py:190} INFO - [2025-03-15T07:32:17.525+0000] {dag.py:4180} INFO - Setting next_dagrun for example_subdag_operator.section-2 to None, run_after=None
[2025-03-15T07:32:17.531+0000] {logging_mixin.py:190} INFO - [2025-03-15T07:32:17.531+0000] {dag.py:3239} INFO - Sync 2 DAGs
[2025-03-15T07:32:17.535+0000] {logging_mixin.py:190} INFO - [2025-03-15T07:32:17.535+0000] {dag.py:4180} INFO - Setting next_dagrun for example_subdag_operator.section-1 to None, run_after=None
[2025-03-15T07:32:17.535+0000] {logging_mixin.py:190} INFO - [2025-03-15T07:32:17.535+0000] {dag.py:4180} INFO - Setting next_dagrun for example_subdag_operator.section-2 to None, run_after=None
[2025-03-15T07:32:17.542+0000] {processor.py:208} INFO - Processing /home/airflow/.local/lib/python3.12/site-packages/airflow/example_dags/example_subdag_operator.py took 0.069 seconds
