[2025-03-15T07:11:57.213+0000] {processor.py:186} INFO - Started process (PID=50) to work on /home/airflow/.local/lib/python3.12/site-packages/airflow/example_dags/example_branch_day_of_week_operator.py
[2025-03-15T07:11:57.214+0000] {processor.py:914} INFO - Processing file /home/airflow/.local/lib/python3.12/site-packages/airflow/example_dags/example_branch_day_of_week_operator.py for tasks to queue
[2025-03-15T07:11:57.216+0000] {logging_mixin.py:190} INFO - [2025-03-15T07:11:57.216+0000] {dagbag.py:588} INFO - Filling up the DagBag from /home/airflow/.local/lib/python3.12/site-packages/airflow/example_dags/example_branch_day_of_week_operator.py
[2025-03-15T07:11:57.228+0000] {processor.py:925} INFO - DAG(s) 'example_weekday_branch_operator' retrieved from /home/airflow/.local/lib/python3.12/site-packages/airflow/example_dags/example_branch_day_of_week_operator.py
[2025-03-15T07:11:57.248+0000] {logging_mixin.py:190} INFO - [2025-03-15T07:11:57.248+0000] {dag.py:3239} INFO - Sync 1 DAGs
[2025-03-15T07:11:57.267+0000] {logging_mixin.py:190} INFO - [2025-03-15T07:11:57.266+0000] {dag.py:4180} INFO - Setting next_dagrun for example_weekday_branch_operator to 2025-03-14 00:00:00+00:00, run_after=2025-03-15 00:00:00+00:00
[2025-03-15T07:11:57.289+0000] {processor.py:208} INFO - Processing /home/airflow/.local/lib/python3.12/site-packages/airflow/example_dags/example_branch_day_of_week_operator.py took 0.081 seconds
[2025-03-15T07:12:27.905+0000] {processor.py:186} INFO - Started process (PID=113) to work on /home/airflow/.local/lib/python3.12/site-packages/airflow/example_dags/example_branch_day_of_week_operator.py
[2025-03-15T07:12:27.907+0000] {processor.py:914} INFO - Processing file /home/airflow/.local/lib/python3.12/site-packages/airflow/example_dags/example_branch_day_of_week_operator.py for tasks to queue
[2025-03-15T07:12:27.908+0000] {logging_mixin.py:190} INFO - [2025-03-15T07:12:27.908+0000] {dagbag.py:588} INFO - Filling up the DagBag from /home/airflow/.local/lib/python3.12/site-packages/airflow/example_dags/example_branch_day_of_week_operator.py
[2025-03-15T07:12:27.914+0000] {processor.py:925} INFO - DAG(s) 'example_weekday_branch_operator' retrieved from /home/airflow/.local/lib/python3.12/site-packages/airflow/example_dags/example_branch_day_of_week_operator.py
[2025-03-15T07:12:27.928+0000] {logging_mixin.py:190} INFO - [2025-03-15T07:12:27.928+0000] {dag.py:3239} INFO - Sync 1 DAGs
[2025-03-15T07:12:27.943+0000] {logging_mixin.py:190} INFO - [2025-03-15T07:12:27.943+0000] {dag.py:4180} INFO - Setting next_dagrun for example_weekday_branch_operator to 2025-03-14 00:00:00+00:00, run_after=2025-03-15 00:00:00+00:00
[2025-03-15T07:12:27.959+0000] {processor.py:208} INFO - Processing /home/airflow/.local/lib/python3.12/site-packages/airflow/example_dags/example_branch_day_of_week_operator.py took 0.058 seconds
[2025-03-15T07:12:58.426+0000] {processor.py:186} INFO - Started process (PID=175) to work on /home/airflow/.local/lib/python3.12/site-packages/airflow/example_dags/example_branch_day_of_week_operator.py
[2025-03-15T07:12:58.427+0000] {processor.py:914} INFO - Processing file /home/airflow/.local/lib/python3.12/site-packages/airflow/example_dags/example_branch_day_of_week_operator.py for tasks to queue
[2025-03-15T07:12:58.429+0000] {logging_mixin.py:190} INFO - [2025-03-15T07:12:58.429+0000] {dagbag.py:588} INFO - Filling up the DagBag from /home/airflow/.local/lib/python3.12/site-packages/airflow/example_dags/example_branch_day_of_week_operator.py
[2025-03-15T07:12:58.436+0000] {processor.py:925} INFO - DAG(s) 'example_weekday_branch_operator' retrieved from /home/airflow/.local/lib/python3.12/site-packages/airflow/example_dags/example_branch_day_of_week_operator.py
[2025-03-15T07:12:58.451+0000] {logging_mixin.py:190} INFO - [2025-03-15T07:12:58.450+0000] {dag.py:3239} INFO - Sync 1 DAGs
[2025-03-15T07:12:58.463+0000] {logging_mixin.py:190} INFO - [2025-03-15T07:12:58.463+0000] {dag.py:4180} INFO - Setting next_dagrun for example_weekday_branch_operator to 2025-03-14 00:00:00+00:00, run_after=2025-03-15 00:00:00+00:00
[2025-03-15T07:12:58.476+0000] {processor.py:208} INFO - Processing /home/airflow/.local/lib/python3.12/site-packages/airflow/example_dags/example_branch_day_of_week_operator.py took 0.054 seconds
[2025-03-15T07:13:29.286+0000] {processor.py:186} INFO - Started process (PID=238) to work on /home/airflow/.local/lib/python3.12/site-packages/airflow/example_dags/example_branch_day_of_week_operator.py
[2025-03-15T07:13:29.287+0000] {processor.py:914} INFO - Processing file /home/airflow/.local/lib/python3.12/site-packages/airflow/example_dags/example_branch_day_of_week_operator.py for tasks to queue
[2025-03-15T07:13:29.288+0000] {logging_mixin.py:190} INFO - [2025-03-15T07:13:29.288+0000] {dagbag.py:588} INFO - Filling up the DagBag from /home/airflow/.local/lib/python3.12/site-packages/airflow/example_dags/example_branch_day_of_week_operator.py
[2025-03-15T07:13:29.294+0000] {processor.py:925} INFO - DAG(s) 'example_weekday_branch_operator' retrieved from /home/airflow/.local/lib/python3.12/site-packages/airflow/example_dags/example_branch_day_of_week_operator.py
[2025-03-15T07:13:29.311+0000] {logging_mixin.py:190} INFO - [2025-03-15T07:13:29.311+0000] {dag.py:3239} INFO - Sync 1 DAGs
[2025-03-15T07:13:29.326+0000] {logging_mixin.py:190} INFO - [2025-03-15T07:13:29.325+0000] {dag.py:4180} INFO - Setting next_dagrun for example_weekday_branch_operator to 2025-03-14 00:00:00+00:00, run_after=2025-03-15 00:00:00+00:00
[2025-03-15T07:13:29.339+0000] {processor.py:208} INFO - Processing /home/airflow/.local/lib/python3.12/site-packages/airflow/example_dags/example_branch_day_of_week_operator.py took 0.057 seconds
[2025-03-15T07:13:59.912+0000] {processor.py:186} INFO - Started process (PID=301) to work on /home/airflow/.local/lib/python3.12/site-packages/airflow/example_dags/example_branch_day_of_week_operator.py
[2025-03-15T07:13:59.913+0000] {processor.py:914} INFO - Processing file /home/airflow/.local/lib/python3.12/site-packages/airflow/example_dags/example_branch_day_of_week_operator.py for tasks to queue
[2025-03-15T07:13:59.914+0000] {logging_mixin.py:190} INFO - [2025-03-15T07:13:59.914+0000] {dagbag.py:588} INFO - Filling up the DagBag from /home/airflow/.local/lib/python3.12/site-packages/airflow/example_dags/example_branch_day_of_week_operator.py
[2025-03-15T07:13:59.921+0000] {processor.py:925} INFO - DAG(s) 'example_weekday_branch_operator' retrieved from /home/airflow/.local/lib/python3.12/site-packages/airflow/example_dags/example_branch_day_of_week_operator.py
[2025-03-15T07:13:59.945+0000] {logging_mixin.py:190} INFO - [2025-03-15T07:13:59.945+0000] {dag.py:3239} INFO - Sync 1 DAGs
[2025-03-15T07:13:59.961+0000] {logging_mixin.py:190} INFO - [2025-03-15T07:13:59.961+0000] {dag.py:4180} INFO - Setting next_dagrun for example_weekday_branch_operator to 2025-03-14 00:00:00+00:00, run_after=2025-03-15 00:00:00+00:00
[2025-03-15T07:13:59.975+0000] {processor.py:208} INFO - Processing /home/airflow/.local/lib/python3.12/site-packages/airflow/example_dags/example_branch_day_of_week_operator.py took 0.067 seconds
[2025-03-15T07:14:30.544+0000] {processor.py:186} INFO - Started process (PID=364) to work on /home/airflow/.local/lib/python3.12/site-packages/airflow/example_dags/example_branch_day_of_week_operator.py
[2025-03-15T07:14:30.545+0000] {processor.py:914} INFO - Processing file /home/airflow/.local/lib/python3.12/site-packages/airflow/example_dags/example_branch_day_of_week_operator.py for tasks to queue
[2025-03-15T07:14:30.547+0000] {logging_mixin.py:190} INFO - [2025-03-15T07:14:30.546+0000] {dagbag.py:588} INFO - Filling up the DagBag from /home/airflow/.local/lib/python3.12/site-packages/airflow/example_dags/example_branch_day_of_week_operator.py
[2025-03-15T07:14:30.556+0000] {processor.py:925} INFO - DAG(s) 'example_weekday_branch_operator' retrieved from /home/airflow/.local/lib/python3.12/site-packages/airflow/example_dags/example_branch_day_of_week_operator.py
[2025-03-15T07:14:30.576+0000] {logging_mixin.py:190} INFO - [2025-03-15T07:14:30.576+0000] {dag.py:3239} INFO - Sync 1 DAGs
[2025-03-15T07:14:30.603+0000] {logging_mixin.py:190} INFO - [2025-03-15T07:14:30.603+0000] {dag.py:4180} INFO - Setting next_dagrun for example_weekday_branch_operator to 2025-03-14 00:00:00+00:00, run_after=2025-03-15 00:00:00+00:00
[2025-03-15T07:14:30.623+0000] {processor.py:208} INFO - Processing /home/airflow/.local/lib/python3.12/site-packages/airflow/example_dags/example_branch_day_of_week_operator.py took 0.084 seconds
[2025-03-15T07:15:00.758+0000] {processor.py:186} INFO - Started process (PID=428) to work on /home/airflow/.local/lib/python3.12/site-packages/airflow/example_dags/example_branch_day_of_week_operator.py
[2025-03-15T07:15:00.758+0000] {processor.py:914} INFO - Processing file /home/airflow/.local/lib/python3.12/site-packages/airflow/example_dags/example_branch_day_of_week_operator.py for tasks to queue
[2025-03-15T07:15:00.759+0000] {logging_mixin.py:190} INFO - [2025-03-15T07:15:00.759+0000] {dagbag.py:588} INFO - Filling up the DagBag from /home/airflow/.local/lib/python3.12/site-packages/airflow/example_dags/example_branch_day_of_week_operator.py
[2025-03-15T07:15:00.765+0000] {processor.py:925} INFO - DAG(s) 'example_weekday_branch_operator' retrieved from /home/airflow/.local/lib/python3.12/site-packages/airflow/example_dags/example_branch_day_of_week_operator.py
[2025-03-15T07:15:00.776+0000] {logging_mixin.py:190} INFO - [2025-03-15T07:15:00.776+0000] {dag.py:3239} INFO - Sync 1 DAGs
[2025-03-15T07:15:00.787+0000] {logging_mixin.py:190} INFO - [2025-03-15T07:15:00.787+0000] {dag.py:4180} INFO - Setting next_dagrun for example_weekday_branch_operator to 2025-03-14 00:00:00+00:00, run_after=2025-03-15 00:00:00+00:00
[2025-03-15T07:15:00.795+0000] {processor.py:208} INFO - Processing /home/airflow/.local/lib/python3.12/site-packages/airflow/example_dags/example_branch_day_of_week_operator.py took 0.042 seconds
[2025-03-15T07:15:31.613+0000] {processor.py:186} INFO - Started process (PID=496) to work on /home/airflow/.local/lib/python3.12/site-packages/airflow/example_dags/example_branch_day_of_week_operator.py
[2025-03-15T07:15:31.614+0000] {processor.py:914} INFO - Processing file /home/airflow/.local/lib/python3.12/site-packages/airflow/example_dags/example_branch_day_of_week_operator.py for tasks to queue
[2025-03-15T07:15:31.615+0000] {logging_mixin.py:190} INFO - [2025-03-15T07:15:31.615+0000] {dagbag.py:588} INFO - Filling up the DagBag from /home/airflow/.local/lib/python3.12/site-packages/airflow/example_dags/example_branch_day_of_week_operator.py
[2025-03-15T07:15:31.621+0000] {processor.py:925} INFO - DAG(s) 'example_weekday_branch_operator' retrieved from /home/airflow/.local/lib/python3.12/site-packages/airflow/example_dags/example_branch_day_of_week_operator.py
[2025-03-15T07:15:31.634+0000] {logging_mixin.py:190} INFO - [2025-03-15T07:15:31.634+0000] {dag.py:3239} INFO - Sync 1 DAGs
[2025-03-15T07:15:31.646+0000] {logging_mixin.py:190} INFO - [2025-03-15T07:15:31.646+0000] {dag.py:4180} INFO - Setting next_dagrun for example_weekday_branch_operator to 2025-03-14 00:00:00+00:00, run_after=2025-03-15 00:00:00+00:00
[2025-03-15T07:15:31.658+0000] {processor.py:208} INFO - Processing /home/airflow/.local/lib/python3.12/site-packages/airflow/example_dags/example_branch_day_of_week_operator.py took 0.049 seconds
[2025-03-15T07:16:02.515+0000] {processor.py:186} INFO - Started process (PID=559) to work on /home/airflow/.local/lib/python3.12/site-packages/airflow/example_dags/example_branch_day_of_week_operator.py
[2025-03-15T07:16:02.516+0000] {processor.py:914} INFO - Processing file /home/airflow/.local/lib/python3.12/site-packages/airflow/example_dags/example_branch_day_of_week_operator.py for tasks to queue
[2025-03-15T07:16:02.517+0000] {logging_mixin.py:190} INFO - [2025-03-15T07:16:02.517+0000] {dagbag.py:588} INFO - Filling up the DagBag from /home/airflow/.local/lib/python3.12/site-packages/airflow/example_dags/example_branch_day_of_week_operator.py
[2025-03-15T07:16:02.523+0000] {processor.py:925} INFO - DAG(s) 'example_weekday_branch_operator' retrieved from /home/airflow/.local/lib/python3.12/site-packages/airflow/example_dags/example_branch_day_of_week_operator.py
[2025-03-15T07:16:02.541+0000] {logging_mixin.py:190} INFO - [2025-03-15T07:16:02.540+0000] {dag.py:3239} INFO - Sync 1 DAGs
[2025-03-15T07:16:02.556+0000] {logging_mixin.py:190} INFO - [2025-03-15T07:16:02.556+0000] {dag.py:4180} INFO - Setting next_dagrun for example_weekday_branch_operator to 2025-03-14 00:00:00+00:00, run_after=2025-03-15 00:00:00+00:00
[2025-03-15T07:16:02.565+0000] {processor.py:208} INFO - Processing /home/airflow/.local/lib/python3.12/site-packages/airflow/example_dags/example_branch_day_of_week_operator.py took 0.054 seconds
[2025-03-15T07:16:33.521+0000] {processor.py:186} INFO - Started process (PID=621) to work on /home/airflow/.local/lib/python3.12/site-packages/airflow/example_dags/example_branch_day_of_week_operator.py
[2025-03-15T07:16:33.522+0000] {processor.py:914} INFO - Processing file /home/airflow/.local/lib/python3.12/site-packages/airflow/example_dags/example_branch_day_of_week_operator.py for tasks to queue
[2025-03-15T07:16:33.523+0000] {logging_mixin.py:190} INFO - [2025-03-15T07:16:33.523+0000] {dagbag.py:588} INFO - Filling up the DagBag from /home/airflow/.local/lib/python3.12/site-packages/airflow/example_dags/example_branch_day_of_week_operator.py
[2025-03-15T07:16:33.530+0000] {processor.py:925} INFO - DAG(s) 'example_weekday_branch_operator' retrieved from /home/airflow/.local/lib/python3.12/site-packages/airflow/example_dags/example_branch_day_of_week_operator.py
[2025-03-15T07:16:33.546+0000] {logging_mixin.py:190} INFO - [2025-03-15T07:16:33.546+0000] {dag.py:3239} INFO - Sync 1 DAGs
[2025-03-15T07:16:33.563+0000] {logging_mixin.py:190} INFO - [2025-03-15T07:16:33.562+0000] {dag.py:4180} INFO - Setting next_dagrun for example_weekday_branch_operator to 2025-03-14 00:00:00+00:00, run_after=2025-03-15 00:00:00+00:00
[2025-03-15T07:16:33.577+0000] {processor.py:208} INFO - Processing /home/airflow/.local/lib/python3.12/site-packages/airflow/example_dags/example_branch_day_of_week_operator.py took 0.060 seconds
[2025-03-15T07:17:04.445+0000] {processor.py:186} INFO - Started process (PID=684) to work on /home/airflow/.local/lib/python3.12/site-packages/airflow/example_dags/example_branch_day_of_week_operator.py
[2025-03-15T07:17:04.446+0000] {processor.py:914} INFO - Processing file /home/airflow/.local/lib/python3.12/site-packages/airflow/example_dags/example_branch_day_of_week_operator.py for tasks to queue
[2025-03-15T07:17:04.449+0000] {logging_mixin.py:190} INFO - [2025-03-15T07:17:04.449+0000] {dagbag.py:588} INFO - Filling up the DagBag from /home/airflow/.local/lib/python3.12/site-packages/airflow/example_dags/example_branch_day_of_week_operator.py
[2025-03-15T07:17:04.458+0000] {processor.py:925} INFO - DAG(s) 'example_weekday_branch_operator' retrieved from /home/airflow/.local/lib/python3.12/site-packages/airflow/example_dags/example_branch_day_of_week_operator.py
[2025-03-15T07:17:04.474+0000] {logging_mixin.py:190} INFO - [2025-03-15T07:17:04.474+0000] {dag.py:3239} INFO - Sync 1 DAGs
[2025-03-15T07:17:04.488+0000] {logging_mixin.py:190} INFO - [2025-03-15T07:17:04.487+0000] {dag.py:4180} INFO - Setting next_dagrun for example_weekday_branch_operator to 2025-03-14 00:00:00+00:00, run_after=2025-03-15 00:00:00+00:00
[2025-03-15T07:17:04.502+0000] {processor.py:208} INFO - Processing /home/airflow/.local/lib/python3.12/site-packages/airflow/example_dags/example_branch_day_of_week_operator.py took 0.062 seconds
[2025-03-15T07:17:34.585+0000] {processor.py:186} INFO - Started process (PID=747) to work on /home/airflow/.local/lib/python3.12/site-packages/airflow/example_dags/example_branch_day_of_week_operator.py
[2025-03-15T07:17:34.586+0000] {processor.py:914} INFO - Processing file /home/airflow/.local/lib/python3.12/site-packages/airflow/example_dags/example_branch_day_of_week_operator.py for tasks to queue
[2025-03-15T07:17:34.588+0000] {logging_mixin.py:190} INFO - [2025-03-15T07:17:34.588+0000] {dagbag.py:588} INFO - Filling up the DagBag from /home/airflow/.local/lib/python3.12/site-packages/airflow/example_dags/example_branch_day_of_week_operator.py
[2025-03-15T07:17:34.596+0000] {processor.py:925} INFO - DAG(s) 'example_weekday_branch_operator' retrieved from /home/airflow/.local/lib/python3.12/site-packages/airflow/example_dags/example_branch_day_of_week_operator.py
[2025-03-15T07:17:34.612+0000] {logging_mixin.py:190} INFO - [2025-03-15T07:17:34.612+0000] {dag.py:3239} INFO - Sync 1 DAGs
[2025-03-15T07:17:34.632+0000] {logging_mixin.py:190} INFO - [2025-03-15T07:17:34.632+0000] {dag.py:4180} INFO - Setting next_dagrun for example_weekday_branch_operator to 2025-03-14 00:00:00+00:00, run_after=2025-03-15 00:00:00+00:00
[2025-03-15T07:17:34.643+0000] {processor.py:208} INFO - Processing /home/airflow/.local/lib/python3.12/site-packages/airflow/example_dags/example_branch_day_of_week_operator.py took 0.063 seconds
[2025-03-15T07:18:04.973+0000] {processor.py:186} INFO - Started process (PID=810) to work on /home/airflow/.local/lib/python3.12/site-packages/airflow/example_dags/example_branch_day_of_week_operator.py
[2025-03-15T07:18:04.974+0000] {processor.py:914} INFO - Processing file /home/airflow/.local/lib/python3.12/site-packages/airflow/example_dags/example_branch_day_of_week_operator.py for tasks to queue
[2025-03-15T07:18:04.975+0000] {logging_mixin.py:190} INFO - [2025-03-15T07:18:04.975+0000] {dagbag.py:588} INFO - Filling up the DagBag from /home/airflow/.local/lib/python3.12/site-packages/airflow/example_dags/example_branch_day_of_week_operator.py
[2025-03-15T07:18:04.982+0000] {processor.py:925} INFO - DAG(s) 'example_weekday_branch_operator' retrieved from /home/airflow/.local/lib/python3.12/site-packages/airflow/example_dags/example_branch_day_of_week_operator.py
[2025-03-15T07:18:05.005+0000] {logging_mixin.py:190} INFO - [2025-03-15T07:18:05.005+0000] {dag.py:3239} INFO - Sync 1 DAGs
[2025-03-15T07:18:05.019+0000] {logging_mixin.py:190} INFO - [2025-03-15T07:18:05.019+0000] {dag.py:4180} INFO - Setting next_dagrun for example_weekday_branch_operator to 2025-03-14 00:00:00+00:00, run_after=2025-03-15 00:00:00+00:00
[2025-03-15T07:18:05.033+0000] {processor.py:208} INFO - Processing /home/airflow/.local/lib/python3.12/site-packages/airflow/example_dags/example_branch_day_of_week_operator.py took 0.063 seconds
[2025-03-15T07:18:35.080+0000] {processor.py:186} INFO - Started process (PID=873) to work on /home/airflow/.local/lib/python3.12/site-packages/airflow/example_dags/example_branch_day_of_week_operator.py
[2025-03-15T07:18:35.080+0000] {processor.py:914} INFO - Processing file /home/airflow/.local/lib/python3.12/site-packages/airflow/example_dags/example_branch_day_of_week_operator.py for tasks to queue
[2025-03-15T07:18:35.082+0000] {logging_mixin.py:190} INFO - [2025-03-15T07:18:35.082+0000] {dagbag.py:588} INFO - Filling up the DagBag from /home/airflow/.local/lib/python3.12/site-packages/airflow/example_dags/example_branch_day_of_week_operator.py
[2025-03-15T07:18:35.087+0000] {processor.py:925} INFO - DAG(s) 'example_weekday_branch_operator' retrieved from /home/airflow/.local/lib/python3.12/site-packages/airflow/example_dags/example_branch_day_of_week_operator.py
[2025-03-15T07:18:35.103+0000] {logging_mixin.py:190} INFO - [2025-03-15T07:18:35.102+0000] {dag.py:3239} INFO - Sync 1 DAGs
[2025-03-15T07:18:35.116+0000] {logging_mixin.py:190} INFO - [2025-03-15T07:18:35.116+0000] {dag.py:4180} INFO - Setting next_dagrun for example_weekday_branch_operator to 2025-03-14 00:00:00+00:00, run_after=2025-03-15 00:00:00+00:00
[2025-03-15T07:18:35.130+0000] {processor.py:208} INFO - Processing /home/airflow/.local/lib/python3.12/site-packages/airflow/example_dags/example_branch_day_of_week_operator.py took 0.054 seconds
[2025-03-15T07:19:05.437+0000] {processor.py:186} INFO - Started process (PID=944) to work on /home/airflow/.local/lib/python3.12/site-packages/airflow/example_dags/example_branch_day_of_week_operator.py
[2025-03-15T07:19:05.440+0000] {processor.py:914} INFO - Processing file /home/airflow/.local/lib/python3.12/site-packages/airflow/example_dags/example_branch_day_of_week_operator.py for tasks to queue
[2025-03-15T07:19:05.443+0000] {logging_mixin.py:190} INFO - [2025-03-15T07:19:05.443+0000] {dagbag.py:588} INFO - Filling up the DagBag from /home/airflow/.local/lib/python3.12/site-packages/airflow/example_dags/example_branch_day_of_week_operator.py
[2025-03-15T07:19:05.448+0000] {processor.py:925} INFO - DAG(s) 'example_weekday_branch_operator' retrieved from /home/airflow/.local/lib/python3.12/site-packages/airflow/example_dags/example_branch_day_of_week_operator.py
[2025-03-15T07:19:05.460+0000] {logging_mixin.py:190} INFO - [2025-03-15T07:19:05.460+0000] {dag.py:3239} INFO - Sync 1 DAGs
[2025-03-15T07:19:05.475+0000] {logging_mixin.py:190} INFO - [2025-03-15T07:19:05.475+0000] {dag.py:4180} INFO - Setting next_dagrun for example_weekday_branch_operator to 2025-03-14 00:00:00+00:00, run_after=2025-03-15 00:00:00+00:00
[2025-03-15T07:19:05.485+0000] {processor.py:208} INFO - Processing /home/airflow/.local/lib/python3.12/site-packages/airflow/example_dags/example_branch_day_of_week_operator.py took 0.051 seconds
[2025-03-15T07:19:36.349+0000] {processor.py:186} INFO - Started process (PID=1007) to work on /home/airflow/.local/lib/python3.12/site-packages/airflow/example_dags/example_branch_day_of_week_operator.py
[2025-03-15T07:19:36.350+0000] {processor.py:914} INFO - Processing file /home/airflow/.local/lib/python3.12/site-packages/airflow/example_dags/example_branch_day_of_week_operator.py for tasks to queue
[2025-03-15T07:19:36.352+0000] {logging_mixin.py:190} INFO - [2025-03-15T07:19:36.351+0000] {dagbag.py:588} INFO - Filling up the DagBag from /home/airflow/.local/lib/python3.12/site-packages/airflow/example_dags/example_branch_day_of_week_operator.py
[2025-03-15T07:19:36.359+0000] {processor.py:925} INFO - DAG(s) 'example_weekday_branch_operator' retrieved from /home/airflow/.local/lib/python3.12/site-packages/airflow/example_dags/example_branch_day_of_week_operator.py
[2025-03-15T07:19:36.378+0000] {logging_mixin.py:190} INFO - [2025-03-15T07:19:36.377+0000] {dag.py:3239} INFO - Sync 1 DAGs
[2025-03-15T07:19:36.392+0000] {logging_mixin.py:190} INFO - [2025-03-15T07:19:36.392+0000] {dag.py:4180} INFO - Setting next_dagrun for example_weekday_branch_operator to 2025-03-14 00:00:00+00:00, run_after=2025-03-15 00:00:00+00:00
[2025-03-15T07:19:36.405+0000] {processor.py:208} INFO - Processing /home/airflow/.local/lib/python3.12/site-packages/airflow/example_dags/example_branch_day_of_week_operator.py took 0.060 seconds
[2025-03-15T07:20:06.567+0000] {processor.py:186} INFO - Started process (PID=1070) to work on /home/airflow/.local/lib/python3.12/site-packages/airflow/example_dags/example_branch_day_of_week_operator.py
[2025-03-15T07:20:06.568+0000] {processor.py:914} INFO - Processing file /home/airflow/.local/lib/python3.12/site-packages/airflow/example_dags/example_branch_day_of_week_operator.py for tasks to queue
[2025-03-15T07:20:06.570+0000] {logging_mixin.py:190} INFO - [2025-03-15T07:20:06.570+0000] {dagbag.py:588} INFO - Filling up the DagBag from /home/airflow/.local/lib/python3.12/site-packages/airflow/example_dags/example_branch_day_of_week_operator.py
[2025-03-15T07:20:06.576+0000] {processor.py:925} INFO - DAG(s) 'example_weekday_branch_operator' retrieved from /home/airflow/.local/lib/python3.12/site-packages/airflow/example_dags/example_branch_day_of_week_operator.py
[2025-03-15T07:20:06.593+0000] {logging_mixin.py:190} INFO - [2025-03-15T07:20:06.593+0000] {dag.py:3239} INFO - Sync 1 DAGs
[2025-03-15T07:20:06.611+0000] {logging_mixin.py:190} INFO - [2025-03-15T07:20:06.611+0000] {dag.py:4180} INFO - Setting next_dagrun for example_weekday_branch_operator to 2025-03-14 00:00:00+00:00, run_after=2025-03-15 00:00:00+00:00
[2025-03-15T07:20:06.625+0000] {processor.py:208} INFO - Processing /home/airflow/.local/lib/python3.12/site-packages/airflow/example_dags/example_branch_day_of_week_operator.py took 0.063 seconds
[2025-03-15T07:20:36.777+0000] {processor.py:186} INFO - Started process (PID=1132) to work on /home/airflow/.local/lib/python3.12/site-packages/airflow/example_dags/example_branch_day_of_week_operator.py
[2025-03-15T07:20:36.778+0000] {processor.py:914} INFO - Processing file /home/airflow/.local/lib/python3.12/site-packages/airflow/example_dags/example_branch_day_of_week_operator.py for tasks to queue
[2025-03-15T07:20:36.779+0000] {logging_mixin.py:190} INFO - [2025-03-15T07:20:36.779+0000] {dagbag.py:588} INFO - Filling up the DagBag from /home/airflow/.local/lib/python3.12/site-packages/airflow/example_dags/example_branch_day_of_week_operator.py
[2025-03-15T07:20:36.785+0000] {processor.py:925} INFO - DAG(s) 'example_weekday_branch_operator' retrieved from /home/airflow/.local/lib/python3.12/site-packages/airflow/example_dags/example_branch_day_of_week_operator.py
[2025-03-15T07:20:36.801+0000] {logging_mixin.py:190} INFO - [2025-03-15T07:20:36.801+0000] {dag.py:3239} INFO - Sync 1 DAGs
[2025-03-15T07:20:36.818+0000] {logging_mixin.py:190} INFO - [2025-03-15T07:20:36.818+0000] {dag.py:4180} INFO - Setting next_dagrun for example_weekday_branch_operator to 2025-03-14 00:00:00+00:00, run_after=2025-03-15 00:00:00+00:00
[2025-03-15T07:20:36.832+0000] {processor.py:208} INFO - Processing /home/airflow/.local/lib/python3.12/site-packages/airflow/example_dags/example_branch_day_of_week_operator.py took 0.059 seconds
[2025-03-15T07:21:07.226+0000] {processor.py:186} INFO - Started process (PID=1195) to work on /home/airflow/.local/lib/python3.12/site-packages/airflow/example_dags/example_branch_day_of_week_operator.py
[2025-03-15T07:21:07.227+0000] {processor.py:914} INFO - Processing file /home/airflow/.local/lib/python3.12/site-packages/airflow/example_dags/example_branch_day_of_week_operator.py for tasks to queue
[2025-03-15T07:21:07.229+0000] {logging_mixin.py:190} INFO - [2025-03-15T07:21:07.228+0000] {dagbag.py:588} INFO - Filling up the DagBag from /home/airflow/.local/lib/python3.12/site-packages/airflow/example_dags/example_branch_day_of_week_operator.py
[2025-03-15T07:21:07.236+0000] {processor.py:925} INFO - DAG(s) 'example_weekday_branch_operator' retrieved from /home/airflow/.local/lib/python3.12/site-packages/airflow/example_dags/example_branch_day_of_week_operator.py
[2025-03-15T07:21:07.255+0000] {logging_mixin.py:190} INFO - [2025-03-15T07:21:07.255+0000] {dag.py:3239} INFO - Sync 1 DAGs
[2025-03-15T07:21:07.268+0000] {logging_mixin.py:190} INFO - [2025-03-15T07:21:07.268+0000] {dag.py:4180} INFO - Setting next_dagrun for example_weekday_branch_operator to 2025-03-14 00:00:00+00:00, run_after=2025-03-15 00:00:00+00:00
[2025-03-15T07:21:07.280+0000] {processor.py:208} INFO - Processing /home/airflow/.local/lib/python3.12/site-packages/airflow/example_dags/example_branch_day_of_week_operator.py took 0.058 seconds
[2025-03-15T07:21:37.538+0000] {processor.py:186} INFO - Started process (PID=1258) to work on /home/airflow/.local/lib/python3.12/site-packages/airflow/example_dags/example_branch_day_of_week_operator.py
[2025-03-15T07:21:37.539+0000] {processor.py:914} INFO - Processing file /home/airflow/.local/lib/python3.12/site-packages/airflow/example_dags/example_branch_day_of_week_operator.py for tasks to queue
[2025-03-15T07:21:37.541+0000] {logging_mixin.py:190} INFO - [2025-03-15T07:21:37.540+0000] {dagbag.py:588} INFO - Filling up the DagBag from /home/airflow/.local/lib/python3.12/site-packages/airflow/example_dags/example_branch_day_of_week_operator.py
[2025-03-15T07:21:37.546+0000] {processor.py:925} INFO - DAG(s) 'example_weekday_branch_operator' retrieved from /home/airflow/.local/lib/python3.12/site-packages/airflow/example_dags/example_branch_day_of_week_operator.py
[2025-03-15T07:21:37.560+0000] {logging_mixin.py:190} INFO - [2025-03-15T07:21:37.560+0000] {dag.py:3239} INFO - Sync 1 DAGs
[2025-03-15T07:21:37.574+0000] {logging_mixin.py:190} INFO - [2025-03-15T07:21:37.574+0000] {dag.py:4180} INFO - Setting next_dagrun for example_weekday_branch_operator to 2025-03-14 00:00:00+00:00, run_after=2025-03-15 00:00:00+00:00
[2025-03-15T07:21:37.589+0000] {processor.py:208} INFO - Processing /home/airflow/.local/lib/python3.12/site-packages/airflow/example_dags/example_branch_day_of_week_operator.py took 0.054 seconds
[2025-03-15T07:22:07.706+0000] {processor.py:186} INFO - Started process (PID=1321) to work on /home/airflow/.local/lib/python3.12/site-packages/airflow/example_dags/example_branch_day_of_week_operator.py
[2025-03-15T07:22:07.706+0000] {processor.py:914} INFO - Processing file /home/airflow/.local/lib/python3.12/site-packages/airflow/example_dags/example_branch_day_of_week_operator.py for tasks to queue
[2025-03-15T07:22:07.707+0000] {logging_mixin.py:190} INFO - [2025-03-15T07:22:07.707+0000] {dagbag.py:588} INFO - Filling up the DagBag from /home/airflow/.local/lib/python3.12/site-packages/airflow/example_dags/example_branch_day_of_week_operator.py
[2025-03-15T07:22:07.712+0000] {processor.py:925} INFO - DAG(s) 'example_weekday_branch_operator' retrieved from /home/airflow/.local/lib/python3.12/site-packages/airflow/example_dags/example_branch_day_of_week_operator.py
[2025-03-15T07:22:07.727+0000] {logging_mixin.py:190} INFO - [2025-03-15T07:22:07.727+0000] {dag.py:3239} INFO - Sync 1 DAGs
[2025-03-15T07:22:07.738+0000] {logging_mixin.py:190} INFO - [2025-03-15T07:22:07.738+0000] {dag.py:4180} INFO - Setting next_dagrun for example_weekday_branch_operator to 2025-03-14 00:00:00+00:00, run_after=2025-03-15 00:00:00+00:00
[2025-03-15T07:22:07.753+0000] {processor.py:208} INFO - Processing /home/airflow/.local/lib/python3.12/site-packages/airflow/example_dags/example_branch_day_of_week_operator.py took 0.051 seconds
[2025-03-15T07:22:38.127+0000] {processor.py:186} INFO - Started process (PID=1384) to work on /home/airflow/.local/lib/python3.12/site-packages/airflow/example_dags/example_branch_day_of_week_operator.py
[2025-03-15T07:22:38.129+0000] {processor.py:914} INFO - Processing file /home/airflow/.local/lib/python3.12/site-packages/airflow/example_dags/example_branch_day_of_week_operator.py for tasks to queue
[2025-03-15T07:22:38.132+0000] {logging_mixin.py:190} INFO - [2025-03-15T07:22:38.131+0000] {dagbag.py:588} INFO - Filling up the DagBag from /home/airflow/.local/lib/python3.12/site-packages/airflow/example_dags/example_branch_day_of_week_operator.py
[2025-03-15T07:22:38.138+0000] {processor.py:925} INFO - DAG(s) 'example_weekday_branch_operator' retrieved from /home/airflow/.local/lib/python3.12/site-packages/airflow/example_dags/example_branch_day_of_week_operator.py
[2025-03-15T07:22:38.151+0000] {logging_mixin.py:190} INFO - [2025-03-15T07:22:38.151+0000] {dag.py:3239} INFO - Sync 1 DAGs
[2025-03-15T07:22:38.165+0000] {logging_mixin.py:190} INFO - [2025-03-15T07:22:38.164+0000] {dag.py:4180} INFO - Setting next_dagrun for example_weekday_branch_operator to 2025-03-14 00:00:00+00:00, run_after=2025-03-15 00:00:00+00:00
[2025-03-15T07:22:38.216+0000] {processor.py:208} INFO - Processing /home/airflow/.local/lib/python3.12/site-packages/airflow/example_dags/example_branch_day_of_week_operator.py took 0.092 seconds
[2025-03-15T07:23:08.916+0000] {processor.py:186} INFO - Started process (PID=1447) to work on /home/airflow/.local/lib/python3.12/site-packages/airflow/example_dags/example_branch_day_of_week_operator.py
[2025-03-15T07:23:08.917+0000] {processor.py:914} INFO - Processing file /home/airflow/.local/lib/python3.12/site-packages/airflow/example_dags/example_branch_day_of_week_operator.py for tasks to queue
[2025-03-15T07:23:08.918+0000] {logging_mixin.py:190} INFO - [2025-03-15T07:23:08.918+0000] {dagbag.py:588} INFO - Filling up the DagBag from /home/airflow/.local/lib/python3.12/site-packages/airflow/example_dags/example_branch_day_of_week_operator.py
[2025-03-15T07:23:08.924+0000] {processor.py:925} INFO - DAG(s) 'example_weekday_branch_operator' retrieved from /home/airflow/.local/lib/python3.12/site-packages/airflow/example_dags/example_branch_day_of_week_operator.py
[2025-03-15T07:23:08.938+0000] {logging_mixin.py:190} INFO - [2025-03-15T07:23:08.938+0000] {dag.py:3239} INFO - Sync 1 DAGs
[2025-03-15T07:23:08.954+0000] {logging_mixin.py:190} INFO - [2025-03-15T07:23:08.954+0000] {dag.py:4180} INFO - Setting next_dagrun for example_weekday_branch_operator to 2025-03-14 00:00:00+00:00, run_after=2025-03-15 00:00:00+00:00
[2025-03-15T07:23:08.967+0000] {processor.py:208} INFO - Processing /home/airflow/.local/lib/python3.12/site-packages/airflow/example_dags/example_branch_day_of_week_operator.py took 0.054 seconds
[2025-03-15T07:23:39.144+0000] {processor.py:186} INFO - Started process (PID=1510) to work on /home/airflow/.local/lib/python3.12/site-packages/airflow/example_dags/example_branch_day_of_week_operator.py
[2025-03-15T07:23:39.146+0000] {processor.py:914} INFO - Processing file /home/airflow/.local/lib/python3.12/site-packages/airflow/example_dags/example_branch_day_of_week_operator.py for tasks to queue
[2025-03-15T07:23:39.148+0000] {logging_mixin.py:190} INFO - [2025-03-15T07:23:39.148+0000] {dagbag.py:588} INFO - Filling up the DagBag from /home/airflow/.local/lib/python3.12/site-packages/airflow/example_dags/example_branch_day_of_week_operator.py
[2025-03-15T07:23:39.162+0000] {processor.py:925} INFO - DAG(s) 'example_weekday_branch_operator' retrieved from /home/airflow/.local/lib/python3.12/site-packages/airflow/example_dags/example_branch_day_of_week_operator.py
[2025-03-15T07:23:39.174+0000] {logging_mixin.py:190} INFO - [2025-03-15T07:23:39.174+0000] {dag.py:3239} INFO - Sync 1 DAGs
[2025-03-15T07:23:39.188+0000] {logging_mixin.py:190} INFO - [2025-03-15T07:23:39.188+0000] {dag.py:4180} INFO - Setting next_dagrun for example_weekday_branch_operator to 2025-03-14 00:00:00+00:00, run_after=2025-03-15 00:00:00+00:00
[2025-03-15T07:23:39.207+0000] {processor.py:208} INFO - Processing /home/airflow/.local/lib/python3.12/site-packages/airflow/example_dags/example_branch_day_of_week_operator.py took 0.067 seconds
[2025-03-15T07:24:09.603+0000] {processor.py:186} INFO - Started process (PID=1573) to work on /home/airflow/.local/lib/python3.12/site-packages/airflow/example_dags/example_branch_day_of_week_operator.py
[2025-03-15T07:24:09.604+0000] {processor.py:914} INFO - Processing file /home/airflow/.local/lib/python3.12/site-packages/airflow/example_dags/example_branch_day_of_week_operator.py for tasks to queue
[2025-03-15T07:24:09.606+0000] {logging_mixin.py:190} INFO - [2025-03-15T07:24:09.605+0000] {dagbag.py:588} INFO - Filling up the DagBag from /home/airflow/.local/lib/python3.12/site-packages/airflow/example_dags/example_branch_day_of_week_operator.py
[2025-03-15T07:24:09.612+0000] {processor.py:925} INFO - DAG(s) 'example_weekday_branch_operator' retrieved from /home/airflow/.local/lib/python3.12/site-packages/airflow/example_dags/example_branch_day_of_week_operator.py
[2025-03-15T07:24:09.628+0000] {logging_mixin.py:190} INFO - [2025-03-15T07:24:09.627+0000] {dag.py:3239} INFO - Sync 1 DAGs
[2025-03-15T07:24:09.641+0000] {logging_mixin.py:190} INFO - [2025-03-15T07:24:09.640+0000] {dag.py:4180} INFO - Setting next_dagrun for example_weekday_branch_operator to 2025-03-14 00:00:00+00:00, run_after=2025-03-15 00:00:00+00:00
[2025-03-15T07:24:09.654+0000] {processor.py:208} INFO - Processing /home/airflow/.local/lib/python3.12/site-packages/airflow/example_dags/example_branch_day_of_week_operator.py took 0.055 seconds
[2025-03-15T07:24:39.804+0000] {processor.py:186} INFO - Started process (PID=1636) to work on /home/airflow/.local/lib/python3.12/site-packages/airflow/example_dags/example_branch_day_of_week_operator.py
[2025-03-15T07:24:39.804+0000] {processor.py:914} INFO - Processing file /home/airflow/.local/lib/python3.12/site-packages/airflow/example_dags/example_branch_day_of_week_operator.py for tasks to queue
[2025-03-15T07:24:39.805+0000] {logging_mixin.py:190} INFO - [2025-03-15T07:24:39.805+0000] {dagbag.py:588} INFO - Filling up the DagBag from /home/airflow/.local/lib/python3.12/site-packages/airflow/example_dags/example_branch_day_of_week_operator.py
[2025-03-15T07:24:39.810+0000] {processor.py:925} INFO - DAG(s) 'example_weekday_branch_operator' retrieved from /home/airflow/.local/lib/python3.12/site-packages/airflow/example_dags/example_branch_day_of_week_operator.py
[2025-03-15T07:24:39.829+0000] {logging_mixin.py:190} INFO - [2025-03-15T07:24:39.829+0000] {dag.py:3239} INFO - Sync 1 DAGs
[2025-03-15T07:24:39.842+0000] {logging_mixin.py:190} INFO - [2025-03-15T07:24:39.842+0000] {dag.py:4180} INFO - Setting next_dagrun for example_weekday_branch_operator to 2025-03-14 00:00:00+00:00, run_after=2025-03-15 00:00:00+00:00
[2025-03-15T07:24:39.854+0000] {processor.py:208} INFO - Processing /home/airflow/.local/lib/python3.12/site-packages/airflow/example_dags/example_branch_day_of_week_operator.py took 0.053 seconds
[2025-03-15T07:25:10.328+0000] {processor.py:186} INFO - Started process (PID=1698) to work on /home/airflow/.local/lib/python3.12/site-packages/airflow/example_dags/example_branch_day_of_week_operator.py
[2025-03-15T07:25:10.329+0000] {processor.py:914} INFO - Processing file /home/airflow/.local/lib/python3.12/site-packages/airflow/example_dags/example_branch_day_of_week_operator.py for tasks to queue
[2025-03-15T07:25:10.330+0000] {logging_mixin.py:190} INFO - [2025-03-15T07:25:10.330+0000] {dagbag.py:588} INFO - Filling up the DagBag from /home/airflow/.local/lib/python3.12/site-packages/airflow/example_dags/example_branch_day_of_week_operator.py
[2025-03-15T07:25:10.336+0000] {processor.py:925} INFO - DAG(s) 'example_weekday_branch_operator' retrieved from /home/airflow/.local/lib/python3.12/site-packages/airflow/example_dags/example_branch_day_of_week_operator.py
[2025-03-15T07:25:10.352+0000] {logging_mixin.py:190} INFO - [2025-03-15T07:25:10.351+0000] {dag.py:3239} INFO - Sync 1 DAGs
[2025-03-15T07:25:10.366+0000] {logging_mixin.py:190} INFO - [2025-03-15T07:25:10.366+0000] {dag.py:4180} INFO - Setting next_dagrun for example_weekday_branch_operator to 2025-03-14 00:00:00+00:00, run_after=2025-03-15 00:00:00+00:00
[2025-03-15T07:25:10.381+0000] {processor.py:208} INFO - Processing /home/airflow/.local/lib/python3.12/site-packages/airflow/example_dags/example_branch_day_of_week_operator.py took 0.056 seconds
[2025-03-15T07:25:40.673+0000] {processor.py:186} INFO - Started process (PID=1761) to work on /home/airflow/.local/lib/python3.12/site-packages/airflow/example_dags/example_branch_day_of_week_operator.py
[2025-03-15T07:25:40.673+0000] {processor.py:914} INFO - Processing file /home/airflow/.local/lib/python3.12/site-packages/airflow/example_dags/example_branch_day_of_week_operator.py for tasks to queue
[2025-03-15T07:25:40.675+0000] {logging_mixin.py:190} INFO - [2025-03-15T07:25:40.674+0000] {dagbag.py:588} INFO - Filling up the DagBag from /home/airflow/.local/lib/python3.12/site-packages/airflow/example_dags/example_branch_day_of_week_operator.py
[2025-03-15T07:25:40.680+0000] {processor.py:925} INFO - DAG(s) 'example_weekday_branch_operator' retrieved from /home/airflow/.local/lib/python3.12/site-packages/airflow/example_dags/example_branch_day_of_week_operator.py
[2025-03-15T07:25:40.700+0000] {logging_mixin.py:190} INFO - [2025-03-15T07:25:40.700+0000] {dag.py:3239} INFO - Sync 1 DAGs
[2025-03-15T07:25:40.716+0000] {logging_mixin.py:190} INFO - [2025-03-15T07:25:40.716+0000] {dag.py:4180} INFO - Setting next_dagrun for example_weekday_branch_operator to 2025-03-14 00:00:00+00:00, run_after=2025-03-15 00:00:00+00:00
[2025-03-15T07:25:40.733+0000] {processor.py:208} INFO - Processing /home/airflow/.local/lib/python3.12/site-packages/airflow/example_dags/example_branch_day_of_week_operator.py took 0.064 seconds
[2025-03-15T07:26:10.848+0000] {processor.py:186} INFO - Started process (PID=1823) to work on /home/airflow/.local/lib/python3.12/site-packages/airflow/example_dags/example_branch_day_of_week_operator.py
[2025-03-15T07:26:10.849+0000] {processor.py:914} INFO - Processing file /home/airflow/.local/lib/python3.12/site-packages/airflow/example_dags/example_branch_day_of_week_operator.py for tasks to queue
[2025-03-15T07:26:10.850+0000] {logging_mixin.py:190} INFO - [2025-03-15T07:26:10.850+0000] {dagbag.py:588} INFO - Filling up the DagBag from /home/airflow/.local/lib/python3.12/site-packages/airflow/example_dags/example_branch_day_of_week_operator.py
[2025-03-15T07:26:10.858+0000] {processor.py:925} INFO - DAG(s) 'example_weekday_branch_operator' retrieved from /home/airflow/.local/lib/python3.12/site-packages/airflow/example_dags/example_branch_day_of_week_operator.py
[2025-03-15T07:26:10.873+0000] {logging_mixin.py:190} INFO - [2025-03-15T07:26:10.873+0000] {dag.py:3239} INFO - Sync 1 DAGs
[2025-03-15T07:26:10.886+0000] {logging_mixin.py:190} INFO - [2025-03-15T07:26:10.885+0000] {dag.py:4180} INFO - Setting next_dagrun for example_weekday_branch_operator to 2025-03-14 00:00:00+00:00, run_after=2025-03-15 00:00:00+00:00
[2025-03-15T07:26:10.899+0000] {processor.py:208} INFO - Processing /home/airflow/.local/lib/python3.12/site-packages/airflow/example_dags/example_branch_day_of_week_operator.py took 0.057 seconds
[2025-03-15T07:26:41.253+0000] {processor.py:186} INFO - Started process (PID=1886) to work on /home/airflow/.local/lib/python3.12/site-packages/airflow/example_dags/example_branch_day_of_week_operator.py
[2025-03-15T07:26:41.254+0000] {processor.py:914} INFO - Processing file /home/airflow/.local/lib/python3.12/site-packages/airflow/example_dags/example_branch_day_of_week_operator.py for tasks to queue
[2025-03-15T07:26:41.255+0000] {logging_mixin.py:190} INFO - [2025-03-15T07:26:41.255+0000] {dagbag.py:588} INFO - Filling up the DagBag from /home/airflow/.local/lib/python3.12/site-packages/airflow/example_dags/example_branch_day_of_week_operator.py
[2025-03-15T07:26:41.261+0000] {processor.py:925} INFO - DAG(s) 'example_weekday_branch_operator' retrieved from /home/airflow/.local/lib/python3.12/site-packages/airflow/example_dags/example_branch_day_of_week_operator.py
[2025-03-15T07:26:41.277+0000] {logging_mixin.py:190} INFO - [2025-03-15T07:26:41.277+0000] {dag.py:3239} INFO - Sync 1 DAGs
[2025-03-15T07:26:41.295+0000] {logging_mixin.py:190} INFO - [2025-03-15T07:26:41.295+0000] {dag.py:4180} INFO - Setting next_dagrun for example_weekday_branch_operator to 2025-03-14 00:00:00+00:00, run_after=2025-03-15 00:00:00+00:00
[2025-03-15T07:26:41.308+0000] {processor.py:208} INFO - Processing /home/airflow/.local/lib/python3.12/site-packages/airflow/example_dags/example_branch_day_of_week_operator.py took 0.061 seconds
[2025-03-15T07:27:11.750+0000] {processor.py:186} INFO - Started process (PID=1950) to work on /home/airflow/.local/lib/python3.12/site-packages/airflow/example_dags/example_branch_day_of_week_operator.py
[2025-03-15T07:27:11.751+0000] {processor.py:914} INFO - Processing file /home/airflow/.local/lib/python3.12/site-packages/airflow/example_dags/example_branch_day_of_week_operator.py for tasks to queue
[2025-03-15T07:27:11.752+0000] {logging_mixin.py:190} INFO - [2025-03-15T07:27:11.752+0000] {dagbag.py:588} INFO - Filling up the DagBag from /home/airflow/.local/lib/python3.12/site-packages/airflow/example_dags/example_branch_day_of_week_operator.py
[2025-03-15T07:27:11.757+0000] {processor.py:925} INFO - DAG(s) 'example_weekday_branch_operator' retrieved from /home/airflow/.local/lib/python3.12/site-packages/airflow/example_dags/example_branch_day_of_week_operator.py
[2025-03-15T07:27:11.773+0000] {logging_mixin.py:190} INFO - [2025-03-15T07:27:11.773+0000] {dag.py:3239} INFO - Sync 1 DAGs
[2025-03-15T07:27:11.788+0000] {logging_mixin.py:190} INFO - [2025-03-15T07:27:11.788+0000] {dag.py:4180} INFO - Setting next_dagrun for example_weekday_branch_operator to 2025-03-14 00:00:00+00:00, run_after=2025-03-15 00:00:00+00:00
[2025-03-15T07:27:11.803+0000] {processor.py:208} INFO - Processing /home/airflow/.local/lib/python3.12/site-packages/airflow/example_dags/example_branch_day_of_week_operator.py took 0.057 seconds
[2025-03-15T07:27:41.981+0000] {processor.py:186} INFO - Started process (PID=2014) to work on /home/airflow/.local/lib/python3.12/site-packages/airflow/example_dags/example_branch_day_of_week_operator.py
[2025-03-15T07:27:41.982+0000] {processor.py:914} INFO - Processing file /home/airflow/.local/lib/python3.12/site-packages/airflow/example_dags/example_branch_day_of_week_operator.py for tasks to queue
[2025-03-15T07:27:41.983+0000] {logging_mixin.py:190} INFO - [2025-03-15T07:27:41.983+0000] {dagbag.py:588} INFO - Filling up the DagBag from /home/airflow/.local/lib/python3.12/site-packages/airflow/example_dags/example_branch_day_of_week_operator.py
[2025-03-15T07:27:42.006+0000] {processor.py:925} INFO - DAG(s) 'example_weekday_branch_operator' retrieved from /home/airflow/.local/lib/python3.12/site-packages/airflow/example_dags/example_branch_day_of_week_operator.py
[2025-03-15T07:27:42.040+0000] {logging_mixin.py:190} INFO - [2025-03-15T07:27:42.040+0000] {dag.py:3239} INFO - Sync 1 DAGs
[2025-03-15T07:27:42.057+0000] {logging_mixin.py:190} INFO - [2025-03-15T07:27:42.057+0000] {dag.py:4180} INFO - Setting next_dagrun for example_weekday_branch_operator to 2025-03-14 00:00:00+00:00, run_after=2025-03-15 00:00:00+00:00
[2025-03-15T07:27:42.071+0000] {processor.py:208} INFO - Processing /home/airflow/.local/lib/python3.12/site-packages/airflow/example_dags/example_branch_day_of_week_operator.py took 0.096 seconds
[2025-03-15T07:28:12.566+0000] {processor.py:186} INFO - Started process (PID=2078) to work on /home/airflow/.local/lib/python3.12/site-packages/airflow/example_dags/example_branch_day_of_week_operator.py
[2025-03-15T07:28:12.567+0000] {processor.py:914} INFO - Processing file /home/airflow/.local/lib/python3.12/site-packages/airflow/example_dags/example_branch_day_of_week_operator.py for tasks to queue
[2025-03-15T07:28:12.569+0000] {logging_mixin.py:190} INFO - [2025-03-15T07:28:12.568+0000] {dagbag.py:588} INFO - Filling up the DagBag from /home/airflow/.local/lib/python3.12/site-packages/airflow/example_dags/example_branch_day_of_week_operator.py
[2025-03-15T07:28:12.574+0000] {processor.py:925} INFO - DAG(s) 'example_weekday_branch_operator' retrieved from /home/airflow/.local/lib/python3.12/site-packages/airflow/example_dags/example_branch_day_of_week_operator.py
[2025-03-15T07:28:12.590+0000] {logging_mixin.py:190} INFO - [2025-03-15T07:28:12.590+0000] {dag.py:3239} INFO - Sync 1 DAGs
[2025-03-15T07:28:12.609+0000] {logging_mixin.py:190} INFO - [2025-03-15T07:28:12.608+0000] {dag.py:4180} INFO - Setting next_dagrun for example_weekday_branch_operator to 2025-03-14 00:00:00+00:00, run_after=2025-03-15 00:00:00+00:00
[2025-03-15T07:28:12.623+0000] {processor.py:208} INFO - Processing /home/airflow/.local/lib/python3.12/site-packages/airflow/example_dags/example_branch_day_of_week_operator.py took 0.061 seconds
[2025-03-15T07:28:43.037+0000] {processor.py:186} INFO - Started process (PID=2142) to work on /home/airflow/.local/lib/python3.12/site-packages/airflow/example_dags/example_branch_day_of_week_operator.py
[2025-03-15T07:28:43.038+0000] {processor.py:914} INFO - Processing file /home/airflow/.local/lib/python3.12/site-packages/airflow/example_dags/example_branch_day_of_week_operator.py for tasks to queue
[2025-03-15T07:28:43.042+0000] {logging_mixin.py:190} INFO - [2025-03-15T07:28:43.042+0000] {dagbag.py:588} INFO - Filling up the DagBag from /home/airflow/.local/lib/python3.12/site-packages/airflow/example_dags/example_branch_day_of_week_operator.py
[2025-03-15T07:28:43.049+0000] {processor.py:925} INFO - DAG(s) 'example_weekday_branch_operator' retrieved from /home/airflow/.local/lib/python3.12/site-packages/airflow/example_dags/example_branch_day_of_week_operator.py
[2025-03-15T07:28:43.069+0000] {logging_mixin.py:190} INFO - [2025-03-15T07:28:43.069+0000] {dag.py:3239} INFO - Sync 1 DAGs
[2025-03-15T07:28:43.088+0000] {logging_mixin.py:190} INFO - [2025-03-15T07:28:43.088+0000] {dag.py:4180} INFO - Setting next_dagrun for example_weekday_branch_operator to 2025-03-14 00:00:00+00:00, run_after=2025-03-15 00:00:00+00:00
[2025-03-15T07:28:43.113+0000] {processor.py:208} INFO - Processing /home/airflow/.local/lib/python3.12/site-packages/airflow/example_dags/example_branch_day_of_week_operator.py took 0.085 seconds
[2025-03-15T07:29:13.231+0000] {processor.py:186} INFO - Started process (PID=2207) to work on /home/airflow/.local/lib/python3.12/site-packages/airflow/example_dags/example_branch_day_of_week_operator.py
[2025-03-15T07:29:13.231+0000] {processor.py:914} INFO - Processing file /home/airflow/.local/lib/python3.12/site-packages/airflow/example_dags/example_branch_day_of_week_operator.py for tasks to queue
[2025-03-15T07:29:13.233+0000] {logging_mixin.py:190} INFO - [2025-03-15T07:29:13.233+0000] {dagbag.py:588} INFO - Filling up the DagBag from /home/airflow/.local/lib/python3.12/site-packages/airflow/example_dags/example_branch_day_of_week_operator.py
[2025-03-15T07:29:13.238+0000] {processor.py:925} INFO - DAG(s) 'example_weekday_branch_operator' retrieved from /home/airflow/.local/lib/python3.12/site-packages/airflow/example_dags/example_branch_day_of_week_operator.py
[2025-03-15T07:29:13.250+0000] {logging_mixin.py:190} INFO - [2025-03-15T07:29:13.250+0000] {dag.py:3239} INFO - Sync 1 DAGs
[2025-03-15T07:29:13.262+0000] {logging_mixin.py:190} INFO - [2025-03-15T07:29:13.262+0000] {dag.py:4180} INFO - Setting next_dagrun for example_weekday_branch_operator to 2025-03-14 00:00:00+00:00, run_after=2025-03-15 00:00:00+00:00
[2025-03-15T07:29:13.272+0000] {processor.py:208} INFO - Processing /home/airflow/.local/lib/python3.12/site-packages/airflow/example_dags/example_branch_day_of_week_operator.py took 0.044 seconds
[2025-03-15T07:29:43.624+0000] {processor.py:186} INFO - Started process (PID=2270) to work on /home/airflow/.local/lib/python3.12/site-packages/airflow/example_dags/example_branch_day_of_week_operator.py
[2025-03-15T07:29:43.624+0000] {processor.py:914} INFO - Processing file /home/airflow/.local/lib/python3.12/site-packages/airflow/example_dags/example_branch_day_of_week_operator.py for tasks to queue
[2025-03-15T07:29:43.626+0000] {logging_mixin.py:190} INFO - [2025-03-15T07:29:43.626+0000] {dagbag.py:588} INFO - Filling up the DagBag from /home/airflow/.local/lib/python3.12/site-packages/airflow/example_dags/example_branch_day_of_week_operator.py
[2025-03-15T07:29:43.632+0000] {processor.py:925} INFO - DAG(s) 'example_weekday_branch_operator' retrieved from /home/airflow/.local/lib/python3.12/site-packages/airflow/example_dags/example_branch_day_of_week_operator.py
[2025-03-15T07:29:43.655+0000] {logging_mixin.py:190} INFO - [2025-03-15T07:29:43.655+0000] {dag.py:3239} INFO - Sync 1 DAGs
[2025-03-15T07:29:43.669+0000] {logging_mixin.py:190} INFO - [2025-03-15T07:29:43.669+0000] {dag.py:4180} INFO - Setting next_dagrun for example_weekday_branch_operator to 2025-03-14 00:00:00+00:00, run_after=2025-03-15 00:00:00+00:00
[2025-03-15T07:29:43.684+0000] {processor.py:208} INFO - Processing /home/airflow/.local/lib/python3.12/site-packages/airflow/example_dags/example_branch_day_of_week_operator.py took 0.064 seconds
[2025-03-15T07:30:14.060+0000] {processor.py:186} INFO - Started process (PID=2334) to work on /home/airflow/.local/lib/python3.12/site-packages/airflow/example_dags/example_branch_day_of_week_operator.py
[2025-03-15T07:30:14.061+0000] {processor.py:914} INFO - Processing file /home/airflow/.local/lib/python3.12/site-packages/airflow/example_dags/example_branch_day_of_week_operator.py for tasks to queue
[2025-03-15T07:30:14.062+0000] {logging_mixin.py:190} INFO - [2025-03-15T07:30:14.062+0000] {dagbag.py:588} INFO - Filling up the DagBag from /home/airflow/.local/lib/python3.12/site-packages/airflow/example_dags/example_branch_day_of_week_operator.py
[2025-03-15T07:30:14.071+0000] {processor.py:925} INFO - DAG(s) 'example_weekday_branch_operator' retrieved from /home/airflow/.local/lib/python3.12/site-packages/airflow/example_dags/example_branch_day_of_week_operator.py
[2025-03-15T07:30:14.086+0000] {logging_mixin.py:190} INFO - [2025-03-15T07:30:14.085+0000] {dag.py:3239} INFO - Sync 1 DAGs
[2025-03-15T07:30:14.105+0000] {logging_mixin.py:190} INFO - [2025-03-15T07:30:14.105+0000] {dag.py:4180} INFO - Setting next_dagrun for example_weekday_branch_operator to 2025-03-14 00:00:00+00:00, run_after=2025-03-15 00:00:00+00:00
[2025-03-15T07:30:14.120+0000] {processor.py:208} INFO - Processing /home/airflow/.local/lib/python3.12/site-packages/airflow/example_dags/example_branch_day_of_week_operator.py took 0.063 seconds
[2025-03-15T07:30:44.236+0000] {processor.py:186} INFO - Started process (PID=2398) to work on /home/airflow/.local/lib/python3.12/site-packages/airflow/example_dags/example_branch_day_of_week_operator.py
[2025-03-15T07:30:44.240+0000] {processor.py:914} INFO - Processing file /home/airflow/.local/lib/python3.12/site-packages/airflow/example_dags/example_branch_day_of_week_operator.py for tasks to queue
[2025-03-15T07:30:44.241+0000] {logging_mixin.py:190} INFO - [2025-03-15T07:30:44.241+0000] {dagbag.py:588} INFO - Filling up the DagBag from /home/airflow/.local/lib/python3.12/site-packages/airflow/example_dags/example_branch_day_of_week_operator.py
[2025-03-15T07:30:44.251+0000] {processor.py:925} INFO - DAG(s) 'example_weekday_branch_operator' retrieved from /home/airflow/.local/lib/python3.12/site-packages/airflow/example_dags/example_branch_day_of_week_operator.py
[2025-03-15T07:30:44.266+0000] {logging_mixin.py:190} INFO - [2025-03-15T07:30:44.266+0000] {dag.py:3239} INFO - Sync 1 DAGs
[2025-03-15T07:30:44.285+0000] {logging_mixin.py:190} INFO - [2025-03-15T07:30:44.285+0000] {dag.py:4180} INFO - Setting next_dagrun for example_weekday_branch_operator to 2025-03-14 00:00:00+00:00, run_after=2025-03-15 00:00:00+00:00
[2025-03-15T07:30:44.298+0000] {processor.py:208} INFO - Processing /home/airflow/.local/lib/python3.12/site-packages/airflow/example_dags/example_branch_day_of_week_operator.py took 0.065 seconds
[2025-03-15T07:31:14.383+0000] {processor.py:186} INFO - Started process (PID=2462) to work on /home/airflow/.local/lib/python3.12/site-packages/airflow/example_dags/example_branch_day_of_week_operator.py
[2025-03-15T07:31:14.385+0000] {processor.py:914} INFO - Processing file /home/airflow/.local/lib/python3.12/site-packages/airflow/example_dags/example_branch_day_of_week_operator.py for tasks to queue
[2025-03-15T07:31:14.387+0000] {logging_mixin.py:190} INFO - [2025-03-15T07:31:14.387+0000] {dagbag.py:588} INFO - Filling up the DagBag from /home/airflow/.local/lib/python3.12/site-packages/airflow/example_dags/example_branch_day_of_week_operator.py
[2025-03-15T07:31:14.393+0000] {processor.py:925} INFO - DAG(s) 'example_weekday_branch_operator' retrieved from /home/airflow/.local/lib/python3.12/site-packages/airflow/example_dags/example_branch_day_of_week_operator.py
[2025-03-15T07:31:14.408+0000] {logging_mixin.py:190} INFO - [2025-03-15T07:31:14.408+0000] {dag.py:3239} INFO - Sync 1 DAGs
[2025-03-15T07:31:14.420+0000] {logging_mixin.py:190} INFO - [2025-03-15T07:31:14.420+0000] {dag.py:4180} INFO - Setting next_dagrun for example_weekday_branch_operator to 2025-03-14 00:00:00+00:00, run_after=2025-03-15 00:00:00+00:00
[2025-03-15T07:31:14.434+0000] {processor.py:208} INFO - Processing /home/airflow/.local/lib/python3.12/site-packages/airflow/example_dags/example_branch_day_of_week_operator.py took 0.055 seconds
[2025-03-15T07:31:44.776+0000] {processor.py:186} INFO - Started process (PID=2526) to work on /home/airflow/.local/lib/python3.12/site-packages/airflow/example_dags/example_branch_day_of_week_operator.py
[2025-03-15T07:31:44.777+0000] {processor.py:914} INFO - Processing file /home/airflow/.local/lib/python3.12/site-packages/airflow/example_dags/example_branch_day_of_week_operator.py for tasks to queue
[2025-03-15T07:31:44.778+0000] {logging_mixin.py:190} INFO - [2025-03-15T07:31:44.778+0000] {dagbag.py:588} INFO - Filling up the DagBag from /home/airflow/.local/lib/python3.12/site-packages/airflow/example_dags/example_branch_day_of_week_operator.py
[2025-03-15T07:31:44.787+0000] {processor.py:925} INFO - DAG(s) 'example_weekday_branch_operator' retrieved from /home/airflow/.local/lib/python3.12/site-packages/airflow/example_dags/example_branch_day_of_week_operator.py
[2025-03-15T07:31:44.800+0000] {logging_mixin.py:190} INFO - [2025-03-15T07:31:44.800+0000] {dag.py:3239} INFO - Sync 1 DAGs
[2025-03-15T07:31:44.812+0000] {logging_mixin.py:190} INFO - [2025-03-15T07:31:44.811+0000] {dag.py:4180} INFO - Setting next_dagrun for example_weekday_branch_operator to 2025-03-14 00:00:00+00:00, run_after=2025-03-15 00:00:00+00:00
[2025-03-15T07:31:44.826+0000] {processor.py:208} INFO - Processing /home/airflow/.local/lib/python3.12/site-packages/airflow/example_dags/example_branch_day_of_week_operator.py took 0.053 seconds
[2025-03-15T07:32:15.086+0000] {processor.py:186} INFO - Started process (PID=2590) to work on /home/airflow/.local/lib/python3.12/site-packages/airflow/example_dags/example_branch_day_of_week_operator.py
[2025-03-15T07:32:15.087+0000] {processor.py:914} INFO - Processing file /home/airflow/.local/lib/python3.12/site-packages/airflow/example_dags/example_branch_day_of_week_operator.py for tasks to queue
[2025-03-15T07:32:15.088+0000] {logging_mixin.py:190} INFO - [2025-03-15T07:32:15.088+0000] {dagbag.py:588} INFO - Filling up the DagBag from /home/airflow/.local/lib/python3.12/site-packages/airflow/example_dags/example_branch_day_of_week_operator.py
[2025-03-15T07:32:15.093+0000] {processor.py:925} INFO - DAG(s) 'example_weekday_branch_operator' retrieved from /home/airflow/.local/lib/python3.12/site-packages/airflow/example_dags/example_branch_day_of_week_operator.py
[2025-03-15T07:32:15.108+0000] {logging_mixin.py:190} INFO - [2025-03-15T07:32:15.107+0000] {dag.py:3239} INFO - Sync 1 DAGs
[2025-03-15T07:32:15.125+0000] {logging_mixin.py:190} INFO - [2025-03-15T07:32:15.125+0000] {dag.py:4180} INFO - Setting next_dagrun for example_weekday_branch_operator to 2025-03-14 00:00:00+00:00, run_after=2025-03-15 00:00:00+00:00
[2025-03-15T07:32:15.139+0000] {processor.py:208} INFO - Processing /home/airflow/.local/lib/python3.12/site-packages/airflow/example_dags/example_branch_day_of_week_operator.py took 0.056 seconds
