[2025-03-15T07:12:00.637+0000] {processor.py:186} INFO - Started process (PID=99) to work on /home/airflow/.local/lib/python3.12/site-packages/airflow/example_dags/example_inlet_event_extra.py
[2025-03-15T07:12:00.638+0000] {processor.py:914} INFO - Processing file /home/airflow/.local/lib/python3.12/site-packages/airflow/example_dags/example_inlet_event_extra.py for tasks to queue
[2025-03-15T07:12:00.640+0000] {logging_mixin.py:190} INFO - [2025-03-15T07:12:00.639+0000] {dagbag.py:588} INFO - Filling up the DagBag from /home/airflow/.local/lib/python3.12/site-packages/airflow/example_dags/example_inlet_event_extra.py
[2025-03-15T07:12:00.853+0000] {processor.py:925} INFO - DAG(s) 'read_dataset_event_from_classic', 'read_dataset_event' retrieved from /home/airflow/.local/lib/python3.12/site-packages/airflow/example_dags/example_inlet_event_extra.py
[2025-03-15T07:12:00.864+0000] {logging_mixin.py:190} INFO - [2025-03-15T07:12:00.864+0000] {dag.py:3239} INFO - Sync 2 DAGs
[2025-03-15T07:12:00.983+0000] {logging_mixin.py:190} INFO - [2025-03-15T07:12:00.983+0000] {dag.py:4180} INFO - Setting next_dagrun for read_dataset_event to 2025-03-14 00:00:00+00:00, run_after=2025-03-15 00:00:00+00:00
[2025-03-15T07:12:00.986+0000] {logging_mixin.py:190} INFO - [2025-03-15T07:12:00.986+0000] {dag.py:4180} INFO - Setting next_dagrun for read_dataset_event_from_classic to 2025-03-14 00:00:00+00:00, run_after=2025-03-15 00:00:00+00:00
[2025-03-15T07:12:01.001+0000] {processor.py:208} INFO - Processing /home/airflow/.local/lib/python3.12/site-packages/airflow/example_dags/example_inlet_event_extra.py took 0.367 seconds
[2025-03-15T07:12:31.135+0000] {processor.py:186} INFO - Started process (PID=164) to work on /home/airflow/.local/lib/python3.12/site-packages/airflow/example_dags/example_inlet_event_extra.py
[2025-03-15T07:12:31.135+0000] {processor.py:914} INFO - Processing file /home/airflow/.local/lib/python3.12/site-packages/airflow/example_dags/example_inlet_event_extra.py for tasks to queue
[2025-03-15T07:12:31.136+0000] {logging_mixin.py:190} INFO - [2025-03-15T07:12:31.136+0000] {dagbag.py:588} INFO - Filling up the DagBag from /home/airflow/.local/lib/python3.12/site-packages/airflow/example_dags/example_inlet_event_extra.py
[2025-03-15T07:12:31.433+0000] {processor.py:925} INFO - DAG(s) 'read_dataset_event_from_classic', 'read_dataset_event' retrieved from /home/airflow/.local/lib/python3.12/site-packages/airflow/example_dags/example_inlet_event_extra.py
[2025-03-15T07:12:31.443+0000] {logging_mixin.py:190} INFO - [2025-03-15T07:12:31.442+0000] {dag.py:3239} INFO - Sync 2 DAGs
[2025-03-15T07:12:31.454+0000] {logging_mixin.py:190} INFO - [2025-03-15T07:12:31.454+0000] {dag.py:4180} INFO - Setting next_dagrun for read_dataset_event to 2025-03-14 00:00:00+00:00, run_after=2025-03-15 00:00:00+00:00
[2025-03-15T07:12:31.456+0000] {logging_mixin.py:190} INFO - [2025-03-15T07:12:31.456+0000] {dag.py:4180} INFO - Setting next_dagrun for read_dataset_event_from_classic to 2025-03-14 00:00:00+00:00, run_after=2025-03-15 00:00:00+00:00
[2025-03-15T07:12:31.464+0000] {processor.py:208} INFO - Processing /home/airflow/.local/lib/python3.12/site-packages/airflow/example_dags/example_inlet_event_extra.py took 0.332 seconds
[2025-03-15T07:13:02.418+0000] {processor.py:186} INFO - Started process (PID=227) to work on /home/airflow/.local/lib/python3.12/site-packages/airflow/example_dags/example_inlet_event_extra.py
[2025-03-15T07:13:02.420+0000] {processor.py:914} INFO - Processing file /home/airflow/.local/lib/python3.12/site-packages/airflow/example_dags/example_inlet_event_extra.py for tasks to queue
[2025-03-15T07:13:02.422+0000] {logging_mixin.py:190} INFO - [2025-03-15T07:13:02.422+0000] {dagbag.py:588} INFO - Filling up the DagBag from /home/airflow/.local/lib/python3.12/site-packages/airflow/example_dags/example_inlet_event_extra.py
[2025-03-15T07:13:02.763+0000] {processor.py:925} INFO - DAG(s) 'read_dataset_event_from_classic', 'read_dataset_event' retrieved from /home/airflow/.local/lib/python3.12/site-packages/airflow/example_dags/example_inlet_event_extra.py
[2025-03-15T07:13:02.779+0000] {logging_mixin.py:190} INFO - [2025-03-15T07:13:02.778+0000] {dag.py:3239} INFO - Sync 2 DAGs
[2025-03-15T07:13:02.790+0000] {logging_mixin.py:190} INFO - [2025-03-15T07:13:02.790+0000] {dag.py:4180} INFO - Setting next_dagrun for read_dataset_event to 2025-03-14 00:00:00+00:00, run_after=2025-03-15 00:00:00+00:00
[2025-03-15T07:13:02.794+0000] {logging_mixin.py:190} INFO - [2025-03-15T07:13:02.794+0000] {dag.py:4180} INFO - Setting next_dagrun for read_dataset_event_from_classic to 2025-03-14 00:00:00+00:00, run_after=2025-03-15 00:00:00+00:00
[2025-03-15T07:13:02.802+0000] {processor.py:208} INFO - Processing /home/airflow/.local/lib/python3.12/site-packages/airflow/example_dags/example_inlet_event_extra.py took 0.387 seconds
[2025-03-15T07:13:33.708+0000] {processor.py:186} INFO - Started process (PID=291) to work on /home/airflow/.local/lib/python3.12/site-packages/airflow/example_dags/example_inlet_event_extra.py
[2025-03-15T07:13:33.709+0000] {processor.py:914} INFO - Processing file /home/airflow/.local/lib/python3.12/site-packages/airflow/example_dags/example_inlet_event_extra.py for tasks to queue
[2025-03-15T07:13:33.710+0000] {logging_mixin.py:190} INFO - [2025-03-15T07:13:33.710+0000] {dagbag.py:588} INFO - Filling up the DagBag from /home/airflow/.local/lib/python3.12/site-packages/airflow/example_dags/example_inlet_event_extra.py
[2025-03-15T07:13:34.013+0000] {processor.py:925} INFO - DAG(s) 'read_dataset_event_from_classic', 'read_dataset_event' retrieved from /home/airflow/.local/lib/python3.12/site-packages/airflow/example_dags/example_inlet_event_extra.py
[2025-03-15T07:13:34.023+0000] {logging_mixin.py:190} INFO - [2025-03-15T07:13:34.023+0000] {dag.py:3239} INFO - Sync 2 DAGs
[2025-03-15T07:13:34.033+0000] {logging_mixin.py:190} INFO - [2025-03-15T07:13:34.033+0000] {dag.py:4180} INFO - Setting next_dagrun for read_dataset_event to 2025-03-14 00:00:00+00:00, run_after=2025-03-15 00:00:00+00:00
[2025-03-15T07:13:34.036+0000] {logging_mixin.py:190} INFO - [2025-03-15T07:13:34.036+0000] {dag.py:4180} INFO - Setting next_dagrun for read_dataset_event_from_classic to 2025-03-14 00:00:00+00:00, run_after=2025-03-15 00:00:00+00:00
[2025-03-15T07:13:34.048+0000] {processor.py:208} INFO - Processing /home/airflow/.local/lib/python3.12/site-packages/airflow/example_dags/example_inlet_event_extra.py took 0.347 seconds
[2025-03-15T07:14:04.168+0000] {processor.py:186} INFO - Started process (PID=354) to work on /home/airflow/.local/lib/python3.12/site-packages/airflow/example_dags/example_inlet_event_extra.py
[2025-03-15T07:14:04.171+0000] {processor.py:914} INFO - Processing file /home/airflow/.local/lib/python3.12/site-packages/airflow/example_dags/example_inlet_event_extra.py for tasks to queue
[2025-03-15T07:14:04.174+0000] {logging_mixin.py:190} INFO - [2025-03-15T07:14:04.174+0000] {dagbag.py:588} INFO - Filling up the DagBag from /home/airflow/.local/lib/python3.12/site-packages/airflow/example_dags/example_inlet_event_extra.py
[2025-03-15T07:14:04.539+0000] {processor.py:925} INFO - DAG(s) 'read_dataset_event_from_classic', 'read_dataset_event' retrieved from /home/airflow/.local/lib/python3.12/site-packages/airflow/example_dags/example_inlet_event_extra.py
[2025-03-15T07:14:04.551+0000] {logging_mixin.py:190} INFO - [2025-03-15T07:14:04.551+0000] {dag.py:3239} INFO - Sync 2 DAGs
[2025-03-15T07:14:04.565+0000] {logging_mixin.py:190} INFO - [2025-03-15T07:14:04.565+0000] {dag.py:4180} INFO - Setting next_dagrun for read_dataset_event to 2025-03-14 00:00:00+00:00, run_after=2025-03-15 00:00:00+00:00
[2025-03-15T07:14:04.570+0000] {logging_mixin.py:190} INFO - [2025-03-15T07:14:04.570+0000] {dag.py:4180} INFO - Setting next_dagrun for read_dataset_event_from_classic to 2025-03-14 00:00:00+00:00, run_after=2025-03-15 00:00:00+00:00
[2025-03-15T07:14:04.585+0000] {processor.py:208} INFO - Processing /home/airflow/.local/lib/python3.12/site-packages/airflow/example_dags/example_inlet_event_extra.py took 0.423 seconds
[2025-03-15T07:14:34.672+0000] {processor.py:186} INFO - Started process (PID=417) to work on /home/airflow/.local/lib/python3.12/site-packages/airflow/example_dags/example_inlet_event_extra.py
[2025-03-15T07:14:34.673+0000] {processor.py:914} INFO - Processing file /home/airflow/.local/lib/python3.12/site-packages/airflow/example_dags/example_inlet_event_extra.py for tasks to queue
[2025-03-15T07:14:34.674+0000] {logging_mixin.py:190} INFO - [2025-03-15T07:14:34.674+0000] {dagbag.py:588} INFO - Filling up the DagBag from /home/airflow/.local/lib/python3.12/site-packages/airflow/example_dags/example_inlet_event_extra.py
[2025-03-15T07:14:35.041+0000] {processor.py:925} INFO - DAG(s) 'read_dataset_event', 'read_dataset_event_from_classic' retrieved from /home/airflow/.local/lib/python3.12/site-packages/airflow/example_dags/example_inlet_event_extra.py
[2025-03-15T07:14:35.059+0000] {logging_mixin.py:190} INFO - [2025-03-15T07:14:35.059+0000] {dag.py:3239} INFO - Sync 2 DAGs
[2025-03-15T07:14:35.071+0000] {logging_mixin.py:190} INFO - [2025-03-15T07:14:35.071+0000] {dag.py:4180} INFO - Setting next_dagrun for read_dataset_event to 2025-03-14 00:00:00+00:00, run_after=2025-03-15 00:00:00+00:00
[2025-03-15T07:14:35.073+0000] {logging_mixin.py:190} INFO - [2025-03-15T07:14:35.073+0000] {dag.py:4180} INFO - Setting next_dagrun for read_dataset_event_from_classic to 2025-03-14 00:00:00+00:00, run_after=2025-03-15 00:00:00+00:00
[2025-03-15T07:14:35.084+0000] {processor.py:208} INFO - Processing /home/airflow/.local/lib/python3.12/site-packages/airflow/example_dags/example_inlet_event_extra.py took 0.417 seconds
[2025-03-15T07:15:05.748+0000] {processor.py:186} INFO - Started process (PID=476) to work on /home/airflow/.local/lib/python3.12/site-packages/airflow/example_dags/example_inlet_event_extra.py
[2025-03-15T07:15:05.749+0000] {processor.py:914} INFO - Processing file /home/airflow/.local/lib/python3.12/site-packages/airflow/example_dags/example_inlet_event_extra.py for tasks to queue
[2025-03-15T07:15:05.751+0000] {logging_mixin.py:190} INFO - [2025-03-15T07:15:05.751+0000] {dagbag.py:588} INFO - Filling up the DagBag from /home/airflow/.local/lib/python3.12/site-packages/airflow/example_dags/example_inlet_event_extra.py
[2025-03-15T07:15:06.029+0000] {processor.py:925} INFO - DAG(s) 'read_dataset_event', 'read_dataset_event_from_classic' retrieved from /home/airflow/.local/lib/python3.12/site-packages/airflow/example_dags/example_inlet_event_extra.py
[2025-03-15T07:15:06.043+0000] {logging_mixin.py:190} INFO - [2025-03-15T07:15:06.043+0000] {dag.py:3239} INFO - Sync 2 DAGs
[2025-03-15T07:15:06.053+0000] {logging_mixin.py:190} INFO - [2025-03-15T07:15:06.053+0000] {dag.py:4180} INFO - Setting next_dagrun for read_dataset_event to 2025-03-14 00:00:00+00:00, run_after=2025-03-15 00:00:00+00:00
[2025-03-15T07:15:06.055+0000] {logging_mixin.py:190} INFO - [2025-03-15T07:15:06.055+0000] {dag.py:4180} INFO - Setting next_dagrun for read_dataset_event_from_classic to 2025-03-14 00:00:00+00:00, run_after=2025-03-15 00:00:00+00:00
[2025-03-15T07:15:06.062+0000] {processor.py:208} INFO - Processing /home/airflow/.local/lib/python3.12/site-packages/airflow/example_dags/example_inlet_event_extra.py took 0.318 seconds
[2025-03-15T07:15:36.632+0000] {processor.py:186} INFO - Started process (PID=539) to work on /home/airflow/.local/lib/python3.12/site-packages/airflow/example_dags/example_inlet_event_extra.py
[2025-03-15T07:15:36.633+0000] {processor.py:914} INFO - Processing file /home/airflow/.local/lib/python3.12/site-packages/airflow/example_dags/example_inlet_event_extra.py for tasks to queue
[2025-03-15T07:15:36.640+0000] {logging_mixin.py:190} INFO - [2025-03-15T07:15:36.639+0000] {dagbag.py:588} INFO - Filling up the DagBag from /home/airflow/.local/lib/python3.12/site-packages/airflow/example_dags/example_inlet_event_extra.py
[2025-03-15T07:15:36.934+0000] {processor.py:925} INFO - DAG(s) 'read_dataset_event', 'read_dataset_event_from_classic' retrieved from /home/airflow/.local/lib/python3.12/site-packages/airflow/example_dags/example_inlet_event_extra.py
[2025-03-15T07:15:36.956+0000] {logging_mixin.py:190} INFO - [2025-03-15T07:15:36.956+0000] {dag.py:3239} INFO - Sync 2 DAGs
[2025-03-15T07:15:36.968+0000] {logging_mixin.py:190} INFO - [2025-03-15T07:15:36.968+0000] {dag.py:4180} INFO - Setting next_dagrun for read_dataset_event to 2025-03-14 00:00:00+00:00, run_after=2025-03-15 00:00:00+00:00
[2025-03-15T07:15:36.970+0000] {logging_mixin.py:190} INFO - [2025-03-15T07:15:36.970+0000] {dag.py:4180} INFO - Setting next_dagrun for read_dataset_event_from_classic to 2025-03-14 00:00:00+00:00, run_after=2025-03-15 00:00:00+00:00
[2025-03-15T07:15:36.978+0000] {processor.py:208} INFO - Processing /home/airflow/.local/lib/python3.12/site-packages/airflow/example_dags/example_inlet_event_extra.py took 0.349 seconds
[2025-03-15T07:16:07.600+0000] {processor.py:186} INFO - Started process (PID=602) to work on /home/airflow/.local/lib/python3.12/site-packages/airflow/example_dags/example_inlet_event_extra.py
[2025-03-15T07:16:07.601+0000] {processor.py:914} INFO - Processing file /home/airflow/.local/lib/python3.12/site-packages/airflow/example_dags/example_inlet_event_extra.py for tasks to queue
[2025-03-15T07:16:07.602+0000] {logging_mixin.py:190} INFO - [2025-03-15T07:16:07.602+0000] {dagbag.py:588} INFO - Filling up the DagBag from /home/airflow/.local/lib/python3.12/site-packages/airflow/example_dags/example_inlet_event_extra.py
[2025-03-15T07:16:07.881+0000] {processor.py:925} INFO - DAG(s) 'read_dataset_event_from_classic', 'read_dataset_event' retrieved from /home/airflow/.local/lib/python3.12/site-packages/airflow/example_dags/example_inlet_event_extra.py
[2025-03-15T07:16:07.894+0000] {logging_mixin.py:190} INFO - [2025-03-15T07:16:07.894+0000] {dag.py:3239} INFO - Sync 2 DAGs
[2025-03-15T07:16:07.905+0000] {logging_mixin.py:190} INFO - [2025-03-15T07:16:07.905+0000] {dag.py:4180} INFO - Setting next_dagrun for read_dataset_event to 2025-03-14 00:00:00+00:00, run_after=2025-03-15 00:00:00+00:00
[2025-03-15T07:16:07.907+0000] {logging_mixin.py:190} INFO - [2025-03-15T07:16:07.907+0000] {dag.py:4180} INFO - Setting next_dagrun for read_dataset_event_from_classic to 2025-03-14 00:00:00+00:00, run_after=2025-03-15 00:00:00+00:00
[2025-03-15T07:16:07.914+0000] {processor.py:208} INFO - Processing /home/airflow/.local/lib/python3.12/site-packages/airflow/example_dags/example_inlet_event_extra.py took 0.316 seconds
[2025-03-15T07:16:38.510+0000] {processor.py:186} INFO - Started process (PID=668) to work on /home/airflow/.local/lib/python3.12/site-packages/airflow/example_dags/example_inlet_event_extra.py
[2025-03-15T07:16:38.515+0000] {processor.py:914} INFO - Processing file /home/airflow/.local/lib/python3.12/site-packages/airflow/example_dags/example_inlet_event_extra.py for tasks to queue
[2025-03-15T07:16:38.516+0000] {logging_mixin.py:190} INFO - [2025-03-15T07:16:38.516+0000] {dagbag.py:588} INFO - Filling up the DagBag from /home/airflow/.local/lib/python3.12/site-packages/airflow/example_dags/example_inlet_event_extra.py
[2025-03-15T07:16:38.818+0000] {processor.py:925} INFO - DAG(s) 'read_dataset_event_from_classic', 'read_dataset_event' retrieved from /home/airflow/.local/lib/python3.12/site-packages/airflow/example_dags/example_inlet_event_extra.py
[2025-03-15T07:16:38.832+0000] {logging_mixin.py:190} INFO - [2025-03-15T07:16:38.832+0000] {dag.py:3239} INFO - Sync 2 DAGs
[2025-03-15T07:16:38.844+0000] {logging_mixin.py:190} INFO - [2025-03-15T07:16:38.843+0000] {dag.py:4180} INFO - Setting next_dagrun for read_dataset_event to 2025-03-14 00:00:00+00:00, run_after=2025-03-15 00:00:00+00:00
[2025-03-15T07:16:38.846+0000] {logging_mixin.py:190} INFO - [2025-03-15T07:16:38.846+0000] {dag.py:4180} INFO - Setting next_dagrun for read_dataset_event_from_classic to 2025-03-14 00:00:00+00:00, run_after=2025-03-15 00:00:00+00:00
[2025-03-15T07:16:38.856+0000] {processor.py:208} INFO - Processing /home/airflow/.local/lib/python3.12/site-packages/airflow/example_dags/example_inlet_event_extra.py took 0.349 seconds
[2025-03-15T07:17:09.478+0000] {processor.py:186} INFO - Started process (PID=727) to work on /home/airflow/.local/lib/python3.12/site-packages/airflow/example_dags/example_inlet_event_extra.py
[2025-03-15T07:17:09.478+0000] {processor.py:914} INFO - Processing file /home/airflow/.local/lib/python3.12/site-packages/airflow/example_dags/example_inlet_event_extra.py for tasks to queue
[2025-03-15T07:17:09.480+0000] {logging_mixin.py:190} INFO - [2025-03-15T07:17:09.479+0000] {dagbag.py:588} INFO - Filling up the DagBag from /home/airflow/.local/lib/python3.12/site-packages/airflow/example_dags/example_inlet_event_extra.py
[2025-03-15T07:17:09.774+0000] {processor.py:925} INFO - DAG(s) 'read_dataset_event_from_classic', 'read_dataset_event' retrieved from /home/airflow/.local/lib/python3.12/site-packages/airflow/example_dags/example_inlet_event_extra.py
[2025-03-15T07:17:09.791+0000] {logging_mixin.py:190} INFO - [2025-03-15T07:17:09.791+0000] {dag.py:3239} INFO - Sync 2 DAGs
[2025-03-15T07:17:09.806+0000] {logging_mixin.py:190} INFO - [2025-03-15T07:17:09.805+0000] {dag.py:4180} INFO - Setting next_dagrun for read_dataset_event to 2025-03-14 00:00:00+00:00, run_after=2025-03-15 00:00:00+00:00
[2025-03-15T07:17:09.808+0000] {logging_mixin.py:190} INFO - [2025-03-15T07:17:09.808+0000] {dag.py:4180} INFO - Setting next_dagrun for read_dataset_event_from_classic to 2025-03-14 00:00:00+00:00, run_after=2025-03-15 00:00:00+00:00
[2025-03-15T07:17:09.815+0000] {processor.py:208} INFO - Processing /home/airflow/.local/lib/python3.12/site-packages/airflow/example_dags/example_inlet_event_extra.py took 0.341 seconds
[2025-03-15T07:17:41.066+0000] {processor.py:186} INFO - Started process (PID=792) to work on /home/airflow/.local/lib/python3.12/site-packages/airflow/example_dags/example_inlet_event_extra.py
[2025-03-15T07:17:41.067+0000] {processor.py:914} INFO - Processing file /home/airflow/.local/lib/python3.12/site-packages/airflow/example_dags/example_inlet_event_extra.py for tasks to queue
[2025-03-15T07:17:41.069+0000] {logging_mixin.py:190} INFO - [2025-03-15T07:17:41.069+0000] {dagbag.py:588} INFO - Filling up the DagBag from /home/airflow/.local/lib/python3.12/site-packages/airflow/example_dags/example_inlet_event_extra.py
[2025-03-15T07:17:41.376+0000] {processor.py:925} INFO - DAG(s) 'read_dataset_event', 'read_dataset_event_from_classic' retrieved from /home/airflow/.local/lib/python3.12/site-packages/airflow/example_dags/example_inlet_event_extra.py
[2025-03-15T07:17:41.396+0000] {logging_mixin.py:190} INFO - [2025-03-15T07:17:41.396+0000] {dag.py:3239} INFO - Sync 2 DAGs
[2025-03-15T07:17:41.409+0000] {logging_mixin.py:190} INFO - [2025-03-15T07:17:41.409+0000] {dag.py:4180} INFO - Setting next_dagrun for read_dataset_event to 2025-03-14 00:00:00+00:00, run_after=2025-03-15 00:00:00+00:00
[2025-03-15T07:17:41.414+0000] {logging_mixin.py:190} INFO - [2025-03-15T07:17:41.414+0000] {dag.py:4180} INFO - Setting next_dagrun for read_dataset_event_from_classic to 2025-03-14 00:00:00+00:00, run_after=2025-03-15 00:00:00+00:00
[2025-03-15T07:17:41.422+0000] {processor.py:208} INFO - Processing /home/airflow/.local/lib/python3.12/site-packages/airflow/example_dags/example_inlet_event_extra.py took 0.359 seconds
[2025-03-15T07:18:12.111+0000] {processor.py:186} INFO - Started process (PID=853) to work on /home/airflow/.local/lib/python3.12/site-packages/airflow/example_dags/example_inlet_event_extra.py
[2025-03-15T07:18:12.111+0000] {processor.py:914} INFO - Processing file /home/airflow/.local/lib/python3.12/site-packages/airflow/example_dags/example_inlet_event_extra.py for tasks to queue
[2025-03-15T07:18:12.113+0000] {logging_mixin.py:190} INFO - [2025-03-15T07:18:12.113+0000] {dagbag.py:588} INFO - Filling up the DagBag from /home/airflow/.local/lib/python3.12/site-packages/airflow/example_dags/example_inlet_event_extra.py
[2025-03-15T07:18:12.384+0000] {processor.py:925} INFO - DAG(s) 'read_dataset_event_from_classic', 'read_dataset_event' retrieved from /home/airflow/.local/lib/python3.12/site-packages/airflow/example_dags/example_inlet_event_extra.py
[2025-03-15T07:18:12.393+0000] {logging_mixin.py:190} INFO - [2025-03-15T07:18:12.393+0000] {dag.py:3239} INFO - Sync 2 DAGs
[2025-03-15T07:18:12.404+0000] {logging_mixin.py:190} INFO - [2025-03-15T07:18:12.403+0000] {dag.py:4180} INFO - Setting next_dagrun for read_dataset_event to 2025-03-14 00:00:00+00:00, run_after=2025-03-15 00:00:00+00:00
[2025-03-15T07:18:12.406+0000] {logging_mixin.py:190} INFO - [2025-03-15T07:18:12.405+0000] {dag.py:4180} INFO - Setting next_dagrun for read_dataset_event_from_classic to 2025-03-14 00:00:00+00:00, run_after=2025-03-15 00:00:00+00:00
[2025-03-15T07:18:12.412+0000] {processor.py:208} INFO - Processing /home/airflow/.local/lib/python3.12/site-packages/airflow/example_dags/example_inlet_event_extra.py took 0.304 seconds
[2025-03-15T07:18:43.581+0000] {processor.py:186} INFO - Started process (PID=924) to work on /home/airflow/.local/lib/python3.12/site-packages/airflow/example_dags/example_inlet_event_extra.py
[2025-03-15T07:18:43.582+0000] {processor.py:914} INFO - Processing file /home/airflow/.local/lib/python3.12/site-packages/airflow/example_dags/example_inlet_event_extra.py for tasks to queue
[2025-03-15T07:18:43.584+0000] {logging_mixin.py:190} INFO - [2025-03-15T07:18:43.583+0000] {dagbag.py:588} INFO - Filling up the DagBag from /home/airflow/.local/lib/python3.12/site-packages/airflow/example_dags/example_inlet_event_extra.py
[2025-03-15T07:18:43.888+0000] {processor.py:925} INFO - DAG(s) 'read_dataset_event', 'read_dataset_event_from_classic' retrieved from /home/airflow/.local/lib/python3.12/site-packages/airflow/example_dags/example_inlet_event_extra.py
[2025-03-15T07:18:43.905+0000] {logging_mixin.py:190} INFO - [2025-03-15T07:18:43.905+0000] {dag.py:3239} INFO - Sync 2 DAGs
[2025-03-15T07:18:43.915+0000] {logging_mixin.py:190} INFO - [2025-03-15T07:18:43.915+0000] {dag.py:4180} INFO - Setting next_dagrun for read_dataset_event to 2025-03-14 00:00:00+00:00, run_after=2025-03-15 00:00:00+00:00
[2025-03-15T07:18:43.918+0000] {logging_mixin.py:190} INFO - [2025-03-15T07:18:43.918+0000] {dag.py:4180} INFO - Setting next_dagrun for read_dataset_event_from_classic to 2025-03-14 00:00:00+00:00, run_after=2025-03-15 00:00:00+00:00
[2025-03-15T07:18:43.926+0000] {processor.py:208} INFO - Processing /home/airflow/.local/lib/python3.12/site-packages/airflow/example_dags/example_inlet_event_extra.py took 0.348 seconds
[2025-03-15T07:19:14.574+0000] {processor.py:186} INFO - Started process (PID=991) to work on /home/airflow/.local/lib/python3.12/site-packages/airflow/example_dags/example_inlet_event_extra.py
[2025-03-15T07:19:14.574+0000] {processor.py:914} INFO - Processing file /home/airflow/.local/lib/python3.12/site-packages/airflow/example_dags/example_inlet_event_extra.py for tasks to queue
[2025-03-15T07:19:14.576+0000] {logging_mixin.py:190} INFO - [2025-03-15T07:19:14.575+0000] {dagbag.py:588} INFO - Filling up the DagBag from /home/airflow/.local/lib/python3.12/site-packages/airflow/example_dags/example_inlet_event_extra.py
[2025-03-15T07:19:14.862+0000] {processor.py:925} INFO - DAG(s) 'read_dataset_event', 'read_dataset_event_from_classic' retrieved from /home/airflow/.local/lib/python3.12/site-packages/airflow/example_dags/example_inlet_event_extra.py
[2025-03-15T07:19:14.875+0000] {logging_mixin.py:190} INFO - [2025-03-15T07:19:14.875+0000] {dag.py:3239} INFO - Sync 2 DAGs
[2025-03-15T07:19:14.887+0000] {logging_mixin.py:190} INFO - [2025-03-15T07:19:14.887+0000] {dag.py:4180} INFO - Setting next_dagrun for read_dataset_event to 2025-03-14 00:00:00+00:00, run_after=2025-03-15 00:00:00+00:00
[2025-03-15T07:19:14.890+0000] {logging_mixin.py:190} INFO - [2025-03-15T07:19:14.890+0000] {dag.py:4180} INFO - Setting next_dagrun for read_dataset_event_from_classic to 2025-03-14 00:00:00+00:00, run_after=2025-03-15 00:00:00+00:00
[2025-03-15T07:19:14.898+0000] {processor.py:208} INFO - Processing /home/airflow/.local/lib/python3.12/site-packages/airflow/example_dags/example_inlet_event_extra.py took 0.328 seconds
[2025-03-15T07:19:45.694+0000] {processor.py:186} INFO - Started process (PID=1050) to work on /home/airflow/.local/lib/python3.12/site-packages/airflow/example_dags/example_inlet_event_extra.py
[2025-03-15T07:19:45.695+0000] {processor.py:914} INFO - Processing file /home/airflow/.local/lib/python3.12/site-packages/airflow/example_dags/example_inlet_event_extra.py for tasks to queue
[2025-03-15T07:19:45.697+0000] {logging_mixin.py:190} INFO - [2025-03-15T07:19:45.697+0000] {dagbag.py:588} INFO - Filling up the DagBag from /home/airflow/.local/lib/python3.12/site-packages/airflow/example_dags/example_inlet_event_extra.py
[2025-03-15T07:19:46.014+0000] {processor.py:925} INFO - DAG(s) 'read_dataset_event_from_classic', 'read_dataset_event' retrieved from /home/airflow/.local/lib/python3.12/site-packages/airflow/example_dags/example_inlet_event_extra.py
[2025-03-15T07:19:46.029+0000] {logging_mixin.py:190} INFO - [2025-03-15T07:19:46.028+0000] {dag.py:3239} INFO - Sync 2 DAGs
[2025-03-15T07:19:46.039+0000] {logging_mixin.py:190} INFO - [2025-03-15T07:19:46.039+0000] {dag.py:4180} INFO - Setting next_dagrun for read_dataset_event to 2025-03-14 00:00:00+00:00, run_after=2025-03-15 00:00:00+00:00
[2025-03-15T07:19:46.041+0000] {logging_mixin.py:190} INFO - [2025-03-15T07:19:46.041+0000] {dag.py:4180} INFO - Setting next_dagrun for read_dataset_event_from_classic to 2025-03-14 00:00:00+00:00, run_after=2025-03-15 00:00:00+00:00
[2025-03-15T07:19:46.047+0000] {processor.py:208} INFO - Processing /home/airflow/.local/lib/python3.12/site-packages/airflow/example_dags/example_inlet_event_extra.py took 0.357 seconds
[2025-03-15T07:20:16.682+0000] {processor.py:186} INFO - Started process (PID=1113) to work on /home/airflow/.local/lib/python3.12/site-packages/airflow/example_dags/example_inlet_event_extra.py
[2025-03-15T07:20:16.683+0000] {processor.py:914} INFO - Processing file /home/airflow/.local/lib/python3.12/site-packages/airflow/example_dags/example_inlet_event_extra.py for tasks to queue
[2025-03-15T07:20:16.684+0000] {logging_mixin.py:190} INFO - [2025-03-15T07:20:16.684+0000] {dagbag.py:588} INFO - Filling up the DagBag from /home/airflow/.local/lib/python3.12/site-packages/airflow/example_dags/example_inlet_event_extra.py
[2025-03-15T07:20:17.014+0000] {processor.py:925} INFO - DAG(s) 'read_dataset_event', 'read_dataset_event_from_classic' retrieved from /home/airflow/.local/lib/python3.12/site-packages/airflow/example_dags/example_inlet_event_extra.py
[2025-03-15T07:20:17.030+0000] {logging_mixin.py:190} INFO - [2025-03-15T07:20:17.030+0000] {dag.py:3239} INFO - Sync 2 DAGs
[2025-03-15T07:20:17.043+0000] {logging_mixin.py:190} INFO - [2025-03-15T07:20:17.043+0000] {dag.py:4180} INFO - Setting next_dagrun for read_dataset_event to 2025-03-14 00:00:00+00:00, run_after=2025-03-15 00:00:00+00:00
[2025-03-15T07:20:17.046+0000] {logging_mixin.py:190} INFO - [2025-03-15T07:20:17.046+0000] {dag.py:4180} INFO - Setting next_dagrun for read_dataset_event_from_classic to 2025-03-14 00:00:00+00:00, run_after=2025-03-15 00:00:00+00:00
[2025-03-15T07:20:17.055+0000] {processor.py:208} INFO - Processing /home/airflow/.local/lib/python3.12/site-packages/airflow/example_dags/example_inlet_event_extra.py took 0.377 seconds
[2025-03-15T07:20:47.358+0000] {processor.py:186} INFO - Started process (PID=1175) to work on /home/airflow/.local/lib/python3.12/site-packages/airflow/example_dags/example_inlet_event_extra.py
[2025-03-15T07:20:47.361+0000] {processor.py:914} INFO - Processing file /home/airflow/.local/lib/python3.12/site-packages/airflow/example_dags/example_inlet_event_extra.py for tasks to queue
[2025-03-15T07:20:47.364+0000] {logging_mixin.py:190} INFO - [2025-03-15T07:20:47.364+0000] {dagbag.py:588} INFO - Filling up the DagBag from /home/airflow/.local/lib/python3.12/site-packages/airflow/example_dags/example_inlet_event_extra.py
[2025-03-15T07:20:47.668+0000] {processor.py:925} INFO - DAG(s) 'read_dataset_event', 'read_dataset_event_from_classic' retrieved from /home/airflow/.local/lib/python3.12/site-packages/airflow/example_dags/example_inlet_event_extra.py
[2025-03-15T07:20:47.685+0000] {logging_mixin.py:190} INFO - [2025-03-15T07:20:47.685+0000] {dag.py:3239} INFO - Sync 2 DAGs
[2025-03-15T07:20:47.696+0000] {logging_mixin.py:190} INFO - [2025-03-15T07:20:47.696+0000] {dag.py:4180} INFO - Setting next_dagrun for read_dataset_event to 2025-03-14 00:00:00+00:00, run_after=2025-03-15 00:00:00+00:00
[2025-03-15T07:20:47.698+0000] {logging_mixin.py:190} INFO - [2025-03-15T07:20:47.698+0000] {dag.py:4180} INFO - Setting next_dagrun for read_dataset_event_from_classic to 2025-03-14 00:00:00+00:00, run_after=2025-03-15 00:00:00+00:00
[2025-03-15T07:20:47.713+0000] {processor.py:208} INFO - Processing /home/airflow/.local/lib/python3.12/site-packages/airflow/example_dags/example_inlet_event_extra.py took 0.359 seconds
[2025-03-15T07:21:18.280+0000] {processor.py:186} INFO - Started process (PID=1238) to work on /home/airflow/.local/lib/python3.12/site-packages/airflow/example_dags/example_inlet_event_extra.py
[2025-03-15T07:21:18.281+0000] {processor.py:914} INFO - Processing file /home/airflow/.local/lib/python3.12/site-packages/airflow/example_dags/example_inlet_event_extra.py for tasks to queue
[2025-03-15T07:21:18.282+0000] {logging_mixin.py:190} INFO - [2025-03-15T07:21:18.282+0000] {dagbag.py:588} INFO - Filling up the DagBag from /home/airflow/.local/lib/python3.12/site-packages/airflow/example_dags/example_inlet_event_extra.py
[2025-03-15T07:21:18.581+0000] {processor.py:925} INFO - DAG(s) 'read_dataset_event', 'read_dataset_event_from_classic' retrieved from /home/airflow/.local/lib/python3.12/site-packages/airflow/example_dags/example_inlet_event_extra.py
[2025-03-15T07:21:18.592+0000] {logging_mixin.py:190} INFO - [2025-03-15T07:21:18.592+0000] {dag.py:3239} INFO - Sync 2 DAGs
[2025-03-15T07:21:18.603+0000] {logging_mixin.py:190} INFO - [2025-03-15T07:21:18.602+0000] {dag.py:4180} INFO - Setting next_dagrun for read_dataset_event to 2025-03-14 00:00:00+00:00, run_after=2025-03-15 00:00:00+00:00
[2025-03-15T07:21:18.606+0000] {logging_mixin.py:190} INFO - [2025-03-15T07:21:18.606+0000] {dag.py:4180} INFO - Setting next_dagrun for read_dataset_event_from_classic to 2025-03-14 00:00:00+00:00, run_after=2025-03-15 00:00:00+00:00
[2025-03-15T07:21:18.617+0000] {processor.py:208} INFO - Processing /home/airflow/.local/lib/python3.12/site-packages/airflow/example_dags/example_inlet_event_extra.py took 0.340 seconds
[2025-03-15T07:21:49.652+0000] {processor.py:186} INFO - Started process (PID=1301) to work on /home/airflow/.local/lib/python3.12/site-packages/airflow/example_dags/example_inlet_event_extra.py
[2025-03-15T07:21:49.654+0000] {processor.py:914} INFO - Processing file /home/airflow/.local/lib/python3.12/site-packages/airflow/example_dags/example_inlet_event_extra.py for tasks to queue
[2025-03-15T07:21:49.656+0000] {logging_mixin.py:190} INFO - [2025-03-15T07:21:49.656+0000] {dagbag.py:588} INFO - Filling up the DagBag from /home/airflow/.local/lib/python3.12/site-packages/airflow/example_dags/example_inlet_event_extra.py
[2025-03-15T07:21:49.968+0000] {processor.py:925} INFO - DAG(s) 'read_dataset_event', 'read_dataset_event_from_classic' retrieved from /home/airflow/.local/lib/python3.12/site-packages/airflow/example_dags/example_inlet_event_extra.py
[2025-03-15T07:21:49.986+0000] {logging_mixin.py:190} INFO - [2025-03-15T07:21:49.986+0000] {dag.py:3239} INFO - Sync 2 DAGs
[2025-03-15T07:21:50.000+0000] {logging_mixin.py:190} INFO - [2025-03-15T07:21:50.000+0000] {dag.py:4180} INFO - Setting next_dagrun for read_dataset_event to 2025-03-14 00:00:00+00:00, run_after=2025-03-15 00:00:00+00:00
[2025-03-15T07:21:50.003+0000] {logging_mixin.py:190} INFO - [2025-03-15T07:21:50.003+0000] {dag.py:4180} INFO - Setting next_dagrun for read_dataset_event_from_classic to 2025-03-14 00:00:00+00:00, run_after=2025-03-15 00:00:00+00:00
[2025-03-15T07:21:50.017+0000] {processor.py:208} INFO - Processing /home/airflow/.local/lib/python3.12/site-packages/airflow/example_dags/example_inlet_event_extra.py took 0.368 seconds
[2025-03-15T07:22:21.928+0000] {processor.py:186} INFO - Started process (PID=1364) to work on /home/airflow/.local/lib/python3.12/site-packages/airflow/example_dags/example_inlet_event_extra.py
[2025-03-15T07:22:21.928+0000] {processor.py:914} INFO - Processing file /home/airflow/.local/lib/python3.12/site-packages/airflow/example_dags/example_inlet_event_extra.py for tasks to queue
[2025-03-15T07:22:21.930+0000] {logging_mixin.py:190} INFO - [2025-03-15T07:22:21.929+0000] {dagbag.py:588} INFO - Filling up the DagBag from /home/airflow/.local/lib/python3.12/site-packages/airflow/example_dags/example_inlet_event_extra.py
[2025-03-15T07:22:22.392+0000] {processor.py:925} INFO - DAG(s) 'read_dataset_event', 'read_dataset_event_from_classic' retrieved from /home/airflow/.local/lib/python3.12/site-packages/airflow/example_dags/example_inlet_event_extra.py
[2025-03-15T07:22:22.410+0000] {logging_mixin.py:190} INFO - [2025-03-15T07:22:22.410+0000] {dag.py:3239} INFO - Sync 2 DAGs
[2025-03-15T07:22:22.423+0000] {logging_mixin.py:190} INFO - [2025-03-15T07:22:22.422+0000] {dag.py:4180} INFO - Setting next_dagrun for read_dataset_event to 2025-03-14 00:00:00+00:00, run_after=2025-03-15 00:00:00+00:00
[2025-03-15T07:22:22.425+0000] {logging_mixin.py:190} INFO - [2025-03-15T07:22:22.425+0000] {dag.py:4180} INFO - Setting next_dagrun for read_dataset_event_from_classic to 2025-03-14 00:00:00+00:00, run_after=2025-03-15 00:00:00+00:00
[2025-03-15T07:22:22.440+0000] {processor.py:208} INFO - Processing /home/airflow/.local/lib/python3.12/site-packages/airflow/example_dags/example_inlet_event_extra.py took 0.517 seconds
[2025-03-15T07:22:52.993+0000] {processor.py:186} INFO - Started process (PID=1427) to work on /home/airflow/.local/lib/python3.12/site-packages/airflow/example_dags/example_inlet_event_extra.py
[2025-03-15T07:22:52.997+0000] {processor.py:914} INFO - Processing file /home/airflow/.local/lib/python3.12/site-packages/airflow/example_dags/example_inlet_event_extra.py for tasks to queue
[2025-03-15T07:22:53.000+0000] {logging_mixin.py:190} INFO - [2025-03-15T07:22:52.999+0000] {dagbag.py:588} INFO - Filling up the DagBag from /home/airflow/.local/lib/python3.12/site-packages/airflow/example_dags/example_inlet_event_extra.py
[2025-03-15T07:22:53.306+0000] {processor.py:925} INFO - DAG(s) 'read_dataset_event_from_classic', 'read_dataset_event' retrieved from /home/airflow/.local/lib/python3.12/site-packages/airflow/example_dags/example_inlet_event_extra.py
[2025-03-15T07:22:53.324+0000] {logging_mixin.py:190} INFO - [2025-03-15T07:22:53.324+0000] {dag.py:3239} INFO - Sync 2 DAGs
[2025-03-15T07:22:53.336+0000] {logging_mixin.py:190} INFO - [2025-03-15T07:22:53.336+0000] {dag.py:4180} INFO - Setting next_dagrun for read_dataset_event to 2025-03-14 00:00:00+00:00, run_after=2025-03-15 00:00:00+00:00
[2025-03-15T07:22:53.342+0000] {logging_mixin.py:190} INFO - [2025-03-15T07:22:53.342+0000] {dag.py:4180} INFO - Setting next_dagrun for read_dataset_event_from_classic to 2025-03-14 00:00:00+00:00, run_after=2025-03-15 00:00:00+00:00
[2025-03-15T07:22:53.350+0000] {processor.py:208} INFO - Processing /home/airflow/.local/lib/python3.12/site-packages/airflow/example_dags/example_inlet_event_extra.py took 0.361 seconds
[2025-03-15T07:23:24.110+0000] {processor.py:186} INFO - Started process (PID=1490) to work on /home/airflow/.local/lib/python3.12/site-packages/airflow/example_dags/example_inlet_event_extra.py
[2025-03-15T07:23:24.114+0000] {processor.py:914} INFO - Processing file /home/airflow/.local/lib/python3.12/site-packages/airflow/example_dags/example_inlet_event_extra.py for tasks to queue
[2025-03-15T07:23:24.117+0000] {logging_mixin.py:190} INFO - [2025-03-15T07:23:24.117+0000] {dagbag.py:588} INFO - Filling up the DagBag from /home/airflow/.local/lib/python3.12/site-packages/airflow/example_dags/example_inlet_event_extra.py
[2025-03-15T07:23:24.432+0000] {processor.py:925} INFO - DAG(s) 'read_dataset_event', 'read_dataset_event_from_classic' retrieved from /home/airflow/.local/lib/python3.12/site-packages/airflow/example_dags/example_inlet_event_extra.py
[2025-03-15T07:23:24.444+0000] {logging_mixin.py:190} INFO - [2025-03-15T07:23:24.444+0000] {dag.py:3239} INFO - Sync 2 DAGs
[2025-03-15T07:23:24.454+0000] {logging_mixin.py:190} INFO - [2025-03-15T07:23:24.454+0000] {dag.py:4180} INFO - Setting next_dagrun for read_dataset_event to 2025-03-14 00:00:00+00:00, run_after=2025-03-15 00:00:00+00:00
[2025-03-15T07:23:24.458+0000] {logging_mixin.py:190} INFO - [2025-03-15T07:23:24.458+0000] {dag.py:4180} INFO - Setting next_dagrun for read_dataset_event_from_classic to 2025-03-14 00:00:00+00:00, run_after=2025-03-15 00:00:00+00:00
[2025-03-15T07:23:24.472+0000] {processor.py:208} INFO - Processing /home/airflow/.local/lib/python3.12/site-packages/airflow/example_dags/example_inlet_event_extra.py took 0.367 seconds
[2025-03-15T07:23:54.632+0000] {processor.py:186} INFO - Started process (PID=1553) to work on /home/airflow/.local/lib/python3.12/site-packages/airflow/example_dags/example_inlet_event_extra.py
[2025-03-15T07:23:54.633+0000] {processor.py:914} INFO - Processing file /home/airflow/.local/lib/python3.12/site-packages/airflow/example_dags/example_inlet_event_extra.py for tasks to queue
[2025-03-15T07:23:54.635+0000] {logging_mixin.py:190} INFO - [2025-03-15T07:23:54.635+0000] {dagbag.py:588} INFO - Filling up the DagBag from /home/airflow/.local/lib/python3.12/site-packages/airflow/example_dags/example_inlet_event_extra.py
[2025-03-15T07:23:54.982+0000] {processor.py:925} INFO - DAG(s) 'read_dataset_event_from_classic', 'read_dataset_event' retrieved from /home/airflow/.local/lib/python3.12/site-packages/airflow/example_dags/example_inlet_event_extra.py
[2025-03-15T07:23:55.002+0000] {logging_mixin.py:190} INFO - [2025-03-15T07:23:55.001+0000] {dag.py:3239} INFO - Sync 2 DAGs
[2025-03-15T07:23:55.016+0000] {logging_mixin.py:190} INFO - [2025-03-15T07:23:55.016+0000] {dag.py:4180} INFO - Setting next_dagrun for read_dataset_event to 2025-03-14 00:00:00+00:00, run_after=2025-03-15 00:00:00+00:00
[2025-03-15T07:23:55.019+0000] {logging_mixin.py:190} INFO - [2025-03-15T07:23:55.019+0000] {dag.py:4180} INFO - Setting next_dagrun for read_dataset_event_from_classic to 2025-03-14 00:00:00+00:00, run_after=2025-03-15 00:00:00+00:00
[2025-03-15T07:23:55.027+0000] {processor.py:208} INFO - Processing /home/airflow/.local/lib/python3.12/site-packages/airflow/example_dags/example_inlet_event_extra.py took 0.398 seconds
[2025-03-15T07:24:25.843+0000] {processor.py:186} INFO - Started process (PID=1616) to work on /home/airflow/.local/lib/python3.12/site-packages/airflow/example_dags/example_inlet_event_extra.py
[2025-03-15T07:24:25.844+0000] {processor.py:914} INFO - Processing file /home/airflow/.local/lib/python3.12/site-packages/airflow/example_dags/example_inlet_event_extra.py for tasks to queue
[2025-03-15T07:24:25.845+0000] {logging_mixin.py:190} INFO - [2025-03-15T07:24:25.845+0000] {dagbag.py:588} INFO - Filling up the DagBag from /home/airflow/.local/lib/python3.12/site-packages/airflow/example_dags/example_inlet_event_extra.py
[2025-03-15T07:24:26.127+0000] {processor.py:925} INFO - DAG(s) 'read_dataset_event_from_classic', 'read_dataset_event' retrieved from /home/airflow/.local/lib/python3.12/site-packages/airflow/example_dags/example_inlet_event_extra.py
[2025-03-15T07:24:26.137+0000] {logging_mixin.py:190} INFO - [2025-03-15T07:24:26.137+0000] {dag.py:3239} INFO - Sync 2 DAGs
[2025-03-15T07:24:26.149+0000] {logging_mixin.py:190} INFO - [2025-03-15T07:24:26.149+0000] {dag.py:4180} INFO - Setting next_dagrun for read_dataset_event to 2025-03-14 00:00:00+00:00, run_after=2025-03-15 00:00:00+00:00
[2025-03-15T07:24:26.152+0000] {logging_mixin.py:190} INFO - [2025-03-15T07:24:26.152+0000] {dag.py:4180} INFO - Setting next_dagrun for read_dataset_event_from_classic to 2025-03-14 00:00:00+00:00, run_after=2025-03-15 00:00:00+00:00
[2025-03-15T07:24:26.163+0000] {processor.py:208} INFO - Processing /home/airflow/.local/lib/python3.12/site-packages/airflow/example_dags/example_inlet_event_extra.py took 0.323 seconds
[2025-03-15T07:24:57.196+0000] {processor.py:186} INFO - Started process (PID=1679) to work on /home/airflow/.local/lib/python3.12/site-packages/airflow/example_dags/example_inlet_event_extra.py
[2025-03-15T07:24:57.197+0000] {processor.py:914} INFO - Processing file /home/airflow/.local/lib/python3.12/site-packages/airflow/example_dags/example_inlet_event_extra.py for tasks to queue
[2025-03-15T07:24:57.198+0000] {logging_mixin.py:190} INFO - [2025-03-15T07:24:57.198+0000] {dagbag.py:588} INFO - Filling up the DagBag from /home/airflow/.local/lib/python3.12/site-packages/airflow/example_dags/example_inlet_event_extra.py
[2025-03-15T07:24:57.466+0000] {processor.py:925} INFO - DAG(s) 'read_dataset_event_from_classic', 'read_dataset_event' retrieved from /home/airflow/.local/lib/python3.12/site-packages/airflow/example_dags/example_inlet_event_extra.py
[2025-03-15T07:24:57.478+0000] {logging_mixin.py:190} INFO - [2025-03-15T07:24:57.478+0000] {dag.py:3239} INFO - Sync 2 DAGs
[2025-03-15T07:24:57.491+0000] {logging_mixin.py:190} INFO - [2025-03-15T07:24:57.491+0000] {dag.py:4180} INFO - Setting next_dagrun for read_dataset_event to 2025-03-14 00:00:00+00:00, run_after=2025-03-15 00:00:00+00:00
[2025-03-15T07:24:57.494+0000] {logging_mixin.py:190} INFO - [2025-03-15T07:24:57.494+0000] {dag.py:4180} INFO - Setting next_dagrun for read_dataset_event_from_classic to 2025-03-14 00:00:00+00:00, run_after=2025-03-15 00:00:00+00:00
[2025-03-15T07:24:57.506+0000] {processor.py:208} INFO - Processing /home/airflow/.local/lib/python3.12/site-packages/airflow/example_dags/example_inlet_event_extra.py took 0.313 seconds
[2025-03-15T07:25:28.499+0000] {processor.py:186} INFO - Started process (PID=1741) to work on /home/airflow/.local/lib/python3.12/site-packages/airflow/example_dags/example_inlet_event_extra.py
[2025-03-15T07:25:28.500+0000] {processor.py:914} INFO - Processing file /home/airflow/.local/lib/python3.12/site-packages/airflow/example_dags/example_inlet_event_extra.py for tasks to queue
[2025-03-15T07:25:28.501+0000] {logging_mixin.py:190} INFO - [2025-03-15T07:25:28.501+0000] {dagbag.py:588} INFO - Filling up the DagBag from /home/airflow/.local/lib/python3.12/site-packages/airflow/example_dags/example_inlet_event_extra.py
[2025-03-15T07:25:28.813+0000] {processor.py:925} INFO - DAG(s) 'read_dataset_event', 'read_dataset_event_from_classic' retrieved from /home/airflow/.local/lib/python3.12/site-packages/airflow/example_dags/example_inlet_event_extra.py
[2025-03-15T07:25:28.829+0000] {logging_mixin.py:190} INFO - [2025-03-15T07:25:28.828+0000] {dag.py:3239} INFO - Sync 2 DAGs
[2025-03-15T07:25:28.843+0000] {logging_mixin.py:190} INFO - [2025-03-15T07:25:28.843+0000] {dag.py:4180} INFO - Setting next_dagrun for read_dataset_event to 2025-03-14 00:00:00+00:00, run_after=2025-03-15 00:00:00+00:00
[2025-03-15T07:25:28.846+0000] {logging_mixin.py:190} INFO - [2025-03-15T07:25:28.846+0000] {dag.py:4180} INFO - Setting next_dagrun for read_dataset_event_from_classic to 2025-03-14 00:00:00+00:00, run_after=2025-03-15 00:00:00+00:00
[2025-03-15T07:25:28.862+0000] {processor.py:208} INFO - Processing /home/airflow/.local/lib/python3.12/site-packages/airflow/example_dags/example_inlet_event_extra.py took 0.367 seconds
[2025-03-15T07:25:59.844+0000] {processor.py:186} INFO - Started process (PID=1804) to work on /home/airflow/.local/lib/python3.12/site-packages/airflow/example_dags/example_inlet_event_extra.py
[2025-03-15T07:25:59.846+0000] {processor.py:914} INFO - Processing file /home/airflow/.local/lib/python3.12/site-packages/airflow/example_dags/example_inlet_event_extra.py for tasks to queue
[2025-03-15T07:25:59.848+0000] {logging_mixin.py:190} INFO - [2025-03-15T07:25:59.848+0000] {dagbag.py:588} INFO - Filling up the DagBag from /home/airflow/.local/lib/python3.12/site-packages/airflow/example_dags/example_inlet_event_extra.py
[2025-03-15T07:26:00.161+0000] {processor.py:925} INFO - DAG(s) 'read_dataset_event', 'read_dataset_event_from_classic' retrieved from /home/airflow/.local/lib/python3.12/site-packages/airflow/example_dags/example_inlet_event_extra.py
[2025-03-15T07:26:00.178+0000] {logging_mixin.py:190} INFO - [2025-03-15T07:26:00.178+0000] {dag.py:3239} INFO - Sync 2 DAGs
[2025-03-15T07:26:00.190+0000] {logging_mixin.py:190} INFO - [2025-03-15T07:26:00.190+0000] {dag.py:4180} INFO - Setting next_dagrun for read_dataset_event to 2025-03-14 00:00:00+00:00, run_after=2025-03-15 00:00:00+00:00
[2025-03-15T07:26:00.193+0000] {logging_mixin.py:190} INFO - [2025-03-15T07:26:00.193+0000] {dag.py:4180} INFO - Setting next_dagrun for read_dataset_event_from_classic to 2025-03-14 00:00:00+00:00, run_after=2025-03-15 00:00:00+00:00
[2025-03-15T07:26:00.207+0000] {processor.py:208} INFO - Processing /home/airflow/.local/lib/python3.12/site-packages/airflow/example_dags/example_inlet_event_extra.py took 0.366 seconds
[2025-03-15T07:26:31.284+0000] {processor.py:186} INFO - Started process (PID=1866) to work on /home/airflow/.local/lib/python3.12/site-packages/airflow/example_dags/example_inlet_event_extra.py
[2025-03-15T07:26:31.285+0000] {processor.py:914} INFO - Processing file /home/airflow/.local/lib/python3.12/site-packages/airflow/example_dags/example_inlet_event_extra.py for tasks to queue
[2025-03-15T07:26:31.286+0000] {logging_mixin.py:190} INFO - [2025-03-15T07:26:31.286+0000] {dagbag.py:588} INFO - Filling up the DagBag from /home/airflow/.local/lib/python3.12/site-packages/airflow/example_dags/example_inlet_event_extra.py
[2025-03-15T07:26:31.567+0000] {processor.py:925} INFO - DAG(s) 'read_dataset_event_from_classic', 'read_dataset_event' retrieved from /home/airflow/.local/lib/python3.12/site-packages/airflow/example_dags/example_inlet_event_extra.py
[2025-03-15T07:26:31.579+0000] {logging_mixin.py:190} INFO - [2025-03-15T07:26:31.579+0000] {dag.py:3239} INFO - Sync 2 DAGs
[2025-03-15T07:26:31.589+0000] {logging_mixin.py:190} INFO - [2025-03-15T07:26:31.589+0000] {dag.py:4180} INFO - Setting next_dagrun for read_dataset_event to 2025-03-14 00:00:00+00:00, run_after=2025-03-15 00:00:00+00:00
[2025-03-15T07:26:31.592+0000] {logging_mixin.py:190} INFO - [2025-03-15T07:26:31.592+0000] {dag.py:4180} INFO - Setting next_dagrun for read_dataset_event_from_classic to 2025-03-14 00:00:00+00:00, run_after=2025-03-15 00:00:00+00:00
[2025-03-15T07:26:31.605+0000] {processor.py:208} INFO - Processing /home/airflow/.local/lib/python3.12/site-packages/airflow/example_dags/example_inlet_event_extra.py took 0.324 seconds
[2025-03-15T07:27:01.850+0000] {processor.py:186} INFO - Started process (PID=1930) to work on /home/airflow/.local/lib/python3.12/site-packages/airflow/example_dags/example_inlet_event_extra.py
[2025-03-15T07:27:01.880+0000] {processor.py:914} INFO - Processing file /home/airflow/.local/lib/python3.12/site-packages/airflow/example_dags/example_inlet_event_extra.py for tasks to queue
[2025-03-15T07:27:01.886+0000] {logging_mixin.py:190} INFO - [2025-03-15T07:27:01.885+0000] {dagbag.py:588} INFO - Filling up the DagBag from /home/airflow/.local/lib/python3.12/site-packages/airflow/example_dags/example_inlet_event_extra.py
[2025-03-15T07:27:02.228+0000] {processor.py:925} INFO - DAG(s) 'read_dataset_event_from_classic', 'read_dataset_event' retrieved from /home/airflow/.local/lib/python3.12/site-packages/airflow/example_dags/example_inlet_event_extra.py
[2025-03-15T07:27:02.238+0000] {logging_mixin.py:190} INFO - [2025-03-15T07:27:02.238+0000] {dag.py:3239} INFO - Sync 2 DAGs
[2025-03-15T07:27:02.249+0000] {logging_mixin.py:190} INFO - [2025-03-15T07:27:02.249+0000] {dag.py:4180} INFO - Setting next_dagrun for read_dataset_event to 2025-03-14 00:00:00+00:00, run_after=2025-03-15 00:00:00+00:00
[2025-03-15T07:27:02.253+0000] {logging_mixin.py:190} INFO - [2025-03-15T07:27:02.253+0000] {dag.py:4180} INFO - Setting next_dagrun for read_dataset_event_from_classic to 2025-03-14 00:00:00+00:00, run_after=2025-03-15 00:00:00+00:00
[2025-03-15T07:27:02.266+0000] {processor.py:208} INFO - Processing /home/airflow/.local/lib/python3.12/site-packages/airflow/example_dags/example_inlet_event_extra.py took 0.421 seconds
[2025-03-15T07:27:32.956+0000] {processor.py:186} INFO - Started process (PID=2000) to work on /home/airflow/.local/lib/python3.12/site-packages/airflow/example_dags/example_inlet_event_extra.py
[2025-03-15T07:27:32.963+0000] {processor.py:914} INFO - Processing file /home/airflow/.local/lib/python3.12/site-packages/airflow/example_dags/example_inlet_event_extra.py for tasks to queue
[2025-03-15T07:27:32.965+0000] {logging_mixin.py:190} INFO - [2025-03-15T07:27:32.964+0000] {dagbag.py:588} INFO - Filling up the DagBag from /home/airflow/.local/lib/python3.12/site-packages/airflow/example_dags/example_inlet_event_extra.py
[2025-03-15T07:27:33.274+0000] {processor.py:925} INFO - DAG(s) 'read_dataset_event', 'read_dataset_event_from_classic' retrieved from /home/airflow/.local/lib/python3.12/site-packages/airflow/example_dags/example_inlet_event_extra.py
[2025-03-15T07:27:33.289+0000] {logging_mixin.py:190} INFO - [2025-03-15T07:27:33.289+0000] {dag.py:3239} INFO - Sync 2 DAGs
[2025-03-15T07:27:33.301+0000] {logging_mixin.py:190} INFO - [2025-03-15T07:27:33.301+0000] {dag.py:4180} INFO - Setting next_dagrun for read_dataset_event to 2025-03-14 00:00:00+00:00, run_after=2025-03-15 00:00:00+00:00
[2025-03-15T07:27:33.305+0000] {logging_mixin.py:190} INFO - [2025-03-15T07:27:33.305+0000] {dag.py:4180} INFO - Setting next_dagrun for read_dataset_event_from_classic to 2025-03-14 00:00:00+00:00, run_after=2025-03-15 00:00:00+00:00
[2025-03-15T07:27:33.315+0000] {processor.py:208} INFO - Processing /home/airflow/.local/lib/python3.12/site-packages/airflow/example_dags/example_inlet_event_extra.py took 0.362 seconds
[2025-03-15T07:28:03.749+0000] {processor.py:186} INFO - Started process (PID=2064) to work on /home/airflow/.local/lib/python3.12/site-packages/airflow/example_dags/example_inlet_event_extra.py
[2025-03-15T07:28:03.750+0000] {processor.py:914} INFO - Processing file /home/airflow/.local/lib/python3.12/site-packages/airflow/example_dags/example_inlet_event_extra.py for tasks to queue
[2025-03-15T07:28:03.751+0000] {logging_mixin.py:190} INFO - [2025-03-15T07:28:03.751+0000] {dagbag.py:588} INFO - Filling up the DagBag from /home/airflow/.local/lib/python3.12/site-packages/airflow/example_dags/example_inlet_event_extra.py
[2025-03-15T07:28:04.044+0000] {processor.py:925} INFO - DAG(s) 'read_dataset_event_from_classic', 'read_dataset_event' retrieved from /home/airflow/.local/lib/python3.12/site-packages/airflow/example_dags/example_inlet_event_extra.py
[2025-03-15T07:28:04.059+0000] {logging_mixin.py:190} INFO - [2025-03-15T07:28:04.059+0000] {dag.py:3239} INFO - Sync 2 DAGs
[2025-03-15T07:28:04.075+0000] {logging_mixin.py:190} INFO - [2025-03-15T07:28:04.075+0000] {dag.py:4180} INFO - Setting next_dagrun for read_dataset_event to 2025-03-14 00:00:00+00:00, run_after=2025-03-15 00:00:00+00:00
[2025-03-15T07:28:04.077+0000] {logging_mixin.py:190} INFO - [2025-03-15T07:28:04.077+0000] {dag.py:4180} INFO - Setting next_dagrun for read_dataset_event_from_classic to 2025-03-14 00:00:00+00:00, run_after=2025-03-15 00:00:00+00:00
[2025-03-15T07:28:04.087+0000] {processor.py:208} INFO - Processing /home/airflow/.local/lib/python3.12/site-packages/airflow/example_dags/example_inlet_event_extra.py took 0.342 seconds
[2025-03-15T07:28:34.861+0000] {processor.py:186} INFO - Started process (PID=2128) to work on /home/airflow/.local/lib/python3.12/site-packages/airflow/example_dags/example_inlet_event_extra.py
[2025-03-15T07:28:34.862+0000] {processor.py:914} INFO - Processing file /home/airflow/.local/lib/python3.12/site-packages/airflow/example_dags/example_inlet_event_extra.py for tasks to queue
[2025-03-15T07:28:34.863+0000] {logging_mixin.py:190} INFO - [2025-03-15T07:28:34.863+0000] {dagbag.py:588} INFO - Filling up the DagBag from /home/airflow/.local/lib/python3.12/site-packages/airflow/example_dags/example_inlet_event_extra.py
[2025-03-15T07:28:35.211+0000] {processor.py:925} INFO - DAG(s) 'read_dataset_event', 'read_dataset_event_from_classic' retrieved from /home/airflow/.local/lib/python3.12/site-packages/airflow/example_dags/example_inlet_event_extra.py
[2025-03-15T07:28:35.231+0000] {logging_mixin.py:190} INFO - [2025-03-15T07:28:35.230+0000] {dag.py:3239} INFO - Sync 2 DAGs
[2025-03-15T07:28:35.244+0000] {logging_mixin.py:190} INFO - [2025-03-15T07:28:35.244+0000] {dag.py:4180} INFO - Setting next_dagrun for read_dataset_event to 2025-03-14 00:00:00+00:00, run_after=2025-03-15 00:00:00+00:00
[2025-03-15T07:28:35.248+0000] {logging_mixin.py:190} INFO - [2025-03-15T07:28:35.248+0000] {dag.py:4180} INFO - Setting next_dagrun for read_dataset_event_from_classic to 2025-03-14 00:00:00+00:00, run_after=2025-03-15 00:00:00+00:00
[2025-03-15T07:28:35.259+0000] {processor.py:208} INFO - Processing /home/airflow/.local/lib/python3.12/site-packages/airflow/example_dags/example_inlet_event_extra.py took 0.401 seconds
[2025-03-15T07:29:05.453+0000] {processor.py:186} INFO - Started process (PID=2193) to work on /home/airflow/.local/lib/python3.12/site-packages/airflow/example_dags/example_inlet_event_extra.py
[2025-03-15T07:29:05.454+0000] {processor.py:914} INFO - Processing file /home/airflow/.local/lib/python3.12/site-packages/airflow/example_dags/example_inlet_event_extra.py for tasks to queue
[2025-03-15T07:29:05.457+0000] {logging_mixin.py:190} INFO - [2025-03-15T07:29:05.457+0000] {dagbag.py:588} INFO - Filling up the DagBag from /home/airflow/.local/lib/python3.12/site-packages/airflow/example_dags/example_inlet_event_extra.py
[2025-03-15T07:29:05.752+0000] {processor.py:925} INFO - DAG(s) 'read_dataset_event_from_classic', 'read_dataset_event' retrieved from /home/airflow/.local/lib/python3.12/site-packages/airflow/example_dags/example_inlet_event_extra.py
[2025-03-15T07:29:05.764+0000] {logging_mixin.py:190} INFO - [2025-03-15T07:29:05.764+0000] {dag.py:3239} INFO - Sync 2 DAGs
[2025-03-15T07:29:05.777+0000] {logging_mixin.py:190} INFO - [2025-03-15T07:29:05.776+0000] {dag.py:4180} INFO - Setting next_dagrun for read_dataset_event to 2025-03-14 00:00:00+00:00, run_after=2025-03-15 00:00:00+00:00
[2025-03-15T07:29:05.779+0000] {logging_mixin.py:190} INFO - [2025-03-15T07:29:05.779+0000] {dag.py:4180} INFO - Setting next_dagrun for read_dataset_event_from_classic to 2025-03-14 00:00:00+00:00, run_after=2025-03-15 00:00:00+00:00
[2025-03-15T07:29:05.788+0000] {processor.py:208} INFO - Processing /home/airflow/.local/lib/python3.12/site-packages/airflow/example_dags/example_inlet_event_extra.py took 0.341 seconds
[2025-03-15T07:29:36.738+0000] {processor.py:186} INFO - Started process (PID=2256) to work on /home/airflow/.local/lib/python3.12/site-packages/airflow/example_dags/example_inlet_event_extra.py
[2025-03-15T07:29:36.740+0000] {processor.py:914} INFO - Processing file /home/airflow/.local/lib/python3.12/site-packages/airflow/example_dags/example_inlet_event_extra.py for tasks to queue
[2025-03-15T07:29:36.742+0000] {logging_mixin.py:190} INFO - [2025-03-15T07:29:36.742+0000] {dagbag.py:588} INFO - Filling up the DagBag from /home/airflow/.local/lib/python3.12/site-packages/airflow/example_dags/example_inlet_event_extra.py
[2025-03-15T07:29:37.050+0000] {processor.py:925} INFO - DAG(s) 'read_dataset_event_from_classic', 'read_dataset_event' retrieved from /home/airflow/.local/lib/python3.12/site-packages/airflow/example_dags/example_inlet_event_extra.py
[2025-03-15T07:29:37.063+0000] {logging_mixin.py:190} INFO - [2025-03-15T07:29:37.063+0000] {dag.py:3239} INFO - Sync 2 DAGs
[2025-03-15T07:29:37.075+0000] {logging_mixin.py:190} INFO - [2025-03-15T07:29:37.074+0000] {dag.py:4180} INFO - Setting next_dagrun for read_dataset_event to 2025-03-14 00:00:00+00:00, run_after=2025-03-15 00:00:00+00:00
[2025-03-15T07:29:37.077+0000] {logging_mixin.py:190} INFO - [2025-03-15T07:29:37.077+0000] {dag.py:4180} INFO - Setting next_dagrun for read_dataset_event_from_classic to 2025-03-14 00:00:00+00:00, run_after=2025-03-15 00:00:00+00:00
[2025-03-15T07:29:37.088+0000] {processor.py:208} INFO - Processing /home/airflow/.local/lib/python3.12/site-packages/airflow/example_dags/example_inlet_event_extra.py took 0.353 seconds
[2025-03-15T07:30:07.159+0000] {processor.py:186} INFO - Started process (PID=2324) to work on /home/airflow/.local/lib/python3.12/site-packages/airflow/example_dags/example_inlet_event_extra.py
[2025-03-15T07:30:07.160+0000] {processor.py:914} INFO - Processing file /home/airflow/.local/lib/python3.12/site-packages/airflow/example_dags/example_inlet_event_extra.py for tasks to queue
[2025-03-15T07:30:07.162+0000] {logging_mixin.py:190} INFO - [2025-03-15T07:30:07.162+0000] {dagbag.py:588} INFO - Filling up the DagBag from /home/airflow/.local/lib/python3.12/site-packages/airflow/example_dags/example_inlet_event_extra.py
[2025-03-15T07:30:07.442+0000] {processor.py:925} INFO - DAG(s) 'read_dataset_event_from_classic', 'read_dataset_event' retrieved from /home/airflow/.local/lib/python3.12/site-packages/airflow/example_dags/example_inlet_event_extra.py
[2025-03-15T07:30:07.453+0000] {logging_mixin.py:190} INFO - [2025-03-15T07:30:07.453+0000] {dag.py:3239} INFO - Sync 2 DAGs
[2025-03-15T07:30:07.464+0000] {logging_mixin.py:190} INFO - [2025-03-15T07:30:07.464+0000] {dag.py:4180} INFO - Setting next_dagrun for read_dataset_event to 2025-03-14 00:00:00+00:00, run_after=2025-03-15 00:00:00+00:00
[2025-03-15T07:30:07.466+0000] {logging_mixin.py:190} INFO - [2025-03-15T07:30:07.466+0000] {dag.py:4180} INFO - Setting next_dagrun for read_dataset_event_from_classic to 2025-03-14 00:00:00+00:00, run_after=2025-03-15 00:00:00+00:00
[2025-03-15T07:30:07.474+0000] {processor.py:208} INFO - Processing /home/airflow/.local/lib/python3.12/site-packages/airflow/example_dags/example_inlet_event_extra.py took 0.319 seconds
[2025-03-15T07:30:38.353+0000] {processor.py:186} INFO - Started process (PID=2388) to work on /home/airflow/.local/lib/python3.12/site-packages/airflow/example_dags/example_inlet_event_extra.py
[2025-03-15T07:30:38.354+0000] {processor.py:914} INFO - Processing file /home/airflow/.local/lib/python3.12/site-packages/airflow/example_dags/example_inlet_event_extra.py for tasks to queue
[2025-03-15T07:30:38.355+0000] {logging_mixin.py:190} INFO - [2025-03-15T07:30:38.355+0000] {dagbag.py:588} INFO - Filling up the DagBag from /home/airflow/.local/lib/python3.12/site-packages/airflow/example_dags/example_inlet_event_extra.py
[2025-03-15T07:30:38.656+0000] {processor.py:925} INFO - DAG(s) 'read_dataset_event_from_classic', 'read_dataset_event' retrieved from /home/airflow/.local/lib/python3.12/site-packages/airflow/example_dags/example_inlet_event_extra.py
[2025-03-15T07:30:38.673+0000] {logging_mixin.py:190} INFO - [2025-03-15T07:30:38.673+0000] {dag.py:3239} INFO - Sync 2 DAGs
[2025-03-15T07:30:38.685+0000] {logging_mixin.py:190} INFO - [2025-03-15T07:30:38.685+0000] {dag.py:4180} INFO - Setting next_dagrun for read_dataset_event to 2025-03-14 00:00:00+00:00, run_after=2025-03-15 00:00:00+00:00
[2025-03-15T07:30:38.687+0000] {logging_mixin.py:190} INFO - [2025-03-15T07:30:38.687+0000] {dag.py:4180} INFO - Setting next_dagrun for read_dataset_event_from_classic to 2025-03-14 00:00:00+00:00, run_after=2025-03-15 00:00:00+00:00
[2025-03-15T07:30:38.700+0000] {processor.py:208} INFO - Processing /home/airflow/.local/lib/python3.12/site-packages/airflow/example_dags/example_inlet_event_extra.py took 0.350 seconds
[2025-03-15T07:31:09.698+0000] {processor.py:186} INFO - Started process (PID=2452) to work on /home/airflow/.local/lib/python3.12/site-packages/airflow/example_dags/example_inlet_event_extra.py
[2025-03-15T07:31:09.701+0000] {processor.py:914} INFO - Processing file /home/airflow/.local/lib/python3.12/site-packages/airflow/example_dags/example_inlet_event_extra.py for tasks to queue
[2025-03-15T07:31:09.703+0000] {logging_mixin.py:190} INFO - [2025-03-15T07:31:09.703+0000] {dagbag.py:588} INFO - Filling up the DagBag from /home/airflow/.local/lib/python3.12/site-packages/airflow/example_dags/example_inlet_event_extra.py
[2025-03-15T07:31:09.984+0000] {processor.py:925} INFO - DAG(s) 'read_dataset_event_from_classic', 'read_dataset_event' retrieved from /home/airflow/.local/lib/python3.12/site-packages/airflow/example_dags/example_inlet_event_extra.py
[2025-03-15T07:31:10.000+0000] {logging_mixin.py:190} INFO - [2025-03-15T07:31:10.000+0000] {dag.py:3239} INFO - Sync 2 DAGs
[2025-03-15T07:31:10.012+0000] {logging_mixin.py:190} INFO - [2025-03-15T07:31:10.012+0000] {dag.py:4180} INFO - Setting next_dagrun for read_dataset_event to 2025-03-14 00:00:00+00:00, run_after=2025-03-15 00:00:00+00:00
[2025-03-15T07:31:10.016+0000] {logging_mixin.py:190} INFO - [2025-03-15T07:31:10.016+0000] {dag.py:4180} INFO - Setting next_dagrun for read_dataset_event_from_classic to 2025-03-14 00:00:00+00:00, run_after=2025-03-15 00:00:00+00:00
[2025-03-15T07:31:10.026+0000] {processor.py:208} INFO - Processing /home/airflow/.local/lib/python3.12/site-packages/airflow/example_dags/example_inlet_event_extra.py took 0.331 seconds
[2025-03-15T07:31:41.652+0000] {processor.py:186} INFO - Started process (PID=2512) to work on /home/airflow/.local/lib/python3.12/site-packages/airflow/example_dags/example_inlet_event_extra.py
[2025-03-15T07:31:41.653+0000] {processor.py:914} INFO - Processing file /home/airflow/.local/lib/python3.12/site-packages/airflow/example_dags/example_inlet_event_extra.py for tasks to queue
[2025-03-15T07:31:41.654+0000] {logging_mixin.py:190} INFO - [2025-03-15T07:31:41.654+0000] {dagbag.py:588} INFO - Filling up the DagBag from /home/airflow/.local/lib/python3.12/site-packages/airflow/example_dags/example_inlet_event_extra.py
[2025-03-15T07:31:41.975+0000] {processor.py:925} INFO - DAG(s) 'read_dataset_event', 'read_dataset_event_from_classic' retrieved from /home/airflow/.local/lib/python3.12/site-packages/airflow/example_dags/example_inlet_event_extra.py
[2025-03-15T07:31:41.988+0000] {logging_mixin.py:190} INFO - [2025-03-15T07:31:41.988+0000] {dag.py:3239} INFO - Sync 2 DAGs
[2025-03-15T07:31:41.999+0000] {logging_mixin.py:190} INFO - [2025-03-15T07:31:41.999+0000] {dag.py:4180} INFO - Setting next_dagrun for read_dataset_event to 2025-03-14 00:00:00+00:00, run_after=2025-03-15 00:00:00+00:00
[2025-03-15T07:31:42.002+0000] {logging_mixin.py:190} INFO - [2025-03-15T07:31:42.002+0000] {dag.py:4180} INFO - Setting next_dagrun for read_dataset_event_from_classic to 2025-03-14 00:00:00+00:00, run_after=2025-03-15 00:00:00+00:00
[2025-03-15T07:31:42.012+0000] {processor.py:208} INFO - Processing /home/airflow/.local/lib/python3.12/site-packages/airflow/example_dags/example_inlet_event_extra.py took 0.363 seconds
[2025-03-15T07:32:12.390+0000] {processor.py:186} INFO - Started process (PID=2576) to work on /home/airflow/.local/lib/python3.12/site-packages/airflow/example_dags/example_inlet_event_extra.py
[2025-03-15T07:32:12.390+0000] {processor.py:914} INFO - Processing file /home/airflow/.local/lib/python3.12/site-packages/airflow/example_dags/example_inlet_event_extra.py for tasks to queue
[2025-03-15T07:32:12.392+0000] {logging_mixin.py:190} INFO - [2025-03-15T07:32:12.391+0000] {dagbag.py:588} INFO - Filling up the DagBag from /home/airflow/.local/lib/python3.12/site-packages/airflow/example_dags/example_inlet_event_extra.py
[2025-03-15T07:32:12.700+0000] {processor.py:925} INFO - DAG(s) 'read_dataset_event_from_classic', 'read_dataset_event' retrieved from /home/airflow/.local/lib/python3.12/site-packages/airflow/example_dags/example_inlet_event_extra.py
[2025-03-15T07:32:12.714+0000] {logging_mixin.py:190} INFO - [2025-03-15T07:32:12.714+0000] {dag.py:3239} INFO - Sync 2 DAGs
[2025-03-15T07:32:12.727+0000] {logging_mixin.py:190} INFO - [2025-03-15T07:32:12.727+0000] {dag.py:4180} INFO - Setting next_dagrun for read_dataset_event to 2025-03-14 00:00:00+00:00, run_after=2025-03-15 00:00:00+00:00
[2025-03-15T07:32:12.730+0000] {logging_mixin.py:190} INFO - [2025-03-15T07:32:12.730+0000] {dag.py:4180} INFO - Setting next_dagrun for read_dataset_event_from_classic to 2025-03-14 00:00:00+00:00, run_after=2025-03-15 00:00:00+00:00
[2025-03-15T07:32:12.741+0000] {processor.py:208} INFO - Processing /home/airflow/.local/lib/python3.12/site-packages/airflow/example_dags/example_inlet_event_extra.py took 0.355 seconds
