[2025-03-15T07:11:59.891+0000] {processor.py:186} INFO - Started process (PID=81) to work on /home/airflow/.local/lib/python3.12/site-packages/airflow/example_dags/example_nested_branch_dag.py
[2025-03-15T07:11:59.892+0000] {processor.py:914} INFO - Processing file /home/airflow/.local/lib/python3.12/site-packages/airflow/example_dags/example_nested_branch_dag.py for tasks to queue
[2025-03-15T07:11:59.893+0000] {logging_mixin.py:190} INFO - [2025-03-15T07:11:59.893+0000] {dagbag.py:588} INFO - Filling up the DagBag from /home/airflow/.local/lib/python3.12/site-packages/airflow/example_dags/example_nested_branch_dag.py
[2025-03-15T07:11:59.904+0000] {processor.py:925} INFO - DAG(s) 'example_nested_branch_dag' retrieved from /home/airflow/.local/lib/python3.12/site-packages/airflow/example_dags/example_nested_branch_dag.py
[2025-03-15T07:11:59.919+0000] {logging_mixin.py:190} INFO - [2025-03-15T07:11:59.918+0000] {dag.py:3239} INFO - Sync 1 DAGs
[2025-03-15T07:11:59.933+0000] {logging_mixin.py:190} INFO - [2025-03-15T07:11:59.933+0000] {dag.py:4180} INFO - Setting next_dagrun for example_nested_branch_dag to 2025-03-14 00:00:00+00:00, run_after=2025-03-15 00:00:00+00:00
[2025-03-15T07:11:59.945+0000] {processor.py:208} INFO - Processing /home/airflow/.local/lib/python3.12/site-packages/airflow/example_dags/example_nested_branch_dag.py took 0.057 seconds
[2025-03-15T07:12:30.350+0000] {processor.py:186} INFO - Started process (PID=144) to work on /home/airflow/.local/lib/python3.12/site-packages/airflow/example_dags/example_nested_branch_dag.py
[2025-03-15T07:12:30.351+0000] {processor.py:914} INFO - Processing file /home/airflow/.local/lib/python3.12/site-packages/airflow/example_dags/example_nested_branch_dag.py for tasks to queue
[2025-03-15T07:12:30.352+0000] {logging_mixin.py:190} INFO - [2025-03-15T07:12:30.352+0000] {dagbag.py:588} INFO - Filling up the DagBag from /home/airflow/.local/lib/python3.12/site-packages/airflow/example_dags/example_nested_branch_dag.py
[2025-03-15T07:12:30.358+0000] {processor.py:925} INFO - DAG(s) 'example_nested_branch_dag' retrieved from /home/airflow/.local/lib/python3.12/site-packages/airflow/example_dags/example_nested_branch_dag.py
[2025-03-15T07:12:30.370+0000] {logging_mixin.py:190} INFO - [2025-03-15T07:12:30.370+0000] {dag.py:3239} INFO - Sync 1 DAGs
[2025-03-15T07:12:30.386+0000] {logging_mixin.py:190} INFO - [2025-03-15T07:12:30.386+0000] {dag.py:4180} INFO - Setting next_dagrun for example_nested_branch_dag to 2025-03-14 00:00:00+00:00, run_after=2025-03-15 00:00:00+00:00
[2025-03-15T07:12:30.401+0000] {processor.py:208} INFO - Processing /home/airflow/.local/lib/python3.12/site-packages/airflow/example_dags/example_nested_branch_dag.py took 0.054 seconds
[2025-03-15T07:13:00.780+0000] {processor.py:186} INFO - Started process (PID=212) to work on /home/airflow/.local/lib/python3.12/site-packages/airflow/example_dags/example_nested_branch_dag.py
[2025-03-15T07:13:00.783+0000] {processor.py:914} INFO - Processing file /home/airflow/.local/lib/python3.12/site-packages/airflow/example_dags/example_nested_branch_dag.py for tasks to queue
[2025-03-15T07:13:00.785+0000] {logging_mixin.py:190} INFO - [2025-03-15T07:13:00.785+0000] {dagbag.py:588} INFO - Filling up the DagBag from /home/airflow/.local/lib/python3.12/site-packages/airflow/example_dags/example_nested_branch_dag.py
[2025-03-15T07:13:00.792+0000] {processor.py:925} INFO - DAG(s) 'example_nested_branch_dag' retrieved from /home/airflow/.local/lib/python3.12/site-packages/airflow/example_dags/example_nested_branch_dag.py
[2025-03-15T07:13:00.808+0000] {logging_mixin.py:190} INFO - [2025-03-15T07:13:00.808+0000] {dag.py:3239} INFO - Sync 1 DAGs
[2025-03-15T07:13:00.820+0000] {logging_mixin.py:190} INFO - [2025-03-15T07:13:00.820+0000] {dag.py:4180} INFO - Setting next_dagrun for example_nested_branch_dag to 2025-03-14 00:00:00+00:00, run_after=2025-03-15 00:00:00+00:00
[2025-03-15T07:13:00.829+0000] {processor.py:208} INFO - Processing /home/airflow/.local/lib/python3.12/site-packages/airflow/example_dags/example_nested_branch_dag.py took 0.053 seconds
[2025-03-15T07:13:31.950+0000] {processor.py:186} INFO - Started process (PID=275) to work on /home/airflow/.local/lib/python3.12/site-packages/airflow/example_dags/example_nested_branch_dag.py
[2025-03-15T07:13:31.951+0000] {processor.py:914} INFO - Processing file /home/airflow/.local/lib/python3.12/site-packages/airflow/example_dags/example_nested_branch_dag.py for tasks to queue
[2025-03-15T07:13:31.952+0000] {logging_mixin.py:190} INFO - [2025-03-15T07:13:31.952+0000] {dagbag.py:588} INFO - Filling up the DagBag from /home/airflow/.local/lib/python3.12/site-packages/airflow/example_dags/example_nested_branch_dag.py
[2025-03-15T07:13:31.958+0000] {processor.py:925} INFO - DAG(s) 'example_nested_branch_dag' retrieved from /home/airflow/.local/lib/python3.12/site-packages/airflow/example_dags/example_nested_branch_dag.py
[2025-03-15T07:13:31.970+0000] {logging_mixin.py:190} INFO - [2025-03-15T07:13:31.970+0000] {dag.py:3239} INFO - Sync 1 DAGs
[2025-03-15T07:13:31.984+0000] {logging_mixin.py:190} INFO - [2025-03-15T07:13:31.984+0000] {dag.py:4180} INFO - Setting next_dagrun for example_nested_branch_dag to 2025-03-14 00:00:00+00:00, run_after=2025-03-15 00:00:00+00:00
[2025-03-15T07:13:32.001+0000] {processor.py:208} INFO - Processing /home/airflow/.local/lib/python3.12/site-packages/airflow/example_dags/example_nested_branch_dag.py took 0.055 seconds
[2025-03-15T07:14:02.489+0000] {processor.py:186} INFO - Started process (PID=338) to work on /home/airflow/.local/lib/python3.12/site-packages/airflow/example_dags/example_nested_branch_dag.py
[2025-03-15T07:14:02.489+0000] {processor.py:914} INFO - Processing file /home/airflow/.local/lib/python3.12/site-packages/airflow/example_dags/example_nested_branch_dag.py for tasks to queue
[2025-03-15T07:14:02.491+0000] {logging_mixin.py:190} INFO - [2025-03-15T07:14:02.490+0000] {dagbag.py:588} INFO - Filling up the DagBag from /home/airflow/.local/lib/python3.12/site-packages/airflow/example_dags/example_nested_branch_dag.py
[2025-03-15T07:14:02.497+0000] {processor.py:925} INFO - DAG(s) 'example_nested_branch_dag' retrieved from /home/airflow/.local/lib/python3.12/site-packages/airflow/example_dags/example_nested_branch_dag.py
[2025-03-15T07:14:02.509+0000] {logging_mixin.py:190} INFO - [2025-03-15T07:14:02.508+0000] {dag.py:3239} INFO - Sync 1 DAGs
[2025-03-15T07:14:02.520+0000] {logging_mixin.py:190} INFO - [2025-03-15T07:14:02.520+0000] {dag.py:4180} INFO - Setting next_dagrun for example_nested_branch_dag to 2025-03-14 00:00:00+00:00, run_after=2025-03-15 00:00:00+00:00
[2025-03-15T07:14:02.528+0000] {processor.py:208} INFO - Processing /home/airflow/.local/lib/python3.12/site-packages/airflow/example_dags/example_nested_branch_dag.py took 0.042 seconds
[2025-03-15T07:14:33.933+0000] {processor.py:186} INFO - Started process (PID=401) to work on /home/airflow/.local/lib/python3.12/site-packages/airflow/example_dags/example_nested_branch_dag.py
[2025-03-15T07:14:33.934+0000] {processor.py:914} INFO - Processing file /home/airflow/.local/lib/python3.12/site-packages/airflow/example_dags/example_nested_branch_dag.py for tasks to queue
[2025-03-15T07:14:33.935+0000] {logging_mixin.py:190} INFO - [2025-03-15T07:14:33.935+0000] {dagbag.py:588} INFO - Filling up the DagBag from /home/airflow/.local/lib/python3.12/site-packages/airflow/example_dags/example_nested_branch_dag.py
[2025-03-15T07:14:33.942+0000] {processor.py:925} INFO - DAG(s) 'example_nested_branch_dag' retrieved from /home/airflow/.local/lib/python3.12/site-packages/airflow/example_dags/example_nested_branch_dag.py
[2025-03-15T07:14:33.954+0000] {logging_mixin.py:190} INFO - [2025-03-15T07:14:33.954+0000] {dag.py:3239} INFO - Sync 1 DAGs
[2025-03-15T07:14:33.968+0000] {logging_mixin.py:190} INFO - [2025-03-15T07:14:33.968+0000] {dag.py:4180} INFO - Setting next_dagrun for example_nested_branch_dag to 2025-03-14 00:00:00+00:00, run_after=2025-03-15 00:00:00+00:00
[2025-03-15T07:14:33.977+0000] {processor.py:208} INFO - Processing /home/airflow/.local/lib/python3.12/site-packages/airflow/example_dags/example_nested_branch_dag.py took 0.048 seconds
[2025-03-15T07:15:05.156+0000] {processor.py:186} INFO - Started process (PID=464) to work on /home/airflow/.local/lib/python3.12/site-packages/airflow/example_dags/example_nested_branch_dag.py
[2025-03-15T07:15:05.156+0000] {processor.py:914} INFO - Processing file /home/airflow/.local/lib/python3.12/site-packages/airflow/example_dags/example_nested_branch_dag.py for tasks to queue
[2025-03-15T07:15:05.157+0000] {logging_mixin.py:190} INFO - [2025-03-15T07:15:05.157+0000] {dagbag.py:588} INFO - Filling up the DagBag from /home/airflow/.local/lib/python3.12/site-packages/airflow/example_dags/example_nested_branch_dag.py
[2025-03-15T07:15:05.165+0000] {processor.py:925} INFO - DAG(s) 'example_nested_branch_dag' retrieved from /home/airflow/.local/lib/python3.12/site-packages/airflow/example_dags/example_nested_branch_dag.py
[2025-03-15T07:15:05.176+0000] {logging_mixin.py:190} INFO - [2025-03-15T07:15:05.176+0000] {dag.py:3239} INFO - Sync 1 DAGs
[2025-03-15T07:15:05.186+0000] {logging_mixin.py:190} INFO - [2025-03-15T07:15:05.186+0000] {dag.py:4180} INFO - Setting next_dagrun for example_nested_branch_dag to 2025-03-14 00:00:00+00:00, run_after=2025-03-15 00:00:00+00:00
[2025-03-15T07:15:05.193+0000] {processor.py:208} INFO - Processing /home/airflow/.local/lib/python3.12/site-packages/airflow/example_dags/example_nested_branch_dag.py took 0.040 seconds
[2025-03-15T07:15:36.022+0000] {processor.py:186} INFO - Started process (PID=527) to work on /home/airflow/.local/lib/python3.12/site-packages/airflow/example_dags/example_nested_branch_dag.py
[2025-03-15T07:15:36.023+0000] {processor.py:914} INFO - Processing file /home/airflow/.local/lib/python3.12/site-packages/airflow/example_dags/example_nested_branch_dag.py for tasks to queue
[2025-03-15T07:15:36.024+0000] {logging_mixin.py:190} INFO - [2025-03-15T07:15:36.024+0000] {dagbag.py:588} INFO - Filling up the DagBag from /home/airflow/.local/lib/python3.12/site-packages/airflow/example_dags/example_nested_branch_dag.py
[2025-03-15T07:15:36.030+0000] {processor.py:925} INFO - DAG(s) 'example_nested_branch_dag' retrieved from /home/airflow/.local/lib/python3.12/site-packages/airflow/example_dags/example_nested_branch_dag.py
[2025-03-15T07:15:36.044+0000] {logging_mixin.py:190} INFO - [2025-03-15T07:15:36.044+0000] {dag.py:3239} INFO - Sync 1 DAGs
[2025-03-15T07:15:36.061+0000] {logging_mixin.py:190} INFO - [2025-03-15T07:15:36.061+0000] {dag.py:4180} INFO - Setting next_dagrun for example_nested_branch_dag to 2025-03-14 00:00:00+00:00, run_after=2025-03-15 00:00:00+00:00
[2025-03-15T07:15:36.078+0000] {processor.py:208} INFO - Processing /home/airflow/.local/lib/python3.12/site-packages/airflow/example_dags/example_nested_branch_dag.py took 0.060 seconds
[2025-03-15T07:16:07.037+0000] {processor.py:186} INFO - Started process (PID=590) to work on /home/airflow/.local/lib/python3.12/site-packages/airflow/example_dags/example_nested_branch_dag.py
[2025-03-15T07:16:07.038+0000] {processor.py:914} INFO - Processing file /home/airflow/.local/lib/python3.12/site-packages/airflow/example_dags/example_nested_branch_dag.py for tasks to queue
[2025-03-15T07:16:07.039+0000] {logging_mixin.py:190} INFO - [2025-03-15T07:16:07.039+0000] {dagbag.py:588} INFO - Filling up the DagBag from /home/airflow/.local/lib/python3.12/site-packages/airflow/example_dags/example_nested_branch_dag.py
[2025-03-15T07:16:07.045+0000] {processor.py:925} INFO - DAG(s) 'example_nested_branch_dag' retrieved from /home/airflow/.local/lib/python3.12/site-packages/airflow/example_dags/example_nested_branch_dag.py
[2025-03-15T07:16:07.056+0000] {logging_mixin.py:190} INFO - [2025-03-15T07:16:07.056+0000] {dag.py:3239} INFO - Sync 1 DAGs
[2025-03-15T07:16:07.066+0000] {logging_mixin.py:190} INFO - [2025-03-15T07:16:07.066+0000] {dag.py:4180} INFO - Setting next_dagrun for example_nested_branch_dag to 2025-03-14 00:00:00+00:00, run_after=2025-03-15 00:00:00+00:00
[2025-03-15T07:16:07.074+0000] {processor.py:208} INFO - Processing /home/airflow/.local/lib/python3.12/site-packages/airflow/example_dags/example_nested_branch_dag.py took 0.040 seconds
[2025-03-15T07:16:37.780+0000] {processor.py:186} INFO - Started process (PID=652) to work on /home/airflow/.local/lib/python3.12/site-packages/airflow/example_dags/example_nested_branch_dag.py
[2025-03-15T07:16:37.781+0000] {processor.py:914} INFO - Processing file /home/airflow/.local/lib/python3.12/site-packages/airflow/example_dags/example_nested_branch_dag.py for tasks to queue
[2025-03-15T07:16:37.782+0000] {logging_mixin.py:190} INFO - [2025-03-15T07:16:37.782+0000] {dagbag.py:588} INFO - Filling up the DagBag from /home/airflow/.local/lib/python3.12/site-packages/airflow/example_dags/example_nested_branch_dag.py
[2025-03-15T07:16:37.791+0000] {processor.py:925} INFO - DAG(s) 'example_nested_branch_dag' retrieved from /home/airflow/.local/lib/python3.12/site-packages/airflow/example_dags/example_nested_branch_dag.py
[2025-03-15T07:16:37.803+0000] {logging_mixin.py:190} INFO - [2025-03-15T07:16:37.803+0000] {dag.py:3239} INFO - Sync 1 DAGs
[2025-03-15T07:16:37.816+0000] {logging_mixin.py:190} INFO - [2025-03-15T07:16:37.816+0000] {dag.py:4180} INFO - Setting next_dagrun for example_nested_branch_dag to 2025-03-14 00:00:00+00:00, run_after=2025-03-15 00:00:00+00:00
[2025-03-15T07:16:37.831+0000] {processor.py:208} INFO - Processing /home/airflow/.local/lib/python3.12/site-packages/airflow/example_dags/example_nested_branch_dag.py took 0.053 seconds
[2025-03-15T07:17:08.953+0000] {processor.py:186} INFO - Started process (PID=715) to work on /home/airflow/.local/lib/python3.12/site-packages/airflow/example_dags/example_nested_branch_dag.py
[2025-03-15T07:17:08.954+0000] {processor.py:914} INFO - Processing file /home/airflow/.local/lib/python3.12/site-packages/airflow/example_dags/example_nested_branch_dag.py for tasks to queue
[2025-03-15T07:17:08.956+0000] {logging_mixin.py:190} INFO - [2025-03-15T07:17:08.955+0000] {dagbag.py:588} INFO - Filling up the DagBag from /home/airflow/.local/lib/python3.12/site-packages/airflow/example_dags/example_nested_branch_dag.py
[2025-03-15T07:17:08.963+0000] {processor.py:925} INFO - DAG(s) 'example_nested_branch_dag' retrieved from /home/airflow/.local/lib/python3.12/site-packages/airflow/example_dags/example_nested_branch_dag.py
[2025-03-15T07:17:08.987+0000] {logging_mixin.py:190} INFO - [2025-03-15T07:17:08.987+0000] {dag.py:3239} INFO - Sync 1 DAGs
[2025-03-15T07:17:09.001+0000] {logging_mixin.py:190} INFO - [2025-03-15T07:17:09.001+0000] {dag.py:4180} INFO - Setting next_dagrun for example_nested_branch_dag to 2025-03-14 00:00:00+00:00, run_after=2025-03-15 00:00:00+00:00
[2025-03-15T07:17:09.013+0000] {processor.py:208} INFO - Processing /home/airflow/.local/lib/python3.12/site-packages/airflow/example_dags/example_nested_branch_dag.py took 0.063 seconds
[2025-03-15T07:17:40.353+0000] {processor.py:186} INFO - Started process (PID=778) to work on /home/airflow/.local/lib/python3.12/site-packages/airflow/example_dags/example_nested_branch_dag.py
[2025-03-15T07:17:40.354+0000] {processor.py:914} INFO - Processing file /home/airflow/.local/lib/python3.12/site-packages/airflow/example_dags/example_nested_branch_dag.py for tasks to queue
[2025-03-15T07:17:40.355+0000] {logging_mixin.py:190} INFO - [2025-03-15T07:17:40.355+0000] {dagbag.py:588} INFO - Filling up the DagBag from /home/airflow/.local/lib/python3.12/site-packages/airflow/example_dags/example_nested_branch_dag.py
[2025-03-15T07:17:40.361+0000] {processor.py:925} INFO - DAG(s) 'example_nested_branch_dag' retrieved from /home/airflow/.local/lib/python3.12/site-packages/airflow/example_dags/example_nested_branch_dag.py
[2025-03-15T07:17:40.372+0000] {logging_mixin.py:190} INFO - [2025-03-15T07:17:40.372+0000] {dag.py:3239} INFO - Sync 1 DAGs
[2025-03-15T07:17:40.383+0000] {logging_mixin.py:190} INFO - [2025-03-15T07:17:40.383+0000] {dag.py:4180} INFO - Setting next_dagrun for example_nested_branch_dag to 2025-03-14 00:00:00+00:00, run_after=2025-03-15 00:00:00+00:00
[2025-03-15T07:17:40.392+0000] {processor.py:208} INFO - Processing /home/airflow/.local/lib/python3.12/site-packages/airflow/example_dags/example_nested_branch_dag.py took 0.043 seconds
[2025-03-15T07:18:11.522+0000] {processor.py:186} INFO - Started process (PID=841) to work on /home/airflow/.local/lib/python3.12/site-packages/airflow/example_dags/example_nested_branch_dag.py
[2025-03-15T07:18:11.523+0000] {processor.py:914} INFO - Processing file /home/airflow/.local/lib/python3.12/site-packages/airflow/example_dags/example_nested_branch_dag.py for tasks to queue
[2025-03-15T07:18:11.524+0000] {logging_mixin.py:190} INFO - [2025-03-15T07:18:11.524+0000] {dagbag.py:588} INFO - Filling up the DagBag from /home/airflow/.local/lib/python3.12/site-packages/airflow/example_dags/example_nested_branch_dag.py
[2025-03-15T07:18:11.530+0000] {processor.py:925} INFO - DAG(s) 'example_nested_branch_dag' retrieved from /home/airflow/.local/lib/python3.12/site-packages/airflow/example_dags/example_nested_branch_dag.py
[2025-03-15T07:18:11.542+0000] {logging_mixin.py:190} INFO - [2025-03-15T07:18:11.541+0000] {dag.py:3239} INFO - Sync 1 DAGs
[2025-03-15T07:18:11.553+0000] {logging_mixin.py:190} INFO - [2025-03-15T07:18:11.553+0000] {dag.py:4180} INFO - Setting next_dagrun for example_nested_branch_dag to 2025-03-14 00:00:00+00:00, run_after=2025-03-15 00:00:00+00:00
[2025-03-15T07:18:11.562+0000] {processor.py:208} INFO - Processing /home/airflow/.local/lib/python3.12/site-packages/airflow/example_dags/example_nested_branch_dag.py took 0.043 seconds
[2025-03-15T07:18:43.008+0000] {processor.py:186} INFO - Started process (PID=912) to work on /home/airflow/.local/lib/python3.12/site-packages/airflow/example_dags/example_nested_branch_dag.py
[2025-03-15T07:18:43.009+0000] {processor.py:914} INFO - Processing file /home/airflow/.local/lib/python3.12/site-packages/airflow/example_dags/example_nested_branch_dag.py for tasks to queue
[2025-03-15T07:18:43.011+0000] {logging_mixin.py:190} INFO - [2025-03-15T07:18:43.011+0000] {dagbag.py:588} INFO - Filling up the DagBag from /home/airflow/.local/lib/python3.12/site-packages/airflow/example_dags/example_nested_branch_dag.py
[2025-03-15T07:18:43.019+0000] {processor.py:925} INFO - DAG(s) 'example_nested_branch_dag' retrieved from /home/airflow/.local/lib/python3.12/site-packages/airflow/example_dags/example_nested_branch_dag.py
[2025-03-15T07:18:43.032+0000] {logging_mixin.py:190} INFO - [2025-03-15T07:18:43.032+0000] {dag.py:3239} INFO - Sync 1 DAGs
[2025-03-15T07:18:43.055+0000] {logging_mixin.py:190} INFO - [2025-03-15T07:18:43.055+0000] {dag.py:4180} INFO - Setting next_dagrun for example_nested_branch_dag to 2025-03-14 00:00:00+00:00, run_after=2025-03-15 00:00:00+00:00
[2025-03-15T07:18:43.068+0000] {processor.py:208} INFO - Processing /home/airflow/.local/lib/python3.12/site-packages/airflow/example_dags/example_nested_branch_dag.py took 0.065 seconds
[2025-03-15T07:19:13.870+0000] {processor.py:186} INFO - Started process (PID=975) to work on /home/airflow/.local/lib/python3.12/site-packages/airflow/example_dags/example_nested_branch_dag.py
[2025-03-15T07:19:13.871+0000] {processor.py:914} INFO - Processing file /home/airflow/.local/lib/python3.12/site-packages/airflow/example_dags/example_nested_branch_dag.py for tasks to queue
[2025-03-15T07:19:13.872+0000] {logging_mixin.py:190} INFO - [2025-03-15T07:19:13.872+0000] {dagbag.py:588} INFO - Filling up the DagBag from /home/airflow/.local/lib/python3.12/site-packages/airflow/example_dags/example_nested_branch_dag.py
[2025-03-15T07:19:13.878+0000] {processor.py:925} INFO - DAG(s) 'example_nested_branch_dag' retrieved from /home/airflow/.local/lib/python3.12/site-packages/airflow/example_dags/example_nested_branch_dag.py
[2025-03-15T07:19:13.892+0000] {logging_mixin.py:190} INFO - [2025-03-15T07:19:13.892+0000] {dag.py:3239} INFO - Sync 1 DAGs
[2025-03-15T07:19:13.904+0000] {logging_mixin.py:190} INFO - [2025-03-15T07:19:13.904+0000] {dag.py:4180} INFO - Setting next_dagrun for example_nested_branch_dag to 2025-03-14 00:00:00+00:00, run_after=2025-03-15 00:00:00+00:00
[2025-03-15T07:19:13.917+0000] {processor.py:208} INFO - Processing /home/airflow/.local/lib/python3.12/site-packages/airflow/example_dags/example_nested_branch_dag.py took 0.050 seconds
[2025-03-15T07:19:45.030+0000] {processor.py:186} INFO - Started process (PID=1038) to work on /home/airflow/.local/lib/python3.12/site-packages/airflow/example_dags/example_nested_branch_dag.py
[2025-03-15T07:19:45.031+0000] {processor.py:914} INFO - Processing file /home/airflow/.local/lib/python3.12/site-packages/airflow/example_dags/example_nested_branch_dag.py for tasks to queue
[2025-03-15T07:19:45.032+0000] {logging_mixin.py:190} INFO - [2025-03-15T07:19:45.032+0000] {dagbag.py:588} INFO - Filling up the DagBag from /home/airflow/.local/lib/python3.12/site-packages/airflow/example_dags/example_nested_branch_dag.py
[2025-03-15T07:19:45.038+0000] {processor.py:925} INFO - DAG(s) 'example_nested_branch_dag' retrieved from /home/airflow/.local/lib/python3.12/site-packages/airflow/example_dags/example_nested_branch_dag.py
[2025-03-15T07:19:45.051+0000] {logging_mixin.py:190} INFO - [2025-03-15T07:19:45.051+0000] {dag.py:3239} INFO - Sync 1 DAGs
[2025-03-15T07:19:45.063+0000] {logging_mixin.py:190} INFO - [2025-03-15T07:19:45.062+0000] {dag.py:4180} INFO - Setting next_dagrun for example_nested_branch_dag to 2025-03-14 00:00:00+00:00, run_after=2025-03-15 00:00:00+00:00
[2025-03-15T07:19:45.071+0000] {processor.py:208} INFO - Processing /home/airflow/.local/lib/python3.12/site-packages/airflow/example_dags/example_nested_branch_dag.py took 0.044 seconds
[2025-03-15T07:20:16.170+0000] {processor.py:186} INFO - Started process (PID=1101) to work on /home/airflow/.local/lib/python3.12/site-packages/airflow/example_dags/example_nested_branch_dag.py
[2025-03-15T07:20:16.170+0000] {processor.py:914} INFO - Processing file /home/airflow/.local/lib/python3.12/site-packages/airflow/example_dags/example_nested_branch_dag.py for tasks to queue
[2025-03-15T07:20:16.172+0000] {logging_mixin.py:190} INFO - [2025-03-15T07:20:16.171+0000] {dagbag.py:588} INFO - Filling up the DagBag from /home/airflow/.local/lib/python3.12/site-packages/airflow/example_dags/example_nested_branch_dag.py
[2025-03-15T07:20:16.178+0000] {processor.py:925} INFO - DAG(s) 'example_nested_branch_dag' retrieved from /home/airflow/.local/lib/python3.12/site-packages/airflow/example_dags/example_nested_branch_dag.py
[2025-03-15T07:20:16.189+0000] {logging_mixin.py:190} INFO - [2025-03-15T07:20:16.189+0000] {dag.py:3239} INFO - Sync 1 DAGs
[2025-03-15T07:20:16.201+0000] {logging_mixin.py:190} INFO - [2025-03-15T07:20:16.201+0000] {dag.py:4180} INFO - Setting next_dagrun for example_nested_branch_dag to 2025-03-14 00:00:00+00:00, run_after=2025-03-15 00:00:00+00:00
[2025-03-15T07:20:16.209+0000] {processor.py:208} INFO - Processing /home/airflow/.local/lib/python3.12/site-packages/airflow/example_dags/example_nested_branch_dag.py took 0.042 seconds
[2025-03-15T07:20:46.835+0000] {processor.py:186} INFO - Started process (PID=1163) to work on /home/airflow/.local/lib/python3.12/site-packages/airflow/example_dags/example_nested_branch_dag.py
[2025-03-15T07:20:46.836+0000] {processor.py:914} INFO - Processing file /home/airflow/.local/lib/python3.12/site-packages/airflow/example_dags/example_nested_branch_dag.py for tasks to queue
[2025-03-15T07:20:46.837+0000] {logging_mixin.py:190} INFO - [2025-03-15T07:20:46.837+0000] {dagbag.py:588} INFO - Filling up the DagBag from /home/airflow/.local/lib/python3.12/site-packages/airflow/example_dags/example_nested_branch_dag.py
[2025-03-15T07:20:46.844+0000] {processor.py:925} INFO - DAG(s) 'example_nested_branch_dag' retrieved from /home/airflow/.local/lib/python3.12/site-packages/airflow/example_dags/example_nested_branch_dag.py
[2025-03-15T07:20:46.857+0000] {logging_mixin.py:190} INFO - [2025-03-15T07:20:46.857+0000] {dag.py:3239} INFO - Sync 1 DAGs
[2025-03-15T07:20:46.870+0000] {logging_mixin.py:190} INFO - [2025-03-15T07:20:46.869+0000] {dag.py:4180} INFO - Setting next_dagrun for example_nested_branch_dag to 2025-03-14 00:00:00+00:00, run_after=2025-03-15 00:00:00+00:00
[2025-03-15T07:20:46.880+0000] {processor.py:208} INFO - Processing /home/airflow/.local/lib/python3.12/site-packages/airflow/example_dags/example_nested_branch_dag.py took 0.049 seconds
[2025-03-15T07:21:17.808+0000] {processor.py:186} INFO - Started process (PID=1226) to work on /home/airflow/.local/lib/python3.12/site-packages/airflow/example_dags/example_nested_branch_dag.py
[2025-03-15T07:21:17.808+0000] {processor.py:914} INFO - Processing file /home/airflow/.local/lib/python3.12/site-packages/airflow/example_dags/example_nested_branch_dag.py for tasks to queue
[2025-03-15T07:21:17.810+0000] {logging_mixin.py:190} INFO - [2025-03-15T07:21:17.809+0000] {dagbag.py:588} INFO - Filling up the DagBag from /home/airflow/.local/lib/python3.12/site-packages/airflow/example_dags/example_nested_branch_dag.py
[2025-03-15T07:21:17.817+0000] {processor.py:925} INFO - DAG(s) 'example_nested_branch_dag' retrieved from /home/airflow/.local/lib/python3.12/site-packages/airflow/example_dags/example_nested_branch_dag.py
[2025-03-15T07:21:17.839+0000] {logging_mixin.py:190} INFO - [2025-03-15T07:21:17.839+0000] {dag.py:3239} INFO - Sync 1 DAGs
[2025-03-15T07:21:17.858+0000] {logging_mixin.py:190} INFO - [2025-03-15T07:21:17.858+0000] {dag.py:4180} INFO - Setting next_dagrun for example_nested_branch_dag to 2025-03-14 00:00:00+00:00, run_after=2025-03-15 00:00:00+00:00
[2025-03-15T07:21:17.872+0000] {processor.py:208} INFO - Processing /home/airflow/.local/lib/python3.12/site-packages/airflow/example_dags/example_nested_branch_dag.py took 0.068 seconds
[2025-03-15T07:21:49.159+0000] {processor.py:186} INFO - Started process (PID=1289) to work on /home/airflow/.local/lib/python3.12/site-packages/airflow/example_dags/example_nested_branch_dag.py
[2025-03-15T07:21:49.160+0000] {processor.py:914} INFO - Processing file /home/airflow/.local/lib/python3.12/site-packages/airflow/example_dags/example_nested_branch_dag.py for tasks to queue
[2025-03-15T07:21:49.162+0000] {logging_mixin.py:190} INFO - [2025-03-15T07:21:49.162+0000] {dagbag.py:588} INFO - Filling up the DagBag from /home/airflow/.local/lib/python3.12/site-packages/airflow/example_dags/example_nested_branch_dag.py
[2025-03-15T07:21:49.170+0000] {processor.py:925} INFO - DAG(s) 'example_nested_branch_dag' retrieved from /home/airflow/.local/lib/python3.12/site-packages/airflow/example_dags/example_nested_branch_dag.py
[2025-03-15T07:21:49.183+0000] {logging_mixin.py:190} INFO - [2025-03-15T07:21:49.183+0000] {dag.py:3239} INFO - Sync 1 DAGs
[2025-03-15T07:21:49.198+0000] {logging_mixin.py:190} INFO - [2025-03-15T07:21:49.198+0000] {dag.py:4180} INFO - Setting next_dagrun for example_nested_branch_dag to 2025-03-14 00:00:00+00:00, run_after=2025-03-15 00:00:00+00:00
[2025-03-15T07:21:49.217+0000] {processor.py:208} INFO - Processing /home/airflow/.local/lib/python3.12/site-packages/airflow/example_dags/example_nested_branch_dag.py took 0.062 seconds
[2025-03-15T07:22:20.729+0000] {processor.py:186} INFO - Started process (PID=1352) to work on /home/airflow/.local/lib/python3.12/site-packages/airflow/example_dags/example_nested_branch_dag.py
[2025-03-15T07:22:20.731+0000] {processor.py:914} INFO - Processing file /home/airflow/.local/lib/python3.12/site-packages/airflow/example_dags/example_nested_branch_dag.py for tasks to queue
[2025-03-15T07:22:20.738+0000] {logging_mixin.py:190} INFO - [2025-03-15T07:22:20.738+0000] {dagbag.py:588} INFO - Filling up the DagBag from /home/airflow/.local/lib/python3.12/site-packages/airflow/example_dags/example_nested_branch_dag.py
[2025-03-15T07:22:21.110+0000] {processor.py:925} INFO - DAG(s) 'example_nested_branch_dag' retrieved from /home/airflow/.local/lib/python3.12/site-packages/airflow/example_dags/example_nested_branch_dag.py
[2025-03-15T07:22:21.166+0000] {logging_mixin.py:190} INFO - [2025-03-15T07:22:21.166+0000] {dag.py:3239} INFO - Sync 1 DAGs
[2025-03-15T07:22:21.183+0000] {logging_mixin.py:190} INFO - [2025-03-15T07:22:21.183+0000] {dag.py:4180} INFO - Setting next_dagrun for example_nested_branch_dag to 2025-03-14 00:00:00+00:00, run_after=2025-03-15 00:00:00+00:00
[2025-03-15T07:22:21.203+0000] {processor.py:208} INFO - Processing /home/airflow/.local/lib/python3.12/site-packages/airflow/example_dags/example_nested_branch_dag.py took 0.479 seconds
[2025-03-15T07:22:51.434+0000] {processor.py:186} INFO - Started process (PID=1415) to work on /home/airflow/.local/lib/python3.12/site-packages/airflow/example_dags/example_nested_branch_dag.py
[2025-03-15T07:22:51.435+0000] {processor.py:914} INFO - Processing file /home/airflow/.local/lib/python3.12/site-packages/airflow/example_dags/example_nested_branch_dag.py for tasks to queue
[2025-03-15T07:22:51.436+0000] {logging_mixin.py:190} INFO - [2025-03-15T07:22:51.436+0000] {dagbag.py:588} INFO - Filling up the DagBag from /home/airflow/.local/lib/python3.12/site-packages/airflow/example_dags/example_nested_branch_dag.py
[2025-03-15T07:22:51.442+0000] {processor.py:925} INFO - DAG(s) 'example_nested_branch_dag' retrieved from /home/airflow/.local/lib/python3.12/site-packages/airflow/example_dags/example_nested_branch_dag.py
[2025-03-15T07:22:51.454+0000] {logging_mixin.py:190} INFO - [2025-03-15T07:22:51.454+0000] {dag.py:3239} INFO - Sync 1 DAGs
[2025-03-15T07:22:51.466+0000] {logging_mixin.py:190} INFO - [2025-03-15T07:22:51.466+0000] {dag.py:4180} INFO - Setting next_dagrun for example_nested_branch_dag to 2025-03-14 00:00:00+00:00, run_after=2025-03-15 00:00:00+00:00
[2025-03-15T07:22:51.475+0000] {processor.py:208} INFO - Processing /home/airflow/.local/lib/python3.12/site-packages/airflow/example_dags/example_nested_branch_dag.py took 0.044 seconds
[2025-03-15T07:23:22.664+0000] {processor.py:186} INFO - Started process (PID=1478) to work on /home/airflow/.local/lib/python3.12/site-packages/airflow/example_dags/example_nested_branch_dag.py
[2025-03-15T07:23:22.664+0000] {processor.py:914} INFO - Processing file /home/airflow/.local/lib/python3.12/site-packages/airflow/example_dags/example_nested_branch_dag.py for tasks to queue
[2025-03-15T07:23:22.666+0000] {logging_mixin.py:190} INFO - [2025-03-15T07:23:22.665+0000] {dagbag.py:588} INFO - Filling up the DagBag from /home/airflow/.local/lib/python3.12/site-packages/airflow/example_dags/example_nested_branch_dag.py
[2025-03-15T07:23:22.673+0000] {processor.py:925} INFO - DAG(s) 'example_nested_branch_dag' retrieved from /home/airflow/.local/lib/python3.12/site-packages/airflow/example_dags/example_nested_branch_dag.py
[2025-03-15T07:23:22.696+0000] {logging_mixin.py:190} INFO - [2025-03-15T07:23:22.696+0000] {dag.py:3239} INFO - Sync 1 DAGs
[2025-03-15T07:23:22.720+0000] {logging_mixin.py:190} INFO - [2025-03-15T07:23:22.720+0000] {dag.py:4180} INFO - Setting next_dagrun for example_nested_branch_dag to 2025-03-14 00:00:00+00:00, run_after=2025-03-15 00:00:00+00:00
[2025-03-15T07:23:22.732+0000] {processor.py:208} INFO - Processing /home/airflow/.local/lib/python3.12/site-packages/airflow/example_dags/example_nested_branch_dag.py took 0.071 seconds
[2025-03-15T07:23:54.141+0000] {processor.py:186} INFO - Started process (PID=1541) to work on /home/airflow/.local/lib/python3.12/site-packages/airflow/example_dags/example_nested_branch_dag.py
[2025-03-15T07:23:54.142+0000] {processor.py:914} INFO - Processing file /home/airflow/.local/lib/python3.12/site-packages/airflow/example_dags/example_nested_branch_dag.py for tasks to queue
[2025-03-15T07:23:54.143+0000] {logging_mixin.py:190} INFO - [2025-03-15T07:23:54.143+0000] {dagbag.py:588} INFO - Filling up the DagBag from /home/airflow/.local/lib/python3.12/site-packages/airflow/example_dags/example_nested_branch_dag.py
[2025-03-15T07:23:54.151+0000] {processor.py:925} INFO - DAG(s) 'example_nested_branch_dag' retrieved from /home/airflow/.local/lib/python3.12/site-packages/airflow/example_dags/example_nested_branch_dag.py
[2025-03-15T07:23:54.170+0000] {logging_mixin.py:190} INFO - [2025-03-15T07:23:54.170+0000] {dag.py:3239} INFO - Sync 1 DAGs
[2025-03-15T07:23:54.188+0000] {logging_mixin.py:190} INFO - [2025-03-15T07:23:54.187+0000] {dag.py:4180} INFO - Setting next_dagrun for example_nested_branch_dag to 2025-03-14 00:00:00+00:00, run_after=2025-03-15 00:00:00+00:00
[2025-03-15T07:23:54.197+0000] {processor.py:208} INFO - Processing /home/airflow/.local/lib/python3.12/site-packages/airflow/example_dags/example_nested_branch_dag.py took 0.059 seconds
[2025-03-15T07:24:25.387+0000] {processor.py:186} INFO - Started process (PID=1604) to work on /home/airflow/.local/lib/python3.12/site-packages/airflow/example_dags/example_nested_branch_dag.py
[2025-03-15T07:24:25.388+0000] {processor.py:914} INFO - Processing file /home/airflow/.local/lib/python3.12/site-packages/airflow/example_dags/example_nested_branch_dag.py for tasks to queue
[2025-03-15T07:24:25.389+0000] {logging_mixin.py:190} INFO - [2025-03-15T07:24:25.389+0000] {dagbag.py:588} INFO - Filling up the DagBag from /home/airflow/.local/lib/python3.12/site-packages/airflow/example_dags/example_nested_branch_dag.py
[2025-03-15T07:24:25.395+0000] {processor.py:925} INFO - DAG(s) 'example_nested_branch_dag' retrieved from /home/airflow/.local/lib/python3.12/site-packages/airflow/example_dags/example_nested_branch_dag.py
[2025-03-15T07:24:25.406+0000] {logging_mixin.py:190} INFO - [2025-03-15T07:24:25.406+0000] {dag.py:3239} INFO - Sync 1 DAGs
[2025-03-15T07:24:25.416+0000] {logging_mixin.py:190} INFO - [2025-03-15T07:24:25.416+0000] {dag.py:4180} INFO - Setting next_dagrun for example_nested_branch_dag to 2025-03-14 00:00:00+00:00, run_after=2025-03-15 00:00:00+00:00
[2025-03-15T07:24:25.424+0000] {processor.py:208} INFO - Processing /home/airflow/.local/lib/python3.12/site-packages/airflow/example_dags/example_nested_branch_dag.py took 0.041 seconds
[2025-03-15T07:24:56.763+0000] {processor.py:186} INFO - Started process (PID=1667) to work on /home/airflow/.local/lib/python3.12/site-packages/airflow/example_dags/example_nested_branch_dag.py
[2025-03-15T07:24:56.764+0000] {processor.py:914} INFO - Processing file /home/airflow/.local/lib/python3.12/site-packages/airflow/example_dags/example_nested_branch_dag.py for tasks to queue
[2025-03-15T07:24:56.765+0000] {logging_mixin.py:190} INFO - [2025-03-15T07:24:56.765+0000] {dagbag.py:588} INFO - Filling up the DagBag from /home/airflow/.local/lib/python3.12/site-packages/airflow/example_dags/example_nested_branch_dag.py
[2025-03-15T07:24:56.771+0000] {processor.py:925} INFO - DAG(s) 'example_nested_branch_dag' retrieved from /home/airflow/.local/lib/python3.12/site-packages/airflow/example_dags/example_nested_branch_dag.py
[2025-03-15T07:24:56.783+0000] {logging_mixin.py:190} INFO - [2025-03-15T07:24:56.782+0000] {dag.py:3239} INFO - Sync 1 DAGs
[2025-03-15T07:24:56.794+0000] {logging_mixin.py:190} INFO - [2025-03-15T07:24:56.794+0000] {dag.py:4180} INFO - Setting next_dagrun for example_nested_branch_dag to 2025-03-14 00:00:00+00:00, run_after=2025-03-15 00:00:00+00:00
[2025-03-15T07:24:56.803+0000] {processor.py:208} INFO - Processing /home/airflow/.local/lib/python3.12/site-packages/airflow/example_dags/example_nested_branch_dag.py took 0.044 seconds
[2025-03-15T07:25:28.033+0000] {processor.py:186} INFO - Started process (PID=1729) to work on /home/airflow/.local/lib/python3.12/site-packages/airflow/example_dags/example_nested_branch_dag.py
[2025-03-15T07:25:28.034+0000] {processor.py:914} INFO - Processing file /home/airflow/.local/lib/python3.12/site-packages/airflow/example_dags/example_nested_branch_dag.py for tasks to queue
[2025-03-15T07:25:28.035+0000] {logging_mixin.py:190} INFO - [2025-03-15T07:25:28.035+0000] {dagbag.py:588} INFO - Filling up the DagBag from /home/airflow/.local/lib/python3.12/site-packages/airflow/example_dags/example_nested_branch_dag.py
[2025-03-15T07:25:28.042+0000] {processor.py:925} INFO - DAG(s) 'example_nested_branch_dag' retrieved from /home/airflow/.local/lib/python3.12/site-packages/airflow/example_dags/example_nested_branch_dag.py
[2025-03-15T07:25:28.053+0000] {logging_mixin.py:190} INFO - [2025-03-15T07:25:28.053+0000] {dag.py:3239} INFO - Sync 1 DAGs
[2025-03-15T07:25:28.066+0000] {logging_mixin.py:190} INFO - [2025-03-15T07:25:28.066+0000] {dag.py:4180} INFO - Setting next_dagrun for example_nested_branch_dag to 2025-03-14 00:00:00+00:00, run_after=2025-03-15 00:00:00+00:00
[2025-03-15T07:25:28.081+0000] {processor.py:208} INFO - Processing /home/airflow/.local/lib/python3.12/site-packages/airflow/example_dags/example_nested_branch_dag.py took 0.051 seconds
[2025-03-15T07:25:59.423+0000] {processor.py:186} INFO - Started process (PID=1792) to work on /home/airflow/.local/lib/python3.12/site-packages/airflow/example_dags/example_nested_branch_dag.py
[2025-03-15T07:25:59.423+0000] {processor.py:914} INFO - Processing file /home/airflow/.local/lib/python3.12/site-packages/airflow/example_dags/example_nested_branch_dag.py for tasks to queue
[2025-03-15T07:25:59.424+0000] {logging_mixin.py:190} INFO - [2025-03-15T07:25:59.424+0000] {dagbag.py:588} INFO - Filling up the DagBag from /home/airflow/.local/lib/python3.12/site-packages/airflow/example_dags/example_nested_branch_dag.py
[2025-03-15T07:25:59.431+0000] {processor.py:925} INFO - DAG(s) 'example_nested_branch_dag' retrieved from /home/airflow/.local/lib/python3.12/site-packages/airflow/example_dags/example_nested_branch_dag.py
[2025-03-15T07:25:59.447+0000] {logging_mixin.py:190} INFO - [2025-03-15T07:25:59.447+0000] {dag.py:3239} INFO - Sync 1 DAGs
[2025-03-15T07:25:59.462+0000] {logging_mixin.py:190} INFO - [2025-03-15T07:25:59.462+0000] {dag.py:4180} INFO - Setting next_dagrun for example_nested_branch_dag to 2025-03-14 00:00:00+00:00, run_after=2025-03-15 00:00:00+00:00
[2025-03-15T07:25:59.487+0000] {processor.py:208} INFO - Processing /home/airflow/.local/lib/python3.12/site-packages/airflow/example_dags/example_nested_branch_dag.py took 0.067 seconds
[2025-03-15T07:26:30.832+0000] {processor.py:186} INFO - Started process (PID=1854) to work on /home/airflow/.local/lib/python3.12/site-packages/airflow/example_dags/example_nested_branch_dag.py
[2025-03-15T07:26:30.833+0000] {processor.py:914} INFO - Processing file /home/airflow/.local/lib/python3.12/site-packages/airflow/example_dags/example_nested_branch_dag.py for tasks to queue
[2025-03-15T07:26:30.834+0000] {logging_mixin.py:190} INFO - [2025-03-15T07:26:30.834+0000] {dagbag.py:588} INFO - Filling up the DagBag from /home/airflow/.local/lib/python3.12/site-packages/airflow/example_dags/example_nested_branch_dag.py
[2025-03-15T07:26:30.840+0000] {processor.py:925} INFO - DAG(s) 'example_nested_branch_dag' retrieved from /home/airflow/.local/lib/python3.12/site-packages/airflow/example_dags/example_nested_branch_dag.py
[2025-03-15T07:26:30.853+0000] {logging_mixin.py:190} INFO - [2025-03-15T07:26:30.853+0000] {dag.py:3239} INFO - Sync 1 DAGs
[2025-03-15T07:26:30.867+0000] {logging_mixin.py:190} INFO - [2025-03-15T07:26:30.867+0000] {dag.py:4180} INFO - Setting next_dagrun for example_nested_branch_dag to 2025-03-14 00:00:00+00:00, run_after=2025-03-15 00:00:00+00:00
[2025-03-15T07:26:30.883+0000] {processor.py:208} INFO - Processing /home/airflow/.local/lib/python3.12/site-packages/airflow/example_dags/example_nested_branch_dag.py took 0.055 seconds
[2025-03-15T07:27:01.397+0000] {processor.py:186} INFO - Started process (PID=1918) to work on /home/airflow/.local/lib/python3.12/site-packages/airflow/example_dags/example_nested_branch_dag.py
[2025-03-15T07:27:01.397+0000] {processor.py:914} INFO - Processing file /home/airflow/.local/lib/python3.12/site-packages/airflow/example_dags/example_nested_branch_dag.py for tasks to queue
[2025-03-15T07:27:01.400+0000] {logging_mixin.py:190} INFO - [2025-03-15T07:27:01.400+0000] {dagbag.py:588} INFO - Filling up the DagBag from /home/airflow/.local/lib/python3.12/site-packages/airflow/example_dags/example_nested_branch_dag.py
[2025-03-15T07:27:01.407+0000] {processor.py:925} INFO - DAG(s) 'example_nested_branch_dag' retrieved from /home/airflow/.local/lib/python3.12/site-packages/airflow/example_dags/example_nested_branch_dag.py
[2025-03-15T07:27:01.422+0000] {logging_mixin.py:190} INFO - [2025-03-15T07:27:01.422+0000] {dag.py:3239} INFO - Sync 1 DAGs
[2025-03-15T07:27:01.434+0000] {logging_mixin.py:190} INFO - [2025-03-15T07:27:01.434+0000] {dag.py:4180} INFO - Setting next_dagrun for example_nested_branch_dag to 2025-03-14 00:00:00+00:00, run_after=2025-03-15 00:00:00+00:00
[2025-03-15T07:27:01.445+0000] {processor.py:208} INFO - Processing /home/airflow/.local/lib/python3.12/site-packages/airflow/example_dags/example_nested_branch_dag.py took 0.051 seconds
[2025-03-15T07:27:32.478+0000] {processor.py:186} INFO - Started process (PID=1982) to work on /home/airflow/.local/lib/python3.12/site-packages/airflow/example_dags/example_nested_branch_dag.py
[2025-03-15T07:27:32.479+0000] {processor.py:914} INFO - Processing file /home/airflow/.local/lib/python3.12/site-packages/airflow/example_dags/example_nested_branch_dag.py for tasks to queue
[2025-03-15T07:27:32.481+0000] {logging_mixin.py:190} INFO - [2025-03-15T07:27:32.481+0000] {dagbag.py:588} INFO - Filling up the DagBag from /home/airflow/.local/lib/python3.12/site-packages/airflow/example_dags/example_nested_branch_dag.py
[2025-03-15T07:27:32.487+0000] {processor.py:925} INFO - DAG(s) 'example_nested_branch_dag' retrieved from /home/airflow/.local/lib/python3.12/site-packages/airflow/example_dags/example_nested_branch_dag.py
[2025-03-15T07:27:32.499+0000] {logging_mixin.py:190} INFO - [2025-03-15T07:27:32.499+0000] {dag.py:3239} INFO - Sync 1 DAGs
[2025-03-15T07:27:32.511+0000] {logging_mixin.py:190} INFO - [2025-03-15T07:27:32.511+0000] {dag.py:4180} INFO - Setting next_dagrun for example_nested_branch_dag to 2025-03-14 00:00:00+00:00, run_after=2025-03-15 00:00:00+00:00
[2025-03-15T07:27:32.525+0000] {processor.py:208} INFO - Processing /home/airflow/.local/lib/python3.12/site-packages/airflow/example_dags/example_nested_branch_dag.py took 0.052 seconds
[2025-03-15T07:28:03.254+0000] {processor.py:186} INFO - Started process (PID=2052) to work on /home/airflow/.local/lib/python3.12/site-packages/airflow/example_dags/example_nested_branch_dag.py
[2025-03-15T07:28:03.254+0000] {processor.py:914} INFO - Processing file /home/airflow/.local/lib/python3.12/site-packages/airflow/example_dags/example_nested_branch_dag.py for tasks to queue
[2025-03-15T07:28:03.255+0000] {logging_mixin.py:190} INFO - [2025-03-15T07:28:03.255+0000] {dagbag.py:588} INFO - Filling up the DagBag from /home/airflow/.local/lib/python3.12/site-packages/airflow/example_dags/example_nested_branch_dag.py
[2025-03-15T07:28:03.262+0000] {processor.py:925} INFO - DAG(s) 'example_nested_branch_dag' retrieved from /home/airflow/.local/lib/python3.12/site-packages/airflow/example_dags/example_nested_branch_dag.py
[2025-03-15T07:28:03.278+0000] {logging_mixin.py:190} INFO - [2025-03-15T07:28:03.277+0000] {dag.py:3239} INFO - Sync 1 DAGs
[2025-03-15T07:28:03.289+0000] {logging_mixin.py:190} INFO - [2025-03-15T07:28:03.289+0000] {dag.py:4180} INFO - Setting next_dagrun for example_nested_branch_dag to 2025-03-14 00:00:00+00:00, run_after=2025-03-15 00:00:00+00:00
[2025-03-15T07:28:03.298+0000] {processor.py:208} INFO - Processing /home/airflow/.local/lib/python3.12/site-packages/airflow/example_dags/example_nested_branch_dag.py took 0.048 seconds
[2025-03-15T07:28:34.380+0000] {processor.py:186} INFO - Started process (PID=2116) to work on /home/airflow/.local/lib/python3.12/site-packages/airflow/example_dags/example_nested_branch_dag.py
[2025-03-15T07:28:34.382+0000] {processor.py:914} INFO - Processing file /home/airflow/.local/lib/python3.12/site-packages/airflow/example_dags/example_nested_branch_dag.py for tasks to queue
[2025-03-15T07:28:34.384+0000] {logging_mixin.py:190} INFO - [2025-03-15T07:28:34.384+0000] {dagbag.py:588} INFO - Filling up the DagBag from /home/airflow/.local/lib/python3.12/site-packages/airflow/example_dags/example_nested_branch_dag.py
[2025-03-15T07:28:34.390+0000] {processor.py:925} INFO - DAG(s) 'example_nested_branch_dag' retrieved from /home/airflow/.local/lib/python3.12/site-packages/airflow/example_dags/example_nested_branch_dag.py
[2025-03-15T07:28:34.411+0000] {logging_mixin.py:190} INFO - [2025-03-15T07:28:34.411+0000] {dag.py:3239} INFO - Sync 1 DAGs
[2025-03-15T07:28:34.425+0000] {logging_mixin.py:190} INFO - [2025-03-15T07:28:34.425+0000] {dag.py:4180} INFO - Setting next_dagrun for example_nested_branch_dag to 2025-03-14 00:00:00+00:00, run_after=2025-03-15 00:00:00+00:00
[2025-03-15T07:28:34.444+0000] {processor.py:208} INFO - Processing /home/airflow/.local/lib/python3.12/site-packages/airflow/example_dags/example_nested_branch_dag.py took 0.069 seconds
[2025-03-15T07:29:04.890+0000] {processor.py:186} INFO - Started process (PID=2180) to work on /home/airflow/.local/lib/python3.12/site-packages/airflow/example_dags/example_nested_branch_dag.py
[2025-03-15T07:29:04.891+0000] {processor.py:914} INFO - Processing file /home/airflow/.local/lib/python3.12/site-packages/airflow/example_dags/example_nested_branch_dag.py for tasks to queue
[2025-03-15T07:29:04.892+0000] {logging_mixin.py:190} INFO - [2025-03-15T07:29:04.892+0000] {dagbag.py:588} INFO - Filling up the DagBag from /home/airflow/.local/lib/python3.12/site-packages/airflow/example_dags/example_nested_branch_dag.py
[2025-03-15T07:29:04.898+0000] {processor.py:925} INFO - DAG(s) 'example_nested_branch_dag' retrieved from /home/airflow/.local/lib/python3.12/site-packages/airflow/example_dags/example_nested_branch_dag.py
[2025-03-15T07:29:04.911+0000] {logging_mixin.py:190} INFO - [2025-03-15T07:29:04.911+0000] {dag.py:3239} INFO - Sync 1 DAGs
[2025-03-15T07:29:04.922+0000] {logging_mixin.py:190} INFO - [2025-03-15T07:29:04.922+0000] {dag.py:4180} INFO - Setting next_dagrun for example_nested_branch_dag to 2025-03-14 00:00:00+00:00, run_after=2025-03-15 00:00:00+00:00
[2025-03-15T07:29:04.931+0000] {processor.py:208} INFO - Processing /home/airflow/.local/lib/python3.12/site-packages/airflow/example_dags/example_nested_branch_dag.py took 0.044 seconds
[2025-03-15T07:29:35.968+0000] {processor.py:186} INFO - Started process (PID=2244) to work on /home/airflow/.local/lib/python3.12/site-packages/airflow/example_dags/example_nested_branch_dag.py
[2025-03-15T07:29:35.969+0000] {processor.py:914} INFO - Processing file /home/airflow/.local/lib/python3.12/site-packages/airflow/example_dags/example_nested_branch_dag.py for tasks to queue
[2025-03-15T07:29:35.970+0000] {logging_mixin.py:190} INFO - [2025-03-15T07:29:35.970+0000] {dagbag.py:588} INFO - Filling up the DagBag from /home/airflow/.local/lib/python3.12/site-packages/airflow/example_dags/example_nested_branch_dag.py
[2025-03-15T07:29:35.976+0000] {processor.py:925} INFO - DAG(s) 'example_nested_branch_dag' retrieved from /home/airflow/.local/lib/python3.12/site-packages/airflow/example_dags/example_nested_branch_dag.py
[2025-03-15T07:29:35.988+0000] {logging_mixin.py:190} INFO - [2025-03-15T07:29:35.988+0000] {dag.py:3239} INFO - Sync 1 DAGs
[2025-03-15T07:29:36.001+0000] {logging_mixin.py:190} INFO - [2025-03-15T07:29:36.001+0000] {dag.py:4180} INFO - Setting next_dagrun for example_nested_branch_dag to 2025-03-14 00:00:00+00:00, run_after=2025-03-15 00:00:00+00:00
[2025-03-15T07:29:36.011+0000] {processor.py:208} INFO - Processing /home/airflow/.local/lib/python3.12/site-packages/airflow/example_dags/example_nested_branch_dag.py took 0.046 seconds
[2025-03-15T07:30:06.441+0000] {processor.py:186} INFO - Started process (PID=2308) to work on /home/airflow/.local/lib/python3.12/site-packages/airflow/example_dags/example_nested_branch_dag.py
[2025-03-15T07:30:06.442+0000] {processor.py:914} INFO - Processing file /home/airflow/.local/lib/python3.12/site-packages/airflow/example_dags/example_nested_branch_dag.py for tasks to queue
[2025-03-15T07:30:06.444+0000] {logging_mixin.py:190} INFO - [2025-03-15T07:30:06.444+0000] {dagbag.py:588} INFO - Filling up the DagBag from /home/airflow/.local/lib/python3.12/site-packages/airflow/example_dags/example_nested_branch_dag.py
[2025-03-15T07:30:06.451+0000] {processor.py:925} INFO - DAG(s) 'example_nested_branch_dag' retrieved from /home/airflow/.local/lib/python3.12/site-packages/airflow/example_dags/example_nested_branch_dag.py
[2025-03-15T07:30:06.466+0000] {logging_mixin.py:190} INFO - [2025-03-15T07:30:06.466+0000] {dag.py:3239} INFO - Sync 1 DAGs
[2025-03-15T07:30:06.483+0000] {logging_mixin.py:190} INFO - [2025-03-15T07:30:06.483+0000] {dag.py:4180} INFO - Setting next_dagrun for example_nested_branch_dag to 2025-03-14 00:00:00+00:00, run_after=2025-03-15 00:00:00+00:00
[2025-03-15T07:30:06.497+0000] {processor.py:208} INFO - Processing /home/airflow/.local/lib/python3.12/site-packages/airflow/example_dags/example_nested_branch_dag.py took 0.060 seconds
[2025-03-15T07:30:37.729+0000] {processor.py:186} INFO - Started process (PID=2372) to work on /home/airflow/.local/lib/python3.12/site-packages/airflow/example_dags/example_nested_branch_dag.py
[2025-03-15T07:30:37.729+0000] {processor.py:914} INFO - Processing file /home/airflow/.local/lib/python3.12/site-packages/airflow/example_dags/example_nested_branch_dag.py for tasks to queue
[2025-03-15T07:30:37.732+0000] {logging_mixin.py:190} INFO - [2025-03-15T07:30:37.732+0000] {dagbag.py:588} INFO - Filling up the DagBag from /home/airflow/.local/lib/python3.12/site-packages/airflow/example_dags/example_nested_branch_dag.py
[2025-03-15T07:30:37.738+0000] {processor.py:925} INFO - DAG(s) 'example_nested_branch_dag' retrieved from /home/airflow/.local/lib/python3.12/site-packages/airflow/example_dags/example_nested_branch_dag.py
[2025-03-15T07:30:37.750+0000] {logging_mixin.py:190} INFO - [2025-03-15T07:30:37.750+0000] {dag.py:3239} INFO - Sync 1 DAGs
[2025-03-15T07:30:37.764+0000] {logging_mixin.py:190} INFO - [2025-03-15T07:30:37.764+0000] {dag.py:4180} INFO - Setting next_dagrun for example_nested_branch_dag to 2025-03-14 00:00:00+00:00, run_after=2025-03-15 00:00:00+00:00
[2025-03-15T07:30:37.781+0000] {processor.py:208} INFO - Processing /home/airflow/.local/lib/python3.12/site-packages/airflow/example_dags/example_nested_branch_dag.py took 0.056 seconds
[2025-03-15T07:31:09.114+0000] {processor.py:186} INFO - Started process (PID=2436) to work on /home/airflow/.local/lib/python3.12/site-packages/airflow/example_dags/example_nested_branch_dag.py
[2025-03-15T07:31:09.115+0000] {processor.py:914} INFO - Processing file /home/airflow/.local/lib/python3.12/site-packages/airflow/example_dags/example_nested_branch_dag.py for tasks to queue
[2025-03-15T07:31:09.116+0000] {logging_mixin.py:190} INFO - [2025-03-15T07:31:09.116+0000] {dagbag.py:588} INFO - Filling up the DagBag from /home/airflow/.local/lib/python3.12/site-packages/airflow/example_dags/example_nested_branch_dag.py
[2025-03-15T07:31:09.123+0000] {processor.py:925} INFO - DAG(s) 'example_nested_branch_dag' retrieved from /home/airflow/.local/lib/python3.12/site-packages/airflow/example_dags/example_nested_branch_dag.py
[2025-03-15T07:31:09.139+0000] {logging_mixin.py:190} INFO - [2025-03-15T07:31:09.138+0000] {dag.py:3239} INFO - Sync 1 DAGs
[2025-03-15T07:31:09.155+0000] {logging_mixin.py:190} INFO - [2025-03-15T07:31:09.154+0000] {dag.py:4180} INFO - Setting next_dagrun for example_nested_branch_dag to 2025-03-14 00:00:00+00:00, run_after=2025-03-15 00:00:00+00:00
[2025-03-15T07:31:09.169+0000] {processor.py:208} INFO - Processing /home/airflow/.local/lib/python3.12/site-packages/airflow/example_dags/example_nested_branch_dag.py took 0.060 seconds
[2025-03-15T07:31:41.089+0000] {processor.py:186} INFO - Started process (PID=2500) to work on /home/airflow/.local/lib/python3.12/site-packages/airflow/example_dags/example_nested_branch_dag.py
[2025-03-15T07:31:41.093+0000] {processor.py:914} INFO - Processing file /home/airflow/.local/lib/python3.12/site-packages/airflow/example_dags/example_nested_branch_dag.py for tasks to queue
[2025-03-15T07:31:41.099+0000] {logging_mixin.py:190} INFO - [2025-03-15T07:31:41.099+0000] {dagbag.py:588} INFO - Filling up the DagBag from /home/airflow/.local/lib/python3.12/site-packages/airflow/example_dags/example_nested_branch_dag.py
[2025-03-15T07:31:41.110+0000] {processor.py:925} INFO - DAG(s) 'example_nested_branch_dag' retrieved from /home/airflow/.local/lib/python3.12/site-packages/airflow/example_dags/example_nested_branch_dag.py
[2025-03-15T07:31:41.128+0000] {logging_mixin.py:190} INFO - [2025-03-15T07:31:41.128+0000] {dag.py:3239} INFO - Sync 1 DAGs
[2025-03-15T07:31:41.144+0000] {logging_mixin.py:190} INFO - [2025-03-15T07:31:41.144+0000] {dag.py:4180} INFO - Setting next_dagrun for example_nested_branch_dag to 2025-03-14 00:00:00+00:00, run_after=2025-03-15 00:00:00+00:00
[2025-03-15T07:31:41.156+0000] {processor.py:208} INFO - Processing /home/airflow/.local/lib/python3.12/site-packages/airflow/example_dags/example_nested_branch_dag.py took 0.070 seconds
[2025-03-15T07:32:11.900+0000] {processor.py:186} INFO - Started process (PID=2564) to work on /home/airflow/.local/lib/python3.12/site-packages/airflow/example_dags/example_nested_branch_dag.py
[2025-03-15T07:32:11.901+0000] {processor.py:914} INFO - Processing file /home/airflow/.local/lib/python3.12/site-packages/airflow/example_dags/example_nested_branch_dag.py for tasks to queue
[2025-03-15T07:32:11.902+0000] {logging_mixin.py:190} INFO - [2025-03-15T07:32:11.902+0000] {dagbag.py:588} INFO - Filling up the DagBag from /home/airflow/.local/lib/python3.12/site-packages/airflow/example_dags/example_nested_branch_dag.py
[2025-03-15T07:32:11.909+0000] {processor.py:925} INFO - DAG(s) 'example_nested_branch_dag' retrieved from /home/airflow/.local/lib/python3.12/site-packages/airflow/example_dags/example_nested_branch_dag.py
[2025-03-15T07:32:11.919+0000] {logging_mixin.py:190} INFO - [2025-03-15T07:32:11.919+0000] {dag.py:3239} INFO - Sync 1 DAGs
[2025-03-15T07:32:11.931+0000] {logging_mixin.py:190} INFO - [2025-03-15T07:32:11.931+0000] {dag.py:4180} INFO - Setting next_dagrun for example_nested_branch_dag to 2025-03-14 00:00:00+00:00, run_after=2025-03-15 00:00:00+00:00
[2025-03-15T07:32:11.940+0000] {processor.py:208} INFO - Processing /home/airflow/.local/lib/python3.12/site-packages/airflow/example_dags/example_nested_branch_dag.py took 0.043 seconds
