[2025-03-15T07:11:58.757+0000] {processor.py:186} INFO - Started process (PID=68) to work on /home/airflow/.local/lib/python3.12/site-packages/airflow/example_dags/example_branch_datetime_operator.py
[2025-03-15T07:11:58.758+0000] {processor.py:914} INFO - Processing file /home/airflow/.local/lib/python3.12/site-packages/airflow/example_dags/example_branch_datetime_operator.py for tasks to queue
[2025-03-15T07:11:58.760+0000] {logging_mixin.py:190} INFO - [2025-03-15T07:11:58.760+0000] {dagbag.py:588} INFO - Filling up the DagBag from /home/airflow/.local/lib/python3.12/site-packages/airflow/example_dags/example_branch_datetime_operator.py
[2025-03-15T07:11:58.773+0000] {processor.py:925} INFO - DAG(s) 'example_branch_datetime_operator_2', 'example_branch_datetime_operator_3', 'example_branch_datetime_operator' retrieved from /home/airflow/.local/lib/python3.12/site-packages/airflow/example_dags/example_branch_datetime_operator.py
[2025-03-15T07:11:58.794+0000] {logging_mixin.py:190} INFO - [2025-03-15T07:11:58.794+0000] {dag.py:3239} INFO - Sync 3 DAGs
[2025-03-15T07:11:58.820+0000] {logging_mixin.py:190} INFO - [2025-03-15T07:11:58.819+0000] {dag.py:4180} INFO - Setting next_dagrun for example_branch_datetime_operator to 2025-03-14 00:00:00+00:00, run_after=2025-03-15 00:00:00+00:00
[2025-03-15T07:11:58.826+0000] {logging_mixin.py:190} INFO - [2025-03-15T07:11:58.826+0000] {dag.py:4180} INFO - Setting next_dagrun for example_branch_datetime_operator_2 to 2025-03-14 00:00:00+00:00, run_after=2025-03-15 00:00:00+00:00
[2025-03-15T07:11:58.829+0000] {logging_mixin.py:190} INFO - [2025-03-15T07:11:58.829+0000] {dag.py:4180} INFO - Setting next_dagrun for example_branch_datetime_operator_3 to 2025-03-14 00:00:00+00:00, run_after=2025-03-15 00:00:00+00:00
[2025-03-15T07:11:58.881+0000] {processor.py:208} INFO - Processing /home/airflow/.local/lib/python3.12/site-packages/airflow/example_dags/example_branch_datetime_operator.py took 0.146 seconds
[2025-03-15T07:12:29.594+0000] {processor.py:186} INFO - Started process (PID=131) to work on /home/airflow/.local/lib/python3.12/site-packages/airflow/example_dags/example_branch_datetime_operator.py
[2025-03-15T07:12:29.596+0000] {processor.py:914} INFO - Processing file /home/airflow/.local/lib/python3.12/site-packages/airflow/example_dags/example_branch_datetime_operator.py for tasks to queue
[2025-03-15T07:12:29.598+0000] {logging_mixin.py:190} INFO - [2025-03-15T07:12:29.597+0000] {dagbag.py:588} INFO - Filling up the DagBag from /home/airflow/.local/lib/python3.12/site-packages/airflow/example_dags/example_branch_datetime_operator.py
[2025-03-15T07:12:29.603+0000] {processor.py:925} INFO - DAG(s) 'example_branch_datetime_operator_2', 'example_branch_datetime_operator_3', 'example_branch_datetime_operator' retrieved from /home/airflow/.local/lib/python3.12/site-packages/airflow/example_dags/example_branch_datetime_operator.py
[2025-03-15T07:12:29.618+0000] {logging_mixin.py:190} INFO - [2025-03-15T07:12:29.618+0000] {dag.py:3239} INFO - Sync 3 DAGs
[2025-03-15T07:12:29.633+0000] {logging_mixin.py:190} INFO - [2025-03-15T07:12:29.632+0000] {dag.py:4180} INFO - Setting next_dagrun for example_branch_datetime_operator to 2025-03-14 00:00:00+00:00, run_after=2025-03-15 00:00:00+00:00
[2025-03-15T07:12:29.635+0000] {logging_mixin.py:190} INFO - [2025-03-15T07:12:29.635+0000] {dag.py:4180} INFO - Setting next_dagrun for example_branch_datetime_operator_2 to 2025-03-14 00:00:00+00:00, run_after=2025-03-15 00:00:00+00:00
[2025-03-15T07:12:29.637+0000] {logging_mixin.py:190} INFO - [2025-03-15T07:12:29.637+0000] {dag.py:4180} INFO - Setting next_dagrun for example_branch_datetime_operator_3 to 2025-03-14 00:00:00+00:00, run_after=2025-03-15 00:00:00+00:00
[2025-03-15T07:12:29.647+0000] {processor.py:208} INFO - Processing /home/airflow/.local/lib/python3.12/site-packages/airflow/example_dags/example_branch_datetime_operator.py took 0.061 seconds
[2025-03-15T07:13:00.000+0000] {processor.py:186} INFO - Started process (PID=192) to work on /home/airflow/.local/lib/python3.12/site-packages/airflow/example_dags/example_branch_datetime_operator.py
[2025-03-15T07:13:00.004+0000] {processor.py:914} INFO - Processing file /home/airflow/.local/lib/python3.12/site-packages/airflow/example_dags/example_branch_datetime_operator.py for tasks to queue
[2025-03-15T07:13:00.007+0000] {logging_mixin.py:190} INFO - [2025-03-15T07:13:00.007+0000] {dagbag.py:588} INFO - Filling up the DagBag from /home/airflow/.local/lib/python3.12/site-packages/airflow/example_dags/example_branch_datetime_operator.py
[2025-03-15T07:13:00.017+0000] {processor.py:925} INFO - DAG(s) 'example_branch_datetime_operator_2', 'example_branch_datetime_operator', 'example_branch_datetime_operator_3' retrieved from /home/airflow/.local/lib/python3.12/site-packages/airflow/example_dags/example_branch_datetime_operator.py
[2025-03-15T07:13:00.033+0000] {logging_mixin.py:190} INFO - [2025-03-15T07:13:00.033+0000] {dag.py:3239} INFO - Sync 3 DAGs
[2025-03-15T07:13:00.049+0000] {logging_mixin.py:190} INFO - [2025-03-15T07:13:00.049+0000] {dag.py:4180} INFO - Setting next_dagrun for example_branch_datetime_operator to 2025-03-14 00:00:00+00:00, run_after=2025-03-15 00:00:00+00:00
[2025-03-15T07:13:00.054+0000] {logging_mixin.py:190} INFO - [2025-03-15T07:13:00.054+0000] {dag.py:4180} INFO - Setting next_dagrun for example_branch_datetime_operator_2 to 2025-03-14 00:00:00+00:00, run_after=2025-03-15 00:00:00+00:00
[2025-03-15T07:13:00.055+0000] {logging_mixin.py:190} INFO - [2025-03-15T07:13:00.055+0000] {dag.py:4180} INFO - Setting next_dagrun for example_branch_datetime_operator_3 to 2025-03-14 00:00:00+00:00, run_after=2025-03-15 00:00:00+00:00
[2025-03-15T07:13:00.064+0000] {processor.py:208} INFO - Processing /home/airflow/.local/lib/python3.12/site-packages/airflow/example_dags/example_branch_datetime_operator.py took 0.067 seconds
[2025-03-15T07:13:30.096+0000] {processor.py:186} INFO - Started process (PID=255) to work on /home/airflow/.local/lib/python3.12/site-packages/airflow/example_dags/example_branch_datetime_operator.py
[2025-03-15T07:13:30.097+0000] {processor.py:914} INFO - Processing file /home/airflow/.local/lib/python3.12/site-packages/airflow/example_dags/example_branch_datetime_operator.py for tasks to queue
[2025-03-15T07:13:30.099+0000] {logging_mixin.py:190} INFO - [2025-03-15T07:13:30.099+0000] {dagbag.py:588} INFO - Filling up the DagBag from /home/airflow/.local/lib/python3.12/site-packages/airflow/example_dags/example_branch_datetime_operator.py
[2025-03-15T07:13:30.105+0000] {processor.py:925} INFO - DAG(s) 'example_branch_datetime_operator', 'example_branch_datetime_operator_3', 'example_branch_datetime_operator_2' retrieved from /home/airflow/.local/lib/python3.12/site-packages/airflow/example_dags/example_branch_datetime_operator.py
[2025-03-15T07:13:30.122+0000] {logging_mixin.py:190} INFO - [2025-03-15T07:13:30.122+0000] {dag.py:3239} INFO - Sync 3 DAGs
[2025-03-15T07:13:30.137+0000] {logging_mixin.py:190} INFO - [2025-03-15T07:13:30.137+0000] {dag.py:4180} INFO - Setting next_dagrun for example_branch_datetime_operator to 2025-03-14 00:00:00+00:00, run_after=2025-03-15 00:00:00+00:00
[2025-03-15T07:13:30.140+0000] {logging_mixin.py:190} INFO - [2025-03-15T07:13:30.140+0000] {dag.py:4180} INFO - Setting next_dagrun for example_branch_datetime_operator_2 to 2025-03-14 00:00:00+00:00, run_after=2025-03-15 00:00:00+00:00
[2025-03-15T07:13:30.141+0000] {logging_mixin.py:190} INFO - [2025-03-15T07:13:30.141+0000] {dag.py:4180} INFO - Setting next_dagrun for example_branch_datetime_operator_3 to 2025-03-14 00:00:00+00:00, run_after=2025-03-15 00:00:00+00:00
[2025-03-15T07:13:30.152+0000] {processor.py:208} INFO - Processing /home/airflow/.local/lib/python3.12/site-packages/airflow/example_dags/example_branch_datetime_operator.py took 0.060 seconds
[2025-03-15T07:14:00.546+0000] {processor.py:186} INFO - Started process (PID=318) to work on /home/airflow/.local/lib/python3.12/site-packages/airflow/example_dags/example_branch_datetime_operator.py
[2025-03-15T07:14:00.547+0000] {processor.py:914} INFO - Processing file /home/airflow/.local/lib/python3.12/site-packages/airflow/example_dags/example_branch_datetime_operator.py for tasks to queue
[2025-03-15T07:14:00.548+0000] {logging_mixin.py:190} INFO - [2025-03-15T07:14:00.548+0000] {dagbag.py:588} INFO - Filling up the DagBag from /home/airflow/.local/lib/python3.12/site-packages/airflow/example_dags/example_branch_datetime_operator.py
[2025-03-15T07:14:00.557+0000] {processor.py:925} INFO - DAG(s) 'example_branch_datetime_operator', 'example_branch_datetime_operator_2', 'example_branch_datetime_operator_3' retrieved from /home/airflow/.local/lib/python3.12/site-packages/airflow/example_dags/example_branch_datetime_operator.py
[2025-03-15T07:14:00.577+0000] {logging_mixin.py:190} INFO - [2025-03-15T07:14:00.577+0000] {dag.py:3239} INFO - Sync 3 DAGs
[2025-03-15T07:14:00.591+0000] {logging_mixin.py:190} INFO - [2025-03-15T07:14:00.591+0000] {dag.py:4180} INFO - Setting next_dagrun for example_branch_datetime_operator to 2025-03-14 00:00:00+00:00, run_after=2025-03-15 00:00:00+00:00
[2025-03-15T07:14:00.594+0000] {logging_mixin.py:190} INFO - [2025-03-15T07:14:00.593+0000] {dag.py:4180} INFO - Setting next_dagrun for example_branch_datetime_operator_2 to 2025-03-14 00:00:00+00:00, run_after=2025-03-15 00:00:00+00:00
[2025-03-15T07:14:00.595+0000] {logging_mixin.py:190} INFO - [2025-03-15T07:14:00.595+0000] {dag.py:4180} INFO - Setting next_dagrun for example_branch_datetime_operator_3 to 2025-03-14 00:00:00+00:00, run_after=2025-03-15 00:00:00+00:00
[2025-03-15T07:14:00.603+0000] {processor.py:208} INFO - Processing /home/airflow/.local/lib/python3.12/site-packages/airflow/example_dags/example_branch_datetime_operator.py took 0.060 seconds
[2025-03-15T07:14:31.838+0000] {processor.py:186} INFO - Started process (PID=387) to work on /home/airflow/.local/lib/python3.12/site-packages/airflow/example_dags/example_branch_datetime_operator.py
[2025-03-15T07:14:31.842+0000] {processor.py:914} INFO - Processing file /home/airflow/.local/lib/python3.12/site-packages/airflow/example_dags/example_branch_datetime_operator.py for tasks to queue
[2025-03-15T07:14:31.844+0000] {logging_mixin.py:190} INFO - [2025-03-15T07:14:31.844+0000] {dagbag.py:588} INFO - Filling up the DagBag from /home/airflow/.local/lib/python3.12/site-packages/airflow/example_dags/example_branch_datetime_operator.py
[2025-03-15T07:14:31.854+0000] {processor.py:925} INFO - DAG(s) 'example_branch_datetime_operator_3', 'example_branch_datetime_operator_2', 'example_branch_datetime_operator' retrieved from /home/airflow/.local/lib/python3.12/site-packages/airflow/example_dags/example_branch_datetime_operator.py
[2025-03-15T07:14:31.966+0000] {logging_mixin.py:190} INFO - [2025-03-15T07:14:31.965+0000] {dag.py:3239} INFO - Sync 3 DAGs
[2025-03-15T07:14:31.984+0000] {logging_mixin.py:190} INFO - [2025-03-15T07:14:31.984+0000] {dag.py:4180} INFO - Setting next_dagrun for example_branch_datetime_operator to 2025-03-14 00:00:00+00:00, run_after=2025-03-15 00:00:00+00:00
[2025-03-15T07:14:31.988+0000] {logging_mixin.py:190} INFO - [2025-03-15T07:14:31.987+0000] {dag.py:4180} INFO - Setting next_dagrun for example_branch_datetime_operator_2 to 2025-03-14 00:00:00+00:00, run_after=2025-03-15 00:00:00+00:00
[2025-03-15T07:14:31.991+0000] {logging_mixin.py:190} INFO - [2025-03-15T07:14:31.991+0000] {dag.py:4180} INFO - Setting next_dagrun for example_branch_datetime_operator_3 to 2025-03-14 00:00:00+00:00, run_after=2025-03-15 00:00:00+00:00
[2025-03-15T07:14:32.027+0000] {processor.py:208} INFO - Processing /home/airflow/.local/lib/python3.12/site-packages/airflow/example_dags/example_branch_datetime_operator.py took 0.194 seconds
[2025-03-15T07:15:02.276+0000] {processor.py:186} INFO - Started process (PID=450) to work on /home/airflow/.local/lib/python3.12/site-packages/airflow/example_dags/example_branch_datetime_operator.py
[2025-03-15T07:15:02.276+0000] {processor.py:914} INFO - Processing file /home/airflow/.local/lib/python3.12/site-packages/airflow/example_dags/example_branch_datetime_operator.py for tasks to queue
[2025-03-15T07:15:02.278+0000] {logging_mixin.py:190} INFO - [2025-03-15T07:15:02.277+0000] {dagbag.py:588} INFO - Filling up the DagBag from /home/airflow/.local/lib/python3.12/site-packages/airflow/example_dags/example_branch_datetime_operator.py
[2025-03-15T07:15:02.284+0000] {processor.py:925} INFO - DAG(s) 'example_branch_datetime_operator_3', 'example_branch_datetime_operator', 'example_branch_datetime_operator_2' retrieved from /home/airflow/.local/lib/python3.12/site-packages/airflow/example_dags/example_branch_datetime_operator.py
[2025-03-15T07:15:02.297+0000] {logging_mixin.py:190} INFO - [2025-03-15T07:15:02.297+0000] {dag.py:3239} INFO - Sync 3 DAGs
[2025-03-15T07:15:02.310+0000] {logging_mixin.py:190} INFO - [2025-03-15T07:15:02.310+0000] {dag.py:4180} INFO - Setting next_dagrun for example_branch_datetime_operator to 2025-03-14 00:00:00+00:00, run_after=2025-03-15 00:00:00+00:00
[2025-03-15T07:15:02.314+0000] {logging_mixin.py:190} INFO - [2025-03-15T07:15:02.314+0000] {dag.py:4180} INFO - Setting next_dagrun for example_branch_datetime_operator_2 to 2025-03-14 00:00:00+00:00, run_after=2025-03-15 00:00:00+00:00
[2025-03-15T07:15:02.315+0000] {logging_mixin.py:190} INFO - [2025-03-15T07:15:02.315+0000] {dag.py:4180} INFO - Setting next_dagrun for example_branch_datetime_operator_3 to 2025-03-14 00:00:00+00:00, run_after=2025-03-15 00:00:00+00:00
[2025-03-15T07:15:02.328+0000] {processor.py:208} INFO - Processing /home/airflow/.local/lib/python3.12/site-packages/airflow/example_dags/example_branch_datetime_operator.py took 0.056 seconds
[2025-03-15T07:15:33.181+0000] {processor.py:186} INFO - Started process (PID=513) to work on /home/airflow/.local/lib/python3.12/site-packages/airflow/example_dags/example_branch_datetime_operator.py
[2025-03-15T07:15:33.183+0000] {processor.py:914} INFO - Processing file /home/airflow/.local/lib/python3.12/site-packages/airflow/example_dags/example_branch_datetime_operator.py for tasks to queue
[2025-03-15T07:15:33.184+0000] {logging_mixin.py:190} INFO - [2025-03-15T07:15:33.184+0000] {dagbag.py:588} INFO - Filling up the DagBag from /home/airflow/.local/lib/python3.12/site-packages/airflow/example_dags/example_branch_datetime_operator.py
[2025-03-15T07:15:33.190+0000] {processor.py:925} INFO - DAG(s) 'example_branch_datetime_operator', 'example_branch_datetime_operator_3', 'example_branch_datetime_operator_2' retrieved from /home/airflow/.local/lib/python3.12/site-packages/airflow/example_dags/example_branch_datetime_operator.py
[2025-03-15T07:15:33.205+0000] {logging_mixin.py:190} INFO - [2025-03-15T07:15:33.205+0000] {dag.py:3239} INFO - Sync 3 DAGs
[2025-03-15T07:15:33.218+0000] {logging_mixin.py:190} INFO - [2025-03-15T07:15:33.218+0000] {dag.py:4180} INFO - Setting next_dagrun for example_branch_datetime_operator to 2025-03-14 00:00:00+00:00, run_after=2025-03-15 00:00:00+00:00
[2025-03-15T07:15:33.220+0000] {logging_mixin.py:190} INFO - [2025-03-15T07:15:33.220+0000] {dag.py:4180} INFO - Setting next_dagrun for example_branch_datetime_operator_2 to 2025-03-14 00:00:00+00:00, run_after=2025-03-15 00:00:00+00:00
[2025-03-15T07:15:33.222+0000] {logging_mixin.py:190} INFO - [2025-03-15T07:15:33.222+0000] {dag.py:4180} INFO - Setting next_dagrun for example_branch_datetime_operator_3 to 2025-03-14 00:00:00+00:00, run_after=2025-03-15 00:00:00+00:00
[2025-03-15T07:15:33.234+0000] {processor.py:208} INFO - Processing /home/airflow/.local/lib/python3.12/site-packages/airflow/example_dags/example_branch_datetime_operator.py took 0.056 seconds
[2025-03-15T07:16:04.121+0000] {processor.py:186} INFO - Started process (PID=576) to work on /home/airflow/.local/lib/python3.12/site-packages/airflow/example_dags/example_branch_datetime_operator.py
[2025-03-15T07:16:04.122+0000] {processor.py:914} INFO - Processing file /home/airflow/.local/lib/python3.12/site-packages/airflow/example_dags/example_branch_datetime_operator.py for tasks to queue
[2025-03-15T07:16:04.124+0000] {logging_mixin.py:190} INFO - [2025-03-15T07:16:04.123+0000] {dagbag.py:588} INFO - Filling up the DagBag from /home/airflow/.local/lib/python3.12/site-packages/airflow/example_dags/example_branch_datetime_operator.py
[2025-03-15T07:16:04.131+0000] {processor.py:925} INFO - DAG(s) 'example_branch_datetime_operator_3', 'example_branch_datetime_operator_2', 'example_branch_datetime_operator' retrieved from /home/airflow/.local/lib/python3.12/site-packages/airflow/example_dags/example_branch_datetime_operator.py
[2025-03-15T07:16:04.151+0000] {logging_mixin.py:190} INFO - [2025-03-15T07:16:04.151+0000] {dag.py:3239} INFO - Sync 3 DAGs
[2025-03-15T07:16:04.165+0000] {logging_mixin.py:190} INFO - [2025-03-15T07:16:04.165+0000] {dag.py:4180} INFO - Setting next_dagrun for example_branch_datetime_operator to 2025-03-14 00:00:00+00:00, run_after=2025-03-15 00:00:00+00:00
[2025-03-15T07:16:04.168+0000] {logging_mixin.py:190} INFO - [2025-03-15T07:16:04.167+0000] {dag.py:4180} INFO - Setting next_dagrun for example_branch_datetime_operator_2 to 2025-03-14 00:00:00+00:00, run_after=2025-03-15 00:00:00+00:00
[2025-03-15T07:16:04.169+0000] {logging_mixin.py:190} INFO - [2025-03-15T07:16:04.169+0000] {dag.py:4180} INFO - Setting next_dagrun for example_branch_datetime_operator_3 to 2025-03-14 00:00:00+00:00, run_after=2025-03-15 00:00:00+00:00
[2025-03-15T07:16:04.177+0000] {processor.py:208} INFO - Processing /home/airflow/.local/lib/python3.12/site-packages/airflow/example_dags/example_branch_datetime_operator.py took 0.060 seconds
[2025-03-15T07:16:35.017+0000] {processor.py:186} INFO - Started process (PID=638) to work on /home/airflow/.local/lib/python3.12/site-packages/airflow/example_dags/example_branch_datetime_operator.py
[2025-03-15T07:16:35.018+0000] {processor.py:914} INFO - Processing file /home/airflow/.local/lib/python3.12/site-packages/airflow/example_dags/example_branch_datetime_operator.py for tasks to queue
[2025-03-15T07:16:35.019+0000] {logging_mixin.py:190} INFO - [2025-03-15T07:16:35.019+0000] {dagbag.py:588} INFO - Filling up the DagBag from /home/airflow/.local/lib/python3.12/site-packages/airflow/example_dags/example_branch_datetime_operator.py
[2025-03-15T07:16:35.024+0000] {processor.py:925} INFO - DAG(s) 'example_branch_datetime_operator_2', 'example_branch_datetime_operator', 'example_branch_datetime_operator_3' retrieved from /home/airflow/.local/lib/python3.12/site-packages/airflow/example_dags/example_branch_datetime_operator.py
[2025-03-15T07:16:35.038+0000] {logging_mixin.py:190} INFO - [2025-03-15T07:16:35.038+0000] {dag.py:3239} INFO - Sync 3 DAGs
[2025-03-15T07:16:35.051+0000] {logging_mixin.py:190} INFO - [2025-03-15T07:16:35.051+0000] {dag.py:4180} INFO - Setting next_dagrun for example_branch_datetime_operator to 2025-03-14 00:00:00+00:00, run_after=2025-03-15 00:00:00+00:00
[2025-03-15T07:16:35.053+0000] {logging_mixin.py:190} INFO - [2025-03-15T07:16:35.053+0000] {dag.py:4180} INFO - Setting next_dagrun for example_branch_datetime_operator_2 to 2025-03-14 00:00:00+00:00, run_after=2025-03-15 00:00:00+00:00
[2025-03-15T07:16:35.055+0000] {logging_mixin.py:190} INFO - [2025-03-15T07:16:35.055+0000] {dag.py:4180} INFO - Setting next_dagrun for example_branch_datetime_operator_3 to 2025-03-14 00:00:00+00:00, run_after=2025-03-15 00:00:00+00:00
[2025-03-15T07:16:35.067+0000] {processor.py:208} INFO - Processing /home/airflow/.local/lib/python3.12/site-packages/airflow/example_dags/example_branch_datetime_operator.py took 0.053 seconds
[2025-03-15T07:17:06.041+0000] {processor.py:186} INFO - Started process (PID=701) to work on /home/airflow/.local/lib/python3.12/site-packages/airflow/example_dags/example_branch_datetime_operator.py
[2025-03-15T07:17:06.042+0000] {processor.py:914} INFO - Processing file /home/airflow/.local/lib/python3.12/site-packages/airflow/example_dags/example_branch_datetime_operator.py for tasks to queue
[2025-03-15T07:17:06.043+0000] {logging_mixin.py:190} INFO - [2025-03-15T07:17:06.043+0000] {dagbag.py:588} INFO - Filling up the DagBag from /home/airflow/.local/lib/python3.12/site-packages/airflow/example_dags/example_branch_datetime_operator.py
[2025-03-15T07:17:06.050+0000] {processor.py:925} INFO - DAG(s) 'example_branch_datetime_operator', 'example_branch_datetime_operator_2', 'example_branch_datetime_operator_3' retrieved from /home/airflow/.local/lib/python3.12/site-packages/airflow/example_dags/example_branch_datetime_operator.py
[2025-03-15T07:17:06.067+0000] {logging_mixin.py:190} INFO - [2025-03-15T07:17:06.067+0000] {dag.py:3239} INFO - Sync 3 DAGs
[2025-03-15T07:17:06.079+0000] {logging_mixin.py:190} INFO - [2025-03-15T07:17:06.079+0000] {dag.py:4180} INFO - Setting next_dagrun for example_branch_datetime_operator to 2025-03-14 00:00:00+00:00, run_after=2025-03-15 00:00:00+00:00
[2025-03-15T07:17:06.082+0000] {logging_mixin.py:190} INFO - [2025-03-15T07:17:06.082+0000] {dag.py:4180} INFO - Setting next_dagrun for example_branch_datetime_operator_2 to 2025-03-14 00:00:00+00:00, run_after=2025-03-15 00:00:00+00:00
[2025-03-15T07:17:06.083+0000] {logging_mixin.py:190} INFO - [2025-03-15T07:17:06.083+0000] {dag.py:4180} INFO - Setting next_dagrun for example_branch_datetime_operator_3 to 2025-03-14 00:00:00+00:00, run_after=2025-03-15 00:00:00+00:00
[2025-03-15T07:17:06.096+0000] {processor.py:208} INFO - Processing /home/airflow/.local/lib/python3.12/site-packages/airflow/example_dags/example_branch_datetime_operator.py took 0.058 seconds
[2025-03-15T07:17:36.207+0000] {processor.py:186} INFO - Started process (PID=764) to work on /home/airflow/.local/lib/python3.12/site-packages/airflow/example_dags/example_branch_datetime_operator.py
[2025-03-15T07:17:36.207+0000] {processor.py:914} INFO - Processing file /home/airflow/.local/lib/python3.12/site-packages/airflow/example_dags/example_branch_datetime_operator.py for tasks to queue
[2025-03-15T07:17:36.208+0000] {logging_mixin.py:190} INFO - [2025-03-15T07:17:36.208+0000] {dagbag.py:588} INFO - Filling up the DagBag from /home/airflow/.local/lib/python3.12/site-packages/airflow/example_dags/example_branch_datetime_operator.py
[2025-03-15T07:17:36.215+0000] {processor.py:925} INFO - DAG(s) 'example_branch_datetime_operator_2', 'example_branch_datetime_operator', 'example_branch_datetime_operator_3' retrieved from /home/airflow/.local/lib/python3.12/site-packages/airflow/example_dags/example_branch_datetime_operator.py
[2025-03-15T07:17:36.232+0000] {logging_mixin.py:190} INFO - [2025-03-15T07:17:36.232+0000] {dag.py:3239} INFO - Sync 3 DAGs
[2025-03-15T07:17:36.244+0000] {logging_mixin.py:190} INFO - [2025-03-15T07:17:36.244+0000] {dag.py:4180} INFO - Setting next_dagrun for example_branch_datetime_operator to 2025-03-14 00:00:00+00:00, run_after=2025-03-15 00:00:00+00:00
[2025-03-15T07:17:36.247+0000] {logging_mixin.py:190} INFO - [2025-03-15T07:17:36.247+0000] {dag.py:4180} INFO - Setting next_dagrun for example_branch_datetime_operator_2 to 2025-03-14 00:00:00+00:00, run_after=2025-03-15 00:00:00+00:00
[2025-03-15T07:17:36.250+0000] {logging_mixin.py:190} INFO - [2025-03-15T07:17:36.250+0000] {dag.py:4180} INFO - Setting next_dagrun for example_branch_datetime_operator_3 to 2025-03-14 00:00:00+00:00, run_after=2025-03-15 00:00:00+00:00
[2025-03-15T07:17:36.260+0000] {processor.py:208} INFO - Processing /home/airflow/.local/lib/python3.12/site-packages/airflow/example_dags/example_branch_datetime_operator.py took 0.057 seconds
[2025-03-15T07:18:06.646+0000] {processor.py:186} INFO - Started process (PID=827) to work on /home/airflow/.local/lib/python3.12/site-packages/airflow/example_dags/example_branch_datetime_operator.py
[2025-03-15T07:18:06.647+0000] {processor.py:914} INFO - Processing file /home/airflow/.local/lib/python3.12/site-packages/airflow/example_dags/example_branch_datetime_operator.py for tasks to queue
[2025-03-15T07:18:06.648+0000] {logging_mixin.py:190} INFO - [2025-03-15T07:18:06.648+0000] {dagbag.py:588} INFO - Filling up the DagBag from /home/airflow/.local/lib/python3.12/site-packages/airflow/example_dags/example_branch_datetime_operator.py
[2025-03-15T07:18:06.656+0000] {processor.py:925} INFO - DAG(s) 'example_branch_datetime_operator_2', 'example_branch_datetime_operator_3', 'example_branch_datetime_operator' retrieved from /home/airflow/.local/lib/python3.12/site-packages/airflow/example_dags/example_branch_datetime_operator.py
[2025-03-15T07:18:06.692+0000] {logging_mixin.py:190} INFO - [2025-03-15T07:18:06.692+0000] {dag.py:3239} INFO - Sync 3 DAGs
[2025-03-15T07:18:06.708+0000] {logging_mixin.py:190} INFO - [2025-03-15T07:18:06.708+0000] {dag.py:4180} INFO - Setting next_dagrun for example_branch_datetime_operator to 2025-03-14 00:00:00+00:00, run_after=2025-03-15 00:00:00+00:00
[2025-03-15T07:18:06.713+0000] {logging_mixin.py:190} INFO - [2025-03-15T07:18:06.713+0000] {dag.py:4180} INFO - Setting next_dagrun for example_branch_datetime_operator_2 to 2025-03-14 00:00:00+00:00, run_after=2025-03-15 00:00:00+00:00
[2025-03-15T07:18:06.714+0000] {logging_mixin.py:190} INFO - [2025-03-15T07:18:06.714+0000] {dag.py:4180} INFO - Setting next_dagrun for example_branch_datetime_operator_3 to 2025-03-14 00:00:00+00:00, run_after=2025-03-15 00:00:00+00:00
[2025-03-15T07:18:06.730+0000] {processor.py:208} INFO - Processing /home/airflow/.local/lib/python3.12/site-packages/airflow/example_dags/example_branch_datetime_operator.py took 0.089 seconds
[2025-03-15T07:18:36.785+0000] {processor.py:186} INFO - Started process (PID=890) to work on /home/airflow/.local/lib/python3.12/site-packages/airflow/example_dags/example_branch_datetime_operator.py
[2025-03-15T07:18:36.788+0000] {processor.py:914} INFO - Processing file /home/airflow/.local/lib/python3.12/site-packages/airflow/example_dags/example_branch_datetime_operator.py for tasks to queue
[2025-03-15T07:18:36.790+0000] {logging_mixin.py:190} INFO - [2025-03-15T07:18:36.789+0000] {dagbag.py:588} INFO - Filling up the DagBag from /home/airflow/.local/lib/python3.12/site-packages/airflow/example_dags/example_branch_datetime_operator.py
[2025-03-15T07:18:36.797+0000] {processor.py:925} INFO - DAG(s) 'example_branch_datetime_operator', 'example_branch_datetime_operator_3', 'example_branch_datetime_operator_2' retrieved from /home/airflow/.local/lib/python3.12/site-packages/airflow/example_dags/example_branch_datetime_operator.py
[2025-03-15T07:18:36.821+0000] {logging_mixin.py:190} INFO - [2025-03-15T07:18:36.821+0000] {dag.py:3239} INFO - Sync 3 DAGs
[2025-03-15T07:18:36.836+0000] {logging_mixin.py:190} INFO - [2025-03-15T07:18:36.836+0000] {dag.py:4180} INFO - Setting next_dagrun for example_branch_datetime_operator to 2025-03-14 00:00:00+00:00, run_after=2025-03-15 00:00:00+00:00
[2025-03-15T07:18:36.839+0000] {logging_mixin.py:190} INFO - [2025-03-15T07:18:36.839+0000] {dag.py:4180} INFO - Setting next_dagrun for example_branch_datetime_operator_2 to 2025-03-14 00:00:00+00:00, run_after=2025-03-15 00:00:00+00:00
[2025-03-15T07:18:36.841+0000] {logging_mixin.py:190} INFO - [2025-03-15T07:18:36.841+0000] {dag.py:4180} INFO - Setting next_dagrun for example_branch_datetime_operator_3 to 2025-03-14 00:00:00+00:00, run_after=2025-03-15 00:00:00+00:00
[2025-03-15T07:18:36.851+0000] {processor.py:208} INFO - Processing /home/airflow/.local/lib/python3.12/site-packages/airflow/example_dags/example_branch_datetime_operator.py took 0.069 seconds
[2025-03-15T07:19:07.002+0000] {processor.py:186} INFO - Started process (PID=961) to work on /home/airflow/.local/lib/python3.12/site-packages/airflow/example_dags/example_branch_datetime_operator.py
[2025-03-15T07:19:07.003+0000] {processor.py:914} INFO - Processing file /home/airflow/.local/lib/python3.12/site-packages/airflow/example_dags/example_branch_datetime_operator.py for tasks to queue
[2025-03-15T07:19:07.004+0000] {logging_mixin.py:190} INFO - [2025-03-15T07:19:07.004+0000] {dagbag.py:588} INFO - Filling up the DagBag from /home/airflow/.local/lib/python3.12/site-packages/airflow/example_dags/example_branch_datetime_operator.py
[2025-03-15T07:19:07.010+0000] {processor.py:925} INFO - DAG(s) 'example_branch_datetime_operator', 'example_branch_datetime_operator_3', 'example_branch_datetime_operator_2' retrieved from /home/airflow/.local/lib/python3.12/site-packages/airflow/example_dags/example_branch_datetime_operator.py
[2025-03-15T07:19:07.026+0000] {logging_mixin.py:190} INFO - [2025-03-15T07:19:07.026+0000] {dag.py:3239} INFO - Sync 3 DAGs
[2025-03-15T07:19:07.042+0000] {logging_mixin.py:190} INFO - [2025-03-15T07:19:07.042+0000] {dag.py:4180} INFO - Setting next_dagrun for example_branch_datetime_operator to 2025-03-14 00:00:00+00:00, run_after=2025-03-15 00:00:00+00:00
[2025-03-15T07:19:07.046+0000] {logging_mixin.py:190} INFO - [2025-03-15T07:19:07.045+0000] {dag.py:4180} INFO - Setting next_dagrun for example_branch_datetime_operator_2 to 2025-03-14 00:00:00+00:00, run_after=2025-03-15 00:00:00+00:00
[2025-03-15T07:19:07.049+0000] {logging_mixin.py:190} INFO - [2025-03-15T07:19:07.049+0000] {dag.py:4180} INFO - Setting next_dagrun for example_branch_datetime_operator_3 to 2025-03-14 00:00:00+00:00, run_after=2025-03-15 00:00:00+00:00
[2025-03-15T07:19:07.060+0000] {processor.py:208} INFO - Processing /home/airflow/.local/lib/python3.12/site-packages/airflow/example_dags/example_branch_datetime_operator.py took 0.061 seconds
[2025-03-15T07:19:37.957+0000] {processor.py:186} INFO - Started process (PID=1024) to work on /home/airflow/.local/lib/python3.12/site-packages/airflow/example_dags/example_branch_datetime_operator.py
[2025-03-15T07:19:37.959+0000] {processor.py:914} INFO - Processing file /home/airflow/.local/lib/python3.12/site-packages/airflow/example_dags/example_branch_datetime_operator.py for tasks to queue
[2025-03-15T07:19:37.961+0000] {logging_mixin.py:190} INFO - [2025-03-15T07:19:37.960+0000] {dagbag.py:588} INFO - Filling up the DagBag from /home/airflow/.local/lib/python3.12/site-packages/airflow/example_dags/example_branch_datetime_operator.py
[2025-03-15T07:19:37.968+0000] {processor.py:925} INFO - DAG(s) 'example_branch_datetime_operator', 'example_branch_datetime_operator_3', 'example_branch_datetime_operator_2' retrieved from /home/airflow/.local/lib/python3.12/site-packages/airflow/example_dags/example_branch_datetime_operator.py
[2025-03-15T07:19:37.988+0000] {logging_mixin.py:190} INFO - [2025-03-15T07:19:37.988+0000] {dag.py:3239} INFO - Sync 3 DAGs
[2025-03-15T07:19:38.001+0000] {logging_mixin.py:190} INFO - [2025-03-15T07:19:38.001+0000] {dag.py:4180} INFO - Setting next_dagrun for example_branch_datetime_operator to 2025-03-14 00:00:00+00:00, run_after=2025-03-15 00:00:00+00:00
[2025-03-15T07:19:38.004+0000] {logging_mixin.py:190} INFO - [2025-03-15T07:19:38.004+0000] {dag.py:4180} INFO - Setting next_dagrun for example_branch_datetime_operator_2 to 2025-03-14 00:00:00+00:00, run_after=2025-03-15 00:00:00+00:00
[2025-03-15T07:19:38.006+0000] {logging_mixin.py:190} INFO - [2025-03-15T07:19:38.006+0000] {dag.py:4180} INFO - Setting next_dagrun for example_branch_datetime_operator_3 to 2025-03-14 00:00:00+00:00, run_after=2025-03-15 00:00:00+00:00
[2025-03-15T07:19:38.020+0000] {processor.py:208} INFO - Processing /home/airflow/.local/lib/python3.12/site-packages/airflow/example_dags/example_branch_datetime_operator.py took 0.066 seconds
[2025-03-15T07:20:08.222+0000] {processor.py:186} INFO - Started process (PID=1087) to work on /home/airflow/.local/lib/python3.12/site-packages/airflow/example_dags/example_branch_datetime_operator.py
[2025-03-15T07:20:08.223+0000] {processor.py:914} INFO - Processing file /home/airflow/.local/lib/python3.12/site-packages/airflow/example_dags/example_branch_datetime_operator.py for tasks to queue
[2025-03-15T07:20:08.227+0000] {logging_mixin.py:190} INFO - [2025-03-15T07:20:08.226+0000] {dagbag.py:588} INFO - Filling up the DagBag from /home/airflow/.local/lib/python3.12/site-packages/airflow/example_dags/example_branch_datetime_operator.py
[2025-03-15T07:20:08.234+0000] {processor.py:925} INFO - DAG(s) 'example_branch_datetime_operator_2', 'example_branch_datetime_operator', 'example_branch_datetime_operator_3' retrieved from /home/airflow/.local/lib/python3.12/site-packages/airflow/example_dags/example_branch_datetime_operator.py
[2025-03-15T07:20:08.253+0000] {logging_mixin.py:190} INFO - [2025-03-15T07:20:08.253+0000] {dag.py:3239} INFO - Sync 3 DAGs
[2025-03-15T07:20:08.268+0000] {logging_mixin.py:190} INFO - [2025-03-15T07:20:08.268+0000] {dag.py:4180} INFO - Setting next_dagrun for example_branch_datetime_operator to 2025-03-14 00:00:00+00:00, run_after=2025-03-15 00:00:00+00:00
[2025-03-15T07:20:08.271+0000] {logging_mixin.py:190} INFO - [2025-03-15T07:20:08.271+0000] {dag.py:4180} INFO - Setting next_dagrun for example_branch_datetime_operator_2 to 2025-03-14 00:00:00+00:00, run_after=2025-03-15 00:00:00+00:00
[2025-03-15T07:20:08.272+0000] {logging_mixin.py:190} INFO - [2025-03-15T07:20:08.272+0000] {dag.py:4180} INFO - Setting next_dagrun for example_branch_datetime_operator_3 to 2025-03-14 00:00:00+00:00, run_after=2025-03-15 00:00:00+00:00
[2025-03-15T07:20:08.281+0000] {processor.py:208} INFO - Processing /home/airflow/.local/lib/python3.12/site-packages/airflow/example_dags/example_branch_datetime_operator.py took 0.063 seconds
[2025-03-15T07:20:38.309+0000] {processor.py:186} INFO - Started process (PID=1149) to work on /home/airflow/.local/lib/python3.12/site-packages/airflow/example_dags/example_branch_datetime_operator.py
[2025-03-15T07:20:38.310+0000] {processor.py:914} INFO - Processing file /home/airflow/.local/lib/python3.12/site-packages/airflow/example_dags/example_branch_datetime_operator.py for tasks to queue
[2025-03-15T07:20:38.312+0000] {logging_mixin.py:190} INFO - [2025-03-15T07:20:38.311+0000] {dagbag.py:588} INFO - Filling up the DagBag from /home/airflow/.local/lib/python3.12/site-packages/airflow/example_dags/example_branch_datetime_operator.py
[2025-03-15T07:20:38.322+0000] {processor.py:925} INFO - DAG(s) 'example_branch_datetime_operator', 'example_branch_datetime_operator_2', 'example_branch_datetime_operator_3' retrieved from /home/airflow/.local/lib/python3.12/site-packages/airflow/example_dags/example_branch_datetime_operator.py
[2025-03-15T07:20:38.337+0000] {logging_mixin.py:190} INFO - [2025-03-15T07:20:38.337+0000] {dag.py:3239} INFO - Sync 3 DAGs
[2025-03-15T07:20:38.352+0000] {logging_mixin.py:190} INFO - [2025-03-15T07:20:38.351+0000] {dag.py:4180} INFO - Setting next_dagrun for example_branch_datetime_operator to 2025-03-14 00:00:00+00:00, run_after=2025-03-15 00:00:00+00:00
[2025-03-15T07:20:38.357+0000] {logging_mixin.py:190} INFO - [2025-03-15T07:20:38.357+0000] {dag.py:4180} INFO - Setting next_dagrun for example_branch_datetime_operator_2 to 2025-03-14 00:00:00+00:00, run_after=2025-03-15 00:00:00+00:00
[2025-03-15T07:20:38.359+0000] {logging_mixin.py:190} INFO - [2025-03-15T07:20:38.359+0000] {dag.py:4180} INFO - Setting next_dagrun for example_branch_datetime_operator_3 to 2025-03-14 00:00:00+00:00, run_after=2025-03-15 00:00:00+00:00
[2025-03-15T07:20:38.376+0000] {processor.py:208} INFO - Processing /home/airflow/.local/lib/python3.12/site-packages/airflow/example_dags/example_branch_datetime_operator.py took 0.071 seconds
[2025-03-15T07:21:08.881+0000] {processor.py:186} INFO - Started process (PID=1212) to work on /home/airflow/.local/lib/python3.12/site-packages/airflow/example_dags/example_branch_datetime_operator.py
[2025-03-15T07:21:08.884+0000] {processor.py:914} INFO - Processing file /home/airflow/.local/lib/python3.12/site-packages/airflow/example_dags/example_branch_datetime_operator.py for tasks to queue
[2025-03-15T07:21:08.885+0000] {logging_mixin.py:190} INFO - [2025-03-15T07:21:08.885+0000] {dagbag.py:588} INFO - Filling up the DagBag from /home/airflow/.local/lib/python3.12/site-packages/airflow/example_dags/example_branch_datetime_operator.py
[2025-03-15T07:21:08.892+0000] {processor.py:925} INFO - DAG(s) 'example_branch_datetime_operator_2', 'example_branch_datetime_operator', 'example_branch_datetime_operator_3' retrieved from /home/airflow/.local/lib/python3.12/site-packages/airflow/example_dags/example_branch_datetime_operator.py
[2025-03-15T07:21:08.907+0000] {logging_mixin.py:190} INFO - [2025-03-15T07:21:08.907+0000] {dag.py:3239} INFO - Sync 3 DAGs
[2025-03-15T07:21:08.920+0000] {logging_mixin.py:190} INFO - [2025-03-15T07:21:08.920+0000] {dag.py:4180} INFO - Setting next_dagrun for example_branch_datetime_operator to 2025-03-14 00:00:00+00:00, run_after=2025-03-15 00:00:00+00:00
[2025-03-15T07:21:08.923+0000] {logging_mixin.py:190} INFO - [2025-03-15T07:21:08.923+0000] {dag.py:4180} INFO - Setting next_dagrun for example_branch_datetime_operator_2 to 2025-03-14 00:00:00+00:00, run_after=2025-03-15 00:00:00+00:00
[2025-03-15T07:21:08.925+0000] {logging_mixin.py:190} INFO - [2025-03-15T07:21:08.925+0000] {dag.py:4180} INFO - Setting next_dagrun for example_branch_datetime_operator_3 to 2025-03-14 00:00:00+00:00, run_after=2025-03-15 00:00:00+00:00
[2025-03-15T07:21:08.936+0000] {processor.py:208} INFO - Processing /home/airflow/.local/lib/python3.12/site-packages/airflow/example_dags/example_branch_datetime_operator.py took 0.058 seconds
[2025-03-15T07:21:39.120+0000] {processor.py:186} INFO - Started process (PID=1275) to work on /home/airflow/.local/lib/python3.12/site-packages/airflow/example_dags/example_branch_datetime_operator.py
[2025-03-15T07:21:39.121+0000] {processor.py:914} INFO - Processing file /home/airflow/.local/lib/python3.12/site-packages/airflow/example_dags/example_branch_datetime_operator.py for tasks to queue
[2025-03-15T07:21:39.122+0000] {logging_mixin.py:190} INFO - [2025-03-15T07:21:39.122+0000] {dagbag.py:588} INFO - Filling up the DagBag from /home/airflow/.local/lib/python3.12/site-packages/airflow/example_dags/example_branch_datetime_operator.py
[2025-03-15T07:21:39.129+0000] {processor.py:925} INFO - DAG(s) 'example_branch_datetime_operator', 'example_branch_datetime_operator_2', 'example_branch_datetime_operator_3' retrieved from /home/airflow/.local/lib/python3.12/site-packages/airflow/example_dags/example_branch_datetime_operator.py
[2025-03-15T07:21:39.148+0000] {logging_mixin.py:190} INFO - [2025-03-15T07:21:39.148+0000] {dag.py:3239} INFO - Sync 3 DAGs
[2025-03-15T07:21:39.161+0000] {logging_mixin.py:190} INFO - [2025-03-15T07:21:39.161+0000] {dag.py:4180} INFO - Setting next_dagrun for example_branch_datetime_operator to 2025-03-14 00:00:00+00:00, run_after=2025-03-15 00:00:00+00:00
[2025-03-15T07:21:39.164+0000] {logging_mixin.py:190} INFO - [2025-03-15T07:21:39.164+0000] {dag.py:4180} INFO - Setting next_dagrun for example_branch_datetime_operator_2 to 2025-03-14 00:00:00+00:00, run_after=2025-03-15 00:00:00+00:00
[2025-03-15T07:21:39.167+0000] {logging_mixin.py:190} INFO - [2025-03-15T07:21:39.167+0000] {dag.py:4180} INFO - Setting next_dagrun for example_branch_datetime_operator_3 to 2025-03-14 00:00:00+00:00, run_after=2025-03-15 00:00:00+00:00
[2025-03-15T07:21:39.178+0000] {processor.py:208} INFO - Processing /home/airflow/.local/lib/python3.12/site-packages/airflow/example_dags/example_branch_datetime_operator.py took 0.061 seconds
[2025-03-15T07:22:09.361+0000] {processor.py:186} INFO - Started process (PID=1338) to work on /home/airflow/.local/lib/python3.12/site-packages/airflow/example_dags/example_branch_datetime_operator.py
[2025-03-15T07:22:09.362+0000] {processor.py:914} INFO - Processing file /home/airflow/.local/lib/python3.12/site-packages/airflow/example_dags/example_branch_datetime_operator.py for tasks to queue
[2025-03-15T07:22:09.363+0000] {logging_mixin.py:190} INFO - [2025-03-15T07:22:09.363+0000] {dagbag.py:588} INFO - Filling up the DagBag from /home/airflow/.local/lib/python3.12/site-packages/airflow/example_dags/example_branch_datetime_operator.py
[2025-03-15T07:22:09.371+0000] {processor.py:925} INFO - DAG(s) 'example_branch_datetime_operator', 'example_branch_datetime_operator_3', 'example_branch_datetime_operator_2' retrieved from /home/airflow/.local/lib/python3.12/site-packages/airflow/example_dags/example_branch_datetime_operator.py
[2025-03-15T07:22:09.386+0000] {logging_mixin.py:190} INFO - [2025-03-15T07:22:09.386+0000] {dag.py:3239} INFO - Sync 3 DAGs
[2025-03-15T07:22:09.399+0000] {logging_mixin.py:190} INFO - [2025-03-15T07:22:09.399+0000] {dag.py:4180} INFO - Setting next_dagrun for example_branch_datetime_operator to 2025-03-14 00:00:00+00:00, run_after=2025-03-15 00:00:00+00:00
[2025-03-15T07:22:09.401+0000] {logging_mixin.py:190} INFO - [2025-03-15T07:22:09.401+0000] {dag.py:4180} INFO - Setting next_dagrun for example_branch_datetime_operator_2 to 2025-03-14 00:00:00+00:00, run_after=2025-03-15 00:00:00+00:00
[2025-03-15T07:22:09.403+0000] {logging_mixin.py:190} INFO - [2025-03-15T07:22:09.403+0000] {dag.py:4180} INFO - Setting next_dagrun for example_branch_datetime_operator_3 to 2025-03-14 00:00:00+00:00, run_after=2025-03-15 00:00:00+00:00
[2025-03-15T07:22:09.412+0000] {processor.py:208} INFO - Processing /home/airflow/.local/lib/python3.12/site-packages/airflow/example_dags/example_branch_datetime_operator.py took 0.054 seconds
[2025-03-15T07:22:40.132+0000] {processor.py:186} INFO - Started process (PID=1401) to work on /home/airflow/.local/lib/python3.12/site-packages/airflow/example_dags/example_branch_datetime_operator.py
[2025-03-15T07:22:40.134+0000] {processor.py:914} INFO - Processing file /home/airflow/.local/lib/python3.12/site-packages/airflow/example_dags/example_branch_datetime_operator.py for tasks to queue
[2025-03-15T07:22:40.137+0000] {logging_mixin.py:190} INFO - [2025-03-15T07:22:40.136+0000] {dagbag.py:588} INFO - Filling up the DagBag from /home/airflow/.local/lib/python3.12/site-packages/airflow/example_dags/example_branch_datetime_operator.py
[2025-03-15T07:22:40.148+0000] {processor.py:925} INFO - DAG(s) 'example_branch_datetime_operator_2', 'example_branch_datetime_operator_3', 'example_branch_datetime_operator' retrieved from /home/airflow/.local/lib/python3.12/site-packages/airflow/example_dags/example_branch_datetime_operator.py
[2025-03-15T07:22:40.165+0000] {logging_mixin.py:190} INFO - [2025-03-15T07:22:40.165+0000] {dag.py:3239} INFO - Sync 3 DAGs
[2025-03-15T07:22:40.179+0000] {logging_mixin.py:190} INFO - [2025-03-15T07:22:40.178+0000] {dag.py:4180} INFO - Setting next_dagrun for example_branch_datetime_operator to 2025-03-14 00:00:00+00:00, run_after=2025-03-15 00:00:00+00:00
[2025-03-15T07:22:40.181+0000] {logging_mixin.py:190} INFO - [2025-03-15T07:22:40.181+0000] {dag.py:4180} INFO - Setting next_dagrun for example_branch_datetime_operator_2 to 2025-03-14 00:00:00+00:00, run_after=2025-03-15 00:00:00+00:00
[2025-03-15T07:22:40.182+0000] {logging_mixin.py:190} INFO - [2025-03-15T07:22:40.182+0000] {dag.py:4180} INFO - Setting next_dagrun for example_branch_datetime_operator_3 to 2025-03-14 00:00:00+00:00, run_after=2025-03-15 00:00:00+00:00
[2025-03-15T07:22:40.191+0000] {processor.py:208} INFO - Processing /home/airflow/.local/lib/python3.12/site-packages/airflow/example_dags/example_branch_datetime_operator.py took 0.063 seconds
[2025-03-15T07:23:10.451+0000] {processor.py:186} INFO - Started process (PID=1464) to work on /home/airflow/.local/lib/python3.12/site-packages/airflow/example_dags/example_branch_datetime_operator.py
[2025-03-15T07:23:10.451+0000] {processor.py:914} INFO - Processing file /home/airflow/.local/lib/python3.12/site-packages/airflow/example_dags/example_branch_datetime_operator.py for tasks to queue
[2025-03-15T07:23:10.453+0000] {logging_mixin.py:190} INFO - [2025-03-15T07:23:10.452+0000] {dagbag.py:588} INFO - Filling up the DagBag from /home/airflow/.local/lib/python3.12/site-packages/airflow/example_dags/example_branch_datetime_operator.py
[2025-03-15T07:23:10.460+0000] {processor.py:925} INFO - DAG(s) 'example_branch_datetime_operator_3', 'example_branch_datetime_operator', 'example_branch_datetime_operator_2' retrieved from /home/airflow/.local/lib/python3.12/site-packages/airflow/example_dags/example_branch_datetime_operator.py
[2025-03-15T07:23:10.481+0000] {logging_mixin.py:190} INFO - [2025-03-15T07:23:10.481+0000] {dag.py:3239} INFO - Sync 3 DAGs
[2025-03-15T07:23:10.502+0000] {logging_mixin.py:190} INFO - [2025-03-15T07:23:10.502+0000] {dag.py:4180} INFO - Setting next_dagrun for example_branch_datetime_operator to 2025-03-14 00:00:00+00:00, run_after=2025-03-15 00:00:00+00:00
[2025-03-15T07:23:10.515+0000] {logging_mixin.py:190} INFO - [2025-03-15T07:23:10.515+0000] {dag.py:4180} INFO - Setting next_dagrun for example_branch_datetime_operator_2 to 2025-03-14 00:00:00+00:00, run_after=2025-03-15 00:00:00+00:00
[2025-03-15T07:23:10.518+0000] {logging_mixin.py:190} INFO - [2025-03-15T07:23:10.518+0000] {dag.py:4180} INFO - Setting next_dagrun for example_branch_datetime_operator_3 to 2025-03-14 00:00:00+00:00, run_after=2025-03-15 00:00:00+00:00
[2025-03-15T07:23:10.530+0000] {processor.py:208} INFO - Processing /home/airflow/.local/lib/python3.12/site-packages/airflow/example_dags/example_branch_datetime_operator.py took 0.082 seconds
[2025-03-15T07:23:40.844+0000] {processor.py:186} INFO - Started process (PID=1527) to work on /home/airflow/.local/lib/python3.12/site-packages/airflow/example_dags/example_branch_datetime_operator.py
[2025-03-15T07:23:40.845+0000] {processor.py:914} INFO - Processing file /home/airflow/.local/lib/python3.12/site-packages/airflow/example_dags/example_branch_datetime_operator.py for tasks to queue
[2025-03-15T07:23:40.846+0000] {logging_mixin.py:190} INFO - [2025-03-15T07:23:40.846+0000] {dagbag.py:588} INFO - Filling up the DagBag from /home/airflow/.local/lib/python3.12/site-packages/airflow/example_dags/example_branch_datetime_operator.py
[2025-03-15T07:23:40.857+0000] {processor.py:925} INFO - DAG(s) 'example_branch_datetime_operator', 'example_branch_datetime_operator_3', 'example_branch_datetime_operator_2' retrieved from /home/airflow/.local/lib/python3.12/site-packages/airflow/example_dags/example_branch_datetime_operator.py
[2025-03-15T07:23:40.885+0000] {logging_mixin.py:190} INFO - [2025-03-15T07:23:40.885+0000] {dag.py:3239} INFO - Sync 3 DAGs
[2025-03-15T07:23:40.919+0000] {logging_mixin.py:190} INFO - [2025-03-15T07:23:40.918+0000] {dag.py:4180} INFO - Setting next_dagrun for example_branch_datetime_operator to 2025-03-14 00:00:00+00:00, run_after=2025-03-15 00:00:00+00:00
[2025-03-15T07:23:40.923+0000] {logging_mixin.py:190} INFO - [2025-03-15T07:23:40.922+0000] {dag.py:4180} INFO - Setting next_dagrun for example_branch_datetime_operator_2 to 2025-03-14 00:00:00+00:00, run_after=2025-03-15 00:00:00+00:00
[2025-03-15T07:23:40.924+0000] {logging_mixin.py:190} INFO - [2025-03-15T07:23:40.924+0000] {dag.py:4180} INFO - Setting next_dagrun for example_branch_datetime_operator_3 to 2025-03-14 00:00:00+00:00, run_after=2025-03-15 00:00:00+00:00
[2025-03-15T07:23:40.939+0000] {processor.py:208} INFO - Processing /home/airflow/.local/lib/python3.12/site-packages/airflow/example_dags/example_branch_datetime_operator.py took 0.107 seconds
[2025-03-15T07:24:11.216+0000] {processor.py:186} INFO - Started process (PID=1590) to work on /home/airflow/.local/lib/python3.12/site-packages/airflow/example_dags/example_branch_datetime_operator.py
[2025-03-15T07:24:11.216+0000] {processor.py:914} INFO - Processing file /home/airflow/.local/lib/python3.12/site-packages/airflow/example_dags/example_branch_datetime_operator.py for tasks to queue
[2025-03-15T07:24:11.218+0000] {logging_mixin.py:190} INFO - [2025-03-15T07:24:11.217+0000] {dagbag.py:588} INFO - Filling up the DagBag from /home/airflow/.local/lib/python3.12/site-packages/airflow/example_dags/example_branch_datetime_operator.py
[2025-03-15T07:24:11.224+0000] {processor.py:925} INFO - DAG(s) 'example_branch_datetime_operator_2', 'example_branch_datetime_operator', 'example_branch_datetime_operator_3' retrieved from /home/airflow/.local/lib/python3.12/site-packages/airflow/example_dags/example_branch_datetime_operator.py
[2025-03-15T07:24:11.241+0000] {logging_mixin.py:190} INFO - [2025-03-15T07:24:11.241+0000] {dag.py:3239} INFO - Sync 3 DAGs
[2025-03-15T07:24:11.259+0000] {logging_mixin.py:190} INFO - [2025-03-15T07:24:11.259+0000] {dag.py:4180} INFO - Setting next_dagrun for example_branch_datetime_operator to 2025-03-14 00:00:00+00:00, run_after=2025-03-15 00:00:00+00:00
[2025-03-15T07:24:11.264+0000] {logging_mixin.py:190} INFO - [2025-03-15T07:24:11.264+0000] {dag.py:4180} INFO - Setting next_dagrun for example_branch_datetime_operator_2 to 2025-03-14 00:00:00+00:00, run_after=2025-03-15 00:00:00+00:00
[2025-03-15T07:24:11.267+0000] {logging_mixin.py:190} INFO - [2025-03-15T07:24:11.266+0000] {dag.py:4180} INFO - Setting next_dagrun for example_branch_datetime_operator_3 to 2025-03-14 00:00:00+00:00, run_after=2025-03-15 00:00:00+00:00
[2025-03-15T07:24:11.279+0000] {processor.py:208} INFO - Processing /home/airflow/.local/lib/python3.12/site-packages/airflow/example_dags/example_branch_datetime_operator.py took 0.066 seconds
[2025-03-15T07:24:41.490+0000] {processor.py:186} INFO - Started process (PID=1653) to work on /home/airflow/.local/lib/python3.12/site-packages/airflow/example_dags/example_branch_datetime_operator.py
[2025-03-15T07:24:41.491+0000] {processor.py:914} INFO - Processing file /home/airflow/.local/lib/python3.12/site-packages/airflow/example_dags/example_branch_datetime_operator.py for tasks to queue
[2025-03-15T07:24:41.493+0000] {logging_mixin.py:190} INFO - [2025-03-15T07:24:41.493+0000] {dagbag.py:588} INFO - Filling up the DagBag from /home/airflow/.local/lib/python3.12/site-packages/airflow/example_dags/example_branch_datetime_operator.py
[2025-03-15T07:24:41.500+0000] {processor.py:925} INFO - DAG(s) 'example_branch_datetime_operator_2', 'example_branch_datetime_operator_3', 'example_branch_datetime_operator' retrieved from /home/airflow/.local/lib/python3.12/site-packages/airflow/example_dags/example_branch_datetime_operator.py
[2025-03-15T07:24:41.519+0000] {logging_mixin.py:190} INFO - [2025-03-15T07:24:41.519+0000] {dag.py:3239} INFO - Sync 3 DAGs
[2025-03-15T07:24:41.532+0000] {logging_mixin.py:190} INFO - [2025-03-15T07:24:41.532+0000] {dag.py:4180} INFO - Setting next_dagrun for example_branch_datetime_operator to 2025-03-14 00:00:00+00:00, run_after=2025-03-15 00:00:00+00:00
[2025-03-15T07:24:41.536+0000] {logging_mixin.py:190} INFO - [2025-03-15T07:24:41.535+0000] {dag.py:4180} INFO - Setting next_dagrun for example_branch_datetime_operator_2 to 2025-03-14 00:00:00+00:00, run_after=2025-03-15 00:00:00+00:00
[2025-03-15T07:24:41.538+0000] {logging_mixin.py:190} INFO - [2025-03-15T07:24:41.538+0000] {dag.py:4180} INFO - Setting next_dagrun for example_branch_datetime_operator_3 to 2025-03-14 00:00:00+00:00, run_after=2025-03-15 00:00:00+00:00
[2025-03-15T07:24:41.555+0000] {processor.py:208} INFO - Processing /home/airflow/.local/lib/python3.12/site-packages/airflow/example_dags/example_branch_datetime_operator.py took 0.068 seconds
[2025-03-15T07:25:11.951+0000] {processor.py:186} INFO - Started process (PID=1715) to work on /home/airflow/.local/lib/python3.12/site-packages/airflow/example_dags/example_branch_datetime_operator.py
[2025-03-15T07:25:11.952+0000] {processor.py:914} INFO - Processing file /home/airflow/.local/lib/python3.12/site-packages/airflow/example_dags/example_branch_datetime_operator.py for tasks to queue
[2025-03-15T07:25:11.954+0000] {logging_mixin.py:190} INFO - [2025-03-15T07:25:11.954+0000] {dagbag.py:588} INFO - Filling up the DagBag from /home/airflow/.local/lib/python3.12/site-packages/airflow/example_dags/example_branch_datetime_operator.py
[2025-03-15T07:25:11.960+0000] {processor.py:925} INFO - DAG(s) 'example_branch_datetime_operator_3', 'example_branch_datetime_operator', 'example_branch_datetime_operator_2' retrieved from /home/airflow/.local/lib/python3.12/site-packages/airflow/example_dags/example_branch_datetime_operator.py
[2025-03-15T07:25:11.975+0000] {logging_mixin.py:190} INFO - [2025-03-15T07:25:11.975+0000] {dag.py:3239} INFO - Sync 3 DAGs
[2025-03-15T07:25:11.987+0000] {logging_mixin.py:190} INFO - [2025-03-15T07:25:11.987+0000] {dag.py:4180} INFO - Setting next_dagrun for example_branch_datetime_operator to 2025-03-14 00:00:00+00:00, run_after=2025-03-15 00:00:00+00:00
[2025-03-15T07:25:11.990+0000] {logging_mixin.py:190} INFO - [2025-03-15T07:25:11.990+0000] {dag.py:4180} INFO - Setting next_dagrun for example_branch_datetime_operator_2 to 2025-03-14 00:00:00+00:00, run_after=2025-03-15 00:00:00+00:00
[2025-03-15T07:25:11.992+0000] {logging_mixin.py:190} INFO - [2025-03-15T07:25:11.992+0000] {dag.py:4180} INFO - Setting next_dagrun for example_branch_datetime_operator_3 to 2025-03-14 00:00:00+00:00, run_after=2025-03-15 00:00:00+00:00
[2025-03-15T07:25:12.008+0000] {processor.py:208} INFO - Processing /home/airflow/.local/lib/python3.12/site-packages/airflow/example_dags/example_branch_datetime_operator.py took 0.060 seconds
[2025-03-15T07:25:42.361+0000] {processor.py:186} INFO - Started process (PID=1778) to work on /home/airflow/.local/lib/python3.12/site-packages/airflow/example_dags/example_branch_datetime_operator.py
[2025-03-15T07:25:42.362+0000] {processor.py:914} INFO - Processing file /home/airflow/.local/lib/python3.12/site-packages/airflow/example_dags/example_branch_datetime_operator.py for tasks to queue
[2025-03-15T07:25:42.363+0000] {logging_mixin.py:190} INFO - [2025-03-15T07:25:42.363+0000] {dagbag.py:588} INFO - Filling up the DagBag from /home/airflow/.local/lib/python3.12/site-packages/airflow/example_dags/example_branch_datetime_operator.py
[2025-03-15T07:25:42.390+0000] {processor.py:925} INFO - DAG(s) 'example_branch_datetime_operator_2', 'example_branch_datetime_operator', 'example_branch_datetime_operator_3' retrieved from /home/airflow/.local/lib/python3.12/site-packages/airflow/example_dags/example_branch_datetime_operator.py
[2025-03-15T07:25:42.411+0000] {logging_mixin.py:190} INFO - [2025-03-15T07:25:42.411+0000] {dag.py:3239} INFO - Sync 3 DAGs
[2025-03-15T07:25:42.424+0000] {logging_mixin.py:190} INFO - [2025-03-15T07:25:42.424+0000] {dag.py:4180} INFO - Setting next_dagrun for example_branch_datetime_operator to 2025-03-14 00:00:00+00:00, run_after=2025-03-15 00:00:00+00:00
[2025-03-15T07:25:42.427+0000] {logging_mixin.py:190} INFO - [2025-03-15T07:25:42.427+0000] {dag.py:4180} INFO - Setting next_dagrun for example_branch_datetime_operator_2 to 2025-03-14 00:00:00+00:00, run_after=2025-03-15 00:00:00+00:00
[2025-03-15T07:25:42.428+0000] {logging_mixin.py:190} INFO - [2025-03-15T07:25:42.428+0000] {dag.py:4180} INFO - Setting next_dagrun for example_branch_datetime_operator_3 to 2025-03-14 00:00:00+00:00, run_after=2025-03-15 00:00:00+00:00
[2025-03-15T07:25:42.437+0000] {processor.py:208} INFO - Processing /home/airflow/.local/lib/python3.12/site-packages/airflow/example_dags/example_branch_datetime_operator.py took 0.079 seconds
[2025-03-15T07:26:12.542+0000] {processor.py:186} INFO - Started process (PID=1840) to work on /home/airflow/.local/lib/python3.12/site-packages/airflow/example_dags/example_branch_datetime_operator.py
[2025-03-15T07:26:12.542+0000] {processor.py:914} INFO - Processing file /home/airflow/.local/lib/python3.12/site-packages/airflow/example_dags/example_branch_datetime_operator.py for tasks to queue
[2025-03-15T07:26:12.545+0000] {logging_mixin.py:190} INFO - [2025-03-15T07:26:12.544+0000] {dagbag.py:588} INFO - Filling up the DagBag from /home/airflow/.local/lib/python3.12/site-packages/airflow/example_dags/example_branch_datetime_operator.py
[2025-03-15T07:26:12.553+0000] {processor.py:925} INFO - DAG(s) 'example_branch_datetime_operator_2', 'example_branch_datetime_operator', 'example_branch_datetime_operator_3' retrieved from /home/airflow/.local/lib/python3.12/site-packages/airflow/example_dags/example_branch_datetime_operator.py
[2025-03-15T07:26:12.567+0000] {logging_mixin.py:190} INFO - [2025-03-15T07:26:12.567+0000] {dag.py:3239} INFO - Sync 3 DAGs
[2025-03-15T07:26:12.583+0000] {logging_mixin.py:190} INFO - [2025-03-15T07:26:12.583+0000] {dag.py:4180} INFO - Setting next_dagrun for example_branch_datetime_operator to 2025-03-14 00:00:00+00:00, run_after=2025-03-15 00:00:00+00:00
[2025-03-15T07:26:12.585+0000] {logging_mixin.py:190} INFO - [2025-03-15T07:26:12.585+0000] {dag.py:4180} INFO - Setting next_dagrun for example_branch_datetime_operator_2 to 2025-03-14 00:00:00+00:00, run_after=2025-03-15 00:00:00+00:00
[2025-03-15T07:26:12.587+0000] {logging_mixin.py:190} INFO - [2025-03-15T07:26:12.586+0000] {dag.py:4180} INFO - Setting next_dagrun for example_branch_datetime_operator_3 to 2025-03-14 00:00:00+00:00, run_after=2025-03-15 00:00:00+00:00
[2025-03-15T07:26:12.601+0000] {processor.py:208} INFO - Processing /home/airflow/.local/lib/python3.12/site-packages/airflow/example_dags/example_branch_datetime_operator.py took 0.063 seconds
[2025-03-15T07:26:43.238+0000] {processor.py:186} INFO - Started process (PID=1903) to work on /home/airflow/.local/lib/python3.12/site-packages/airflow/example_dags/example_branch_datetime_operator.py
[2025-03-15T07:26:43.240+0000] {processor.py:914} INFO - Processing file /home/airflow/.local/lib/python3.12/site-packages/airflow/example_dags/example_branch_datetime_operator.py for tasks to queue
[2025-03-15T07:26:43.243+0000] {logging_mixin.py:190} INFO - [2025-03-15T07:26:43.243+0000] {dagbag.py:588} INFO - Filling up the DagBag from /home/airflow/.local/lib/python3.12/site-packages/airflow/example_dags/example_branch_datetime_operator.py
[2025-03-15T07:26:43.251+0000] {processor.py:925} INFO - DAG(s) 'example_branch_datetime_operator', 'example_branch_datetime_operator_3', 'example_branch_datetime_operator_2' retrieved from /home/airflow/.local/lib/python3.12/site-packages/airflow/example_dags/example_branch_datetime_operator.py
[2025-03-15T07:26:43.272+0000] {logging_mixin.py:190} INFO - [2025-03-15T07:26:43.272+0000] {dag.py:3239} INFO - Sync 3 DAGs
[2025-03-15T07:26:43.290+0000] {logging_mixin.py:190} INFO - [2025-03-15T07:26:43.290+0000] {dag.py:4180} INFO - Setting next_dagrun for example_branch_datetime_operator to 2025-03-14 00:00:00+00:00, run_after=2025-03-15 00:00:00+00:00
[2025-03-15T07:26:43.292+0000] {logging_mixin.py:190} INFO - [2025-03-15T07:26:43.292+0000] {dag.py:4180} INFO - Setting next_dagrun for example_branch_datetime_operator_2 to 2025-03-14 00:00:00+00:00, run_after=2025-03-15 00:00:00+00:00
[2025-03-15T07:26:43.294+0000] {logging_mixin.py:190} INFO - [2025-03-15T07:26:43.293+0000] {dag.py:4180} INFO - Setting next_dagrun for example_branch_datetime_operator_3 to 2025-03-14 00:00:00+00:00, run_after=2025-03-15 00:00:00+00:00
[2025-03-15T07:26:43.303+0000] {processor.py:208} INFO - Processing /home/airflow/.local/lib/python3.12/site-packages/airflow/example_dags/example_branch_datetime_operator.py took 0.068 seconds
[2025-03-15T07:27:14.425+0000] {processor.py:186} INFO - Started process (PID=1967) to work on /home/airflow/.local/lib/python3.12/site-packages/airflow/example_dags/example_branch_datetime_operator.py
[2025-03-15T07:27:14.426+0000] {processor.py:914} INFO - Processing file /home/airflow/.local/lib/python3.12/site-packages/airflow/example_dags/example_branch_datetime_operator.py for tasks to queue
[2025-03-15T07:27:14.428+0000] {logging_mixin.py:190} INFO - [2025-03-15T07:27:14.428+0000] {dagbag.py:588} INFO - Filling up the DagBag from /home/airflow/.local/lib/python3.12/site-packages/airflow/example_dags/example_branch_datetime_operator.py
[2025-03-15T07:27:14.434+0000] {processor.py:925} INFO - DAG(s) 'example_branch_datetime_operator_3', 'example_branch_datetime_operator_2', 'example_branch_datetime_operator' retrieved from /home/airflow/.local/lib/python3.12/site-packages/airflow/example_dags/example_branch_datetime_operator.py
[2025-03-15T07:27:14.453+0000] {logging_mixin.py:190} INFO - [2025-03-15T07:27:14.453+0000] {dag.py:3239} INFO - Sync 3 DAGs
[2025-03-15T07:27:14.466+0000] {logging_mixin.py:190} INFO - [2025-03-15T07:27:14.466+0000] {dag.py:4180} INFO - Setting next_dagrun for example_branch_datetime_operator to 2025-03-14 00:00:00+00:00, run_after=2025-03-15 00:00:00+00:00
[2025-03-15T07:27:14.469+0000] {logging_mixin.py:190} INFO - [2025-03-15T07:27:14.469+0000] {dag.py:4180} INFO - Setting next_dagrun for example_branch_datetime_operator_2 to 2025-03-14 00:00:00+00:00, run_after=2025-03-15 00:00:00+00:00
[2025-03-15T07:27:14.470+0000] {logging_mixin.py:190} INFO - [2025-03-15T07:27:14.470+0000] {dag.py:4180} INFO - Setting next_dagrun for example_branch_datetime_operator_3 to 2025-03-14 00:00:00+00:00, run_after=2025-03-15 00:00:00+00:00
[2025-03-15T07:27:14.481+0000] {processor.py:208} INFO - Processing /home/airflow/.local/lib/python3.12/site-packages/airflow/example_dags/example_branch_datetime_operator.py took 0.060 seconds
[2025-03-15T07:27:45.055+0000] {processor.py:186} INFO - Started process (PID=2031) to work on /home/airflow/.local/lib/python3.12/site-packages/airflow/example_dags/example_branch_datetime_operator.py
[2025-03-15T07:27:45.056+0000] {processor.py:914} INFO - Processing file /home/airflow/.local/lib/python3.12/site-packages/airflow/example_dags/example_branch_datetime_operator.py for tasks to queue
[2025-03-15T07:27:45.057+0000] {logging_mixin.py:190} INFO - [2025-03-15T07:27:45.057+0000] {dagbag.py:588} INFO - Filling up the DagBag from /home/airflow/.local/lib/python3.12/site-packages/airflow/example_dags/example_branch_datetime_operator.py
[2025-03-15T07:27:45.068+0000] {processor.py:925} INFO - DAG(s) 'example_branch_datetime_operator_2', 'example_branch_datetime_operator_3', 'example_branch_datetime_operator' retrieved from /home/airflow/.local/lib/python3.12/site-packages/airflow/example_dags/example_branch_datetime_operator.py
[2025-03-15T07:27:45.092+0000] {logging_mixin.py:190} INFO - [2025-03-15T07:27:45.092+0000] {dag.py:3239} INFO - Sync 3 DAGs
[2025-03-15T07:27:45.108+0000] {logging_mixin.py:190} INFO - [2025-03-15T07:27:45.107+0000] {dag.py:4180} INFO - Setting next_dagrun for example_branch_datetime_operator to 2025-03-14 00:00:00+00:00, run_after=2025-03-15 00:00:00+00:00
[2025-03-15T07:27:45.110+0000] {logging_mixin.py:190} INFO - [2025-03-15T07:27:45.110+0000] {dag.py:4180} INFO - Setting next_dagrun for example_branch_datetime_operator_2 to 2025-03-14 00:00:00+00:00, run_after=2025-03-15 00:00:00+00:00
[2025-03-15T07:27:45.112+0000] {logging_mixin.py:190} INFO - [2025-03-15T07:27:45.112+0000] {dag.py:4180} INFO - Setting next_dagrun for example_branch_datetime_operator_3 to 2025-03-14 00:00:00+00:00, run_after=2025-03-15 00:00:00+00:00
[2025-03-15T07:27:45.124+0000] {processor.py:208} INFO - Processing /home/airflow/.local/lib/python3.12/site-packages/airflow/example_dags/example_branch_datetime_operator.py took 0.072 seconds
[2025-03-15T07:28:15.213+0000] {processor.py:186} INFO - Started process (PID=2095) to work on /home/airflow/.local/lib/python3.12/site-packages/airflow/example_dags/example_branch_datetime_operator.py
[2025-03-15T07:28:15.214+0000] {processor.py:914} INFO - Processing file /home/airflow/.local/lib/python3.12/site-packages/airflow/example_dags/example_branch_datetime_operator.py for tasks to queue
[2025-03-15T07:28:15.216+0000] {logging_mixin.py:190} INFO - [2025-03-15T07:28:15.216+0000] {dagbag.py:588} INFO - Filling up the DagBag from /home/airflow/.local/lib/python3.12/site-packages/airflow/example_dags/example_branch_datetime_operator.py
[2025-03-15T07:28:15.225+0000] {processor.py:925} INFO - DAG(s) 'example_branch_datetime_operator_2', 'example_branch_datetime_operator_3', 'example_branch_datetime_operator' retrieved from /home/airflow/.local/lib/python3.12/site-packages/airflow/example_dags/example_branch_datetime_operator.py
[2025-03-15T07:28:15.242+0000] {logging_mixin.py:190} INFO - [2025-03-15T07:28:15.242+0000] {dag.py:3239} INFO - Sync 3 DAGs
[2025-03-15T07:28:15.256+0000] {logging_mixin.py:190} INFO - [2025-03-15T07:28:15.256+0000] {dag.py:4180} INFO - Setting next_dagrun for example_branch_datetime_operator to 2025-03-14 00:00:00+00:00, run_after=2025-03-15 00:00:00+00:00
[2025-03-15T07:28:15.259+0000] {logging_mixin.py:190} INFO - [2025-03-15T07:28:15.259+0000] {dag.py:4180} INFO - Setting next_dagrun for example_branch_datetime_operator_2 to 2025-03-14 00:00:00+00:00, run_after=2025-03-15 00:00:00+00:00
[2025-03-15T07:28:15.261+0000] {logging_mixin.py:190} INFO - [2025-03-15T07:28:15.260+0000] {dag.py:4180} INFO - Setting next_dagrun for example_branch_datetime_operator_3 to 2025-03-14 00:00:00+00:00, run_after=2025-03-15 00:00:00+00:00
[2025-03-15T07:28:15.272+0000] {processor.py:208} INFO - Processing /home/airflow/.local/lib/python3.12/site-packages/airflow/example_dags/example_branch_datetime_operator.py took 0.063 seconds
[2025-03-15T07:28:45.756+0000] {processor.py:186} INFO - Started process (PID=2159) to work on /home/airflow/.local/lib/python3.12/site-packages/airflow/example_dags/example_branch_datetime_operator.py
[2025-03-15T07:28:45.758+0000] {processor.py:914} INFO - Processing file /home/airflow/.local/lib/python3.12/site-packages/airflow/example_dags/example_branch_datetime_operator.py for tasks to queue
[2025-03-15T07:28:45.759+0000] {logging_mixin.py:190} INFO - [2025-03-15T07:28:45.759+0000] {dagbag.py:588} INFO - Filling up the DagBag from /home/airflow/.local/lib/python3.12/site-packages/airflow/example_dags/example_branch_datetime_operator.py
[2025-03-15T07:28:45.766+0000] {processor.py:925} INFO - DAG(s) 'example_branch_datetime_operator_2', 'example_branch_datetime_operator', 'example_branch_datetime_operator_3' retrieved from /home/airflow/.local/lib/python3.12/site-packages/airflow/example_dags/example_branch_datetime_operator.py
[2025-03-15T07:28:45.780+0000] {logging_mixin.py:190} INFO - [2025-03-15T07:28:45.780+0000] {dag.py:3239} INFO - Sync 3 DAGs
[2025-03-15T07:28:45.795+0000] {logging_mixin.py:190} INFO - [2025-03-15T07:28:45.795+0000] {dag.py:4180} INFO - Setting next_dagrun for example_branch_datetime_operator to 2025-03-14 00:00:00+00:00, run_after=2025-03-15 00:00:00+00:00
[2025-03-15T07:28:45.800+0000] {logging_mixin.py:190} INFO - [2025-03-15T07:28:45.800+0000] {dag.py:4180} INFO - Setting next_dagrun for example_branch_datetime_operator_2 to 2025-03-14 00:00:00+00:00, run_after=2025-03-15 00:00:00+00:00
[2025-03-15T07:28:45.803+0000] {logging_mixin.py:190} INFO - [2025-03-15T07:28:45.803+0000] {dag.py:4180} INFO - Setting next_dagrun for example_branch_datetime_operator_3 to 2025-03-14 00:00:00+00:00, run_after=2025-03-15 00:00:00+00:00
[2025-03-15T07:28:45.819+0000] {processor.py:208} INFO - Processing /home/airflow/.local/lib/python3.12/site-packages/airflow/example_dags/example_branch_datetime_operator.py took 0.069 seconds
[2025-03-15T07:29:15.862+0000] {processor.py:186} INFO - Started process (PID=2223) to work on /home/airflow/.local/lib/python3.12/site-packages/airflow/example_dags/example_branch_datetime_operator.py
[2025-03-15T07:29:15.863+0000] {processor.py:914} INFO - Processing file /home/airflow/.local/lib/python3.12/site-packages/airflow/example_dags/example_branch_datetime_operator.py for tasks to queue
[2025-03-15T07:29:15.864+0000] {logging_mixin.py:190} INFO - [2025-03-15T07:29:15.864+0000] {dagbag.py:588} INFO - Filling up the DagBag from /home/airflow/.local/lib/python3.12/site-packages/airflow/example_dags/example_branch_datetime_operator.py
[2025-03-15T07:29:15.871+0000] {processor.py:925} INFO - DAG(s) 'example_branch_datetime_operator_3', 'example_branch_datetime_operator', 'example_branch_datetime_operator_2' retrieved from /home/airflow/.local/lib/python3.12/site-packages/airflow/example_dags/example_branch_datetime_operator.py
[2025-03-15T07:29:15.900+0000] {logging_mixin.py:190} INFO - [2025-03-15T07:29:15.900+0000] {dag.py:3239} INFO - Sync 3 DAGs
[2025-03-15T07:29:15.916+0000] {logging_mixin.py:190} INFO - [2025-03-15T07:29:15.916+0000] {dag.py:4180} INFO - Setting next_dagrun for example_branch_datetime_operator to 2025-03-14 00:00:00+00:00, run_after=2025-03-15 00:00:00+00:00
[2025-03-15T07:29:15.920+0000] {logging_mixin.py:190} INFO - [2025-03-15T07:29:15.920+0000] {dag.py:4180} INFO - Setting next_dagrun for example_branch_datetime_operator_2 to 2025-03-14 00:00:00+00:00, run_after=2025-03-15 00:00:00+00:00
[2025-03-15T07:29:15.921+0000] {logging_mixin.py:190} INFO - [2025-03-15T07:29:15.921+0000] {dag.py:4180} INFO - Setting next_dagrun for example_branch_datetime_operator_3 to 2025-03-14 00:00:00+00:00, run_after=2025-03-15 00:00:00+00:00
[2025-03-15T07:29:15.935+0000] {processor.py:208} INFO - Processing /home/airflow/.local/lib/python3.12/site-packages/airflow/example_dags/example_branch_datetime_operator.py took 0.076 seconds
[2025-03-15T07:29:46.303+0000] {processor.py:186} INFO - Started process (PID=2287) to work on /home/airflow/.local/lib/python3.12/site-packages/airflow/example_dags/example_branch_datetime_operator.py
[2025-03-15T07:29:46.303+0000] {processor.py:914} INFO - Processing file /home/airflow/.local/lib/python3.12/site-packages/airflow/example_dags/example_branch_datetime_operator.py for tasks to queue
[2025-03-15T07:29:46.305+0000] {logging_mixin.py:190} INFO - [2025-03-15T07:29:46.305+0000] {dagbag.py:588} INFO - Filling up the DagBag from /home/airflow/.local/lib/python3.12/site-packages/airflow/example_dags/example_branch_datetime_operator.py
[2025-03-15T07:29:46.314+0000] {processor.py:925} INFO - DAG(s) 'example_branch_datetime_operator', 'example_branch_datetime_operator_2', 'example_branch_datetime_operator_3' retrieved from /home/airflow/.local/lib/python3.12/site-packages/airflow/example_dags/example_branch_datetime_operator.py
[2025-03-15T07:29:46.335+0000] {logging_mixin.py:190} INFO - [2025-03-15T07:29:46.335+0000] {dag.py:3239} INFO - Sync 3 DAGs
[2025-03-15T07:29:46.354+0000] {logging_mixin.py:190} INFO - [2025-03-15T07:29:46.354+0000] {dag.py:4180} INFO - Setting next_dagrun for example_branch_datetime_operator to 2025-03-14 00:00:00+00:00, run_after=2025-03-15 00:00:00+00:00
[2025-03-15T07:29:46.357+0000] {logging_mixin.py:190} INFO - [2025-03-15T07:29:46.357+0000] {dag.py:4180} INFO - Setting next_dagrun for example_branch_datetime_operator_2 to 2025-03-14 00:00:00+00:00, run_after=2025-03-15 00:00:00+00:00
[2025-03-15T07:29:46.359+0000] {logging_mixin.py:190} INFO - [2025-03-15T07:29:46.359+0000] {dag.py:4180} INFO - Setting next_dagrun for example_branch_datetime_operator_3 to 2025-03-14 00:00:00+00:00, run_after=2025-03-15 00:00:00+00:00
[2025-03-15T07:29:46.372+0000] {processor.py:208} INFO - Processing /home/airflow/.local/lib/python3.12/site-packages/airflow/example_dags/example_branch_datetime_operator.py took 0.072 seconds
[2025-03-15T07:30:16.674+0000] {processor.py:186} INFO - Started process (PID=2351) to work on /home/airflow/.local/lib/python3.12/site-packages/airflow/example_dags/example_branch_datetime_operator.py
[2025-03-15T07:30:16.674+0000] {processor.py:914} INFO - Processing file /home/airflow/.local/lib/python3.12/site-packages/airflow/example_dags/example_branch_datetime_operator.py for tasks to queue
[2025-03-15T07:30:16.676+0000] {logging_mixin.py:190} INFO - [2025-03-15T07:30:16.676+0000] {dagbag.py:588} INFO - Filling up the DagBag from /home/airflow/.local/lib/python3.12/site-packages/airflow/example_dags/example_branch_datetime_operator.py
[2025-03-15T07:30:16.686+0000] {processor.py:925} INFO - DAG(s) 'example_branch_datetime_operator_3', 'example_branch_datetime_operator', 'example_branch_datetime_operator_2' retrieved from /home/airflow/.local/lib/python3.12/site-packages/airflow/example_dags/example_branch_datetime_operator.py
[2025-03-15T07:30:16.704+0000] {logging_mixin.py:190} INFO - [2025-03-15T07:30:16.703+0000] {dag.py:3239} INFO - Sync 3 DAGs
[2025-03-15T07:30:16.721+0000] {logging_mixin.py:190} INFO - [2025-03-15T07:30:16.721+0000] {dag.py:4180} INFO - Setting next_dagrun for example_branch_datetime_operator to 2025-03-14 00:00:00+00:00, run_after=2025-03-15 00:00:00+00:00
[2025-03-15T07:30:16.726+0000] {logging_mixin.py:190} INFO - [2025-03-15T07:30:16.726+0000] {dag.py:4180} INFO - Setting next_dagrun for example_branch_datetime_operator_2 to 2025-03-14 00:00:00+00:00, run_after=2025-03-15 00:00:00+00:00
[2025-03-15T07:30:16.728+0000] {logging_mixin.py:190} INFO - [2025-03-15T07:30:16.728+0000] {dag.py:4180} INFO - Setting next_dagrun for example_branch_datetime_operator_3 to 2025-03-14 00:00:00+00:00, run_after=2025-03-15 00:00:00+00:00
[2025-03-15T07:30:16.743+0000] {processor.py:208} INFO - Processing /home/airflow/.local/lib/python3.12/site-packages/airflow/example_dags/example_branch_datetime_operator.py took 0.072 seconds
[2025-03-15T07:30:46.908+0000] {processor.py:186} INFO - Started process (PID=2415) to work on /home/airflow/.local/lib/python3.12/site-packages/airflow/example_dags/example_branch_datetime_operator.py
[2025-03-15T07:30:46.913+0000] {processor.py:914} INFO - Processing file /home/airflow/.local/lib/python3.12/site-packages/airflow/example_dags/example_branch_datetime_operator.py for tasks to queue
[2025-03-15T07:30:46.914+0000] {logging_mixin.py:190} INFO - [2025-03-15T07:30:46.914+0000] {dagbag.py:588} INFO - Filling up the DagBag from /home/airflow/.local/lib/python3.12/site-packages/airflow/example_dags/example_branch_datetime_operator.py
[2025-03-15T07:30:46.924+0000] {processor.py:925} INFO - DAG(s) 'example_branch_datetime_operator_2', 'example_branch_datetime_operator', 'example_branch_datetime_operator_3' retrieved from /home/airflow/.local/lib/python3.12/site-packages/airflow/example_dags/example_branch_datetime_operator.py
[2025-03-15T07:30:46.947+0000] {logging_mixin.py:190} INFO - [2025-03-15T07:30:46.946+0000] {dag.py:3239} INFO - Sync 3 DAGs
[2025-03-15T07:30:46.962+0000] {logging_mixin.py:190} INFO - [2025-03-15T07:30:46.962+0000] {dag.py:4180} INFO - Setting next_dagrun for example_branch_datetime_operator to 2025-03-14 00:00:00+00:00, run_after=2025-03-15 00:00:00+00:00
[2025-03-15T07:30:46.967+0000] {logging_mixin.py:190} INFO - [2025-03-15T07:30:46.966+0000] {dag.py:4180} INFO - Setting next_dagrun for example_branch_datetime_operator_2 to 2025-03-14 00:00:00+00:00, run_after=2025-03-15 00:00:00+00:00
[2025-03-15T07:30:46.969+0000] {logging_mixin.py:190} INFO - [2025-03-15T07:30:46.969+0000] {dag.py:4180} INFO - Setting next_dagrun for example_branch_datetime_operator_3 to 2025-03-14 00:00:00+00:00, run_after=2025-03-15 00:00:00+00:00
[2025-03-15T07:30:46.979+0000] {processor.py:208} INFO - Processing /home/airflow/.local/lib/python3.12/site-packages/airflow/example_dags/example_branch_datetime_operator.py took 0.075 seconds
[2025-03-15T07:31:17.016+0000] {processor.py:186} INFO - Started process (PID=2479) to work on /home/airflow/.local/lib/python3.12/site-packages/airflow/example_dags/example_branch_datetime_operator.py
[2025-03-15T07:31:17.016+0000] {processor.py:914} INFO - Processing file /home/airflow/.local/lib/python3.12/site-packages/airflow/example_dags/example_branch_datetime_operator.py for tasks to queue
[2025-03-15T07:31:17.017+0000] {logging_mixin.py:190} INFO - [2025-03-15T07:31:17.017+0000] {dagbag.py:588} INFO - Filling up the DagBag from /home/airflow/.local/lib/python3.12/site-packages/airflow/example_dags/example_branch_datetime_operator.py
[2025-03-15T07:31:17.023+0000] {processor.py:925} INFO - DAG(s) 'example_branch_datetime_operator_3', 'example_branch_datetime_operator', 'example_branch_datetime_operator_2' retrieved from /home/airflow/.local/lib/python3.12/site-packages/airflow/example_dags/example_branch_datetime_operator.py
[2025-03-15T07:31:17.037+0000] {logging_mixin.py:190} INFO - [2025-03-15T07:31:17.037+0000] {dag.py:3239} INFO - Sync 3 DAGs
[2025-03-15T07:31:17.048+0000] {logging_mixin.py:190} INFO - [2025-03-15T07:31:17.048+0000] {dag.py:4180} INFO - Setting next_dagrun for example_branch_datetime_operator to 2025-03-14 00:00:00+00:00, run_after=2025-03-15 00:00:00+00:00
[2025-03-15T07:31:17.051+0000] {logging_mixin.py:190} INFO - [2025-03-15T07:31:17.051+0000] {dag.py:4180} INFO - Setting next_dagrun for example_branch_datetime_operator_2 to 2025-03-14 00:00:00+00:00, run_after=2025-03-15 00:00:00+00:00
[2025-03-15T07:31:17.052+0000] {logging_mixin.py:190} INFO - [2025-03-15T07:31:17.052+0000] {dag.py:4180} INFO - Setting next_dagrun for example_branch_datetime_operator_3 to 2025-03-14 00:00:00+00:00, run_after=2025-03-15 00:00:00+00:00
[2025-03-15T07:31:17.059+0000] {processor.py:208} INFO - Processing /home/airflow/.local/lib/python3.12/site-packages/airflow/example_dags/example_branch_datetime_operator.py took 0.047 seconds
[2025-03-15T07:31:47.530+0000] {processor.py:186} INFO - Started process (PID=2543) to work on /home/airflow/.local/lib/python3.12/site-packages/airflow/example_dags/example_branch_datetime_operator.py
[2025-03-15T07:31:47.530+0000] {processor.py:914} INFO - Processing file /home/airflow/.local/lib/python3.12/site-packages/airflow/example_dags/example_branch_datetime_operator.py for tasks to queue
[2025-03-15T07:31:47.531+0000] {logging_mixin.py:190} INFO - [2025-03-15T07:31:47.531+0000] {dagbag.py:588} INFO - Filling up the DagBag from /home/airflow/.local/lib/python3.12/site-packages/airflow/example_dags/example_branch_datetime_operator.py
[2025-03-15T07:31:47.537+0000] {processor.py:925} INFO - DAG(s) 'example_branch_datetime_operator', 'example_branch_datetime_operator_3', 'example_branch_datetime_operator_2' retrieved from /home/airflow/.local/lib/python3.12/site-packages/airflow/example_dags/example_branch_datetime_operator.py
[2025-03-15T07:31:47.552+0000] {logging_mixin.py:190} INFO - [2025-03-15T07:31:47.551+0000] {dag.py:3239} INFO - Sync 3 DAGs
[2025-03-15T07:31:47.563+0000] {logging_mixin.py:190} INFO - [2025-03-15T07:31:47.563+0000] {dag.py:4180} INFO - Setting next_dagrun for example_branch_datetime_operator to 2025-03-14 00:00:00+00:00, run_after=2025-03-15 00:00:00+00:00
[2025-03-15T07:31:47.565+0000] {logging_mixin.py:190} INFO - [2025-03-15T07:31:47.565+0000] {dag.py:4180} INFO - Setting next_dagrun for example_branch_datetime_operator_2 to 2025-03-14 00:00:00+00:00, run_after=2025-03-15 00:00:00+00:00
[2025-03-15T07:31:47.567+0000] {logging_mixin.py:190} INFO - [2025-03-15T07:31:47.566+0000] {dag.py:4180} INFO - Setting next_dagrun for example_branch_datetime_operator_3 to 2025-03-14 00:00:00+00:00, run_after=2025-03-15 00:00:00+00:00
[2025-03-15T07:31:47.574+0000] {processor.py:208} INFO - Processing /home/airflow/.local/lib/python3.12/site-packages/airflow/example_dags/example_branch_datetime_operator.py took 0.050 seconds
[2025-03-15T07:32:17.792+0000] {processor.py:186} INFO - Started process (PID=2607) to work on /home/airflow/.local/lib/python3.12/site-packages/airflow/example_dags/example_branch_datetime_operator.py
[2025-03-15T07:32:17.793+0000] {processor.py:914} INFO - Processing file /home/airflow/.local/lib/python3.12/site-packages/airflow/example_dags/example_branch_datetime_operator.py for tasks to queue
[2025-03-15T07:32:17.794+0000] {logging_mixin.py:190} INFO - [2025-03-15T07:32:17.794+0000] {dagbag.py:588} INFO - Filling up the DagBag from /home/airflow/.local/lib/python3.12/site-packages/airflow/example_dags/example_branch_datetime_operator.py
[2025-03-15T07:32:17.801+0000] {processor.py:925} INFO - DAG(s) 'example_branch_datetime_operator_3', 'example_branch_datetime_operator_2', 'example_branch_datetime_operator' retrieved from /home/airflow/.local/lib/python3.12/site-packages/airflow/example_dags/example_branch_datetime_operator.py
[2025-03-15T07:32:17.818+0000] {logging_mixin.py:190} INFO - [2025-03-15T07:32:17.818+0000] {dag.py:3239} INFO - Sync 3 DAGs
[2025-03-15T07:32:17.832+0000] {logging_mixin.py:190} INFO - [2025-03-15T07:32:17.832+0000] {dag.py:4180} INFO - Setting next_dagrun for example_branch_datetime_operator to 2025-03-14 00:00:00+00:00, run_after=2025-03-15 00:00:00+00:00
[2025-03-15T07:32:17.836+0000] {logging_mixin.py:190} INFO - [2025-03-15T07:32:17.836+0000] {dag.py:4180} INFO - Setting next_dagrun for example_branch_datetime_operator_2 to 2025-03-14 00:00:00+00:00, run_after=2025-03-15 00:00:00+00:00
[2025-03-15T07:32:17.840+0000] {logging_mixin.py:190} INFO - [2025-03-15T07:32:17.840+0000] {dag.py:4180} INFO - Setting next_dagrun for example_branch_datetime_operator_3 to 2025-03-14 00:00:00+00:00, run_after=2025-03-15 00:00:00+00:00
[2025-03-15T07:32:17.851+0000] {processor.py:208} INFO - Processing /home/airflow/.local/lib/python3.12/site-packages/airflow/example_dags/example_branch_datetime_operator.py took 0.063 seconds
