[2025-03-15T07:12:00.538+0000] {processor.py:186} INFO - Started process (PID=97) to work on /home/airflow/.local/lib/python3.12/site-packages/airflow/example_dags/example_latest_only_with_trigger.py
[2025-03-15T07:12:00.538+0000] {processor.py:914} INFO - Processing file /home/airflow/.local/lib/python3.12/site-packages/airflow/example_dags/example_latest_only_with_trigger.py for tasks to queue
[2025-03-15T07:12:00.540+0000] {logging_mixin.py:190} INFO - [2025-03-15T07:12:00.540+0000] {dagbag.py:588} INFO - Filling up the DagBag from /home/airflow/.local/lib/python3.12/site-packages/airflow/example_dags/example_latest_only_with_trigger.py
[2025-03-15T07:12:00.546+0000] {processor.py:925} INFO - DAG(s) 'latest_only_with_trigger' retrieved from /home/airflow/.local/lib/python3.12/site-packages/airflow/example_dags/example_latest_only_with_trigger.py
[2025-03-15T07:12:00.564+0000] {logging_mixin.py:190} INFO - [2025-03-15T07:12:00.564+0000] {dag.py:3239} INFO - Sync 1 DAGs
[2025-03-15T07:12:00.579+0000] {logging_mixin.py:190} INFO - [2025-03-15T07:12:00.579+0000] {dag.py:4180} INFO - Setting next_dagrun for latest_only_with_trigger to 2025-03-15 00:00:00+00:00, run_after=2025-03-15 04:00:00+00:00
[2025-03-15T07:12:00.591+0000] {processor.py:208} INFO - Processing /home/airflow/.local/lib/python3.12/site-packages/airflow/example_dags/example_latest_only_with_trigger.py took 0.056 seconds
[2025-03-15T07:12:30.957+0000] {processor.py:186} INFO - Started process (PID=159) to work on /home/airflow/.local/lib/python3.12/site-packages/airflow/example_dags/example_latest_only_with_trigger.py
[2025-03-15T07:12:30.958+0000] {processor.py:914} INFO - Processing file /home/airflow/.local/lib/python3.12/site-packages/airflow/example_dags/example_latest_only_with_trigger.py for tasks to queue
[2025-03-15T07:12:30.959+0000] {logging_mixin.py:190} INFO - [2025-03-15T07:12:30.959+0000] {dagbag.py:588} INFO - Filling up the DagBag from /home/airflow/.local/lib/python3.12/site-packages/airflow/example_dags/example_latest_only_with_trigger.py
[2025-03-15T07:12:30.964+0000] {processor.py:925} INFO - DAG(s) 'latest_only_with_trigger' retrieved from /home/airflow/.local/lib/python3.12/site-packages/airflow/example_dags/example_latest_only_with_trigger.py
[2025-03-15T07:12:30.980+0000] {logging_mixin.py:190} INFO - [2025-03-15T07:12:30.980+0000] {dag.py:3239} INFO - Sync 1 DAGs
[2025-03-15T07:12:30.992+0000] {logging_mixin.py:190} INFO - [2025-03-15T07:12:30.992+0000] {dag.py:4180} INFO - Setting next_dagrun for latest_only_with_trigger to 2025-03-15 00:00:00+00:00, run_after=2025-03-15 04:00:00+00:00
[2025-03-15T07:12:31.005+0000] {processor.py:208} INFO - Processing /home/airflow/.local/lib/python3.12/site-packages/airflow/example_dags/example_latest_only_with_trigger.py took 0.051 seconds
[2025-03-15T07:13:01.202+0000] {processor.py:186} INFO - Started process (PID=222) to work on /home/airflow/.local/lib/python3.12/site-packages/airflow/example_dags/example_latest_only_with_trigger.py
[2025-03-15T07:13:01.202+0000] {processor.py:914} INFO - Processing file /home/airflow/.local/lib/python3.12/site-packages/airflow/example_dags/example_latest_only_with_trigger.py for tasks to queue
[2025-03-15T07:13:01.204+0000] {logging_mixin.py:190} INFO - [2025-03-15T07:13:01.203+0000] {dagbag.py:588} INFO - Filling up the DagBag from /home/airflow/.local/lib/python3.12/site-packages/airflow/example_dags/example_latest_only_with_trigger.py
[2025-03-15T07:13:01.208+0000] {processor.py:925} INFO - DAG(s) 'latest_only_with_trigger' retrieved from /home/airflow/.local/lib/python3.12/site-packages/airflow/example_dags/example_latest_only_with_trigger.py
[2025-03-15T07:13:01.219+0000] {logging_mixin.py:190} INFO - [2025-03-15T07:13:01.219+0000] {dag.py:3239} INFO - Sync 1 DAGs
[2025-03-15T07:13:01.231+0000] {logging_mixin.py:190} INFO - [2025-03-15T07:13:01.231+0000] {dag.py:4180} INFO - Setting next_dagrun for latest_only_with_trigger to 2025-03-15 00:00:00+00:00, run_after=2025-03-15 04:00:00+00:00
[2025-03-15T07:13:01.241+0000] {processor.py:208} INFO - Processing /home/airflow/.local/lib/python3.12/site-packages/airflow/example_dags/example_latest_only_with_trigger.py took 0.042 seconds
[2025-03-15T07:13:32.446+0000] {processor.py:186} INFO - Started process (PID=285) to work on /home/airflow/.local/lib/python3.12/site-packages/airflow/example_dags/example_latest_only_with_trigger.py
[2025-03-15T07:13:32.447+0000] {processor.py:914} INFO - Processing file /home/airflow/.local/lib/python3.12/site-packages/airflow/example_dags/example_latest_only_with_trigger.py for tasks to queue
[2025-03-15T07:13:32.448+0000] {logging_mixin.py:190} INFO - [2025-03-15T07:13:32.447+0000] {dagbag.py:588} INFO - Filling up the DagBag from /home/airflow/.local/lib/python3.12/site-packages/airflow/example_dags/example_latest_only_with_trigger.py
[2025-03-15T07:13:32.452+0000] {processor.py:925} INFO - DAG(s) 'latest_only_with_trigger' retrieved from /home/airflow/.local/lib/python3.12/site-packages/airflow/example_dags/example_latest_only_with_trigger.py
[2025-03-15T07:13:32.463+0000] {logging_mixin.py:190} INFO - [2025-03-15T07:13:32.463+0000] {dag.py:3239} INFO - Sync 1 DAGs
[2025-03-15T07:13:32.477+0000] {logging_mixin.py:190} INFO - [2025-03-15T07:13:32.477+0000] {dag.py:4180} INFO - Setting next_dagrun for latest_only_with_trigger to 2025-03-15 00:00:00+00:00, run_after=2025-03-15 04:00:00+00:00
[2025-03-15T07:13:32.490+0000] {processor.py:208} INFO - Processing /home/airflow/.local/lib/python3.12/site-packages/airflow/example_dags/example_latest_only_with_trigger.py took 0.048 seconds
[2025-03-15T07:14:02.980+0000] {processor.py:186} INFO - Started process (PID=348) to work on /home/airflow/.local/lib/python3.12/site-packages/airflow/example_dags/example_latest_only_with_trigger.py
[2025-03-15T07:14:02.981+0000] {processor.py:914} INFO - Processing file /home/airflow/.local/lib/python3.12/site-packages/airflow/example_dags/example_latest_only_with_trigger.py for tasks to queue
[2025-03-15T07:14:02.982+0000] {logging_mixin.py:190} INFO - [2025-03-15T07:14:02.982+0000] {dagbag.py:588} INFO - Filling up the DagBag from /home/airflow/.local/lib/python3.12/site-packages/airflow/example_dags/example_latest_only_with_trigger.py
[2025-03-15T07:14:02.986+0000] {processor.py:925} INFO - DAG(s) 'latest_only_with_trigger' retrieved from /home/airflow/.local/lib/python3.12/site-packages/airflow/example_dags/example_latest_only_with_trigger.py
[2025-03-15T07:14:02.997+0000] {logging_mixin.py:190} INFO - [2025-03-15T07:14:02.996+0000] {dag.py:3239} INFO - Sync 1 DAGs
[2025-03-15T07:14:03.011+0000] {logging_mixin.py:190} INFO - [2025-03-15T07:14:03.011+0000] {dag.py:4180} INFO - Setting next_dagrun for latest_only_with_trigger to 2025-03-15 00:00:00+00:00, run_after=2025-03-15 04:00:00+00:00
[2025-03-15T07:14:03.025+0000] {processor.py:208} INFO - Processing /home/airflow/.local/lib/python3.12/site-packages/airflow/example_dags/example_latest_only_with_trigger.py took 0.049 seconds
[2025-03-15T07:14:34.484+0000] {processor.py:186} INFO - Started process (PID=411) to work on /home/airflow/.local/lib/python3.12/site-packages/airflow/example_dags/example_latest_only_with_trigger.py
[2025-03-15T07:14:34.485+0000] {processor.py:914} INFO - Processing file /home/airflow/.local/lib/python3.12/site-packages/airflow/example_dags/example_latest_only_with_trigger.py for tasks to queue
[2025-03-15T07:14:34.486+0000] {logging_mixin.py:190} INFO - [2025-03-15T07:14:34.486+0000] {dagbag.py:588} INFO - Filling up the DagBag from /home/airflow/.local/lib/python3.12/site-packages/airflow/example_dags/example_latest_only_with_trigger.py
[2025-03-15T07:14:34.491+0000] {processor.py:925} INFO - DAG(s) 'latest_only_with_trigger' retrieved from /home/airflow/.local/lib/python3.12/site-packages/airflow/example_dags/example_latest_only_with_trigger.py
[2025-03-15T07:14:34.504+0000] {logging_mixin.py:190} INFO - [2025-03-15T07:14:34.504+0000] {dag.py:3239} INFO - Sync 1 DAGs
[2025-03-15T07:14:34.518+0000] {logging_mixin.py:190} INFO - [2025-03-15T07:14:34.518+0000] {dag.py:4180} INFO - Setting next_dagrun for latest_only_with_trigger to 2025-03-15 00:00:00+00:00, run_after=2025-03-15 04:00:00+00:00
[2025-03-15T07:14:34.535+0000] {processor.py:208} INFO - Processing /home/airflow/.local/lib/python3.12/site-packages/airflow/example_dags/example_latest_only_with_trigger.py took 0.054 seconds
[2025-03-15T07:15:05.651+0000] {processor.py:186} INFO - Started process (PID=474) to work on /home/airflow/.local/lib/python3.12/site-packages/airflow/example_dags/example_latest_only_with_trigger.py
[2025-03-15T07:15:05.652+0000] {processor.py:914} INFO - Processing file /home/airflow/.local/lib/python3.12/site-packages/airflow/example_dags/example_latest_only_with_trigger.py for tasks to queue
[2025-03-15T07:15:05.655+0000] {logging_mixin.py:190} INFO - [2025-03-15T07:15:05.654+0000] {dagbag.py:588} INFO - Filling up the DagBag from /home/airflow/.local/lib/python3.12/site-packages/airflow/example_dags/example_latest_only_with_trigger.py
[2025-03-15T07:15:05.659+0000] {processor.py:925} INFO - DAG(s) 'latest_only_with_trigger' retrieved from /home/airflow/.local/lib/python3.12/site-packages/airflow/example_dags/example_latest_only_with_trigger.py
[2025-03-15T07:15:05.674+0000] {logging_mixin.py:190} INFO - [2025-03-15T07:15:05.673+0000] {dag.py:3239} INFO - Sync 1 DAGs
[2025-03-15T07:15:05.685+0000] {logging_mixin.py:190} INFO - [2025-03-15T07:15:05.685+0000] {dag.py:4180} INFO - Setting next_dagrun for latest_only_with_trigger to 2025-03-15 00:00:00+00:00, run_after=2025-03-15 04:00:00+00:00
[2025-03-15T07:15:05.729+0000] {processor.py:208} INFO - Processing /home/airflow/.local/lib/python3.12/site-packages/airflow/example_dags/example_latest_only_with_trigger.py took 0.081 seconds
[2025-03-15T07:15:36.562+0000] {processor.py:186} INFO - Started process (PID=537) to work on /home/airflow/.local/lib/python3.12/site-packages/airflow/example_dags/example_latest_only_with_trigger.py
[2025-03-15T07:15:36.563+0000] {processor.py:914} INFO - Processing file /home/airflow/.local/lib/python3.12/site-packages/airflow/example_dags/example_latest_only_with_trigger.py for tasks to queue
[2025-03-15T07:15:36.565+0000] {logging_mixin.py:190} INFO - [2025-03-15T07:15:36.565+0000] {dagbag.py:588} INFO - Filling up the DagBag from /home/airflow/.local/lib/python3.12/site-packages/airflow/example_dags/example_latest_only_with_trigger.py
[2025-03-15T07:15:36.570+0000] {processor.py:925} INFO - DAG(s) 'latest_only_with_trigger' retrieved from /home/airflow/.local/lib/python3.12/site-packages/airflow/example_dags/example_latest_only_with_trigger.py
[2025-03-15T07:15:36.589+0000] {logging_mixin.py:190} INFO - [2025-03-15T07:15:36.589+0000] {dag.py:3239} INFO - Sync 1 DAGs
[2025-03-15T07:15:36.603+0000] {logging_mixin.py:190} INFO - [2025-03-15T07:15:36.603+0000] {dag.py:4180} INFO - Setting next_dagrun for latest_only_with_trigger to 2025-03-15 00:00:00+00:00, run_after=2025-03-15 04:00:00+00:00
[2025-03-15T07:15:36.615+0000] {processor.py:208} INFO - Processing /home/airflow/.local/lib/python3.12/site-packages/airflow/example_dags/example_latest_only_with_trigger.py took 0.056 seconds
[2025-03-15T07:16:07.485+0000] {processor.py:186} INFO - Started process (PID=600) to work on /home/airflow/.local/lib/python3.12/site-packages/airflow/example_dags/example_latest_only_with_trigger.py
[2025-03-15T07:16:07.486+0000] {processor.py:914} INFO - Processing file /home/airflow/.local/lib/python3.12/site-packages/airflow/example_dags/example_latest_only_with_trigger.py for tasks to queue
[2025-03-15T07:16:07.487+0000] {logging_mixin.py:190} INFO - [2025-03-15T07:16:07.487+0000] {dagbag.py:588} INFO - Filling up the DagBag from /home/airflow/.local/lib/python3.12/site-packages/airflow/example_dags/example_latest_only_with_trigger.py
[2025-03-15T07:16:07.492+0000] {processor.py:925} INFO - DAG(s) 'latest_only_with_trigger' retrieved from /home/airflow/.local/lib/python3.12/site-packages/airflow/example_dags/example_latest_only_with_trigger.py
[2025-03-15T07:16:07.504+0000] {logging_mixin.py:190} INFO - [2025-03-15T07:16:07.504+0000] {dag.py:3239} INFO - Sync 1 DAGs
[2025-03-15T07:16:07.518+0000] {logging_mixin.py:190} INFO - [2025-03-15T07:16:07.517+0000] {dag.py:4180} INFO - Setting next_dagrun for latest_only_with_trigger to 2025-03-15 00:00:00+00:00, run_after=2025-03-15 04:00:00+00:00
[2025-03-15T07:16:07.527+0000] {processor.py:208} INFO - Processing /home/airflow/.local/lib/python3.12/site-packages/airflow/example_dags/example_latest_only_with_trigger.py took 0.046 seconds
[2025-03-15T07:16:38.330+0000] {processor.py:186} INFO - Started process (PID=662) to work on /home/airflow/.local/lib/python3.12/site-packages/airflow/example_dags/example_latest_only_with_trigger.py
[2025-03-15T07:16:38.331+0000] {processor.py:914} INFO - Processing file /home/airflow/.local/lib/python3.12/site-packages/airflow/example_dags/example_latest_only_with_trigger.py for tasks to queue
[2025-03-15T07:16:38.332+0000] {logging_mixin.py:190} INFO - [2025-03-15T07:16:38.332+0000] {dagbag.py:588} INFO - Filling up the DagBag from /home/airflow/.local/lib/python3.12/site-packages/airflow/example_dags/example_latest_only_with_trigger.py
[2025-03-15T07:16:38.336+0000] {processor.py:925} INFO - DAG(s) 'latest_only_with_trigger' retrieved from /home/airflow/.local/lib/python3.12/site-packages/airflow/example_dags/example_latest_only_with_trigger.py
[2025-03-15T07:16:38.351+0000] {logging_mixin.py:190} INFO - [2025-03-15T07:16:38.351+0000] {dag.py:3239} INFO - Sync 1 DAGs
[2025-03-15T07:16:38.364+0000] {logging_mixin.py:190} INFO - [2025-03-15T07:16:38.364+0000] {dag.py:4180} INFO - Setting next_dagrun for latest_only_with_trigger to 2025-03-15 00:00:00+00:00, run_after=2025-03-15 04:00:00+00:00
[2025-03-15T07:16:38.377+0000] {processor.py:208} INFO - Processing /home/airflow/.local/lib/python3.12/site-packages/airflow/example_dags/example_latest_only_with_trigger.py took 0.051 seconds
[2025-03-15T07:17:09.366+0000] {processor.py:186} INFO - Started process (PID=725) to work on /home/airflow/.local/lib/python3.12/site-packages/airflow/example_dags/example_latest_only_with_trigger.py
[2025-03-15T07:17:09.367+0000] {processor.py:914} INFO - Processing file /home/airflow/.local/lib/python3.12/site-packages/airflow/example_dags/example_latest_only_with_trigger.py for tasks to queue
[2025-03-15T07:17:09.368+0000] {logging_mixin.py:190} INFO - [2025-03-15T07:17:09.367+0000] {dagbag.py:588} INFO - Filling up the DagBag from /home/airflow/.local/lib/python3.12/site-packages/airflow/example_dags/example_latest_only_with_trigger.py
[2025-03-15T07:17:09.372+0000] {processor.py:925} INFO - DAG(s) 'latest_only_with_trigger' retrieved from /home/airflow/.local/lib/python3.12/site-packages/airflow/example_dags/example_latest_only_with_trigger.py
[2025-03-15T07:17:09.386+0000] {logging_mixin.py:190} INFO - [2025-03-15T07:17:09.386+0000] {dag.py:3239} INFO - Sync 1 DAGs
[2025-03-15T07:17:09.398+0000] {logging_mixin.py:190} INFO - [2025-03-15T07:17:09.397+0000] {dag.py:4180} INFO - Setting next_dagrun for latest_only_with_trigger to 2025-03-15 00:00:00+00:00, run_after=2025-03-15 04:00:00+00:00
[2025-03-15T07:17:09.408+0000] {processor.py:208} INFO - Processing /home/airflow/.local/lib/python3.12/site-packages/airflow/example_dags/example_latest_only_with_trigger.py took 0.045 seconds
[2025-03-15T07:17:40.883+0000] {processor.py:186} INFO - Started process (PID=788) to work on /home/airflow/.local/lib/python3.12/site-packages/airflow/example_dags/example_latest_only_with_trigger.py
[2025-03-15T07:17:40.884+0000] {processor.py:914} INFO - Processing file /home/airflow/.local/lib/python3.12/site-packages/airflow/example_dags/example_latest_only_with_trigger.py for tasks to queue
[2025-03-15T07:17:40.885+0000] {logging_mixin.py:190} INFO - [2025-03-15T07:17:40.885+0000] {dagbag.py:588} INFO - Filling up the DagBag from /home/airflow/.local/lib/python3.12/site-packages/airflow/example_dags/example_latest_only_with_trigger.py
[2025-03-15T07:17:40.889+0000] {processor.py:925} INFO - DAG(s) 'latest_only_with_trigger' retrieved from /home/airflow/.local/lib/python3.12/site-packages/airflow/example_dags/example_latest_only_with_trigger.py
[2025-03-15T07:17:40.904+0000] {logging_mixin.py:190} INFO - [2025-03-15T07:17:40.904+0000] {dag.py:3239} INFO - Sync 1 DAGs
[2025-03-15T07:17:40.934+0000] {logging_mixin.py:190} INFO - [2025-03-15T07:17:40.934+0000] {dag.py:4180} INFO - Setting next_dagrun for latest_only_with_trigger to 2025-03-15 00:00:00+00:00, run_after=2025-03-15 04:00:00+00:00
[2025-03-15T07:17:40.978+0000] {processor.py:208} INFO - Processing /home/airflow/.local/lib/python3.12/site-packages/airflow/example_dags/example_latest_only_with_trigger.py took 0.098 seconds
[2025-03-15T07:18:12.052+0000] {processor.py:186} INFO - Started process (PID=851) to work on /home/airflow/.local/lib/python3.12/site-packages/airflow/example_dags/example_latest_only_with_trigger.py
[2025-03-15T07:18:12.052+0000] {processor.py:914} INFO - Processing file /home/airflow/.local/lib/python3.12/site-packages/airflow/example_dags/example_latest_only_with_trigger.py for tasks to queue
[2025-03-15T07:18:12.053+0000] {logging_mixin.py:190} INFO - [2025-03-15T07:18:12.053+0000] {dagbag.py:588} INFO - Filling up the DagBag from /home/airflow/.local/lib/python3.12/site-packages/airflow/example_dags/example_latest_only_with_trigger.py
[2025-03-15T07:18:12.057+0000] {processor.py:925} INFO - DAG(s) 'latest_only_with_trigger' retrieved from /home/airflow/.local/lib/python3.12/site-packages/airflow/example_dags/example_latest_only_with_trigger.py
[2025-03-15T07:18:12.073+0000] {logging_mixin.py:190} INFO - [2025-03-15T07:18:12.072+0000] {dag.py:3239} INFO - Sync 1 DAGs
[2025-03-15T07:18:12.086+0000] {logging_mixin.py:190} INFO - [2025-03-15T07:18:12.085+0000] {dag.py:4180} INFO - Setting next_dagrun for latest_only_with_trigger to 2025-03-15 00:00:00+00:00, run_after=2025-03-15 04:00:00+00:00
[2025-03-15T07:18:12.098+0000] {processor.py:208} INFO - Processing /home/airflow/.local/lib/python3.12/site-packages/airflow/example_dags/example_latest_only_with_trigger.py took 0.049 seconds
[2025-03-15T07:18:43.529+0000] {processor.py:186} INFO - Started process (PID=922) to work on /home/airflow/.local/lib/python3.12/site-packages/airflow/example_dags/example_latest_only_with_trigger.py
[2025-03-15T07:18:43.529+0000] {processor.py:914} INFO - Processing file /home/airflow/.local/lib/python3.12/site-packages/airflow/example_dags/example_latest_only_with_trigger.py for tasks to queue
[2025-03-15T07:18:43.531+0000] {logging_mixin.py:190} INFO - [2025-03-15T07:18:43.530+0000] {dagbag.py:588} INFO - Filling up the DagBag from /home/airflow/.local/lib/python3.12/site-packages/airflow/example_dags/example_latest_only_with_trigger.py
[2025-03-15T07:18:43.535+0000] {processor.py:925} INFO - DAG(s) 'latest_only_with_trigger' retrieved from /home/airflow/.local/lib/python3.12/site-packages/airflow/example_dags/example_latest_only_with_trigger.py
[2025-03-15T07:18:43.546+0000] {logging_mixin.py:190} INFO - [2025-03-15T07:18:43.546+0000] {dag.py:3239} INFO - Sync 1 DAGs
[2025-03-15T07:18:43.558+0000] {logging_mixin.py:190} INFO - [2025-03-15T07:18:43.558+0000] {dag.py:4180} INFO - Setting next_dagrun for latest_only_with_trigger to 2025-03-15 00:00:00+00:00, run_after=2025-03-15 04:00:00+00:00
[2025-03-15T07:18:43.569+0000] {processor.py:208} INFO - Processing /home/airflow/.local/lib/python3.12/site-packages/airflow/example_dags/example_latest_only_with_trigger.py took 0.043 seconds
[2025-03-15T07:19:14.352+0000] {processor.py:186} INFO - Started process (PID=985) to work on /home/airflow/.local/lib/python3.12/site-packages/airflow/example_dags/example_latest_only_with_trigger.py
[2025-03-15T07:19:14.354+0000] {processor.py:914} INFO - Processing file /home/airflow/.local/lib/python3.12/site-packages/airflow/example_dags/example_latest_only_with_trigger.py for tasks to queue
[2025-03-15T07:19:14.356+0000] {logging_mixin.py:190} INFO - [2025-03-15T07:19:14.355+0000] {dagbag.py:588} INFO - Filling up the DagBag from /home/airflow/.local/lib/python3.12/site-packages/airflow/example_dags/example_latest_only_with_trigger.py
[2025-03-15T07:19:14.359+0000] {processor.py:925} INFO - DAG(s) 'latest_only_with_trigger' retrieved from /home/airflow/.local/lib/python3.12/site-packages/airflow/example_dags/example_latest_only_with_trigger.py
[2025-03-15T07:19:14.373+0000] {logging_mixin.py:190} INFO - [2025-03-15T07:19:14.373+0000] {dag.py:3239} INFO - Sync 1 DAGs
[2025-03-15T07:19:14.387+0000] {logging_mixin.py:190} INFO - [2025-03-15T07:19:14.386+0000] {dag.py:4180} INFO - Setting next_dagrun for latest_only_with_trigger to 2025-03-15 00:00:00+00:00, run_after=2025-03-15 04:00:00+00:00
[2025-03-15T07:19:14.399+0000] {processor.py:208} INFO - Processing /home/airflow/.local/lib/python3.12/site-packages/airflow/example_dags/example_latest_only_with_trigger.py took 0.051 seconds
[2025-03-15T07:19:45.571+0000] {processor.py:186} INFO - Started process (PID=1048) to work on /home/airflow/.local/lib/python3.12/site-packages/airflow/example_dags/example_latest_only_with_trigger.py
[2025-03-15T07:19:45.571+0000] {processor.py:914} INFO - Processing file /home/airflow/.local/lib/python3.12/site-packages/airflow/example_dags/example_latest_only_with_trigger.py for tasks to queue
[2025-03-15T07:19:45.573+0000] {logging_mixin.py:190} INFO - [2025-03-15T07:19:45.573+0000] {dagbag.py:588} INFO - Filling up the DagBag from /home/airflow/.local/lib/python3.12/site-packages/airflow/example_dags/example_latest_only_with_trigger.py
[2025-03-15T07:19:45.578+0000] {processor.py:925} INFO - DAG(s) 'latest_only_with_trigger' retrieved from /home/airflow/.local/lib/python3.12/site-packages/airflow/example_dags/example_latest_only_with_trigger.py
[2025-03-15T07:19:45.590+0000] {logging_mixin.py:190} INFO - [2025-03-15T07:19:45.590+0000] {dag.py:3239} INFO - Sync 1 DAGs
[2025-03-15T07:19:45.602+0000] {logging_mixin.py:190} INFO - [2025-03-15T07:19:45.602+0000] {dag.py:4180} INFO - Setting next_dagrun for latest_only_with_trigger to 2025-03-15 00:00:00+00:00, run_after=2025-03-15 04:00:00+00:00
[2025-03-15T07:19:45.612+0000] {processor.py:208} INFO - Processing /home/airflow/.local/lib/python3.12/site-packages/airflow/example_dags/example_latest_only_with_trigger.py took 0.045 seconds
[2025-03-15T07:20:16.575+0000] {processor.py:186} INFO - Started process (PID=1111) to work on /home/airflow/.local/lib/python3.12/site-packages/airflow/example_dags/example_latest_only_with_trigger.py
[2025-03-15T07:20:16.576+0000] {processor.py:914} INFO - Processing file /home/airflow/.local/lib/python3.12/site-packages/airflow/example_dags/example_latest_only_with_trigger.py for tasks to queue
[2025-03-15T07:20:16.577+0000] {logging_mixin.py:190} INFO - [2025-03-15T07:20:16.577+0000] {dagbag.py:588} INFO - Filling up the DagBag from /home/airflow/.local/lib/python3.12/site-packages/airflow/example_dags/example_latest_only_with_trigger.py
[2025-03-15T07:20:16.581+0000] {processor.py:925} INFO - DAG(s) 'latest_only_with_trigger' retrieved from /home/airflow/.local/lib/python3.12/site-packages/airflow/example_dags/example_latest_only_with_trigger.py
[2025-03-15T07:20:16.593+0000] {logging_mixin.py:190} INFO - [2025-03-15T07:20:16.592+0000] {dag.py:3239} INFO - Sync 1 DAGs
[2025-03-15T07:20:16.604+0000] {logging_mixin.py:190} INFO - [2025-03-15T07:20:16.604+0000] {dag.py:4180} INFO - Setting next_dagrun for latest_only_with_trigger to 2025-03-15 00:00:00+00:00, run_after=2025-03-15 04:00:00+00:00
[2025-03-15T07:20:16.614+0000] {processor.py:208} INFO - Processing /home/airflow/.local/lib/python3.12/site-packages/airflow/example_dags/example_latest_only_with_trigger.py took 0.042 seconds
[2025-03-15T07:20:47.246+0000] {processor.py:186} INFO - Started process (PID=1172) to work on /home/airflow/.local/lib/python3.12/site-packages/airflow/example_dags/example_latest_only_with_trigger.py
[2025-03-15T07:20:47.247+0000] {processor.py:914} INFO - Processing file /home/airflow/.local/lib/python3.12/site-packages/airflow/example_dags/example_latest_only_with_trigger.py for tasks to queue
[2025-03-15T07:20:47.248+0000] {logging_mixin.py:190} INFO - [2025-03-15T07:20:47.248+0000] {dagbag.py:588} INFO - Filling up the DagBag from /home/airflow/.local/lib/python3.12/site-packages/airflow/example_dags/example_latest_only_with_trigger.py
[2025-03-15T07:20:47.253+0000] {processor.py:925} INFO - DAG(s) 'latest_only_with_trigger' retrieved from /home/airflow/.local/lib/python3.12/site-packages/airflow/example_dags/example_latest_only_with_trigger.py
[2025-03-15T07:20:47.263+0000] {logging_mixin.py:190} INFO - [2025-03-15T07:20:47.263+0000] {dag.py:3239} INFO - Sync 1 DAGs
[2025-03-15T07:20:47.274+0000] {logging_mixin.py:190} INFO - [2025-03-15T07:20:47.274+0000] {dag.py:4180} INFO - Setting next_dagrun for latest_only_with_trigger to 2025-03-15 00:00:00+00:00, run_after=2025-03-15 04:00:00+00:00
[2025-03-15T07:20:47.283+0000] {processor.py:208} INFO - Processing /home/airflow/.local/lib/python3.12/site-packages/airflow/example_dags/example_latest_only_with_trigger.py took 0.040 seconds
[2025-03-15T07:21:18.149+0000] {processor.py:186} INFO - Started process (PID=1235) to work on /home/airflow/.local/lib/python3.12/site-packages/airflow/example_dags/example_latest_only_with_trigger.py
[2025-03-15T07:21:18.149+0000] {processor.py:914} INFO - Processing file /home/airflow/.local/lib/python3.12/site-packages/airflow/example_dags/example_latest_only_with_trigger.py for tasks to queue
[2025-03-15T07:21:18.151+0000] {logging_mixin.py:190} INFO - [2025-03-15T07:21:18.150+0000] {dagbag.py:588} INFO - Filling up the DagBag from /home/airflow/.local/lib/python3.12/site-packages/airflow/example_dags/example_latest_only_with_trigger.py
[2025-03-15T07:21:18.155+0000] {processor.py:925} INFO - DAG(s) 'latest_only_with_trigger' retrieved from /home/airflow/.local/lib/python3.12/site-packages/airflow/example_dags/example_latest_only_with_trigger.py
[2025-03-15T07:21:18.168+0000] {logging_mixin.py:190} INFO - [2025-03-15T07:21:18.168+0000] {dag.py:3239} INFO - Sync 1 DAGs
[2025-03-15T07:21:18.181+0000] {logging_mixin.py:190} INFO - [2025-03-15T07:21:18.181+0000] {dag.py:4180} INFO - Setting next_dagrun for latest_only_with_trigger to 2025-03-15 00:00:00+00:00, run_after=2025-03-15 04:00:00+00:00
[2025-03-15T07:21:18.196+0000] {processor.py:208} INFO - Processing /home/airflow/.local/lib/python3.12/site-packages/airflow/example_dags/example_latest_only_with_trigger.py took 0.050 seconds
[2025-03-15T07:21:49.538+0000] {processor.py:186} INFO - Started process (PID=1298) to work on /home/airflow/.local/lib/python3.12/site-packages/airflow/example_dags/example_latest_only_with_trigger.py
[2025-03-15T07:21:49.539+0000] {processor.py:914} INFO - Processing file /home/airflow/.local/lib/python3.12/site-packages/airflow/example_dags/example_latest_only_with_trigger.py for tasks to queue
[2025-03-15T07:21:49.540+0000] {logging_mixin.py:190} INFO - [2025-03-15T07:21:49.540+0000] {dagbag.py:588} INFO - Filling up the DagBag from /home/airflow/.local/lib/python3.12/site-packages/airflow/example_dags/example_latest_only_with_trigger.py
[2025-03-15T07:21:49.544+0000] {processor.py:925} INFO - DAG(s) 'latest_only_with_trigger' retrieved from /home/airflow/.local/lib/python3.12/site-packages/airflow/example_dags/example_latest_only_with_trigger.py
[2025-03-15T07:21:49.556+0000] {logging_mixin.py:190} INFO - [2025-03-15T07:21:49.556+0000] {dag.py:3239} INFO - Sync 1 DAGs
[2025-03-15T07:21:49.567+0000] {logging_mixin.py:190} INFO - [2025-03-15T07:21:49.567+0000] {dag.py:4180} INFO - Setting next_dagrun for latest_only_with_trigger to 2025-03-15 00:00:00+00:00, run_after=2025-03-15 04:00:00+00:00
[2025-03-15T07:21:49.577+0000] {processor.py:208} INFO - Processing /home/airflow/.local/lib/python3.12/site-packages/airflow/example_dags/example_latest_only_with_trigger.py took 0.043 seconds
[2025-03-15T07:22:21.802+0000] {processor.py:186} INFO - Started process (PID=1361) to work on /home/airflow/.local/lib/python3.12/site-packages/airflow/example_dags/example_latest_only_with_trigger.py
[2025-03-15T07:22:21.802+0000] {processor.py:914} INFO - Processing file /home/airflow/.local/lib/python3.12/site-packages/airflow/example_dags/example_latest_only_with_trigger.py for tasks to queue
[2025-03-15T07:22:21.803+0000] {logging_mixin.py:190} INFO - [2025-03-15T07:22:21.803+0000] {dagbag.py:588} INFO - Filling up the DagBag from /home/airflow/.local/lib/python3.12/site-packages/airflow/example_dags/example_latest_only_with_trigger.py
[2025-03-15T07:22:21.810+0000] {processor.py:925} INFO - DAG(s) 'latest_only_with_trigger' retrieved from /home/airflow/.local/lib/python3.12/site-packages/airflow/example_dags/example_latest_only_with_trigger.py
[2025-03-15T07:22:21.830+0000] {logging_mixin.py:190} INFO - [2025-03-15T07:22:21.830+0000] {dag.py:3239} INFO - Sync 1 DAGs
[2025-03-15T07:22:21.844+0000] {logging_mixin.py:190} INFO - [2025-03-15T07:22:21.843+0000] {dag.py:4180} INFO - Setting next_dagrun for latest_only_with_trigger to 2025-03-15 00:00:00+00:00, run_after=2025-03-15 04:00:00+00:00
[2025-03-15T07:22:21.856+0000] {processor.py:208} INFO - Processing /home/airflow/.local/lib/python3.12/site-packages/airflow/example_dags/example_latest_only_with_trigger.py took 0.059 seconds
[2025-03-15T07:22:51.919+0000] {processor.py:186} INFO - Started process (PID=1424) to work on /home/airflow/.local/lib/python3.12/site-packages/airflow/example_dags/example_latest_only_with_trigger.py
[2025-03-15T07:22:51.919+0000] {processor.py:914} INFO - Processing file /home/airflow/.local/lib/python3.12/site-packages/airflow/example_dags/example_latest_only_with_trigger.py for tasks to queue
[2025-03-15T07:22:51.921+0000] {logging_mixin.py:190} INFO - [2025-03-15T07:22:51.921+0000] {dagbag.py:588} INFO - Filling up the DagBag from /home/airflow/.local/lib/python3.12/site-packages/airflow/example_dags/example_latest_only_with_trigger.py
[2025-03-15T07:22:51.925+0000] {processor.py:925} INFO - DAG(s) 'latest_only_with_trigger' retrieved from /home/airflow/.local/lib/python3.12/site-packages/airflow/example_dags/example_latest_only_with_trigger.py
[2025-03-15T07:22:51.937+0000] {logging_mixin.py:190} INFO - [2025-03-15T07:22:51.937+0000] {dag.py:3239} INFO - Sync 1 DAGs
[2025-03-15T07:22:51.947+0000] {logging_mixin.py:190} INFO - [2025-03-15T07:22:51.947+0000] {dag.py:4180} INFO - Setting next_dagrun for latest_only_with_trigger to 2025-03-15 00:00:00+00:00, run_after=2025-03-15 04:00:00+00:00
[2025-03-15T07:22:51.955+0000] {processor.py:208} INFO - Processing /home/airflow/.local/lib/python3.12/site-packages/airflow/example_dags/example_latest_only_with_trigger.py took 0.040 seconds
[2025-03-15T07:23:23.034+0000] {processor.py:186} INFO - Started process (PID=1487) to work on /home/airflow/.local/lib/python3.12/site-packages/airflow/example_dags/example_latest_only_with_trigger.py
[2025-03-15T07:23:23.035+0000] {processor.py:914} INFO - Processing file /home/airflow/.local/lib/python3.12/site-packages/airflow/example_dags/example_latest_only_with_trigger.py for tasks to queue
[2025-03-15T07:23:23.036+0000] {logging_mixin.py:190} INFO - [2025-03-15T07:23:23.036+0000] {dagbag.py:588} INFO - Filling up the DagBag from /home/airflow/.local/lib/python3.12/site-packages/airflow/example_dags/example_latest_only_with_trigger.py
[2025-03-15T07:23:23.040+0000] {processor.py:925} INFO - DAG(s) 'latest_only_with_trigger' retrieved from /home/airflow/.local/lib/python3.12/site-packages/airflow/example_dags/example_latest_only_with_trigger.py
[2025-03-15T07:23:23.055+0000] {logging_mixin.py:190} INFO - [2025-03-15T07:23:23.055+0000] {dag.py:3239} INFO - Sync 1 DAGs
[2025-03-15T07:23:23.066+0000] {logging_mixin.py:190} INFO - [2025-03-15T07:23:23.066+0000] {dag.py:4180} INFO - Setting next_dagrun for latest_only_with_trigger to 2025-03-15 00:00:00+00:00, run_after=2025-03-15 04:00:00+00:00
[2025-03-15T07:23:23.076+0000] {processor.py:208} INFO - Processing /home/airflow/.local/lib/python3.12/site-packages/airflow/example_dags/example_latest_only_with_trigger.py took 0.045 seconds
[2025-03-15T07:23:54.544+0000] {processor.py:186} INFO - Started process (PID=1550) to work on /home/airflow/.local/lib/python3.12/site-packages/airflow/example_dags/example_latest_only_with_trigger.py
[2025-03-15T07:23:54.544+0000] {processor.py:914} INFO - Processing file /home/airflow/.local/lib/python3.12/site-packages/airflow/example_dags/example_latest_only_with_trigger.py for tasks to queue
[2025-03-15T07:23:54.546+0000] {logging_mixin.py:190} INFO - [2025-03-15T07:23:54.546+0000] {dagbag.py:588} INFO - Filling up the DagBag from /home/airflow/.local/lib/python3.12/site-packages/airflow/example_dags/example_latest_only_with_trigger.py
[2025-03-15T07:23:54.554+0000] {processor.py:925} INFO - DAG(s) 'latest_only_with_trigger' retrieved from /home/airflow/.local/lib/python3.12/site-packages/airflow/example_dags/example_latest_only_with_trigger.py
[2025-03-15T07:23:54.572+0000] {logging_mixin.py:190} INFO - [2025-03-15T07:23:54.572+0000] {dag.py:3239} INFO - Sync 1 DAGs
[2025-03-15T07:23:54.587+0000] {logging_mixin.py:190} INFO - [2025-03-15T07:23:54.587+0000] {dag.py:4180} INFO - Setting next_dagrun for latest_only_with_trigger to 2025-03-15 00:00:00+00:00, run_after=2025-03-15 04:00:00+00:00
[2025-03-15T07:23:54.602+0000] {processor.py:208} INFO - Processing /home/airflow/.local/lib/python3.12/site-packages/airflow/example_dags/example_latest_only_with_trigger.py took 0.063 seconds
[2025-03-15T07:24:25.743+0000] {processor.py:186} INFO - Started process (PID=1613) to work on /home/airflow/.local/lib/python3.12/site-packages/airflow/example_dags/example_latest_only_with_trigger.py
[2025-03-15T07:24:25.746+0000] {processor.py:914} INFO - Processing file /home/airflow/.local/lib/python3.12/site-packages/airflow/example_dags/example_latest_only_with_trigger.py for tasks to queue
[2025-03-15T07:24:25.748+0000] {logging_mixin.py:190} INFO - [2025-03-15T07:24:25.748+0000] {dagbag.py:588} INFO - Filling up the DagBag from /home/airflow/.local/lib/python3.12/site-packages/airflow/example_dags/example_latest_only_with_trigger.py
[2025-03-15T07:24:25.753+0000] {processor.py:925} INFO - DAG(s) 'latest_only_with_trigger' retrieved from /home/airflow/.local/lib/python3.12/site-packages/airflow/example_dags/example_latest_only_with_trigger.py
[2025-03-15T07:24:25.771+0000] {logging_mixin.py:190} INFO - [2025-03-15T07:24:25.771+0000] {dag.py:3239} INFO - Sync 1 DAGs
[2025-03-15T07:24:25.782+0000] {logging_mixin.py:190} INFO - [2025-03-15T07:24:25.782+0000] {dag.py:4180} INFO - Setting next_dagrun for latest_only_with_trigger to 2025-03-15 00:00:00+00:00, run_after=2025-03-15 04:00:00+00:00
[2025-03-15T07:24:25.792+0000] {processor.py:208} INFO - Processing /home/airflow/.local/lib/python3.12/site-packages/airflow/example_dags/example_latest_only_with_trigger.py took 0.052 seconds
[2025-03-15T07:24:57.098+0000] {processor.py:186} INFO - Started process (PID=1676) to work on /home/airflow/.local/lib/python3.12/site-packages/airflow/example_dags/example_latest_only_with_trigger.py
[2025-03-15T07:24:57.099+0000] {processor.py:914} INFO - Processing file /home/airflow/.local/lib/python3.12/site-packages/airflow/example_dags/example_latest_only_with_trigger.py for tasks to queue
[2025-03-15T07:24:57.100+0000] {logging_mixin.py:190} INFO - [2025-03-15T07:24:57.100+0000] {dagbag.py:588} INFO - Filling up the DagBag from /home/airflow/.local/lib/python3.12/site-packages/airflow/example_dags/example_latest_only_with_trigger.py
[2025-03-15T07:24:57.104+0000] {processor.py:925} INFO - DAG(s) 'latest_only_with_trigger' retrieved from /home/airflow/.local/lib/python3.12/site-packages/airflow/example_dags/example_latest_only_with_trigger.py
[2025-03-15T07:24:57.118+0000] {logging_mixin.py:190} INFO - [2025-03-15T07:24:57.118+0000] {dag.py:3239} INFO - Sync 1 DAGs
[2025-03-15T07:24:57.132+0000] {logging_mixin.py:190} INFO - [2025-03-15T07:24:57.132+0000] {dag.py:4180} INFO - Setting next_dagrun for latest_only_with_trigger to 2025-03-15 00:00:00+00:00, run_after=2025-03-15 04:00:00+00:00
[2025-03-15T07:24:57.146+0000] {processor.py:208} INFO - Processing /home/airflow/.local/lib/python3.12/site-packages/airflow/example_dags/example_latest_only_with_trigger.py took 0.051 seconds
[2025-03-15T07:25:28.381+0000] {processor.py:186} INFO - Started process (PID=1738) to work on /home/airflow/.local/lib/python3.12/site-packages/airflow/example_dags/example_latest_only_with_trigger.py
[2025-03-15T07:25:28.383+0000] {processor.py:914} INFO - Processing file /home/airflow/.local/lib/python3.12/site-packages/airflow/example_dags/example_latest_only_with_trigger.py for tasks to queue
[2025-03-15T07:25:28.384+0000] {logging_mixin.py:190} INFO - [2025-03-15T07:25:28.384+0000] {dagbag.py:588} INFO - Filling up the DagBag from /home/airflow/.local/lib/python3.12/site-packages/airflow/example_dags/example_latest_only_with_trigger.py
[2025-03-15T07:25:28.388+0000] {processor.py:925} INFO - DAG(s) 'latest_only_with_trigger' retrieved from /home/airflow/.local/lib/python3.12/site-packages/airflow/example_dags/example_latest_only_with_trigger.py
[2025-03-15T07:25:28.404+0000] {logging_mixin.py:190} INFO - [2025-03-15T07:25:28.404+0000] {dag.py:3239} INFO - Sync 1 DAGs
[2025-03-15T07:25:28.418+0000] {logging_mixin.py:190} INFO - [2025-03-15T07:25:28.418+0000] {dag.py:4180} INFO - Setting next_dagrun for latest_only_with_trigger to 2025-03-15 00:00:00+00:00, run_after=2025-03-15 04:00:00+00:00
[2025-03-15T07:25:28.430+0000] {processor.py:208} INFO - Processing /home/airflow/.local/lib/python3.12/site-packages/airflow/example_dags/example_latest_only_with_trigger.py took 0.053 seconds
[2025-03-15T07:25:59.761+0000] {processor.py:186} INFO - Started process (PID=1801) to work on /home/airflow/.local/lib/python3.12/site-packages/airflow/example_dags/example_latest_only_with_trigger.py
[2025-03-15T07:25:59.761+0000] {processor.py:914} INFO - Processing file /home/airflow/.local/lib/python3.12/site-packages/airflow/example_dags/example_latest_only_with_trigger.py for tasks to queue
[2025-03-15T07:25:59.763+0000] {logging_mixin.py:190} INFO - [2025-03-15T07:25:59.762+0000] {dagbag.py:588} INFO - Filling up the DagBag from /home/airflow/.local/lib/python3.12/site-packages/airflow/example_dags/example_latest_only_with_trigger.py
[2025-03-15T07:25:59.767+0000] {processor.py:925} INFO - DAG(s) 'latest_only_with_trigger' retrieved from /home/airflow/.local/lib/python3.12/site-packages/airflow/example_dags/example_latest_only_with_trigger.py
[2025-03-15T07:25:59.778+0000] {logging_mixin.py:190} INFO - [2025-03-15T07:25:59.778+0000] {dag.py:3239} INFO - Sync 1 DAGs
[2025-03-15T07:25:59.792+0000] {logging_mixin.py:190} INFO - [2025-03-15T07:25:59.792+0000] {dag.py:4180} INFO - Setting next_dagrun for latest_only_with_trigger to 2025-03-15 00:00:00+00:00, run_after=2025-03-15 04:00:00+00:00
[2025-03-15T07:25:59.808+0000] {processor.py:208} INFO - Processing /home/airflow/.local/lib/python3.12/site-packages/airflow/example_dags/example_latest_only_with_trigger.py took 0.050 seconds
[2025-03-15T07:26:31.150+0000] {processor.py:186} INFO - Started process (PID=1863) to work on /home/airflow/.local/lib/python3.12/site-packages/airflow/example_dags/example_latest_only_with_trigger.py
[2025-03-15T07:26:31.152+0000] {processor.py:914} INFO - Processing file /home/airflow/.local/lib/python3.12/site-packages/airflow/example_dags/example_latest_only_with_trigger.py for tasks to queue
[2025-03-15T07:26:31.154+0000] {logging_mixin.py:190} INFO - [2025-03-15T07:26:31.154+0000] {dagbag.py:588} INFO - Filling up the DagBag from /home/airflow/.local/lib/python3.12/site-packages/airflow/example_dags/example_latest_only_with_trigger.py
[2025-03-15T07:26:31.159+0000] {processor.py:925} INFO - DAG(s) 'latest_only_with_trigger' retrieved from /home/airflow/.local/lib/python3.12/site-packages/airflow/example_dags/example_latest_only_with_trigger.py
[2025-03-15T07:26:31.175+0000] {logging_mixin.py:190} INFO - [2025-03-15T07:26:31.175+0000] {dag.py:3239} INFO - Sync 1 DAGs
[2025-03-15T07:26:31.187+0000] {logging_mixin.py:190} INFO - [2025-03-15T07:26:31.187+0000] {dag.py:4180} INFO - Setting next_dagrun for latest_only_with_trigger to 2025-03-15 00:00:00+00:00, run_after=2025-03-15 04:00:00+00:00
[2025-03-15T07:26:31.203+0000] {processor.py:208} INFO - Processing /home/airflow/.local/lib/python3.12/site-packages/airflow/example_dags/example_latest_only_with_trigger.py took 0.056 seconds
[2025-03-15T07:27:01.742+0000] {processor.py:186} INFO - Started process (PID=1927) to work on /home/airflow/.local/lib/python3.12/site-packages/airflow/example_dags/example_latest_only_with_trigger.py
[2025-03-15T07:27:01.743+0000] {processor.py:914} INFO - Processing file /home/airflow/.local/lib/python3.12/site-packages/airflow/example_dags/example_latest_only_with_trigger.py for tasks to queue
[2025-03-15T07:27:01.744+0000] {logging_mixin.py:190} INFO - [2025-03-15T07:27:01.744+0000] {dagbag.py:588} INFO - Filling up the DagBag from /home/airflow/.local/lib/python3.12/site-packages/airflow/example_dags/example_latest_only_with_trigger.py
[2025-03-15T07:27:01.750+0000] {processor.py:925} INFO - DAG(s) 'latest_only_with_trigger' retrieved from /home/airflow/.local/lib/python3.12/site-packages/airflow/example_dags/example_latest_only_with_trigger.py
[2025-03-15T07:27:01.764+0000] {logging_mixin.py:190} INFO - [2025-03-15T07:27:01.764+0000] {dag.py:3239} INFO - Sync 1 DAGs
[2025-03-15T07:27:01.778+0000] {logging_mixin.py:190} INFO - [2025-03-15T07:27:01.778+0000] {dag.py:4180} INFO - Setting next_dagrun for latest_only_with_trigger to 2025-03-15 00:00:00+00:00, run_after=2025-03-15 04:00:00+00:00
[2025-03-15T07:27:01.791+0000] {processor.py:208} INFO - Processing /home/airflow/.local/lib/python3.12/site-packages/airflow/example_dags/example_latest_only_with_trigger.py took 0.052 seconds
[2025-03-15T07:27:32.860+0000] {processor.py:186} INFO - Started process (PID=1997) to work on /home/airflow/.local/lib/python3.12/site-packages/airflow/example_dags/example_latest_only_with_trigger.py
[2025-03-15T07:27:32.860+0000] {processor.py:914} INFO - Processing file /home/airflow/.local/lib/python3.12/site-packages/airflow/example_dags/example_latest_only_with_trigger.py for tasks to queue
[2025-03-15T07:27:32.862+0000] {logging_mixin.py:190} INFO - [2025-03-15T07:27:32.862+0000] {dagbag.py:588} INFO - Filling up the DagBag from /home/airflow/.local/lib/python3.12/site-packages/airflow/example_dags/example_latest_only_with_trigger.py
[2025-03-15T07:27:32.866+0000] {processor.py:925} INFO - DAG(s) 'latest_only_with_trigger' retrieved from /home/airflow/.local/lib/python3.12/site-packages/airflow/example_dags/example_latest_only_with_trigger.py
[2025-03-15T07:27:32.884+0000] {logging_mixin.py:190} INFO - [2025-03-15T07:27:32.883+0000] {dag.py:3239} INFO - Sync 1 DAGs
[2025-03-15T07:27:32.896+0000] {logging_mixin.py:190} INFO - [2025-03-15T07:27:32.896+0000] {dag.py:4180} INFO - Setting next_dagrun for latest_only_with_trigger to 2025-03-15 00:00:00+00:00, run_after=2025-03-15 04:00:00+00:00
[2025-03-15T07:27:32.920+0000] {processor.py:208} INFO - Processing /home/airflow/.local/lib/python3.12/site-packages/airflow/example_dags/example_latest_only_with_trigger.py took 0.064 seconds
[2025-03-15T07:28:03.634+0000] {processor.py:186} INFO - Started process (PID=2061) to work on /home/airflow/.local/lib/python3.12/site-packages/airflow/example_dags/example_latest_only_with_trigger.py
[2025-03-15T07:28:03.635+0000] {processor.py:914} INFO - Processing file /home/airflow/.local/lib/python3.12/site-packages/airflow/example_dags/example_latest_only_with_trigger.py for tasks to queue
[2025-03-15T07:28:03.637+0000] {logging_mixin.py:190} INFO - [2025-03-15T07:28:03.636+0000] {dagbag.py:588} INFO - Filling up the DagBag from /home/airflow/.local/lib/python3.12/site-packages/airflow/example_dags/example_latest_only_with_trigger.py
[2025-03-15T07:28:03.643+0000] {processor.py:925} INFO - DAG(s) 'latest_only_with_trigger' retrieved from /home/airflow/.local/lib/python3.12/site-packages/airflow/example_dags/example_latest_only_with_trigger.py
[2025-03-15T07:28:03.659+0000] {logging_mixin.py:190} INFO - [2025-03-15T07:28:03.659+0000] {dag.py:3239} INFO - Sync 1 DAGs
[2025-03-15T07:28:03.674+0000] {logging_mixin.py:190} INFO - [2025-03-15T07:28:03.673+0000] {dag.py:4180} INFO - Setting next_dagrun for latest_only_with_trigger to 2025-03-15 00:00:00+00:00, run_after=2025-03-15 04:00:00+00:00
[2025-03-15T07:28:03.684+0000] {processor.py:208} INFO - Processing /home/airflow/.local/lib/python3.12/site-packages/airflow/example_dags/example_latest_only_with_trigger.py took 0.054 seconds
[2025-03-15T07:28:34.720+0000] {processor.py:186} INFO - Started process (PID=2125) to work on /home/airflow/.local/lib/python3.12/site-packages/airflow/example_dags/example_latest_only_with_trigger.py
[2025-03-15T07:28:34.721+0000] {processor.py:914} INFO - Processing file /home/airflow/.local/lib/python3.12/site-packages/airflow/example_dags/example_latest_only_with_trigger.py for tasks to queue
[2025-03-15T07:28:34.723+0000] {logging_mixin.py:190} INFO - [2025-03-15T07:28:34.722+0000] {dagbag.py:588} INFO - Filling up the DagBag from /home/airflow/.local/lib/python3.12/site-packages/airflow/example_dags/example_latest_only_with_trigger.py
[2025-03-15T07:28:34.727+0000] {processor.py:925} INFO - DAG(s) 'latest_only_with_trigger' retrieved from /home/airflow/.local/lib/python3.12/site-packages/airflow/example_dags/example_latest_only_with_trigger.py
[2025-03-15T07:28:34.743+0000] {logging_mixin.py:190} INFO - [2025-03-15T07:28:34.743+0000] {dag.py:3239} INFO - Sync 1 DAGs
[2025-03-15T07:28:34.762+0000] {logging_mixin.py:190} INFO - [2025-03-15T07:28:34.762+0000] {dag.py:4180} INFO - Setting next_dagrun for latest_only_with_trigger to 2025-03-15 00:00:00+00:00, run_after=2025-03-15 04:00:00+00:00
[2025-03-15T07:28:34.777+0000] {processor.py:208} INFO - Processing /home/airflow/.local/lib/python3.12/site-packages/airflow/example_dags/example_latest_only_with_trigger.py took 0.061 seconds
[2025-03-15T07:29:05.284+0000] {processor.py:186} INFO - Started process (PID=2190) to work on /home/airflow/.local/lib/python3.12/site-packages/airflow/example_dags/example_latest_only_with_trigger.py
[2025-03-15T07:29:05.284+0000] {processor.py:914} INFO - Processing file /home/airflow/.local/lib/python3.12/site-packages/airflow/example_dags/example_latest_only_with_trigger.py for tasks to queue
[2025-03-15T07:29:05.286+0000] {logging_mixin.py:190} INFO - [2025-03-15T07:29:05.285+0000] {dagbag.py:588} INFO - Filling up the DagBag from /home/airflow/.local/lib/python3.12/site-packages/airflow/example_dags/example_latest_only_with_trigger.py
[2025-03-15T07:29:05.289+0000] {processor.py:925} INFO - DAG(s) 'latest_only_with_trigger' retrieved from /home/airflow/.local/lib/python3.12/site-packages/airflow/example_dags/example_latest_only_with_trigger.py
[2025-03-15T07:29:05.301+0000] {logging_mixin.py:190} INFO - [2025-03-15T07:29:05.301+0000] {dag.py:3239} INFO - Sync 1 DAGs
[2025-03-15T07:29:05.312+0000] {logging_mixin.py:190} INFO - [2025-03-15T07:29:05.312+0000] {dag.py:4180} INFO - Setting next_dagrun for latest_only_with_trigger to 2025-03-15 00:00:00+00:00, run_after=2025-03-15 04:00:00+00:00
[2025-03-15T07:29:05.321+0000] {processor.py:208} INFO - Processing /home/airflow/.local/lib/python3.12/site-packages/airflow/example_dags/example_latest_only_with_trigger.py took 0.041 seconds
[2025-03-15T07:29:36.335+0000] {processor.py:186} INFO - Started process (PID=2253) to work on /home/airflow/.local/lib/python3.12/site-packages/airflow/example_dags/example_latest_only_with_trigger.py
[2025-03-15T07:29:36.337+0000] {processor.py:914} INFO - Processing file /home/airflow/.local/lib/python3.12/site-packages/airflow/example_dags/example_latest_only_with_trigger.py for tasks to queue
[2025-03-15T07:29:36.338+0000] {logging_mixin.py:190} INFO - [2025-03-15T07:29:36.338+0000] {dagbag.py:588} INFO - Filling up the DagBag from /home/airflow/.local/lib/python3.12/site-packages/airflow/example_dags/example_latest_only_with_trigger.py
[2025-03-15T07:29:36.343+0000] {processor.py:925} INFO - DAG(s) 'latest_only_with_trigger' retrieved from /home/airflow/.local/lib/python3.12/site-packages/airflow/example_dags/example_latest_only_with_trigger.py
[2025-03-15T07:29:36.359+0000] {logging_mixin.py:190} INFO - [2025-03-15T07:29:36.358+0000] {dag.py:3239} INFO - Sync 1 DAGs
[2025-03-15T07:29:36.371+0000] {logging_mixin.py:190} INFO - [2025-03-15T07:29:36.371+0000] {dag.py:4180} INFO - Setting next_dagrun for latest_only_with_trigger to 2025-03-15 00:00:00+00:00, run_after=2025-03-15 04:00:00+00:00
[2025-03-15T07:29:36.386+0000] {processor.py:208} INFO - Processing /home/airflow/.local/lib/python3.12/site-packages/airflow/example_dags/example_latest_only_with_trigger.py took 0.056 seconds
[2025-03-15T07:30:06.804+0000] {processor.py:186} INFO - Started process (PID=2317) to work on /home/airflow/.local/lib/python3.12/site-packages/airflow/example_dags/example_latest_only_with_trigger.py
[2025-03-15T07:30:06.806+0000] {processor.py:914} INFO - Processing file /home/airflow/.local/lib/python3.12/site-packages/airflow/example_dags/example_latest_only_with_trigger.py for tasks to queue
[2025-03-15T07:30:06.807+0000] {logging_mixin.py:190} INFO - [2025-03-15T07:30:06.807+0000] {dagbag.py:588} INFO - Filling up the DagBag from /home/airflow/.local/lib/python3.12/site-packages/airflow/example_dags/example_latest_only_with_trigger.py
[2025-03-15T07:30:06.811+0000] {processor.py:925} INFO - DAG(s) 'latest_only_with_trigger' retrieved from /home/airflow/.local/lib/python3.12/site-packages/airflow/example_dags/example_latest_only_with_trigger.py
[2025-03-15T07:30:06.821+0000] {logging_mixin.py:190} INFO - [2025-03-15T07:30:06.821+0000] {dag.py:3239} INFO - Sync 1 DAGs
[2025-03-15T07:30:06.834+0000] {logging_mixin.py:190} INFO - [2025-03-15T07:30:06.834+0000] {dag.py:4180} INFO - Setting next_dagrun for latest_only_with_trigger to 2025-03-15 00:00:00+00:00, run_after=2025-03-15 04:00:00+00:00
[2025-03-15T07:30:06.854+0000] {processor.py:208} INFO - Processing /home/airflow/.local/lib/python3.12/site-packages/airflow/example_dags/example_latest_only_with_trigger.py took 0.053 seconds
[2025-03-15T07:30:38.093+0000] {processor.py:186} INFO - Started process (PID=2381) to work on /home/airflow/.local/lib/python3.12/site-packages/airflow/example_dags/example_latest_only_with_trigger.py
[2025-03-15T07:30:38.094+0000] {processor.py:914} INFO - Processing file /home/airflow/.local/lib/python3.12/site-packages/airflow/example_dags/example_latest_only_with_trigger.py for tasks to queue
[2025-03-15T07:30:38.095+0000] {logging_mixin.py:190} INFO - [2025-03-15T07:30:38.095+0000] {dagbag.py:588} INFO - Filling up the DagBag from /home/airflow/.local/lib/python3.12/site-packages/airflow/example_dags/example_latest_only_with_trigger.py
[2025-03-15T07:30:38.101+0000] {processor.py:925} INFO - DAG(s) 'latest_only_with_trigger' retrieved from /home/airflow/.local/lib/python3.12/site-packages/airflow/example_dags/example_latest_only_with_trigger.py
[2025-03-15T07:30:38.121+0000] {logging_mixin.py:190} INFO - [2025-03-15T07:30:38.121+0000] {dag.py:3239} INFO - Sync 1 DAGs
[2025-03-15T07:30:38.138+0000] {logging_mixin.py:190} INFO - [2025-03-15T07:30:38.138+0000] {dag.py:4180} INFO - Setting next_dagrun for latest_only_with_trigger to 2025-03-15 00:00:00+00:00, run_after=2025-03-15 04:00:00+00:00
[2025-03-15T07:30:38.149+0000] {processor.py:208} INFO - Processing /home/airflow/.local/lib/python3.12/site-packages/airflow/example_dags/example_latest_only_with_trigger.py took 0.059 seconds
[2025-03-15T07:31:09.483+0000] {processor.py:186} INFO - Started process (PID=2445) to work on /home/airflow/.local/lib/python3.12/site-packages/airflow/example_dags/example_latest_only_with_trigger.py
[2025-03-15T07:31:09.484+0000] {processor.py:914} INFO - Processing file /home/airflow/.local/lib/python3.12/site-packages/airflow/example_dags/example_latest_only_with_trigger.py for tasks to queue
[2025-03-15T07:31:09.485+0000] {logging_mixin.py:190} INFO - [2025-03-15T07:31:09.485+0000] {dagbag.py:588} INFO - Filling up the DagBag from /home/airflow/.local/lib/python3.12/site-packages/airflow/example_dags/example_latest_only_with_trigger.py
[2025-03-15T07:31:09.490+0000] {processor.py:925} INFO - DAG(s) 'latest_only_with_trigger' retrieved from /home/airflow/.local/lib/python3.12/site-packages/airflow/example_dags/example_latest_only_with_trigger.py
[2025-03-15T07:31:09.506+0000] {logging_mixin.py:190} INFO - [2025-03-15T07:31:09.505+0000] {dag.py:3239} INFO - Sync 1 DAGs
[2025-03-15T07:31:09.521+0000] {logging_mixin.py:190} INFO - [2025-03-15T07:31:09.521+0000] {dag.py:4180} INFO - Setting next_dagrun for latest_only_with_trigger to 2025-03-15 00:00:00+00:00, run_after=2025-03-15 04:00:00+00:00
[2025-03-15T07:31:09.535+0000] {processor.py:208} INFO - Processing /home/airflow/.local/lib/python3.12/site-packages/airflow/example_dags/example_latest_only_with_trigger.py took 0.055 seconds
[2025-03-15T07:31:41.478+0000] {processor.py:186} INFO - Started process (PID=2509) to work on /home/airflow/.local/lib/python3.12/site-packages/airflow/example_dags/example_latest_only_with_trigger.py
[2025-03-15T07:31:41.481+0000] {processor.py:914} INFO - Processing file /home/airflow/.local/lib/python3.12/site-packages/airflow/example_dags/example_latest_only_with_trigger.py for tasks to queue
[2025-03-15T07:31:41.484+0000] {logging_mixin.py:190} INFO - [2025-03-15T07:31:41.484+0000] {dagbag.py:588} INFO - Filling up the DagBag from /home/airflow/.local/lib/python3.12/site-packages/airflow/example_dags/example_latest_only_with_trigger.py
[2025-03-15T07:31:41.491+0000] {processor.py:925} INFO - DAG(s) 'latest_only_with_trigger' retrieved from /home/airflow/.local/lib/python3.12/site-packages/airflow/example_dags/example_latest_only_with_trigger.py
[2025-03-15T07:31:41.512+0000] {logging_mixin.py:190} INFO - [2025-03-15T07:31:41.512+0000] {dag.py:3239} INFO - Sync 1 DAGs
[2025-03-15T07:31:41.562+0000] {logging_mixin.py:190} INFO - [2025-03-15T07:31:41.562+0000] {dag.py:4180} INFO - Setting next_dagrun for latest_only_with_trigger to 2025-03-15 00:00:00+00:00, run_after=2025-03-15 04:00:00+00:00
[2025-03-15T07:31:41.574+0000] {processor.py:208} INFO - Processing /home/airflow/.local/lib/python3.12/site-packages/airflow/example_dags/example_latest_only_with_trigger.py took 0.100 seconds
[2025-03-15T07:32:12.268+0000] {processor.py:186} INFO - Started process (PID=2573) to work on /home/airflow/.local/lib/python3.12/site-packages/airflow/example_dags/example_latest_only_with_trigger.py
[2025-03-15T07:32:12.268+0000] {processor.py:914} INFO - Processing file /home/airflow/.local/lib/python3.12/site-packages/airflow/example_dags/example_latest_only_with_trigger.py for tasks to queue
[2025-03-15T07:32:12.270+0000] {logging_mixin.py:190} INFO - [2025-03-15T07:32:12.269+0000] {dagbag.py:588} INFO - Filling up the DagBag from /home/airflow/.local/lib/python3.12/site-packages/airflow/example_dags/example_latest_only_with_trigger.py
[2025-03-15T07:32:12.274+0000] {processor.py:925} INFO - DAG(s) 'latest_only_with_trigger' retrieved from /home/airflow/.local/lib/python3.12/site-packages/airflow/example_dags/example_latest_only_with_trigger.py
[2025-03-15T07:32:12.292+0000] {logging_mixin.py:190} INFO - [2025-03-15T07:32:12.292+0000] {dag.py:3239} INFO - Sync 1 DAGs
[2025-03-15T07:32:12.307+0000] {logging_mixin.py:190} INFO - [2025-03-15T07:32:12.307+0000] {dag.py:4180} INFO - Setting next_dagrun for latest_only_with_trigger to 2025-03-15 00:00:00+00:00, run_after=2025-03-15 04:00:00+00:00
[2025-03-15T07:32:12.319+0000] {processor.py:208} INFO - Processing /home/airflow/.local/lib/python3.12/site-packages/airflow/example_dags/example_latest_only_with_trigger.py took 0.054 seconds
