[2025-03-15T07:11:56.992+0000] {processor.py:186} INFO - Started process (PID=48) to work on /home/airflow/.local/lib/python3.12/site-packages/airflow/example_dags/example_skip_dag.py
[2025-03-15T07:11:56.993+0000] {processor.py:914} INFO - Processing file /home/airflow/.local/lib/python3.12/site-packages/airflow/example_dags/example_skip_dag.py for tasks to queue
[2025-03-15T07:11:56.997+0000] {logging_mixin.py:190} INFO - [2025-03-15T07:11:56.996+0000] {dagbag.py:588} INFO - Filling up the DagBag from /home/airflow/.local/lib/python3.12/site-packages/airflow/example_dags/example_skip_dag.py
[2025-03-15T07:11:57.009+0000] {processor.py:925} INFO - DAG(s) 'example_skip_dag' retrieved from /home/airflow/.local/lib/python3.12/site-packages/airflow/example_dags/example_skip_dag.py
[2025-03-15T07:11:57.051+0000] {logging_mixin.py:190} INFO - [2025-03-15T07:11:57.051+0000] {dag.py:3239} INFO - Sync 1 DAGs
[2025-03-15T07:11:57.079+0000] {logging_mixin.py:190} INFO - [2025-03-15T07:11:57.079+0000] {dag.py:4180} INFO - Setting next_dagrun for example_skip_dag to 2025-03-14 00:00:00+00:00, run_after=2025-03-15 00:00:00+00:00
[2025-03-15T07:11:57.094+0000] {processor.py:208} INFO - Processing /home/airflow/.local/lib/python3.12/site-packages/airflow/example_dags/example_skip_dag.py took 0.112 seconds
[2025-03-15T07:12:27.749+0000] {processor.py:186} INFO - Started process (PID=111) to work on /home/airflow/.local/lib/python3.12/site-packages/airflow/example_dags/example_skip_dag.py
[2025-03-15T07:12:27.750+0000] {processor.py:914} INFO - Processing file /home/airflow/.local/lib/python3.12/site-packages/airflow/example_dags/example_skip_dag.py for tasks to queue
[2025-03-15T07:12:27.754+0000] {logging_mixin.py:190} INFO - [2025-03-15T07:12:27.754+0000] {dagbag.py:588} INFO - Filling up the DagBag from /home/airflow/.local/lib/python3.12/site-packages/airflow/example_dags/example_skip_dag.py
[2025-03-15T07:12:27.769+0000] {processor.py:925} INFO - DAG(s) 'example_skip_dag' retrieved from /home/airflow/.local/lib/python3.12/site-packages/airflow/example_dags/example_skip_dag.py
[2025-03-15T07:12:27.794+0000] {logging_mixin.py:190} INFO - [2025-03-15T07:12:27.794+0000] {dag.py:3239} INFO - Sync 1 DAGs
[2025-03-15T07:12:27.815+0000] {logging_mixin.py:190} INFO - [2025-03-15T07:12:27.815+0000] {dag.py:4180} INFO - Setting next_dagrun for example_skip_dag to 2025-03-14 00:00:00+00:00, run_after=2025-03-15 00:00:00+00:00
[2025-03-15T07:12:27.830+0000] {processor.py:208} INFO - Processing /home/airflow/.local/lib/python3.12/site-packages/airflow/example_dags/example_skip_dag.py took 0.088 seconds
[2025-03-15T07:12:58.245+0000] {processor.py:186} INFO - Started process (PID=173) to work on /home/airflow/.local/lib/python3.12/site-packages/airflow/example_dags/example_skip_dag.py
[2025-03-15T07:12:58.249+0000] {processor.py:914} INFO - Processing file /home/airflow/.local/lib/python3.12/site-packages/airflow/example_dags/example_skip_dag.py for tasks to queue
[2025-03-15T07:12:58.257+0000] {logging_mixin.py:190} INFO - [2025-03-15T07:12:58.256+0000] {dagbag.py:588} INFO - Filling up the DagBag from /home/airflow/.local/lib/python3.12/site-packages/airflow/example_dags/example_skip_dag.py
[2025-03-15T07:12:58.269+0000] {processor.py:925} INFO - DAG(s) 'example_skip_dag' retrieved from /home/airflow/.local/lib/python3.12/site-packages/airflow/example_dags/example_skip_dag.py
[2025-03-15T07:12:58.301+0000] {logging_mixin.py:190} INFO - [2025-03-15T07:12:58.301+0000] {dag.py:3239} INFO - Sync 1 DAGs
[2025-03-15T07:12:58.323+0000] {logging_mixin.py:190} INFO - [2025-03-15T07:12:58.323+0000] {dag.py:4180} INFO - Setting next_dagrun for example_skip_dag to 2025-03-14 00:00:00+00:00, run_after=2025-03-15 00:00:00+00:00
[2025-03-15T07:12:58.340+0000] {processor.py:208} INFO - Processing /home/airflow/.local/lib/python3.12/site-packages/airflow/example_dags/example_skip_dag.py took 0.120 seconds
[2025-03-15T07:13:29.125+0000] {processor.py:186} INFO - Started process (PID=236) to work on /home/airflow/.local/lib/python3.12/site-packages/airflow/example_dags/example_skip_dag.py
[2025-03-15T07:13:29.127+0000] {processor.py:914} INFO - Processing file /home/airflow/.local/lib/python3.12/site-packages/airflow/example_dags/example_skip_dag.py for tasks to queue
[2025-03-15T07:13:29.130+0000] {logging_mixin.py:190} INFO - [2025-03-15T07:13:29.130+0000] {dagbag.py:588} INFO - Filling up the DagBag from /home/airflow/.local/lib/python3.12/site-packages/airflow/example_dags/example_skip_dag.py
[2025-03-15T07:13:29.157+0000] {processor.py:925} INFO - DAG(s) 'example_skip_dag' retrieved from /home/airflow/.local/lib/python3.12/site-packages/airflow/example_dags/example_skip_dag.py
[2025-03-15T07:13:29.178+0000] {logging_mixin.py:190} INFO - [2025-03-15T07:13:29.177+0000] {dag.py:3239} INFO - Sync 1 DAGs
[2025-03-15T07:13:29.201+0000] {logging_mixin.py:190} INFO - [2025-03-15T07:13:29.200+0000] {dag.py:4180} INFO - Setting next_dagrun for example_skip_dag to 2025-03-14 00:00:00+00:00, run_after=2025-03-15 00:00:00+00:00
[2025-03-15T07:13:29.216+0000] {processor.py:208} INFO - Processing /home/airflow/.local/lib/python3.12/site-packages/airflow/example_dags/example_skip_dag.py took 0.096 seconds
[2025-03-15T07:13:59.727+0000] {processor.py:186} INFO - Started process (PID=299) to work on /home/airflow/.local/lib/python3.12/site-packages/airflow/example_dags/example_skip_dag.py
[2025-03-15T07:13:59.728+0000] {processor.py:914} INFO - Processing file /home/airflow/.local/lib/python3.12/site-packages/airflow/example_dags/example_skip_dag.py for tasks to queue
[2025-03-15T07:13:59.735+0000] {logging_mixin.py:190} INFO - [2025-03-15T07:13:59.734+0000] {dagbag.py:588} INFO - Filling up the DagBag from /home/airflow/.local/lib/python3.12/site-packages/airflow/example_dags/example_skip_dag.py
[2025-03-15T07:13:59.757+0000] {processor.py:925} INFO - DAG(s) 'example_skip_dag' retrieved from /home/airflow/.local/lib/python3.12/site-packages/airflow/example_dags/example_skip_dag.py
[2025-03-15T07:13:59.795+0000] {logging_mixin.py:190} INFO - [2025-03-15T07:13:59.795+0000] {dag.py:3239} INFO - Sync 1 DAGs
[2025-03-15T07:13:59.823+0000] {logging_mixin.py:190} INFO - [2025-03-15T07:13:59.823+0000] {dag.py:4180} INFO - Setting next_dagrun for example_skip_dag to 2025-03-14 00:00:00+00:00, run_after=2025-03-15 00:00:00+00:00
[2025-03-15T07:13:59.839+0000] {processor.py:208} INFO - Processing /home/airflow/.local/lib/python3.12/site-packages/airflow/example_dags/example_skip_dag.py took 0.120 seconds
[2025-03-15T07:14:29.994+0000] {processor.py:186} INFO - Started process (PID=362) to work on /home/airflow/.local/lib/python3.12/site-packages/airflow/example_dags/example_skip_dag.py
[2025-03-15T07:14:29.995+0000] {processor.py:914} INFO - Processing file /home/airflow/.local/lib/python3.12/site-packages/airflow/example_dags/example_skip_dag.py for tasks to queue
[2025-03-15T07:14:30.001+0000] {logging_mixin.py:190} INFO - [2025-03-15T07:14:30.001+0000] {dagbag.py:588} INFO - Filling up the DagBag from /home/airflow/.local/lib/python3.12/site-packages/airflow/example_dags/example_skip_dag.py
[2025-03-15T07:14:30.014+0000] {processor.py:925} INFO - DAG(s) 'example_skip_dag' retrieved from /home/airflow/.local/lib/python3.12/site-packages/airflow/example_dags/example_skip_dag.py
[2025-03-15T07:14:30.038+0000] {logging_mixin.py:190} INFO - [2025-03-15T07:14:30.038+0000] {dag.py:3239} INFO - Sync 1 DAGs
[2025-03-15T07:14:30.363+0000] {logging_mixin.py:190} INFO - [2025-03-15T07:14:30.362+0000] {dag.py:4180} INFO - Setting next_dagrun for example_skip_dag to 2025-03-14 00:00:00+00:00, run_after=2025-03-15 00:00:00+00:00
[2025-03-15T07:14:30.426+0000] {processor.py:208} INFO - Processing /home/airflow/.local/lib/python3.12/site-packages/airflow/example_dags/example_skip_dag.py took 0.445 seconds
[2025-03-15T07:15:00.533+0000] {processor.py:186} INFO - Started process (PID=425) to work on /home/airflow/.local/lib/python3.12/site-packages/airflow/example_dags/example_skip_dag.py
[2025-03-15T07:15:00.536+0000] {processor.py:914} INFO - Processing file /home/airflow/.local/lib/python3.12/site-packages/airflow/example_dags/example_skip_dag.py for tasks to queue
[2025-03-15T07:15:00.543+0000] {logging_mixin.py:190} INFO - [2025-03-15T07:15:00.543+0000] {dagbag.py:588} INFO - Filling up the DagBag from /home/airflow/.local/lib/python3.12/site-packages/airflow/example_dags/example_skip_dag.py
[2025-03-15T07:15:00.555+0000] {processor.py:925} INFO - DAG(s) 'example_skip_dag' retrieved from /home/airflow/.local/lib/python3.12/site-packages/airflow/example_dags/example_skip_dag.py
[2025-03-15T07:15:00.578+0000] {logging_mixin.py:190} INFO - [2025-03-15T07:15:00.578+0000] {dag.py:3239} INFO - Sync 1 DAGs
[2025-03-15T07:15:00.597+0000] {logging_mixin.py:190} INFO - [2025-03-15T07:15:00.597+0000] {dag.py:4180} INFO - Setting next_dagrun for example_skip_dag to 2025-03-14 00:00:00+00:00, run_after=2025-03-15 00:00:00+00:00
[2025-03-15T07:15:00.613+0000] {processor.py:208} INFO - Processing /home/airflow/.local/lib/python3.12/site-packages/airflow/example_dags/example_skip_dag.py took 0.093 seconds
[2025-03-15T07:15:31.502+0000] {processor.py:186} INFO - Started process (PID=494) to work on /home/airflow/.local/lib/python3.12/site-packages/airflow/example_dags/example_skip_dag.py
[2025-03-15T07:15:31.504+0000] {processor.py:914} INFO - Processing file /home/airflow/.local/lib/python3.12/site-packages/airflow/example_dags/example_skip_dag.py for tasks to queue
[2025-03-15T07:15:31.511+0000] {logging_mixin.py:190} INFO - [2025-03-15T07:15:31.511+0000] {dagbag.py:588} INFO - Filling up the DagBag from /home/airflow/.local/lib/python3.12/site-packages/airflow/example_dags/example_skip_dag.py
[2025-03-15T07:15:31.520+0000] {processor.py:925} INFO - DAG(s) 'example_skip_dag' retrieved from /home/airflow/.local/lib/python3.12/site-packages/airflow/example_dags/example_skip_dag.py
[2025-03-15T07:15:31.545+0000] {logging_mixin.py:190} INFO - [2025-03-15T07:15:31.545+0000] {dag.py:3239} INFO - Sync 1 DAGs
[2025-03-15T07:15:31.561+0000] {logging_mixin.py:190} INFO - [2025-03-15T07:15:31.561+0000] {dag.py:4180} INFO - Setting next_dagrun for example_skip_dag to 2025-03-14 00:00:00+00:00, run_after=2025-03-15 00:00:00+00:00
[2025-03-15T07:15:31.576+0000] {processor.py:208} INFO - Processing /home/airflow/.local/lib/python3.12/site-packages/airflow/example_dags/example_skip_dag.py took 0.082 seconds
[2025-03-15T07:16:02.418+0000] {processor.py:186} INFO - Started process (PID=557) to work on /home/airflow/.local/lib/python3.12/site-packages/airflow/example_dags/example_skip_dag.py
[2025-03-15T07:16:02.421+0000] {processor.py:914} INFO - Processing file /home/airflow/.local/lib/python3.12/site-packages/airflow/example_dags/example_skip_dag.py for tasks to queue
[2025-03-15T07:16:02.424+0000] {logging_mixin.py:190} INFO - [2025-03-15T07:16:02.423+0000] {dagbag.py:588} INFO - Filling up the DagBag from /home/airflow/.local/lib/python3.12/site-packages/airflow/example_dags/example_skip_dag.py
[2025-03-15T07:16:02.434+0000] {processor.py:925} INFO - DAG(s) 'example_skip_dag' retrieved from /home/airflow/.local/lib/python3.12/site-packages/airflow/example_dags/example_skip_dag.py
[2025-03-15T07:16:02.457+0000] {logging_mixin.py:190} INFO - [2025-03-15T07:16:02.456+0000] {dag.py:3239} INFO - Sync 1 DAGs
[2025-03-15T07:16:02.475+0000] {logging_mixin.py:190} INFO - [2025-03-15T07:16:02.475+0000] {dag.py:4180} INFO - Setting next_dagrun for example_skip_dag to 2025-03-14 00:00:00+00:00, run_after=2025-03-15 00:00:00+00:00
[2025-03-15T07:16:02.490+0000] {processor.py:208} INFO - Processing /home/airflow/.local/lib/python3.12/site-packages/airflow/example_dags/example_skip_dag.py took 0.079 seconds
[2025-03-15T07:16:33.385+0000] {processor.py:186} INFO - Started process (PID=619) to work on /home/airflow/.local/lib/python3.12/site-packages/airflow/example_dags/example_skip_dag.py
[2025-03-15T07:16:33.387+0000] {processor.py:914} INFO - Processing file /home/airflow/.local/lib/python3.12/site-packages/airflow/example_dags/example_skip_dag.py for tasks to queue
[2025-03-15T07:16:33.390+0000] {logging_mixin.py:190} INFO - [2025-03-15T07:16:33.389+0000] {dagbag.py:588} INFO - Filling up the DagBag from /home/airflow/.local/lib/python3.12/site-packages/airflow/example_dags/example_skip_dag.py
[2025-03-15T07:16:33.404+0000] {processor.py:925} INFO - DAG(s) 'example_skip_dag' retrieved from /home/airflow/.local/lib/python3.12/site-packages/airflow/example_dags/example_skip_dag.py
[2025-03-15T07:16:33.419+0000] {logging_mixin.py:190} INFO - [2025-03-15T07:16:33.419+0000] {dag.py:3239} INFO - Sync 1 DAGs
[2025-03-15T07:16:33.434+0000] {logging_mixin.py:190} INFO - [2025-03-15T07:16:33.433+0000] {dag.py:4180} INFO - Setting next_dagrun for example_skip_dag to 2025-03-14 00:00:00+00:00, run_after=2025-03-15 00:00:00+00:00
[2025-03-15T07:16:33.449+0000] {processor.py:208} INFO - Processing /home/airflow/.local/lib/python3.12/site-packages/airflow/example_dags/example_skip_dag.py took 0.071 seconds
[2025-03-15T07:17:04.291+0000] {processor.py:186} INFO - Started process (PID=682) to work on /home/airflow/.local/lib/python3.12/site-packages/airflow/example_dags/example_skip_dag.py
[2025-03-15T07:17:04.293+0000] {processor.py:914} INFO - Processing file /home/airflow/.local/lib/python3.12/site-packages/airflow/example_dags/example_skip_dag.py for tasks to queue
[2025-03-15T07:17:04.296+0000] {logging_mixin.py:190} INFO - [2025-03-15T07:17:04.295+0000] {dagbag.py:588} INFO - Filling up the DagBag from /home/airflow/.local/lib/python3.12/site-packages/airflow/example_dags/example_skip_dag.py
[2025-03-15T07:17:04.310+0000] {processor.py:925} INFO - DAG(s) 'example_skip_dag' retrieved from /home/airflow/.local/lib/python3.12/site-packages/airflow/example_dags/example_skip_dag.py
[2025-03-15T07:17:04.330+0000] {logging_mixin.py:190} INFO - [2025-03-15T07:17:04.330+0000] {dag.py:3239} INFO - Sync 1 DAGs
[2025-03-15T07:17:04.351+0000] {logging_mixin.py:190} INFO - [2025-03-15T07:17:04.351+0000] {dag.py:4180} INFO - Setting next_dagrun for example_skip_dag to 2025-03-14 00:00:00+00:00, run_after=2025-03-15 00:00:00+00:00
[2025-03-15T07:17:04.365+0000] {processor.py:208} INFO - Processing /home/airflow/.local/lib/python3.12/site-packages/airflow/example_dags/example_skip_dag.py took 0.081 seconds
[2025-03-15T07:17:34.431+0000] {processor.py:186} INFO - Started process (PID=745) to work on /home/airflow/.local/lib/python3.12/site-packages/airflow/example_dags/example_skip_dag.py
[2025-03-15T07:17:34.434+0000] {processor.py:914} INFO - Processing file /home/airflow/.local/lib/python3.12/site-packages/airflow/example_dags/example_skip_dag.py for tasks to queue
[2025-03-15T07:17:34.441+0000] {logging_mixin.py:190} INFO - [2025-03-15T07:17:34.440+0000] {dagbag.py:588} INFO - Filling up the DagBag from /home/airflow/.local/lib/python3.12/site-packages/airflow/example_dags/example_skip_dag.py
[2025-03-15T07:17:34.450+0000] {processor.py:925} INFO - DAG(s) 'example_skip_dag' retrieved from /home/airflow/.local/lib/python3.12/site-packages/airflow/example_dags/example_skip_dag.py
[2025-03-15T07:17:34.472+0000] {logging_mixin.py:190} INFO - [2025-03-15T07:17:34.472+0000] {dag.py:3239} INFO - Sync 1 DAGs
[2025-03-15T07:17:34.498+0000] {logging_mixin.py:190} INFO - [2025-03-15T07:17:34.498+0000] {dag.py:4180} INFO - Setting next_dagrun for example_skip_dag to 2025-03-14 00:00:00+00:00, run_after=2025-03-15 00:00:00+00:00
[2025-03-15T07:17:34.512+0000] {processor.py:208} INFO - Processing /home/airflow/.local/lib/python3.12/site-packages/airflow/example_dags/example_skip_dag.py took 0.087 seconds
[2025-03-15T07:18:04.809+0000] {processor.py:186} INFO - Started process (PID=808) to work on /home/airflow/.local/lib/python3.12/site-packages/airflow/example_dags/example_skip_dag.py
[2025-03-15T07:18:04.810+0000] {processor.py:914} INFO - Processing file /home/airflow/.local/lib/python3.12/site-packages/airflow/example_dags/example_skip_dag.py for tasks to queue
[2025-03-15T07:18:04.824+0000] {logging_mixin.py:190} INFO - [2025-03-15T07:18:04.824+0000] {dagbag.py:588} INFO - Filling up the DagBag from /home/airflow/.local/lib/python3.12/site-packages/airflow/example_dags/example_skip_dag.py
[2025-03-15T07:18:04.838+0000] {processor.py:925} INFO - DAG(s) 'example_skip_dag' retrieved from /home/airflow/.local/lib/python3.12/site-packages/airflow/example_dags/example_skip_dag.py
[2025-03-15T07:18:04.862+0000] {logging_mixin.py:190} INFO - [2025-03-15T07:18:04.861+0000] {dag.py:3239} INFO - Sync 1 DAGs
[2025-03-15T07:18:04.882+0000] {logging_mixin.py:190} INFO - [2025-03-15T07:18:04.882+0000] {dag.py:4180} INFO - Setting next_dagrun for example_skip_dag to 2025-03-14 00:00:00+00:00, run_after=2025-03-15 00:00:00+00:00
[2025-03-15T07:18:04.900+0000] {processor.py:208} INFO - Processing /home/airflow/.local/lib/python3.12/site-packages/airflow/example_dags/example_skip_dag.py took 0.104 seconds
[2025-03-15T07:18:34.939+0000] {processor.py:186} INFO - Started process (PID=871) to work on /home/airflow/.local/lib/python3.12/site-packages/airflow/example_dags/example_skip_dag.py
[2025-03-15T07:18:34.940+0000] {processor.py:914} INFO - Processing file /home/airflow/.local/lib/python3.12/site-packages/airflow/example_dags/example_skip_dag.py for tasks to queue
[2025-03-15T07:18:34.942+0000] {logging_mixin.py:190} INFO - [2025-03-15T07:18:34.942+0000] {dagbag.py:588} INFO - Filling up the DagBag from /home/airflow/.local/lib/python3.12/site-packages/airflow/example_dags/example_skip_dag.py
[2025-03-15T07:18:34.952+0000] {processor.py:925} INFO - DAG(s) 'example_skip_dag' retrieved from /home/airflow/.local/lib/python3.12/site-packages/airflow/example_dags/example_skip_dag.py
[2025-03-15T07:18:34.972+0000] {logging_mixin.py:190} INFO - [2025-03-15T07:18:34.972+0000] {dag.py:3239} INFO - Sync 1 DAGs
[2025-03-15T07:18:34.991+0000] {logging_mixin.py:190} INFO - [2025-03-15T07:18:34.990+0000] {dag.py:4180} INFO - Setting next_dagrun for example_skip_dag to 2025-03-14 00:00:00+00:00, run_after=2025-03-15 00:00:00+00:00
[2025-03-15T07:18:35.007+0000] {processor.py:208} INFO - Processing /home/airflow/.local/lib/python3.12/site-packages/airflow/example_dags/example_skip_dag.py took 0.073 seconds
[2025-03-15T07:19:05.302+0000] {processor.py:186} INFO - Started process (PID=942) to work on /home/airflow/.local/lib/python3.12/site-packages/airflow/example_dags/example_skip_dag.py
[2025-03-15T07:19:05.304+0000] {processor.py:914} INFO - Processing file /home/airflow/.local/lib/python3.12/site-packages/airflow/example_dags/example_skip_dag.py for tasks to queue
[2025-03-15T07:19:05.306+0000] {logging_mixin.py:190} INFO - [2025-03-15T07:19:05.305+0000] {dagbag.py:588} INFO - Filling up the DagBag from /home/airflow/.local/lib/python3.12/site-packages/airflow/example_dags/example_skip_dag.py
[2025-03-15T07:19:05.315+0000] {processor.py:925} INFO - DAG(s) 'example_skip_dag' retrieved from /home/airflow/.local/lib/python3.12/site-packages/airflow/example_dags/example_skip_dag.py
[2025-03-15T07:19:05.338+0000] {logging_mixin.py:190} INFO - [2025-03-15T07:19:05.338+0000] {dag.py:3239} INFO - Sync 1 DAGs
[2025-03-15T07:19:05.354+0000] {logging_mixin.py:190} INFO - [2025-03-15T07:19:05.354+0000] {dag.py:4180} INFO - Setting next_dagrun for example_skip_dag to 2025-03-14 00:00:00+00:00, run_after=2025-03-15 00:00:00+00:00
[2025-03-15T07:19:05.370+0000] {processor.py:208} INFO - Processing /home/airflow/.local/lib/python3.12/site-packages/airflow/example_dags/example_skip_dag.py took 0.075 seconds
[2025-03-15T07:19:36.210+0000] {processor.py:186} INFO - Started process (PID=1005) to work on /home/airflow/.local/lib/python3.12/site-packages/airflow/example_dags/example_skip_dag.py
[2025-03-15T07:19:36.211+0000] {processor.py:914} INFO - Processing file /home/airflow/.local/lib/python3.12/site-packages/airflow/example_dags/example_skip_dag.py for tasks to queue
[2025-03-15T07:19:36.214+0000] {logging_mixin.py:190} INFO - [2025-03-15T07:19:36.214+0000] {dagbag.py:588} INFO - Filling up the DagBag from /home/airflow/.local/lib/python3.12/site-packages/airflow/example_dags/example_skip_dag.py
[2025-03-15T07:19:36.225+0000] {processor.py:925} INFO - DAG(s) 'example_skip_dag' retrieved from /home/airflow/.local/lib/python3.12/site-packages/airflow/example_dags/example_skip_dag.py
[2025-03-15T07:19:36.239+0000] {logging_mixin.py:190} INFO - [2025-03-15T07:19:36.239+0000] {dag.py:3239} INFO - Sync 1 DAGs
[2025-03-15T07:19:36.257+0000] {logging_mixin.py:190} INFO - [2025-03-15T07:19:36.257+0000] {dag.py:4180} INFO - Setting next_dagrun for example_skip_dag to 2025-03-14 00:00:00+00:00, run_after=2025-03-15 00:00:00+00:00
[2025-03-15T07:19:36.272+0000] {processor.py:208} INFO - Processing /home/airflow/.local/lib/python3.12/site-packages/airflow/example_dags/example_skip_dag.py took 0.066 seconds
[2025-03-15T07:20:06.410+0000] {processor.py:186} INFO - Started process (PID=1068) to work on /home/airflow/.local/lib/python3.12/site-packages/airflow/example_dags/example_skip_dag.py
[2025-03-15T07:20:06.413+0000] {processor.py:914} INFO - Processing file /home/airflow/.local/lib/python3.12/site-packages/airflow/example_dags/example_skip_dag.py for tasks to queue
[2025-03-15T07:20:06.416+0000] {logging_mixin.py:190} INFO - [2025-03-15T07:20:06.415+0000] {dagbag.py:588} INFO - Filling up the DagBag from /home/airflow/.local/lib/python3.12/site-packages/airflow/example_dags/example_skip_dag.py
[2025-03-15T07:20:06.426+0000] {processor.py:925} INFO - DAG(s) 'example_skip_dag' retrieved from /home/airflow/.local/lib/python3.12/site-packages/airflow/example_dags/example_skip_dag.py
[2025-03-15T07:20:06.450+0000] {logging_mixin.py:190} INFO - [2025-03-15T07:20:06.450+0000] {dag.py:3239} INFO - Sync 1 DAGs
[2025-03-15T07:20:06.474+0000] {logging_mixin.py:190} INFO - [2025-03-15T07:20:06.474+0000] {dag.py:4180} INFO - Setting next_dagrun for example_skip_dag to 2025-03-14 00:00:00+00:00, run_after=2025-03-15 00:00:00+00:00
[2025-03-15T07:20:06.492+0000] {processor.py:208} INFO - Processing /home/airflow/.local/lib/python3.12/site-packages/airflow/example_dags/example_skip_dag.py took 0.091 seconds
[2025-03-15T07:20:36.643+0000] {processor.py:186} INFO - Started process (PID=1130) to work on /home/airflow/.local/lib/python3.12/site-packages/airflow/example_dags/example_skip_dag.py
[2025-03-15T07:20:36.647+0000] {processor.py:914} INFO - Processing file /home/airflow/.local/lib/python3.12/site-packages/airflow/example_dags/example_skip_dag.py for tasks to queue
[2025-03-15T07:20:36.652+0000] {logging_mixin.py:190} INFO - [2025-03-15T07:20:36.652+0000] {dagbag.py:588} INFO - Filling up the DagBag from /home/airflow/.local/lib/python3.12/site-packages/airflow/example_dags/example_skip_dag.py
[2025-03-15T07:20:36.658+0000] {processor.py:925} INFO - DAG(s) 'example_skip_dag' retrieved from /home/airflow/.local/lib/python3.12/site-packages/airflow/example_dags/example_skip_dag.py
[2025-03-15T07:20:36.674+0000] {logging_mixin.py:190} INFO - [2025-03-15T07:20:36.674+0000] {dag.py:3239} INFO - Sync 1 DAGs
[2025-03-15T07:20:36.690+0000] {logging_mixin.py:190} INFO - [2025-03-15T07:20:36.689+0000] {dag.py:4180} INFO - Setting next_dagrun for example_skip_dag to 2025-03-14 00:00:00+00:00, run_after=2025-03-15 00:00:00+00:00
[2025-03-15T07:20:36.706+0000] {processor.py:208} INFO - Processing /home/airflow/.local/lib/python3.12/site-packages/airflow/example_dags/example_skip_dag.py took 0.069 seconds
[2025-03-15T07:21:07.144+0000] {processor.py:186} INFO - Started process (PID=1193) to work on /home/airflow/.local/lib/python3.12/site-packages/airflow/example_dags/example_skip_dag.py
[2025-03-15T07:21:07.146+0000] {processor.py:914} INFO - Processing file /home/airflow/.local/lib/python3.12/site-packages/airflow/example_dags/example_skip_dag.py for tasks to queue
[2025-03-15T07:21:07.147+0000] {logging_mixin.py:190} INFO - [2025-03-15T07:21:07.147+0000] {dagbag.py:588} INFO - Filling up the DagBag from /home/airflow/.local/lib/python3.12/site-packages/airflow/example_dags/example_skip_dag.py
[2025-03-15T07:21:07.155+0000] {processor.py:925} INFO - DAG(s) 'example_skip_dag' retrieved from /home/airflow/.local/lib/python3.12/site-packages/airflow/example_dags/example_skip_dag.py
[2025-03-15T07:21:07.174+0000] {logging_mixin.py:190} INFO - [2025-03-15T07:21:07.174+0000] {dag.py:3239} INFO - Sync 1 DAGs
[2025-03-15T07:21:07.187+0000] {logging_mixin.py:190} INFO - [2025-03-15T07:21:07.187+0000] {dag.py:4180} INFO - Setting next_dagrun for example_skip_dag to 2025-03-14 00:00:00+00:00, run_after=2025-03-15 00:00:00+00:00
[2025-03-15T07:21:07.200+0000] {processor.py:208} INFO - Processing /home/airflow/.local/lib/python3.12/site-packages/airflow/example_dags/example_skip_dag.py took 0.060 seconds
[2025-03-15T07:21:37.382+0000] {processor.py:186} INFO - Started process (PID=1256) to work on /home/airflow/.local/lib/python3.12/site-packages/airflow/example_dags/example_skip_dag.py
[2025-03-15T07:21:37.383+0000] {processor.py:914} INFO - Processing file /home/airflow/.local/lib/python3.12/site-packages/airflow/example_dags/example_skip_dag.py for tasks to queue
[2025-03-15T07:21:37.389+0000] {logging_mixin.py:190} INFO - [2025-03-15T07:21:37.388+0000] {dagbag.py:588} INFO - Filling up the DagBag from /home/airflow/.local/lib/python3.12/site-packages/airflow/example_dags/example_skip_dag.py
[2025-03-15T07:21:37.401+0000] {processor.py:925} INFO - DAG(s) 'example_skip_dag' retrieved from /home/airflow/.local/lib/python3.12/site-packages/airflow/example_dags/example_skip_dag.py
[2025-03-15T07:21:37.421+0000] {logging_mixin.py:190} INFO - [2025-03-15T07:21:37.421+0000] {dag.py:3239} INFO - Sync 1 DAGs
[2025-03-15T07:21:37.442+0000] {logging_mixin.py:190} INFO - [2025-03-15T07:21:37.442+0000] {dag.py:4180} INFO - Setting next_dagrun for example_skip_dag to 2025-03-14 00:00:00+00:00, run_after=2025-03-15 00:00:00+00:00
[2025-03-15T07:21:37.460+0000] {processor.py:208} INFO - Processing /home/airflow/.local/lib/python3.12/site-packages/airflow/example_dags/example_skip_dag.py took 0.084 seconds
[2025-03-15T07:22:07.566+0000] {processor.py:186} INFO - Started process (PID=1319) to work on /home/airflow/.local/lib/python3.12/site-packages/airflow/example_dags/example_skip_dag.py
[2025-03-15T07:22:07.567+0000] {processor.py:914} INFO - Processing file /home/airflow/.local/lib/python3.12/site-packages/airflow/example_dags/example_skip_dag.py for tasks to queue
[2025-03-15T07:22:07.570+0000] {logging_mixin.py:190} INFO - [2025-03-15T07:22:07.570+0000] {dagbag.py:588} INFO - Filling up the DagBag from /home/airflow/.local/lib/python3.12/site-packages/airflow/example_dags/example_skip_dag.py
[2025-03-15T07:22:07.583+0000] {processor.py:925} INFO - DAG(s) 'example_skip_dag' retrieved from /home/airflow/.local/lib/python3.12/site-packages/airflow/example_dags/example_skip_dag.py
[2025-03-15T07:22:07.604+0000] {logging_mixin.py:190} INFO - [2025-03-15T07:22:07.604+0000] {dag.py:3239} INFO - Sync 1 DAGs
[2025-03-15T07:22:07.620+0000] {logging_mixin.py:190} INFO - [2025-03-15T07:22:07.620+0000] {dag.py:4180} INFO - Setting next_dagrun for example_skip_dag to 2025-03-14 00:00:00+00:00, run_after=2025-03-15 00:00:00+00:00
[2025-03-15T07:22:07.635+0000] {processor.py:208} INFO - Processing /home/airflow/.local/lib/python3.12/site-packages/airflow/example_dags/example_skip_dag.py took 0.075 seconds
[2025-03-15T07:22:37.927+0000] {processor.py:186} INFO - Started process (PID=1382) to work on /home/airflow/.local/lib/python3.12/site-packages/airflow/example_dags/example_skip_dag.py
[2025-03-15T07:22:37.931+0000] {processor.py:914} INFO - Processing file /home/airflow/.local/lib/python3.12/site-packages/airflow/example_dags/example_skip_dag.py for tasks to queue
[2025-03-15T07:22:37.935+0000] {logging_mixin.py:190} INFO - [2025-03-15T07:22:37.935+0000] {dagbag.py:588} INFO - Filling up the DagBag from /home/airflow/.local/lib/python3.12/site-packages/airflow/example_dags/example_skip_dag.py
[2025-03-15T07:22:37.967+0000] {processor.py:925} INFO - DAG(s) 'example_skip_dag' retrieved from /home/airflow/.local/lib/python3.12/site-packages/airflow/example_dags/example_skip_dag.py
[2025-03-15T07:22:38.018+0000] {logging_mixin.py:190} INFO - [2025-03-15T07:22:38.018+0000] {dag.py:3239} INFO - Sync 1 DAGs
[2025-03-15T07:22:38.032+0000] {logging_mixin.py:190} INFO - [2025-03-15T07:22:38.032+0000] {dag.py:4180} INFO - Setting next_dagrun for example_skip_dag to 2025-03-14 00:00:00+00:00, run_after=2025-03-15 00:00:00+00:00
[2025-03-15T07:22:38.048+0000] {processor.py:208} INFO - Processing /home/airflow/.local/lib/python3.12/site-packages/airflow/example_dags/example_skip_dag.py took 0.126 seconds
[2025-03-15T07:23:08.791+0000] {processor.py:186} INFO - Started process (PID=1445) to work on /home/airflow/.local/lib/python3.12/site-packages/airflow/example_dags/example_skip_dag.py
[2025-03-15T07:23:08.796+0000] {processor.py:914} INFO - Processing file /home/airflow/.local/lib/python3.12/site-packages/airflow/example_dags/example_skip_dag.py for tasks to queue
[2025-03-15T07:23:08.798+0000] {logging_mixin.py:190} INFO - [2025-03-15T07:23:08.798+0000] {dagbag.py:588} INFO - Filling up the DagBag from /home/airflow/.local/lib/python3.12/site-packages/airflow/example_dags/example_skip_dag.py
[2025-03-15T07:23:08.805+0000] {processor.py:925} INFO - DAG(s) 'example_skip_dag' retrieved from /home/airflow/.local/lib/python3.12/site-packages/airflow/example_dags/example_skip_dag.py
[2025-03-15T07:23:08.825+0000] {logging_mixin.py:190} INFO - [2025-03-15T07:23:08.825+0000] {dag.py:3239} INFO - Sync 1 DAGs
[2025-03-15T07:23:08.838+0000] {logging_mixin.py:190} INFO - [2025-03-15T07:23:08.837+0000] {dag.py:4180} INFO - Setting next_dagrun for example_skip_dag to 2025-03-14 00:00:00+00:00, run_after=2025-03-15 00:00:00+00:00
[2025-03-15T07:23:08.851+0000] {processor.py:208} INFO - Processing /home/airflow/.local/lib/python3.12/site-packages/airflow/example_dags/example_skip_dag.py took 0.064 seconds
[2025-03-15T07:23:39.011+0000] {processor.py:186} INFO - Started process (PID=1508) to work on /home/airflow/.local/lib/python3.12/site-packages/airflow/example_dags/example_skip_dag.py
[2025-03-15T07:23:39.015+0000] {processor.py:914} INFO - Processing file /home/airflow/.local/lib/python3.12/site-packages/airflow/example_dags/example_skip_dag.py for tasks to queue
[2025-03-15T07:23:39.018+0000] {logging_mixin.py:190} INFO - [2025-03-15T07:23:39.018+0000] {dagbag.py:588} INFO - Filling up the DagBag from /home/airflow/.local/lib/python3.12/site-packages/airflow/example_dags/example_skip_dag.py
[2025-03-15T07:23:39.027+0000] {processor.py:925} INFO - DAG(s) 'example_skip_dag' retrieved from /home/airflow/.local/lib/python3.12/site-packages/airflow/example_dags/example_skip_dag.py
[2025-03-15T07:23:39.042+0000] {logging_mixin.py:190} INFO - [2025-03-15T07:23:39.041+0000] {dag.py:3239} INFO - Sync 1 DAGs
[2025-03-15T07:23:39.056+0000] {logging_mixin.py:190} INFO - [2025-03-15T07:23:39.056+0000] {dag.py:4180} INFO - Setting next_dagrun for example_skip_dag to 2025-03-14 00:00:00+00:00, run_after=2025-03-15 00:00:00+00:00
[2025-03-15T07:23:39.074+0000] {processor.py:208} INFO - Processing /home/airflow/.local/lib/python3.12/site-packages/airflow/example_dags/example_skip_dag.py took 0.067 seconds
[2025-03-15T07:24:09.521+0000] {processor.py:186} INFO - Started process (PID=1571) to work on /home/airflow/.local/lib/python3.12/site-packages/airflow/example_dags/example_skip_dag.py
[2025-03-15T07:24:09.528+0000] {processor.py:914} INFO - Processing file /home/airflow/.local/lib/python3.12/site-packages/airflow/example_dags/example_skip_dag.py for tasks to queue
[2025-03-15T07:24:09.530+0000] {logging_mixin.py:190} INFO - [2025-03-15T07:24:09.530+0000] {dagbag.py:588} INFO - Filling up the DagBag from /home/airflow/.local/lib/python3.12/site-packages/airflow/example_dags/example_skip_dag.py
[2025-03-15T07:24:09.535+0000] {processor.py:925} INFO - DAG(s) 'example_skip_dag' retrieved from /home/airflow/.local/lib/python3.12/site-packages/airflow/example_dags/example_skip_dag.py
[2025-03-15T07:24:09.557+0000] {logging_mixin.py:190} INFO - [2025-03-15T07:24:09.557+0000] {dag.py:3239} INFO - Sync 1 DAGs
[2025-03-15T07:24:09.572+0000] {logging_mixin.py:190} INFO - [2025-03-15T07:24:09.572+0000] {dag.py:4180} INFO - Setting next_dagrun for example_skip_dag to 2025-03-14 00:00:00+00:00, run_after=2025-03-15 00:00:00+00:00
[2025-03-15T07:24:09.585+0000] {processor.py:208} INFO - Processing /home/airflow/.local/lib/python3.12/site-packages/airflow/example_dags/example_skip_dag.py took 0.068 seconds
[2025-03-15T07:24:39.725+0000] {processor.py:186} INFO - Started process (PID=1634) to work on /home/airflow/.local/lib/python3.12/site-packages/airflow/example_dags/example_skip_dag.py
[2025-03-15T07:24:39.727+0000] {processor.py:914} INFO - Processing file /home/airflow/.local/lib/python3.12/site-packages/airflow/example_dags/example_skip_dag.py for tasks to queue
[2025-03-15T07:24:39.729+0000] {logging_mixin.py:190} INFO - [2025-03-15T07:24:39.729+0000] {dagbag.py:588} INFO - Filling up the DagBag from /home/airflow/.local/lib/python3.12/site-packages/airflow/example_dags/example_skip_dag.py
[2025-03-15T07:24:39.736+0000] {processor.py:925} INFO - DAG(s) 'example_skip_dag' retrieved from /home/airflow/.local/lib/python3.12/site-packages/airflow/example_dags/example_skip_dag.py
[2025-03-15T07:24:39.756+0000] {logging_mixin.py:190} INFO - [2025-03-15T07:24:39.756+0000] {dag.py:3239} INFO - Sync 1 DAGs
[2025-03-15T07:24:39.770+0000] {logging_mixin.py:190} INFO - [2025-03-15T07:24:39.770+0000] {dag.py:4180} INFO - Setting next_dagrun for example_skip_dag to 2025-03-14 00:00:00+00:00, run_after=2025-03-15 00:00:00+00:00
[2025-03-15T07:24:39.786+0000] {processor.py:208} INFO - Processing /home/airflow/.local/lib/python3.12/site-packages/airflow/example_dags/example_skip_dag.py took 0.065 seconds
[2025-03-15T07:25:10.152+0000] {processor.py:186} INFO - Started process (PID=1696) to work on /home/airflow/.local/lib/python3.12/site-packages/airflow/example_dags/example_skip_dag.py
[2025-03-15T07:25:10.155+0000] {processor.py:914} INFO - Processing file /home/airflow/.local/lib/python3.12/site-packages/airflow/example_dags/example_skip_dag.py for tasks to queue
[2025-03-15T07:25:10.161+0000] {logging_mixin.py:190} INFO - [2025-03-15T07:25:10.161+0000] {dagbag.py:588} INFO - Filling up the DagBag from /home/airflow/.local/lib/python3.12/site-packages/airflow/example_dags/example_skip_dag.py
[2025-03-15T07:25:10.179+0000] {processor.py:925} INFO - DAG(s) 'example_skip_dag' retrieved from /home/airflow/.local/lib/python3.12/site-packages/airflow/example_dags/example_skip_dag.py
[2025-03-15T07:25:10.209+0000] {logging_mixin.py:190} INFO - [2025-03-15T07:25:10.209+0000] {dag.py:3239} INFO - Sync 1 DAGs
[2025-03-15T07:25:10.234+0000] {logging_mixin.py:190} INFO - [2025-03-15T07:25:10.233+0000] {dag.py:4180} INFO - Setting next_dagrun for example_skip_dag to 2025-03-14 00:00:00+00:00, run_after=2025-03-15 00:00:00+00:00
[2025-03-15T07:25:10.249+0000] {processor.py:208} INFO - Processing /home/airflow/.local/lib/python3.12/site-packages/airflow/example_dags/example_skip_dag.py took 0.109 seconds
[2025-03-15T07:25:40.486+0000] {processor.py:186} INFO - Started process (PID=1759) to work on /home/airflow/.local/lib/python3.12/site-packages/airflow/example_dags/example_skip_dag.py
[2025-03-15T07:25:40.488+0000] {processor.py:914} INFO - Processing file /home/airflow/.local/lib/python3.12/site-packages/airflow/example_dags/example_skip_dag.py for tasks to queue
[2025-03-15T07:25:40.494+0000] {logging_mixin.py:190} INFO - [2025-03-15T07:25:40.493+0000] {dagbag.py:588} INFO - Filling up the DagBag from /home/airflow/.local/lib/python3.12/site-packages/airflow/example_dags/example_skip_dag.py
[2025-03-15T07:25:40.510+0000] {processor.py:925} INFO - DAG(s) 'example_skip_dag' retrieved from /home/airflow/.local/lib/python3.12/site-packages/airflow/example_dags/example_skip_dag.py
[2025-03-15T07:25:40.550+0000] {logging_mixin.py:190} INFO - [2025-03-15T07:25:40.550+0000] {dag.py:3239} INFO - Sync 1 DAGs
[2025-03-15T07:25:40.576+0000] {logging_mixin.py:190} INFO - [2025-03-15T07:25:40.575+0000] {dag.py:4180} INFO - Setting next_dagrun for example_skip_dag to 2025-03-14 00:00:00+00:00, run_after=2025-03-15 00:00:00+00:00
[2025-03-15T07:25:40.597+0000] {processor.py:208} INFO - Processing /home/airflow/.local/lib/python3.12/site-packages/airflow/example_dags/example_skip_dag.py took 0.120 seconds
[2025-03-15T07:26:10.668+0000] {processor.py:186} INFO - Started process (PID=1821) to work on /home/airflow/.local/lib/python3.12/site-packages/airflow/example_dags/example_skip_dag.py
[2025-03-15T07:26:10.671+0000] {processor.py:914} INFO - Processing file /home/airflow/.local/lib/python3.12/site-packages/airflow/example_dags/example_skip_dag.py for tasks to queue
[2025-03-15T07:26:10.674+0000] {logging_mixin.py:190} INFO - [2025-03-15T07:26:10.674+0000] {dagbag.py:588} INFO - Filling up the DagBag from /home/airflow/.local/lib/python3.12/site-packages/airflow/example_dags/example_skip_dag.py
[2025-03-15T07:26:10.708+0000] {processor.py:925} INFO - DAG(s) 'example_skip_dag' retrieved from /home/airflow/.local/lib/python3.12/site-packages/airflow/example_dags/example_skip_dag.py
[2025-03-15T07:26:10.739+0000] {logging_mixin.py:190} INFO - [2025-03-15T07:26:10.739+0000] {dag.py:3239} INFO - Sync 1 DAGs
[2025-03-15T07:26:10.756+0000] {logging_mixin.py:190} INFO - [2025-03-15T07:26:10.756+0000] {dag.py:4180} INFO - Setting next_dagrun for example_skip_dag to 2025-03-14 00:00:00+00:00, run_after=2025-03-15 00:00:00+00:00
[2025-03-15T07:26:10.773+0000] {processor.py:208} INFO - Processing /home/airflow/.local/lib/python3.12/site-packages/airflow/example_dags/example_skip_dag.py took 0.112 seconds
[2025-03-15T07:26:41.022+0000] {processor.py:186} INFO - Started process (PID=1884) to work on /home/airflow/.local/lib/python3.12/site-packages/airflow/example_dags/example_skip_dag.py
[2025-03-15T07:26:41.024+0000] {processor.py:914} INFO - Processing file /home/airflow/.local/lib/python3.12/site-packages/airflow/example_dags/example_skip_dag.py for tasks to queue
[2025-03-15T07:26:41.106+0000] {logging_mixin.py:190} INFO - [2025-03-15T07:26:41.101+0000] {dagbag.py:588} INFO - Filling up the DagBag from /home/airflow/.local/lib/python3.12/site-packages/airflow/example_dags/example_skip_dag.py
[2025-03-15T07:26:41.137+0000] {processor.py:925} INFO - DAG(s) 'example_skip_dag' retrieved from /home/airflow/.local/lib/python3.12/site-packages/airflow/example_dags/example_skip_dag.py
[2025-03-15T07:26:41.163+0000] {logging_mixin.py:190} INFO - [2025-03-15T07:26:41.163+0000] {dag.py:3239} INFO - Sync 1 DAGs
[2025-03-15T07:26:41.192+0000] {logging_mixin.py:190} INFO - [2025-03-15T07:26:41.192+0000] {dag.py:4180} INFO - Setting next_dagrun for example_skip_dag to 2025-03-14 00:00:00+00:00, run_after=2025-03-15 00:00:00+00:00
[2025-03-15T07:26:41.212+0000] {processor.py:208} INFO - Processing /home/airflow/.local/lib/python3.12/site-packages/airflow/example_dags/example_skip_dag.py took 0.196 seconds
[2025-03-15T07:27:11.616+0000] {processor.py:186} INFO - Started process (PID=1948) to work on /home/airflow/.local/lib/python3.12/site-packages/airflow/example_dags/example_skip_dag.py
[2025-03-15T07:27:11.616+0000] {processor.py:914} INFO - Processing file /home/airflow/.local/lib/python3.12/site-packages/airflow/example_dags/example_skip_dag.py for tasks to queue
[2025-03-15T07:27:11.618+0000] {logging_mixin.py:190} INFO - [2025-03-15T07:27:11.618+0000] {dagbag.py:588} INFO - Filling up the DagBag from /home/airflow/.local/lib/python3.12/site-packages/airflow/example_dags/example_skip_dag.py
[2025-03-15T07:27:11.627+0000] {processor.py:925} INFO - DAG(s) 'example_skip_dag' retrieved from /home/airflow/.local/lib/python3.12/site-packages/airflow/example_dags/example_skip_dag.py
[2025-03-15T07:27:11.644+0000] {logging_mixin.py:190} INFO - [2025-03-15T07:27:11.644+0000] {dag.py:3239} INFO - Sync 1 DAGs
[2025-03-15T07:27:11.663+0000] {logging_mixin.py:190} INFO - [2025-03-15T07:27:11.663+0000] {dag.py:4180} INFO - Setting next_dagrun for example_skip_dag to 2025-03-14 00:00:00+00:00, run_after=2025-03-15 00:00:00+00:00
[2025-03-15T07:27:11.678+0000] {processor.py:208} INFO - Processing /home/airflow/.local/lib/python3.12/site-packages/airflow/example_dags/example_skip_dag.py took 0.067 seconds
[2025-03-15T07:27:41.869+0000] {processor.py:186} INFO - Started process (PID=2012) to work on /home/airflow/.local/lib/python3.12/site-packages/airflow/example_dags/example_skip_dag.py
[2025-03-15T07:27:41.875+0000] {processor.py:914} INFO - Processing file /home/airflow/.local/lib/python3.12/site-packages/airflow/example_dags/example_skip_dag.py for tasks to queue
[2025-03-15T07:27:41.878+0000] {logging_mixin.py:190} INFO - [2025-03-15T07:27:41.878+0000] {dagbag.py:588} INFO - Filling up the DagBag from /home/airflow/.local/lib/python3.12/site-packages/airflow/example_dags/example_skip_dag.py
[2025-03-15T07:27:41.888+0000] {processor.py:925} INFO - DAG(s) 'example_skip_dag' retrieved from /home/airflow/.local/lib/python3.12/site-packages/airflow/example_dags/example_skip_dag.py
[2025-03-15T07:27:41.912+0000] {logging_mixin.py:190} INFO - [2025-03-15T07:27:41.912+0000] {dag.py:3239} INFO - Sync 1 DAGs
[2025-03-15T07:27:41.930+0000] {logging_mixin.py:190} INFO - [2025-03-15T07:27:41.930+0000] {dag.py:4180} INFO - Setting next_dagrun for example_skip_dag to 2025-03-14 00:00:00+00:00, run_after=2025-03-15 00:00:00+00:00
[2025-03-15T07:27:41.945+0000] {processor.py:208} INFO - Processing /home/airflow/.local/lib/python3.12/site-packages/airflow/example_dags/example_skip_dag.py took 0.084 seconds
[2025-03-15T07:28:12.417+0000] {processor.py:186} INFO - Started process (PID=2076) to work on /home/airflow/.local/lib/python3.12/site-packages/airflow/example_dags/example_skip_dag.py
[2025-03-15T07:28:12.421+0000] {processor.py:914} INFO - Processing file /home/airflow/.local/lib/python3.12/site-packages/airflow/example_dags/example_skip_dag.py for tasks to queue
[2025-03-15T07:28:12.426+0000] {logging_mixin.py:190} INFO - [2025-03-15T07:28:12.425+0000] {dagbag.py:588} INFO - Filling up the DagBag from /home/airflow/.local/lib/python3.12/site-packages/airflow/example_dags/example_skip_dag.py
[2025-03-15T07:28:12.432+0000] {processor.py:925} INFO - DAG(s) 'example_skip_dag' retrieved from /home/airflow/.local/lib/python3.12/site-packages/airflow/example_dags/example_skip_dag.py
[2025-03-15T07:28:12.453+0000] {logging_mixin.py:190} INFO - [2025-03-15T07:28:12.453+0000] {dag.py:3239} INFO - Sync 1 DAGs
[2025-03-15T07:28:12.475+0000] {logging_mixin.py:190} INFO - [2025-03-15T07:28:12.474+0000] {dag.py:4180} INFO - Setting next_dagrun for example_skip_dag to 2025-03-14 00:00:00+00:00, run_after=2025-03-15 00:00:00+00:00
[2025-03-15T07:28:12.492+0000] {processor.py:208} INFO - Processing /home/airflow/.local/lib/python3.12/site-packages/airflow/example_dags/example_skip_dag.py took 0.082 seconds
[2025-03-15T07:28:42.640+0000] {processor.py:186} INFO - Started process (PID=2140) to work on /home/airflow/.local/lib/python3.12/site-packages/airflow/example_dags/example_skip_dag.py
[2025-03-15T07:28:42.644+0000] {processor.py:914} INFO - Processing file /home/airflow/.local/lib/python3.12/site-packages/airflow/example_dags/example_skip_dag.py for tasks to queue
[2025-03-15T07:28:42.647+0000] {logging_mixin.py:190} INFO - [2025-03-15T07:28:42.647+0000] {dagbag.py:588} INFO - Filling up the DagBag from /home/airflow/.local/lib/python3.12/site-packages/airflow/example_dags/example_skip_dag.py
[2025-03-15T07:28:42.658+0000] {processor.py:925} INFO - DAG(s) 'example_skip_dag' retrieved from /home/airflow/.local/lib/python3.12/site-packages/airflow/example_dags/example_skip_dag.py
[2025-03-15T07:28:42.680+0000] {logging_mixin.py:190} INFO - [2025-03-15T07:28:42.679+0000] {dag.py:3239} INFO - Sync 1 DAGs
[2025-03-15T07:28:42.702+0000] {logging_mixin.py:190} INFO - [2025-03-15T07:28:42.701+0000] {dag.py:4180} INFO - Setting next_dagrun for example_skip_dag to 2025-03-14 00:00:00+00:00, run_after=2025-03-15 00:00:00+00:00
[2025-03-15T07:28:42.720+0000] {processor.py:208} INFO - Processing /home/airflow/.local/lib/python3.12/site-packages/airflow/example_dags/example_skip_dag.py took 0.086 seconds
[2025-03-15T07:29:13.034+0000] {processor.py:186} INFO - Started process (PID=2204) to work on /home/airflow/.local/lib/python3.12/site-packages/airflow/example_dags/example_skip_dag.py
[2025-03-15T07:29:13.040+0000] {processor.py:914} INFO - Processing file /home/airflow/.local/lib/python3.12/site-packages/airflow/example_dags/example_skip_dag.py for tasks to queue
[2025-03-15T07:29:13.046+0000] {logging_mixin.py:190} INFO - [2025-03-15T07:29:13.045+0000] {dagbag.py:588} INFO - Filling up the DagBag from /home/airflow/.local/lib/python3.12/site-packages/airflow/example_dags/example_skip_dag.py
[2025-03-15T07:29:13.059+0000] {processor.py:925} INFO - DAG(s) 'example_skip_dag' retrieved from /home/airflow/.local/lib/python3.12/site-packages/airflow/example_dags/example_skip_dag.py
[2025-03-15T07:29:13.076+0000] {logging_mixin.py:190} INFO - [2025-03-15T07:29:13.076+0000] {dag.py:3239} INFO - Sync 1 DAGs
[2025-03-15T07:29:13.092+0000] {logging_mixin.py:190} INFO - [2025-03-15T07:29:13.092+0000] {dag.py:4180} INFO - Setting next_dagrun for example_skip_dag to 2025-03-14 00:00:00+00:00, run_after=2025-03-15 00:00:00+00:00
[2025-03-15T07:29:13.107+0000] {processor.py:208} INFO - Processing /home/airflow/.local/lib/python3.12/site-packages/airflow/example_dags/example_skip_dag.py took 0.082 seconds
[2025-03-15T07:29:43.368+0000] {processor.py:186} INFO - Started process (PID=2268) to work on /home/airflow/.local/lib/python3.12/site-packages/airflow/example_dags/example_skip_dag.py
[2025-03-15T07:29:43.374+0000] {processor.py:914} INFO - Processing file /home/airflow/.local/lib/python3.12/site-packages/airflow/example_dags/example_skip_dag.py for tasks to queue
[2025-03-15T07:29:43.380+0000] {logging_mixin.py:190} INFO - [2025-03-15T07:29:43.380+0000] {dagbag.py:588} INFO - Filling up the DagBag from /home/airflow/.local/lib/python3.12/site-packages/airflow/example_dags/example_skip_dag.py
[2025-03-15T07:29:43.391+0000] {processor.py:925} INFO - DAG(s) 'example_skip_dag' retrieved from /home/airflow/.local/lib/python3.12/site-packages/airflow/example_dags/example_skip_dag.py
[2025-03-15T07:29:43.499+0000] {logging_mixin.py:190} INFO - [2025-03-15T07:29:43.498+0000] {dag.py:3239} INFO - Sync 1 DAGs
[2025-03-15T07:29:43.523+0000] {logging_mixin.py:190} INFO - [2025-03-15T07:29:43.523+0000] {dag.py:4180} INFO - Setting next_dagrun for example_skip_dag to 2025-03-14 00:00:00+00:00, run_after=2025-03-15 00:00:00+00:00
[2025-03-15T07:29:43.543+0000] {processor.py:208} INFO - Processing /home/airflow/.local/lib/python3.12/site-packages/airflow/example_dags/example_skip_dag.py took 0.183 seconds
[2025-03-15T07:30:13.905+0000] {processor.py:186} INFO - Started process (PID=2332) to work on /home/airflow/.local/lib/python3.12/site-packages/airflow/example_dags/example_skip_dag.py
[2025-03-15T07:30:13.909+0000] {processor.py:914} INFO - Processing file /home/airflow/.local/lib/python3.12/site-packages/airflow/example_dags/example_skip_dag.py for tasks to queue
[2025-03-15T07:30:13.913+0000] {logging_mixin.py:190} INFO - [2025-03-15T07:30:13.913+0000] {dagbag.py:588} INFO - Filling up the DagBag from /home/airflow/.local/lib/python3.12/site-packages/airflow/example_dags/example_skip_dag.py
[2025-03-15T07:30:13.919+0000] {processor.py:925} INFO - DAG(s) 'example_skip_dag' retrieved from /home/airflow/.local/lib/python3.12/site-packages/airflow/example_dags/example_skip_dag.py
[2025-03-15T07:30:13.941+0000] {logging_mixin.py:190} INFO - [2025-03-15T07:30:13.941+0000] {dag.py:3239} INFO - Sync 1 DAGs
[2025-03-15T07:30:13.970+0000] {logging_mixin.py:190} INFO - [2025-03-15T07:30:13.969+0000] {dag.py:4180} INFO - Setting next_dagrun for example_skip_dag to 2025-03-14 00:00:00+00:00, run_after=2025-03-15 00:00:00+00:00
[2025-03-15T07:30:13.985+0000] {processor.py:208} INFO - Processing /home/airflow/.local/lib/python3.12/site-packages/airflow/example_dags/example_skip_dag.py took 0.087 seconds
[2025-03-15T07:30:44.096+0000] {processor.py:186} INFO - Started process (PID=2396) to work on /home/airflow/.local/lib/python3.12/site-packages/airflow/example_dags/example_skip_dag.py
[2025-03-15T07:30:44.102+0000] {processor.py:914} INFO - Processing file /home/airflow/.local/lib/python3.12/site-packages/airflow/example_dags/example_skip_dag.py for tasks to queue
[2025-03-15T07:30:44.104+0000] {logging_mixin.py:190} INFO - [2025-03-15T07:30:44.104+0000] {dagbag.py:588} INFO - Filling up the DagBag from /home/airflow/.local/lib/python3.12/site-packages/airflow/example_dags/example_skip_dag.py
[2025-03-15T07:30:44.112+0000] {processor.py:925} INFO - DAG(s) 'example_skip_dag' retrieved from /home/airflow/.local/lib/python3.12/site-packages/airflow/example_dags/example_skip_dag.py
[2025-03-15T07:30:44.131+0000] {logging_mixin.py:190} INFO - [2025-03-15T07:30:44.131+0000] {dag.py:3239} INFO - Sync 1 DAGs
[2025-03-15T07:30:44.147+0000] {logging_mixin.py:190} INFO - [2025-03-15T07:30:44.147+0000] {dag.py:4180} INFO - Setting next_dagrun for example_skip_dag to 2025-03-14 00:00:00+00:00, run_after=2025-03-15 00:00:00+00:00
[2025-03-15T07:30:44.164+0000] {processor.py:208} INFO - Processing /home/airflow/.local/lib/python3.12/site-packages/airflow/example_dags/example_skip_dag.py took 0.075 seconds
[2025-03-15T07:31:14.251+0000] {processor.py:186} INFO - Started process (PID=2460) to work on /home/airflow/.local/lib/python3.12/site-packages/airflow/example_dags/example_skip_dag.py
[2025-03-15T07:31:14.252+0000] {processor.py:914} INFO - Processing file /home/airflow/.local/lib/python3.12/site-packages/airflow/example_dags/example_skip_dag.py for tasks to queue
[2025-03-15T07:31:14.255+0000] {logging_mixin.py:190} INFO - [2025-03-15T07:31:14.255+0000] {dagbag.py:588} INFO - Filling up the DagBag from /home/airflow/.local/lib/python3.12/site-packages/airflow/example_dags/example_skip_dag.py
[2025-03-15T07:31:14.266+0000] {processor.py:925} INFO - DAG(s) 'example_skip_dag' retrieved from /home/airflow/.local/lib/python3.12/site-packages/airflow/example_dags/example_skip_dag.py
[2025-03-15T07:31:14.284+0000] {logging_mixin.py:190} INFO - [2025-03-15T07:31:14.284+0000] {dag.py:3239} INFO - Sync 1 DAGs
[2025-03-15T07:31:14.298+0000] {logging_mixin.py:190} INFO - [2025-03-15T07:31:14.298+0000] {dag.py:4180} INFO - Setting next_dagrun for example_skip_dag to 2025-03-14 00:00:00+00:00, run_after=2025-03-15 00:00:00+00:00
[2025-03-15T07:31:14.311+0000] {processor.py:208} INFO - Processing /home/airflow/.local/lib/python3.12/site-packages/airflow/example_dags/example_skip_dag.py took 0.067 seconds
[2025-03-15T07:31:44.679+0000] {processor.py:186} INFO - Started process (PID=2524) to work on /home/airflow/.local/lib/python3.12/site-packages/airflow/example_dags/example_skip_dag.py
[2025-03-15T07:31:44.681+0000] {processor.py:914} INFO - Processing file /home/airflow/.local/lib/python3.12/site-packages/airflow/example_dags/example_skip_dag.py for tasks to queue
[2025-03-15T07:31:44.685+0000] {logging_mixin.py:190} INFO - [2025-03-15T07:31:44.684+0000] {dagbag.py:588} INFO - Filling up the DagBag from /home/airflow/.local/lib/python3.12/site-packages/airflow/example_dags/example_skip_dag.py
[2025-03-15T07:31:44.696+0000] {processor.py:925} INFO - DAG(s) 'example_skip_dag' retrieved from /home/airflow/.local/lib/python3.12/site-packages/airflow/example_dags/example_skip_dag.py
[2025-03-15T07:31:44.719+0000] {logging_mixin.py:190} INFO - [2025-03-15T07:31:44.719+0000] {dag.py:3239} INFO - Sync 1 DAGs
[2025-03-15T07:31:44.737+0000] {logging_mixin.py:190} INFO - [2025-03-15T07:31:44.737+0000] {dag.py:4180} INFO - Setting next_dagrun for example_skip_dag to 2025-03-14 00:00:00+00:00, run_after=2025-03-15 00:00:00+00:00
[2025-03-15T07:31:44.755+0000] {processor.py:208} INFO - Processing /home/airflow/.local/lib/python3.12/site-packages/airflow/example_dags/example_skip_dag.py took 0.085 seconds
[2025-03-15T07:32:14.965+0000] {processor.py:186} INFO - Started process (PID=2588) to work on /home/airflow/.local/lib/python3.12/site-packages/airflow/example_dags/example_skip_dag.py
[2025-03-15T07:32:14.972+0000] {processor.py:914} INFO - Processing file /home/airflow/.local/lib/python3.12/site-packages/airflow/example_dags/example_skip_dag.py for tasks to queue
[2025-03-15T07:32:14.975+0000] {logging_mixin.py:190} INFO - [2025-03-15T07:32:14.975+0000] {dagbag.py:588} INFO - Filling up the DagBag from /home/airflow/.local/lib/python3.12/site-packages/airflow/example_dags/example_skip_dag.py
[2025-03-15T07:32:14.982+0000] {processor.py:925} INFO - DAG(s) 'example_skip_dag' retrieved from /home/airflow/.local/lib/python3.12/site-packages/airflow/example_dags/example_skip_dag.py
[2025-03-15T07:32:14.997+0000] {logging_mixin.py:190} INFO - [2025-03-15T07:32:14.996+0000] {dag.py:3239} INFO - Sync 1 DAGs
[2025-03-15T07:32:15.008+0000] {logging_mixin.py:190} INFO - [2025-03-15T07:32:15.008+0000] {dag.py:4180} INFO - Setting next_dagrun for example_skip_dag to 2025-03-14 00:00:00+00:00, run_after=2025-03-15 00:00:00+00:00
[2025-03-15T07:32:15.022+0000] {processor.py:208} INFO - Processing /home/airflow/.local/lib/python3.12/site-packages/airflow/example_dags/example_skip_dag.py took 0.060 seconds
