[2025-03-15T07:11:58.457+0000] {processor.py:186} INFO - Started process (PID=65) to work on /home/airflow/.local/lib/python3.12/site-packages/airflow/example_dags/tutorial.py
[2025-03-15T07:11:58.458+0000] {processor.py:914} INFO - Processing file /home/airflow/.local/lib/python3.12/site-packages/airflow/example_dags/tutorial.py for tasks to queue
[2025-03-15T07:11:58.460+0000] {logging_mixin.py:190} INFO - [2025-03-15T07:11:58.460+0000] {dagbag.py:588} INFO - Filling up the DagBag from /home/airflow/.local/lib/python3.12/site-packages/airflow/example_dags/tutorial.py
[2025-03-15T07:11:58.467+0000] {processor.py:925} INFO - DAG(s) 'tutorial' retrieved from /home/airflow/.local/lib/python3.12/site-packages/airflow/example_dags/tutorial.py
[2025-03-15T07:11:58.482+0000] {logging_mixin.py:190} INFO - [2025-03-15T07:11:58.482+0000] {dag.py:3239} INFO - Sync 1 DAGs
[2025-03-15T07:11:58.506+0000] {logging_mixin.py:190} INFO - [2025-03-15T07:11:58.505+0000] {dag.py:4180} INFO - Setting next_dagrun for tutorial to 2025-03-14 00:00:00+00:00, run_after=2025-03-15 00:00:00+00:00
[2025-03-15T07:11:58.525+0000] {processor.py:208} INFO - Processing /home/airflow/.local/lib/python3.12/site-packages/airflow/example_dags/tutorial.py took 0.074 seconds
[2025-03-15T07:12:29.415+0000] {processor.py:186} INFO - Started process (PID=128) to work on /home/airflow/.local/lib/python3.12/site-packages/airflow/example_dags/tutorial.py
[2025-03-15T07:12:29.415+0000] {processor.py:914} INFO - Processing file /home/airflow/.local/lib/python3.12/site-packages/airflow/example_dags/tutorial.py for tasks to queue
[2025-03-15T07:12:29.417+0000] {logging_mixin.py:190} INFO - [2025-03-15T07:12:29.417+0000] {dagbag.py:588} INFO - Filling up the DagBag from /home/airflow/.local/lib/python3.12/site-packages/airflow/example_dags/tutorial.py
[2025-03-15T07:12:29.422+0000] {processor.py:925} INFO - DAG(s) 'tutorial' retrieved from /home/airflow/.local/lib/python3.12/site-packages/airflow/example_dags/tutorial.py
[2025-03-15T07:12:29.432+0000] {logging_mixin.py:190} INFO - [2025-03-15T07:12:29.432+0000] {dag.py:3239} INFO - Sync 1 DAGs
[2025-03-15T07:12:29.444+0000] {logging_mixin.py:190} INFO - [2025-03-15T07:12:29.444+0000] {dag.py:4180} INFO - Setting next_dagrun for tutorial to 2025-03-14 00:00:00+00:00, run_after=2025-03-15 00:00:00+00:00
[2025-03-15T07:12:29.453+0000] {processor.py:208} INFO - Processing /home/airflow/.local/lib/python3.12/site-packages/airflow/example_dags/tutorial.py took 0.041 seconds
[2025-03-15T07:12:59.885+0000] {processor.py:186} INFO - Started process (PID=189) to work on /home/airflow/.local/lib/python3.12/site-packages/airflow/example_dags/tutorial.py
[2025-03-15T07:12:59.887+0000] {processor.py:914} INFO - Processing file /home/airflow/.local/lib/python3.12/site-packages/airflow/example_dags/tutorial.py for tasks to queue
[2025-03-15T07:12:59.888+0000] {logging_mixin.py:190} INFO - [2025-03-15T07:12:59.888+0000] {dagbag.py:588} INFO - Filling up the DagBag from /home/airflow/.local/lib/python3.12/site-packages/airflow/example_dags/tutorial.py
[2025-03-15T07:12:59.893+0000] {processor.py:925} INFO - DAG(s) 'tutorial' retrieved from /home/airflow/.local/lib/python3.12/site-packages/airflow/example_dags/tutorial.py
[2025-03-15T07:12:59.909+0000] {logging_mixin.py:190} INFO - [2025-03-15T07:12:59.909+0000] {dag.py:3239} INFO - Sync 1 DAGs
[2025-03-15T07:12:59.923+0000] {logging_mixin.py:190} INFO - [2025-03-15T07:12:59.923+0000] {dag.py:4180} INFO - Setting next_dagrun for tutorial to 2025-03-14 00:00:00+00:00, run_after=2025-03-15 00:00:00+00:00
[2025-03-15T07:12:59.938+0000] {processor.py:208} INFO - Processing /home/airflow/.local/lib/python3.12/site-packages/airflow/example_dags/tutorial.py took 0.055 seconds
[2025-03-15T07:13:29.991+0000] {processor.py:186} INFO - Started process (PID=252) to work on /home/airflow/.local/lib/python3.12/site-packages/airflow/example_dags/tutorial.py
[2025-03-15T07:13:29.991+0000] {processor.py:914} INFO - Processing file /home/airflow/.local/lib/python3.12/site-packages/airflow/example_dags/tutorial.py for tasks to queue
[2025-03-15T07:13:29.992+0000] {logging_mixin.py:190} INFO - [2025-03-15T07:13:29.992+0000] {dagbag.py:588} INFO - Filling up the DagBag from /home/airflow/.local/lib/python3.12/site-packages/airflow/example_dags/tutorial.py
[2025-03-15T07:13:29.997+0000] {processor.py:925} INFO - DAG(s) 'tutorial' retrieved from /home/airflow/.local/lib/python3.12/site-packages/airflow/example_dags/tutorial.py
[2025-03-15T07:13:30.007+0000] {logging_mixin.py:190} INFO - [2025-03-15T07:13:30.007+0000] {dag.py:3239} INFO - Sync 1 DAGs
[2025-03-15T07:13:30.019+0000] {logging_mixin.py:190} INFO - [2025-03-15T07:13:30.019+0000] {dag.py:4180} INFO - Setting next_dagrun for tutorial to 2025-03-14 00:00:00+00:00, run_after=2025-03-15 00:00:00+00:00
[2025-03-15T07:13:30.030+0000] {processor.py:208} INFO - Processing /home/airflow/.local/lib/python3.12/site-packages/airflow/example_dags/tutorial.py took 0.042 seconds
[2025-03-15T07:14:00.471+0000] {processor.py:186} INFO - Started process (PID=315) to work on /home/airflow/.local/lib/python3.12/site-packages/airflow/example_dags/tutorial.py
[2025-03-15T07:14:00.471+0000] {processor.py:914} INFO - Processing file /home/airflow/.local/lib/python3.12/site-packages/airflow/example_dags/tutorial.py for tasks to queue
[2025-03-15T07:14:00.473+0000] {logging_mixin.py:190} INFO - [2025-03-15T07:14:00.473+0000] {dagbag.py:588} INFO - Filling up the DagBag from /home/airflow/.local/lib/python3.12/site-packages/airflow/example_dags/tutorial.py
[2025-03-15T07:14:00.478+0000] {processor.py:925} INFO - DAG(s) 'tutorial' retrieved from /home/airflow/.local/lib/python3.12/site-packages/airflow/example_dags/tutorial.py
[2025-03-15T07:14:00.490+0000] {logging_mixin.py:190} INFO - [2025-03-15T07:14:00.489+0000] {dag.py:3239} INFO - Sync 1 DAGs
[2025-03-15T07:14:00.504+0000] {logging_mixin.py:190} INFO - [2025-03-15T07:14:00.504+0000] {dag.py:4180} INFO - Setting next_dagrun for tutorial to 2025-03-14 00:00:00+00:00, run_after=2025-03-15 00:00:00+00:00
[2025-03-15T07:14:00.517+0000] {processor.py:208} INFO - Processing /home/airflow/.local/lib/python3.12/site-packages/airflow/example_dags/tutorial.py took 0.049 seconds
[2025-03-15T07:14:31.702+0000] {processor.py:186} INFO - Started process (PID=384) to work on /home/airflow/.local/lib/python3.12/site-packages/airflow/example_dags/tutorial.py
[2025-03-15T07:14:31.712+0000] {processor.py:914} INFO - Processing file /home/airflow/.local/lib/python3.12/site-packages/airflow/example_dags/tutorial.py for tasks to queue
[2025-03-15T07:14:31.720+0000] {logging_mixin.py:190} INFO - [2025-03-15T07:14:31.720+0000] {dagbag.py:588} INFO - Filling up the DagBag from /home/airflow/.local/lib/python3.12/site-packages/airflow/example_dags/tutorial.py
[2025-03-15T07:14:31.736+0000] {processor.py:925} INFO - DAG(s) 'tutorial' retrieved from /home/airflow/.local/lib/python3.12/site-packages/airflow/example_dags/tutorial.py
[2025-03-15T07:14:31.751+0000] {logging_mixin.py:190} INFO - [2025-03-15T07:14:31.751+0000] {dag.py:3239} INFO - Sync 1 DAGs
[2025-03-15T07:14:31.768+0000] {logging_mixin.py:190} INFO - [2025-03-15T07:14:31.768+0000] {dag.py:4180} INFO - Setting next_dagrun for tutorial to 2025-03-14 00:00:00+00:00, run_after=2025-03-15 00:00:00+00:00
[2025-03-15T07:14:31.790+0000] {processor.py:208} INFO - Processing /home/airflow/.local/lib/python3.12/site-packages/airflow/example_dags/tutorial.py took 0.112 seconds
[2025-03-15T07:15:02.164+0000] {processor.py:186} INFO - Started process (PID=447) to work on /home/airflow/.local/lib/python3.12/site-packages/airflow/example_dags/tutorial.py
[2025-03-15T07:15:02.165+0000] {processor.py:914} INFO - Processing file /home/airflow/.local/lib/python3.12/site-packages/airflow/example_dags/tutorial.py for tasks to queue
[2025-03-15T07:15:02.166+0000] {logging_mixin.py:190} INFO - [2025-03-15T07:15:02.166+0000] {dagbag.py:588} INFO - Filling up the DagBag from /home/airflow/.local/lib/python3.12/site-packages/airflow/example_dags/tutorial.py
[2025-03-15T07:15:02.170+0000] {processor.py:925} INFO - DAG(s) 'tutorial' retrieved from /home/airflow/.local/lib/python3.12/site-packages/airflow/example_dags/tutorial.py
[2025-03-15T07:15:02.188+0000] {logging_mixin.py:190} INFO - [2025-03-15T07:15:02.188+0000] {dag.py:3239} INFO - Sync 1 DAGs
[2025-03-15T07:15:02.201+0000] {logging_mixin.py:190} INFO - [2025-03-15T07:15:02.201+0000] {dag.py:4180} INFO - Setting next_dagrun for tutorial to 2025-03-14 00:00:00+00:00, run_after=2025-03-15 00:00:00+00:00
[2025-03-15T07:15:02.212+0000] {processor.py:208} INFO - Processing /home/airflow/.local/lib/python3.12/site-packages/airflow/example_dags/tutorial.py took 0.051 seconds
[2025-03-15T07:15:33.092+0000] {processor.py:186} INFO - Started process (PID=510) to work on /home/airflow/.local/lib/python3.12/site-packages/airflow/example_dags/tutorial.py
[2025-03-15T07:15:33.093+0000] {processor.py:914} INFO - Processing file /home/airflow/.local/lib/python3.12/site-packages/airflow/example_dags/tutorial.py for tasks to queue
[2025-03-15T07:15:33.095+0000] {logging_mixin.py:190} INFO - [2025-03-15T07:15:33.095+0000] {dagbag.py:588} INFO - Filling up the DagBag from /home/airflow/.local/lib/python3.12/site-packages/airflow/example_dags/tutorial.py
[2025-03-15T07:15:33.100+0000] {processor.py:925} INFO - DAG(s) 'tutorial' retrieved from /home/airflow/.local/lib/python3.12/site-packages/airflow/example_dags/tutorial.py
[2025-03-15T07:15:33.112+0000] {logging_mixin.py:190} INFO - [2025-03-15T07:15:33.112+0000] {dag.py:3239} INFO - Sync 1 DAGs
[2025-03-15T07:15:33.126+0000] {logging_mixin.py:190} INFO - [2025-03-15T07:15:33.125+0000] {dag.py:4180} INFO - Setting next_dagrun for tutorial to 2025-03-14 00:00:00+00:00, run_after=2025-03-15 00:00:00+00:00
[2025-03-15T07:15:33.139+0000] {processor.py:208} INFO - Processing /home/airflow/.local/lib/python3.12/site-packages/airflow/example_dags/tutorial.py took 0.051 seconds
[2025-03-15T07:16:04.028+0000] {processor.py:186} INFO - Started process (PID=573) to work on /home/airflow/.local/lib/python3.12/site-packages/airflow/example_dags/tutorial.py
[2025-03-15T07:16:04.029+0000] {processor.py:914} INFO - Processing file /home/airflow/.local/lib/python3.12/site-packages/airflow/example_dags/tutorial.py for tasks to queue
[2025-03-15T07:16:04.031+0000] {logging_mixin.py:190} INFO - [2025-03-15T07:16:04.031+0000] {dagbag.py:588} INFO - Filling up the DagBag from /home/airflow/.local/lib/python3.12/site-packages/airflow/example_dags/tutorial.py
[2025-03-15T07:16:04.035+0000] {processor.py:925} INFO - DAG(s) 'tutorial' retrieved from /home/airflow/.local/lib/python3.12/site-packages/airflow/example_dags/tutorial.py
[2025-03-15T07:16:04.048+0000] {logging_mixin.py:190} INFO - [2025-03-15T07:16:04.048+0000] {dag.py:3239} INFO - Sync 1 DAGs
[2025-03-15T07:16:04.060+0000] {logging_mixin.py:190} INFO - [2025-03-15T07:16:04.060+0000] {dag.py:4180} INFO - Setting next_dagrun for tutorial to 2025-03-14 00:00:00+00:00, run_after=2025-03-15 00:00:00+00:00
[2025-03-15T07:16:04.073+0000] {processor.py:208} INFO - Processing /home/airflow/.local/lib/python3.12/site-packages/airflow/example_dags/tutorial.py took 0.049 seconds
[2025-03-15T07:16:34.918+0000] {processor.py:186} INFO - Started process (PID=635) to work on /home/airflow/.local/lib/python3.12/site-packages/airflow/example_dags/tutorial.py
[2025-03-15T07:16:34.922+0000] {processor.py:914} INFO - Processing file /home/airflow/.local/lib/python3.12/site-packages/airflow/example_dags/tutorial.py for tasks to queue
[2025-03-15T07:16:34.924+0000] {logging_mixin.py:190} INFO - [2025-03-15T07:16:34.924+0000] {dagbag.py:588} INFO - Filling up the DagBag from /home/airflow/.local/lib/python3.12/site-packages/airflow/example_dags/tutorial.py
[2025-03-15T07:16:34.930+0000] {processor.py:925} INFO - DAG(s) 'tutorial' retrieved from /home/airflow/.local/lib/python3.12/site-packages/airflow/example_dags/tutorial.py
[2025-03-15T07:16:34.942+0000] {logging_mixin.py:190} INFO - [2025-03-15T07:16:34.942+0000] {dag.py:3239} INFO - Sync 1 DAGs
[2025-03-15T07:16:34.954+0000] {logging_mixin.py:190} INFO - [2025-03-15T07:16:34.954+0000] {dag.py:4180} INFO - Setting next_dagrun for tutorial to 2025-03-14 00:00:00+00:00, run_after=2025-03-15 00:00:00+00:00
[2025-03-15T07:16:34.963+0000] {processor.py:208} INFO - Processing /home/airflow/.local/lib/python3.12/site-packages/airflow/example_dags/tutorial.py took 0.048 seconds
[2025-03-15T07:17:05.940+0000] {processor.py:186} INFO - Started process (PID=698) to work on /home/airflow/.local/lib/python3.12/site-packages/airflow/example_dags/tutorial.py
[2025-03-15T07:17:05.943+0000] {processor.py:914} INFO - Processing file /home/airflow/.local/lib/python3.12/site-packages/airflow/example_dags/tutorial.py for tasks to queue
[2025-03-15T07:17:05.946+0000] {logging_mixin.py:190} INFO - [2025-03-15T07:17:05.946+0000] {dagbag.py:588} INFO - Filling up the DagBag from /home/airflow/.local/lib/python3.12/site-packages/airflow/example_dags/tutorial.py
[2025-03-15T07:17:05.951+0000] {processor.py:925} INFO - DAG(s) 'tutorial' retrieved from /home/airflow/.local/lib/python3.12/site-packages/airflow/example_dags/tutorial.py
[2025-03-15T07:17:05.964+0000] {logging_mixin.py:190} INFO - [2025-03-15T07:17:05.964+0000] {dag.py:3239} INFO - Sync 1 DAGs
[2025-03-15T07:17:05.977+0000] {logging_mixin.py:190} INFO - [2025-03-15T07:17:05.977+0000] {dag.py:4180} INFO - Setting next_dagrun for tutorial to 2025-03-14 00:00:00+00:00, run_after=2025-03-15 00:00:00+00:00
[2025-03-15T07:17:05.988+0000] {processor.py:208} INFO - Processing /home/airflow/.local/lib/python3.12/site-packages/airflow/example_dags/tutorial.py took 0.051 seconds
[2025-03-15T07:17:36.097+0000] {processor.py:186} INFO - Started process (PID=761) to work on /home/airflow/.local/lib/python3.12/site-packages/airflow/example_dags/tutorial.py
[2025-03-15T07:17:36.099+0000] {processor.py:914} INFO - Processing file /home/airflow/.local/lib/python3.12/site-packages/airflow/example_dags/tutorial.py for tasks to queue
[2025-03-15T07:17:36.101+0000] {logging_mixin.py:190} INFO - [2025-03-15T07:17:36.101+0000] {dagbag.py:588} INFO - Filling up the DagBag from /home/airflow/.local/lib/python3.12/site-packages/airflow/example_dags/tutorial.py
[2025-03-15T07:17:36.106+0000] {processor.py:925} INFO - DAG(s) 'tutorial' retrieved from /home/airflow/.local/lib/python3.12/site-packages/airflow/example_dags/tutorial.py
[2025-03-15T07:17:36.118+0000] {logging_mixin.py:190} INFO - [2025-03-15T07:17:36.118+0000] {dag.py:3239} INFO - Sync 1 DAGs
[2025-03-15T07:17:36.131+0000] {logging_mixin.py:190} INFO - [2025-03-15T07:17:36.131+0000] {dag.py:4180} INFO - Setting next_dagrun for tutorial to 2025-03-14 00:00:00+00:00, run_after=2025-03-15 00:00:00+00:00
[2025-03-15T07:17:36.145+0000] {processor.py:208} INFO - Processing /home/airflow/.local/lib/python3.12/site-packages/airflow/example_dags/tutorial.py took 0.052 seconds
[2025-03-15T07:18:06.486+0000] {processor.py:186} INFO - Started process (PID=824) to work on /home/airflow/.local/lib/python3.12/site-packages/airflow/example_dags/tutorial.py
[2025-03-15T07:18:06.487+0000] {processor.py:914} INFO - Processing file /home/airflow/.local/lib/python3.12/site-packages/airflow/example_dags/tutorial.py for tasks to queue
[2025-03-15T07:18:06.488+0000] {logging_mixin.py:190} INFO - [2025-03-15T07:18:06.488+0000] {dagbag.py:588} INFO - Filling up the DagBag from /home/airflow/.local/lib/python3.12/site-packages/airflow/example_dags/tutorial.py
[2025-03-15T07:18:06.497+0000] {processor.py:925} INFO - DAG(s) 'tutorial' retrieved from /home/airflow/.local/lib/python3.12/site-packages/airflow/example_dags/tutorial.py
[2025-03-15T07:18:06.512+0000] {logging_mixin.py:190} INFO - [2025-03-15T07:18:06.512+0000] {dag.py:3239} INFO - Sync 1 DAGs
[2025-03-15T07:18:06.524+0000] {logging_mixin.py:190} INFO - [2025-03-15T07:18:06.524+0000] {dag.py:4180} INFO - Setting next_dagrun for tutorial to 2025-03-14 00:00:00+00:00, run_after=2025-03-15 00:00:00+00:00
[2025-03-15T07:18:06.534+0000] {processor.py:208} INFO - Processing /home/airflow/.local/lib/python3.12/site-packages/airflow/example_dags/tutorial.py took 0.051 seconds
[2025-03-15T07:18:36.597+0000] {processor.py:186} INFO - Started process (PID=887) to work on /home/airflow/.local/lib/python3.12/site-packages/airflow/example_dags/tutorial.py
[2025-03-15T07:18:36.598+0000] {processor.py:914} INFO - Processing file /home/airflow/.local/lib/python3.12/site-packages/airflow/example_dags/tutorial.py for tasks to queue
[2025-03-15T07:18:36.599+0000] {logging_mixin.py:190} INFO - [2025-03-15T07:18:36.599+0000] {dagbag.py:588} INFO - Filling up the DagBag from /home/airflow/.local/lib/python3.12/site-packages/airflow/example_dags/tutorial.py
[2025-03-15T07:18:36.603+0000] {processor.py:925} INFO - DAG(s) 'tutorial' retrieved from /home/airflow/.local/lib/python3.12/site-packages/airflow/example_dags/tutorial.py
[2025-03-15T07:18:36.614+0000] {logging_mixin.py:190} INFO - [2025-03-15T07:18:36.614+0000] {dag.py:3239} INFO - Sync 1 DAGs
[2025-03-15T07:18:36.625+0000] {logging_mixin.py:190} INFO - [2025-03-15T07:18:36.625+0000] {dag.py:4180} INFO - Setting next_dagrun for tutorial to 2025-03-14 00:00:00+00:00, run_after=2025-03-15 00:00:00+00:00
[2025-03-15T07:18:36.634+0000] {processor.py:208} INFO - Processing /home/airflow/.local/lib/python3.12/site-packages/airflow/example_dags/tutorial.py took 0.041 seconds
[2025-03-15T07:19:06.898+0000] {processor.py:186} INFO - Started process (PID=958) to work on /home/airflow/.local/lib/python3.12/site-packages/airflow/example_dags/tutorial.py
[2025-03-15T07:19:06.899+0000] {processor.py:914} INFO - Processing file /home/airflow/.local/lib/python3.12/site-packages/airflow/example_dags/tutorial.py for tasks to queue
[2025-03-15T07:19:06.901+0000] {logging_mixin.py:190} INFO - [2025-03-15T07:19:06.900+0000] {dagbag.py:588} INFO - Filling up the DagBag from /home/airflow/.local/lib/python3.12/site-packages/airflow/example_dags/tutorial.py
[2025-03-15T07:19:06.906+0000] {processor.py:925} INFO - DAG(s) 'tutorial' retrieved from /home/airflow/.local/lib/python3.12/site-packages/airflow/example_dags/tutorial.py
[2025-03-15T07:19:06.920+0000] {logging_mixin.py:190} INFO - [2025-03-15T07:19:06.920+0000] {dag.py:3239} INFO - Sync 1 DAGs
[2025-03-15T07:19:06.937+0000] {logging_mixin.py:190} INFO - [2025-03-15T07:19:06.937+0000] {dag.py:4180} INFO - Setting next_dagrun for tutorial to 2025-03-14 00:00:00+00:00, run_after=2025-03-15 00:00:00+00:00
[2025-03-15T07:19:06.947+0000] {processor.py:208} INFO - Processing /home/airflow/.local/lib/python3.12/site-packages/airflow/example_dags/tutorial.py took 0.053 seconds
[2025-03-15T07:19:37.853+0000] {processor.py:186} INFO - Started process (PID=1021) to work on /home/airflow/.local/lib/python3.12/site-packages/airflow/example_dags/tutorial.py
[2025-03-15T07:19:37.854+0000] {processor.py:914} INFO - Processing file /home/airflow/.local/lib/python3.12/site-packages/airflow/example_dags/tutorial.py for tasks to queue
[2025-03-15T07:19:37.855+0000] {logging_mixin.py:190} INFO - [2025-03-15T07:19:37.855+0000] {dagbag.py:588} INFO - Filling up the DagBag from /home/airflow/.local/lib/python3.12/site-packages/airflow/example_dags/tutorial.py
[2025-03-15T07:19:37.861+0000] {processor.py:925} INFO - DAG(s) 'tutorial' retrieved from /home/airflow/.local/lib/python3.12/site-packages/airflow/example_dags/tutorial.py
[2025-03-15T07:19:37.875+0000] {logging_mixin.py:190} INFO - [2025-03-15T07:19:37.875+0000] {dag.py:3239} INFO - Sync 1 DAGs
[2025-03-15T07:19:37.890+0000] {logging_mixin.py:190} INFO - [2025-03-15T07:19:37.890+0000] {dag.py:4180} INFO - Setting next_dagrun for tutorial to 2025-03-14 00:00:00+00:00, run_after=2025-03-15 00:00:00+00:00
[2025-03-15T07:19:37.905+0000] {processor.py:208} INFO - Processing /home/airflow/.local/lib/python3.12/site-packages/airflow/example_dags/tutorial.py took 0.056 seconds
[2025-03-15T07:20:08.113+0000] {processor.py:186} INFO - Started process (PID=1084) to work on /home/airflow/.local/lib/python3.12/site-packages/airflow/example_dags/tutorial.py
[2025-03-15T07:20:08.114+0000] {processor.py:914} INFO - Processing file /home/airflow/.local/lib/python3.12/site-packages/airflow/example_dags/tutorial.py for tasks to queue
[2025-03-15T07:20:08.117+0000] {logging_mixin.py:190} INFO - [2025-03-15T07:20:08.117+0000] {dagbag.py:588} INFO - Filling up the DagBag from /home/airflow/.local/lib/python3.12/site-packages/airflow/example_dags/tutorial.py
[2025-03-15T07:20:08.122+0000] {processor.py:925} INFO - DAG(s) 'tutorial' retrieved from /home/airflow/.local/lib/python3.12/site-packages/airflow/example_dags/tutorial.py
[2025-03-15T07:20:08.135+0000] {logging_mixin.py:190} INFO - [2025-03-15T07:20:08.135+0000] {dag.py:3239} INFO - Sync 1 DAGs
[2025-03-15T07:20:08.149+0000] {logging_mixin.py:190} INFO - [2025-03-15T07:20:08.149+0000] {dag.py:4180} INFO - Setting next_dagrun for tutorial to 2025-03-14 00:00:00+00:00, run_after=2025-03-15 00:00:00+00:00
[2025-03-15T07:20:08.163+0000] {processor.py:208} INFO - Processing /home/airflow/.local/lib/python3.12/site-packages/airflow/example_dags/tutorial.py took 0.054 seconds
[2025-03-15T07:20:38.205+0000] {processor.py:186} INFO - Started process (PID=1146) to work on /home/airflow/.local/lib/python3.12/site-packages/airflow/example_dags/tutorial.py
[2025-03-15T07:20:38.205+0000] {processor.py:914} INFO - Processing file /home/airflow/.local/lib/python3.12/site-packages/airflow/example_dags/tutorial.py for tasks to queue
[2025-03-15T07:20:38.206+0000] {logging_mixin.py:190} INFO - [2025-03-15T07:20:38.206+0000] {dagbag.py:588} INFO - Filling up the DagBag from /home/airflow/.local/lib/python3.12/site-packages/airflow/example_dags/tutorial.py
[2025-03-15T07:20:38.211+0000] {processor.py:925} INFO - DAG(s) 'tutorial' retrieved from /home/airflow/.local/lib/python3.12/site-packages/airflow/example_dags/tutorial.py
[2025-03-15T07:20:38.227+0000] {logging_mixin.py:190} INFO - [2025-03-15T07:20:38.227+0000] {dag.py:3239} INFO - Sync 1 DAGs
[2025-03-15T07:20:38.239+0000] {logging_mixin.py:190} INFO - [2025-03-15T07:20:38.239+0000] {dag.py:4180} INFO - Setting next_dagrun for tutorial to 2025-03-14 00:00:00+00:00, run_after=2025-03-15 00:00:00+00:00
[2025-03-15T07:20:38.253+0000] {processor.py:208} INFO - Processing /home/airflow/.local/lib/python3.12/site-packages/airflow/example_dags/tutorial.py took 0.052 seconds
[2025-03-15T07:21:08.766+0000] {processor.py:186} INFO - Started process (PID=1209) to work on /home/airflow/.local/lib/python3.12/site-packages/airflow/example_dags/tutorial.py
[2025-03-15T07:21:08.767+0000] {processor.py:914} INFO - Processing file /home/airflow/.local/lib/python3.12/site-packages/airflow/example_dags/tutorial.py for tasks to queue
[2025-03-15T07:21:08.768+0000] {logging_mixin.py:190} INFO - [2025-03-15T07:21:08.768+0000] {dagbag.py:588} INFO - Filling up the DagBag from /home/airflow/.local/lib/python3.12/site-packages/airflow/example_dags/tutorial.py
[2025-03-15T07:21:08.774+0000] {processor.py:925} INFO - DAG(s) 'tutorial' retrieved from /home/airflow/.local/lib/python3.12/site-packages/airflow/example_dags/tutorial.py
[2025-03-15T07:21:08.788+0000] {logging_mixin.py:190} INFO - [2025-03-15T07:21:08.787+0000] {dag.py:3239} INFO - Sync 1 DAGs
[2025-03-15T07:21:08.801+0000] {logging_mixin.py:190} INFO - [2025-03-15T07:21:08.801+0000] {dag.py:4180} INFO - Setting next_dagrun for tutorial to 2025-03-14 00:00:00+00:00, run_after=2025-03-15 00:00:00+00:00
[2025-03-15T07:21:08.813+0000] {processor.py:208} INFO - Processing /home/airflow/.local/lib/python3.12/site-packages/airflow/example_dags/tutorial.py took 0.051 seconds
[2025-03-15T07:21:39.001+0000] {processor.py:186} INFO - Started process (PID=1272) to work on /home/airflow/.local/lib/python3.12/site-packages/airflow/example_dags/tutorial.py
[2025-03-15T07:21:39.002+0000] {processor.py:914} INFO - Processing file /home/airflow/.local/lib/python3.12/site-packages/airflow/example_dags/tutorial.py for tasks to queue
[2025-03-15T07:21:39.003+0000] {logging_mixin.py:190} INFO - [2025-03-15T07:21:39.003+0000] {dagbag.py:588} INFO - Filling up the DagBag from /home/airflow/.local/lib/python3.12/site-packages/airflow/example_dags/tutorial.py
[2025-03-15T07:21:39.008+0000] {processor.py:925} INFO - DAG(s) 'tutorial' retrieved from /home/airflow/.local/lib/python3.12/site-packages/airflow/example_dags/tutorial.py
[2025-03-15T07:21:39.019+0000] {logging_mixin.py:190} INFO - [2025-03-15T07:21:39.018+0000] {dag.py:3239} INFO - Sync 1 DAGs
[2025-03-15T07:21:39.030+0000] {logging_mixin.py:190} INFO - [2025-03-15T07:21:39.030+0000] {dag.py:4180} INFO - Setting next_dagrun for tutorial to 2025-03-14 00:00:00+00:00, run_after=2025-03-15 00:00:00+00:00
[2025-03-15T07:21:39.040+0000] {processor.py:208} INFO - Processing /home/airflow/.local/lib/python3.12/site-packages/airflow/example_dags/tutorial.py took 0.042 seconds
[2025-03-15T07:22:09.261+0000] {processor.py:186} INFO - Started process (PID=1335) to work on /home/airflow/.local/lib/python3.12/site-packages/airflow/example_dags/tutorial.py
[2025-03-15T07:22:09.262+0000] {processor.py:914} INFO - Processing file /home/airflow/.local/lib/python3.12/site-packages/airflow/example_dags/tutorial.py for tasks to queue
[2025-03-15T07:22:09.263+0000] {logging_mixin.py:190} INFO - [2025-03-15T07:22:09.263+0000] {dagbag.py:588} INFO - Filling up the DagBag from /home/airflow/.local/lib/python3.12/site-packages/airflow/example_dags/tutorial.py
[2025-03-15T07:22:09.269+0000] {processor.py:925} INFO - DAG(s) 'tutorial' retrieved from /home/airflow/.local/lib/python3.12/site-packages/airflow/example_dags/tutorial.py
[2025-03-15T07:22:09.283+0000] {logging_mixin.py:190} INFO - [2025-03-15T07:22:09.282+0000] {dag.py:3239} INFO - Sync 1 DAGs
[2025-03-15T07:22:09.296+0000] {logging_mixin.py:190} INFO - [2025-03-15T07:22:09.295+0000] {dag.py:4180} INFO - Setting next_dagrun for tutorial to 2025-03-14 00:00:00+00:00, run_after=2025-03-15 00:00:00+00:00
[2025-03-15T07:22:09.307+0000] {processor.py:208} INFO - Processing /home/airflow/.local/lib/python3.12/site-packages/airflow/example_dags/tutorial.py took 0.051 seconds
[2025-03-15T07:22:40.036+0000] {processor.py:186} INFO - Started process (PID=1398) to work on /home/airflow/.local/lib/python3.12/site-packages/airflow/example_dags/tutorial.py
[2025-03-15T07:22:40.038+0000] {processor.py:914} INFO - Processing file /home/airflow/.local/lib/python3.12/site-packages/airflow/example_dags/tutorial.py for tasks to queue
[2025-03-15T07:22:40.039+0000] {logging_mixin.py:190} INFO - [2025-03-15T07:22:40.039+0000] {dagbag.py:588} INFO - Filling up the DagBag from /home/airflow/.local/lib/python3.12/site-packages/airflow/example_dags/tutorial.py
[2025-03-15T07:22:40.044+0000] {processor.py:925} INFO - DAG(s) 'tutorial' retrieved from /home/airflow/.local/lib/python3.12/site-packages/airflow/example_dags/tutorial.py
[2025-03-15T07:22:40.055+0000] {logging_mixin.py:190} INFO - [2025-03-15T07:22:40.055+0000] {dag.py:3239} INFO - Sync 1 DAGs
[2025-03-15T07:22:40.067+0000] {logging_mixin.py:190} INFO - [2025-03-15T07:22:40.067+0000] {dag.py:4180} INFO - Setting next_dagrun for tutorial to 2025-03-14 00:00:00+00:00, run_after=2025-03-15 00:00:00+00:00
[2025-03-15T07:22:40.078+0000] {processor.py:208} INFO - Processing /home/airflow/.local/lib/python3.12/site-packages/airflow/example_dags/tutorial.py took 0.045 seconds
[2025-03-15T07:23:10.377+0000] {processor.py:186} INFO - Started process (PID=1461) to work on /home/airflow/.local/lib/python3.12/site-packages/airflow/example_dags/tutorial.py
[2025-03-15T07:23:10.377+0000] {processor.py:914} INFO - Processing file /home/airflow/.local/lib/python3.12/site-packages/airflow/example_dags/tutorial.py for tasks to queue
[2025-03-15T07:23:10.379+0000] {logging_mixin.py:190} INFO - [2025-03-15T07:23:10.379+0000] {dagbag.py:588} INFO - Filling up the DagBag from /home/airflow/.local/lib/python3.12/site-packages/airflow/example_dags/tutorial.py
[2025-03-15T07:23:10.384+0000] {processor.py:925} INFO - DAG(s) 'tutorial' retrieved from /home/airflow/.local/lib/python3.12/site-packages/airflow/example_dags/tutorial.py
[2025-03-15T07:23:10.398+0000] {logging_mixin.py:190} INFO - [2025-03-15T07:23:10.398+0000] {dag.py:3239} INFO - Sync 1 DAGs
[2025-03-15T07:23:10.413+0000] {logging_mixin.py:190} INFO - [2025-03-15T07:23:10.413+0000] {dag.py:4180} INFO - Setting next_dagrun for tutorial to 2025-03-14 00:00:00+00:00, run_after=2025-03-15 00:00:00+00:00
[2025-03-15T07:23:10.427+0000] {processor.py:208} INFO - Processing /home/airflow/.local/lib/python3.12/site-packages/airflow/example_dags/tutorial.py took 0.053 seconds
[2025-03-15T07:23:40.700+0000] {processor.py:186} INFO - Started process (PID=1524) to work on /home/airflow/.local/lib/python3.12/site-packages/airflow/example_dags/tutorial.py
[2025-03-15T07:23:40.701+0000] {processor.py:914} INFO - Processing file /home/airflow/.local/lib/python3.12/site-packages/airflow/example_dags/tutorial.py for tasks to queue
[2025-03-15T07:23:40.707+0000] {logging_mixin.py:190} INFO - [2025-03-15T07:23:40.707+0000] {dagbag.py:588} INFO - Filling up the DagBag from /home/airflow/.local/lib/python3.12/site-packages/airflow/example_dags/tutorial.py
[2025-03-15T07:23:40.712+0000] {processor.py:925} INFO - DAG(s) 'tutorial' retrieved from /home/airflow/.local/lib/python3.12/site-packages/airflow/example_dags/tutorial.py
[2025-03-15T07:23:40.732+0000] {logging_mixin.py:190} INFO - [2025-03-15T07:23:40.731+0000] {dag.py:3239} INFO - Sync 1 DAGs
[2025-03-15T07:23:40.749+0000] {logging_mixin.py:190} INFO - [2025-03-15T07:23:40.748+0000] {dag.py:4180} INFO - Setting next_dagrun for tutorial to 2025-03-14 00:00:00+00:00, run_after=2025-03-15 00:00:00+00:00
[2025-03-15T07:23:40.763+0000] {processor.py:208} INFO - Processing /home/airflow/.local/lib/python3.12/site-packages/airflow/example_dags/tutorial.py took 0.075 seconds
[2025-03-15T07:24:11.109+0000] {processor.py:186} INFO - Started process (PID=1587) to work on /home/airflow/.local/lib/python3.12/site-packages/airflow/example_dags/tutorial.py
[2025-03-15T07:24:11.110+0000] {processor.py:914} INFO - Processing file /home/airflow/.local/lib/python3.12/site-packages/airflow/example_dags/tutorial.py for tasks to queue
[2025-03-15T07:24:11.111+0000] {logging_mixin.py:190} INFO - [2025-03-15T07:24:11.111+0000] {dagbag.py:588} INFO - Filling up the DagBag from /home/airflow/.local/lib/python3.12/site-packages/airflow/example_dags/tutorial.py
[2025-03-15T07:24:11.116+0000] {processor.py:925} INFO - DAG(s) 'tutorial' retrieved from /home/airflow/.local/lib/python3.12/site-packages/airflow/example_dags/tutorial.py
[2025-03-15T07:24:11.126+0000] {logging_mixin.py:190} INFO - [2025-03-15T07:24:11.125+0000] {dag.py:3239} INFO - Sync 1 DAGs
[2025-03-15T07:24:11.136+0000] {logging_mixin.py:190} INFO - [2025-03-15T07:24:11.136+0000] {dag.py:4180} INFO - Setting next_dagrun for tutorial to 2025-03-14 00:00:00+00:00, run_after=2025-03-15 00:00:00+00:00
[2025-03-15T07:24:11.144+0000] {processor.py:208} INFO - Processing /home/airflow/.local/lib/python3.12/site-packages/airflow/example_dags/tutorial.py took 0.038 seconds
[2025-03-15T07:24:41.383+0000] {processor.py:186} INFO - Started process (PID=1650) to work on /home/airflow/.local/lib/python3.12/site-packages/airflow/example_dags/tutorial.py
[2025-03-15T07:24:41.386+0000] {processor.py:914} INFO - Processing file /home/airflow/.local/lib/python3.12/site-packages/airflow/example_dags/tutorial.py for tasks to queue
[2025-03-15T07:24:41.387+0000] {logging_mixin.py:190} INFO - [2025-03-15T07:24:41.387+0000] {dagbag.py:588} INFO - Filling up the DagBag from /home/airflow/.local/lib/python3.12/site-packages/airflow/example_dags/tutorial.py
[2025-03-15T07:24:41.392+0000] {processor.py:925} INFO - DAG(s) 'tutorial' retrieved from /home/airflow/.local/lib/python3.12/site-packages/airflow/example_dags/tutorial.py
[2025-03-15T07:24:41.411+0000] {logging_mixin.py:190} INFO - [2025-03-15T07:24:41.410+0000] {dag.py:3239} INFO - Sync 1 DAGs
[2025-03-15T07:24:41.424+0000] {logging_mixin.py:190} INFO - [2025-03-15T07:24:41.423+0000] {dag.py:4180} INFO - Setting next_dagrun for tutorial to 2025-03-14 00:00:00+00:00, run_after=2025-03-15 00:00:00+00:00
[2025-03-15T07:24:41.438+0000] {processor.py:208} INFO - Processing /home/airflow/.local/lib/python3.12/site-packages/airflow/example_dags/tutorial.py took 0.058 seconds
[2025-03-15T07:25:11.845+0000] {processor.py:186} INFO - Started process (PID=1712) to work on /home/airflow/.local/lib/python3.12/site-packages/airflow/example_dags/tutorial.py
[2025-03-15T07:25:11.846+0000] {processor.py:914} INFO - Processing file /home/airflow/.local/lib/python3.12/site-packages/airflow/example_dags/tutorial.py for tasks to queue
[2025-03-15T07:25:11.847+0000] {logging_mixin.py:190} INFO - [2025-03-15T07:25:11.847+0000] {dagbag.py:588} INFO - Filling up the DagBag from /home/airflow/.local/lib/python3.12/site-packages/airflow/example_dags/tutorial.py
[2025-03-15T07:25:11.852+0000] {processor.py:925} INFO - DAG(s) 'tutorial' retrieved from /home/airflow/.local/lib/python3.12/site-packages/airflow/example_dags/tutorial.py
[2025-03-15T07:25:11.867+0000] {logging_mixin.py:190} INFO - [2025-03-15T07:25:11.867+0000] {dag.py:3239} INFO - Sync 1 DAGs
[2025-03-15T07:25:11.880+0000] {logging_mixin.py:190} INFO - [2025-03-15T07:25:11.880+0000] {dag.py:4180} INFO - Setting next_dagrun for tutorial to 2025-03-14 00:00:00+00:00, run_after=2025-03-15 00:00:00+00:00
[2025-03-15T07:25:11.888+0000] {processor.py:208} INFO - Processing /home/airflow/.local/lib/python3.12/site-packages/airflow/example_dags/tutorial.py took 0.046 seconds
[2025-03-15T07:25:42.257+0000] {processor.py:186} INFO - Started process (PID=1775) to work on /home/airflow/.local/lib/python3.12/site-packages/airflow/example_dags/tutorial.py
[2025-03-15T07:25:42.258+0000] {processor.py:914} INFO - Processing file /home/airflow/.local/lib/python3.12/site-packages/airflow/example_dags/tutorial.py for tasks to queue
[2025-03-15T07:25:42.260+0000] {logging_mixin.py:190} INFO - [2025-03-15T07:25:42.259+0000] {dagbag.py:588} INFO - Filling up the DagBag from /home/airflow/.local/lib/python3.12/site-packages/airflow/example_dags/tutorial.py
[2025-03-15T07:25:42.264+0000] {processor.py:925} INFO - DAG(s) 'tutorial' retrieved from /home/airflow/.local/lib/python3.12/site-packages/airflow/example_dags/tutorial.py
[2025-03-15T07:25:42.277+0000] {logging_mixin.py:190} INFO - [2025-03-15T07:25:42.277+0000] {dag.py:3239} INFO - Sync 1 DAGs
[2025-03-15T07:25:42.291+0000] {logging_mixin.py:190} INFO - [2025-03-15T07:25:42.291+0000] {dag.py:4180} INFO - Setting next_dagrun for tutorial to 2025-03-14 00:00:00+00:00, run_after=2025-03-15 00:00:00+00:00
[2025-03-15T07:25:42.300+0000] {processor.py:208} INFO - Processing /home/airflow/.local/lib/python3.12/site-packages/airflow/example_dags/tutorial.py took 0.046 seconds
[2025-03-15T07:26:12.422+0000] {processor.py:186} INFO - Started process (PID=1837) to work on /home/airflow/.local/lib/python3.12/site-packages/airflow/example_dags/tutorial.py
[2025-03-15T07:26:12.426+0000] {processor.py:914} INFO - Processing file /home/airflow/.local/lib/python3.12/site-packages/airflow/example_dags/tutorial.py for tasks to queue
[2025-03-15T07:26:12.427+0000] {logging_mixin.py:190} INFO - [2025-03-15T07:26:12.427+0000] {dagbag.py:588} INFO - Filling up the DagBag from /home/airflow/.local/lib/python3.12/site-packages/airflow/example_dags/tutorial.py
[2025-03-15T07:26:12.432+0000] {processor.py:925} INFO - DAG(s) 'tutorial' retrieved from /home/airflow/.local/lib/python3.12/site-packages/airflow/example_dags/tutorial.py
[2025-03-15T07:26:12.452+0000] {logging_mixin.py:190} INFO - [2025-03-15T07:26:12.452+0000] {dag.py:3239} INFO - Sync 1 DAGs
[2025-03-15T07:26:12.464+0000] {logging_mixin.py:190} INFO - [2025-03-15T07:26:12.464+0000] {dag.py:4180} INFO - Setting next_dagrun for tutorial to 2025-03-14 00:00:00+00:00, run_after=2025-03-15 00:00:00+00:00
[2025-03-15T07:26:12.475+0000] {processor.py:208} INFO - Processing /home/airflow/.local/lib/python3.12/site-packages/airflow/example_dags/tutorial.py took 0.057 seconds
[2025-03-15T07:26:43.091+0000] {processor.py:186} INFO - Started process (PID=1900) to work on /home/airflow/.local/lib/python3.12/site-packages/airflow/example_dags/tutorial.py
[2025-03-15T07:26:43.091+0000] {processor.py:914} INFO - Processing file /home/airflow/.local/lib/python3.12/site-packages/airflow/example_dags/tutorial.py for tasks to queue
[2025-03-15T07:26:43.093+0000] {logging_mixin.py:190} INFO - [2025-03-15T07:26:43.092+0000] {dagbag.py:588} INFO - Filling up the DagBag from /home/airflow/.local/lib/python3.12/site-packages/airflow/example_dags/tutorial.py
[2025-03-15T07:26:43.097+0000] {processor.py:925} INFO - DAG(s) 'tutorial' retrieved from /home/airflow/.local/lib/python3.12/site-packages/airflow/example_dags/tutorial.py
[2025-03-15T07:26:43.116+0000] {logging_mixin.py:190} INFO - [2025-03-15T07:26:43.116+0000] {dag.py:3239} INFO - Sync 1 DAGs
[2025-03-15T07:26:43.135+0000] {logging_mixin.py:190} INFO - [2025-03-15T07:26:43.134+0000] {dag.py:4180} INFO - Setting next_dagrun for tutorial to 2025-03-14 00:00:00+00:00, run_after=2025-03-15 00:00:00+00:00
[2025-03-15T07:26:43.151+0000] {processor.py:208} INFO - Processing /home/airflow/.local/lib/python3.12/site-packages/airflow/example_dags/tutorial.py took 0.063 seconds
[2025-03-15T07:27:14.338+0000] {processor.py:186} INFO - Started process (PID=1964) to work on /home/airflow/.local/lib/python3.12/site-packages/airflow/example_dags/tutorial.py
[2025-03-15T07:27:14.339+0000] {processor.py:914} INFO - Processing file /home/airflow/.local/lib/python3.12/site-packages/airflow/example_dags/tutorial.py for tasks to queue
[2025-03-15T07:27:14.341+0000] {logging_mixin.py:190} INFO - [2025-03-15T07:27:14.340+0000] {dagbag.py:588} INFO - Filling up the DagBag from /home/airflow/.local/lib/python3.12/site-packages/airflow/example_dags/tutorial.py
[2025-03-15T07:27:14.345+0000] {processor.py:925} INFO - DAG(s) 'tutorial' retrieved from /home/airflow/.local/lib/python3.12/site-packages/airflow/example_dags/tutorial.py
[2025-03-15T07:27:14.356+0000] {logging_mixin.py:190} INFO - [2025-03-15T07:27:14.356+0000] {dag.py:3239} INFO - Sync 1 DAGs
[2025-03-15T07:27:14.370+0000] {logging_mixin.py:190} INFO - [2025-03-15T07:27:14.370+0000] {dag.py:4180} INFO - Setting next_dagrun for tutorial to 2025-03-14 00:00:00+00:00, run_after=2025-03-15 00:00:00+00:00
[2025-03-15T07:27:14.381+0000] {processor.py:208} INFO - Processing /home/airflow/.local/lib/python3.12/site-packages/airflow/example_dags/tutorial.py took 0.046 seconds
[2025-03-15T07:27:44.968+0000] {processor.py:186} INFO - Started process (PID=2028) to work on /home/airflow/.local/lib/python3.12/site-packages/airflow/example_dags/tutorial.py
[2025-03-15T07:27:44.968+0000] {processor.py:914} INFO - Processing file /home/airflow/.local/lib/python3.12/site-packages/airflow/example_dags/tutorial.py for tasks to queue
[2025-03-15T07:27:44.969+0000] {logging_mixin.py:190} INFO - [2025-03-15T07:27:44.969+0000] {dagbag.py:588} INFO - Filling up the DagBag from /home/airflow/.local/lib/python3.12/site-packages/airflow/example_dags/tutorial.py
[2025-03-15T07:27:44.974+0000] {processor.py:925} INFO - DAG(s) 'tutorial' retrieved from /home/airflow/.local/lib/python3.12/site-packages/airflow/example_dags/tutorial.py
[2025-03-15T07:27:44.992+0000] {logging_mixin.py:190} INFO - [2025-03-15T07:27:44.991+0000] {dag.py:3239} INFO - Sync 1 DAGs
[2025-03-15T07:27:45.014+0000] {logging_mixin.py:190} INFO - [2025-03-15T07:27:45.014+0000] {dag.py:4180} INFO - Setting next_dagrun for tutorial to 2025-03-14 00:00:00+00:00, run_after=2025-03-15 00:00:00+00:00
[2025-03-15T07:27:45.027+0000] {processor.py:208} INFO - Processing /home/airflow/.local/lib/python3.12/site-packages/airflow/example_dags/tutorial.py took 0.064 seconds
[2025-03-15T07:28:15.081+0000] {processor.py:186} INFO - Started process (PID=2092) to work on /home/airflow/.local/lib/python3.12/site-packages/airflow/example_dags/tutorial.py
[2025-03-15T07:28:15.083+0000] {processor.py:914} INFO - Processing file /home/airflow/.local/lib/python3.12/site-packages/airflow/example_dags/tutorial.py for tasks to queue
[2025-03-15T07:28:15.089+0000] {logging_mixin.py:190} INFO - [2025-03-15T07:28:15.089+0000] {dagbag.py:588} INFO - Filling up the DagBag from /home/airflow/.local/lib/python3.12/site-packages/airflow/example_dags/tutorial.py
[2025-03-15T07:28:15.095+0000] {processor.py:925} INFO - DAG(s) 'tutorial' retrieved from /home/airflow/.local/lib/python3.12/site-packages/airflow/example_dags/tutorial.py
[2025-03-15T07:28:15.117+0000] {logging_mixin.py:190} INFO - [2025-03-15T07:28:15.117+0000] {dag.py:3239} INFO - Sync 1 DAGs
[2025-03-15T07:28:15.132+0000] {logging_mixin.py:190} INFO - [2025-03-15T07:28:15.132+0000] {dag.py:4180} INFO - Setting next_dagrun for tutorial to 2025-03-14 00:00:00+00:00, run_after=2025-03-15 00:00:00+00:00
[2025-03-15T07:28:15.146+0000] {processor.py:208} INFO - Processing /home/airflow/.local/lib/python3.12/site-packages/airflow/example_dags/tutorial.py took 0.070 seconds
[2025-03-15T07:28:45.618+0000] {processor.py:186} INFO - Started process (PID=2156) to work on /home/airflow/.local/lib/python3.12/site-packages/airflow/example_dags/tutorial.py
[2025-03-15T07:28:45.623+0000] {processor.py:914} INFO - Processing file /home/airflow/.local/lib/python3.12/site-packages/airflow/example_dags/tutorial.py for tasks to queue
[2025-03-15T07:28:45.625+0000] {logging_mixin.py:190} INFO - [2025-03-15T07:28:45.624+0000] {dagbag.py:588} INFO - Filling up the DagBag from /home/airflow/.local/lib/python3.12/site-packages/airflow/example_dags/tutorial.py
[2025-03-15T07:28:45.630+0000] {processor.py:925} INFO - DAG(s) 'tutorial' retrieved from /home/airflow/.local/lib/python3.12/site-packages/airflow/example_dags/tutorial.py
[2025-03-15T07:28:45.646+0000] {logging_mixin.py:190} INFO - [2025-03-15T07:28:45.646+0000] {dag.py:3239} INFO - Sync 1 DAGs
[2025-03-15T07:28:45.659+0000] {logging_mixin.py:190} INFO - [2025-03-15T07:28:45.659+0000] {dag.py:4180} INFO - Setting next_dagrun for tutorial to 2025-03-14 00:00:00+00:00, run_after=2025-03-15 00:00:00+00:00
[2025-03-15T07:28:45.673+0000] {processor.py:208} INFO - Processing /home/airflow/.local/lib/python3.12/site-packages/airflow/example_dags/tutorial.py took 0.058 seconds
[2025-03-15T07:29:15.730+0000] {processor.py:186} INFO - Started process (PID=2220) to work on /home/airflow/.local/lib/python3.12/site-packages/airflow/example_dags/tutorial.py
[2025-03-15T07:29:15.734+0000] {processor.py:914} INFO - Processing file /home/airflow/.local/lib/python3.12/site-packages/airflow/example_dags/tutorial.py for tasks to queue
[2025-03-15T07:29:15.735+0000] {logging_mixin.py:190} INFO - [2025-03-15T07:29:15.735+0000] {dagbag.py:588} INFO - Filling up the DagBag from /home/airflow/.local/lib/python3.12/site-packages/airflow/example_dags/tutorial.py
[2025-03-15T07:29:15.740+0000] {processor.py:925} INFO - DAG(s) 'tutorial' retrieved from /home/airflow/.local/lib/python3.12/site-packages/airflow/example_dags/tutorial.py
[2025-03-15T07:29:15.757+0000] {logging_mixin.py:190} INFO - [2025-03-15T07:29:15.757+0000] {dag.py:3239} INFO - Sync 1 DAGs
[2025-03-15T07:29:15.768+0000] {logging_mixin.py:190} INFO - [2025-03-15T07:29:15.768+0000] {dag.py:4180} INFO - Setting next_dagrun for tutorial to 2025-03-14 00:00:00+00:00, run_after=2025-03-15 00:00:00+00:00
[2025-03-15T07:29:15.782+0000] {processor.py:208} INFO - Processing /home/airflow/.local/lib/python3.12/site-packages/airflow/example_dags/tutorial.py took 0.055 seconds
[2025-03-15T07:29:46.144+0000] {processor.py:186} INFO - Started process (PID=2284) to work on /home/airflow/.local/lib/python3.12/site-packages/airflow/example_dags/tutorial.py
[2025-03-15T07:29:46.145+0000] {processor.py:914} INFO - Processing file /home/airflow/.local/lib/python3.12/site-packages/airflow/example_dags/tutorial.py for tasks to queue
[2025-03-15T07:29:46.147+0000] {logging_mixin.py:190} INFO - [2025-03-15T07:29:46.147+0000] {dagbag.py:588} INFO - Filling up the DagBag from /home/airflow/.local/lib/python3.12/site-packages/airflow/example_dags/tutorial.py
[2025-03-15T07:29:46.156+0000] {processor.py:925} INFO - DAG(s) 'tutorial' retrieved from /home/airflow/.local/lib/python3.12/site-packages/airflow/example_dags/tutorial.py
[2025-03-15T07:29:46.180+0000] {logging_mixin.py:190} INFO - [2025-03-15T07:29:46.180+0000] {dag.py:3239} INFO - Sync 1 DAGs
[2025-03-15T07:29:46.202+0000] {logging_mixin.py:190} INFO - [2025-03-15T07:29:46.202+0000] {dag.py:4180} INFO - Setting next_dagrun for tutorial to 2025-03-14 00:00:00+00:00, run_after=2025-03-15 00:00:00+00:00
[2025-03-15T07:29:46.218+0000] {processor.py:208} INFO - Processing /home/airflow/.local/lib/python3.12/site-packages/airflow/example_dags/tutorial.py took 0.077 seconds
[2025-03-15T07:30:16.573+0000] {processor.py:186} INFO - Started process (PID=2348) to work on /home/airflow/.local/lib/python3.12/site-packages/airflow/example_dags/tutorial.py
[2025-03-15T07:30:16.573+0000] {processor.py:914} INFO - Processing file /home/airflow/.local/lib/python3.12/site-packages/airflow/example_dags/tutorial.py for tasks to queue
[2025-03-15T07:30:16.575+0000] {logging_mixin.py:190} INFO - [2025-03-15T07:30:16.575+0000] {dagbag.py:588} INFO - Filling up the DagBag from /home/airflow/.local/lib/python3.12/site-packages/airflow/example_dags/tutorial.py
[2025-03-15T07:30:16.580+0000] {processor.py:925} INFO - DAG(s) 'tutorial' retrieved from /home/airflow/.local/lib/python3.12/site-packages/airflow/example_dags/tutorial.py
[2025-03-15T07:30:16.596+0000] {logging_mixin.py:190} INFO - [2025-03-15T07:30:16.596+0000] {dag.py:3239} INFO - Sync 1 DAGs
[2025-03-15T07:30:16.608+0000] {logging_mixin.py:190} INFO - [2025-03-15T07:30:16.608+0000] {dag.py:4180} INFO - Setting next_dagrun for tutorial to 2025-03-14 00:00:00+00:00, run_after=2025-03-15 00:00:00+00:00
[2025-03-15T07:30:16.621+0000] {processor.py:208} INFO - Processing /home/airflow/.local/lib/python3.12/site-packages/airflow/example_dags/tutorial.py took 0.052 seconds
[2025-03-15T07:30:46.820+0000] {processor.py:186} INFO - Started process (PID=2412) to work on /home/airflow/.local/lib/python3.12/site-packages/airflow/example_dags/tutorial.py
[2025-03-15T07:30:46.821+0000] {processor.py:914} INFO - Processing file /home/airflow/.local/lib/python3.12/site-packages/airflow/example_dags/tutorial.py for tasks to queue
[2025-03-15T07:30:46.824+0000] {logging_mixin.py:190} INFO - [2025-03-15T07:30:46.824+0000] {dagbag.py:588} INFO - Filling up the DagBag from /home/airflow/.local/lib/python3.12/site-packages/airflow/example_dags/tutorial.py
[2025-03-15T07:30:46.830+0000] {processor.py:925} INFO - DAG(s) 'tutorial' retrieved from /home/airflow/.local/lib/python3.12/site-packages/airflow/example_dags/tutorial.py
[2025-03-15T07:30:46.842+0000] {logging_mixin.py:190} INFO - [2025-03-15T07:30:46.842+0000] {dag.py:3239} INFO - Sync 1 DAGs
[2025-03-15T07:30:46.857+0000] {logging_mixin.py:190} INFO - [2025-03-15T07:30:46.857+0000] {dag.py:4180} INFO - Setting next_dagrun for tutorial to 2025-03-14 00:00:00+00:00, run_after=2025-03-15 00:00:00+00:00
[2025-03-15T07:30:46.870+0000] {processor.py:208} INFO - Processing /home/airflow/.local/lib/python3.12/site-packages/airflow/example_dags/tutorial.py took 0.053 seconds
[2025-03-15T07:31:16.898+0000] {processor.py:186} INFO - Started process (PID=2476) to work on /home/airflow/.local/lib/python3.12/site-packages/airflow/example_dags/tutorial.py
[2025-03-15T07:31:16.899+0000] {processor.py:914} INFO - Processing file /home/airflow/.local/lib/python3.12/site-packages/airflow/example_dags/tutorial.py for tasks to queue
[2025-03-15T07:31:16.900+0000] {logging_mixin.py:190} INFO - [2025-03-15T07:31:16.900+0000] {dagbag.py:588} INFO - Filling up the DagBag from /home/airflow/.local/lib/python3.12/site-packages/airflow/example_dags/tutorial.py
[2025-03-15T07:31:16.905+0000] {processor.py:925} INFO - DAG(s) 'tutorial' retrieved from /home/airflow/.local/lib/python3.12/site-packages/airflow/example_dags/tutorial.py
[2025-03-15T07:31:16.920+0000] {logging_mixin.py:190} INFO - [2025-03-15T07:31:16.920+0000] {dag.py:3239} INFO - Sync 1 DAGs
[2025-03-15T07:31:16.938+0000] {logging_mixin.py:190} INFO - [2025-03-15T07:31:16.938+0000] {dag.py:4180} INFO - Setting next_dagrun for tutorial to 2025-03-14 00:00:00+00:00, run_after=2025-03-15 00:00:00+00:00
[2025-03-15T07:31:16.951+0000] {processor.py:208} INFO - Processing /home/airflow/.local/lib/python3.12/site-packages/airflow/example_dags/tutorial.py took 0.056 seconds
[2025-03-15T07:31:47.411+0000] {processor.py:186} INFO - Started process (PID=2540) to work on /home/airflow/.local/lib/python3.12/site-packages/airflow/example_dags/tutorial.py
[2025-03-15T07:31:47.411+0000] {processor.py:914} INFO - Processing file /home/airflow/.local/lib/python3.12/site-packages/airflow/example_dags/tutorial.py for tasks to queue
[2025-03-15T07:31:47.413+0000] {logging_mixin.py:190} INFO - [2025-03-15T07:31:47.412+0000] {dagbag.py:588} INFO - Filling up the DagBag from /home/airflow/.local/lib/python3.12/site-packages/airflow/example_dags/tutorial.py
[2025-03-15T07:31:47.418+0000] {processor.py:925} INFO - DAG(s) 'tutorial' retrieved from /home/airflow/.local/lib/python3.12/site-packages/airflow/example_dags/tutorial.py
[2025-03-15T07:31:47.430+0000] {logging_mixin.py:190} INFO - [2025-03-15T07:31:47.430+0000] {dag.py:3239} INFO - Sync 1 DAGs
[2025-03-15T07:31:47.442+0000] {logging_mixin.py:190} INFO - [2025-03-15T07:31:47.442+0000] {dag.py:4180} INFO - Setting next_dagrun for tutorial to 2025-03-14 00:00:00+00:00, run_after=2025-03-15 00:00:00+00:00
[2025-03-15T07:31:47.450+0000] {processor.py:208} INFO - Processing /home/airflow/.local/lib/python3.12/site-packages/airflow/example_dags/tutorial.py took 0.043 seconds
[2025-03-15T07:32:17.674+0000] {processor.py:186} INFO - Started process (PID=2604) to work on /home/airflow/.local/lib/python3.12/site-packages/airflow/example_dags/tutorial.py
[2025-03-15T07:32:17.677+0000] {processor.py:914} INFO - Processing file /home/airflow/.local/lib/python3.12/site-packages/airflow/example_dags/tutorial.py for tasks to queue
[2025-03-15T07:32:17.680+0000] {logging_mixin.py:190} INFO - [2025-03-15T07:32:17.680+0000] {dagbag.py:588} INFO - Filling up the DagBag from /home/airflow/.local/lib/python3.12/site-packages/airflow/example_dags/tutorial.py
[2025-03-15T07:32:17.685+0000] {processor.py:925} INFO - DAG(s) 'tutorial' retrieved from /home/airflow/.local/lib/python3.12/site-packages/airflow/example_dags/tutorial.py
[2025-03-15T07:32:17.700+0000] {logging_mixin.py:190} INFO - [2025-03-15T07:32:17.700+0000] {dag.py:3239} INFO - Sync 1 DAGs
[2025-03-15T07:32:17.713+0000] {logging_mixin.py:190} INFO - [2025-03-15T07:32:17.712+0000] {dag.py:4180} INFO - Setting next_dagrun for tutorial to 2025-03-14 00:00:00+00:00, run_after=2025-03-15 00:00:00+00:00
[2025-03-15T07:32:17.728+0000] {processor.py:208} INFO - Processing /home/airflow/.local/lib/python3.12/site-packages/airflow/example_dags/tutorial.py took 0.057 seconds
