[2025-03-15T07:39:29.552+0000] {local_task_job_runner.py:123} INFO - ::group::Pre task execution logs
[2025-03-15T07:39:29.564+0000] {taskinstance.py:2614} INFO - Dependencies all met for dep_context=non-requeueable deps ti=<TaskInstance: celery.c manual__2025-03-15T07:39:11.546058+00:00 [queued]>
[2025-03-15T07:39:29.569+0000] {taskinstance.py:2614} INFO - Dependencies all met for dep_context=requeueable deps ti=<TaskInstance: celery.c manual__2025-03-15T07:39:11.546058+00:00 [queued]>
[2025-03-15T07:39:29.569+0000] {taskinstance.py:2867} INFO - Starting attempt 1 of 1
[2025-03-15T07:39:29.578+0000] {taskinstance.py:2890} INFO - Executing <Task(_PythonDecoratedOperator): c> on 2025-03-15 07:39:11.546058+00:00
[2025-03-15T07:39:29.581+0000] {warnings.py:112} WARNING - /home/***/.local/lib/python3.12/site-packages/***/task/task_runner/standard_task_runner.py:70: DeprecationWarning: This process (pid=120) is multi-threaded, use of fork() may lead to deadlocks in the child.
  pid = os.fork()

[2025-03-15T07:39:29.582+0000] {standard_task_runner.py:72} INFO - Started process 123 to run task
[2025-03-15T07:39:29.582+0000] {standard_task_runner.py:104} INFO - Running: ['***', 'tasks', 'run', 'celery', 'c', 'manual__2025-03-15T07:39:11.546058+00:00', '--job-id', '10', '--raw', '--subdir', 'DAGS_FOLDER/celery.py', '--cfg-path', '/tmp/tmpag4wap3x']
[2025-03-15T07:39:29.585+0000] {standard_task_runner.py:105} INFO - Job 10: Subtask c
[2025-03-15T07:39:29.635+0000] {task_command.py:467} INFO - Running <TaskInstance: celery.c manual__2025-03-15T07:39:11.546058+00:00 [running]> on host 0b7830bae251
[2025-03-15T07:39:29.681+0000] {taskinstance.py:3134} INFO - Exporting env vars: AIRFLOW_CTX_DAG_OWNER='***' AIRFLOW_CTX_DAG_ID='celery' AIRFLOW_CTX_TASK_ID='c' AIRFLOW_CTX_EXECUTION_DATE='2025-03-15T07:39:11.546058+00:00' AIRFLOW_CTX_TRY_NUMBER='1' AIRFLOW_CTX_DAG_RUN_ID='manual__2025-03-15T07:39:11.546058+00:00'
[2025-03-15T07:39:29.681+0000] {taskinstance.py:732} INFO - ::endgroup::
[2025-03-15T07:39:29.683+0000] {logging_mixin.py:190} INFO - C
[2025-03-15T07:39:44.687+0000] {python.py:240} INFO - Done. Returned value was: None
[2025-03-15T07:39:44.718+0000] {taskinstance.py:341} INFO - ::group::Post task execution logs
[2025-03-15T07:39:44.719+0000] {taskinstance.py:353} INFO - Marking task as SUCCESS. dag_id=celery, task_id=c, run_id=manual__2025-03-15T07:39:11.546058+00:00, execution_date=20250315T073911, start_date=20250315T073929, end_date=20250315T073944
[2025-03-15T07:39:44.798+0000] {local_task_job_runner.py:266} INFO - Task exited with return code 0
[2025-03-15T07:39:44.811+0000] {taskinstance.py:3901} INFO - 0 downstream tasks scheduled from follow-on schedule check
[2025-03-15T07:39:44.812+0000] {local_task_job_runner.py:245} INFO - ::endgroup::
