[2025-03-15T07:44:05.504+0000] {local_task_job_runner.py:123} INFO - ::group::Pre task execution logs
[2025-03-15T07:44:05.515+0000] {taskinstance.py:2614} INFO - Dependencies all met for dep_context=non-requeueable deps ti=<TaskInstance: celery.a manual__2025-03-15T07:44:03.507527+00:00 [queued]>
[2025-03-15T07:44:05.519+0000] {taskinstance.py:2614} INFO - Dependencies all met for dep_context=requeueable deps ti=<TaskInstance: celery.a manual__2025-03-15T07:44:03.507527+00:00 [queued]>
[2025-03-15T07:44:05.520+0000] {taskinstance.py:2867} INFO - Starting attempt 1 of 1
[2025-03-15T07:44:05.526+0000] {taskinstance.py:2890} INFO - Executing <Task(_PythonDecoratedOperator): a> on 2025-03-15 07:44:03.507527+00:00
[2025-03-15T07:44:05.530+0000] {warnings.py:112} WARNING - /home/***/.local/lib/python3.12/site-packages/***/task/task_runner/standard_task_runner.py:70: DeprecationWarning: This process (pid=104) is multi-threaded, use of fork() may lead to deadlocks in the child.
  pid = os.fork()

[2025-03-15T07:44:05.531+0000] {standard_task_runner.py:72} INFO - Started process 105 to run task
[2025-03-15T07:44:05.532+0000] {standard_task_runner.py:104} INFO - Running: ['***', 'tasks', 'run', 'celery', 'a', 'manual__2025-03-15T07:44:03.507527+00:00', '--job-id', '15', '--raw', '--subdir', 'DAGS_FOLDER/celery.py', '--cfg-path', '/tmp/tmp10j03r9a']
[2025-03-15T07:44:05.533+0000] {standard_task_runner.py:105} INFO - Job 15: Subtask a
[2025-03-15T07:44:05.579+0000] {task_command.py:467} INFO - Running <TaskInstance: celery.a manual__2025-03-15T07:44:03.507527+00:00 [running]> on host 0b7830bae251
[2025-03-15T07:44:05.628+0000] {taskinstance.py:3134} INFO - Exporting env vars: AIRFLOW_CTX_DAG_OWNER='***' AIRFLOW_CTX_DAG_ID='celery' AIRFLOW_CTX_TASK_ID='a' AIRFLOW_CTX_EXECUTION_DATE='2025-03-15T07:44:03.507527+00:00' AIRFLOW_CTX_TRY_NUMBER='1' AIRFLOW_CTX_DAG_RUN_ID='manual__2025-03-15T07:44:03.507527+00:00'
[2025-03-15T07:44:05.628+0000] {taskinstance.py:732} INFO - ::endgroup::
[2025-03-15T07:44:05.630+0000] {logging_mixin.py:190} INFO - A
[2025-03-15T07:44:20.631+0000] {python.py:240} INFO - Done. Returned value was: None
[2025-03-15T07:44:20.641+0000] {taskinstance.py:341} INFO - ::group::Post task execution logs
[2025-03-15T07:44:20.641+0000] {taskinstance.py:353} INFO - Marking task as SUCCESS. dag_id=celery, task_id=a, run_id=manual__2025-03-15T07:44:03.507527+00:00, execution_date=20250315T074403, start_date=20250315T074405, end_date=20250315T074420
[2025-03-15T07:44:20.702+0000] {local_task_job_runner.py:266} INFO - Task exited with return code 0
[2025-03-15T07:44:20.723+0000] {taskinstance.py:3901} INFO - 3 downstream tasks scheduled from follow-on schedule check
[2025-03-15T07:44:20.724+0000] {local_task_job_runner.py:245} INFO - ::endgroup::
