[0m16:28:09.774260 [debug] [MainThread]: Sending event: {'category': 'dbt', 'action': 'invocation', 'label': 'start', 'context': [<snowplow_tracker.self_describing_json.SelfDescribingJson object at 0x000002022A9AB880>, <snowplow_tracker.self_describing_json.SelfDescribingJson object at 0x000002022D5887F0>, <snowplow_tracker.self_describing_json.SelfDescribingJson object at 0x000002022D588A30>]}


============================== 16:28:09.779462 | 45e6011e-dcd4-416e-8681-7a12458a06d4 ==============================
[0m16:28:09.779462 [info ] [MainThread]: Running with dbt=1.8.3
[0m16:28:09.780244 [debug] [MainThread]: running dbt with arguments {'printer_width': '80', 'indirect_selection': 'eager', 'log_cache_events': 'False', 'write_json': 'True', 'partial_parse': 'True', 'cache_selected_only': 'False', 'profiles_dir': 'C:\\Users\\garrett.becker\\.dbt', 'fail_fast': 'False', 'warn_error': 'None', 'log_path': 'logs', 'version_check': 'True', 'debug': 'False', 'use_colors': 'True', 'use_experimental_parser': 'False', 'empty': 'None', 'quiet': 'False', 'no_print': 'None', 'warn_error_options': 'WarnErrorOptions(include=[], exclude=[])', 'static_parser': 'True', 'invocation_command': 'dbt init ae-bootcamp', 'introspect': 'True', 'target_path': 'None', 'log_format': 'default', 'send_anonymous_usage_stats': 'True'}
[0m16:28:09.806552 [warn ] [MainThread]: [ConfigFolderDirectory]: Unable to parse dict {'dir': WindowsPath('C:/Users/garrett.becker/.dbt')}
[0m16:28:09.807524 [info ] [MainThread]: Creating dbt configuration folder at 
[0m16:28:51.935601 [debug] [MainThread]: Starter project path: C:\Users\garrett.becker\Documents\PersonalLearning\Udemy Courses\AnalyticsEngineeringBootcamp\NorthwindWarehouseProject\venv\lib\site-packages\dbt\include\starter_project
[0m16:28:52.016340 [info ] [MainThread]: 
Your new dbt project "analyticsengineeringbootcamp24" was created!

For more information on how to configure the profiles.yml file,
please consult the dbt documentation here:

  https://docs.getdbt.com/docs/configure-your-profile

One more thing:

Need help? Don't hesitate to reach out to us via GitHub issues or on Slack:

  https://community.getdbt.com/

Happy modeling!

[0m16:28:52.019335 [info ] [MainThread]: Setting up your profile.
[0m16:30:41.944271 [info ] [MainThread]: Profile analyticsengineeringbootcamp24 written to C:\Users\garrett.becker\.dbt\profiles.yml using target's profile_template.yml and your supplied values. Run 'dbt debug' to validate the connection.
[0m16:30:41.946268 [debug] [MainThread]: Command `dbt init` succeeded at 16:30:41.946268 after 152.28 seconds
[0m16:30:41.947262 [debug] [MainThread]: Sending event: {'category': 'dbt', 'action': 'invocation', 'label': 'end', 'context': [<snowplow_tracker.self_describing_json.SelfDescribingJson object at 0x000002022A9AB880>, <snowplow_tracker.self_describing_json.SelfDescribingJson object at 0x000002022D5887F0>, <snowplow_tracker.self_describing_json.SelfDescribingJson object at 0x000002022D5FC3A0>]}
[0m16:30:41.948259 [debug] [MainThread]: Flushing usage events
