[2025-03-15T07:44:21.615+0000] {local_task_job_runner.py:123} INFO - ::group::Pre task execution logs
[2025-03-15T07:44:21.630+0000] {taskinstance.py:2614} INFO - Dependencies all met for dep_context=non-requeueable deps ti=<TaskInstance: celery.c manual__2025-03-15T07:44:03.507527+00:00 [queued]>
[2025-03-15T07:44:21.637+0000] {taskinstance.py:2614} INFO - Dependencies all met for dep_context=requeueable deps ti=<TaskInstance: celery.c manual__2025-03-15T07:44:03.507527+00:00 [queued]>
[2025-03-15T07:44:21.639+0000] {taskinstance.py:2867} INFO - Starting attempt 1 of 1
[2025-03-15T07:44:21.646+0000] {taskinstance.py:2890} INFO - Executing <Task(_PythonDecoratedOperator): c> on 2025-03-15 07:44:03.507527+00:00
[2025-03-15T07:44:21.649+0000] {warnings.py:112} WARNING - /home/***/.local/lib/python3.12/site-packages/***/task/task_runner/standard_task_runner.py:70: DeprecationWarning: This process (pid=109) is multi-threaded, use of fork() may lead to deadlocks in the child.
  pid = os.fork()

[2025-03-15T07:44:21.650+0000] {standard_task_runner.py:72} INFO - Started process 112 to run task
[2025-03-15T07:44:21.651+0000] {standard_task_runner.py:104} INFO - Running: ['***', 'tasks', 'run', 'celery', 'c', 'manual__2025-03-15T07:44:03.507527+00:00', '--job-id', '17', '--raw', '--subdir', 'DAGS_FOLDER/celery.py', '--cfg-path', '/tmp/tmprxjutdh3']
[2025-03-15T07:44:21.652+0000] {standard_task_runner.py:105} INFO - Job 17: Subtask c
[2025-03-15T07:44:21.682+0000] {task_command.py:467} INFO - Running <TaskInstance: celery.c manual__2025-03-15T07:44:03.507527+00:00 [running]> on host 0b7830bae251
[2025-03-15T07:44:21.722+0000] {taskinstance.py:3134} INFO - Exporting env vars: AIRFLOW_CTX_DAG_OWNER='***' AIRFLOW_CTX_DAG_ID='celery' AIRFLOW_CTX_TASK_ID='c' AIRFLOW_CTX_EXECUTION_DATE='2025-03-15T07:44:03.507527+00:00' AIRFLOW_CTX_TRY_NUMBER='1' AIRFLOW_CTX_DAG_RUN_ID='manual__2025-03-15T07:44:03.507527+00:00'
[2025-03-15T07:44:21.723+0000] {taskinstance.py:732} INFO - ::endgroup::
[2025-03-15T07:44:21.724+0000] {logging_mixin.py:190} INFO - C
[2025-03-15T07:44:36.725+0000] {python.py:240} INFO - Done. Returned value was: None
[2025-03-15T07:44:36.731+0000] {taskinstance.py:341} INFO - ::group::Post task execution logs
[2025-03-15T07:44:36.732+0000] {taskinstance.py:353} INFO - Marking task as SUCCESS. dag_id=celery, task_id=c, run_id=manual__2025-03-15T07:44:03.507527+00:00, execution_date=20250315T074403, start_date=20250315T074421, end_date=20250315T074436
[2025-03-15T07:44:36.764+0000] {local_task_job_runner.py:266} INFO - Task exited with return code 0
[2025-03-15T07:44:36.775+0000] {taskinstance.py:3901} INFO - 0 downstream tasks scheduled from follow-on schedule check
[2025-03-15T07:44:36.776+0000] {local_task_job_runner.py:245} INFO - ::endgroup::
