[2025-03-15T07:39:29.671+0000] {local_task_job_runner.py:123} INFO - ::group::Pre task execution logs
[2025-03-15T07:39:29.684+0000] {taskinstance.py:2614} INFO - Dependencies all met for dep_context=non-requeueable deps ti=<TaskInstance: celery.d manual__2025-03-15T07:39:11.546058+00:00 [queued]>
[2025-03-15T07:39:29.690+0000] {taskinstance.py:2614} INFO - Dependencies all met for dep_context=requeueable deps ti=<TaskInstance: celery.d manual__2025-03-15T07:39:11.546058+00:00 [queued]>
[2025-03-15T07:39:29.690+0000] {taskinstance.py:2867} INFO - Starting attempt 1 of 1
[2025-03-15T07:39:29.698+0000] {taskinstance.py:2890} INFO - Executing <Task(_PythonDecoratedOperator): d> on 2025-03-15 07:39:11.546058+00:00
[2025-03-15T07:39:29.701+0000] {warnings.py:112} WARNING - /home/***/.local/lib/python3.12/site-packages/***/task/task_runner/standard_task_runner.py:70: DeprecationWarning: This process (pid=122) is multi-threaded, use of fork() may lead to deadlocks in the child.
  pid = os.fork()

[2025-03-15T07:39:29.702+0000] {standard_task_runner.py:72} INFO - Started process 127 to run task
[2025-03-15T07:39:29.702+0000] {standard_task_runner.py:104} INFO - Running: ['***', 'tasks', 'run', 'celery', 'd', 'manual__2025-03-15T07:39:11.546058+00:00', '--job-id', '12', '--raw', '--subdir', 'DAGS_FOLDER/celery.py', '--cfg-path', '/tmp/tmpfhuh2bt1']
[2025-03-15T07:39:29.703+0000] {standard_task_runner.py:105} INFO - Job 12: Subtask d
[2025-03-15T07:39:29.728+0000] {task_command.py:467} INFO - Running <TaskInstance: celery.d manual__2025-03-15T07:39:11.546058+00:00 [running]> on host 0b7830bae251
[2025-03-15T07:39:29.766+0000] {taskinstance.py:3134} INFO - Exporting env vars: AIRFLOW_CTX_DAG_OWNER='***' AIRFLOW_CTX_DAG_ID='celery' AIRFLOW_CTX_TASK_ID='d' AIRFLOW_CTX_EXECUTION_DATE='2025-03-15T07:39:11.546058+00:00' AIRFLOW_CTX_TRY_NUMBER='1' AIRFLOW_CTX_DAG_RUN_ID='manual__2025-03-15T07:39:11.546058+00:00'
[2025-03-15T07:39:29.767+0000] {taskinstance.py:732} INFO - ::endgroup::
[2025-03-15T07:39:29.768+0000] {logging_mixin.py:190} INFO - D
[2025-03-15T07:39:44.771+0000] {python.py:240} INFO - Done. Returned value was: None
[2025-03-15T07:39:44.790+0000] {taskinstance.py:341} INFO - ::group::Post task execution logs
[2025-03-15T07:39:44.790+0000] {taskinstance.py:353} INFO - Marking task as SUCCESS. dag_id=celery, task_id=d, run_id=manual__2025-03-15T07:39:11.546058+00:00, execution_date=20250315T073911, start_date=20250315T073929, end_date=20250315T073944
[2025-03-15T07:39:44.820+0000] {local_task_job_runner.py:266} INFO - Task exited with return code 0
[2025-03-15T07:39:44.837+0000] {taskinstance.py:3901} INFO - 0 downstream tasks scheduled from follow-on schedule check
[2025-03-15T07:39:44.838+0000] {local_task_job_runner.py:245} INFO - ::endgroup::
